SOURCELONG:Darwin's World 2nd Edition - Survivor's Guide (v2.5)	SOURCESHORT:DW2_SG	SOURCEWEB:http://www.rpgobjects.com/index.php?page=dw

###Block:DW2 Base Class
# Class Name			Hit Dice	Type			Abbreviation	Max Level	Subclass?		Define			Save checks bonus																Combat bonus			Modify VAR
CLASS:Post Apocalyptic Hero	HD:8		TYPE:Base.PC	ABB:PApoc		MAXLEVEL:10	HASSUBCLASS:NO	DEFINE:Reputation|0	BONUS:CHECKS|BASE.Fortitude|(CL+3)*2/5	BONUS:CHECKS|BASE.Reflex|(CL+3)*2/5	BONUS:CHECKS|BASE.Will|CL/3		BONUS:COMBAT|BAB|(CL*3/4)	BONUS:VAR|ClassDefense|(((CL+6)*2)/5)-1	BONUS:VAR|Reputation|CL/4
# Class Name			Skill Pts/Lvl	Class Skill
CLASS:Post Apocalyptic Hero	STARTSKILLPTS:5	CSKILL:Climb|Hide|Jump|Knowledge (Mutant Lore)|Knowledge (Ancient Lore)|Knowledge (Twisted Earth)|Listen|Move Silently|Navigate|Repair|Search|Spot|Survival
#
1	TEMPLATE:Starting Background	AUTO:FEAT|Simple Weapons Proficiency
#
1	BONUS:ABILITYPOOL|PA Hero Talent|(CL+1)/2	BONUS:VAR|Action|CL*5	BONUS:VAR|Action|floor((TL-MonsterLevel)/2*(TL-MonsterLevel)/2)|TYPE=NonStackingAP
2	BONUS:ABILITYPOOL|PA Hero Feat|CL/2

###Block:Modified MSRD Classes
CLASS:Strong.MOD
1	TEMPLATE:.CLEAR.Starting Benefits	TEMPLATE:.CLEAR.Occupation

CLASS:Fast.MOD
1	TEMPLATE:.CLEAR.Starting Benefits	TEMPLATE:.CLEAR.Occupation

CLASS:Tough.MOD
1	TEMPLATE:.CLEAR.Starting Benefits	TEMPLATE:.CLEAR.Occupation

CLASS:Smart.MOD		CSKILL:Knowledge (Ancient Lore)|Knowledge (Mutant Lore)|Knowledge (Twisted Earth)
1	TEMPLATE:.CLEAR.Starting Benefits	TEMPLATE:.CLEAR.Occupation

CLASS:Dedicated.MOD	CSKILL:Knowledge (Ancient Lore)|Knowledge (Mutant Lore)|Knowledge (Twisted Earth)
1	TEMPLATE:.CLEAR.Starting Benefits	TEMPLATE:.CLEAR.Occupation

CLASS:Charismatic.MOD	CSKILL:Knowledge (Ancient Lore)
1	TEMPLATE:.CLEAR.Starting Benefits	TEMPLATE:.CLEAR.Occupation
