###CLASSES

CLASS:Altherian Artificer	HD:6	TYPE:Base.PC	BONUS:COMBAT|BAB|CL*3/4	BONUS:CHECKS|BASE.Reflex,BASE.Will|CL/2+2	BONUS:CHECKS|BASE.Fortitude|CL/3	SOURCEPAGE:pg.21
CLASS:Altherian Artificer	STARTSKILLPTS:4	CSKILL:Concentration|TYPE.Craft|Decipher Script|Disable Device|Jump|TYPE.Knowledge|Listen|TYPE.Profession|Research|Ride|Search|Speak Language|Spellcraft|Spot|Swim|Use Magic Device|Use Psionic Device
CLASS:Altherian Artificer	BONUS:CASTERLEVEL|Altherian Artificer|CL	SPELLTYPE:Arcane	SPELLSTAT:INT	SPELLBOOK:YES	MEMORIZE:YES	KNOWNSPELLS:LEVEL=0
###Block Proficiencies
1	AUTO:FEAT|Simple Weapon Proficiency|Armor Proficiency (Light)|Shield Proficiency	AUTO:WEAPONPROF|Scimitar|Flintlock Pistol|Flintlock RIfle	

###Block: Abilities
1			ABILITY:Special Ability|AUTOMATIC|Altherian Craftsman|Sharp Intellect
2			ABILITY:Special Ability|AUTOMATIC|Dedication					BONUS:VAR|DedicationBonus|2
3			ABILITY:Special Ability|AUTOMATIC|Craft Clockwork Companion
4			ABILITY:Special Ability|AUTOMATIC|Trapfinding
5			ABILITY:Special Ability|AUTOMATIC|Exploit Flaw				BONUS:VAR|ExploitFlawBonus|2
6			
7			ABILITY:Special Ability|AUTOMATIC|Master Craftsman
8			BONUS:VAR|DedicationBonus|2		BONUS:ABILITYPOOL|Bonus Craft Feat|1
9			
10			BONUS:VAR|ExploitFlawBonus|2
11			ABILITY:Special Ability|AUTOMATIC|Forge Gears and Magic
12			BONUS:ABILITYPOOL|Bonus Craft Feat|1
13			ABILITY:Special Ability|AUTOMATIC|Eschew Requirements
14			BONUS:VAR|DedicationBonus|2
15			BONUS:VAR|ExploitFlawBonus|2
16			BONUS:ABILITYPOOL|Bonus Craft Feat|1
17			
18			
19			BONUS:VAR|ExploitFlawBonus|2
20			BONUS:VAR|DedicationBonus|2	BONUS:ABILITYPOOL|Bonus Craft Feat|1

###Block: Spellcaster
1		CAST:3,1
2		CAST:4,2
3		CAST:4,2,1
4		CAST:4,2,2
5		CAST:5,3,2,1
6		CAST:5,3,3,2
7		CAST:5,3,3,2,1
8		CAST:6,4,3,3,2
9		CAST:6,4,4,3,2,1
10		CAST:6,4,4,3,3,2
11		CAST:6,4,4,4,3,2,1
12		CAST:6,5,4,4,3,3,2
13		CAST:6,5,5,4,4,3,2
14		CAST:6,5,5,4,4,3,3
15		CAST:6,5,5,5,4,4,3
16		CAST:6,5,5,5,4,4,3
17		CAST:6,5,5,5,5,4,4
18		CAST:6,5,5,5,5,4,4
19		CAST:6,5,5,5,5,5,4
20		CAST:6,5,5,5,5,5,4


###Block: Hedge Mage ----------------------------------------------------------------------------------------
CLASS:Hedge Mage		HD:4	TYPE:Base.PC	BONUS:COMBAT|BAB|CL*1/2	BONUS:CHECKS|BASE.Will|CL/2+2	BONUS:CHECKS|BASE.Fortitude,BASE.Reflex|CL/3	SOURCEPAGE:pg.24
CLASS:Hedge Mage		STARTSKILLPTS:4	CSKILL:Bluff|TYPE.Craft|Diplomacy|Handle Animal|Heal|Knowledge (Local)|Knowledge (Nature)|Listen|TYPE.Perform|TYPE.Profession|Sense Motive|Spot|Survival|Use Magic Device
CLASS:Hedge Mage		BONUS:CASTERLEVEL|Hedge Mage|CL	SPELLTYPE:Divine	SPELLSTAT:WIS
CLASS:Hedge Mage		PRERACE:1,Human,Half-Hobgoblins
#
1	AUTO:WEAPONPROF|TYPE.Simple	AUTO:ARMORPROF|ARMORTYPE=Light
###Block: Level Progression
1		ABILITY:Special Ability|AUTOMATIC|Aura of Faith|Hedge Mage's Education
2		ABILITY:Special Ability|AUTOMATIC|Summon Familiar|Intution
3		ABILITY:Special Ability|AUTOMATIC|Poison Use
4		ABILITY:Special Ability|AUTOMATIC|Brew Potion
5		ABILITY:Special Ability|AUTOMATIC|Adaptable Magic			BONUS:ABILITYPOOL|Adaptable Magic Choice|CL/5
7		ABILITY:Special Ability|AUTOMATIC|Hedge Mage's Lore			BONUS:ABILITYPOOL|Hedge Mage Lore|1
10													BONUS:ABILITYPOOL|Hedge Mage Lore|1
13		ABILITY:Special Ability|AUTOMATIC|Circle Magic				BONUS:ABILITYPOOL|Hedge Mage Lore|1
16		ABILITY:Special Ability|AUTOMATIC|Hedge Mage's Lore (Greater)	BONUS:ABILITYPOOL|Hedge Mage Greater Lore|1
19													BONUS:ABILITYPOOL|Hedge Mage Greater Lore|1
20		ABILITY:Special Ability|AUTOMATIC|Circle Mastery
###Block: Spell Casting Progression
1	CAST:4,2				KNOWN:4,2
2	CAST:5,2				KNOWN:5,2
3	CAST:6,3,1				KNOWN:5,3,2
4	CAST:6,3,2				KNOWN:6,3,2
5	CAST:6,4,3,1			KNOWN:6,4,3,2
6	CAST:6,4,3,2			KNOWN:7,4,3,2
7	CAST:6,5,4,3,1			KNOWN:7,5,4,3,2
8	CAST:6,5,4,3,2			KNOWN:8,5,4,3,2
9	CAST:6,5,5,4,3,1			KNOWN:8,5,5,4,3,2
10	CAST:6,5,5,4,3,2			KNOWN:9,5,5,4,3,2
11	CAST:6,5,5,5,4,3,1		KNOWN:9,5,5,5,4,3,2
12	CAST:6,5,5,5,4,3,2		KNOWN:9,5,5,5,4,3,2
13	CAST:6,5,5,5,5,4,3,1		KNOWN:9,5,5,5,5,4,3,2
14	CAST:6,5,5,5,5,4,3,2		KNOWN:9,5,5,5,5,4,3,2
15	CAST:6,5,5,5,5,4,4,3,1		KNOWN:9,5,5,5,5,4,4,3,2
16	CAST:6,5,5,5,5,4,4,3,2		KNOWN:9,5,5,5,5,4,4,3,2
17	CAST:6,5,5,5,5,4,4,4,3,1	KNOWN:9,5,5,5,5,4,4,4,3,2
18	CAST:6,5,5,5,5,4,4,4,3,2	KNOWN:9,5,5,5,5,4,4,4,3,2
19	CAST:6,5,5,5,5,4,4,4,4,3	KNOWN:9,5,5,5,5,4,4,4,4,3
20	CAST:6,5,5,5,5,4,4,4,4,3	KNOWN:9,5,5,5,5,4,4,4,4,3


###Block: Shaman -----------------------------------------------------------------------------------------------------




1
2
3
4
5
6
7
8
9
10
11
12
13
14
15
16
17
18
19
20




















