# CVS $Revision$ $Author$ -- Fri May 24 12:28:16 2013 -- reformated by prettylst.pl v1.50 (build 19091)
SOURCELONG:Ultimate Equipment	SOURCESHORT:UE	SOURCEWEB:http://paizo.com/products/btpy8tmc?Pathfinder-Roleplaying-Game-Ultimate-Equipment	SOURCEDATE:2012-08

# ORIGINAL ENTRY: James Dempsey
# ORIGINAL ENTRY DATE: 7 July 2013

###Block: Specific Armor
# Equipment Name		Required Armor Proficiency			Type						Cost		Weight	AC Penalty Check	Modifier		Maximum DEX Bonus	Source, Long Desc.		Source, Short Desc.	Source Page		% of Spell Failure	Combat bonus
Breastplate of Vanishing	PROFICIENCY:ARMOR|Breastplate	BONUS:COMBAT|AC|6|TYPE=Armor	MAXDEX:3	ACCHECK:-4	SPELLFAILURE:25	COST:10200	EQMOD:MITHRAL_ARMR_MED.PLUS1A	TYPE:Armor.Magic.Medium.Suit.Specific.GreaterMedium	SOURCEPAGE:p.124	WT:15	
Catskin Leather	PROFICIENCY:ARMOR|Leather	BONUS:COMBAT|AC|2|TYPE=Armor	MAXDEX:6	ACCHECK:0	SPELLFAILURE:10	COST:14010	EQMOD:LEATHER.PLUS1A.SHDW	TYPE:Armor.Magic.Light.Suit.Specific.NonMetal.LesserMajor	SOURCEPAGE:p.125	WT:15	
Enchanted Eelskin	PROFICIENCY:ARMOR|Leather	BONUS:COMBAT|AC|2|TYPE=Armor	MAXDEX:6	ACCHECK:0	SPELLFAILURE:10	COST:6260	EQMOD:LEATHER.PLUS1A.SLK	TYPE:Armor.Magic.Light.Suit.Specific.NonMetal.GreaterMedium	SOURCEPAGE:p.126	WT:15	
Equestrian Plate	PROFICIENCY:ARMOR|Full Plate	BONUS:COMBAT|AC|9|TYPE=Armor	MAXDEX:1	ACCHECK:-6	SPELLFAILURE:35	COST:6500	EQMOD:STEEL.PLUS2A	TYPE:Armor.Magic.Heavy.Suit.Specific.GreaterMedium	SOURCEPAGE:p.126	WT:50	
Hamatula Hide	PROFICIENCY:ARMOR|Hide	BONUS:COMBAT|AC|4|TYPE=Armor	MAXDEX:4	ACCHECK:-3	SPELLFAILURE:20	COST:40015	EQMOD:PLUS2A.SPIKE_A	TYPE:Armor.Magic.Medium.Suit.Specific.NonMetal.GreaterMajor	SOURCEPAGE:p.127	WT:12	
Invincible Armor	PROFICIENCY:ARMOR|Full Plate	BONUS:COMBAT|AC|9|TYPE=Armor	MAXDEX:1	ACCHECK:-6	SPELLFAILURE:35	COST:101500	EQMOD:STEEL.PLUS2A.IMPRVS.FRT_MOD	TYPE:Armor.Magic.Heavy.Suit.Specific.GreaterMajor	SOURCEPAGE:p.127	WT:50	
Mail of Malevolence	PROFICIENCY:ARMOR|Chainmail	BONUS:COMBAT|AC|6|TYPE=Armor	MAXDEX:2	ACCHECK:-5	SPELLFAILURE:30	COST:30150	EQMOD:STEEL.PLUS2A.UNRGHTS	TYPE:Armor.Magic.Light.Suit.Specific.GreaterMajor	SOURCEPAGE:p.127	WT:40	
Morlock Hide	PROFICIENCY:ARMOR|Leather	BONUS:COMBAT|AC|2|TYPE=Armor	MAXDEX:6	ACCHECK:0	SPELLFAILURE:10	COST:4010	EQMOD:LEATHER.PLUS1A.SHDW	TYPE:Armor.Magic.Light.Suit.Specific.NonMetal.LesserMedium	SOURCEPAGE:p.128	WT:15	
Otyugh Hide	PROFICIENCY:ARMOR|Hide	BONUS:COMBAT|AC|4|TYPE=Armor	MAXDEX:4	ACCHECK:-3	SPELLFAILURE:20	COST:1415	EQMOD:PLUS1A	TYPE:Armor.Magic.Medium.Suit.Specific.NonMetal.GreaterMinor	SOURCEPAGE:p.128	WT:25	
Prismatic Plate	PROFICIENCY:ARMOR|Full Plate	BONUS:COMBAT|AC|9|TYPE=Armor	MAXDEX:1	ACCHECK:-6	SPELLFAILURE:35	COST:151500	EQMOD:STEEL.PLUS3A	TYPE:Armor.Magic.Heavy.Suit.Specific.GreaterMajor	SOURCEPAGE:p.128	WT:50	
Scarab Breastplate	PROFICIENCY:ARMOR|Breastplate	BONUS:COMBAT|AC|6|TYPE=Armor	MAXDEX:3	ACCHECK:-4	SPELLFAILURE:25	COST:23200	EQMOD:STEEL.PLUS3A	TYPE:Armor.Magic.Medium.Suit.Specific.GreaterMajor	SOURCEPAGE:p.129	WT:30	
Soothsayer's Raiment	PROFICIENCY:ARMOR|Chainmail	BONUS:COMBAT|AC|6|TYPE=Armor	MAXDEX:2	ACCHECK:-5	SPELLFAILURE:30	COST:9150	EQMOD:STEEL.PLUS1A	TYPE:Armor.Magic.Medium.Suit.Specific.GreaterMedium	SOURCEPAGE:p.129	WT:40	
Warden of The Woods	PROFICIENCY:ARMOR|Splint Mail	BONUS:COMBAT|AC|7|TYPE=Armor	MAXDEX:0	ACCHECK:-7	SPELLFAILURE:40	COST:19100	EQMOD:PLUS3A.GRNWD	TYPE:Armor.Magic.Heavy.Suit.Specific.GreaterMajor	SOURCEPAGE:p.129	WT:25	


###Block: Specific Armor from Core Rules and APG
# Equipment Name		Required Armor Proficiency			Type						Cost		Weight	AC Penalty Check	Modifier		Maximum DEX Bonus	Source, Long Desc.		Source, Short Desc.	Source Page		% of Spell Failure	Combat bonus
Adamantine Breastplate.MOD	TYPE:GreaterMedium	SOURCEPAGE:p.124	WT:30	SOURCELONG:Ultimate Equipment	SOURCESHORT:UE
Banded Mail of Luck.MOD	TYPE:LesserMajor	SOURCEPAGE:p.124	WT:35	SOURCELONG:Ultimate Equipment	SOURCESHORT:UE
Breastplate of Command.MOD	TYPE:GreaterMajor	SOURCEPAGE:p.124	WT:30	SOURCELONG:Ultimate Equipment	SOURCESHORT:UE
Celestial Armor.MOD	TYPE:LesserMajor	SOURCEPAGE:p.125	WT:20	SOURCELONG:Ultimate Equipment	SOURCESHORT:UE
Demon Armor.MOD	TYPE:GreaterMajor	SOURCEPAGE:p.125	WT:50	SOURCELONG:Ultimate Equipment	SOURCESHORT:UE
Dragonhide Plate.MOD	TYPE:GreaterMinor	SOURCEPAGE:p.126	WT:50	SOURCELONG:Ultimate Equipment	SOURCESHORT:UE
Dwarven Plate.MOD	TYPE:LesserMajor	SOURCEPAGE:p.126	WT:50	SOURCELONG:Ultimate Equipment	SOURCESHORT:UE
Elven Chain.MOD	TYPE:LesserMedium	SOURCEPAGE:p.126	WT:20	SOURCELONG:Ultimate Equipment	SOURCESHORT:UE
Mithral Full Plate of Speed.MOD	TYPE:GreaterMajor	SOURCEPAGE:p.128	WT:25	SOURCELONG:Ultimate Equipment	SOURCESHORT:UE
Mithral Shirt.MOD	TYPE:LesserMinor	SOURCEPAGE:p.128	WT:10	SOURCELONG:Ultimate Equipment	SOURCESHORT:UE
Plate Armor of the Deep.MOD	TYPE:LesserMajor	SOURCEPAGE:p.128	WT:50	SOURCELONG:Ultimate Equipment	SOURCESHORT:UE
Rhino Hide.MOD	TYPE:LesserMedium	SOURCEPAGE:p.129	WT:25	SOURCELONG:Ultimate Equipment	SOURCESHORT:UE
Armor of Insults.MOD	TYPE:LesserMajor	SOURCEPAGE:p.124	WT:20	SOURCELONG:Ultimate Equipment	SOURCESHORT:UE
Boneless Leather.MOD	TYPE:GreaterMedium	SOURCEPAGE:p.124	WT:15	SOURCELONG:Ultimate Equipment	SOURCESHORT:UE
Buccaneer's Breastplate.MOD	TYPE:LesserMajor	SOURCEPAGE:p.124	WT:30	SOURCELONG:Ultimate Equipment	SOURCESHORT:UE
Daystar Half-Plate.MOD	TYPE:GreaterMajor	SOURCEPAGE:p.125	WT:50	SOURCELONG:Ultimate Equipment	SOURCESHORT:UE
Folding Plate.MOD	TYPE:GreaterMedium	SOURCEPAGE:p.126	WT:50	SOURCELONG:Ultimate Equipment	SOURCESHORT:UE
Forsaken Banded Mail.MOD	TYPE:GreaterMajor	SOURCEPAGE:p.126	WT:35	SOURCELONG:Ultimate Equipment	SOURCESHORT:UE
Giant Hide (Cloud).MOD	TYPE:GreaterMajor	SOURCEPAGE:p.127	WT:25	SOURCELONG:Ultimate Equipment	SOURCESHORT:UE
Giant Hide (Fire).MOD	TYPE:GreaterMajor	SOURCEPAGE:p.127	WT:25	SOURCELONG:Ultimate Equipment	SOURCESHORT:UE
Giant Hide (Frost).MOD	TYPE:GreaterMajor	SOURCEPAGE:p.127	WT:25	SOURCELONG:Ultimate Equipment	SOURCESHORT:UE
Giant Hide (Hill).MOD	TYPE:GreaterMajor	SOURCEPAGE:p.127	WT:25	SOURCELONG:Ultimate Equipment	SOURCESHORT:UE
Giant Hide (Ogre).MOD	TYPE:GreaterMajor	SOURCEPAGE:p.127	WT:25	SOURCELONG:Ultimate Equipment	SOURCESHORT:UE
Giant Hide (Stone).MOD	TYPE:GreaterMajor	SOURCEPAGE:p.127	WT:25	SOURCELONG:Ultimate Equipment	SOURCESHORT:UE
Giant Hide (storm).MOD	TYPE:GreaterMajor	SOURCEPAGE:p.127	WT:25	SOURCELONG:Ultimate Equipment	SOURCESHORT:UE
Giant Hide (Troll).MOD	TYPE:GreaterMajor	SOURCEPAGE:p.127	WT:25	SOURCELONG:Ultimate Equipment	SOURCESHORT:UE
Mistmail.MOD	TYPE:GreaterMinor	SOURCEPAGE:p.127	WT:25	SOURCELONG:Ultimate Equipment	SOURCESHORT:UE
Murderer's Blackcloth.MOD	TYPE:GreaterMedium	SOURCEPAGE:p.128	WT:10	SOURCELONG:Ultimate Equipment	SOURCESHORT:UE
