# CVS $Revision: 17406 $ $Author: amaitland $ -- Wed Oct  3 12:18:29 2012 -- reformated by prettylst.pl v1.39 (build 16265)
SOURCELONG:Ultimate Equipment	SOURCESHORT:PFUE	SOURCEWEB:http://paizo.com/products/btpy8tmc?Pathfinder-Roleplaying-Game-Ultimate-Equipment	SOURCEDATE:2012-08
# Original Entry by: Stefan Radermacher

###Block: Magic Armor and Shield Special Abilities
# Modifier Name	Unique Key	Type		Cost		Visible		Source Page		Required Type			Special Property
Adhesive	KEY:ADHV	COST:7000	TYPE:Armor	VISIBLE:QUALIFY	PRETYPE:2,Enhancement,Armor		!PRETYPE:1,EQMOD=SLK,EQMOD=SLK_GRT,EQMOD=SLK_IMP	SOURCEPAGE:p.114	SPROP:On command for 10 rds/day, climb speed of 20 feet and +2 enhancement bonus on combat maneuver checks made to disarm, grapple, reposition, steal, or trip when the wearer is using a natural weapon or unarmed strike.	
Balanced	KEY:BAL	PLUS:1	TYPE:Armor	VISIBLE:QUALIFY	PREMULT:2,[PRETYPE:2,Enhancement,Armor],[PRETYPE:1,Light,Medium]	SOURCEPAGE:p.115	SPROP:+4 to CMD vs overrun or trip and on Acrobatics check made to maintain balance. Dropping prone is a move action instead of a free action.
Benevolent		KEY:BENE	TYPE:Armor	COST:2000	VISIBLE:QUALIFY	SOURCEPAGE:p.115	PRETYPE:2,Enhancement,Armor	SPROP:when using aid another action, grant armor's enhancement bonus to ally's AC
Bitter	KEY:BTTR	PLUS:1	TYPE:Armor	VISIBLE:QUALIFY	PRETYPE:2,Enhancement,Armor	SOURCEPAGE:p.115	SPROP:On grapple wearer with mouth, DC14 Fortitude save or immediately end grapple. On swallow wearer, DC14 Fortitude or become nauseated for 1 round.
Bolstering	KEY:BLSTR	PLUS:1	TYPE:Armor	VISIBLE:QUALIFY	PREMULT:2,[PRETYPE:1,Enhancement],[PRETYPE:1,Armor,Shield]	!PRETYPE:2,Armor,Light	!PRETYPE:2,Shield,Buckler	SOURCEPAGE:p.116	SPROP:+2 competence bonus on saving throws against abilities of creature hit in melee or ranged attack.
Brawling	KEY:BRWLG	PLUS:1	TYPE:Armor	VISIBLE:QUALIFY	PRETYPE:3,Enhancement,Armor,Light	SOURCEPAGE:p.116	SPROP:+2 bonus on unarmed attack and damage rolls, including combat maneuver checks made to grapple. Unarmed strikes bypass magic wpn DR.
Champion	KEY:CHAMP	PLUS:1	TYPE:Armor	VISIBLE:QUALIFY	PRETYPE:2,Enhancement,Armor	SOURCEPAGE:p.116	SPROP:+2 sacred bonus to AC against attacks from the chosen opponent.|PREABILITY:1,CATEGORY=Special Ability,Smite Evil,Challenge	
Clangorous	KEY:CLANG	PLUS:1	TYPE:Shield	VISIBLE:QUALIFY	PRETYPE:2,Enhancement,Shield	SOURCEPAGE:p.116	SPROP:When wearer hit, immediate action to create bang equivalent to a thunder stone. If hit was a critical, can instead create a sound burst (Fortitude DC 13 partial).	
Creeping	KEY:CREEP	COST:5000	TYPE:Armor	VISIBLE:QUALIFY	PRETYPE:2,Enhancement,Armor	SOURCEPAGE:p.116	SPROP:check penalty does nto apply to stealth. Once per day add enhancement bonus to stelath for 1 minute.
Dastard	KEY:DSTRD	PLUS:1	TYPE:Armor	VISIBLE:QUALIFY	PRETYPE:2,Enhancement,Armor	SOURCEPAGE:p.116	SPROP:+2 profane bonus to AC against attacks from the chosen opponent.|PREABILITY:1,CATEGORY=Special Ability,Smite Good,Challenge	
Deathless	KEY:DTHLS	PLUS:1	TYPE:Armor	VISIBLE:QUALIFY	PRETYPE:2,Enhancement,Armor	SOURCEPAGE:p.116	SPROP:Absorbs the first 10 points of positive or negative energy damage per attack. 25% chance to ignore negative levels	
Defiant	KEY:DFNT	PLUS:1	TYPE:Armor.Shield	VISIBLE:QUALIFY	PREMULT:2,[PRETYPE:1,Enhancement],[PRETYPE:1,Armor,Shield]	SOURCEPAGE:p.116	SPROP:+2 enhancement bonus and DR 2/- against %CHOICE	CHOOSE:STRING|Aberrations|Animals|Constructs|Dragons|Fey|Humanoids (Aquatic)|Humanoids (Dwarf)|Humanoids (Elf)|Humanoids (Giant)|Humanoids (Gnoll)|Humanoids (Gnome)|Humanoids (Goblinoid)|Humanoids (Halfling)|Humanoids (Human)|Humanoids (Reptilian)|Humanoids (Orc)|Magical Beasts|Monstrous Humanoids|Oozes|Outsiders (Air)|Outsiders (Chaotic)|Outsiders (Earth)|Outsiders (Evil)|Outsiders (Fire)|Outsiders (Good)|Outsiders (Lawful)|Outsiders (Water)|Plants|Undead|Vermin|TITLE=Designated Foe
Delving	KEY:DLVG	COST:10000	TYPE:Armor	VISIBLE:QUALIFY	PRETYPE:2,Enhancement,Armor	SOURCEPAGE:p.117	SPROP:burrow speed of 10 feet. +4 bonus on all saving throws against landslides, avalanches, tunnel collapses, and similar effects	
Determination	KEY:DTRMN	COST:30000	TYPE:Armor.Shield	VISIBLE:QUALIFY	PREMULT:2,[PRETYPE:1,Enhancement],[PRETYPE:1,Armor,Shield]	SOURCEPAGE:p.117	SPROP:Once per day, when the owner reaches 0 or fewer hit points, the item automatically provides a breath of life spell.
Expeditious	KEY:EXPED	COST:4000	TYPE:Armor	VISIBLE:QUALIFY	PRETYPE:2,Enhancement,Armor	SOURCEPAGE:p.118	SPROP:As swift action 3 /day, +10-foot enhancement bonus on all modes of movement for 1 round	
Grinding	KEY:GRNDG	PLUS:1	TYPE:Armor.Shield	VISIBLE:QUALIFY	PREMULT:2,[PRETYPE:1,Enhancement],[PRETYPE:1,Armor,Shield]	SOURCEPAGE:p.119	SPROP:Any successful grapple check against wearer causes enhancement bonus hp damage on attacker.
Harmonizing	KEY:HRMZG	COST:15000	TYPE:Armor	VISIBLE:QUALIFY	PRETYPE:2,Enhancement,Armor	SOURCEPAGE:p.119	SPROP:+5 competence bonus on Perform checks, but takes a -5 penalty on Stealth checks. Wearer vulnerable to sonic energy damage. Extra round of audible bardic performance abilities	
Hosteling	KEY:HSTL_A	COST:7500	TYPE:Armor.Shield	VISIBLE:QUALIFY	PRETYPE:2,Enhancement,Armor	SOURCEPAGE:p.119	SPROP:Stores bonded animal for up to 24 hours	
Impervious	KEY:IMPRVS	PLUS:1	TYPE:Armor.Shield	VISIBLE:QUALIFY	PREMULT:2,[PRETYPE:1,Enhancement],[PRETYPE:1,Armor,Shield]	SOURCEPAGE:p.119	SPROP:Double its enhancement bonus to hardness, hit points and break DC. Enhancement bonus to saves vs direct attacks on shield or armor	
Jousting	KEY:JSTNG	COST:3750	TYPE:Armor	VISIBLE:QUALIFY	PRETYPE:2,Enhancement,Armor	SOURCEPAGE:p.120	SPROP:+5 competence bonus on Ride skill checks.BONUS:SKILL|Ride|5|TYPE=Competence	
Martyring	KEY:MRTYG	COST:18000	TYPE:Armor	VISIBLE:QUALIFY	PRETYPE:2,Enhancement,Armor	SOURCEPAGE:p.120	SPROP:Once per day as an immediate action, when an enemy confirms a critical hit against someone wearing martyring armor, the wearer can heal up to nine allies within 30 feet as if using the mass cure light wounds spell (1d8+9 hit points each).
Merging	KEY:MTGG	PLUS:2	TYPE:Shield	VISIBLE:QUALIFY	PRETYPE:2,Enhancement,Shield	PRETYPE:1,Light,Heavy	SOURCEPAGE:p.120	SPROP:The wearer chooses each round whether to attack with the previously merged weapon or defend with the shield.	
Mirrored	KEY:MIRROR	PLUS:1	TYPE:Armor.Shield	VISIBLE:QUALIFY	PREMULT:3,[PRETYPE:1,Enhancement],[PRETYPE:1,Armor,Shield],[PRETYPE:1,Metal]	SOURCEPAGE:p.120	SPROP:When averting eyes, roll the miss chance twice, selecting the better result and can also deal sneak or precision damage. Add enhancement bonus to touch AC vs rays.	
Poison-resistant	KEY:PSN_RST	COST:2250	TYPE:Armor.Shield	VISIBLE:QUALIFY	PREMULT:2,[PRETYPE:1,Enhancement],[PRETYPE:1,Armor,Shield]	SOURCEPAGE:p.121	SPROP:+3 resistance bonus on saving throws against poison.
Putrid	KEY:PTRD	COST:10000	TYPE:Armor	VISIBLE:QUALIFY	PRETYPE:2,Enhancement,Armor	SOURCEPAGE:p.121	SPROP:Living creatures within 10 feet of the wearer must succeed at a DC 14 Fortitude save or be sickened for 5 rounds.
Radiant	KEY:RDNT	COST:7500	TYPE:Armor.Shield	VISIBLE:QUALIFY	PREMULT:2,[PRETYPE:1,Enhancement],[PRETYPE:1,Armor,Shield]	SOURCEPAGE:p.121	SPROP:Shines as brightly as a torch when worn. Once per day, can be brightened to the strength of a daylight spell for up to 1 hour.	ITYPE:Lightsource	
Rallying	KEY:RLYG	COST:5000	TYPE:Armor.Shield	VISIBLE:QUALIFY	PREMULT:2,[PRETYPE:1,Enhancement],[PRETYPE:1,Armor,Shield]	SOURCEPAGE:p.121	SPROP:Allies within 30 feet of the wearer gain a +4 morale bonus on saving throws against fear effects.
Ramming	KEY:RAMG	PLUS:1	TYPE:Shield	VISIBLE:QUALIFY	PRETYPE:2,Enhancement,Shield	SOURCEPAGE:p.121	SPROP:Add enhancement bonus to attack and damage for a shield bash as part of a charge. If it hits, can attempt bull rush as a swift action.
Righteous	KEY:RGHTS	COST:27000	TYPE:Armor	VISIBLE:QUALIFY	PRETYPE:2,Enhancement,Armor	SOURCEPAGE:p.121	SPROP:On command once per day can invoke an effect as per the spell righteous might.ABILITY:Special Ability|AUTOMATIC|Negative Levels|PREALIGN:LE,NE,CE	SPELLS:Innate|TIMES=1|CASTERLEVEL=10|Righteous Might
Spell storing	KEY:SPL_STO	PLUS:1	TYPE:Armor	VISIBLE:QUALIFY	PRETYPE:2,Enhancement,Armor	SOURCEPAGE:p.122	SPROP:Can store a single touch spell of up to 3rd level which can be cast as a swift action when wearer hit by melee  or melee touch attack.
Stanching	KEY:STNCHG	PLUS:1	TYPE:Armor	VISIBLE:QUALIFY	PRETYPE:2,Enhancement,Armor	SOURCEPAGE:p.122	SPROP:Reduces hit point damage, ability damage, or ability drain by an amount equal to its enhancement bonus if the damage or drain was from a bleed effect. The wearer also adds the armor’s enhancement bonus to Constitution checks to become stable.
Titanic	KEY:TTNC	PLUS:3	TYPE:Armor	VISIBLE:QUALIFY	PRETYPE:2,Enhancement,Armor	SOURCEPAGE:p.122	SPROP:Wearer is considered one size category larger for the purpose of using or being affected by special attacks that depend on size, such as swallow whole and trample. Once per day on command, the wearer can increase her size as if using enlarge person for 1 minute. Once per minute as a free action add the armor’s enhancement bonus to a single strength check or combat maneuver check, or to her CMD against a single combat maneuver. The armor check penalty of titanic armor is increased by an abilities amount equal to its enhancement bonus.
Unbound	KEY:UNBND	COST:27000	TYPE:Armor	VISIBLE:QUALIFY	PRETYPE:2,Enhancement,Armor	SOURCEPAGE:p.123	SPROP:On command once per day can invoke an effect as per the spell righteous might granting DR 5/lawful	ABILITY:Special Ability|AUTOMATIC|Negative Levels|PREALIGN:LE,LN,LG	SPELLS:Innate|TIMES=1|CASTERLEVEL=10|Righteous Might
Unrighteous	KEY:UNRGHTS	COST:27000	TYPE:Armor	VISIBLE:QUALIFY	PRETYPE:2,Enhancement,Armor	SOURCEPAGE:p.123	SPROP:On command once per day can invoke an effect as per the spell righteous might.ABILITY:Special Ability|AUTOMATIC|Negative Levels|PREALIGN:LG,NG,CG	SPELLS:Innate|TIMES=1|CASTERLEVEL=10|Righteous Might
Vigilant	KEY:VGLNT	COST:27000	TYPE:Armor	VISIBLE:QUALIFY	PRETYPE:2,Enhancement,Armor	SOURCEPAGE:p.123	SPROP:On command once per day can invoke an effect as per the spell righteous might granting DR 5/chaotic	ABILITY:Special Ability|AUTOMATIC|Negative Levels|PREALIGN:CE,CN,CG	SPELLS:Innate|TIMES=1|CASTERLEVEL=10|Righteous Might
Warding	KEY:WRDG	PLUS:1	TYPE:Armor	VISIBLE:QUALIFY	PRETYPE:2,Enhancement,Armor	SOURCEPAGE:p.123	SPROP:Once per day as an immediate action, the wearer of warding armor can activate it to end all active challenge, judgment, and smite abilities affecting her. Can be refreshed as a swift action by the wearer expending one of her own challenge, judgment, or smite abilities.
Wyrmsbreath (Acid)	KEY:WRMSB_A	COST:5000	TYPE:Shield	VISIBLE:QUALIFY	PRETYPE:2,Enhancement,Shield	SOURCEPAGE:p.123	SPROP:On command, the bearer can expend 1 to 5 charges from the shield to have it create a breath weapon in a 15 foot cone dealing 1d4 points of acid damage per charge expended (Reflex DC 11 half).
Wyrmsbreath (Cold)	KEY:WRMSB_C	COST:5000	TYPE:Shield	VISIBLE:QUALIFY	PRETYPE:2,Enhancement,Shield	SOURCEPAGE:p.123	SPROP:On command, the bearer can expend 1 to 5 charges from the shield to have it create a breath weapon in a 15 foot cone dealing 1d4 points of cold damage per charge expended (Reflex DC 11 half).
Wyrmsbreath (Electricity)	KEY:WRMSB_E	COST:5000	TYPE:Shield	VISIBLE:QUALIFY	PRETYPE:2,Enhancement,Shield	SOURCEPAGE:p.123	SPROP:On command, the bearer can expend 1 to 5 charges from the shield to have it create a breath weapon in a 15 foot cone dealing 1d4 points of electricity damage per charge expended (Reflex DC 11 half).
Wyrmsbreath (Fire)	KEY:WRMSB_F	COST:5000	TYPE:Shield	VISIBLE:QUALIFY	PRETYPE:2,Enhancement,Shield	SOURCEPAGE:p.123	SPROP:On command, the bearer can expend 1 to 5 charges from the shield to have it create a breath weapon in a 15 foot cone dealing 1d4 points of fire damage per charge expended (Reflex DC 11 half).


ANMATD.MOD	SOURCEPAGE:p.114	SOURCELONG:Ultimate Equipment	SOURCESHORT:UE	
ARW_CAT.MOD	SOURCEPAGE:p.115	SOURCELONG:Ultimate Equipment	SOURCESHORT:UE	
ARW_DEF.MOD	SOURCEPAGE:p.115	SOURCELONG:Ultimate Equipment	SOURCESHORT:UE	
BASH_H.MOD	SOURCEPAGE:p.115	SOURCELONG:Ultimate Equipment	SOURCESHORT:UE	
BASH_L.MOD	SOURCEPAGE:p.115	SOURCELONG:Ultimate Equipment	SOURCESHORT:UE	
BLIND.MOD	SOURCEPAGE:p.116	SOURCELONG:Ultimate Equipment	SOURCESHORT:UE	
ETHERE.MOD	SOURCEPAGE:p.118	SOURCELONG:Ultimate Equipment	SOURCESHORT:UE	
FRT_HVY.MOD	OUTPUTNAME:Heavy Fortification	SOURCEPAGE:p.118	SOURCELONG:Ultimate Equipment	SOURCESHORT:UE	
FRT_LGHT.MOD	OUTPUTNAME:Light Fortification	SOURCEPAGE:p.118	SOURCELONG:Ultimate Equipment	SOURCESHORT:UE	
FRT_MOD.MOD	OUTPUTNAME:Moderate Fortification	SOURCEPAGE:p.118	SOURCELONG:Ultimate Equipment	SOURCESHORT:UE	
GHOST_A.MOD	SOURCEPAGE:p.119	SOURCELONG:Ultimate Equipment	SOURCESHORT:UE	
GLAM.MOD	SOURCEPAGE:p.119	SOURCELONG:Ultimate Equipment	SOURCESHORT:UE	
INVULN.MOD	SOURCEPAGE:p.120	SOURCELONG:Ultimate Equipment	SOURCESHORT:UE	
REFLC.MOD	SOURCEPAGE:p.121	SOURCELONG:Ultimate Equipment	SOURCESHORT:UE	
SHDW.MOD	SOURCEPAGE:p.121	SOURCELONG:Ultimate Equipment	SOURCESHORT:UE	
SHDW_GRT.MOD	OUTPUTNAME:Greater Shadow	SOURCEPAGE:p.122	SOURCELONG:Ultimate Equipment	SOURCESHORT:UE	
SHDW_IMP.MOD	OUTPUTNAME:Improved Shadow	SOURCEPAGE:p.122	SOURCELONG:Ultimate Equipment	SOURCESHORT:UE	
SLK_GRT.MOD	OUTPUTNAME:Greater Slick	SOURCEPAGE:p.122	SOURCELONG:Ultimate Equipment	SOURCESHORT:UE	
SLK.MOD	SOURCEPAGE:p.122	SOURCELONG:Ultimate Equipment	SOURCESHORT:UE	
SLK_IMP.MOD	OUTPUTNAME:Improved Slick	SOURCEPAGE:p.122	SOURCELONG:Ultimate Equipment	SOURCESHORT:UE	
SPELL_RES_13.MOD	OUTPUTNAME:Spell Resistance (13)	SOURCEPAGE:p.122	SOURCELONG:Ultimate Equipment	SOURCESHORT:UE	
SPELL_RES_15.MOD	OUTPUTNAME:Spell Resistance (15)	SOURCEPAGE:p.122	SOURCELONG:Ultimate Equipment	SOURCESHORT:UE	
SPELL_RES_17.MOD	OUTPUTNAME:Spell resistance (17)	SOURCEPAGE:p.122	SOURCELONG:Ultimate Equipment	SOURCESHORT:UE	
SPELL_RES_19.MOD	OUTPUTNAME:Spell Resistance (19)	SOURCEPAGE:p.122	SOURCELONG:Ultimate Equipment	SOURCESHORT:UE	
UNDEAD.MOD	SOURCEPAGE:p.123	SOURCELONG:Ultimate Equipment	SOURCESHORT:UE	
WILD_A.MOD	SOURCEPAGE:p.123	SOURCELONG:Ultimate Equipment	SOURCESHORT:UE	
WILD_S.MOD	SOURCEPAGE:p.123	SOURCELONG:Ultimate Equipment	SOURCESHORT:UE	

#
# End
#
