# CVS $Revision: 14380 $ $Author: amaitland $ -- Fri Sep 28 11:29:47 2012 -- reformated by prettylst.pl v1.39 (build 16265)
SOURCELONG:Ultimate Equipment	SOURCESHORT:PFUE	SOURCEWEB:http://paizo.com/products/btpy8tmc?Pathfinder-Roleplaying-Game-Ultimate-Equipment	SOURCEDATE:2012-08
# Pathfinder RPG Entry by: Stefan Radermacher and Scott Meyer

###Block: Alchemical Remedies
Alchemical Grease.MOD		TYPE:Goods.Alchemical.Consumable		COST:5		WT:1		SOURCEPAGE:p.100		BONUS:SKILL|Escape Artist|5|TYPE=Alchemical		BONUS:VAR|CMD_Grapple|5|TYPE=Alchemical
Alchemist's Kindness		TYPE:Goods.Alchemical.Consumable		COST:1		SOURCEPAGE:p.100		SPROP:Eliminates the effects of a hangover.
Antiplague		TYPE:Goods.Alchemical.Consumable		COST:50		SOURCEPAGE:p.100		SPROP:Gain a +5 alchemical bonus on Fortitude saving throws against disease for the next hour. If already infected, you may also make two saving throws (without the +5 bonus) that day and use the better result.
Antitoxin		TYPE:Goods.Alchemical.Consumable		COST:50		SOURCEPAGE:p.100		SPROP:gain a +5 alchemical bonus on Fortitude saving throws against poison for 1 hour.
Bladeguard.MOD		TYPE:Goods.Alchemical.Consumable		COST:40		SOURCEPAGE:p.100		SPROP:Protects a weapon from harmful attacks made by oozes and rust monsters, as well as from similar effects that corrode or melt weapons, rendering the weapon immune for 24 hours.
Fire Ward Gel		TYPE:Goods.Alchemical.Consumable		COST:150		SOURCEPAGE:p.100		SPROP:Gain fire resistance 5 until 20 points of fire damage have been absorbed.
Frost Ward Gel		TYPE:Goods.Alchemical.Consumable		COST:150		SOURCEPAGE:p.100		SPROP:Gain cold resistance 5 until 20 points of cold damage have been absorbed.
Meditation Tea		TYPE:Goods.Alchemical.Consumable		COST:30		SOURCEPAGE:p.100		SPROP:For ten minutes after drinking gain a +2 alchemical bonus against mind affecting effects.
Padzahr		TYPE:Goods.Alchemical.Consumable		COST:80		SOURCEPAGE:p.100		SPROP:Resting 1 hour after drinking a vial heals 1 point of CON damage.
Smelling Salts.MOD		TYPE:Goods.Alchemical.Consumable		COST:25		SOURCEPAGE:p.101		SPROP:Grants new saving throw against unconscious or staggerd conditions. If dying, become conscious and staggered but still make stabilization checks each round.
Soothe Syrup.MOD		TYPE:Goods.Alchemical.Consumable		COST:25		WT:0.5		SOURCEPAGE:p.101		SPROP:Gain +5 alchemical bonus against nauseated or sickened conditions for 1 hour.
Soul Stimulant		TYPE:Goods.Alchemical.Consumable		COST:300		SOURCEPAGE:p.101		SPROP:Negates negative level penalties for 12 hours.
Troll Oil		TYPE:Goods.Alchemical.Consumable		COST:50		WT:1		SOURCEPAGE:p.101		SPROP:For 1 hour, automatically stabilize when reduced to negative hit points, gain 50% chance to end any bleed effect.
Twitch Tonic		TYPE:Goods.Alchemical.Consumable		COST:45		SOURCEPAGE:p.101		SPROP:Gain +2 alchemical bonus against sleep, paralysis and the staggered condition for 1 hour.
Vermin Repellent		TYPE:Goods.Alchemical.Consumable		COST:5		SOURCEPAGE:p.101		SPROP:Swarms of vermin smaller than Tiny must make a successful DC 15 Fortitude saving throwin order to enter your square.
Wismuth Salix		TYPE:Goods.Alchemical.Consumable		COST:30		SOURCEPAGE:p.101		SPROP:Gain +2 alchemical bonus against nauseated or sickened condition for 1 hour.

###Block: Alchemical Tools
# Equipment Name			Type						Cost		Weight	Source, Long Desc.		Source, Short Desc.	Source Page
Alchemical Cement			TYPE:Goods.Alchemical.Consumable	COST:5	WT:2											SOURCEPAGE:p.102
Alchemical Glue			TYPE:Goods.Alchemical.Consumable	COST:20	WT:0.5										SOURCEPAGE:p.102
Alchemical Glue Accelerant	TYPE:Goods.Alchemical.Consumable	COST:25												SOURCEPAGE:p.102
Alchemical Solvent		TYPE:Goods.Alchemical.Consumable	COST:20	WT:0.5										SOURCEPAGE:p.102
Armor Ointment			TYPE:Goods.Alchemical.Consumable	COST:30	WT:1											SOURCEPAGE:p.102
Blackfire Clay			TYPE:Goods.Alchemical.Consumable	COST:20	WT:10										SOURCEPAGE:p.102
Bloodblock.MOD				TYPE:Goods.Alchemical.Consumable	COST:25												SOURCEPAGE:p.102
Buoyant Balloon			TYPE:Goods.Alchemical.Consumable	COST:10	WT:1											SOURCEPAGE:p.102
Candlerod				TYPE:Goods.Alchemical.Consumable	COST:1	WT:1											SOURCEPAGE:p.102
Casting Plaster.MOD			TYPE:Goods.Alchemical.Consumable	COST:0.5	WT:5											SOURCEPAGE:p.103
Chill Cream				TYPE:Goods.Alchemical.Consumable	COST:15	WT:1											SOURCEPAGE:p.103
Defoliant				TYPE:Goods.Alchemical.Consumable	COST:30												SOURCEPAGE:p.103
Embalming Fluid			TYPE:Goods.Alchemical.Consumable	COST:50	WT:10										SOURCEPAGE:p.103
Foaming Powder			TYPE:Goods.Alchemical.Consumable	COST:10	WT:1											SOURCEPAGE:p.103
Glowing Ink				TYPE:Goods.Alchemical.Consumable	COST:5												SOURCEPAGE:p.104
Impact Foam				TYPE:Goods.Alchemical.Consumable	COST:25	WT:1											SOURCEPAGE:p.104
Invisible Ink (Simple)		TYPE:Goods.Alchemical.Consumable	COST:2												SOURCEPAGE:p.104
Invisible Ink (Average)		TYPE:Goods.Alchemical.Consumable	COST:10												SOURCEPAGE:p.104
Invisible Ink (Good)		TYPE:Goods.Alchemical.Consumable	COST:25												SOURCEPAGE:p.104
Invisible Ink (Superior)	TYPE:Goods.Alchemical.Consumable	COST:75												SOURCEPAGE:p.104
Light Detector.MOD			TYPE:Goods.Alchemical.Consumable	COST:1												SOURCEPAGE:p.104
Marker Dye				TYPE:Goods.Alchemical.Consumable	COST:15	WT:1											SOURCEPAGE:p.104
Mending Paste			TYPE:Goods.Alchemical.Consumable	COST:25	WT:0.5										SOURCEPAGE:p.104
Nushadir				TYPE:Goods.Alchemical.Consumable	COST:10	WT:1											SOURCEPAGE:p.104
Rusting Powder			TYPE:Goods.Alchemical.Consumable	COST:60												SOURCEPAGE:p.104
Scent Cloak				TYPE:Goods.Alchemical.Consumable	COST:20	WT:2											SOURCEPAGE:p.105
Smoke Pellet.MOD			TYPE:Goods.Alchemical.Consumable	COST:25												SOURCEPAGE:p.105
Smokestick.MOD									COST:20	WT:0.5	SOURCELONG:Ultimate Equipment	SOURCESHORT:UE		SOURCEPAGE:p.105
Sunrod.MOD										COST:2	WT:1		SOURCELONG:Ultimate Equipment	SOURCESHORT:UE		SOURCEPAGE:p.105
Tindertwig.MOD									COST:1			SOURCELONG:Ultimate Equipment	SOURCESHORT:UE		SOURCEPAGE:p.105
Water Purification Sponge	TYPE:Goods.Alchemical.Consumable	COST:25	WT:1											SOURCEPAGE:p.105
Weapon Blanch (Adamantine).MOD	TYPE:Goods.Alchemical.Consumable	COST:100	WT:0.5										SOURCEPAGE:p.105
Weapon Blanch (Cold Iron).MOD	TYPE:Goods.Alchemical.Consumable	COST:20	WT:0.5										SOURCEPAGE:p.105
Weapon Blanch (Silver).MOD		TYPE:Goods.Alchemical.Consumable	COST:5	WT:0.5										SOURCEPAGE:p.105

#Block: Alchemical Weapons
Liquid Blade		WIELD:OneHanded		PROFICIENCY:WEAPON|Sword (Short)		OUTPUTNAME:Liquid Blade		COST:40		DAMAGE:1d6		CRITMULT:x2		CRITRANGE:2		WT:2		SIZE:M		TYPE:Alchemical.Consumable.Weapon.Melee.Light.Finesseable.Martial.Standard.Piercing.Sword.Fragile		SPROP:Lasts for 10 minutes. Fragile.		SOURCEPAGE:p.108
Flame Fountain Firework		WIELD:OneHanded		PROFICIENCY:WEAPON|Mace (Heavy)		OUTPUTNAME:Flame Fountain Firework		COST:100		DAMAGE:1d8		CRITMULT:x2		CRITRANGE:1		SIZE:M		TYPE:Alchemical.Consumable.Weapon.Melee.OneHanded.Fire		SPROP:Attacks are melee touch attacks. Lasts 1 min. Move action to light fuse.		SOURCEPAGE:p.106
Acid (Flask).MOD		PROFICIENCY:WEAPON|Splash Weapon		COST:10		DAMAGE:1d6		CRITMULT:x2		CRITRANGE:1		RANGE:10		WT:1		SIZE:M		TYPE:Alchemical.Consumable.Weapon.Ranged.Thrown.Acid.Splash		SPROP:Every creature within 5 feet of the point where the acid hits takes 1 point of acid damage from the splash.		SOURCEPAGE:p.106
Alchemist's Fire (Flask).MOD		PROFICIENCY:WEAPON|Splash Weapon		COST:20		DAMAGE:1d6		CRITMULT:x2		CRITRANGE:1		RANGE:10		WT:1		SIZE:M		TYPE:Alchemical.Consumable.Weapon.Ranged.Thrown.Fire.Splash		SPROP:Every creature within 5 feet of the point where the flask hits takes 1 point of fire damage from the splash. On the round following a direct hit, the target takes an additional 1d6 points of damage.		SOURCEPAGE:p.106
Alkali (Flask).MOD		PROFICIENCY:WEAPON|Splash Weapon		COST:15		DAMAGE:1d6		CRITMULT:x2		CRITRANGE:1		RANGE:10		WT:1		SIZE:M		TYPE:Alchemical.Consumable.Weapon.Ranged.Thrown.Acid.Splash		SPROP:Every creature within 5 feet of the point where the alkali flask hits takes 1 point of acid damage from the splash. Against oozes and other acid-based creatures, the alkali flask inflicts double damage.		SOURCEPAGE:p.106
Banshee Ballerina (Firework)		PROFICIENCY:WEAPON|Splash Weapon		COST:75		RANGE:10		SIZE:M		TYPE:Alchemical.Consumable.Weapon.Ranged.Thrown.Sonic.Splash		SPROP:Any creatures within 5 feet of the noise are effectively deafened while they remain in the area. Burns for 1d4+1 rounds.		SOURCEPAGE:p.106
Bottled Lightning		PROFICIENCY:WEAPON|Spells (Ray)		COST:40		DAMAGE:1d8		CRITMULT:x2		CRITRANGE:1		RANGE:20		WT:1		SIZE:M		TYPE:Alchemical.Consumable.Weapon.Ranged.Thrown.Electricity.Sonic.Splash		SPROP:Any creature in a line between you and the target (including the target) takes 1 point of sonic damage.		SOURCEPAGE:p.106
Burst Jar		PROFICIENCY:WEAPON|Splash Weapon		COST:35		DAMAGE:1		RANGE:10		WT:1		SIZE:M		TYPE:Alchemical.Consumable.Weapon.Ranged.Thrown.Sonic.Splash		SPROP:One round later on the turn the jar was thrown, the target takes 1 point of sonic damage, is deafened for 1d4 rounds, and must make a DC 12 Fortitude save or be stunned for 1 round. Creatures within 5 feet of the explosion take 1 point of sonic damage.		SOURCEPAGE:p.106
Flash Poweder		PROFICIENCY:WEAPON|Splash Weapon		COST:50		RANGE:10		SIZE:M		TYPE:Alchemical.Consumable.Weapon.Ranged.Thrown.Splash		SPROP:Creatures within a 10-foot-radius burst are blinded for 1 round (Fortitude DC 13 negates).		SOURCEPAGE:p.106
Fuse Grenade		PROFICIENCY:WEAPON|Splash Weapon		COST:100		DAMAGE:1d6		CRITMULT:x2		CRITRANGE:1		RANGE:10		WT:1		SIZE:M		TYPE:Alchemical.Consumable.Weapon.Ranged.Thrown.Bludgeoning.Fire.Splash		SPROP:Lighting the fuse is a move action; 1d3 rounds later the grenade explodes, dealing 2d6 points of bludgeoning damage and 1d6 points of fire damage in a 10-foot-radius burst (Reflex DC 15 halves).		SOURCEPAGE:p.107
Ghast Retch (Flask)		PROFICIENCY:WEAPON|Splash Weapon		COST:50		RANGE:10		WT:1		SIZE:M		TYPE:Alchemical.Consumable.Weapon.Ranged.Thrown.Poison.Splash		SPROP:The target is nauseated for 1 round and sickened for 3 rounds after that. A successful DC 12 Fortitude save prevents the nauseated condition, but not the sickened condition. Creatures within 5 feet of where the flank hits are sickened for 1 round	SOURCEPAGE:p.107
Holy Water (Flask).MOD		PROFICIENCY:WEAPON|Splash Weapon		COST:25		DAMAGE:2d4		CRITMULT:x2		CRITRANGE:1		RANGE:10		WT:1		SIZE:M		TYPE:Alchemical.Consumable.Weapon.Ranged.Thrown.Splash		SPROP:Each undead creature or evil outsider within 5 feet of the point where the flask hits takes 1 point of damage from the splash.	SOURCEPAGE:p.107
Itching Powder		PROFICIENCY:WEAPON|Splash Weapon		COST:60		RANGE:10		WT:2		SIZE:M		TYPE:Alchemical.Consumable.Weapon.Ranged.Thrown.Poison.Splash		SPROP:Anyone standing on the square of impact must succeed at a DC 12 Fortitude save to resist the powder, while those in adjacent squares must make a DC 8 Fortitude save. Creatures that fail the save take a –2 penalty on attack rolls, saving throws, skill checks, and ability checks until they wash the powder off.		SOURCEPAGE:p.108
Keros Oil (Flask)		PROFICIENCY:WEAPON|Spells (Touch)		COST:5		DAMAGE:1d3		CRITMULT:x2		CRITRANGE:1		RANGE:5		SIZE:M		BASEQTY:10		TYPE:Alchemical.Consumable.Weapon.Ranged.Fire		SPROP:Taking a mouthful from the bottle is a standard action.	SOURCEPAGE:p.108
Liquid Ice (Flask).MOD		PROFICIENCY:WEAPON|Splash Weapon		COST:40		DAMAGE:1d6		CRITMULT:x2		CRITRANGE:1		RANGE:10		WT:2		SIZE:M		TYPE:Alchemical.Consumable.Weapon.Ranged.Thrown.Cold.Splash		SPROP:Creatures within 5 feet of where it hits take 1 point of cold damage from the splash.		SOURCEPAGE:p.108
Paper Candle (Firework)		PROFICIENCY:WEAPON|Splash Weapon		COST:1		RANGE:10		SIZE:M		TYPE:Alchemical.Consumable.Weapon.Ranged.Thrown.Splash		SPROP:Anyone in the same square when it explodes must make a DC 15 Fortitude save or be dazzled for 1d4 rounds.		SOURCEPAGE:p.108
Pellet Grenade (Iron)		PROFICIENCY:WEAPON|Splash Weapon		OUTPUTNAME:Pellet Grenade, Iron		COST:50		DAMAGE:1d6		RANGE:10		WT:1		SIZE:M		TYPE:Alchemical.Consumable.Weapon.Ranged.Thrown.Piercing.Bludgeoning.Fire.Splash		SPROP:Lighting the fuse is a move action; 1d3 rounds later the grenade explodes, dealing 1d6 points of bludgeoning damage, 1d6 points of piercing damage and 1d6 points of fire damage in a 10-foot-radius burst (Reflex DC 15 halves).		SOURCEPAGE:p.108
Pellet Grenade (Silver)		PROFICIENCY:WEAPON|Splash Weapon		OUTPUTNAME:Pellet Grenade, Silver		COST:70		DAMAGE:1d6		RANGE:10		WT:1		SIZE:M		TYPE:Alchemical.Consumable.Weapon.Ranged.Thrown.Piercing.Bludgeoning.Fire.Splash		SPROP:Lighting the fuse is a move action; 1d3 rounds later the grenade explodes, dealing 1d6 points of bludgeoning damage, 1d6 points of piercing damage and 1d6 points of fire damage in a 10-foot-radius burst (Reflex DC 15 halves).		SOURCEPAGE:p.108
Pellet Grenade (Cold Iron)		PROFICIENCY:WEAPON|Splash Weapon		OUTPUTNAME:Pellet Grenade, Cold Iron		COST:100		DAMAGE:1d6		RANGE:10		WT:1		SIZE:M		TYPE:Alchemical.Consumable.Weapon.Ranged.Thrown.Piercing.Bludgeoning.Fire.Splash		SPROP:Lighting the fuse is a move action; 1d3 rounds later the grenade explodes, dealing 1d6 points of bludgeoning damage, 1d6 points of piercing damage and 1d6 points of fire damage in a 10-foot-radius burst (Reflex DC 15 halves).		SOURCEPAGE:p.108
Pellet Grenade (Adamantine)		PROFICIENCY:WEAPON|Splash Weapon		OUTPUTNAME:Pellet Grenade, Adamantine		COST:150		DAMAGE:1d6		RANGE:10		WT:1		SIZE:M		TYPE:Alchemical.Consumable.Weapon.Ranged.Thrown.Piercing.Bludgeoning.Fire.Splash		SPROP:Lighting the fuse is a move action; 1d3 rounds later the grenade explodes, dealing 1d6 points of bludgeoning damage, 1d6 points of piercing damage and 1d6 points of fire damage in a 10-foot-radius burst (Reflex DC 15 halves).		SOURCEPAGE:p.108
Shard Gel (Flask)		PROFICIENCY:WEAPON|Splash Weapon		COST:25		DAMAGE:1d4		CRITMULT:x2		CRITRANGE:1		RANGE:10		WT:1		SIZE:M		TYPE:Alchemical.Consumable.Weapon.Ranged.Thrown.Piercing.Splash		SPROP:The target's square and each square adjacent to it are covered in shards that function like caltrops for 5 rounds		SOURCEPAGE:p.108
Skyrocket (Firework)		PROFICIENCY:WEAPON|Splash Weapon		COST:50		DAMAGE:2d6		RANGE:10		WT:1		SIZE:M		TYPE:Alchemical.Consumable.Weapon.Ranged.Thrown.Fire		SPROP:Takes flight one round after being lit at a speed of 90 ft for 1d6 rounds. Damage is a 10-ft-radius burst. Anyone who takes damage from the explosion is either blinded or deafened (50% chance of either) for 1 round.		SOURCEPAGE:p.109
Sneezing Powder		PROFICIENCY:WEAPON|Splash Weapon		COST:60		RANGE:10		WT:2		SIZE:M		TYPE:Alchemical.Consumable.Weapon.Ranged.Thrown.Poison		SPROP:Causes uncontrollable sneezing for 1d4+1 rounds. Anyone standing in the square of impact must succeed at a DC 12 Fortitude save to resist the powder, while those in adjacent squares must make DC 8 Fortitude saves. Affected creatures must make a DC 10 Fortitude save every round for the duration or be staggered until their next turn.		SOURCEPAGE:p.109
Star Candle (Firework)		PROFICIENCY:WEAPON|Star Candle Firework		COST:5		DAMAGE:1		CRITMULT:-		CRITRANGE:1		RANGE:5		EQMOD:NONLETHAL		SIZE:M		TYPE:Alchemical.Consumable.Weapon.Ranged.Fire		SPROP:Launches every round for 4 rounds after being lit. Deals 1 point of nonlethal damage and 1 point of fire damage; on a critical hit, the target is also blinded for 1 round.		SOURCEPAGE:p.109
Starfountain (Firework)		PROFICIENCY:WEAPON|Spells (Ray)		COST:500		DAMAGE:1		RANGE:10		WT:100		SIZE:M		TYPE:Alchemical.Consumable.Weapon.Ranged.Fire		SPROP:Indoors or in a closed area, the ricocheting fireworks deal damage each round in a 20-foot-radius spread (Reflex DC 15 halves). Creatures who fail their save are blinded for 1d4 rounds and deafened for 1 hour.		SOURCEPAGE:p.109
Tangleburn Bag		PROFICIENCY:WEAPON|Splash Weapon		COST:150		DAMAGE:1d6		RANGE:10		WT:5		SIZE:M		TYPE:Alchemical.Consumable.Weapon.Ranged.Thrown.Fire.Splash		SPROP:An entangled creature takes a -2 penalty on attack rolls and a -4 penalty to Dexterity and must make a DC 15 Reflex save or be glued to the floor, unable to move. A direct hit on a creature deals 1d6 points of fire damage, and the creature must make a DC 20 Reflex save or catch on fire.		SOURCEPAGE:p.109
Tanglefoot Bag.MOD		PROFICIENCY:WEAPON|Splash Weapon		COST:50		RANGE:10		WT:4		SIZE:M		TYPE:Alchemical.Consumable.Weapon.Ranged.Thrown.Splash		SPROP:An entangled creature takes a -2 penalty on attack rolls and a -4 penalty to Dexterity and must make a DC 15 Reflex save or be glued to the floor, unable to move		SOURCEPAGE:p.109
Thunderstone.MOD		PROFICIENCY:WEAPON|Splash Weapon		COST:30		RANGE:20		WT:1		SIZE:M		TYPE:Alchemical.Consumable.Weapon.Ranged.Thrown.Sonic.Splash		SPROP:Each creature within a 10-foot-radius spread must make a DC 15 Fortitude save or be deafened for 1 hour.		SOURCEPAGE:p.109

#Block: Poisons
Poison (Indigo Dreams)		TYPE:Goods.Poison.Consumable		COST:150		SOURCEPAGE:p.111		SPROP:Ingested; Fort DC 13; Onset 10 min; Freq 1 min (6); Effect 1d3 Wis dmg; Cure 2 consecutive saves
Poison (Swampseer Poison)		TYPE:Goods.Poison.Consumable		COST:180		SOURCEPAGE:p.111		SPROP:Ingested; Fort DC 11; Onset 10 min; Freq 1 min (4); Effect 1d3 Wis and 1 Int dmg; Cure 1 save
Poison (Azure Lily Pollen)		TYPE:Goods.Poison.Consumable		COST:1500		SOURCEPAGE:p.111		SPROP:Inhaled; Fort DC 15; Freq 1 min (2); Effect nauseated 1 min, paralyzed 2d4 hours; Cure 1 save
Poison (Arsenic).MOD			SOURCEPAGE:p.111
Poison (Belladonna).MOD					SOURCEPAGE:p.111
Poison (Black Adder Venom).MOD			SOURCEPAGE:p.111
Poison (Black Lotus Extract).MOD		SOURCEPAGE:p.111
Poison (Bloodroot).MOD					SOURCEPAGE:p.111
Poison (Blue Whinnis).MOD				SOURCEPAGE:p.111
Poison (Burnt Othur Fumes).MOD			SOURCEPAGE:p.111
Poison (Dark Reaver Powder).MOD			SOURCEPAGE:p.111
Poison (Deathblade).MOD					SOURCEPAGE:p.111
Poison (Dragon Bile).MOD				SOURCEPAGE:p.111
Poison (Drow Poison).MOD				SOURCEPAGE:p.111
Poison (Giant Wasp Poison).MOD			SOURCEPAGE:p.111
Poison (Greenblood Oil).MOD				SOURCEPAGE:p.111
Poison (Hemlock).MOD					SOURCEPAGE:p.111
Poison (Id Moss).MOD					SOURCEPAGE:p.111
Poison (Insanity Mist).MOD				SOURCEPAGE:p.111
Poison (King's Sleep).MOD				SOURCEPAGE:p.111
Poison (Large Scorpion Venom).MOD		SOURCEPAGE:p.111
Poison (Lich Dust).MOD					SOURCEPAGE:p.111
Poison (Malyass Root Paste).MOD			SOURCEPAGE:p.111
Poison (Medium Spider Venom).MOD		SOURCEPAGE:p.111
Poison (Nightmare Vapor).MOD			SOURCEPAGE:p.111
Poison (Nitharit).MOD					SOURCEPAGE:p.111
Poison (Oil of Taggit).MOD				SOURCEPAGE:p.111
Poison (Purple Worm Poison).MOD			SOURCEPAGE:p.111
Poison (Sassone Leaf Residue).MOD		SOURCEPAGE:p.111
Poison (Shadow Essence).MOD				SOURCEPAGE:p.111
Poison (Small Centipede Poison).MOD		SOURCEPAGE:p.111
Poison (Striped Toadstool).MOD			SOURCEPAGE:p.111
Poison (Tears of Death).MOD				SOURCEPAGE:p.111
Poison (Terinav Root).MOD				SOURCEPAGE:p.111
Poison (Ungol Dust).MOD					SOURCEPAGE:p.111
Poison (Wolfsbane).MOD					SOURCEPAGE:p.111
Poison (Wyvern Poison).MOD				SOURCEPAGE:p.111

#
###END
#