# CVS $Revision$ $Author$
SOURCELONG:Ultimate Equipment	SOURCESHORT:UE	SOURCEWEB:http://paizo.com/products/btpy8tmc	SOURCEDATE:2012-08
# ORIGINAL ENTRY: James Dempsey
# ORIGINAL ENTRY DATE: 13 May 2013


###Block:Belt							
# Equipment Name					Type				Cost		Weight	Source Page
Anaconda's Coils	COST:18500	TYPE:Magic.Wondrous.Belt.GreaterMedium	SOURCEPAGE:p.208	WT:1	BONUS:STAT|STR|2|TYPE=Enhancement	BONUS:VAR|CMB_Grapple|2|TYPE=Competence	
Aquatic Cummerbund	COST:2600	TYPE:Magic.Wondrous.Belt.LesserMinor	SOURCEPAGE:p.208	WT:0	BONUS:SKILL|Swim|4|TYPE=Competence	
Belt of Dwarvenkind.MOD	COST:14900	TYPE:LesserMedium	SOURCEPAGE:p.208	WT:1	SOURCELONG:Ultimate Equipment	SOURCESHORT:UE	
Belt of Equilibrium	COST:12000	TYPE:Magic.Wondrous.Belt.LesserMedium	SOURCEPAGE:p.208	WT:1	
Belt of Fallen Heroes	COST:21000	TYPE:Magic.Wondrous.Belt.GreaterMedium	SOURCEPAGE:p.208	WT:1	BONUS:CHECKS|ALL|1|TYPE=Insight|PREAPPLY:PC		
Belt of Foraging	COST:6000	TYPE:Magic.Wondrous.Belt.GreaterMinor	SOURCEPAGE:p.208	WT:1	
Belt of Giant Strength +2.MOD	COST:4000	TYPE:GreaterMinor	SOURCEPAGE:p.208	SOURCELONG:Ultimate Equipment	SOURCESHORT:UE	WT:1	
Belt of Giant Strength +4.MOD	COST:16000	TYPE:LesserMedium	SOURCEPAGE:p.208	WT:1	SOURCELONG:Ultimate Equipment	SOURCESHORT:UE
Belt of Giant Strength +6.MOD	COST:36000	TYPE:LesserMajor	SOURCEPAGE:p.208	WT:1	SOURCELONG:Ultimate Equipment	SOURCESHORT:UE
Belt of Incredible Dexterity +2.MOD	COST:4000	TYPE:GreaterMinor	SOURCEPAGE:p.209	WT:1	SOURCELONG:Ultimate Equipment	SOURCESHORT:UE
Belt of Incredible Dexterity +4.MOD	COST:16000	TYPE:LesserMedium	SOURCEPAGE:p.209	WT:1	SOURCELONG:Ultimate Equipment	SOURCESHORT:UE
Belt of Incredible Dexterity +6.MOD	COST:36000	TYPE:LesserMajor	SOURCEPAGE:p.209	WT:1	SOURCELONG:Ultimate Equipment	SOURCESHORT:UE
Belt of Mighty Constitution +2.MOD	COST:4000	TYPE:GreaterMinor	SOURCEPAGE:p.209	WT:1	SOURCELONG:Ultimate Equipment	SOURCESHORT:UE
Belt of Mighty Constitution +4.MOD	COST:16000	TYPE:LesserMedium	SOURCEPAGE:p.209	WT:1	SOURCELONG:Ultimate Equipment	SOURCESHORT:UE
Belt of Mighty Constitution +6.MOD	COST:36000	TYPE:LesserMajor	SOURCEPAGE:p.209	WT:1	SOURCELONG:Ultimate Equipment	SOURCESHORT:UE
Belt of Mighty Hurling (Greater)	OUTPUTNAME:Belt of Mighty Hurling, Greater	COST:42000	TYPE:Magic.Wondrous.Belt.LesserMajor	SOURCEPAGE:p.209	WT:1	BONUS:STAT|STR|4|TYPE=Enhancement	BONUS:COMBAT|TOHIT.Thrown|((max(STR,DEX)-DEX))|TYPE=Ranged	BONUS:RANGEADD|THROWN|10	
Belt of Mighty Hurling (Lesser)	OUTPUTNAME:Belt of Mighty Hurling, Lesser	COST:14000	TYPE:Magic.Wondrous.Belt.LesserMedium	SOURCEPAGE:p.210	WT:1	BONUS:STAT|STR|2|TYPE=Enhancement		BONUS:COMBAT|TOHIT.Thrown|((max(STR,DEX)-DEX))|TYPE=Ranged	BONUS:RANGEADD|THROWN|10
Belt of Physical Might (DEX/CON) +2.MOD	COST:10000	TYPE:LesserMedium	SOURCEPAGE:p.210	WT:1	SOURCELONG:Ultimate Equipment	SOURCESHORT:UE
Belt of Physical Might (DEX/CON) +4.MOD	COST:40000	TYPE:LesserMajor	SOURCEPAGE:p.210	WT:1	SOURCELONG:Ultimate Equipment	SOURCESHORT:UE
Belt of Physical Might (DEX/CON) +6.MOD	COST:90000	TYPE:GreaterMajor	SOURCEPAGE:p.210	WT:1	SOURCELONG:Ultimate Equipment	SOURCESHORT:UE
Belt of Physical Might (STR/CON) +2.MOD	COST:10000	TYPE:LesserMedium	SOURCEPAGE:p.210	WT:1	SOURCELONG:Ultimate Equipment	SOURCESHORT:UE
Belt of Physical Might (STR/CON) +4.MOD	COST:40000	TYPE:LesserMajor	SOURCEPAGE:p.210	WT:1	SOURCELONG:Ultimate Equipment	SOURCESHORT:UE
Belt of Physical Might (STR/CON) +6.MOD	COST:90000	TYPE:GreaterMajor	SOURCEPAGE:p.210	WT:1	SOURCELONG:Ultimate Equipment	SOURCESHORT:UE
Belt of Physical Might (STR/DEX) +2.MOD	COST:10000	TYPE:LesserMedium	SOURCEPAGE:p.210	WT:1	SOURCELONG:Ultimate Equipment	SOURCESHORT:UE
Belt of Physical Might (STR/DEX) +4.MOD	COST:40000	TYPE:LesserMajor	SOURCEPAGE:p.210	WT:1	SOURCELONG:Ultimate Equipment	SOURCESHORT:UE
Belt of Physical Might (STR/DEX) +6.MOD	COST:90000	TYPE:GreaterMajor	SOURCEPAGE:p.210	WT:1	SOURCELONG:Ultimate Equipment	SOURCESHORT:UE
Belt of Physical Perfection +2.MOD	COST:16000	TYPE:LesserMedium	SOURCEPAGE:p.210	WT:1	SOURCELONG:Ultimate Equipment	SOURCESHORT:UE
Belt of Physical Perfection +4.MOD	COST:64000	TYPE:GreaterMajor	SOURCEPAGE:p.210	WT:1	SOURCELONG:Ultimate Equipment	SOURCESHORT:UE
Belt of Physical Perfection +6.MOD	COST:144000	TYPE:GreaterMajor	SOURCEPAGE:p.210	WT:1	SOURCELONG:Ultimate Equipment	SOURCESHORT:UE
Belt of Stoneskin	COST:60000	TYPE:Magic.Wondrous.Belt.GreaterMajor	SOURCEPAGE:p.210	WT:10	DR:10/Adamantine	SPROP:Every 24 hours, this belt's wearer gains DR 10/adamantine until the belt absorbs 100 points of damage, at which point the belt becomes useless for the remainder of the 24-hour period. When first worn, or after each time this belt is taken off, it must worn for 24 consecutive hours in order for its magic to take effect again.	
Belt of Teeth	COST:4000	TYPE:Magic.Wondrous.Belt.GreaterMinor	SOURCEPAGE:p.210	WT:3
#TODO: How to code attack of op for belt of teeth
Belt of Thunderous Charging	COST:10000	TYPE:Magic.Wondrous.Belt.LesserMedium	SOURCEPAGE:p.211	WT:1	BONUS:STAT|STR|2|TYPE=Enhancement	BONUS:VAR|CMB_BullRush|2	BONUS:VAR|CMB_Overrun|2	SPROP:When the wearer makes a charge attack, her melee weapons and natural weapons deal damage as if they were one size category larger than they actually are.
Belt of Tumbling	COST:800	TYPE:Magic.Wondrous.Belt.LesserMinor	SOURCEPAGE:p.211	WT:1	SPROP:The belt's wearer gains a +4 competence bonus on Acrobatics checks made to move through a threatened square or through an enemy's space.	
Belt of the Weasel	COST:10000	TYPE:Magic.Wondrous.Belt.LesserMedium	SOURCEPAGE:p.210	WT:1	BONUS:STAT|DEX|2|TYPE=Enhancement	SPROP:Wearer is able to move at half normal speed while prone.	
Beneficial Bandolier	COST:1000	TYPE:Magic.Wondrous.Belt.LesserMinor.Container	SOURCEPAGE:p.211	WT:2	CONTAINS:*UNLIM|Gunsmith's Kit=1|Powder Horn=1|Total=200|FirearmPellet=200|Black Powder (Dose)=200|FirearmBullet=200
Bladed Belt	COST:2000	TYPE:Magic.Wondrous.Belt.LesserMinor	SOURCEPAGE:p.211	WT:3	SPROP:On command, the belt's wearer can transform the belt into a single masterwork slashing and/or piercing melee weapon of her choice.	
Blinkback Belt	COST:5000	TYPE:Magic.Wondrous.Belt.GreaterMinor	SOURCEPAGE:p.211	WT:2	CONTAINS:UNLIM|TOTAL=4|Weapon.Melee.Light=4|Weapon.Melee.OneHanded=2	SPROP:When the wearer draws a weapon attached to this belt and throws it before the end of her next turn, the weapon teleports back to its strap or sheath immediately after the attack is resolved.
Cord of Stubborn Resolve	COST:15000	TYPE:Magic.Wondrous.Belt.LesserMedium	SOURCEPAGE:p.211	WT:1	BONUS:STAT|CON|2|TYPE=Enhancement	SPROP:Any effect which would cause the wearer to become fatigued deals an additional 1d6 points of nonlethal damage instead. Any effect that would cause exhaustion likewise causes 1d6 points of nonlethal damage, and leaves the wearer fatigued instead of exhausted.
Elemental Earth Belt	COST:24000	TYPE:Magic.Wondrous.Belt.GreaterMedium	SOURCEPAGE:p.211	WT:3	BONUS:STAT|CON|4|TYPE=Enhancement	SPROP:The wearer is immune to effects that would push, pull, or forcefully move the wearer.	SPROP:once per day on command, the wearer can take the form of a Large earth elemental, and though subject to the elemental body III spell.
Equestrian Belt	COST:3200	TYPE:Magic.Wondrous.Belt.LesserMinor	SOURCEPAGE:p.211	WT:1	BONUS:SKILL|Ride|4|TYPE=Competence	SPROP:The belt's wearer automatically succeeds at any check to guide with the knees, stay in the saddle, fight with a combat-trained mount, control a mount in battle, or make a fast mount or dismount, as long as the belt's wearer is wearing medium, light, or no armor.|!PREARMORTYPE:1,TYPE.Heavy
Gorgon Belt	COST:23000	TYPE:Magic.Wondrous.Belt.GreaterMedium	SOURCEPAGE:p.212	WT:1	BONUS:STAT|STR|4|TYPE=Enhancement	SPROP:Ignore difficult terrain while charging or making an overrun, bull rush, or trample attempt.	SPROP:Once per day on command, its wearer can spew a 60-foot cone of poisonous green gas as a breath weapon. Any creature caught in the area of the gas can attempt a DC 18 saving throw or be paralyzed for 1d4 rounds. At the end of its turn, a creature petrified by this breath weapon can attempt a new save to end the paralysis effect. 
Heavyload Belt	COST:2000	TYPE:Magic.Wondrous.Belt.LesserMinor	SOURCEPAGE:p.212	WT:3
#TODO: How to code ant haul spell effects.	
Merform Belt	COST:32000	TYPE:Magic.Wondrous.Belt.LesserMajor	SOURCEPAGE:p.212	WT:2	BONUS:VAR|MerformBeltMerfolkForm|1|PREAPPLY:PC		SPROP:Once per day, the wearer of this belt can command it to transform her into the form of a merfolk.
Meridian Belt	COST:1000	TYPE:Magic.Wondrous.Belt.LesserMinor	SOURCEPAGE:p.212	WT:1	
Minotaur Belt	COST:10000	TYPE:Magic.Wondrous.Belt.LesserMedium	SOURCEPAGE:p.212	WT:1	BONUS:STAT|STR|2|TYPE=Enhancement	
Monkey Belt	COST:9400	TYPE:Magic.Wondrous.Belt.LesserMedium	SOURCEPAGE:p.212	WT:1	BONUS:STAT|DEX|2|TYPE=Enhancement	SPROP:The wearer does not lose his Dexterity bonus to AC while climbing, and does not take a 5 penalty on Climb checks when climbing at half his speed.	SPROP:As a swift action the wearer can command the belt to transform into a prehensile tail that can make unarmed attacks and hold or manipulate objects.
Monkey Belt (Greater)	OUTPUTNAME:Monkey Belt, Greater	COST:18000	TYPE:Magic.Wondrous.Belt.GreaterMedium	SOURCEPAGE:p.212	WT:1	BONUS:STAT|STR,DEX|2|TYPE=Enhancement	SPROP:The wearer does not lose his Dexterity bonus to AC while climbing, and does not take a 5 penalty on Climb checks when climbing at half his speed.	SPROP:As a swift action the wearer can command the belt to transform into a prehensile tail that can make unarmed attacks and hold or manipulate objects.
Plague Rat Belt	COST:5200	TYPE:Magic.Wondrous.Belt.GreaterMinor	SOURCEPAGE:p.213	WT:1	BONUS:STAT|CON|2|TYPE=Enhancement	SPROP:As an immediate action three times per day, the wearer can call upon the belt to reroll a saving throw made to resist a disease or poison.
Plague Rat Belt (Greater)	OUTPUTNAME:Plague Rat Belt, Greater	COST:11200	TYPE:Magic.Wondrous.Belt.LesserMedium	SOURCEPAGE:p.213	WT:1	BONUS:STAT|DEX,CON|2|TYPE=Enhancement	SPROP:As an immediate action three times per day, the wearer can call upon the belt to reroll a saving throw made to resist a disease or poison.	
Sash of Flowing Water	COST:25000	TYPE:Magic.Wondrous.Belt.GreaterMedium	SOURCEPAGE:p.213	WT:1	SPROP:Attempt to deflect a successful melee attack with an immediate action if have a hand free.	
Security Belt	COST:12500	TYPE:Magic.Wondrous.Belt.LesserMedium	SOURCEPAGE:p.213	WT:1	CONTAINS:*UNLIM	SPROP:Increases the DC of Sleight of Hand checks made against the wearer by 5. The wearer also gets a +5 bonus to CMD against the steal maneuver.	SPROP:Once per day on command, the wearer can shrink a single item of up to 10 cubic feet into a tiny cloth duplicate. Restoring a shrunk item is a move action.	
Serpent Belt	COST:9000	TYPE:Magic.Wondrous.Belt.LesserMedium	SOURCEPAGE:p.213	WT:1	BONUS:SKILL|Escape Artist|2	SPROP:+4 bonus to all poisons	SPROP:Once per day the belt can be animated as a venomous snake or constrictor snake
Serpent Belt (Greater)	OUTPUTNAME:Serpent Belt, Greater	COST:20000	TYPE:Magic.Wondrous.Belt.GreaterMedium	SOURCEPAGE:p.213	WT:1	BONUS:STAT|STR,DEX|2|TYPE=Enhancement		BONUS:SKILL|Escape Artist|2	SPROP:+4 bonus to all poisons	SPROP:Once per day the belt can be animated as a venomous snake or constrictor snake. Speak second command to grant template to snake.
Shadowform Belt	COST:110000	TYPE:Magic.Wondrous.Belt.GreaterMajor	SOURCEPAGE:p.213	WT:0	BONUS:STAT|DEX|6|TYPE=Enhancement	SPROP:As a swift action, its wearer can become incorporeal for up to 10 rounds per day.

###Block:Body
# Equipment Name					Type				Cost		Weight	Source Page
Blazing Robes	COST:11000	TYPE:Magic.Wondrous.LesserMedium.Body.Robe	SOURCEPAGE:p.214	WT:1
Bodywrap of Mighty Strikes +1	COST:3000	TYPE:Magic.Wondrous.LesserMinor.Body.BodyWrap	SOURCEPAGE:p.214	WT:1
Bodywrap of Mighty Strikes +2	COST:12000	TYPE:Magic.Wondrous.LesserMedium.Body.BodyWrap	SOURCEPAGE:p.214	WT:1
Bodywrap of Mighty Strikes +3	COST:27000	TYPE:Magic.Wondrous.GreaterMedium.Body.BodyWrap	SOURCEPAGE:p.214	WT:1
Bodywrap of Mighty Strikes +4	COST:48000	TYPE:Magic.Wondrous.LesserMajor.Body.BodyWrap	SOURCEPAGE:p.214	WT:1
Bodywrap of Mighty Strikes +5	COST:75000	TYPE:Magic.Wondrous.GreaterMajor.Body.BodyWrap	SOURCEPAGE:p.214	WT:1
Bodywrap of Mighty Strikes +6	COST:108000	TYPE:Magic.Wondrous.GreaterMajor.Body.BodyWrap	SOURCEPAGE:p.214	WT:1
Bodywrap of Mighty Strikes +7	COST:147000	TYPE:Magic.Wondrous.GreaterMajor.Body.BodyWrap	SOURCEPAGE:p.214	WT:1
Cassock of the Clergy	COST:4600	TYPE:Magic.Wondrous.GreaterMinor.Body.Robe	SOURCEPAGE:p.214	WT:1
Corset of Dire Witchcraft	COST:22000	TYPE:Magic.Wondrous.GreaterMedium.Body.Corset	SOURCEPAGE:p.214	WT:1
Corset of the Vishkanya	COST:3000	TYPE:Magic.Wondrous.LesserMinor.Body.Corset	SOURCEPAGE:p.214	WT:1
Vestment (Druid's).MOD	OUTPUTNAME:Druid's Vestment	COST:3750	TYPE:LesserMinor.Body	SOURCEPAGE:p.215	WT:0	SOURCELONG:Ultimate Equipment	SOURCESHORT:UE
Eidolon Anchoring Harness	COST:6000	TYPE:Magic.Wondrous.GreaterMinor.Body.Harness	SOURCEPAGE:p.215	WT:1
Gunman's Duster	COST:36000	TYPE:Magic.Wondrous.LesserMajor.Body.Robe	SOURCEPAGE:p.215	WT:5
Mnemonic Vestments	COST:5000	TYPE:Magic.Wondrous.GreaterMinor.Body.Robe	SOURCEPAGE:p.216	WT:1
Robe (Monk's).MOD			OUTPUTNAME:Monk's Robe	COST:13000	TYPE:LesserMedium.Body	SOURCEPAGE:p.216	WT:1	SOURCELONG:Ultimate Equipment	SOURCESHORT:UE
Otherworldly Kimono	COST:67000	TYPE:Magic.Wondrous.GreaterMajor.Body.Robe	SOURCEPAGE:p.216	WT:1
Resplendent Robe of the Thespian	COST:75000	TYPE:Magic.Wondrous.GreaterMajor.Body.Robe	SOURCEPAGE:p.216	WT:1
Robe of Arcane Heritage	COST:16000	TYPE:Magic.Wondrous.LesserMedium.Body.Robe	SOURCEPAGE:p.216	WT:1	BONUS:VAR|BloodlineLVL|4	BONUS:VAR|BloodlineFeatProgression|-4
Robe of Blending.MOD	COST:8400	TYPE:LesserMedium.Body	SOURCEPAGE:p.216	WT:1	SOURCELONG:Ultimate Equipment	SOURCESHORT:UE
Robe of Bones.MOD	COST:2400	TYPE:LesserMinor.Body	SOURCEPAGE:p.217	WT:1	SOURCELONG:Ultimate Equipment	SOURCESHORT:UE
Robe of Components	COST:5000	TYPE:Magic.Wondrous.GreaterMinor.Body.Robe	SOURCEPAGE:p.217	WT:1
Robe of Eyes.MOD	COST:120000	TYPE:GreaterMajor.Body	SOURCEPAGE:p.217	WT:1	SOURCELONG:Ultimate Equipment	SOURCESHORT:UE
Robe of Gates	COST:64000	TYPE:Magic.Wondrous.GreaterMajor.Body.Robe	SOURCEPAGE:p.217	WT:1
Robe of Infinite Twine	COST:1000	TYPE:Magic.Wondrous.LesserMinor.Body.Robe	SOURCEPAGE:p.217	WT:1
Robe of Needles	COST:1000	TYPE:Magic.Wondrous.LesserMinor.Body.Robe	SOURCEPAGE:p.217	WT:4
Robe of Scintillating Colors.MOD	COST:27000	TYPE:GreaterMedium.Body	SOURCEPAGE:p.218	WT:1	SOURCELONG:Ultimate Equipment	SOURCESHORT:UE
Robe of Stars.MOD	COST:58000	TYPE:GreaterMajor.Body	SOURCEPAGE:p.218	WT:1	SOURCELONG:Ultimate Equipment	SOURCESHORT:UE
Robe of the Archmagi (White).MOD	OUTPUTNAME:Robe of the Archmagi, White	COST:75000	TYPE:GreaterMajor.Body	SOURCEPAGE:p.218	WT:1	SOURCELONG:Ultimate Equipment	SOURCESHORT:UE
Robe of the Archmagi (Grey).MOD	OUTPUTNAME:Robe of the Archmagi, Grey	COST:75000	TYPE:GreaterMajor.Body	SOURCEPAGE:p.218	WT:1	SOURCELONG:Ultimate Equipment	SOURCESHORT:UE
Robe of the Archmagi (Black).MOD	OUTPUTNAME:Robe of the Archmagi, Black	COST:75000	TYPE:GreaterMajor.Body	SOURCEPAGE:p.218	WT:1	SOURCELONG:Ultimate Equipment	SOURCESHORT:UE
Robe of Useful Items.MOD	COST:7000	TYPE:GreaterMinor.Body	SOURCEPAGE:p.218	WT:1	SOURCELONG:Ultimate Equipment	SOURCESHORT:UE
Shocking Robe	COST:11000	TYPE:Magic.Wondrous.LesserMedium.Body.Robe	SOURCEPAGE:p.219	WT:1
Smuggler's Collapsible Robe	COST:48000	TYPE:Magic.Wondrous.LesserMajor.Body.Robe	SOURCEPAGE:p.219	WT:1
Sorcerer's Robe	COST:5000	TYPE:Magic.Wondrous.GreaterMinor.Body.Robe	SOURCEPAGE:p.219	WT:1
Voidfrost Robes	COST:11000	TYPE:Magic.Wondrous.LesserMedium.Body.Robe	SOURCEPAGE:p.219	WT:1
Xorn Robe	COST:20000	TYPE:Magic.Wondrous.GreaterMedium.Body.Robe	SOURCEPAGE:p.219	WT:1

###Block:Chest
# Equipment Name					Type				Cost		Weight	Source Page
All Tools Vest	COST:1800	TYPE:Magic.Wondrous.LesserMinor.Shirt	SOURCEPAGE:p.220	WT:5	SPROP:As a standard action, the wearer can speak its command word and order it to bring forth all the standard tools required to make checks for any one Craft skill.
Bandages of Rapid Recovery	COST:200	TYPE:Magic.Wondrous.LesserMinor.Shirt	SOURCEPAGE:p.220	WT:1
Bane Baldric	COST:10000	TYPE:Magic.Wondrous.LesserMedium.Shirt	SOURCEPAGE:p.220	WT:1
Cackling Hag's Blouse	COST:6000	TYPE:Magic.Wondrous.GreaterMinor.Shirt	SOURCEPAGE:p.220	WT:2
Deadshot Vest	COST:6000	TYPE:Magic.Wondrous.GreaterMinor.Shirt	SOURCEPAGE:p.220	WT:1
Endless Bandolier	COST:1500	TYPE:Magic.Wondrous.LesserMinor.Shirt	SOURCEPAGE:p.220	WT:2
Mantle of Faith.MOD	COST:76000	TYPE:GreaterMajor	SOURCEPAGE:p.221	WT:0	SOURCELONG:Ultimate Equipment	SOURCESHORT:UE
Mantle of Immortality	COST:50000	TYPE:Magic.Wondrous.LesserMajor.Shirt	SOURCEPAGE:p.221	WT:1
Mantle of Spell Resistance.MOD	COST:90000	TYPE:GreaterMajor	SOURCEPAGE:p.221	WT:0	SOURCELONG:Ultimate Equipment	SOURCESHORT:UE
Merciful Baldric	COST:60000	TYPE:Magic.Wondrous.GreaterMajor.Shirt	SOURCEPAGE:p.221	WT:2
Poisoner's Jacket (Greater)	OUTPUTNAME:Poisoner's Jacket, Greater	COST:58000	TYPE:Magic.Wondrous.LesserMajor.Shirt	SOURCEPAGE:p.221	WT:4
Poisoner's Jacket (Lesser)	OUTPUTNAME:Poisoner's Jacket, Lesser	COST:12000	TYPE:Magic.Wondrous.LesserMedium.Shirt	SOURCEPAGE:p.222	WT:3
Prophet's Pectoral	COST:6000	TYPE:Magic.Wondrous.GreaterMinor.Shirt	SOURCEPAGE:p.222	WT:1
Quick Runner's Shirt	COST:1000	TYPE:Magic.Wondrous.LesserMinor.Shirt	SOURCEPAGE:p.222	WT:0
Resplendent Uniform Coat	COST:7000	TYPE:Magic.Wondrous.GreaterMinor.Shirt	SOURCEPAGE:p.222	WT:5
Sash of the War Champion	COST:4000	TYPE:Magic.Wondrous.GreaterMinor.Shirt	SOURCEPAGE:p.222	WT:1	BONUS:VAR|ArmorTrainingLVL,BraveryLVL|4
Shirt of Immolation	COST:8000	TYPE:Magic.Wondrous.LesserMedium.Shirt	SOURCEPAGE:p.222	WT:1
Sipping Jacket	COST:5000	TYPE:Magic.Wondrous.GreaterMinor.Shirt	SOURCEPAGE:p.222	WT:5
Snakeskin Tunic	COST:8000	TYPE:Magic.Wondrous.LesserMedium.Shirt	SOURCEPAGE:p.222	WT:2
Spectral Shroud	COST:26000	TYPE:Magic.Wondrous.GreaterMedium.Shirt	SOURCEPAGE:p.222	WT:0
Tunic of Careful Casting	COST:5000	TYPE:Magic.Wondrous.GreaterMinor.Shirt	SOURCEPAGE:p.223	WT:1
Tunic of Deadly Might	COST:6000	TYPE:Magic.Wondrous.GreaterMinor.Shirt	SOURCEPAGE:p.223	WT:2
Unfettered Shirt	COST:10000	TYPE:Magic.Wondrous.LesserMedium.Shirt	SOURCEPAGE:p.223	WT:0
Vest of Escape.MOD	COST:5200	TYPE:GreaterMinor	SOURCEPAGE:p.223	WT:0	SOURCELONG:Ultimate Equipment	SOURCESHORT:UE
Vest of Stable Mutation	COST:20000	TYPE:Magic.Wondrous.GreaterMedium.Shirt	SOURCEPAGE:p.223	WT:2
Vest of Surgery	COST:3000	TYPE:Magic.Wondrous.LesserMinor.Shirt	SOURCEPAGE:p.223	WT:4
Vest of the Cockroach	COST:16000	TYPE:Magic.Wondrous.LesserMedium.Shirt	SOURCEPAGE:p.223	WT:2	ABILITY:Special Ability|AUTOMATIC|Resiliency|PREVARGTEQ:RogueTalentLVL,1
Vest of the Vengeful Tracker	COST:6000	TYPE:Magic.Wondrous.GreaterMinor.Shirt	SOURCEPAGE:p.223	WT:3

###Block:Eyes
# Equipment Name					Type				Cost		Weight	Source Page
Annihilation Spectacles	COST:25000	TYPE:Magic.Wondrous.Eyegear.GreaterMedium	SOURCEPAGE:p.224	WT:0.25
Arachnid Goggles	COST:15000	TYPE:Magic.Wondrous.Eyegear.LesserMedium	SOURCEPAGE:p.224	WT:2
Blind Man's Fold	COST:12000	TYPE:Magic.Wondrous.Eyegear.LesserMedium	SOURCEPAGE:p.224	WT:0
Darklands Goggles	COST:20000	TYPE:Magic.Wondrous.Eyegear.GreaterMedium	SOURCEPAGE:p.224	WT:0
Deathwatch Eyes	COST:2000	TYPE:Magic.Wondrous.Eyegear.LesserMinor	SOURCEPAGE:p.224	WT:0
Eyes of Charming.MOD	COST:56000	TYPE:Magic.Wondrous.Eyegear.GreaterMajor	SOURCEPAGE:p.224	WT:0	SOURCELONG:Ultimate Equipment	SOURCESHORT:UE
Eyes of Doom.MOD	COST:25000	TYPE:GreaterMedium	SOURCEPAGE:p.224	WT:0	SOURCELONG:Ultimate Equipment	SOURCESHORT:UE
Eyes of Eyebite	COST:30000	TYPE:Magic.Wondrous.Eyegear.LesserMajor	SOURCEPAGE:p.224	WT:0
Eyes of Keen Sight	COST:6000	TYPE:Magic.Wondrous.Eyegear.GreaterMinor	SOURCEPAGE:p.225	WT:0
Eyes of the Dragon	COST:110000	TYPE:Magic.Wondrous.Eyegear.GreaterMajor	SOURCEPAGE:p.225	WT:0
Eyes of the Eagle.MOD	COST:2500	TYPE:LesserMinor	SOURCEPAGE:p.225	WT:0	SOURCELONG:Ultimate Equipment	SOURCESHORT:UE
Eyes of the Owl	COST:4000	TYPE:Magic.Wondrous.Eyegear.GreaterMinor	SOURCEPAGE:p.225	WT:0
Goggles of Brilliant Light	COST:8800	TYPE:Magic.Wondrous.Eyegear.LesserMedium	SOURCEPAGE:p.225	WT:0
Goggles of Elvenkind	COST:8500	TYPE:Magic.Wondrous.Eyegear.LesserMedium	SOURCEPAGE:p.225	WT:0
Goggles of Minute Seeing.MOD	COST:2500	TYPE:LesserMinor	SOURCEPAGE:p.226	WT:0	SOURCELONG:Ultimate Equipment	SOURCESHORT:UE
Goggles of Night.MOD	COST:12000	TYPE:LesserMedium	SOURCEPAGE:p.226	WT:0	SOURCELONG:Ultimate Equipment	SOURCESHORT:UE
Inquisitor's Monocle	COST:6800	TYPE:Magic.Wondrous.Eyegear.GreaterMinor	SOURCEPAGE:p.226	WT:0
Kinsight Goggles	COST:7500	TYPE:Magic.Wondrous.Eyegear.GreaterMinor	SOURCEPAGE:p.226	WT:1
Lenses of Detection	COST:3500	TYPE:Magic.Wondrous.Eyegear.LesserMinor	SOURCEPAGE:p.226	WT:1
Lenses of Figment Piercing	COST:12000	TYPE:Magic.Wondrous.Eyegear.LesserMedium	SOURCEPAGE:p.226	WT:0
Mindmaster's Eyes	COST:95000	TYPE:Magic.Wondrous.Eyegear.GreaterMajor	SOURCEPAGE:p.226	WT:0
Monocle of the Investigator	COST:66000	TYPE:Magic.Wondrous.Eyegear.GreaterMajor	SOURCEPAGE:p.226	WT:0
Pirate's Eye Patch	COST:2600	TYPE:Magic.Wondrous.Eyegear.LesserMinor	SOURCEPAGE:p.227	WT:0
Rainbow Lenses	COST:21000	TYPE:Magic.Wondrous.Eyegear.GreaterMedium	SOURCEPAGE:p.227	WT:0
Sea Tyrant's Patch	COST:70000	TYPE:Magic.Wondrous.Eyegear.GreaterMajor	SOURCEPAGE:p.227	WT:0
Sniper Goggles	COST:20000	TYPE:Magic.Wondrous.Eyegear.GreaterMedium	SOURCEPAGE:p.227	WT:1
Sniper Goggles (Greater)	OUTPUTNAME:Sniper Goggles, Greater	COST:50000	TYPE:Magic.Wondrous.Eyegear.LesserMajor	SOURCEPAGE:p.227	WT:1
Spectacles of Understanding	COST:3000	TYPE:Magic.Wondrous.Eyegear.LesserMinor	SOURCEPAGE:p.227	WT:0
Swordmaster's Blindfold	COST:80000	TYPE:Magic.Wondrous.Eyegear.GreaterMajor	SOURCEPAGE:p.227	WT:0
Treasure Hunter's Goggles	COST:6400	TYPE:Magic.Wondrous.Eyegear.GreaterMinor	SOURCEPAGE:p.227	WT:0
Truesight Goggles	COST:184800	TYPE:Magic.Wondrous.Eyegear.GreaterMajor	SOURCEPAGE:p.227	WT:0

###Block:Feet
# Equipment Name					Type				Cost		Weight	Source Page
Acrobat Slippers	COST:3000	TYPE:Magic.Wondrous.Boot.LesserMinor	SOURCEPAGE:p.228	WT:2
Boots of Elvenkind.MOD	COST:2500	TYPE:LesserMinor	SOURCEPAGE:p.228	WT:1	SOURCELONG:Ultimate Equipment	SOURCESHORT:UE
Boots of Escape	COST:8000	TYPE:Magic.Wondrous.Boot.LesserMedium	SOURCEPAGE:p.228	WT:1
Boots of Friendly Terrain (Cold)		TYPE:Magic.Wondrous.Boot.LesserMinor			COST:2400	WT:1		SOURCEPAGE:p.228
Boots of Friendly Terrain (Desert)		TYPE:Magic.Wondrous.Boot.LesserMinor			COST:2400	WT:1		SOURCEPAGE:p.228
Boots of Friendly Terrain (Forest)		TYPE:Magic.Wondrous.Boot.LesserMinor			COST:2400	WT:1		SOURCEPAGE:p.228
Boots of Friendly Terrain (Jungle)		TYPE:Magic.Wondrous.Boot.LesserMinor			COST:2400	WT:1		SOURCEPAGE:p.228
Boots of Friendly Terrain (Mountain)	TYPE:Magic.Wondrous.Boot.LesserMinor			COST:2400	WT:1		SOURCEPAGE:p.228
Boots of Friendly Terrain (Plains)		TYPE:Magic.Wondrous.Boot.LesserMinor			COST:2400	WT:1		SOURCEPAGE:p.228
Boots of Friendly Terrain (Planes)		TYPE:Magic.Wondrous.Boot.LesserMinor			COST:2400	WT:1		SOURCEPAGE:p.228
Boots of Friendly Terrain (Swamp)		TYPE:Magic.Wondrous.Boot.LesserMinor			COST:2400	WT:1		SOURCEPAGE:p.228
Boots of Friendly Terrain (Underground)	TYPE:Magic.Wondrous.Boot.LesserMinor			COST:2400	WT:1		SOURCEPAGE:p.228
Boots of Friendly Terrain (Urban)		TYPE:Magic.Wondrous.Boot.LesserMinor			COST:2400	WT:1		SOURCEPAGE:p.228
Boots of Friendly Terrain (Water)		TYPE:Magic.Wondrous.Boot.LesserMinor			COST:2400	WT:1		SOURCEPAGE:p.228
Boots of Levitation.MOD	COST:7500	TYPE:GreaterMinor	SOURCEPAGE:p.228	WT:1	SOURCELONG:Ultimate Equipment	SOURCESHORT:UE
Boots of Speed.MOD	COST:12000	TYPE:LesserMedium	SOURCEPAGE:p.228	WT:1	SOURCELONG:Ultimate Equipment	SOURCESHORT:UE
Boots of Striding and Springing.MOD	COST:5500	TYPE:GreaterMinor	SOURCEPAGE:p.228	WT:1	SOURCELONG:Ultimate Equipment	SOURCESHORT:UE
Boots of Teleportation.MOD	COST:49000	TYPE:LesserMajor	SOURCEPAGE:p.228	WT:3	SOURCELONG:Ultimate Equipment	SOURCESHORT:UE
Boots of the Cat	COST:1000	TYPE:Magic.Wondrous.Boot.LesserMinor	SOURCEPAGE:p.229	WT:1
Boots of the Enduring March	COST:1500	TYPE:Magic.Wondrous.Boot.LesserMinor	SOURCEPAGE:p.229	WT:2
Boots of the Mastodon	COST:10500	TYPE:Magic.Wondrous.Boot.LesserMedium	SOURCEPAGE:p.229	WT:2
Boots of the Mire	COST:3500	TYPE:Magic.Wondrous.Boot.LesserMinor	SOURCEPAGE:p.229	WT:1
Boots of the Winterlands.MOD	COST:2500	TYPE:LesserMinor	SOURCEPAGE:p.230	WT:1	SOURCELONG:Ultimate Equipment	SOURCESHORT:UE
Burglar Boots (Major)	OUTPUTNAME:Burglar Boots, Major	COST:46000	TYPE:Magic.Wondrous.Boot.LesserMajor	SOURCEPAGE:p.230	WT:0.5
Burglar Boots (Minor)	OUTPUTNAME:Burglar Boots, Minor	COST:4000	TYPE:Magic.Wondrous.Boot.GreaterMinor	SOURCEPAGE:p.230	WT:0.5
Caltrop Boots	COST:10000	TYPE:Magic.Wondrous.Boot.LesserMedium	SOURCEPAGE:p.230	WT:1
Daredevil Boots	COST:1400	TYPE:Magic.Wondrous.Boot.LesserMinor	SOURCEPAGE:p.230	WT:1
Dryad Sandals	COST:24000	TYPE:Magic.Wondrous.Boot.GreaterMedium	SOURCEPAGE:p.230	WT:1
Earth Root Boots	COST:8000	TYPE:Magic.Wondrous.Boot.LesserMedium	SOURCEPAGE:p.230	WT:2
Feather Step Slippers	COST:2000	TYPE:Magic.Wondrous.Boot.LesserMinor	SOURCEPAGE:p.231	WT:1
Getaway Boots	COST:30000	TYPE:Magic.Wondrous.Boot.LesserMajor	SOURCEPAGE:p.231	WT:1
Haunted Shoes	COST:6480	TYPE:Magic.Wondrous.Boot.GreaterMinor	SOURCEPAGE:p.231	WT:1
Horseshoes of a Zephyr.MOD	COST:6000	TYPE:GreaterMinor	SOURCEPAGE:p.231	WT:4	SOURCELONG:Ultimate Equipment	SOURCESHORT:UE
Horseshoes of Crushing Blows +1	COST:4000	TYPE:Magic.Wondrous.Feet.GreaterMinor	SOURCEPAGE:p.231	WT:4
Horseshoes of Crushing Blows +2	COST:16000	TYPE:Magic.Wondrous.Feet.LesserMedium	SOURCEPAGE:p.231	WT:4
Horseshoes of Crushing Blows +3	COST:36000	TYPE:Magic.Wondrous.Feet.LesserMajor	SOURCEPAGE:p.231	WT:4
Horseshoes of Crushing Blows +4	COST:64000	TYPE:Magic.Wondrous.Feet.GreaterMajor	SOURCEPAGE:p.231	WT:4
Horseshoes of Crushing Blows +5	COST:100000	TYPE:Magic.Wondrous.Feet.GreaterMajor	SOURCEPAGE:p.231	WT:4
Horseshoes of Glory	COST:39600	TYPE:Magic.Wondrous.Feet.LesserMajor	SOURCEPAGE:p.231	WT:12
Horseshoes of Mist	COST:27000	TYPE:Magic.Wondrous.Feet.GreaterMedium	SOURCEPAGE:p.232	WT:12
Horseshoes of Speed.MOD	COST:3000	TYPE:LesserMinor	SOURCEPAGE:p.232	WT:12	SOURCELONG:Ultimate Equipment	SOURCESHORT:UE
Jaunt Boots	COST:7200	TYPE:Magic.Wondrous.Boot.GreaterMinor	SOURCEPAGE:p.232	WT:2
Nightmare Boots	COST:8500	TYPE:Magic.Wondrous.Boot.LesserMedium	SOURCEPAGE:p.232	WT:3
Nightmare Horseshoes	COST:9000	TYPE:Magic.Wondrous.Boot.LesserMedium	SOURCEPAGE:p.232	WT:1
Sandals of Quick Reaction	COST:4000	TYPE:Magic.Wondrous.Boot.GreaterMinor	SOURCEPAGE:p.232	WT:1
Sandals of the Lightest Step	COST:5000	TYPE:Magic.Wondrous.Boot.GreaterMinor	SOURCEPAGE:p.232	WT:0.5
Shoes of Lightning Leaping	COST:10500	TYPE:Magic.Wondrous.Boot.LesserMedium	SOURCEPAGE:p.233	WT:1
Shoes of the Firewalker	COST:21000	TYPE:Magic.Wondrous.Boot.GreaterMedium	SOURCEPAGE:p.233	WT:1
Slippers of Cloudwalking	COST:4400	TYPE:Magic.Wondrous.Boot.GreaterMinor	SOURCEPAGE:p.233	WT:1
Slippers of Spider Climbing.MOD	COST:4800	TYPE:GreaterMinor	SOURCEPAGE:p.233	WT:1	SOURCELONG:Ultimate Equipment	SOURCESHORT:UE
Slippers of the Triton	COST:56000	TYPE:Magic.Wondrous.Boot.GreaterMajor	SOURCEPAGE:p.233	WT:1
Tremor Boots	COST:10000	TYPE:Magic.Wondrous.Boot.LesserMedium	SOURCEPAGE:p.233	WT:1
Verdant Boots	COST:12000	TYPE:Magic.Wondrous.Boot.LesserMedium	SOURCEPAGE:p.233	WT:1
Boots (Winged).MOD	OUTPUTNAME:Winged Boots	COST:16000	TYPE:LesserMedium	SOURCEPAGE:p.233	WT:2	SOURCELONG:Ultimate Equipment	SOURCESHORT:UE

###Block:Hands
# Equipment Name					Type				Cost		Weight	Source Page
Apprentice's Cheating Gloves	COST:2200	TYPE:Magic.Wondrous.Glove.LesserMinor	SOURCEPAGE:p.234	WT:0
Assisting Gloves	COST:180	TYPE:Magic.Wondrous.Glove.LesserMinor	SOURCEPAGE:p.234	WT:1
Challenger's Gloves	COST:2200	TYPE:Magic.Wondrous.Glove.LesserMinor	SOURCEPAGE:p.234	WT:0
Claws of the Ice Bear	COST:1300	TYPE:Magic.Wondrous.Glove.LesserMinor	SOURCEPAGE:p.234	WT:1
Deliquescent Gloves	COST:8000	TYPE:Magic.Wondrous.Glove.LesserMedium	SOURCEPAGE:p.234	WT:1
Engineer's Workgloves	COST:3000	TYPE:Magic.Wondrous.Glove.LesserMinor	SOURCEPAGE:p.234	WT:0
Form-Fixing Gauntlets	COST:8000	TYPE:Magic.Wondrous.Glove.LesserMedium	SOURCEPAGE:p.234	WT:0.5
Gauntlet of Rust.MOD	COST:11500	TYPE:LesserMedium	SOURCEPAGE:p.235	WT:2	SOURCELONG:Ultimate Equipment	SOURCESHORT:UE
Gauntlet of Rust (Greater)	OUTPUTNAME:Gauntlet of Rust, Greater	COST:34500	TYPE:Magic.Wondrous.Glove.LesserMajor	SOURCEPAGE:p.235	WT:2
Gauntlets of the Skilled Maneuver	COST:4000	TYPE:Magic.Wondrous.Glove.GreaterMinor	SOURCEPAGE:p.235	WT:1
Gauntlets of the Weaponmaster	COST:110000	TYPE:Magic.Wondrous.Glove.GreaterMajor	SOURCEPAGE:p.235	WT:5
Ghostvision Gloves	COST:4000	TYPE:Magic.Wondrous.Glove.GreaterMinor	SOURCEPAGE:p.236	WT:0
Giant Fist Gauntlets	COST:20000	TYPE:Magic.Wondrous.Glove.GreaterMedium	SOURCEPAGE:p.236	WT:5
Glove of Storing.MOD	COST:10000	TYPE:LesserMedium	SOURCEPAGE:p.236	WT:0	SOURCELONG:Ultimate Equipment	SOURCESHORT:UE
Gloves of Arcane Striking	COST:5000	TYPE:Magic.Wondrous.Glove.GreaterMinor	SOURCEPAGE:p.236	WT:1
Gloves of Arrow Snaring.MOD	COST:4000	TYPE:GreaterMinor	SOURCEPAGE:p.236	WT:0	SOURCELONG:Ultimate Equipment	SOURCESHORT:UE
Gloves of Dueling	COST:15000	TYPE:Magic.Wondrous.Glove.LesserMedium	SOURCEPAGE:p.236	WT:0	BONUS:VAR|CMD_Disarm,CMD_Sunder|4	BONUS:VAR|WeaponTrainingBase|2|PREABILITY:1,CATEGORY=Special Ability,Weapon Training
Gloves of Larceny	COST:2500	TYPE:Magic.Wondrous.Glove.LesserMinor	SOURCEPAGE:p.237	WT:1
Gloves of Reconnaissance	COST:2000	TYPE:Magic.Wondrous.Glove.LesserMinor	SOURCEPAGE:p.237	WT:0
Gloves of Shaping	COST:10000	TYPE:Magic.Wondrous.Glove.LesserMedium	SOURCEPAGE:p.237	WT:0
Gloves of Swimming and Climbing.MOD	COST:6250	TYPE:GreaterMinor	SOURCEPAGE:p.237	WT:0	SOURCELONG:Ultimate Equipment	SOURCESHORT:UE
Gloves of the Commanding Conjurer	COST:30000	TYPE:Magic.Wondrous.Glove.LesserMajor	SOURCEPAGE:p.237	WT:0
Gloves of the Shortened Path	COST:27000	TYPE:Magic.Wondrous.Glove.GreaterMedium	SOURCEPAGE:p.237	WT:0
Glowing Glove	COST:2000	TYPE:Magic.Wondrous.Glove.LesserMinor	SOURCEPAGE:p.238	WT:0
Glyphbane Gloves	COST:9000	TYPE:Magic.Wondrous.Glove.LesserMedium	SOURCEPAGE:p.238	WT:0
Healer's Gloves	COST:2500	TYPE:Magic.Wondrous.Glove.LesserMinor	SOURCEPAGE:p.238	WT:0
Iron Cobra Gauntlet	COST:8000	TYPE:Magic.Wondrous.Glove.LesserMedium	SOURCEPAGE:p.238	WT:1
Magnetist's Gloves	COST:6000	TYPE:Magic.Wondrous.Glove.GreaterMinor	SOURCEPAGE:p.238	WT:0
Pliant Gloves	COST:10000	TYPE:Magic.Wondrous.Glove.LesserMedium	SOURCEPAGE:p.238	WT:0
Poisoner's Gloves	COST:5000	TYPE:Magic.Wondrous.Glove.GreaterMinor	SOURCEPAGE:p.239	WT:0
Shadow Falconer's Glove	COST:8000	TYPE:Magic.Wondrous.Glove.LesserMedium	SOURCEPAGE:p.239	WT:1
Spellstrike Gloves	COST:8000	TYPE:Magic.Wondrous.Glove.LesserMedium	SOURCEPAGE:p.239	WT:0
Talons of Leng	COST:67000	TYPE:Magic.Wondrous.Glove.GreaterMajor	SOURCEPAGE:p.239	WT:1
Trapspringer's Gloves	COST:4000	TYPE:Magic.Wondrous.Glove.GreaterMinor	SOURCEPAGE:p.239	WT:1
Vampiric Gloves	COST:18000	TYPE:Magic.Wondrous.Glove.GreaterMedium	SOURCEPAGE:p.239	WT:0

###Block:Head
# Equipment Name					Type				Cost		Weight	Source Page
Batrachian Helm	COST:26000	TYPE:Magic.Wondrous.Headgear.GreaterMedium	SOURCEPAGE:p.240	WT:3
Buffering Cap	COST:2000	TYPE:Magic.Wondrous.Headgear.LesserMinor	SOURCEPAGE:p.240	WT:1
Cap of Human Guise	COST:800	TYPE:Magic.Wondrous.Headgear.LesserMinor	SOURCEPAGE:p.240	WT:0
Cap of Light	COST:900	TYPE:Magic.Wondrous.Headgear.LesserMinor	SOURCEPAGE:p.240	WT:0
Cap of the Free Thinker	COST:12000	TYPE:Magic.Wondrous.Headgear.LesserMedium	SOURCEPAGE:p.240	WT:0
Cat's Eye Crown	COST:18000	TYPE:Magic.Wondrous.Headgear.GreaterMedium	SOURCEPAGE:p.240	WT:1
Circlet of Mindsight	COST:22000	TYPE:Magic.Wondrous.Headgear.GreaterMedium	SOURCEPAGE:p.240	WT:0
Circlet of Persuasion.MOD	COST:4500	TYPE:GreaterMinor	SOURCEPAGE:p.241	WT:0	SOURCELONG:Ultimate Equipment	SOURCESHORT:UE
Crown of Blasting (Major).MOD	COST:23760	TYPE:GreaterMedium	SOURCEPAGE:p.241	WT:1	SOURCELONG:Ultimate Equipment	SOURCESHORT:UE
Crown of Blasting (Minor).MOD	COST:6480	TYPE:GreaterMinor	SOURCEPAGE:p.241	WT:1	SOURCELONG:Ultimate Equipment	SOURCESHORT:UE
Crown of Conquest	COST:24600	TYPE:Magic.Wondrous.Headgear.GreaterMedium	SOURCEPAGE:p.241	WT:3
Crown of Heaven	COST:150000	TYPE:Magic.Wondrous.Headgear.GreaterMajor	SOURCEPAGE:p.242	WT:5
Crown of Swords	COST:6000	TYPE:Magic.Wondrous.Headgear.GreaterMinor	SOURCEPAGE:p.242	WT:3
Grappler's Mask	COST:5000	TYPE:Magic.Wondrous.Headgear.GreaterMinor	SOURCEPAGE:p.242	WT:2
Halo of Inner Calm	COST:16000	TYPE:Magic.Wondrous.Headgear.LesserMedium	SOURCEPAGE:p.242	WT:1
Halo of Menace	COST:84000	TYPE:Magic.Wondrous.Headgear.GreaterMajor	SOURCEPAGE:p.242	WT:1
Hat of Disguise.MOD	COST:1800	TYPE:LesserMinor	SOURCEPAGE:p.243	WT:0	SOURCELONG:Ultimate Equipment	SOURCESHORT:UE
Helm of Brilliance.MOD	COST:125000	TYPE:GreaterMajor	SOURCEPAGE:p.243	WT:3	SOURCELONG:Ultimate Equipment	SOURCESHORT:UE
Helm of Brilliance (Lesser)	OUTPUTNAME:Helm of Brilliance, Lesser	COST:36000	TYPE:Magic.Wondrous.Headgear.LesserMajor	SOURCEPAGE:p.243	WT:3
Helm of Comprehend Languages and Read Magic.MOD	COST:5200	TYPE:GreaterMinor	SOURCEPAGE:p.243	WT:3	SOURCELONG:Ultimate Equipment	SOURCESHORT:UE
Helm of Electric Radiance	COST:125000	TYPE:Magic.Wondrous.Headgear.GreaterMajor	SOURCEPAGE:p.243	WT:3
Helm of Fearsome Mien	COST:5000	TYPE:Magic.Wondrous.Headgear.GreaterMinor	SOURCEPAGE:p.244	WT:4
Helm of Telepathy.MOD	COST:27000	TYPE:GreaterMedium	SOURCEPAGE:p.244	WT:3	SOURCELONG:Ultimate Equipment	SOURCESHORT:UE
Helm of Teleportation.MOD	COST:73500	TYPE:GreaterMajor	SOURCEPAGE:p.244	WT:3	SOURCELONG:Ultimate Equipment	SOURCESHORT:UE
Helm of the Mammoth Lord	COST:8500	TYPE:Magic.Wondrous.Headgear.LesserMedium	SOURCEPAGE:p.244	WT:3
Helm of Underwater Action.MOD	COST:24000	TYPE:GreaterMedium	SOURCEPAGE:p.244	WT:3	SOURCELONG:Ultimate Equipment	SOURCESHORT:UE
Howling Helm	COST:22600	TYPE:Magic.Wondrous.Headgear.GreaterMedium	SOURCEPAGE:p.244	WT:2
Iron Circlet of Guarded Souls	COST:30000	TYPE:Magic.Wondrous.Headgear.LesserMajor	SOURCEPAGE:p.245	WT:1
Jingasa of the Fortunate Soldier	COST:5000	TYPE:Magic.Wondrous.Headgear.GreaterMinor	SOURCEPAGE:p.245	WT:3
Judge's Wig	COST:59200	TYPE:Magic.Wondrous.Headgear.GreaterMajor	SOURCEPAGE:p.245	WT:0
Laurel of Command	COST:30000	TYPE:Magic.Wondrous.Headgear.LesserMajor	SOURCEPAGE:p.245	WT:0
Magician's Hat	COST:20000	TYPE:Magic.Wondrous.Headgear.GreaterMedium	SOURCEPAGE:p.245	WT:0
Mask of a Thousand Tomes	COST:10000	TYPE:Magic.Wondrous.Headgear.LesserMedium	SOURCEPAGE:p.245	WT:1
Mask of Giants (Greater)	OUTPUTNAME:Mask of Giants, Greater	COST:90000	TYPE:Magic.Wondrous.Headgear.GreaterMajor	SOURCEPAGE:p.245	WT:1
Mask of Giants (Lesser)	OUTPUTNAME:Mask of Giants, Lesser	COST:30000	TYPE:Magic.Wondrous.Headgear.LesserMajor	SOURCEPAGE:p.246	WT:1
Mask of Stony Demeanor	COST:500	TYPE:Magic.Wondrous.Headgear.LesserMinor	SOURCEPAGE:p.246	WT:4
Mask of the Krenshar	COST:7200	TYPE:Magic.Wondrous.Headgear.GreaterMinor	SOURCEPAGE:p.246	WT:1
Mask of the Skull.MOD	COST:22000	TYPE:GreaterMedium	SOURCEPAGE:p.246	WT:3	SOURCELONG:Ultimate Equipment	SOURCESHORT:UE
Maw of the Wyrm	COST:18000	TYPE:Magic.Wondrous.Headgear.GreaterMedium	SOURCEPAGE:p.246	WT:3
Medusa Mask	COST:10000	TYPE:Magic.Wondrous.Headgear.LesserMedium	SOURCEPAGE:p.246	WT:1
Miser's Mask	COST:3000	TYPE:Magic.Wondrous.Headgear.LesserMinor	SOURCEPAGE:p.246	WT:1
Mitre of the Hierophant	COST:18000	TYPE:Magic.Wondrous.Headgear.GreaterMedium	SOURCEPAGE:p.247	WT:2
Plague Mask	COST:27000	TYPE:Magic.Wondrous.Headgear.GreaterMedium	SOURCEPAGE:p.247	WT:2
Stalker's Mask	COST:3500	TYPE:Magic.Wondrous.Headgear.LesserMinor	SOURCEPAGE:p.247	WT:1
Steel-Mind Cap	COST:33600	TYPE:Magic.Wondrous.Headgear.LesserMajor	SOURCEPAGE:p.247	WT:3
Stormlord's Helm	COST:35000	TYPE:Magic.Wondrous.Headgear.LesserMajor	SOURCEPAGE:p.247	WT:3
Veil of Fleeting Glances	COST:9000	TYPE:Magic.Wondrous.Headgear.LesserMedium	SOURCEPAGE:p.247	WT:0

###Block:Headband
# Equipment Name					Type				Cost		Weight	Source Page
Band of the Stalwart Warrior	COST:14000	TYPE:Magic.Wondrous.Headband.LesserMedium	SOURCEPAGE:p.248	WT:1
Dead Man's Headband	COST:3600	TYPE:Magic.Wondrous.Headband.LesserMinor	SOURCEPAGE:p.248	WT:1
Headband of Aerial Agility (INT) +2	COST:4500	TYPE:Magic.Wondrous.Headband.Intelligence.GreaterMinor	SOURCEPAGE:p.248	WT:0	BONUS:STAT|INT|2|TYPE=Enhancement
Headband of Aerial Agility (WIS) +2	COST:4500	TYPE:Magic.Wondrous.Headband.GreaterMinor	SOURCEPAGE:p.248	WT:0	BONUS:STAT|WIS|2|TYPE=Enhancement
Headband of Aerial Agility (CHA) +2	COST:4500	TYPE:Magic.Wondrous.Headband.GreaterMinor	SOURCEPAGE:p.248	WT:0	BONUS:STAT|CHA|2|TYPE=Enhancement
Headband of Aerial Agility (INT) +4	COST:42000	TYPE:Magic.Wondrous.Headband.Intelligence.LesserMajor	SOURCEPAGE:p.248	WT:0		BONUS:STAT|INT|4|TYPE=Enhancement
Headband of Aerial Agility (WIS) +4	COST:42000	TYPE:Magic.Wondrous.Headband.LesserMajor	SOURCEPAGE:p.248	WT:0		BONUS:STAT|WIS|4|TYPE=Enhancement
Headband of Aerial Agility (CHA) +4	COST:42000	TYPE:Magic.Wondrous.Headband.LesserMajor	SOURCEPAGE:p.248	WT:0		BONUS:STAT|CHA|4|TYPE=Enhancement
Headband of Aerial Agility (INT) +6	COST:81000	TYPE:Magic.Wondrous.Headband.Intelligence.GreaterMajor	SOURCEPAGE:p.248	WT:0	BONUS:STAT|INT|6|TYPE=Enhancement
Headband of Aerial Agility (CHA) +6	COST:81000	TYPE:Magic.Wondrous.Headband.GreaterMajor	SOURCEPAGE:p.248	WT:0	BONUS:STAT|WIS|6|TYPE=Enhancement
Headband of Aerial Agility (WIS) +6	COST:81000	TYPE:Magic.Wondrous.Headband.GreaterMajor	SOURCEPAGE:p.248	WT:0	BONUS:STAT|CHA|6|TYPE=Enhancement
Headband of Alluring Charisma +2.MOD	COST:4000	TYPE:GreaterMinor	SOURCEPAGE:p.248	WT:1	SOURCELONG:Ultimate Equipment	SOURCESHORT:UE
Headband of Alluring Charisma +4.MOD	COST:16000	TYPE:LesserMedium	SOURCEPAGE:p.248	WT:1	SOURCELONG:Ultimate Equipment	SOURCESHORT:UE
Headband of Alluring Charisma +6.MOD	COST:36000	TYPE:LesserMajor	SOURCEPAGE:p.248	WT:1	SOURCELONG:Ultimate Equipment	SOURCESHORT:UE
Headband of Arcane Energy	COST:20000	TYPE:Magic.Wondrous.Headband.GreaterMedium	SOURCEPAGE:p.248	WT:1
Headband of Counterspelling	COST:20000	TYPE:Magic.Wondrous.Headband.GreaterMedium	SOURCEPAGE:p.248	WT:1
Headband of Deathless Devotion	COST:6400	TYPE:Magic.Wondrous.Headband.GreaterMinor	SOURCEPAGE:p.249	WT:1
Headband of Fortune's Favor	COST:7700	TYPE:Magic.Wondrous.Headband.GreaterMinor	SOURCEPAGE:p.249	WT:1
Headband of Havoc	COST:8000	TYPE:Magic.Wondrous.Headband.LesserMedium	SOURCEPAGE:p.249	WT:1
Headband of Inspired Wisdom +2.MOD	COST:4000	TYPE:GreaterMinor	SOURCEPAGE:p.250	WT:1	SOURCELONG:Ultimate Equipment	SOURCESHORT:UE
Headband of Inspired Wisdom +4.MOD	COST:16000	TYPE:LesserMedium	SOURCEPAGE:p.250	WT:1	SOURCELONG:Ultimate Equipment	SOURCESHORT:UE
Headband of Inspired Wisdom +6.MOD	COST:36000	TYPE:LesserMajor	SOURCEPAGE:p.250	WT:1	SOURCELONG:Ultimate Equipment	SOURCESHORT:UE
Headband of Intuition	COST:7000	TYPE:Magic.Wondrous.Headband.GreaterMinor	SOURCEPAGE:p.250	WT:1
Headband of Ki Focus	COST:5400	TYPE:Magic.Wondrous.Headband.GreaterMinor	SOURCEPAGE:p.250	WT:1
Headband of Knucklebones	COST:27500	TYPE:Magic.Wondrous.Headband.GreaterMedium	SOURCEPAGE:p.250	WT:1
Headband of Mental Prowess (INT/WIS) +2.MOD	COST:10000	TYPE:LesserMedium	SOURCEPAGE:p.250	WT:1	SOURCELONG:Ultimate Equipment	SOURCESHORT:UE
Headband of Mental Prowess (INT/WIS) +4.MOD	COST:40000	TYPE:LesserMedium	SOURCEPAGE:p.250	WT:1	SOURCELONG:Ultimate Equipment	SOURCESHORT:UE
Headband of Mental Prowess (INT/WIS) +6.MOD	COST:90000	TYPE:LesserMedium	SOURCEPAGE:p.250	WT:1	SOURCELONG:Ultimate Equipment	SOURCESHORT:UE
Headband of Mental Prowess (INT/CHA) +2.MOD	COST:10000	TYPE:LesserMedium	SOURCEPAGE:p.250	WT:1	SOURCELONG:Ultimate Equipment	SOURCESHORT:UE
Headband of Mental Prowess (INT/CHA) +4.MOD	COST:40000	TYPE:LesserMedium	SOURCEPAGE:p.250	WT:1	SOURCELONG:Ultimate Equipment	SOURCESHORT:UE
Headband of Mental Prowess (INT/CHA) +6.MOD	COST:90000	TYPE:LesserMedium	SOURCEPAGE:p.250	WT:1	SOURCELONG:Ultimate Equipment	SOURCESHORT:UE
Headband of Mental Prowess (WIS/CHA) +2.MOD	COST:10000	TYPE:LesserMedium	SOURCEPAGE:p.250	WT:1	SOURCELONG:Ultimate Equipment	SOURCESHORT:UE
Headband of Mental Prowess (WIS/CHA) +4.MOD	COST:40000	TYPE:LesserMedium	SOURCEPAGE:p.250	WT:1	SOURCELONG:Ultimate Equipment	SOURCESHORT:UE
Headband of Mental Prowess (WIS/CHA) +6.MOD	COST:90000	TYPE:LesserMedium	SOURCEPAGE:p.250	WT:1	SOURCELONG:Ultimate Equipment	SOURCESHORT:UEHeadband of Mental Prowess +4	COST:40000	TYPE:Magic.Wondrous.Headband.LesserMajor	SOURCEPAGE:p.250	WT:1
Headband of Mental Resilience	COST:64000	TYPE:Magic.Wondrous.Headband.GreaterMajor	SOURCEPAGE:p.250	WT:1
Headband of Mental Superiority +2.MOD	COST:16000	TYPE:LesserMedium	SOURCEPAGE:p.251	WT:1	SOURCELONG:Ultimate Equipment	SOURCESHORT:UE
Headband of Mental Superiority +4.MOD	COST:64000	TYPE:GreaterMajor	SOURCEPAGE:p.251	WT:1	SOURCELONG:Ultimate Equipment	SOURCESHORT:UE
Headband of Mental Superiority +6.MOD	COST:144000	TYPE:GreaterMajor	SOURCEPAGE:p.251	WT:1	SOURCELONG:Ultimate Equipment	SOURCESHORT:UE
Headband of Ninjitsu	COST:15000	TYPE:Magic.Wondrous.Headband.LesserMedium	SOURCEPAGE:p.251	WT:1
Headband of Ponderous Recollection	COST:5100	TYPE:Magic.Wondrous.Headband.GreaterMinor	SOURCEPAGE:p.251	WT:1
Headband of Seduction	COST:40000	TYPE:Magic.Wondrous.Headband.LesserMajor	SOURCEPAGE:p.251	WT:1
Headband of Unshakeable Resolve	COST:5600	TYPE:Magic.Wondrous.Headband.GreaterMinor	SOURCEPAGE:p.251	WT:1
Headband of Vast Intelligence +2.MOD	COST:4000	TYPE:GreaterMinor	SOURCEPAGE:p.251	WT:1	SOURCELONG:Ultimate Equipment	SOURCESHORT:UE
Headband of Vast Intelligence +4.MOD	COST:16000	TYPE:LesserMedium	SOURCEPAGE:p.251	WT:1	SOURCELONG:Ultimate Equipment	SOURCESHORT:UE
Headband of Vast Intelligence +6.MOD	COST:36000	TYPE:LesserMajor	SOURCEPAGE:p.251	WT:1	SOURCELONG:Ultimate Equipment	SOURCESHORT:UE
Hollywreath Band	COST:5700	TYPE:Magic.Wondrous.Headband.GreaterMinor	SOURCEPAGE:p.252	WT:1
Hunter's Band	COST:11000	TYPE:Magic.Wondrous.Headband.LesserMedium	SOURCEPAGE:p.252	WT:1
Phylactery of Faithfulness.MOD	COST:1000	TYPE:LesserMinor	SOURCEPAGE:p.252	WT:0	SOURCELONG:Ultimate Equipment	SOURCESHORT:UE
Phylactery of Negative Channeling.MOD	COST:11000	TYPE:LesserMedium	SOURCEPAGE:p.252	WT:0	SOURCELONG:Ultimate Equipment	SOURCESHORT:UE
Phylactery of Positive Channeling.MOD	COST:11000	TYPE:LesserMedium	SOURCEPAGE:p.252	WT:0	SOURCELONG:Ultimate Equipment	SOURCESHORT:UE
Phylactery of the Shepherd	COST:7000	TYPE:Magic.Wondrous.Headband.GreaterMinor	SOURCEPAGE:p.252	WT:1
Serpent's Band	COST:9000	TYPE:Magic.Wondrous.Headband.LesserMedium	SOURCEPAGE:p.252	WT:1
Shifter's Headband (INT) +2	COST:4500	TYPE:Magic.Wondrous.Headband.Intelligence.GreaterMinor	SOURCEPAGE:p.253	WT:0	BONUS:STAT|INT|2|TYPE=Enhancement
Shifter's Headband (WIS) +2	COST:4500	TYPE:Magic.Wondrous.Headband.GreaterMinor	SOURCEPAGE:p.253	WT:0	BONUS:STAT|WIS|2|TYPE=Enhancement
Shifter's Headband (CHA) +2	COST:4500	TYPE:Magic.Wondrous.Headband.GreaterMinor	SOURCEPAGE:p.253	WT:0	BONUS:STAT|CHA|2|TYPE=Enhancement
Shifter's Headband (INT) +4	COST:17500	TYPE:Magic.Wondrous.Headband.Intelligence.LesserMedium	SOURCEPAGE:p.253	WT:0	BONUS:STAT|INT|4|TYPE=Enhancement
Shifter's Headband (WIS) +4	COST:17500	TYPE:Magic.Wondrous.Headband.LesserMedium	SOURCEPAGE:p.253	WT:0	BONUS:STAT|WIS|4|TYPE=Enhancement
Shifter's Headband (CHA) +4	COST:17500	TYPE:Magic.Wondrous.Headband.LesserMedium	SOURCEPAGE:p.253	WT:0	BONUS:STAT|CHA|4|TYPE=Enhancement
Shifter's Headband (INT) +6	COST:39000	TYPE:Magic.Wondrous.Headband.Intelligence.LesserMajor	SOURCEPAGE:p.253	WT:0	BONUS:STAT|INT|6|TYPE=Enhancement
Shifter's Headband (WIS) +6	COST:39000	TYPE:Magic.Wondrous.Headband.LesserMajor	SOURCEPAGE:p.253	WT:0	BONUS:STAT|WIS|6|TYPE=Enhancement
Shifter's Headband (CHA) +6	COST:39000	TYPE:Magic.Wondrous.Headband.LesserMajor	SOURCEPAGE:p.253	WT:0	BONUS:STAT|CHA|6|TYPE=Enhancement
Soulbound Eye	COST:30000	TYPE:Magic.Wondrous.Headband.LesserMajor	SOURCEPAGE:p.253	WT:0
Veiled Eye	COST:12000	TYPE:Magic.Wondrous.Headband.LesserMedium	SOURCEPAGE:p.253	WT:0
Winter Wolf Headband	COST:32000	TYPE:Magic.Wondrous.Headband.LesserMajor	SOURCEPAGE:p.253	WT:1

###Block:Neck
# Equipment Name					Type				Cost		Weight	Source Page
Aegis of Recovery	COST:1500	TYPE:Magic.Wondrous.Amulet.LesserMinor	SOURCEPAGE:p.254	WT:0
Ampoule of False Blood	COST:20000	TYPE:Magic.Wondrous.Amulet.GreaterMedium	SOURCEPAGE:p.254	WT:0
Amulet of Bullet Protection +1	COST:1500	TYPE:Magic.Wondrous.Amulet.LesserMinor	SOURCEPAGE:p.254	WT:0	SPROP:This amulet, usually crafted from the splintered remains of spent firearm bullets shaped into a rough holy symbol or clover, grants the wearer a luck bonus to AC against firearm attacks that target touch AC.
Amulet of Bullet Protection +2	COST:6000	TYPE:Magic.Wondrous.Amulet.GreaterMinor	SOURCEPAGE:p.254	WT:0	SPROP:This amulet, usually crafted from the splintered remains of spent firearm bullets shaped into a rough holy symbol or clover, grants the wearer a luck bonus to AC against firearm attacks that target touch AC.
Amulet of Bullet Protection +3	COST:13500	TYPE:Magic.Wondrous.Amulet.LesserMedium	SOURCEPAGE:p.254	WT:0	SPROP:This amulet, usually crafted from the splintered remains of spent firearm bullets shaped into a rough holy symbol or clover, grants the wearer a luck bonus to AC against firearm attacks that target touch AC.
Amulet of Bullet Protection +4	COST:24000	TYPE:Magic.Wondrous.Amulet.GreaterMedium	SOURCEPAGE:p.254	WT:0	SPROP:This amulet, usually crafted from the splintered remains of spent firearm bullets shaped into a rough holy symbol or clover, grants the wearer a luck bonus to AC against firearm attacks that target touch AC.
Amulet of Bullet Protection +5	COST:37500	TYPE:Magic.Wondrous.Amulet.LesserMajor	SOURCEPAGE:p.254	WT:0	SPROP:This amulet, usually crafted from the splintered remains of spent firearm bullets shaped into a rough holy symbol or clover, grants the wearer a luck bonus to AC against firearm attacks that target touch AC.
Amulet of Elemental Strife	COST:4000	TYPE:Magic.Wondrous.Amulet.GreaterMinor	SOURCEPAGE:p.254	WT:1
Amulet of Hidden Strength	COST:9000	TYPE:Magic.Wondrous.Amulet.LesserMedium	SOURCEPAGE:p.254	WT:0
Amulet of Magecraft	COST:20000	TYPE:Magic.Wondrous.Amulet.GreaterMedium	SOURCEPAGE:p.255	WT:2	SPROP:Allows a universalist wizard to choose one school of spells each day when he prepares spells. He then can use the necklace to spontaneously convert any prepared wizard spell of that school into any other wizard spell of that school he knows; the desired spell must be of the same level or lower than the prepared spell.|PRETYPE:1,EQMOD=BONDED_OBJECT
Amulet of Mighty Fists +1.MOD	COST:5000	TYPE:GreaterMinor	SOURCEPAGE:p.255	WT:0	SOURCELONG:Ultimate Equipment	SOURCESHORT:UE
Amulet of Mighty Fists +2.MOD	COST:20000	TYPE:GreaterMedium	SOURCEPAGE:p.255	WT:0	SOURCELONG:Ultimate Equipment	SOURCESHORT:UE
Amulet of Mighty Fists +3.MOD	COST:45000	TYPE:LesserMajor	SOURCEPAGE:p.255	WT:0	SOURCELONG:Ultimate Equipment	SOURCESHORT:UE
Amulet of Mighty Fists +4.MOD	COST:80000	TYPE:GreaterMajor	SOURCEPAGE:p.255	WT:0	SOURCELONG:Ultimate Equipment	SOURCESHORT:UE
Amulet of Mighty Fists +5.MOD	COST:125000	TYPE:GreaterMajor	SOURCEPAGE:p.255	WT:0	SOURCELONG:Ultimate Equipment	SOURCESHORT:UE
Amulet of Natural Armor +1.MOD	COST:2000	TYPE:LesserMinor	SOURCEPAGE:p.256	WT:0	SOURCELONG:Ultimate Equipment	SOURCESHORT:UE
Amulet of Natural Armor +2.MOD	COST:8000	TYPE:LesserMedium	SOURCEPAGE:p.256	WT:0	SOURCELONG:Ultimate Equipment	SOURCESHORT:UE
Amulet of Natural Armor +3.MOD	COST:18000	TYPE:GreaterMedium	SOURCEPAGE:p.256	WT:0	SOURCELONG:Ultimate Equipment	SOURCESHORT:UE
Amulet of Natural Armor +4.MOD	COST:32000	TYPE:LesserMajor	SOURCEPAGE:p.256	WT:0	SOURCELONG:Ultimate Equipment	SOURCESHORT:UE
Amulet of Natural Armor +5.MOD	COST:50000	TYPE:GreaterMajor	SOURCEPAGE:p.256	WT:0	SOURCELONG:Ultimate Equipment	SOURCESHORT:UE
Amulet of Proof Against Detection and Location.MOD	COST:35000	TYPE:LesserMajor	SOURCEPAGE:p.256	WT:0	SOURCELONG:Ultimate Equipment	SOURCESHORT:UE
Amulet of Proof Against Petrification	COST:8000	TYPE:Magic.Wondrous.Amulet.LesserMedium	SOURCEPAGE:p.256	WT:0
Amulet of Spell Cunning	COST:10000	TYPE:Magic.Wondrous.Amulet.LesserMedium	SOURCEPAGE:p.256	WT:1	SPROP:Allows a wizard to prepare an additional 3 levels of spells per day.|PRETYPE:1,EQMOD=BONDED_OBJECT
Amulet of Spell Mastery	COST:22000	TYPE:Magic.Wondrous.Amulet.GreaterMedium	SOURCEPAGE:p.256	WT:1
Amulet of the Planes.MOD	COST:120000	TYPE:GreaterMajor	SOURCEPAGE:p.256	WT:0	SOURCELONG:Ultimate Equipment	SOURCESHORT:UE
Brooch of Amber Sparks	COST:16800	TYPE:Magic.Wondrous.Amulet.LesserMedium	SOURCEPAGE:p.256	WT:1
Brooch of Shielding.MOD	COST:1500	TYPE:LesserMinor	SOURCEPAGE:p.257	WT:0	SOURCELONG:Ultimate Equipment	SOURCESHORT:UE
Carcanet of Detention	COST:7200	TYPE:Magic.Wondrous.Amulet.GreaterMinor	SOURCEPAGE:p.257	WT:0
Collar of the True Companion	COST:10000	TYPE:Magic.Wondrous.Amulet.LesserMedium	SOURCEPAGE:p.257	WT:1
Crystal of Healing Hands	COST:12000	TYPE:Magic.Wondrous.Amulet.LesserMedium	SOURCEPAGE:p.257	WT:1
Dragonfoe Amulet	COST:20000	TYPE:Magic.Wondrous.Amulet.GreaterMedium	SOURCEPAGE:p.257	WT:1
Everwake Amulet	COST:8000	TYPE:Magic.Wondrous.Amulet.LesserMedium	SOURCEPAGE:p.257	WT:1
Feychild Necklace	COST:6000	TYPE:Magic.Wondrous.Amulet.GreaterMinor	SOURCEPAGE:p.258	WT:0.5
Forge Fist Amulet	COST:13000	TYPE:Magic.Wondrous.Amulet.LesserMedium	SOURCEPAGE:p.258	WT:1
Frost Fist Amulet	COST:10000	TYPE:Magic.Wondrous.Amulet.LesserMedium	SOURCEPAGE:p.258	WT:1
Scarab (Golembane).MOD	OUTPUTNAME:Golembane Scarab	COST:2500	TYPE:LesserMinor	SOURCEPAGE:p.258	WT:0	SOURCELONG:Ultimate Equipment	SOURCESHORT:UE
Gravewatch Pendant	COST:8000	TYPE:Magic.Wondrous.Amulet.LesserMedium	SOURCEPAGE:p.258	WT:1
Guardian Gorget	COST:12000	TYPE:Magic.Wondrous.Amulet.LesserMedium	SOURCEPAGE:p.258	WT:1
Hand of Glory.MOD	COST:8000	TYPE:LesserMedium	SOURCEPAGE:p.259	WT:2	SOURCELONG:Ultimate Equipment	SOURCESHORT:UE
Hand of Stone	COST:27000	TYPE:Magic.Wondrous.Amulet.GreaterMedium	SOURCEPAGE:p.259	WT:2
Hand of the Mage.MOD	COST:900	TYPE:LesserMinor	SOURCEPAGE:p.259	WT:2	SOURCELONG:Ultimate Equipment	SOURCESHORT:UE
Medallion of Thoughts.MOD	COST:12000	TYPE:LesserMedium	SOURCEPAGE:p.259	WT:0	SOURCELONG:Ultimate Equipment	SOURCESHORT:UE
Mind Sentinel Medallion	COST:3500	TYPE:Magic.Wondrous.Amulet.LesserMinor	SOURCEPAGE:p.259	WT:0
Mummer's Ruff	COST:3500	TYPE:Magic.Wondrous.Amulet.LesserMinor	SOURCEPAGE:p.259	WT:0
Necklace of Adaptation.MOD	COST:9000	TYPE:LesserMedium	SOURCEPAGE:p.259	WT:1	SOURCELONG:Ultimate Equipment	SOURCESHORT:UE
Necklace of Fireballs I.MOD	OUTPUTNAME:Necklace of Fireballs (Type I)	COST:1650	TYPE:LesserMinor	SOURCEPAGE:p.259	WT:1	SOURCELONG:Ultimate Equipment	SOURCESHORT:UE
Necklace of Fireballs II.MOD	OUTPUTNAME:Necklace of Fireballs (Type II)	COST:2700	TYPE:LesserMinor	SOURCEPAGE:p.259	WT:1	SOURCELONG:Ultimate Equipment	SOURCESHORT:UE
Necklace of Fireballs III.MOD	OUTPUTNAME:Necklace of Fireballs (Type III)	COST:4350	TYPE:GreaterMinor	SOURCEPAGE:p.259	WT:1	SOURCELONG:Ultimate Equipment	SOURCESHORT:UE
Necklace of Fireballs IV.MOD	OUTPUTNAME:Necklace of Fireballs (Type IV)	COST:5400	TYPE:GreaterMinor	SOURCEPAGE:p.259	WT:1	SOURCELONG:Ultimate Equipment	SOURCESHORT:UE
Necklace of Fireballs V.MOD	OUTPUTNAME:Necklace of Fireballs (Type V)	COST:5850	TYPE:GreaterMinor	SOURCEPAGE:p.259	WT:1	SOURCELONG:Ultimate Equipment	SOURCESHORT:UE
Necklace of Fireballs VI.MOD	OUTPUTNAME:Necklace of Fireballs (Type VI)	COST:8100	TYPE:LesserMedium	SOURCEPAGE:p.259	WT:1	SOURCELONG:Ultimate Equipment	SOURCESHORT:UE
Necklace of Fireballs VII.MOD	OUTPUTNAME:Necklace of Fireballs (Type VII)	COST:8700	TYPE:LesserMedium	SOURCEPAGE:p.259	WT:1	SOURCELONG:Ultimate Equipment	SOURCESHORT:UE
Necklace of Ki Serenity	COST:16000	TYPE:Magic.Wondrous.Amulet.LesserMedium	SOURCEPAGE:p.260	WT:0	BONUS:VAR|KiPoolLVL|4
Necklace of Netted Stars	COST:42000	TYPE:Magic.Wondrous.Amulet.LesserMajor	SOURCEPAGE:p.260	WT:1
Periapt of Health.MOD	COST:7500	TYPE:GreaterMinor	SOURCEPAGE:p.260	WT:0	SOURCELONG:Ultimate Equipment	SOURCESHORT:UE
Periapt of Proof Against Poison.MOD	COST:27000	TYPE:GreaterMedium	SOURCEPAGE:p.260	WT:0	SOURCELONG:Ultimate Equipment	SOURCESHORT:UE
Periapt of Protection From Curses	COST:12000	TYPE:Magic.Wondrous.Amulet.LesserMedium	SOURCEPAGE:p.260	WT:0
Periapt of Wound Closure.MOD	COST:15000	TYPE:LesserMedium	SOURCEPAGE:p.261	WT:0	SOURCELONG:Ultimate Equipment	SOURCESHORT:UE
Righteous Fist Amulet	COST:4000	TYPE:Magic.Wondrous.Amulet.GreaterMinor	SOURCEPAGE:p.261	WT:0.5
Scarab of Protection.MOD	COST:38000	TYPE:LesserMajor	SOURCEPAGE:p.261	WT:0	SOURCELONG:Ultimate Equipment	SOURCESHORT:UE
Stormlure	COST:5400	TYPE:Magic.Wondrous.Amulet.GreaterMinor	SOURCEPAGE:p.261	WT:0
Swarmbane Clasp	COST:3000	TYPE:Magic.Wondrous.Amulet.LesserMinor	SOURCEPAGE:p.261	WT:0.5
Symbol of Sanguine Protection	COST:17500	TYPE:Magic.Wondrous.Amulet.LesserMedium	SOURCEPAGE:p.261	WT:1
Torc of Lionheart Fury	COST:8000	TYPE:Magic.Wondrous.Amulet.LesserMedium	SOURCEPAGE:p.261	WT:1	ABILITY:Special Ability|AUTOMATIC|Fearless Rage ~ Rage Power|PRECLASS:1,Barbarian=12

###Block:Shoulders
# Equipment Name					Type				Cost		Weight	Source Page
Cape of Effulgent Escape	COST:14000	TYPE:Magic.Wondrous.Cloak.LesserMedium	SOURCEPAGE:p.262	WT:1
Cape of the Mountebank.MOD	COST:10800	TYPE:LesserMedium	SOURCEPAGE:p.262	WT:1	SOURCELONG:Ultimate Equipment	SOURCESHORT:UE
Catching Cape	COST:200	TYPE:Magic.Wondrous.Cloak.LesserMinor	SOURCEPAGE:p.262	WT:3
Charlatan's Cape	COST:45000	TYPE:Magic.Wondrous.Cloak.LesserMajor	SOURCEPAGE:p.262	WT:1
Cloak of Arachnida.MOD	COST:14000	TYPE:LesserMedium	SOURCEPAGE:p.262	WT:1
Cloak of Displacement (Major).MOD	COST:50000	TYPE:GreaterMajor	SOURCEPAGE:p.262	WT:1	SOURCELONG:Ultimate Equipment	SOURCESHORT:UE
Cloak of Displacement (Minor).MOD	COST:24000	TYPE:GreaterMedium	SOURCEPAGE:p.262	WT:1	SOURCELONG:Ultimate Equipment	SOURCESHORT:UE
Cloak of Elvenkind.MOD	COST:2500	TYPE:LesserMinor	SOURCEPAGE:p.263	WT:1	SOURCELONG:Ultimate Equipment	SOURCESHORT:UE
Cloak of Etherealness.MOD	COST:55000	TYPE:GreaterMajor	SOURCEPAGE:p.263	WT:1	SOURCELONG:Ultimate Equipment	SOURCESHORT:UE
Cloak of Fangs	COST:2800	TYPE:Magic.Wondrous.Cloak.LesserMinor	SOURCEPAGE:p.263	WT:1
Cloak of Fiery Vanishing	COST:2600	TYPE:Magic.Wondrous.Cloak.LesserMinor	SOURCEPAGE:p.264	WT:1
Cloak of Human Guise	COST:900	TYPE:Magic.Wondrous.Cloak.LesserMinor	SOURCEPAGE:p.264	WT:1
Cloak of Resistance +1.MOD	COST:1000	TYPE:LesserMinor	SOURCEPAGE:p.264	WT:1	SOURCELONG:Ultimate Equipment	SOURCESHORT:UE
Cloak of Resistance +2.MOD	COST:4000	TYPE:GreaterMinor	SOURCEPAGE:p.264	WT:1	SOURCELONG:Ultimate Equipment	SOURCESHORT:UE
Cloak of Resistance +3.MOD	COST:9000	TYPE:LesserMedium	SOURCEPAGE:p.264	WT:1	SOURCELONG:Ultimate Equipment	SOURCESHORT:UE
Cloak of Resistance +4.MOD	COST:16000	TYPE:LesserMedium	SOURCEPAGE:p.264	WT:1	SOURCELONG:Ultimate Equipment	SOURCESHORT:UE
Cloak of Resistance +5.MOD	COST:25000	TYPE:GreaterMedium	SOURCEPAGE:p.264	WT:1	SOURCELONG:Ultimate Equipment	SOURCESHORT:UE
Cloak of the Bat.MOD	COST:26000	TYPE:GreaterMedium	SOURCEPAGE:p.264	WT:1	SOURCELONG:Ultimate Equipment	SOURCESHORT:UE
Cloak of the Diplomat	COST:20000	TYPE:Magic.Wondrous.Cloak.GreaterMedium	SOURCEPAGE:p.264	WT:1
Cloak of the Duskwalker	COST:10000	TYPE:Magic.Wondrous.Cloak.LesserMedium	SOURCEPAGE:p.264	WT:1
Cloak of the Hedge Wizard	COST:2500	TYPE:Magic.Wondrous.Cloak.LesserMinor	SOURCEPAGE:p.264	WT:1
Cloak of the Manta Ray.MOD	COST:7200	TYPE:GreaterMinor	SOURCEPAGE:p.265	WT:1	SOURCELONG:Ultimate Equipment	SOURCESHORT:UE
Cloak of the Scuttling Rat	COST:6000	TYPE:Magic.Wondrous.Cloak.GreaterMinor	SOURCEPAGE:p.265	WT:1
Cocoon Cloak	COST:10000	TYPE:Magic.Wondrous.Cloak.LesserMedium	SOURCEPAGE:p.265	WT:1
Comfort's Cloak	COST:15600	TYPE:Magic.Wondrous.Cloak.LesserMedium	SOURCEPAGE:p.265	WT:1
Cowardly Crouching Cloak	COST:1800	TYPE:Magic.Wondrous.Cloak.LesserMinor	SOURCEPAGE:p.265	WT:1
Demonspike Pauldrons	COST:14350	TYPE:Magic.Wondrous.Cloak.LesserMedium	SOURCEPAGE:p.265	WT:1
Eagle Cape	COST:7000	TYPE:Magic.Wondrous.Cloak.GreaterMinor	SOURCEPAGE:p.266	WT:1
Gunfighter's Poncho	COST:14000	TYPE:Magic.Wondrous.Cloak.LesserMedium	SOURCEPAGE:p.266	WT:1
Highwayman's Cape	COST:32500	TYPE:Magic.Wondrous.Cloak.LesserMajor	SOURCEPAGE:p.266	WT:1
Hunter's Cloak	COST:7500	TYPE:Magic.Wondrous.Cloak.GreaterMinor	SOURCEPAGE:p.266	WT:1
Jellyfish Cape	COST:19200	TYPE:Magic.Wondrous.Cloak.GreaterMedium	SOURCEPAGE:p.266	WT:1
Juggernaut's Pauldrons	COST:40000	TYPE:Magic.Wondrous.Cloak.LesserMajor	SOURCEPAGE:p.266	WT:1
Lion Cloak	COST:12000	TYPE:Magic.Wondrous.Cloak.LesserMedium	SOURCEPAGE:p.266	WT:1
Mantle of Spores	COST:13400	TYPE:Magic.Wondrous.Cloak.LesserMedium	SOURCEPAGE:p.267	WT:1
Muleback Cords	COST:1000	TYPE:Magic.Wondrous.Cloak.LesserMinor	SOURCEPAGE:p.267	WT:1
Pauldrons of the Bull	COST:10000	TYPE:Magic.Wondrous.Cloak.LesserMedium	SOURCEPAGE:p.267	WT:1
Pauldrons of the Serpent	COST:3000	TYPE:Magic.Wondrous.Cloak.LesserMinor	SOURCEPAGE:p.267	WT:1
Pauldrons of the Watchful Lion	COST:10800	TYPE:Magic.Wondrous.Cloak.LesserMedium	SOURCEPAGE:p.267	WT:1
Prestidigitator's Cloak	COST:17200	TYPE:Magic.Wondrous.Cloak.LesserMedium	SOURCEPAGE:p.267	WT:1
Quickchange Cloak	COST:1500	TYPE:Magic.Wondrous.Cloak.LesserMinor	SOURCEPAGE:p.267	WT:1
Seafoam Shawl	COST:6000	TYPE:Magic.Wondrous.Cloak.GreaterMinor	SOURCEPAGE:p.268	WT:1
Shawl of Life-Keeping	COST:1000	TYPE:Magic.Wondrous.Cloak.LesserMinor	SOURCEPAGE:p.268	WT:1
Shawl of the Crone	COST:16000	TYPE:Magic.Wondrous.Cloak.LesserMedium	SOURCEPAGE:p.268	WT:1
Shield Cloak	COST:1000	TYPE:Magic.Wondrous.Cloak.LesserMinor	SOURCEPAGE:p.268	WT:1
Slashing Cloak	COST:20000	TYPE:Magic.Wondrous.Cloak.GreaterMedium	SOURCEPAGE:p.268	WT:1
Stole of Justice	COST:18000	TYPE:Magic.Wondrous.Cloak.GreaterMedium	SOURCEPAGE:p.268	WT:1
Stone Cloak (Major)	OUTPUTNAME:Stone Cloak, Major	COST:20000	TYPE:Magic.Wondrous.Cloak.GreaterMedium	SOURCEPAGE:p.268	WT:1
Stone Cloak (Minor)	OUTPUTNAME:Stone Cloak, Minor	COST:10000	TYPE:Magic.Wondrous.Cloak.LesserMedium	SOURCEPAGE:p.269	WT:1
Stonemist Cloak	COST:3500	TYPE:Magic.Wondrous.Cloak.LesserMinor	SOURCEPAGE:p.269	WT:1
Tentacle Cloak	COST:14000	TYPE:Magic.Wondrous.Cloak.LesserMedium	SOURCEPAGE:p.269	WT:1
Treeform Cloak	COST:6000	TYPE:Magic.Wondrous.Cloak.GreaterMinor	SOURCEPAGE:p.269	WT:1
Wings of Flying.MOD	COST:54000	TYPE:GreaterMajor	SOURCEPAGE:p.269	WT:2	SOURCELONG:Ultimate Equipment	SOURCESHORT:UE
Wings of the Gargoyle	COST:72000	TYPE:Magic.Wondrous.Cloak.GreaterMajor	SOURCEPAGE:p.269	WT:3
Wyvern Cloak	COST:78600	TYPE:Magic.Wondrous.Cloak.GreaterMajor	SOURCEPAGE:p.269	WT:1

###Block:Wrist
# Equipment Name					Type				Cost		Weight	Source Page
Armbands of the Brawler	COST:500	TYPE:Magic.Wondrous.Bracer.LesserMinor	SOURCEPAGE:p.270	WT:1	BONUS:VAR|CMB_Grapple|1|TYPE=Competence	DESC:These scarred and worn armbands have clearly seen rough use, and are constructed out of coarse leather and fastened 
with thick leather straps.	BENEFIT:They grant their wearer a +1 competence bonus on grapple checks and checks to break a grapple. 
Arrowmaster's Bracers	COST:13900	TYPE:Magic.Wondrous.Bracer.LesserMedium	SOURCEPAGE:p.270	WT:1
Bonebreaker Gauntlets	COST:6000	TYPE:Magic.Wondrous.Bracer.GreaterMinor	SOURCEPAGE:p.270	WT:2
Bracelet of Bargaining	COST:14500	TYPE:Magic.Wondrous.Bracer.LesserMedium	SOURCEPAGE:p.270	WT:0
Bracelet of Friends.MOD	COST:19000	TYPE:GreaterMedium	SOURCEPAGE:p.270	WT:0	SOURCELONG:Ultimate Equipment	SOURCESHORT:UE
Bracelet of Mercy	COST:15000	TYPE:Magic.Wondrous.Bracer.LesserMedium	SOURCEPAGE:p.270	WT:0
Bracelet of Second Chances	COST:15750	TYPE:Magic.Wondrous.Bracer.LesserMedium	SOURCEPAGE:p.270	WT:0
Bracers of Archery (Greater).MOD	COST:25000	TYPE:GreaterMedium	SOURCEPAGE:p.271	WT:1	SOURCELONG:Ultimate Equipment	SOURCESHORT:UE
Bracers of Archery (Lesser).MOD	COST:5000	TYPE:GreaterMinor	SOURCEPAGE:p.271	WT:1	SOURCELONG:Ultimate Equipment	SOURCESHORT:UE
Bracers of Armor +1.MOD	COST:1000	TYPE:LesserMinor	SOURCEPAGE:p.271	WT:1	SOURCELONG:Ultimate Equipment	SOURCESHORT:UE
Bracers of Armor +2.MOD	COST:4000	TYPE:GreaterMinor	SOURCEPAGE:p.271	WT:1	SOURCELONG:Ultimate Equipment	SOURCESHORT:UE
Bracers of Armor +3.MOD	COST:9000	TYPE:LesserMedium	SOURCEPAGE:p.271	WT:1	SOURCELONG:Ultimate Equipment	SOURCESHORT:UE
Bracers of Armor +4.MOD	COST:16000	TYPE:LesserMedium	SOURCEPAGE:p.271	WT:1	SOURCELONG:Ultimate Equipment	SOURCESHORT:UE
Bracers of Armor +5.MOD	COST:25000	TYPE:GreaterMedium	SOURCEPAGE:p.271	WT:1	SOURCELONG:Ultimate Equipment	SOURCESHORT:UE
Bracers of Armor +6.MOD	COST:36000	TYPE:LesserMajor	SOURCEPAGE:p.271	WT:1	SOURCELONG:Ultimate Equipment	SOURCESHORT:UE
Bracers of Armor +7.MOD	COST:49000	TYPE:GreaterMajor	SOURCEPAGE:p.271	WT:1	SOURCELONG:Ultimate Equipment	SOURCESHORT:UE
Bracers of Armor +8.MOD	COST:64000	TYPE:GreaterMajor	SOURCEPAGE:p.271	WT:1	SOURCELONG:Ultimate Equipment	SOURCESHORT:UE
Bracers of Falcon's Aim	COST:4000	TYPE:Magic.Wondrous.Bracer.GreaterMinor	SOURCEPAGE:p.272	WT:1
Bracers of Steadiness	COST:2000	TYPE:Magic.Wondrous.Bracer.LesserMinor	SOURCEPAGE:p.272	WT:2
Bracers of Sworn Vengeance	COST:25000	TYPE:Magic.Wondrous.Bracer.GreaterMedium	SOURCEPAGE:p.272	WT:1
Bracers of the Avenging Knight	COST:11500	TYPE:Magic.Wondrous.Bracer.LesserMedium	SOURCEPAGE:p.272	WT:1
Bracers of the Glib Entertainer	COST:7900	TYPE:Magic.Wondrous.Bracer.GreaterMinor	SOURCEPAGE:p.272	WT:1
Bracers of the Merciful Knight	COST:15600	TYPE:Magic.Wondrous.Bracer.LesserMedium	SOURCEPAGE:p.272	WT:1
Burglar's Bracers	COST:1000	TYPE:Magic.Wondrous.Bracer.LesserMinor	SOURCEPAGE:p.273	WT:1
Charm Bracelet	COST:8000	TYPE:Magic.Wondrous.Bracer.LesserMedium	SOURCEPAGE:p.273	WT:0
Dimensional Shackles.MOD	COST:28000	TYPE:LesserMajor	SOURCEPAGE:p.273	WT:5	SOURCELONG:Ultimate Equipment	SOURCESHORT:UE
Duelist's Vambraces	COST:8000	TYPE:Magic.Wondrous.Bracer.LesserMedium	SOURCEPAGE:p.273	WT:2
Gauntlets of Skill at Arms	COST:30000	TYPE:Magic.Wondrous.Bracer.LesserMajor	SOURCEPAGE:p.273	WT:1
Inquisitor's Bastion Vambraces	COST:4000	TYPE:Magic.Wondrous.Bracer.GreaterMinor	SOURCEPAGE:p.273	WT:3
Longarm Bracers	COST:7200	TYPE:Magic.Wondrous.Bracer.GreaterMinor	SOURCEPAGE:p.274	WT:1
Manacles of Cooperation	COST:2000	TYPE:Magic.Wondrous.Bracer.LesserMinor	SOURCEPAGE:p.274	WT:2
Merciful Vambraces	COST:8000	TYPE:Magic.Wondrous.Bracer.LesserMedium	SOURCEPAGE:p.274	WT:3
Seducer's Bane	COST:9900	TYPE:Magic.Wondrous.Bracer.LesserMedium	SOURCEPAGE:p.274	WT:0
Shackles of Compliance	COST:3280	TYPE:Magic.Wondrous.Bracer.LesserMinor	SOURCEPAGE:p.274	WT:2
Shackles of Durance Vile	COST:16200	TYPE:Magic.Wondrous.Bracer.LesserMedium	SOURCEPAGE:p.274	WT:2
Sleeves of Many Garments	COST:200	TYPE:Magic.Wondrous.Bracer.LesserMinor	SOURCEPAGE:p.275	WT:1
Spellguard Bracers	COST:5000	TYPE:Magic.Wondrous.Bracer.GreaterMinor	SOURCEPAGE:p.275	WT:1
Vambraces of Defense	COST:6000	TYPE:Magic.Wondrous.Bracer.GreaterMinor	SOURCEPAGE:p.275	WT:1
Vambraces of the Genie (Djinni)	COST:18900	TYPE:Magic.Wondrous.Bracer.GreaterMedium	SOURCEPAGE:p.275	WT:3
Vambraces of the Genie (Efreeti)	COST:14400	TYPE:Magic.Wondrous.Bracer.LesserMedium	SOURCEPAGE:p.275	WT:3
Vambraces of the Genie (Marid)	COST:18900	TYPE:Magic.Wondrous.Bracer.GreaterMedium	SOURCEPAGE:p.275	WT:3
Vambraces of the Genie (Shaitan)	COST:18900	TYPE:Magic.Wondrous.Bracer.GreaterMedium	SOURCEPAGE:p.275	WT:3
Vambraces of the Tactician	COST:8000	TYPE:Magic.Wondrous.Bracer.LesserMedium	SOURCEPAGE:p.275	WT:3
Verdant Vine	COST:6000	TYPE:Magic.Wondrous.Bracer.GreaterMinor	SOURCEPAGE:p.275	WT:0
