# CVS $Revision$ $Author$ -- Fri May 24 12:28:16 2013 -- reformated by prettylst.pl v1.50 (build 19091)
SOURCELONG:Ultimate Equipment	SOURCESHORT:UE	SOURCEWEB:http://paizo.com/products/btpy8tmc?Pathfinder-Roleplaying-Game-Ultimate-Equipment	SOURCEDATE:2012-08

# ORIGINAL ENTRY: James Dempsey
# ORIGINAL ENTRY DATE: 13 June 2013

####Block: Ammunition
# Equipment Name		Unique Key					Output Name					Required Weapon Proficiency			Type																	Alternative Type					Cost		Weight	Slot Needed	Critical Hit Multiplier	Critical Hit Range	Alternative Critical	Alternative Critical Range	Damage	Alternative Damage	Modifier					Alternative Modifier		Wield Category	Range		Reach		Reach Multiplier	Size		Source Page		Bonus Equipment Modifiers																Weapon prop. bonus																									Special Property
Arrows (20).MOD	COST:1	BASEQTY:20	WT:3				SOURCEPAGE:p.23
Darts (Blowgun/10).MOD	COST:0.5	BASEQTY:10	WT:0				SOURCEPAGE:p.24	OUTPUTNAME:Blowgun Darts (10)
Bolts (Crossbow/10).MOD	COST:1	BASEQTY:10	WT:1				SOURCEPAGE:p.26	OUTPUTNAME:Crossbow Bolts (10)
Bolts (Crossbow/Repeating/5).MOD	COST:1	BASEQTY:5	WT:1				SOURCEPAGE:p.34	OUTPUTNAME:Repeating Crossbow Bolts (5)
Bullets (Sling/10).MOD	COST:0.1	BASEQTY:10	WT:5				SOURCEPAGE:p.37	OUTPUTNAME:Sling Bullets (10)
Atlatl Dart	COST:1	BASEQTY:1	WT:2	EQMOD:STEEL.WOOD	TYPE:Ammunition.Standard.AtlatlDart	MODS:YES	SOURCEPAGE:p.23
Bamboo Shaft Arrows (10)	COST:1	BASEQTY:10	WT:0.5	EQMOD:STEEL.WOOD	TYPE:Ammunition.Standard.Arrow	MODS:YES	SOURCEPAGE:p.23
Blunt Arrows (20)	COST:2	BASEQTY:20	WT:3	EQMOD:WOOD	TYPE:Ammunition.Standard.Arrow	MODS:YES	SOURCEPAGE:p.24
Flight Arrows (20)	COST:2	BASEQTY:20	WT:3	EQMOD:STEEL.WOOD	TYPE:Ammunition.Standard.Arrow	MODS:YES	SOURCEPAGE:p.27
Kestros Dart (10)	COST:5	BASEQTY:10	WT:5	EQMOD:STEEL.WOOD	TYPE:Ammunition.Standard.KestrosDart	MODS:YES	SOURCEPAGE:p.30
Smoke Arrow	COST:10	BASEQTY:1	WT:0	EQMOD:STEEL.WOOD	TYPE:Ammunition.Standard.Arrow	MODS:YES	SOURCEPAGE:p.37
Whistling Arrows (20)	COST:2	BASEQTY:20	WT:3	EQMOD:STEEL.WOOD	TYPE:Ammunition.Standard.Arrow	MODS:YES	SOURCEPAGE:p.40

###Block: Firearms Ammo
# Equipment Name					Type									Cost		Weight	Base Quantity
Alchemical Cartridge (Dragon's Breath)	TYPE:FirearmGear.Ammo.Ammunition.FirearmCartridge	COST:40
Alchemical Cartridge (Entangling Shot)	TYPE:FirearmGear.Ammo.Ammunition.FirearmCartridge	COST:40
Alchemical Cartridge (Flare)			TYPE:FirearmGear.Ammo.Ammunition.FirearmCartridge	COST:10
Alchemical Cartridge (Paper/Bullet)		TYPE:FirearmGear.Ammo.Ammunition.FirearmCartridge	COST:12
Alchemical Cartridge (Paper/Pellet)		TYPE:FirearmGear.Ammo.Ammunition.FirearmCartridge	COST:12
Alchemical Cartridge (Salt Shot)		TYPE:FirearmGear.Ammo.Ammunition.FirearmCartridge	COST:12
Black Powder (Dose)				TYPE:FirearmGear							COST:10
Black Powder (Keg)				TYPE:FirearmGear							COST:1000	WT:5
Bullet (Firearm)					TYPE:FirearmGear.Ammo.Ammunition.FirearmBullet		COST:1
Bullet (Firearm/30)				TYPE:FirearmGear.Ammo.Ammunition.FirearmBullet		COST:30	WT:.5		BASEQTY:30
Bullet (Firearm/Pitted)				TYPE:FirearmGear.Ammo.Ammunition.FirearmBullet		COST:5
Metal Cartridge					TYPE:FirearmGear.Ammo.Ammunition.FirearmCartridge	COST:15
Pellets (Handful)					TYPE:FirearmGear.Ammo.Ammunition.FirearmPellet		COST:1
Pellets (Handful/30)				TYPE:FirearmGear.Ammo.Ammunition.FirearmPellet		COST:30	WT:.5		BASEQTY:30
