# CVS $Revision$ $Author$ -- Fri May 24 12:28:16 2013 -- reformated by prettylst.pl v1.50 (build 19091)
SOURCELONG:Ultimate Equipment	SOURCESHORT:UE	SOURCEWEB:http://paizo.com/products/btpy8tmc?Pathfinder-Roleplaying-Game-Ultimate-Equipment	SOURCEDATE:2012-08

# ORIGINAL ENTRY: James Dempsey
# ORIGINAL ENTRY DATE: 12 June 2013

# TODO: Need to work out how the Chain Spear works

####Block: Simple Weapons
#------light---------
# Equipment Name		Unique Key					Output Name					Required Weapon Proficiency			Type																	Alternative Type					Cost		Weight	Slot Needed	Critical Hit Multiplier	Critical Hit Range	Alternative Critical	Alternative Critical Range	Damage	Alternative Damage	Modifier					Alternative Modifier		Wield Category	Range		Reach		Reach Multiplier	Size		Source Page		Bonus Equipment Modifiers																Weapon prop. bonus																									Special Property
Battle Aspergillum	PROFICIENCY:WEAPON|Battle Aspergillum	COST:5	DAMAGE:1d6	CRITMULT:x2	CRITRANGE:1	WT:4	EQMOD:STEEL	TYPE:Weapon.Melee.Light.Simple.Bludgeoning.Hammer	SOURCEPAGE:p.23
Brass Knuckles	PROFICIENCY:WEAPON|Brass Knuckles	COST:1	DAMAGE:1d3	CRITMULT:x2	CRITRANGE:1	WT:1	EQMOD:STEEL	TYPE:Weapon.Melee.Light.Simple.Bludgeoning.Gauntlet	SOURCEPAGE:p.24
Cestus	PROFICIENCY:WEAPON|Cestus	COST:5	DAMAGE:1d4	CRITMULT:x2	CRITRANGE:2	WT:1	EQMOD:STEEL	TYPE:Weapon.Melee.Light.Simple.Bludgeoning.Piercing.Gauntlet	SOURCEPAGE:p.25

#-----one handed -------
Mere Club	PROFICIENCY:WEAPON|Mere Club	COST:2	DAMAGE:1d4	CRITMULT:x2	CRITRANGE:1	WT:2	EQMOD:STONE	TYPE:Weapon.Melee.OneHanded.Simple.Bludgeoning.Piercing.Hammer	SOURCEPAGE:p.32

#-----two handed -------
Bayonet	PROFICIENCY:WEAPON|Bayonet	COST:5	DAMAGE:1d6	CRITMULT:x2	CRITRANGE:1	WT:1	EQMOD:STEEL	TYPE:Weapon.Melee.TwoHanded.Simple.Piercing.Spear	SOURCEPAGE:p.24
Boar Spear	PROFICIENCY:WEAPON|Boar Spear	COST:5	DAMAGE:1d8	CRITMULT:x2	CRITRANGE:1	WT:8	EQMOD:STEEL	TYPE:Weapon.Melee.TwoHanded.Simple.Piercing.Spear	SOURCEPAGE:p.24



####Block: Martial Weapons
#------light---------
# Equipment Name		Unique Key					Output Name					Required Weapon Proficiency			Type																	Alternative Type					Cost		Weight	Slot Needed	Critical Hit Multiplier	Critical Hit Range	Alternative Critical	Alternative Critical Range	Damage	Alternative Damage	Modifier					Alternative Modifier		Wield Category	Range		Reach		Reach Multiplier	Size		Source Page		Bonus Equipment Modifiers																Weapon prop. bonus																									Special Property
Butterfly Sword	PROFICIENCY:WEAPON|Butterfly Sword	COST:10	DAMAGE:1d4	CRITMULT:x2	CRITRANGE:2	WT:1	EQMOD:STEEL	TYPE:Weapon.Melee.Light.Martial.Slashing.Monk.Sword	SOURCEPAGE:p.25	WIELD:Light			SIZE:M
Dogslicer	PROFICIENCY:WEAPON|Dogslicer	COST:8	DAMAGE:1d6	CRITMULT:x2	CRITRANGE:2	WT:1	EQMOD:STEEL	TYPE:Weapon.Melee.Light.Martial.Slashing.Sword	SOURCEPAGE:p.26	WIELD:Light			SIZE:M
Gladius	PROFICIENCY:WEAPON|Gladius	COST:15	DAMAGE:1d6	CRITMULT:x2	CRITRANGE:2	WT:3	EQMOD:STEEL	TYPE:Weapon.Melee.Light.Martial.Piercing.Slashing.Sword	SOURCEPAGE:p.28	WIELD:Light			SIZE:M
Jutte	PROFICIENCY:WEAPON|Jutte	COST:8	DAMAGE:1d6	CRITMULT:x2	CRITRANGE:1	WT:1	EQMOD:STEEL	TYPE:Weapon.EasternWeapon.Eastern.Melee.Light.Martial.Bludgeoning.Monk	SOURCEPAGE:p.30	WIELD:Light			SIZE:M
Kerambit	PROFICIENCY:WEAPON|Kerambit	COST:2	DAMAGE:1d3	CRITMULT:x3	CRITRANGE:1	WT:0.1	EQMOD:STEEL	TYPE:Weapon.EasternWeapon.Eastern.Melee.Light.Martial.Slashing.Monk.BladeLight	SOURCEPAGE:p.30	WIELD:Light			SIZE:M
Shang Gou	PROFICIENCY:WEAPON|Shang Gou	COST:6	DAMAGE:1d4	CRITMULT:x2	CRITRANGE:1	WT:1	EQMOD:STEEL	TYPE:Weapon.EasternWeapon.Eastern.Melee.Light.Martial.Slashing.Monk	SOURCEPAGE:p.36	WIELD:Light			SIZE:M
Tonfa	PROFICIENCY:WEAPON|Tonfa	COST:1	DAMAGE:1d6	CRITMULT:x2	CRITRANGE:1	WT:1	EQMOD:WOOD	TYPE:Weapon.EasternWeapon.Eastern.Melee.Light.Martial.Bludgeoning.Monk	SOURCEPAGE:p.39	WIELD:Light			SIZE:M

#-----one handed -------
Double Chicken Saber	PROFICIENCY:WEAPON|Double Chicken Saber	COST:12	DAMAGE:1d6	CRITMULT:x2	CRITRANGE:2	WT:3	EQMOD:STEEL	TYPE:Weapon.EasternWeapon.Eastern.Melee.OneHanded.Martial.Slashing.Monk.Sword	SOURCEPAGE:p.26	WIELD:OneHanded			SIZE:M
Klar	PROFICIENCY:WEAPON|Klar	COST:12	DAMAGE:1d6	CRITMULT:x2	CRITRANGE:1	WT:6	EQMOD:STEEL	TYPE:Weapon.Melee.OneHanded.Martial.Slashing.Shield	SOURCEPAGE:p.31	WIELD:OneHanded			SIZE:M
Broadsword (Nine Ring)	OUTPUTNAME:Nine-Ring Broadsword	PROFICIENCY:WEAPON|Broadsword (Nine Ring)	COST:15	DAMAGE:1d8	CRITMULT:x3	CRITRANGE:1	WT:4	EQMOD:STEEL	TYPE:Weapon.EasternWeapon.Eastern.Melee.OneHanded.Martial.Slashing.Monk.Sword	SOURCEPAGE:p.33	WIELD:OneHanded			SIZE:M
Scizore	PROFICIENCY:WEAPON|Scizore	COST:20	DAMAGE:1d10	CRITMULT:x2	CRITRANGE:1	WT:3	EQMOD:STEEL	TYPE:Weapon.Melee.OneHanded.Martial.Piercing.Gauntlet	SOURCEPAGE:p.36	WIELD:OneHanded			SIZE:M
Sword Cane	PROFICIENCY:WEAPON|Sword Cane	COST:45	DAMAGE:1d6	CRITMULT:x2	CRITRANGE:1	WT:4	EQMOD:STEEL	TYPE:Weapon.Melee.OneHanded.Martial.Piercing.Sword	SOURCEPAGE:p.38	WIELD:OneHanded			SIZE:M
Terbutje	PROFICIENCY:WEAPON|Terbutje	COST:5	DAMAGE:1d8	CRITMULT:x2	CRITRANGE:2	WT:2	EQMOD:WOOD	TYPE:Weapon.Melee.OneHanded.Martial.Slashing	SOURCEPAGE:p.38	WIELD:OneHanded			SIZE:M

#-----two handed -------
Bardiche	PROFICIENCY:WEAPON|Bardiche	COST:13	DAMAGE:1d10	CRITMULT:x2	CRITRANGE:2	WT:14	EQMOD:STEEL	TYPE:Weapon.Melee.TwoHanded.Martial.Slashing.Polearm	SOURCEPAGE:p.23	WIELD:TwoHanded			SIZE:M
Bill	PROFICIENCY:WEAPON|Bill	COST:11	DAMAGE:1d8	CRITMULT:x3	CRITRANGE:1	WT:11	EQMOD:STEEL	TYPE:Weapon.Melee.TwoHanded.Martial.Slashing.Polearm	SOURCEPAGE:p.24	WIELD:TwoHanded			SIZE:M
Earth Breaker	PROFICIENCY:WEAPON|Earth Breaker	COST:40	DAMAGE:2d6	CRITMULT:x3	CRITRANGE:1	WT:14	EQMOD:STEEL	TYPE:Weapon.Melee.TwoHanded.Martial.Bludgeoning.Hammer	SOURCEPAGE:p.27	WIELD:TwoHanded			SIZE:M
Glaive-Guisarme	PROFICIENCY:WEAPON|Glaive-Guisarme	COST:12	DAMAGE:1d10	CRITMULT:x3	CRITRANGE:1	WT:10	EQMOD:STEEL	TYPE:Weapon.Melee.TwoHanded.Martial.Slashing.Polearm	SOURCEPAGE:p.28	WIELD:TwoHanded			SIZE:M
Hooked Lance	PROFICIENCY:WEAPON|Hooked Lance	COST:3	DAMAGE:1d8	CRITMULT:x4	CRITRANGE:1	WT:10	EQMOD:STEEL	TYPE:Weapon.EasternWeapon.Eastern.Melee.TwoHanded.Martial.Piercing.Monk.Spear	SOURCEPAGE:p.29	WIELD:TwoHanded			SIZE:M
Horsechopper	PROFICIENCY:WEAPON|Horsechopper	COST:10	DAMAGE:1d10	CRITMULT:x3	CRITRANGE:1	WT:12	EQMOD:STEEL	TYPE:Weapon.Melee.TwoHanded.Martial.Piercing.Slashing.Polearm	SOURCEPAGE:p.30	WIELD:TwoHanded			SIZE:M
Lucerne Hammer	PROFICIENCY:WEAPON|Lucerne Hammer	COST:15	DAMAGE:1d12	CRITMULT:x2	CRITRANGE:1	WT:12	EQMOD:STEEL	TYPE:Weapon.Melee.TwoHanded.Martial.Bludgeoning.Piercing.Polearm	SOURCEPAGE:p.32	WIELD:TwoHanded			SIZE:M
Mattock	PROFICIENCY:WEAPON|Mattock	COST:12	DAMAGE:2d4	CRITMULT:x4	CRITRANGE:1	WT:12	EQMOD:STEEL	TYPE:Weapon.Melee.TwoHanded.Martial.Piercing	SOURCEPAGE:p.32	WIELD:TwoHanded			SIZE:M
Monk's Spade	PROFICIENCY:WEAPON|Monk's Spade	COST:20	DAMAGE:1d6	CRITMULT:x2	CRITRANGE:1	WT:12	EQMOD:STEEL	TYPE:Weapon.EasternWeapon.Eastern.Melee.TwoHanded.Martial.Bludgeoning.Slashing.Double.Monk.Polearm	SOURCEPAGE:p.33	ALTTYPE:Weapon.Melee.Exotic.Piercing.Slashing	ALTDAMAGE:1d6	ALTCRITMULT:x2	ALTCRITRANGE:1	WIELD:TwoHanded			SIZE:M
Naginata	PROFICIENCY:WEAPON|Naginata	COST:35	DAMAGE:1d8	CRITMULT:x4	CRITRANGE:1	WT:9	EQMOD:STEEL	TYPE:Weapon.EasternWeapon.Eastern.Melee.TwoHanded.Martial.Slashing.Monk.Polearm	SOURCEPAGE:p.33	WIELD:TwoHanded			SIZE:M
Nodachi	PROFICIENCY:WEAPON|Nodachi	COST:60	DAMAGE:1d10	CRITMULT:x2	CRITRANGE:3	WT:8	EQMOD:STEEL	TYPE:Weapon.EasternWeapon.Eastern.Melee.TwoHanded.Martial.Piercing.Slashing.Monk.Sword	SOURCEPAGE:p.33	WIELD:TwoHanded			SIZE:M
Ogre Hook	PROFICIENCY:WEAPON|Ogre Hook	COST:24	DAMAGE:1d10	CRITMULT:x3	CRITRANGE:1	WT:10	EQMOD:STEEL	TYPE:Weapon.Melee.TwoHanded.Martial.Piercing.Polearm	SOURCEPAGE:p.33	WIELD:TwoHanded			SIZE:M
Rhomphaia	PROFICIENCY:WEAPON|Rhomphaia	COST:15	DAMAGE:2d4	CRITMULT:x3	CRITRANGE:1	WT:10	EQMOD:STEEL	TYPE:Weapon.Melee.TwoHanded.Martial.Piercing.Slashing.Polearm	SOURCEPAGE:p.35	WIELD:TwoHanded			SIZE:M
Sansetsukon	PROFICIENCY:WEAPON|Sansetsukon	COST:8	DAMAGE:1d10	CRITMULT:x2	CRITRANGE:2	WT:3	EQMOD:WOOD	TYPE:Weapon.EasternWeapon.Eastern.Melee.TwoHanded.Martial.Bludgeoning.Monk.Quarterstaff	SOURCEPAGE:p.35	WIELD:TwoHanded			SIZE:M
Tepoztopilli	PROFICIENCY:WEAPON|Tepoztopilli	COST:8	DAMAGE:1d10	CRITMULT:x2	CRITRANGE:2	WT:8	EQMOD:STEEL	TYPE:Weapon.Melee.TwoHanded.Martial.Piercing.Slashing.Polearm	SOURCEPAGE:p.38	WIELD:TwoHanded			SIZE:M
Tiger Fork	PROFICIENCY:WEAPON|Tiger Fork	COST:5	DAMAGE:1d8	CRITMULT:x2	CRITRANGE:1	WT:8	EQMOD:STEEL	TYPE:Weapon.EasternWeapon.Eastern.Melee.TwoHanded.Martial.Piercing.Monk.Polearm	SOURCEPAGE:p.39	WIELD:TwoHanded			SIZE:M
Sword (Tri-Point Double-Edged)	OUTPUTNAME:Tri-Point Double-Edged Sword	PROFICIENCY:WEAPON|Sword (Tri-Point Double-Edged)	COST:12	DAMAGE:1d10	CRITMULT:x3	CRITRANGE:1	WT:14	EQMOD:STEEL	TYPE:Weapon.EasternWeapon.Eastern.Melee.TwoHanded.Martial.Piercing.Monk.Sword	SOURCEPAGE:p.39	WIELD:TwoHanded			SIZE:M



####Block: Exotic Weapons
#------light---------
# Equipment Name		Unique Key					Output Name					Required Weapon Proficiency			Type																	Alternative Type					Cost		Weight	Slot Needed	Critical Hit Multiplier	Critical Hit Range	Alternative Critical	Alternative Critical Range	Damage	Alternative Damage	Modifier					Alternative Modifier		Wield Category	Range		Reach		Reach Multiplier	Size		Source Page		Bonus Equipment Modifiers																Weapon prop. bonus																									Special Property
Dan Bong	PROFICIENCY:WEAPON|Dan Bong	COST:0.1	DAMAGE:1d3	CRITMULT:x2	CRITRANGE:2	RANGE:10	WT:0.1	EQMOD:WOOD	TYPE:Weapon.EasternWeapon.Eastern.Melee.Light.Exotic.Bludgeoning.Blocking.Monk.Hammer	SOURCEPAGE:p.26	WIELD:Light			SIZE:M
Emei Piercer	PROFICIENCY:WEAPON|Emei Piercer	COST:3	DAMAGE:1d3	CRITMULT:x2	CRITRANGE:2	WT:0.1	EQMOD:STEEL	TYPE:Weapon.EasternWeapon.Eastern.Melee.Light.Exotic.Piercing.Monk.Spiked	SOURCEPAGE:p.27	WIELD:Light			SIZE:M
Fighting Fan	PROFICIENCY:WEAPON|Fighting Fan	PROFICIENCY:WEAPON|Fighting Fan	COST:5	DAMAGE:1d4	CRITMULT:x3	CRITRANGE:1	WT:0.1	EQMOD:STEEL	TYPE:Weapon.EasternWeapon.Eastern.Melee.Light.Exotic.Piercing.Monk	SOURCEPAGE:p.27	WIELD:Light			SIZE:M
Knuckle Axe	PROFICIENCY:WEAPON|Knuckle Axe	COST:9	DAMAGE:1d6	CRITMULT:x3	CRITRANGE:1	WT:2	EQMOD:STEEL	TYPE:Weapon.Melee.Light.Exotic.Slashing.Axe	SOURCEPAGE:p.31	WIELD:Light			SIZE:M
Pata	PROFICIENCY:WEAPON|Pata	COST:14	DAMAGE:1d6	CRITMULT:x3	CRITRANGE:1	WT:3	EQMOD:STEEL	TYPE:Weapon.Melee.Light.Exotic.Piercing.BladeLight	SOURCEPAGE:p.34	WIELD:Light			SIZE:M
Quadrens	PROFICIENCY:WEAPON|Quadrens	COST:8	DAMAGE:1d6	CRITMULT:x2	CRITRANGE:2	WT:2	EQMOD:STEEL	TYPE:Weapon.Melee.Light.Exotic.Piercing.BladeLight	SOURCEPAGE:p.34	WIELD:Light			SIZE:M
Scorpion Whip	PROFICIENCY:WEAPON|Scorpion Whip	COST:5	DAMAGE:1d4	CRITMULT:x2	CRITRANGE:1	WT:3	EQMOD:STEEL	TYPE:Weapon.Melee.Light.Exotic.Slashing.Flail	SOURCEPAGE:p.36	WIELD:Light			SIZE:M
Sica	PROFICIENCY:WEAPON|Sica	COST:10	DAMAGE:1d6	CRITMULT:x2	CRITRANGE:1	WT:2	EQMOD:STEEL	TYPE:Weapon.Melee.Light.Exotic.Slashing.BladeLight	SOURCEPAGE:p.37	WIELD:Light			SIZE:M
Swordbreaker Dagger	PROFICIENCY:WEAPON|Swordbreaker Dagger	COST:10	DAMAGE:1d4	CRITMULT:x2	CRITRANGE:1	WT:3	EQMOD:STEEL	TYPE:Weapon.Melee.Light.Exotic.Slashing.BladeLight	SOURCEPAGE:p.38	WIELD:Light			SIZE:M
Tekko-Kagi (Iron Claw)	PROFICIENCY:WEAPON|Tekko-Kagi (Iron Claw)	COST:2	DAMAGE:1d3	CRITMULT:x2	CRITRANGE:1	WT:0.1	EQMOD:STEEL	TYPE:Weapon.EasternWeapon.Eastern.Melee.Light.Exotic.Piercing.Monk.Gauntlet	SOURCEPAGE:p.38	WIELD:Light			SIZE:M
Wakizashi	PROFICIENCY:WEAPON|Wakizashi	COST:35	DAMAGE:1d6	CRITMULT:x2	CRITRANGE:3	WT:2	EQMOD:STEEL	TYPE:Weapon.EasternWeapon.Eastern.Melee.Light.Exotic.Piercing.Slashing.Deadly.BladeLight	SOURCEPAGE:p.40	WIELD:Light			SIZE:M

#-----one handed -------
Falcata	PROFICIENCY:WEAPON|Falcata	COST:18	DAMAGE:1d8	CRITMULT:x3	CRITRANGE:2	WT:4	EQMOD:STEEL	TYPE:Weapon.Melee.OneHanded.Exotic.Slashing.BladeLight	SOURCEPAGE:p.27	WIELD:OneHanded			SIZE:M
Great Terbutje	PROFICIENCY:WEAPON|Great Terbutje	COST:12	DAMAGE:1d10	CRITMULT:x2	CRITRANGE:2	WT:4	EQMOD:WOOD	TYPE:Weapon.Melee.OneHanded.Martial.Exotic.Slashing.Sword	SOURCEPAGE:p.28	WIELD:OneHanded			SIZE:M
Hooked Axe	PROFICIENCY:WEAPON|Hooked Axe	COST:20	DAMAGE:1d8	CRITMULT:x3	CRITRANGE:1	WT:7	EQMOD:STEEL	TYPE:Weapon.Melee.OneHanded.Exotic.Slashing.Axe	SOURCEPAGE:p.29	WIELD:OneHanded			SIZE:M
Katana	PROFICIENCY:WEAPON|Katana	COST:50	DAMAGE:1d8	CRITMULT:x2	CRITRANGE:3	WT:6	EQMOD:STEEL	TYPE:Weapon.EasternWeapon.Eastern.Melee.OneHanded.Exotic.Slashing.Sword	SOURCEPAGE:p.30	WIELD:OneHanded			SIZE:M
Khopesh	PROFICIENCY:WEAPON|Khopesh	COST:20	DAMAGE:1d8	CRITMULT:x2	CRITRANGE:2	WT:8	EQMOD:STEEL	TYPE:Weapon.Melee.OneHanded.Exotic.Slashing.Sword	SOURCEPAGE:p.30	WIELD:OneHanded			SIZE:M
Nine-Section Whip	PROFICIENCY:WEAPON|Nine-Section Whip	COST:8	DAMAGE:1d8	CRITMULT:x2	CRITRANGE:2	WT:3	EQMOD:STEEL	TYPE:Weapon.EasternWeapon.Eastern.Melee.OneHanded.Exotic.Bludgeoning.Monk.Trip.Sword	SOURCEPAGE:p.33	WIELD:OneHanded			SIZE:M
Rhoka Sword	PROFICIENCY:WEAPON|Rhoka Sword	COST:25	DAMAGE:1d8	CRITMULT:x2	CRITRANGE:3	WT:6	EQMOD:STEEL	TYPE:Weapon.Melee.OneHanded.Exotic.Slashing.Sword	SOURCEPAGE:p.35	WIELD:OneHanded			SIZE:M
Sawtooth Sabre	PROFICIENCY:WEAPON|Sawtooth Sabre	COST:35	DAMAGE:1d8	CRITMULT:x2	CRITRANGE:2	WT:2	EQMOD:STEEL	TYPE:Weapon.Melee.OneHanded.Exotic.Slashing.Sword	SOURCEPAGE:p.35	WIELD:OneHanded			SIZE:M
Shotel	PROFICIENCY:WEAPON|Shotel	COST:30	DAMAGE:1d8	CRITMULT:x3	CRITRANGE:1	WT:3	EQMOD:STEEL	TYPE:Weapon.Melee.OneHanded.Exotic.Piercing.BladeLight	SOURCEPAGE:p.36	WIELD:OneHanded			SIZE:M
Taiaha	PROFICIENCY:WEAPON|Taiaha	COST:10	DAMAGE:1d10	CRITMULT:x2	CRITRANGE:1	WT:8	EQMOD:WOOD	TYPE:Weapon.Melee.OneHanded.Exotic.Bludgeoning.Double.Hammer	SOURCEPAGE:p.38	ALTTYPE:Weapon.Melee.Exotic.Piercing	ALTDAMAGE:1d6	ALTCRITMULT:x2	ALTCRITRANGE:1	ALTEQMOD:STEEL	WIELD:OneHanded			SIZE:M
Temple Sword	PROFICIENCY:WEAPON|Temple Sword	COST:30	DAMAGE:1d8	CRITMULT:x2	CRITRANGE:2	WT:3	EQMOD:STEEL	TYPE:Weapon.Melee.OneHanded.Exotic.Slashing.Sword	SOURCEPAGE:p.38	WIELD:OneHanded			SIZE:M
Urumi	PROFICIENCY:WEAPON|Urumi	COST:30	DAMAGE:1d8	CRITMULT:x2	CRITRANGE:3	WT:6	EQMOD:STEEL	TYPE:Weapon.EasternWeapon.Eastern.Melee.OneHanded.Exotic.Slashing.Distracting.Sword	SOURCEPAGE:p.40	WIELD:OneHanded			SIZE:M
Wahaika	PROFICIENCY:WEAPON|Wahaika	COST:3	DAMAGE:1d6	CRITMULT:x2	CRITRANGE:1	RANGE:10	WT:3	EQMOD:WOOD	TYPE:Weapon.Melee.OneHanded.Ranged.Thrown.Exotic.Bludgeoning	SOURCEPAGE:p.40	WIELD:OneHanded			SIZE:M

#-----two handed -------
Bo Staff	PROFICIENCY:WEAPON|Bo Staff	COST:1	DAMAGE:1d6	CRITMULT:x2	CRITRANGE:1	WT:3	EQMOD:WOOD	TYPE:Weapon.EasternWeapon.Eastern.Melee.TwoHanded.Exotic.Bludgeoning.Blocking.Monk.Double.Quarterstaff	SOURCEPAGE:p.24	WIELD:TwoHanded			SIZE:M
Chain Spear	PROFICIENCY:WEAPON|Chain Spear	COST:15	DAMAGE:1d6	CRITMULT:x2	CRITRANGE:1	WT:13	EQMOD:STEEL	TYPE:Weapon.Melee.TwoHanded.Exotic.Piercing.Slashing.Double.Spear	SOURCEPAGE:p.25	ALTTYPE:Weapon.Melee.Exotic.Slashing	ALTDAMAGE:1d6	ALTCRITMULT:x2	ALTCRITRANGE:1	WIELD:TwoHanded			SIZE:M
Flying Blade	PROFICIENCY:WEAPON|Flying Blade	COST:40	DAMAGE:1d12	CRITMULT:x3	CRITRANGE:1	WT:12	EQMOD:STEEL	TYPE:Weapon.Melee.TwoHanded.Exotic.Slashing.BladeLight	SOURCEPAGE:p.28	WIELD:TwoHanded			SIZE:M
Kama (Double-Chained)	OUTPUTNAME:Double-Chained Kama	PROFICIENCY:WEAPON|Kama (Double-Chained)	COST:8	DAMAGE:1d6	CRITMULT:x2	CRITRANGE:1	WT:4	EQMOD:STEEL	TYPE:Weapon.EasternWeapon.Eastern.Melee.TwoHanded.Exotic.Slashing.Double.Reach.Trip.Monk.Kama	SOURCEPAGE:p.26	ALTTYPE:Weapon.Melee.Exotic.Slashing	ALTDAMAGE:1d6	ALTCRITMULT:x2	ALTCRITRANGE:1	WIELD:TwoHanded			SIZE:M
Katana (Double Walking Stick)	OUTPUTNAME:Double Walking Stick Katana	PROFICIENCY:WEAPON|Katana (Double Walking Stick)	COST:50	DAMAGE:1d6	CRITMULT:x3	CRITRANGE:1	WT:6	EQMOD:STEEL	TYPE:Weapon.EasternWeapon.Eastern.Melee.TwoHanded.Exotic.Bludgeoning.Double.Sword	SOURCEPAGE:p.26	ALTTYPE:Weapon.Melee.Exotic.Bludgeoning	ALTDAMAGE:1d6	ALTCRITMULT:x2	ALTCRITRANGE:1	WIELD:TwoHanded			SIZE:M
Kusarigama (Sickle and Chain)	OUTPUTNAME:Kusarigama	PROFICIENCY:WEAPON|Kusarigama (Sickle and Chain)	COST:12	DAMAGE:1d3	CRITMULT:x2	CRITRANGE:1	WT:3	EQMOD:STEEL	TYPE:Weapon.EasternWeapon.Eastern.Melee.TwoHanded.Monk.Exotic.Slashing.Double.Reach.Trip.Grapple.Kama	SOURCEPAGE:p.31	ALTTYPE:Weapon.Melee.Exotic.Bludgeoning	ALTDAMAGE:1d6	ALTCRITMULT:x2	ALTCRITRANGE:1	WIELD:TwoHanded			SIZE:M
Mancatcher	PROFICIENCY:WEAPON|Mancatcher	COST:15	DAMAGE:1d2	WT:10	EQMOD:STEEL	TYPE:Weapon.Melee.TwoHanded.Exotic.Piercing.Polearm	SOURCEPAGE:p.32	WIELD:TwoHanded			SIZE:M
Meteor Hammer	PROFICIENCY:WEAPON|Meteor Hammer	COST:10	DAMAGE:1d8	CRITMULT:x2	CRITRANGE:1	WT:10	EQMOD:STEEL	TYPE:Weapon.EasternWeapon.Eastern.Melee.TwoHanded.Exotic.Bludgeoning.Reach.Trip.Hammer	SOURCEPAGE:p.32	WIELD:TwoHanded			SIZE:M
Sword (Seven-Branched)	OUTPUTNAME:Seven-Branched Sword	PROFICIENCY:WEAPON|Sword (Seven-Branched)	COST:50	DAMAGE:1d10	CRITMULT:x3	CRITRANGE:1	WT:7	EQMOD:STEEL	TYPE:Weapon.EasternWeapon.Eastern.Melee.TwoHanded.Exotic.Slashing.Disarm.Monk.Sword	SOURCEPAGE:p.36	WIELD:TwoHanded			SIZE:M
Tetsubo	PROFICIENCY:WEAPON|Tetsubo	COST:20	DAMAGE:1d10	CRITMULT:x4	CRITRANGE:1	WT:10	EQMOD:STEEL	TYPE:Weapon.EasternWeapon.Eastern.Melee.TwoHanded.Exotic.Bludgeoning.Hammer	SOURCEPAGE:p.39	WIELD:TwoHanded			SIZE:M


####Block: Updates to items from the core rules
# Equipment Name		Unique Key					Output Name					Required Weapon Proficiency			Type																	Alternative Type					Cost		Weight	Slot Needed	Critical Hit Multiplier	Critical Hit Range	Alternative Critical	Alternative Critical Range	Damage	Alternative Damage	Modifier					Alternative Modifier		Wield Category	Range		Reach		Reach Multiplier	Size		Source Page		Bonus Equipment Modifiers																Weapon prop. bonus																									Special Property
Axe (Orc Double).MOD	COST:60	WT:15	SOURCEPAGE:p.34	OUTPUTNAME:Orc Double Axe	SOURCELONG:Ultimate Equipment	SOURCESHORT:UE
Axe (Throwing).MOD	COST:8	WT:2	SOURCEPAGE:p.39	OUTPUTNAME:Throwing Axe	SOURCELONG:Ultimate Equipment	SOURCESHORT:UE
Battleaxe.MOD	COST:10	WT:6	SOURCEPAGE:p.24	SOURCELONG:Ultimate Equipment	SOURCESHORT:UE
Bec De Corbin.MOD	COST:15	WT:12	SOURCEPAGE:p.24	SOURCELONG:Ultimate Equipment	SOURCESHORT:UE
Chain (Spiked).MOD	COST:25	WT:10	SOURCEPAGE:p.37	OUTPUTNAME:Spiked Chain	SOURCELONG:Ultimate Equipment	SOURCESHORT:UE
Club.MOD	COST:0	WT:3	SOURCEPAGE:p.25	SOURCELONG:Ultimate Equipment	SOURCESHORT:UE
Curve Blade (Elven).MOD	COST:80	WT:7	SOURCEPAGE:p.27	OUTPUTNAME:Elven Curve Blade	SOURCELONG:Ultimate Equipment	SOURCESHORT:UE
Dagger (Punching).MOD	COST:2	WT:1	SOURCEPAGE:p.34	OUTPUTNAME:Punching Dagger	SOURCELONG:Ultimate Equipment	SOURCESHORT:UE
Dagger.MOD	COST:2	WT:1	SOURCEPAGE:p.26	SOURCELONG:Ultimate Equipment	SOURCESHORT:UE
Falchion.MOD	COST:75	WT:8	SOURCEPAGE:p.27	SOURCELONG:Ultimate Equipment	SOURCESHORT:UE
Flail (Dire).MOD	COST:90	WT:10	SOURCEPAGE:p.26	OUTPUTNAME:Dire Flail	SOURCELONG:Ultimate Equipment	SOURCESHORT:UE
Flail (Heavy).MOD	COST:15	WT:10	SOURCEPAGE:p.29	OUTPUTNAME:Heavy Flail	SOURCELONG:Ultimate Equipment	SOURCESHORT:UE
Flail.MOD	COST:8	WT:5	SOURCEPAGE:p.31	OUTPUTNAME:Light Flail	SOURCELONG:Ultimate Equipment	SOURCESHORT:UE
Gauntlet (Spiked).MOD	COST:5	WT:1	SOURCEPAGE:p.38	OUTPUTNAME:Spiked Gauntlet	SOURCELONG:Ultimate Equipment	SOURCESHORT:UE
Gauntlet.MOD	COST:2	WT:1	SOURCEPAGE:p.28	SOURCELONG:Ultimate Equipment	SOURCESHORT:UE
Glaive.MOD	COST:8	WT:10	SOURCEPAGE:p.28	SOURCELONG:Ultimate Equipment	SOURCESHORT:UE
Greataxe.MOD	COST:20	WT:12	SOURCEPAGE:p.28	SOURCELONG:Ultimate Equipment	SOURCESHORT:UE
Greatclub.MOD	COST:5	WT:8	SOURCEPAGE:p.28	SOURCELONG:Ultimate Equipment	SOURCESHORT:UE
Greatsword.MOD	COST:50	WT:8	SOURCEPAGE:p.28	SOURCELONG:Ultimate Equipment	SOURCESHORT:UE
Guisarme.MOD	COST:9	WT:12	SOURCEPAGE:p.28	SOURCELONG:Ultimate Equipment	SOURCESHORT:UE
Halberd.MOD	COST:10	WT:12	SOURCEPAGE:p.28	SOURCELONG:Ultimate Equipment	SOURCESHORT:UE
Hammer (Gnome Hooked).MOD	COST:20	WT:6	SOURCEPAGE:p.28	OUTPUTNAME:Gnome Hooked Hammer	SOURCELONG:Ultimate Equipment	SOURCESHORT:UE
Hammer (Light).MOD	COST:1	WT:2	SOURCEPAGE:p.31	OUTPUTNAME:Light Hammer	SOURCELONG:Ultimate Equipment	SOURCESHORT:UE
Handaxe.MOD	COST:6	WT:3	SOURCEPAGE:p.29	SOURCELONG:Ultimate Equipment	SOURCESHORT:UE
Kama.MOD	COST:2	WT:2	SOURCEPAGE:p.30	SOURCELONG:Ultimate Equipment	SOURCESHORT:UE
Kukri.MOD	COST:8	WT:2	SOURCEPAGE:p.31	SOURCELONG:Ultimate Equipment	SOURCESHORT:UE
Lance.MOD	COST:10	WT:10	SOURCEPAGE:p.31	SOURCELONG:Ultimate Equipment	SOURCESHORT:UE
Longspear.MOD	COST:5	WT:9	SOURCEPAGE:p.32	SOURCELONG:Ultimate Equipment	SOURCESHORT:UE
Longsword.MOD	COST:15	WT:4	SOURCEPAGE:p.32	SOURCELONG:Ultimate Equipment	SOURCESHORT:UE
Mace (Heavy).MOD	COST:12	WT:8	SOURCEPAGE:p.29	OUTPUTNAME:Heavy Mace	SOURCELONG:Ultimate Equipment	SOURCESHORT:UE
Mace (Light).MOD	COST:5	WT:4	SOURCEPAGE:p.31	OUTPUTNAME:Light Mace	SOURCELONG:Ultimate Equipment	SOURCESHORT:UE
Morningstar.MOD	COST:8	WT:6	SOURCEPAGE:p.33	SOURCELONG:Ultimate Equipment	SOURCESHORT:UE
Net.MOD	COST:20	WT:6	SOURCEPAGE:p.33	SOURCELONG:Ultimate Equipment	SOURCESHORT:UE
Nunchaku.MOD	COST:2	WT:2	SOURCEPAGE:p.33	SOURCELONG:Ultimate Equipment	SOURCESHORT:UE
Pick (Heavy).MOD	COST:8	WT:6	SOURCEPAGE:p.29	OUTPUTNAME:Heavy Pick	SOURCELONG:Ultimate Equipment	SOURCESHORT:UE
Pick (Light).MOD	COST:4	WT:3	SOURCEPAGE:p.32	OUTPUTNAME:Light Pick	SOURCELONG:Ultimate Equipment	SOURCESHORT:UE
Quarterstaff.MOD	COST:0	WT:4	SOURCEPAGE:p.34	SOURCELONG:Ultimate Equipment	SOURCESHORT:UE
Ranseur.MOD	COST:10	WT:12	SOURCEPAGE:p.34	SOURCELONG:Ultimate Equipment	SOURCESHORT:UE
Rapier.MOD	COST:20	WT:2	SOURCEPAGE:p.34	SOURCELONG:Ultimate Equipment	SOURCESHORT:UE
Sai.MOD	COST:1	WT:1	SOURCEPAGE:p.35	SOURCELONG:Ultimate Equipment	SOURCESHORT:UE
Sap.MOD	COST:1	WT:2	SOURCEPAGE:p.35	SOURCELONG:Ultimate Equipment	SOURCESHORT:UE
Scimitar.MOD	COST:15	WT:4	SOURCEPAGE:p.35	SOURCELONG:Ultimate Equipment	SOURCESHORT:UE
Scythe.MOD	COST:18	WT:10	SOURCEPAGE:p.36	SOURCELONG:Ultimate Equipment	SOURCESHORT:UE
Shortspear.MOD	COST:1	WT:3	SOURCEPAGE:p.36	SOURCELONG:Ultimate Equipment	SOURCESHORT:UE
Shuriken.MOD	COST:10	WT:0.5	SOURCEPAGE:p.37	SOURCELONG:Ultimate Equipment	SOURCESHORT:UE
Siangham.MOD	COST:3	WT:1	SOURCEPAGE:p.37	SOURCELONG:Ultimate Equipment	SOURCESHORT:UE
Sickle.MOD	COST:6	WT:2	SOURCEPAGE:p.37	SOURCELONG:Ultimate Equipment	SOURCESHORT:UE
Spear.MOD	COST:2	WT:6	SOURCEPAGE:p.37	SOURCELONG:Ultimate Equipment	SOURCESHORT:UE
Spiked Armor.MOD	COST:+50	WT:5	SOURCEPAGE:p.37	SOURCELONG:Ultimate Equipment	SOURCESHORT:UE
Starknife.MOD	COST:24	WT:3	SOURCEPAGE:p.38	SOURCELONG:Ultimate Equipment	SOURCESHORT:UE
Sword (Bastard).MOD	COST:35	WT:6	SOURCEPAGE:p.23	OUTPUTNAME:Bastard Sword	SOURCELONG:Ultimate Equipment	SOURCESHORT:UE
Sword (Short).MOD	COST:10	WT:2	SOURCEPAGE:p.36	OUTPUTNAME:Shortsword	SOURCELONG:Ultimate Equipment	SOURCESHORT:UE
Sword (Two-Bladed).MOD	COST:100	WT:10	SOURCEPAGE:p.39	OUTPUTNAME:Two-bladed sword	SOURCELONG:Ultimate Equipment	SOURCESHORT:UE
Trident.MOD	COST:15	WT:4	SOURCEPAGE:p.39	SOURCELONG:Ultimate Equipment	SOURCESHORT:UE
Urgrosh (Dwarven).MOD	COST:50	WT:12	SOURCEPAGE:p.27	OUTPUTNAME:Dwarven Urgrosh	SOURCELONG:Ultimate Equipment	SOURCESHORT:UE
Waraxe (Dwarven).MOD	COST:30	WT:8	SOURCEPAGE:p.27	OUTPUTNAME:Dwarven Waraxe	SOURCELONG:Ultimate Equipment	SOURCESHORT:UE
Warhammer.MOD	COST:12	WT:5	SOURCEPAGE:p.40	SOURCELONG:Ultimate Equipment	SOURCESHORT:UE
Whip.MOD	COST:1	WT:2	SOURCEPAGE:p.40	SOURCELONG:Ultimate Equipment	SOURCESHORT:UE
