# CVS $Revision$ $Author$ -- Fri May 24 12:28:16 2013 -- reformated by prettylst.pl v1.50 (build 19091)
SOURCELONG:Ultimate Equipment	SOURCESHORT:UE	SOURCEWEB:http://paizo.com/products/btpy8tmc?Pathfinder-Roleplaying-Game-Ultimate-Equipment	SOURCEDATE:2012-08

# ORIGINAL ENTRY: James Dempsey
# ORIGINAL ENTRY DATE: 12 June 2013

####Block: Simple Weapons
# Equipment Name		Unique Key					Output Name					Required Weapon Proficiency			Type																	Alternative Type					Cost		Weight	Slot Needed	Critical Hit Multiplier	Critical Hit Range	Alternative Critical	Alternative Critical Range	Damage	Alternative Damage	Modifier					Alternative Modifier		Wield Category	Range		Reach		Reach Multiplier	Size		Source Page		Bonus Equipment Modifiers																Weapon prop. bonus																									Special Property
Underwater Heavy Crossbow	PROFICIENCY:WEAPON|Underwater Heavy Crossbow	COST:100	DAMAGE:1d10	CRITMULT:x2	CRITRANGE:2	RANGE:120	WT:8	EQMOD:WOOD	TYPE:Weapon.Ranged.Simple.Piercing.Crossbow	SOURCEPAGE:p.39
Underwater Light Crossbow	PROFICIENCY:WEAPON|Underwater Light Crossbow	COST:70	DAMAGE:1d8	CRITMULT:x2	CRITRANGE:2	RANGE:80	WT:4	EQMOD:WOOD	TYPE:Weapon.Ranged.Simple.Piercing.Crossbow	SOURCEPAGE:p.40



####Block: Martial Weapons
# Equipment Name		Unique Key					Output Name					Required Weapon Proficiency			Type																	Alternative Type					Cost		Weight	Slot Needed	Critical Hit Multiplier	Critical Hit Range	Alternative Critical	Alternative Critical Range	Damage	Alternative Damage	Modifier					Alternative Modifier		Wield Category	Range		Reach		Reach Multiplier	Size		Source Page		Bonus Equipment Modifiers																Weapon prop. bonus																									Special Property
Amentum	PROFICIENCY:WEAPON|Amentum	COST:0	DAMAGE:1d6	CRITMULT:x2	CRITRANGE:1	RANGE:50	WT:1	EQMOD:STEEL	TYPE:Weapon.Ranged.Martial.Piercing.Spear	SOURCEPAGE:p.23
Atlatl	PROFICIENCY:WEAPON|Atlatl	COST:2	DAMAGE:1d6	CRITMULT:x2	CRITRANGE:1	RANGE:50	WT:2	EQMOD:WOOD	TYPE:Weapon.Ranged.Martial.Piercing	SOURCEPAGE:p.23
Hunga Munga	PROFICIENCY:WEAPON|Hunga Munga	COST:4	DAMAGE:1d6	CRITMULT:x2	CRITRANGE:1	RANGE:15	WT:3	EQMOD:STEEL	TYPE:Weapon.Ranged.Thrown.Martial.Piercing.BladeLight	SOURCEPAGE:p.30
Iron Brush	PROFICIENCY:WEAPON|Iron Brush	COST:2	DAMAGE:1d3	CRITMULT:x2	CRITRANGE:1	RANGE:10	WT:0.1	EQMOD:STEEL	TYPE:Weapon.Melee.Light.Ranged.Thrown.Martial.Piercing	SOURCEPAGE:p.30
Lungchuan Tamo	PROFICIENCY:WEAPON|Lungchuan Tamo	COST:5	DAMAGE:1d4	CRITMULT:x2	CRITRANGE:1	RANGE:10	WT:1	EQMOD:STEEL	TYPE:Weapon.Melee.Light.Ranged.Thrown.Martial.Piercing.Slashing.BladeLight	SOURCEPAGE:p.32
Poisoned Sand Tube	PROFICIENCY:WEAPON|Poisoned Sand Tube	COST:1	DAMAGE:Special	WT:1	EQMOD:WOOD	TYPE:Weapon.EasternWeapon.Eastern.Ranged.Martial.Blowgun	SOURCEPAGE:p.34
Sibat	PROFICIENCY:WEAPON|Sibat	COST:2	DAMAGE:1d6	CRITMULT:x3	CRITRANGE:1	RANGE:10	WT:2	EQMOD:STEEL	TYPE:Weapon.Melee.OneHanded.Ranged.Thrown.Martial.Piercing.Slashing.Spear	SOURCEPAGE:p.37
Tube Arrow Shooter	PROFICIENCY:WEAPON|Tube Arrow Shooter	COST:3	DAMAGE:1d4	CRITMULT:x2	CRITRANGE:1	RANGE:40	WT:0.5	EQMOD:STEEL	TYPE:Weapon.EasternWeapon.Eastern.Ranged.Martial.Piercing.Blowgun	SOURCEPAGE:p.39
Wushu Dart	PROFICIENCY:WEAPON|Wushu Dart	COST:0.2	DAMAGE:1d3	CRITMULT:x2	CRITRANGE:1	RANGE:10	WT:0.1	EQMOD:WOOD	TYPE:Weapon.Melee.Light.Ranged.Thrown.Martial.Piercing	SOURCEPAGE:p.40


####Block: Exotic Weapons
# Equipment Name		Unique Key					Output Name					Required Weapon Proficiency			Type																	Alternative Type					Cost		Weight	Slot Needed	Critical Hit Multiplier	Critical Hit Range	Alternative Critical	Alternative Critical Range	Damage	Alternative Damage	Modifier					Alternative Modifier		Wield Category	Range		Reach		Reach Multiplier	Size		Source Page		Bonus Equipment Modifiers																Weapon prop. bonus																									Special Property
Aklys	PROFICIENCY:WEAPON|Aklys	COST:5	DAMAGE:1d8	CRITMULT:x2	CRITRANGE:1	RANGE:20	WT:2	EQMOD:WOOD	TYPE:Weapon.Melee.Light.Ranged.Thrown.Exotic.Bludgeoning	SOURCEPAGE:p.23
Crossbow (Repeating Hand)	PROFICIENCY:WEAPON|Crossbow (Repeating Hand)	COST:800	DAMAGE:1d4	CRITMULT:x2	CRITRANGE:2	RANGE:30	WT:4	EQMOD:WOOD	TYPE:Weapon.Ranged.Exotic.Piercing	SOURCEPAGE:p.35	OUTPUTNAME:Repeating Hand Crossbow
Harpoon	PROFICIENCY:WEAPON|Harpoon	COST:5	DAMAGE:1d8	CRITMULT:x3	CRITRANGE:1	RANGE:10	WT:16	EQMOD:STEEL	TYPE:Weapon.Melee.TwoHanded.Ranged.Thrown.Exotic.Piercing.Spear	SOURCEPAGE:p.29
Kestros	PROFICIENCY:WEAPON|Kestros	COST:1	DAMAGE:1d8	CRITMULT:x3	CRITRANGE:1	RANGE:50	WT:1	EQMOD:LEATHER	TYPE:Weapon.Ranged.Exotic.Piercing.Sling	SOURCEPAGE:p.30
Kyoketsu Shoge	PROFICIENCY:WEAPON|Kyoketsu Shoge	COST:6	DAMAGE:1d4	CRITMULT:x2	CRITRANGE:1	RANGE:20	WT:1	EQMOD:STEEL	TYPE:Weapon.Melee.TwoHanded.Ranged.Thrown.Exotic.Piercing.Slashing.BladeLight	SOURCEPAGE:p.31
Lasso	PROFICIENCY:WEAPON|Lasso	COST:0.1	WT:5	EQMOD:ROPE	TYPE:Weapon.Ranged.Exotic.Thrown	SOURCEPAGE:p.31
Rope Dart	PROFICIENCY:WEAPON|Rope Dart	COST:1	DAMAGE:1d4	CRITMULT:x2	CRITRANGE:1	RANGE:20	WT:0.7	EQMOD:STEEL	TYPE:Weapon.EasternWeapon.Eastern.Ranged.Thrown.Exotic.Piercing.Blocking.Distracting.Monk.BladeLight	SOURCEPAGE:p.35
Snag Net	PROFICIENCY:WEAPON|Snag Net	COST:30	RANGE:10	WT:10	EQMOD:ROPE	TYPE:Weapon.Ranged.Exotic.Piercing.Thrown	SOURCEPAGE:p.37



####Block: Updates to items from the core rules
#------light---------
# Equipment Name		Unique Key					Output Name					Required Weapon Proficiency			Type																	Alternative Type					Cost		Weight	Slot Needed	Critical Hit Multiplier	Critical Hit Range	Alternative Critical	Alternative Critical Range	Damage	Alternative Damage	Modifier					Alternative Modifier		Wield Category	Range		Reach		Reach Multiplier	Size		Source Page		Bonus Equipment Modifiers																Weapon prop. bonus																									Special Property
Blowgun.MOD	COST:2	WT:1	SOURCEPAGE:p.24	SOURCELONG:Ultimate Equipment	SOURCESHORT:UE
Bolas.MOD	COST:5	WT:2	SOURCEPAGE:p.24	SOURCELONG:Ultimate Equipment	SOURCESHORT:UE
Crossbow (Hand).MOD	COST:100	WT:2	SOURCEPAGE:p.29	OUTPUTNAME:Hand Crossbow	SOURCELONG:Ultimate Equipment	SOURCESHORT:UE
Crossbow (Heavy).MOD	COST:50	WT:8	SOURCEPAGE:p.29	OUTPUTNAME:Heavy Crossbow	SOURCELONG:Ultimate Equipment	SOURCESHORT:UE
Crossbow (Light).MOD	COST:35	WT:4	SOURCEPAGE:p.31	OUTPUTNAME:Light Crossbow	SOURCELONG:Ultimate Equipment	SOURCESHORT:UE
Crossbow (Repeating Heavy).MOD	COST:400	WT:12	SOURCEPAGE:p.35	OUTPUTNAME:Repeating Heavy Crossbow	SOURCELONG:Ultimate Equipment	SOURCESHORT:UE
Crossbow (Repeating Light).MOD	COST:250	WT:6	SOURCEPAGE:p.35	OUTPUTNAME:Repeating Light Crossbow	SOURCELONG:Ultimate Equipment	SOURCESHORT:UE
Dart.MOD	COST:0.5	WT:0.5	SOURCEPAGE:p.26	SOURCELONG:Ultimate Equipment	SOURCESHORT:UE
Javelin.MOD	COST:1	WT:2	SOURCEPAGE:p.30	SOURCELONG:Ultimate Equipment	SOURCESHORT:UE
Longbow (Composite).MOD	COST:100	WT:3	SOURCEPAGE:p.25	OUTPUTNAME:Composite Longbow	SOURCELONG:Ultimate Equipment	SOURCESHORT:UE
Longbow.MOD	COST:75	WT:3	SOURCEPAGE:p.32	SOURCELONG:Ultimate Equipment	SOURCESHORT:UE
Shortbow (Composite).MOD	COST:75	WT:2	SOURCEPAGE:p.25	OUTPUTNAME:Composite Shortbow	SOURCELONG:Ultimate Equipment	SOURCESHORT:UE
Shortbow.MOD	COST:30	WT:2	SOURCEPAGE:p.36	SOURCELONG:Ultimate Equipment	SOURCESHORT:UE
Sling Staff (Halfling).MOD	COST:20	WT:3	SOURCEPAGE:p.29	OUTPUTNAME:Halfling Sling Staff	SOURCELONG:Ultimate Equipment	SOURCESHORT:UE
Sling.MOD	COST:0	WT:0.1	SOURCEPAGE:p.37	SOURCELONG:Ultimate Equipment	SOURCESHORT:UE


####Block: Updates to items from the APG
# Equipment Name		Unique Key					Output Name					Required Weapon Proficiency			Type																	Alternative Type					Cost		Weight	Slot Needed	Critical Hit Multiplier	Critical Hit Range	Alternative Critical	Alternative Critical Range	Damage	Alternative Damage	Modifier					Alternative Modifier		Wield Category	Range		Reach		Reach Multiplier	Size		Source Page		Bonus Equipment Modifiers																Weapon prop. bonus																									Special Property
Chakram.MOD	COST:1	WT:1	SOURCEPAGE:p.25	SOURCELONG:Ultimate Equipment	SOURCESHORT:UE
Pilum.MOD	COST:5	WT:4	SOURCEPAGE:p.34	SOURCELONG:Ultimate Equipment	SOURCESHORT:UE
Boomerang.MOD	COST:3	WT:3	SOURCEPAGE:p.24	SOURCELONG:Ultimate Equipment	SOURCESHORT:UE
Crossbow (Double).MOD	OUTPUTNAME:Double Crossbow	COST:300	WT:18		SOURCEPAGE:p.26	SOURCELONG:Ultimate Equipment	SOURCESHORT:UE
