# CVS $Revision: 14380 $ $Author: amaitland $ -- Fri Sep 28 11:29:47 2012 -- reformated by prettylst.pl v1.39 (build 16265)
SOURCELONG:Ultimate Equipment	SOURCESHORT:PFUE	SOURCEWEB:http://paizo.com/products/btpy8tmc?Pathfinder-Roleplaying-Game-Ultimate-Equipment	SOURCEDATE:2012-08
# Pathfinder RPG Entry by: Scott Meyer

###Block: Starting Kits (Buyable)

STARTPACK:Alchemist Equipment		EQUIPBUY:100		APPLY:INSTANT
GEAR:Alchemy Crafting Kit		LOCATION:Not Carried		QTY:1		SIZE:PC
GEAR:Backpack		LOCATION:Equipped		QTY:1		SIZE:PC
GEAR:Bedroll		LOCATION:Backpack		QTY:1		SIZE:PC
GEAR:Belt Pouch		LOCATION:Not Carried		QTY:1		SIZE:PC
GEAR:Flint and Steel		LOCATION:Backpack		QTY:1		SIZE:PC
GEAR:Ink (1 oz Vial)		LOCATION:Backpack		QTY:1		SIZE:PC
GEAR:Inkpen		LOCATION:Backpack		QTY:1		SIZE:PC
GEAR:Iron Pot		LOCATION:Backpack		QTY:1		SIZE:PC
GEAR:Mess Kit		LOCATION:Backpack		QTY:1		SIZE:PC
GEAR:Rope (Hemp/50 ft)		LOCATION:Backpack		QTY:1		SIZE:PC
GEAR:Soap (per lb)		LOCATION:Backpack		QTY:1		SIZE:PC
GEAR:Torch		LOCATION:Not Carried		QTY:9		SIZE:PC
GEAR:Torch		LOCATION:Carried		QTY:1		SIZE:PC
GEAR:Rations (Trail/Per Day)		LOCATION:Backpack		QTY:1		SIZE:PC
GEAR:Rations (Trail/Per Day)		LOCATION:Not Carried		QTY:4		SIZE:PC
GEAR:Waterskin		LOCATION:Backpack		QTY:1		SIZE:PC

STARTPACK:Barbarian Equipment		EQUIPBUY:100		APPLY:INSTANT
GEAR:Backpack		LOCATION:Equipped		QTY:1		SIZE:PC
GEAR:Belt Pouch		LOCATION:Not Carried		QTY:1		SIZE:PC
GEAR:Blanket		LOCATION:Backpack		QTY:1		SIZE:PC
GEAR:Flint and Steel		LOCATION:Backpack		QTY:1		SIZE:PC
GEAR:Iron Pot		LOCATION:Backpack		QTY:1		SIZE:PC
GEAR:Rope (Hemp/50 ft)		LOCATION:Backpack		QTY:1		SIZE:PC
GEAR:Soap (per lb)		LOCATION:Backpack		QTY:1		SIZE:PC
GEAR:Torch		LOCATION:Not Carried		QTY:9		SIZE:PC
GEAR:Torch		LOCATION:Carried		QTY:1		SIZE:PC
GEAR:Rations (Trail/Per Day)		LOCATION:Backpack		QTY:1		SIZE:PC
GEAR:Rations (Trail/Per Day)		LOCATION:Not Carried		QTY:4		SIZE:PC
GEAR:Waterskin		LOCATION:Backpack		QTY:1		SIZE:PC

STARTPACK:Bard Equipment (Harpsichord)		EQUIPBUY:100		APPLY:INSTANT
GEAR:Backpack		LOCATION:Equipped		QTY:1		SIZE:PC
GEAR:Bedroll		LOCATION:Backpack		QTY:1		SIZE:PC
GEAR:Belt Pouch		LOCATION:Not Carried		QTY:1		SIZE:PC
GEAR:Flint and Steel		LOCATION:Backpack		QTY:1		SIZE:PC
GEAR:Ink (1 oz Vial)		LOCATION:Backpack		QTY:1		SIZE:PC
GEAR:Inkpen		LOCATION:Backpack		QTY:1		SIZE:PC
GEAR:Iron Pot		LOCATION:Backpack		QTY:1		SIZE:PC
GEAR:Journal		LOCATION:Backpack		QTY:1		SIZE:PC
GEAR:Mess Kit		LOCATION:Backpack		QTY:1		SIZE:PC
GEAR:Mirror		LOCATION:Backpack		QTY:1		SIZE:PC
GEAR:Musical Instrument (Harpsichord)		LOCATION:Equipped		QTY:1		SIZE:PC
GEAR:Rope (Hemp/50 ft)		LOCATION:Backpack		QTY:1		SIZE:PC
GEAR:Soap (per lb)		LOCATION:Backpack		QTY:1		SIZE:PC
GEAR:Torch		LOCATION:Not Carried		QTY:9		SIZE:PC
GEAR:Torch		LOCATION:Carried		QTY:1		SIZE:PC
GEAR:Rations (Trail/Per Day)		LOCATION:Backpack		QTY:1		SIZE:PC
GEAR:Rations (Trail/Per Day)		LOCATION:Not Carried		QTY:4		SIZE:PC
GEAR:Waterskin		LOCATION:Backpack		QTY:1		SIZE:PC

STARTPACK:Bard Equipment (Piano)		EQUIPBUY:100		APPLY:INSTANT
GEAR:Backpack		LOCATION:Equipped		QTY:1		SIZE:PC
GEAR:Bedroll		LOCATION:Backpack		QTY:1		SIZE:PC
GEAR:Belt Pouch		LOCATION:Not Carried		QTY:1		SIZE:PC
GEAR:Flint and Steel		LOCATION:Backpack		QTY:1		SIZE:PC
GEAR:Ink (1 oz Vial)		LOCATION:Backpack		QTY:1		SIZE:PC
GEAR:Inkpen		LOCATION:Backpack		QTY:1		SIZE:PC
GEAR:Iron Pot		LOCATION:Backpack		QTY:1		SIZE:PC
GEAR:Journal		LOCATION:Backpack		QTY:1		SIZE:PC
GEAR:Mess Kit		LOCATION:Backpack		QTY:1		SIZE:PC
GEAR:Mirror		LOCATION:Backpack		QTY:1		SIZE:PC
GEAR:Musical Instrument (Piano)		LOCATION:Equipped		QTY:1		SIZE:PC
GEAR:Rope (Hemp/50 ft)		LOCATION:Backpack		QTY:1		SIZE:PC
GEAR:Soap (per lb)		LOCATION:Backpack		QTY:1		SIZE:PC
GEAR:Torch		LOCATION:Not Carried		QTY:9		SIZE:PC
GEAR:Torch		LOCATION:Carried		QTY:1		SIZE:PC
GEAR:Rations (Trail/Per Day)		LOCATION:Backpack		QTY:1		SIZE:PC
GEAR:Rations (Trail/Per Day)		LOCATION:Not Carried		QTY:4		SIZE:PC
GEAR:Waterskin		LOCATION:Backpack		QTY:1		SIZE:PC

STARTPACK:Bard Equipment (Pipe Organ)		EQUIPBUY:100		APPLY:INSTANT
GEAR:Backpack		LOCATION:Equipped		QTY:1		SIZE:PC
GEAR:Bedroll		LOCATION:Backpack		QTY:1		SIZE:PC
GEAR:Belt Pouch		LOCATION:Not Carried		QTY:1		SIZE:PC
GEAR:Flint and Steel		LOCATION:Backpack		QTY:1		SIZE:PC
GEAR:Ink (1 oz Vial)		LOCATION:Backpack		QTY:1		SIZE:PC
GEAR:Inkpen		LOCATION:Backpack		QTY:1		SIZE:PC
GEAR:Iron Pot		LOCATION:Backpack		QTY:1		SIZE:PC
GEAR:Journal		LOCATION:Backpack		QTY:1		SIZE:PC
GEAR:Mess Kit		LOCATION:Backpack		QTY:1		SIZE:PC
GEAR:Mirror		LOCATION:Backpack		QTY:1		SIZE:PC
GEAR:Musical Instrument (Pipe Organ)		LOCATION:Equipped		QTY:1		SIZE:PC
GEAR:Rope (Hemp/50 ft)		LOCATION:Backpack		QTY:1		SIZE:PC
GEAR:Soap (per lb)		LOCATION:Backpack		QTY:1		SIZE:PC
GEAR:Torch		LOCATION:Not Carried		QTY:9		SIZE:PC
GEAR:Torch		LOCATION:Carried		QTY:1		SIZE:PC
GEAR:Rations (Trail/Per Day)		LOCATION:Backpack		QTY:1		SIZE:PC
GEAR:Rations (Trail/Per Day)		LOCATION:Not Carried		QTY:4		SIZE:PC
GEAR:Waterskin		LOCATION:Backpack		QTY:1		SIZE:PC

STARTPACK:Bard Equipment (Bells)		EQUIPBUY:100		APPLY:INSTANT
GEAR:Backpack		LOCATION:Equipped		QTY:1		SIZE:PC
GEAR:Bedroll		LOCATION:Backpack		QTY:1		SIZE:PC
GEAR:Belt Pouch		LOCATION:Not Carried		QTY:1		SIZE:PC
GEAR:Flint and Steel		LOCATION:Backpack		QTY:1		SIZE:PC
GEAR:Ink (1 oz Vial)		LOCATION:Backpack		QTY:1		SIZE:PC
GEAR:Inkpen		LOCATION:Backpack		QTY:1		SIZE:PC
GEAR:Iron Pot		LOCATION:Backpack		QTY:1		SIZE:PC
GEAR:Journal		LOCATION:Backpack		QTY:1		SIZE:PC
GEAR:Mess Kit		LOCATION:Backpack		QTY:1		SIZE:PC
GEAR:Mirror		LOCATION:Backpack		QTY:1		SIZE:PC
GEAR:Musical Instrument (Bells)		LOCATION:Equipped		QTY:1		SIZE:PC
GEAR:Rope (Hemp/50 ft)		LOCATION:Backpack		QTY:1		SIZE:PC
GEAR:Soap (per lb)		LOCATION:Backpack		QTY:1		SIZE:PC
GEAR:Torch		LOCATION:Not Carried		QTY:9		SIZE:PC
GEAR:Torch		LOCATION:Carried		QTY:1		SIZE:PC
GEAR:Rations (Trail/Per Day)		LOCATION:Backpack		QTY:1		SIZE:PC
GEAR:Rations (Trail/Per Day)		LOCATION:Not Carried		QTY:4		SIZE:PC
GEAR:Waterskin		LOCATION:Backpack		QTY:1		SIZE:PC

STARTPACK:Bard Equipment (Chimes)		EQUIPBUY:100		APPLY:INSTANT
GEAR:Backpack		LOCATION:Equipped		QTY:1		SIZE:PC
GEAR:Bedroll		LOCATION:Backpack		QTY:1		SIZE:PC
GEAR:Belt Pouch		LOCATION:Not Carried		QTY:1		SIZE:PC
GEAR:Flint and Steel		LOCATION:Backpack		QTY:1		SIZE:PC
GEAR:Ink (1 oz Vial)		LOCATION:Backpack		QTY:1		SIZE:PC
GEAR:Inkpen		LOCATION:Backpack		QTY:1		SIZE:PC
GEAR:Iron Pot		LOCATION:Backpack		QTY:1		SIZE:PC
GEAR:Journal		LOCATION:Backpack		QTY:1		SIZE:PC
GEAR:Mess Kit		LOCATION:Backpack		QTY:1		SIZE:PC
GEAR:Mirror		LOCATION:Backpack		QTY:1		SIZE:PC
GEAR:Musical Instrument (Chimes)		LOCATION:Equipped		QTY:1		SIZE:PC
GEAR:Rope (Hemp/50 ft)		LOCATION:Backpack		QTY:1		SIZE:PC
GEAR:Soap (per lb)		LOCATION:Backpack		QTY:1		SIZE:PC
GEAR:Torch		LOCATION:Not Carried		QTY:9		SIZE:PC
GEAR:Torch		LOCATION:Carried		QTY:1		SIZE:PC
GEAR:Rations (Trail/Per Day)		LOCATION:Backpack		QTY:1		SIZE:PC
GEAR:Rations (Trail/Per Day)		LOCATION:Not Carried		QTY:4		SIZE:PC
GEAR:Waterskin		LOCATION:Backpack		QTY:1		SIZE:PC

STARTPACK:Bard Equipment (Drums)		EQUIPBUY:100		APPLY:INSTANT
GEAR:Backpack		LOCATION:Equipped		QTY:1		SIZE:PC
GEAR:Bedroll		LOCATION:Backpack		QTY:1		SIZE:PC
GEAR:Belt Pouch		LOCATION:Not Carried		QTY:1		SIZE:PC
GEAR:Flint and Steel		LOCATION:Backpack		QTY:1		SIZE:PC
GEAR:Ink (1 oz Vial)		LOCATION:Backpack		QTY:1		SIZE:PC
GEAR:Inkpen		LOCATION:Backpack		QTY:1		SIZE:PC
GEAR:Iron Pot		LOCATION:Backpack		QTY:1		SIZE:PC
GEAR:Journal		LOCATION:Backpack		QTY:1		SIZE:PC
GEAR:Mess Kit		LOCATION:Backpack		QTY:1		SIZE:PC
GEAR:Mirror		LOCATION:Backpack		QTY:1		SIZE:PC
GEAR:Musical Instrument (Drums)		LOCATION:Equipped		QTY:1		SIZE:PC
GEAR:Rope (Hemp/50 ft)		LOCATION:Backpack		QTY:1		SIZE:PC
GEAR:Soap (per lb)		LOCATION:Backpack		QTY:1		SIZE:PC
GEAR:Torch		LOCATION:Not Carried		QTY:9		SIZE:PC
GEAR:Torch		LOCATION:Carried		QTY:1		SIZE:PC
GEAR:Rations (Trail/Per Day)		LOCATION:Backpack		QTY:1		SIZE:PC
GEAR:Rations (Trail/Per Day)		LOCATION:Not Carried		QTY:4		SIZE:PC
GEAR:Waterskin		LOCATION:Backpack		QTY:1		SIZE:PC

STARTPACK:Bard Equipment (Gong)		EQUIPBUY:100		APPLY:INSTANT
GEAR:Backpack		LOCATION:Equipped		QTY:1		SIZE:PC
GEAR:Bedroll		LOCATION:Backpack		QTY:1		SIZE:PC
GEAR:Belt Pouch		LOCATION:Not Carried		QTY:1		SIZE:PC
GEAR:Flint and Steel		LOCATION:Backpack		QTY:1		SIZE:PC
GEAR:Ink (1 oz Vial)		LOCATION:Backpack		QTY:1		SIZE:PC
GEAR:Inkpen		LOCATION:Backpack		QTY:1		SIZE:PC
GEAR:Iron Pot		LOCATION:Backpack		QTY:1		SIZE:PC
GEAR:Journal		LOCATION:Backpack		QTY:1		SIZE:PC
GEAR:Mess Kit		LOCATION:Backpack		QTY:1		SIZE:PC
GEAR:Mirror		LOCATION:Backpack		QTY:1		SIZE:PC
GEAR:Musical Instrument (Gong)		LOCATION:Equipped		QTY:1		SIZE:PC
GEAR:Rope (Hemp/50 ft)		LOCATION:Backpack		QTY:1		SIZE:PC
GEAR:Soap (per lb)		LOCATION:Backpack		QTY:1		SIZE:PC
GEAR:Torch		LOCATION:Not Carried		QTY:9		SIZE:PC
GEAR:Torch		LOCATION:Carried		QTY:1		SIZE:PC
GEAR:Rations (Trail/Per Day)		LOCATION:Backpack		QTY:1		SIZE:PC
GEAR:Rations (Trail/Per Day)		LOCATION:Not Carried		QTY:4		SIZE:PC
GEAR:Waterskin		LOCATION:Backpack		QTY:1		SIZE:PC

STARTPACK:Bard Equipment (Fiddle)		EQUIPBUY:100		APPLY:INSTANT
GEAR:Backpack		LOCATION:Equipped		QTY:1		SIZE:PC
GEAR:Bedroll		LOCATION:Backpack		QTY:1		SIZE:PC
GEAR:Belt Pouch		LOCATION:Not Carried		QTY:1		SIZE:PC
GEAR:Flint and Steel		LOCATION:Backpack		QTY:1		SIZE:PC
GEAR:Ink (1 oz Vial)		LOCATION:Backpack		QTY:1		SIZE:PC
GEAR:Inkpen		LOCATION:Backpack		QTY:1		SIZE:PC
GEAR:Iron Pot		LOCATION:Backpack		QTY:1		SIZE:PC
GEAR:Journal		LOCATION:Backpack		QTY:1		SIZE:PC
GEAR:Mess Kit		LOCATION:Backpack		QTY:1		SIZE:PC
GEAR:Mirror		LOCATION:Backpack		QTY:1		SIZE:PC
GEAR:Musical Instrument (Fiddle)		LOCATION:Equipped		QTY:1		SIZE:PC
GEAR:Rope (Hemp/50 ft)		LOCATION:Backpack		QTY:1		SIZE:PC
GEAR:Soap (per lb)		LOCATION:Backpack		QTY:1		SIZE:PC
GEAR:Torch		LOCATION:Not Carried		QTY:9		SIZE:PC
GEAR:Torch		LOCATION:Carried		QTY:1		SIZE:PC
GEAR:Rations (Trail/Per Day)		LOCATION:Backpack		QTY:1		SIZE:PC
GEAR:Rations (Trail/Per Day)		LOCATION:Not Carried		QTY:4		SIZE:PC
GEAR:Waterskin		LOCATION:Backpack		QTY:1		SIZE:PC

STARTPACK:Bard Equipment (Harp)		EQUIPBUY:100		APPLY:INSTANT
GEAR:Backpack		LOCATION:Equipped		QTY:1		SIZE:PC
GEAR:Bedroll		LOCATION:Backpack		QTY:1		SIZE:PC
GEAR:Belt Pouch		LOCATION:Not Carried		QTY:1		SIZE:PC
GEAR:Flint and Steel		LOCATION:Backpack		QTY:1		SIZE:PC
GEAR:Ink (1 oz Vial)		LOCATION:Backpack		QTY:1		SIZE:PC
GEAR:Inkpen		LOCATION:Backpack		QTY:1		SIZE:PC
GEAR:Iron Pot		LOCATION:Backpack		QTY:1		SIZE:PC
GEAR:Journal		LOCATION:Backpack		QTY:1		SIZE:PC
GEAR:Mess Kit		LOCATION:Backpack		QTY:1		SIZE:PC
GEAR:Mirror		LOCATION:Backpack		QTY:1		SIZE:PC
GEAR:Musical Instrument (Harp)		LOCATION:Equipped		QTY:1		SIZE:PC
GEAR:Rope (Hemp/50 ft)		LOCATION:Backpack		QTY:1		SIZE:PC
GEAR:Soap (per lb)		LOCATION:Backpack		QTY:1		SIZE:PC
GEAR:Torch		LOCATION:Not Carried		QTY:9		SIZE:PC
GEAR:Torch		LOCATION:Carried		QTY:1		SIZE:PC
GEAR:Rations (Trail/Per Day)		LOCATION:Backpack		QTY:1		SIZE:PC
GEAR:Rations (Trail/Per Day)		LOCATION:Not Carried		QTY:4		SIZE:PC
GEAR:Waterskin		LOCATION:Backpack		QTY:1		SIZE:PC

STARTPACK:Bard Equipment (Lute)		EQUIPBUY:100		APPLY:INSTANT
GEAR:Backpack		LOCATION:Equipped		QTY:1		SIZE:PC
GEAR:Bedroll		LOCATION:Backpack		QTY:1		SIZE:PC
GEAR:Belt Pouch		LOCATION:Not Carried		QTY:1		SIZE:PC
GEAR:Flint and Steel		LOCATION:Backpack		QTY:1		SIZE:PC
GEAR:Ink (1 oz Vial)		LOCATION:Backpack		QTY:1		SIZE:PC
GEAR:Inkpen		LOCATION:Backpack		QTY:1		SIZE:PC
GEAR:Iron Pot		LOCATION:Backpack		QTY:1		SIZE:PC
GEAR:Journal		LOCATION:Backpack		QTY:1		SIZE:PC
GEAR:Mess Kit		LOCATION:Backpack		QTY:1		SIZE:PC
GEAR:Mirror		LOCATION:Backpack		QTY:1		SIZE:PC
GEAR:Musical Instrument (Lute)		LOCATION:Equipped		QTY:1		SIZE:PC
GEAR:Rope (Hemp/50 ft)		LOCATION:Backpack		QTY:1		SIZE:PC
GEAR:Soap (per lb)		LOCATION:Backpack		QTY:1		SIZE:PC
GEAR:Torch		LOCATION:Not Carried		QTY:9		SIZE:PC
GEAR:Torch		LOCATION:Carried		QTY:1		SIZE:PC
GEAR:Rations (Trail/Per Day)		LOCATION:Backpack		QTY:1		SIZE:PC
GEAR:Rations (Trail/Per Day)		LOCATION:Not Carried		QTY:4		SIZE:PC
GEAR:Waterskin		LOCATION:Backpack		QTY:1		SIZE:PC

STARTPACK:Bard Equipment (Mandolin)		EQUIPBUY:100		APPLY:INSTANT
GEAR:Backpack		LOCATION:Equipped		QTY:1		SIZE:PC
GEAR:Bedroll		LOCATION:Backpack		QTY:1		SIZE:PC
GEAR:Belt Pouch		LOCATION:Not Carried		QTY:1		SIZE:PC
GEAR:Flint and Steel		LOCATION:Backpack		QTY:1		SIZE:PC
GEAR:Ink (1 oz Vial)		LOCATION:Backpack		QTY:1		SIZE:PC
GEAR:Inkpen		LOCATION:Backpack		QTY:1		SIZE:PC
GEAR:Iron Pot		LOCATION:Backpack		QTY:1		SIZE:PC
GEAR:Journal		LOCATION:Backpack		QTY:1		SIZE:PC
GEAR:Mess Kit		LOCATION:Backpack		QTY:1		SIZE:PC
GEAR:Mirror		LOCATION:Backpack		QTY:1		SIZE:PC
GEAR:Musical Instrument (Mandolin)		LOCATION:Equipped		QTY:1		SIZE:PC
GEAR:Rope (Hemp/50 ft)		LOCATION:Backpack		QTY:1		SIZE:PC
GEAR:Soap (per lb)		LOCATION:Backpack		QTY:1		SIZE:PC
GEAR:Torch		LOCATION:Not Carried		QTY:9		SIZE:PC
GEAR:Torch		LOCATION:Carried		QTY:1		SIZE:PC
GEAR:Rations (Trail/Per Day)		LOCATION:Backpack		QTY:1		SIZE:PC
GEAR:Rations (Trail/Per Day)		LOCATION:Not Carried		QTY:4		SIZE:PC
GEAR:Waterskin		LOCATION:Backpack		QTY:1		SIZE:PC

STARTPACK:Bard Equipment (Flute)		EQUIPBUY:100		APPLY:INSTANT
GEAR:Backpack		LOCATION:Equipped		QTY:1		SIZE:PC
GEAR:Bedroll		LOCATION:Backpack		QTY:1		SIZE:PC
GEAR:Belt Pouch		LOCATION:Not Carried		QTY:1		SIZE:PC
GEAR:Flint and Steel		LOCATION:Backpack		QTY:1		SIZE:PC
GEAR:Ink (1 oz Vial)		LOCATION:Backpack		QTY:1		SIZE:PC
GEAR:Inkpen		LOCATION:Backpack		QTY:1		SIZE:PC
GEAR:Iron Pot		LOCATION:Backpack		QTY:1		SIZE:PC
GEAR:Journal		LOCATION:Backpack		QTY:1		SIZE:PC
GEAR:Mess Kit		LOCATION:Backpack		QTY:1		SIZE:PC
GEAR:Mirror		LOCATION:Backpack		QTY:1		SIZE:PC
GEAR:Musical Instrument (Flute)		LOCATION:Equipped		QTY:1		SIZE:PC
GEAR:Rope (Hemp/50 ft)		LOCATION:Backpack		QTY:1		SIZE:PC
GEAR:Soap (per lb)		LOCATION:Backpack		QTY:1		SIZE:PC
GEAR:Torch		LOCATION:Not Carried		QTY:9		SIZE:PC
GEAR:Torch		LOCATION:Carried		QTY:1		SIZE:PC
GEAR:Rations (Trail/Per Day)		LOCATION:Backpack		QTY:1		SIZE:PC
GEAR:Rations (Trail/Per Day)		LOCATION:Not Carried		QTY:4		SIZE:PC
GEAR:Waterskin		LOCATION:Backpack		QTY:1		SIZE:PC

STARTPACK:Bard Equipment (Pan Pipes)		EQUIPBUY:100		APPLY:INSTANT
GEAR:Backpack		LOCATION:Equipped		QTY:1		SIZE:PC
GEAR:Bedroll		LOCATION:Backpack		QTY:1		SIZE:PC
GEAR:Belt Pouch		LOCATION:Not Carried		QTY:1		SIZE:PC
GEAR:Flint and Steel		LOCATION:Backpack		QTY:1		SIZE:PC
GEAR:Ink (1 oz Vial)		LOCATION:Backpack		QTY:1		SIZE:PC
GEAR:Inkpen		LOCATION:Backpack		QTY:1		SIZE:PC
GEAR:Iron Pot		LOCATION:Backpack		QTY:1		SIZE:PC
GEAR:Journal		LOCATION:Backpack		QTY:1		SIZE:PC
GEAR:Mess Kit		LOCATION:Backpack		QTY:1		SIZE:PC
GEAR:Mirror		LOCATION:Backpack		QTY:1		SIZE:PC
GEAR:Musical Instrument (Pan Pipes)		LOCATION:Equipped		QTY:1		SIZE:PC
GEAR:Rope (Hemp/50 ft)		LOCATION:Backpack		QTY:1		SIZE:PC
GEAR:Soap (per lb)		LOCATION:Backpack		QTY:1		SIZE:PC
GEAR:Torch		LOCATION:Not Carried		QTY:9		SIZE:PC
GEAR:Torch		LOCATION:Carried		QTY:1		SIZE:PC
GEAR:Rations (Trail/Per Day)		LOCATION:Backpack		QTY:1		SIZE:PC
GEAR:Rations (Trail/Per Day)		LOCATION:Not Carried		QTY:4		SIZE:PC
GEAR:Waterskin		LOCATION:Backpack		QTY:1		SIZE:PC

STARTPACK:Bard Equipment (Recorder)		EQUIPBUY:100		APPLY:INSTANT
GEAR:Backpack		LOCATION:Equipped		QTY:1		SIZE:PC
GEAR:Bedroll		LOCATION:Backpack		QTY:1		SIZE:PC
GEAR:Belt Pouch		LOCATION:Not Carried		QTY:1		SIZE:PC
GEAR:Flint and Steel		LOCATION:Backpack		QTY:1		SIZE:PC
GEAR:Ink (1 oz Vial)		LOCATION:Backpack		QTY:1		SIZE:PC
GEAR:Inkpen		LOCATION:Backpack		QTY:1		SIZE:PC
GEAR:Iron Pot		LOCATION:Backpack		QTY:1		SIZE:PC
GEAR:Journal		LOCATION:Backpack		QTY:1		SIZE:PC
GEAR:Mess Kit		LOCATION:Backpack		QTY:1		SIZE:PC
GEAR:Mirror		LOCATION:Backpack		QTY:1		SIZE:PC
GEAR:Musical Instrument (Recorder)		LOCATION:Equipped		QTY:1		SIZE:PC
GEAR:Rope (Hemp/50 ft)		LOCATION:Backpack		QTY:1		SIZE:PC
GEAR:Soap (per lb)		LOCATION:Backpack		QTY:1		SIZE:PC
GEAR:Torch		LOCATION:Not Carried		QTY:9		SIZE:PC
GEAR:Torch		LOCATION:Carried		QTY:1		SIZE:PC
GEAR:Rations (Trail/Per Day)		LOCATION:Backpack		QTY:1		SIZE:PC
GEAR:Rations (Trail/Per Day)		LOCATION:Not Carried		QTY:4		SIZE:PC
GEAR:Waterskin		LOCATION:Backpack		QTY:1		SIZE:PC

STARTPACK:Bard Equipment (Trumpet)		EQUIPBUY:100		APPLY:INSTANT
GEAR:Backpack		LOCATION:Equipped		QTY:1		SIZE:PC
GEAR:Bedroll		LOCATION:Backpack		QTY:1		SIZE:PC
GEAR:Belt Pouch		LOCATION:Not Carried		QTY:1		SIZE:PC
GEAR:Flint and Steel		LOCATION:Backpack		QTY:1		SIZE:PC
GEAR:Ink (1 oz Vial)		LOCATION:Backpack		QTY:1		SIZE:PC
GEAR:Inkpen		LOCATION:Backpack		QTY:1		SIZE:PC
GEAR:Iron Pot		LOCATION:Backpack		QTY:1		SIZE:PC
GEAR:Journal		LOCATION:Backpack		QTY:1		SIZE:PC
GEAR:Mess Kit		LOCATION:Backpack		QTY:1		SIZE:PC
GEAR:Mirror		LOCATION:Backpack		QTY:1		SIZE:PC
GEAR:Musical Instrument (Trumpet)		LOCATION:Equipped		QTY:1		SIZE:PC
GEAR:Rope (Hemp/50 ft)		LOCATION:Backpack		QTY:1		SIZE:PC
GEAR:Soap (per lb)		LOCATION:Backpack		QTY:1		SIZE:PC
GEAR:Torch		LOCATION:Not Carried		QTY:9		SIZE:PC
GEAR:Torch		LOCATION:Carried		QTY:1		SIZE:PC
GEAR:Rations (Trail/Per Day)		LOCATION:Backpack		QTY:1		SIZE:PC
GEAR:Rations (Trail/Per Day)		LOCATION:Not Carried		QTY:4		SIZE:PC
GEAR:Waterskin		LOCATION:Backpack		QTY:1		SIZE:PC

STARTPACK:Cavalier Equipment		EQUIPBUY:100		APPLY:INSTANT
GEAR:Feed (Per Day)		LOCATION:Not Carried		QTY:5		SIZE:PC
GEAR:Backpack		LOCATION:Equipped		QTY:1		SIZE:PC
GEAR:Bedroll		LOCATION:Backpack		QTY:1		SIZE:PC
GEAR:Belt Pouch		LOCATION:Not Carried		QTY:1		SIZE:PC
GEAR:Bit and Bridle		LOCATION:Not Carried		QTY:1		SIZE:PC
GEAR:Flint and Steel		LOCATION:Backpack		QTY:1		SIZE:PC
GEAR:Iron Pot		LOCATION:Backpack		QTY:1		SIZE:PC
GEAR:Mess Kit		LOCATION:Backpack		QTY:1		SIZE:PC
GEAR:Rope (Hemp/50 ft)		LOCATION:Backpack		QTY:1		SIZE:PC
GEAR:Saddle (Riding)		LOCATION:Not Carried		QTY:1		SIZE:PC
GEAR:Saddlebags		LOCATION:Not Carried		QTY:1		SIZE:PC
GEAR:Soap (per lb)		LOCATION:Backpack		QTY:1		SIZE:PC
GEAR:Torch		LOCATION:Not Carried		QTY:9		SIZE:PC
GEAR:Torch		LOCATION:Carried		QTY:1		SIZE:PC
GEAR:Rations (Trail/Per Day)		LOCATION:Backpack		QTY:1		SIZE:PC
GEAR:Rations (Trail/Per Day)		LOCATION:Not Carried		QTY:4		SIZE:PC
GEAR:Waterskin		LOCATION:Backpack		QTY:1		SIZE:PC

STARTPACK:Cleric Equipment		EQUIPBUY:100		APPLY:INSTANT
GEAR:Backpack		LOCATION:Equipped		QTY:1		SIZE:PC
GEAR:Bedroll		LOCATION:Backpack		QTY:1		SIZE:PC
GEAR:Belt Pouch		LOCATION:Not Carried		QTY:1		SIZE:PC
GEAR:Candle		LOCATION:Backpack		QTY:10		SIZE:PC
GEAR:Holy Text (Cheap)		LOCATION:Backpack		QTY:1		SIZE:PC
GEAR:Flint and Steel		LOCATION:Backpack		QTY:1		SIZE:PC
GEAR:Iron Pot		LOCATION:Backpack		QTY:1		SIZE:PC
GEAR:Mess Kit		LOCATION:Backpack		QTY:1		SIZE:PC
GEAR:Rope (Hemp/50 ft)		LOCATION:Backpack		QTY:1		SIZE:PC
GEAR:Soap (per lb)		LOCATION:Backpack		QTY:1		SIZE:PC
GEAR:Spell Componenet Pouch		LOCATION:Equipped		QTY:1		SIZE:PC
GEAR:Torch		LOCATION:Not Carried		QTY:9		SIZE:PC
GEAR:Torch		LOCATION:Carried		QTY:1		SIZE:PC
GEAR:Rations (Trail/Per Day)		LOCATION:Backpack		QTY:1		SIZE:PC
GEAR:Rations (Trail/Per Day)		LOCATION:Not Carried		QTY:4		SIZE:PC
GEAR:Waterskin		LOCATION:Backpack		QTY:1		SIZE:PC
GEAR:Holy Symbol (Wooden)		LOCATION:Equipped		QTY:1		SIZE:PC

STARTPACK:Druid Equipment		EQUIPBUY:100		APPLY:INSTANT
GEAR:Feed (Per Day)		LOCATION:Backpack		QTY:5		SIZE:PC
GEAR:Backpack		LOCATION:Equipped		QTY:1		SIZE:PC
GEAR:Belt Pouch		LOCATION:Not Carried		QTY:1		SIZE:PC
GEAR:Blanket		LOCATION:Backpack		QTY:1		SIZE:PC
GEAR:Flint and Steel		LOCATION:Backpack		QTY:1		SIZE:PC
GEAR:Holly and Mistletoe		LOCATION:Backpack		QTY:1		SIZE:PC
GEAR:Iron Pot		LOCATION:Backpack		QTY:1		SIZE:PC
GEAR:Mess Kit		LOCATION:Backpack		QTY:1		SIZE:PC
GEAR:Rope (Hemp/50 ft)		LOCATION:Backpack		QTY:1		SIZE:PC
GEAR:Soap (per lb)		LOCATION:Backpack		QTY:1		SIZE:PC
GEAR:Spell Component Pouch		LOCATION:Equipped		QTY:1		SIZE:PC
GEAR:Torch		LOCATION:Not Carried		QTY:9		SIZE:PC
GEAR:Torch		LOCATION:Carried		QTY:1		SIZE:PC
GEAR:Rations (Trail/Per Day)		LOCATION:Backpack		QTY:1		SIZE:PC
GEAR:Rations (Trail/Per Day)		LOCATION:Not Carried		QTY:4		SIZE:PC
GEAR:Waterskin		LOCATION:Backpack		QTY:1		SIZE:PC

STARTPACK:Fighter Equipment		EQUIPBUY:100		APPLY:INSTANT
GEAR:Backpack		LOCATION:Carried		QTY:1		SIZE:PC
GEAR:Bedroll		LOCATION:Backpack		QTY:1		SIZE:PC
GEAR:Belt Pouch		LOCATION:Not Carried		QTY:1		SIZE:PC
GEAR:Flint and Steel		LOCATION:Backpack		QTY:1		SIZE:PC
GEAR:Iron Pot		LOCATION:Backpack		QTY:1		SIZE:PC
GEAR:Mess Kit		LOCATION:Backpack		QTY:1		SIZE:PC
GEAR:Rope (Hemp/50 ft)		LOCATION:Backpack		QTY:1		SIZE:PC
GEAR:Soap (per lb)		LOCATION:Backpack		QTY:1		SIZE:PC
GEAR:Torch		LOCATION:Not Carried		QTY:9		SIZE:PC
GEAR:Torch		LOCATION:Carried		QTY:1		SIZE:PC
GEAR:Rations (Trail/Per Day)		LOCATION:Backpack		QTY:1		SIZE:PC
GEAR:Rations (Trail/Per Day)		LOCATION:Not Carried		QTY:4		SIZE:PC
GEAR:Waterskin		LOCATION:Backpack		QTY:1		SIZE:PC

STARTPACK:Gunslinger Equipment		EQUIPBUY:100		APPLY:INSTANT
GEAR:Backpack		LOCATION:Equipped		QTY:1		SIZE:PC
GEAR:Bedroll		LOCATION:Backpack		QTY:1		SIZE:PC
GEAR:Belt Pouch		LOCATION:Not Carried		QTY:1		SIZE:PC
GEAR:Flint and Steel		LOCATION:Backpack		QTY:1		SIZE:PC
GEAR:Gunsmith's Kit		LOCATION:Backpack		QTY:1		SIZE:PC
GEAR:Iron Pot		LOCATION:Backpack		QTY:1		SIZE:PC
GEAR:Mess Kit		LOCATION:Backpack		QTY:1		SIZE:PC
GEAR:Powder Horn		LOCATION:Equipped		QTY:1		SIZE:PC
GEAR:Rope (Hemp/50 ft)		LOCATION:Backpack		QTY:1		SIZE:PC
GEAR:Torch		LOCATION:Not Carried		QTY:9		SIZE:PC
GEAR:Torch		LOCATION:Carried		QTY:1		SIZE:PC
GEAR:Rations (Trail/Per Day)		LOCATION:Backpack		QTY:1		SIZE:PC
GEAR:Rations (Trail/Per Day)		LOCATION:Not Carried		QTY:4		SIZE:PC
GEAR:Waterskin		LOCATION:Backpack		QTY:1		SIZE:PC

STARTPACK:Inquisitor Equipment		EQUIPBUY:100		APPLY:INSTANT
GEAR:Backpack		LOCATION:Equipped		QTY:1		SIZE:PC
GEAR:Bedroll		LOCATION:Backpack		QTY:1		SIZE:PC
GEAR:Belt Pouch		LOCATION:Not Carried		QTY:1		SIZE:PC
GEAR:Candle		LOCATION:Backpack		QTY:10		SIZE:PC
GEAR:Holy Text (Cheap)		LOCATION:Backpack		QTY:1		SIZE:PC
GEAR:Flint and Steel		LOCATION:Backpack		QTY:1		SIZE:PC
GEAR:Iron Pot		LOCATION:Backpack		QTY:1		SIZE:PC
GEAR:Manacles (Medium)		LOCATION:Backpack		QTY:1		SIZE:PC
GEAR:Mess Kit		LOCATION:Backpack		QTY:1		SIZE:PC
GEAR:Rope (Hemp/50 ft)		LOCATION:Backpack		QTY:1		SIZE:PC
GEAR:Soap (per lb)		LOCATION:Backpack		QTY:1		SIZE:PC
GEAR:Spell Component Pouch		LOCATION:Equipped		QTY:1		SIZE:PC
GEAR:Torch		LOCATION:Not Carried		QTY:9		SIZE:PC
GEAR:Torch		LOCATION:Carried		QTY:1		SIZE:PC
GEAR:Rations (Trail/Per Day)		LOCATION:Backpack		QTY:1		SIZE:PC
GEAR:Rations (Trail/Per Day)		LOCATION:Not Carried		QTY:4		SIZE:PC
GEAR:Waterskin		LOCATION:Backpack		QTY:1		SIZE:PC
GEAR:Holy Symbol (Wooden)		LOCATION:Equipped		QTY:1		SIZE:PC

STARTPACK:Magus Equipment		EQUIPBUY:100		APPLY:INSTANT
GEAR:Backpack		LOCATION:Equipped		QTY:1		SIZE:PC
GEAR:Bedroll		LOCATION:Backpack		QTY:1		SIZE:PC
GEAR:Belt Pouch		LOCATION:Not Carried		QTY:1		SIZE:PC
GEAR:Flint and Steel		LOCATION:Backpack		QTY:1		SIZE:PC
GEAR:Ink (1 oz Vial)		LOCATION:Backpack		QTY:1		SIZE:PC
GEAR:Inkpen		LOCATION:Backpack		QTY:1		SIZE:PC
GEAR:Iron Pot		LOCATION:Backpack		QTY:1		SIZE:PC
GEAR:Mess Kit		LOCATION:Backpack		QTY:1		SIZE:PC
GEAR:Rope (Hemp/50 ft)		LOCATION:Backpack		QTY:1		SIZE:PC
GEAR:Soap (per lb)		LOCATION:Backpack		QTY:1		SIZE:PC
GEAR:Spell Component Pouch		LOCATION:Equipped		QTY:1		SIZE:PC
GEAR:Torch		LOCATION:Not Carried		QTY:9		SIZE:PC
GEAR:Torch		LOCATION:Carried		QTY:1		SIZE:PC
GEAR:Rations (Trail/Per Day)		LOCATION:Backpack		QTY:1		SIZE:PC
GEAR:Rations (Trail/Per Day)		LOCATION:Not Carried		QTY:4		SIZE:PC
GEAR:Waterskin		LOCATION:Backpack		QTY:1		SIZE:PC

STARTPACK:Monk Equipment		EQUIPBUY:100		APPLY:INSTANT
GEAR:Backpack		LOCATION:Equipped		QTY:1		SIZE:PC
GEAR:Belt Pouch		LOCATION:Not Carried		QTY:1		SIZE:PC
GEAR:Blanket		LOCATION:Backpack		QTY:1		SIZE:PC
GEAR:Rope (Hemp/50 ft)		LOCATION:Backpack		QTY:1		SIZE:PC
GEAR:Soap (per lb)		LOCATION:Backpack		QTY:1		SIZE:PC
GEAR:Torch		LOCATION:Not Carried		QTY:9		SIZE:PC
GEAR:Torch		LOCATION:Carried		QTY:1		SIZE:PC
GEAR:Rations (Trail/Per Day)		LOCATION:Backpack		QTY:1		SIZE:PC
GEAR:Rations (Trail/Per Day)		LOCATION:Not Carried		QTY:4		SIZE:PC
GEAR:Waterskin		LOCATION:Backpack		QTY:1		SIZE:PC

STARTPACK:Oracle Equipment		EQUIPBUY:100		APPLY:INSTANT
GEAR:Backpack		LOCATION:Equipped		QTY:1		SIZE:PC
GEAR:Bedroll		LOCATION:Backpack		QTY:1		SIZE:PC
GEAR:Belt Pouch		LOCATION:Not Carried		QTY:1		SIZE:PC
GEAR:Candle		LOCATION:Backpack		QTY:10		SIZE:PC
GEAR:Flint and Steel		LOCATION:Backpack		QTY:1		SIZE:PC
GEAR:Iron Pot		LOCATION:Backpack		QTY:1		SIZE:PC
GEAR:Mess Kit		LOCATION:Backpack		QTY:1		SIZE:PC
GEAR:Rope (Hemp/50 ft)		LOCATION:Backpack		QTY:1		SIZE:PC
GEAR:Soap (per lb)		LOCATION:Backpack		QTY:1		SIZE:PC
GEAR:Torch		LOCATION:Not Carried		QTY:9		SIZE:PC
GEAR:Torch		LOCATION:Carried		QTY:1		SIZE:PC
GEAR:Rations (Trail/Per Day)		LOCATION:Backpack		QTY:1		SIZE:PC
GEAR:Rations (Trail/Per Day)		LOCATION:Not Carried		QTY:4		SIZE:PC
GEAR:Waterskin		LOCATION:Backpack		QTY:1		SIZE:PC

STARTPACK:Paladin Equipment		EQUIPBUY:100		APPLY:INSTANT
GEAR:Backpack		LOCATION:Equipped		QTY:1		SIZE:PC
GEAR:Bedroll		LOCATION:Backpack		QTY:1		SIZE:PC
GEAR:Belt Pouch		LOCATION:Not Carried		QTY:1		SIZE:PC
GEAR:Holy Text (Cheap)		LOCATION:Backpack		QTY:1		SIZE:PC
GEAR:Flint and Steel		LOCATION:Backpack		QTY:1		SIZE:PC
GEAR:Iron Pot		LOCATION:Backpack		QTY:1		SIZE:PC
GEAR:Mess Kit		LOCATION:Backpack		QTY:1		SIZE:PC
GEAR:Rope (Hemp/50 ft)		LOCATION:Backpack		QTY:1		SIZE:PC
GEAR:Soap (per lb)		LOCATION:Backpack		QTY:1		SIZE:PC
GEAR:Torch		LOCATION:Not Carried		QTY:9		SIZE:PC
GEAR:Torch		LOCATION:Carried		QTY:1		SIZE:PC
GEAR:Rations (Trail/Per Day)		LOCATION:Backpack		QTY:1		SIZE:PC
GEAR:Rations (Trail/Per Day)		LOCATION:Not Carried		QTY:4		SIZE:PC
GEAR:Waterskin		LOCATION:Backpack		QTY:1		SIZE:PC
GEAR:Holy Symbol (Wooden)		LOCATION:Equipped		QTY:1		SIZE:PC

STARTPACK:Ranger Equipment		EQUIPBUY:100		APPLY:INSTANT
GEAR:Backpack		LOCATION:Equipped		QTY:1		SIZE:PC
GEAR:Bedroll		LOCATION:Backpack		QTY:1		SIZE:PC
GEAR:Belt Pouch		LOCATION:Not Carried		QTY:1		SIZE:PC
GEAR:Flint and Steel		LOCATION:Backpack		QTY:1		SIZE:PC
GEAR:Iron Pot		LOCATION:Backpack		QTY:1		SIZE:PC
GEAR:Mess Kit		LOCATION:Backpack		QTY:1		SIZE:PC
GEAR:Rope (Hemp/50 ft)		LOCATION:Backpack		QTY:1		SIZE:PC
GEAR:Soap (per lb)		LOCATION:Backpack		QTY:1		SIZE:PC
GEAR:Torch		LOCATION:Not Carried		QTY:9		SIZE:PC
GEAR:Torch		LOCATION:Carried		QTY:1		SIZE:PC
GEAR:Rations (Trail/Per Day)		LOCATION:Backpack		QTY:1		SIZE:PC
GEAR:Rations (Trail/Per Day)		LOCATION:Not Carried		QTY:4		SIZE:PC
GEAR:Waterskin		LOCATION:Backpack		QTY:1		SIZE:PC

STARTPACK:Rogue Equipment		EQUIPBUY:100		APPLY:INSTANT
GEAR:Backpack		LOCATION:Equipped		QTY:1		SIZE:PC
GEAR:Bedroll		LOCATION:Backpack		QTY:1		SIZE:PC
GEAR:Belt Pouch		LOCATION:Not Carried		QTY:1		SIZE:PC
GEAR:Caltrops		LOCATION:Backpack		QTY:1		SIZE:PC
GEAR:Chalk		LOCATION:Backpack		QTY:10		SIZE:PC
GEAR:Flint and Steel		LOCATION:Backpack		QTY:1		SIZE:PC
GEAR:Grappling Hook		LOCATION:Backpack		QTY:1		SIZE:PC
GEAR:Iron Pot		LOCATION:Backpack		QTY:1		SIZE:PC
GEAR:Mess Kit		LOCATION:Backpack		QTY:1		SIZE:PC
GEAR:Mirror		LOCATION:Backpack		QTY:1		SIZE:PC
GEAR:Piton		LOCATION:Backpack		QTY:1		SIZE:PC
GEAR:Piton		LOCATION:Not Carried		QTY:9		SIZE:PC
GEAR:Rope (Hemp/50 ft)		LOCATION:Backpack		QTY:1		SIZE:PC
GEAR:Soap (per lb)		LOCATION:Backpack		QTY:1		SIZE:PC
GEAR:Thieves' Tools		LOCATION:Equipped		QTY:1		SIZE:PC
GEAR:Torch		LOCATION:Not Carried		QTY:9		SIZE:PC
GEAR:Torch		LOCATION:Carried		QTY:1		SIZE:PC
GEAR:Rations (Trail/Per Day)		LOCATION:Backpack		QTY:1		SIZE:PC
GEAR:Rations (Trail/Per Day)		LOCATION:Not Carried		QTY:4		SIZE:PC
GEAR:Waterskin		LOCATION:Backpack		QTY:1		SIZE:PC

STARTPACK:Sorceror Equipment		EQUIPBUY:100		APPLY:INSTANT
GEAR:Backpack		LOCATION:Equipped		QTY:1		SIZE:PC
GEAR:Bedroll		LOCATION:Backpack		QTY:1		SIZE:PC
GEAR:Belt Pouch		LOCATION:Not Carried		QTY:1		SIZE:PC
GEAR:Flint and Steel		LOCATION:Backpack		QTY:1		SIZE:PC
GEAR:Iron Pot		LOCATION:Backpack		QTY:1		SIZE:PC
GEAR:Mess Kit		LOCATION:Backpack		QTY:1		SIZE:PC
GEAR:Soap (per lb)		LOCATION:Backpack		QTY:1		SIZE:PC
GEAR:Torch		LOCATION:Not Carried		QTY:9		SIZE:PC
GEAR:Torch		LOCATION:Carried		QTY:1		SIZE:PC
GEAR:Rations (Trail/Per Day)		LOCATION:Backpack		QTY:1		SIZE:PC
GEAR:Rations (Trail/Per Day)		LOCATION:Not Carried		QTY:4		SIZE:PC
GEAR:Waterskin		LOCATION:Backpack		QTY:1		SIZE:PC

STARTPACK:Witch Equipment		EQUIPBUY:100		APPLY:INSTANT
GEAR:Backpack		LOCATION:Equipped		QTY:1		SIZE:PC
GEAR:Bedroll		LOCATION:Backpack		QTY:1		SIZE:PC
GEAR:Belt Pouch		LOCATION:Not Carried		QTY:1		SIZE:PC
GEAR:Candle		LOCATION:Backpack		QTY:10		SIZE:PC
GEAR:Chalk		LOCATION:Backpack		QTY:10		SIZE:PC
GEAR:Flint and Steel		LOCATION:Backpack		QTY:1		SIZE:PC
GEAR:Ink (1 oz Vial)		LOCATION:Backpack		QTY:1		SIZE:PC
GEAR:Inkpen		LOCATION:Backpack		QTY:1		SIZE:PC
GEAR:Iron Pot		LOCATION:Backpack		QTY:1		SIZE:PC
GEAR:Mess Kit		LOCATION:Backpack		QTY:1		SIZE:PC
GEAR:Soap (per lb)		LOCATION:Backpack		QTY:1		SIZE:PC
GEAR:Spell Component Pouch		LOCATION:Equipped		QTY:1		SIZE:PC
GEAR:Torch		LOCATION:Not Carried		QTY:9		SIZE:PC
GEAR:Torch		LOCATION:Carried		QTY:1		SIZE:PC
GEAR:Rations (Trail/Per Day)		LOCATION:Backpack		QTY:1		SIZE:PC
GEAR:Rations (Trail/Per Day)		LOCATION:Not Carried		QTY:4		SIZE:PC
GEAR:Waterskin		LOCATION:Backpack		QTY:1		SIZE:PC

STARTPACK:Wizard Equipment		EQUIPBUY:100		APPLY:INSTANT
GEAR:Backpack		LOCATION:Equipped		QTY:1		SIZE:PC
GEAR:Bedroll		LOCATION:Backpack		QTY:1		SIZE:PC
GEAR:Belt Pouch		LOCATION:Not Carried		QTY:1		SIZE:PC
GEAR:Flint and Steel		LOCATION:Backpack		QTY:1		SIZE:PC
GEAR:Ink (1 oz Vial)		LOCATION:Backpack		QTY:1		SIZE:PC
GEAR:Inkpen		LOCATION:Backpack		QTY:1		SIZE:PC
GEAR:Iron Pot		LOCATION:Backpack		QTY:1		SIZE:PC
GEAR:Mess Kit		LOCATION:Backpack		QTY:1		SIZE:PC
GEAR:Rope (Hemp/50 ft)		LOCATION:Backpack		QTY:1		SIZE:PC
GEAR:Soap (per lb)		LOCATION:Backpack		QTY:1		SIZE:PC
GEAR:Spell Component Pouch		LOCATION:Equipped		QTY:1		SIZE:PC
GEAR:Torch		LOCATION:Not Carried		QTY:9		SIZE:PC
GEAR:Torch		LOCATION:Carried		QTY:1		SIZE:PC
GEAR:Rations (Trail/Per Day)		LOCATION:Backpack		QTY:1		SIZE:PC
GEAR:Rations (Trail/Per Day)		LOCATION:Not Carried		QTY:4		SIZE:PC
GEAR:Waterskin		LOCATION:Backpack		QTY:1		SIZE:PC

STARTPACK:Campsite Equipment		EQUIPBUY:100		APPLY:INSTANT
GEAR:Bedroll		LOCATION:Not Carried		QTY:4		SIZE:PC
GEAR:Blanket		LOCATION:Not Carried		QTY:4		SIZE:PC
GEAR:Firewood (Per Day)		LOCATION:Not Carried		QTY:1		SIZE:PC
GEAR:Flint and Steel		LOCATION:Not Carried		QTY:1		SIZE:PC
GEAR:Tindertwig		LOCATION:Not Carried		QTY:1		SIZE:PC
GEAR:Mess Kit		LOCATION:Not Carried		QTY:4		SIZE:PC
GEAR:Cooking Kit		LOCATION:Not Carried		QTY:1		SIZE:PC
GEAR:Rations (Trail/Per Day)		LOCATION:Not Carried		QTY:8		SIZE:PC

STARTPACK:Chronicler Equipment		EQUIPBUY:100		APPLY:INSTANT
GEAR:Case (Map or Scroll)		LOCATION:Equipped		QTY:1		SIZE:PC
GEAR:Ink (1 oz Vial)		LOCATION:Not Carried		QTY:2		SIZE:PC
GEAR:Inkpen		LOCATION:Not Carried		QTY:2		SIZE:PC
GEAR:Paper (Sheet)		LOCATION:Not Carried		QTY:10		SIZE:PC
GEAR:Journal		LOCATION:Not Carried		QTY:2		SIZE:PC
GEAR:Powder		LOCATION:Not Carried		QTY:2		SIZE:PC

STARTPACK:Dragonslayer Equipment (Fire)		EQUIPBUY:100		APPLY:INSTANT
GEAR:Potion of Cure Moderate Wounds		LOCATION:Backpack		QTY:1		SIZE:PC
GEAR:Oil of Bless Weapon		LOCATION:Backpack		QTY:1		SIZE:PC
GEAR:Longspear		LOCATION:Primary Hand		QTY:1		SIZE:PC
GEAR:Shield (Tower)		LOCATION:Shield		QTY:1		SIZE:PC
GEAR:Backpack		LOCATION:Equipped		QTY:1		SIZE:PC
GEAR:Sack		LOCATION:Not Carried		QTY:3		SIZE:PC
GEAR:Sunrod		LOCATION:Backpack		QTY:1		SIZE:PC
GEAR:Alchemist's Fire (Flask)		LOCATION:Backpack		QTY:5		SIZE:PC

STARTPACK:Dragonslayer Equipment (Acid)		EQUIPBUY:100		APPLY:INSTANT
GEAR:Potion of Cure Moderate Wounds		LOCATION:Backpack		QTY:1		SIZE:PC
GEAR:Oil of Bless Weapon		LOCATION:Backpack		QTY:1		SIZE:PC
GEAR:Longspear		LOCATION:Primary Hand		QTY:1		SIZE:PC
GEAR:Shield (Tower)		LOCATION:Shield		QTY:1		SIZE:PC
GEAR:Backpack		LOCATION:Equipped		QTY:1		SIZE:PC
GEAR:Sack		LOCATION:Not Carried		QTY:3		SIZE:PC
GEAR:Sunrod		LOCATION:Backpack		QTY:1		SIZE:PC
GEAR:Acid (Flask)		LOCATION:Backpack		QTY:5		SIZE:PC

STARTPACK:Dungeoneering Equipment (Common)		EQUIPBUY:100		APPLY:INSTANT
GEAR:Candle		LOCATION:Backpack		QTY:2		SIZE:PC
GEAR:Chalk		LOCATION:Backpack		QTY:1		SIZE:PC
GEAR:Hammer		LOCATION:Backpack		QTY:1		SIZE:PC
GEAR:Piton		LOCATION:Backpack		QTY:4		SIZE:PC
GEAR:Rope (Hemp/50 ft)		LOCATION:Backpack		QTY:1		SIZE:PC
GEAR:Lantern (Hooded)		LOCATION:Backpack		QTY:1		SIZE:PC
GEAR:Oil (1 Pint Flask)		LOCATION:Backpack		QTY:5		SIZE:PC
GEAR:Sack		LOCATION:Backpack		QTY:2		SIZE:PC
GEAR:Torch		LOCATION:Backpack		QTY:2		SIZE:PC
GEAR:Tindertwig		LOCATION:Backpack		QTY:4		SIZE:PC

STARTPACK:Dungeoneering Equipment (Deluxe)		EQUIPBUY:100		APPLY:INSTANT
GEAR:Candle		LOCATION:Not Carried		QTY:2		SIZE:PC
GEAR:Chalk		LOCATION:Backpack		QTY:1		SIZE:PC
GEAR:Hammer		LOCATION:Backpack		QTY:1		SIZE:PC
GEAR:Piton		LOCATION:Backpack		QTY:4		SIZE:PC
GEAR:Rope (Hemp/50 ft)		LOCATION:Backpack		QTY:1		SIZE:PC
GEAR:Sack		LOCATION:Backpack		QTY:2		SIZE:PC
GEAR:Sunrod		LOCATION:Backpack		QTY:3		SIZE:PC
GEAR:Tindertwig		LOCATION:Backpack		QTY:4		SIZE:PC
GEAR:Everburning Torch		LOCATION:Backpack		QTY:1		SIZE:PC

STARTPACK:Pathfinder Equipment		EQUIPBUY:100		APPLY:INSTANT
GEAR:Backpack		LOCATION:Equipped		QTY:1		SIZE:PC
GEAR:Bedroll		LOCATION:Backpack		QTY:1		SIZE:PC
GEAR:Belt Pouch		LOCATION:Not Carried		QTY:1		SIZE:PC
GEAR:Mug or Tankard (Clay)		LOCATION:Backpack		QTY:1		SIZE:PC
GEAR:Dagger		LOCATION:Backpack		QTY:1		SIZE:PC
GEAR:Fishhook		LOCATION:Backpack		QTY:2		SIZE:PC
GEAR:Flint and Steel		LOCATION:Backpack		QTY:1		SIZE:PC
GEAR:Sewing Needle		LOCATION:Backpack		QTY:1		SIZE:PC
GEAR:Signal Whistle		LOCATION:Backpack		QTY:1		SIZE:PC
GEAR:String (50 ft.)		LOCATION:Backpack		QTY:1		SIZE:PC
GEAR:Rations (Trail/Per Day)		LOCATION:Backpack		QTY:1		SIZE:PC
GEAR:Rations (Trail/Per Day)		LOCATION:Not Carried		QTY:4		SIZE:PC
GEAR:Waterskin		LOCATION:Backpack		QTY:1		SIZE:PC
GEAR:Whetstone		LOCATION:Backpack		QTY:1		SIZE:PC

STARTPACK:Riding Equipment (Common)		EQUIPBUY:100		APPLY:INSTANT
GEAR:Bit and Bridle		LOCATION:Not Carried		QTY:1		SIZE:PC
GEAR:Saddle (Riding)		LOCATION:Not Carried		QTY:1		SIZE:PC
GEAR:Blanket		LOCATION:Not Carried		QTY:1		SIZE:PC
GEAR:Saddlebags		LOCATION:Not Carried		QTY:1		SIZE:PC
GEAR:Feed (Per Day)		LOCATION:Not Carried		QTY:2

STARTPACK:Riding Equipment (Exotic)		EQUIPBUY:100		APPLY:INSTANT
GEAR:Bit and Bridle		LOCATION:Not Carried		QTY:1		SIZE:PC
GEAR:Saddle (Exotic/Riding)		LOCATION:Not Carried		QTY:1		SIZE:PC
GEAR:Blanket		LOCATION:Not Carried		QTY:1		SIZE:PC
GEAR:Saddlebags		LOCATION:Not Carried		QTY:1		SIZE:PC
GEAR:Feed (Per Day)		LOCATION:Not Carried		QTY:2

STARTPACK:Spelunker Equipment		EQUIPBUY:100		APPLY:INSTANT
GEAR:Lantern (Hooded)		LOCATION:Equipped		QTY:1
GEAR:Oil (1 Pint Flask)		LOCATION:Backpack		QTY:4
GEAR:Hammer		LOCATION:Backpack		QTY:1
GEAR:Piton		LOCATION:Backpack		QTY:8
GEAR:Rope (Silk/50 ft)		LOCATION:Backpack		QTY:2
GEAR:Grappling Hook		LOCATION:Backpack		QTY:1
GEAR:Climber's Kit		LOCATION:Equipped		QTY:1		SIZE:PC

STARTPACK:Troll Slayer Equipment		EQUIPBUY:100		APPLY:INSTANT
GEAR:Alchemist's Fire (Flask)		LOCATION:Backpack		QTY:1
GEAR:Acid (Flask)		LOCATION:Backpack		QTY:1
GEAR:Torch		LOCATION:Equipped		QTY:1
GEAR:Torch		LOCATION:Not Carried		QTY:9
GEAR:Tindertwig		LOCATION:Backpack		QTY:1
GEAR:Oil (1 Pint Flask)		LOCATION:Backpack		QTY:5

STARTPACK:Undead Slayer Equipment		EQUIPBUY:100		APPLY:INSTANT
GEAR:Holy Symbol (Wooden)		LOCATION:Equipped		QTY:1
GEAR:Garlic (per lb)		LOCATION:Backpack		QTY:1
GEAR:Hammer		LOCATION:Backpack		QTY:1
GEAR:Holy Water (Flask)		LOCATION:Backpack		QTY:2
GEAR:Sunrod		LOCATION:Backpack		QTY:1
GEAR:Potion of Lesser Restoration		LOCATION:Backpack		QTY:1
GEAR:Potion of Protection from Evil		LOCATION:Backpack		QTY:1

#
###END
#