# CVS $Revision: 14380 $ $Author: amaitland $ -- Fri Sep 28 11:29:47 2012 -- reformated by prettylst.pl v1.39 (build 16265)
SOURCELONG:Ultimate Equipment	SOURCESHORT:PFUE	SOURCEWEB:http://paizo.com/products/btpy8tmc?Pathfinder-Roleplaying-Game-Ultimate-Equipment	SOURCEDATE:2012-08
# Pathfinder RPG Entry by: Stefan Radermacher and Scott Meyer

###Block: Animals (Non-mount)
Badger		TYPE:Goods.Pets		COST:15		WT:20		SOURCEPAGE:p.80
Bat		TYPE:Goods.Pets		COST:5		WT:1		SOURCEPAGE:p.80
Cat		TYPE:Goods.Pets		COST:0.03		WT:8		SOURCEPAGE:p.82
Cat (Hunting)		TYPE:Goods.Pets		COST:100		WT:100		SOURCEPAGE:p.82
Cow.MOD		OUTPUTNAME:Cattle		COST:50		WT:1500		SOURCEPAGE:p.82
Centipede (House)		TYPE:Goods.Pets		COST:0.01		WT:0.187		SOURCEPAGE:p.82
Chicken.MOD		COST:1		WT:6		SOURCEPAGE:p.82
Crab (Small)		TYPE:Goods.Pets		COST:20		WT:5		SOURCEPAGE:p.82
Crab (Medium)		TYPE:Goods.Pets		COST:20		WT:6		SOURCEPAGE:p.82
Crab (Large)		TYPE:Goods.Pets		COST:20		WT:7		SOURCEPAGE:p.82
Dog (Guard).MOD		TYPE:Goods.Pets		COST:25		WT:25		SOURCEPAGE:p.82
Dog (Lap)		TYPE:Goods.Pets		COST:15		WT:5		SOURCEPAGE:p.82
Donkey Rat		TYPE:Goods.Pets		COST:1		WT:50		SOURCEPAGE:p.82
Duck		TYPE:Goods.Trade.Pets		COST:2		WT:3		SOURCEPAGE:p.82
Falcon		TYPE:Goods.Pets		COST:40		WT:2		SOURCEPAGE:p.83
Fox		TYPE:Goods.Trade.Pets		COST:8		WT:12		SOURCEPAGE:p.83
Goat.MOD		COST:6		WT:50		SOURCEPAGE:p.83
Hawk		TYPE:Goods.Pets		COST:18		WT:2		SOURCEPAGE:p.83
Hedgehog		TYPE:Goods.Pets		COST:5		WT:3		SOURCEPAGE:p.83
Lizard		TYPE:Goods.Pets		COST:0.05		WT:2		SOURCEPAGE:p.84
Monkey		TYPE:Goods.Pets		COST:3		WT:5		SOURCEPAGE:p.84
Octopus		TYPE:Goods.Pets		COST:25		WT:2		SOURCEPAGE:p.84
Otter		TYPE:Goods.Pets		COST:20		WT:10		SOURCEPAGE:p.84
Owl (Small)		TYPE:Goods.Pets		COST:10		WT:1		SOURCEPAGE:p.84
Owl (Medium)		TYPE:Goods.Pets		COST:10		WT:2		SOURCEPAGE:p.84
Owl (Large)		TYPE:Goods.Pets		COST:10		WT:3		SOURCEPAGE:p.84
Ox.MOD		TYPE:Goods.Trade.Pets.Transportation.Container		COST:15		WT:1500		SOURCEPAGE:p.93
Parrot		TYPE:Goods.Pets		COST:50		WT:4		SOURCEPAGE:p.84
Pig.MOD		COST:10		WT:100		SOURCEPAGE:p.84
Pig (Medium)		TYPE:Goods.Trade.Pets		COST:10		WT:200		SOURCEPAGE:p.84
Pig (Large)		TYPE:Goods.Trade.Pets		COST:10		WT:300		SOURCEPAGE:p.84
Pseudodragon		TYPE:Goods.Pets		COST:200		WT:7		SOURCEPAGE:p.84
Rabbit		TYPE:Goods.Trade.Pets		COST:2		WT:3		SOURCEPAGE:p.84
Raccoon		TYPE:Goods.Pets		COST:5		WT:7		SOURCEPAGE:p.84
Rat		TYPE:Goods.Pets		COST:0.01		WT:1		SOURCEPAGE:p.85
Rat (Dire)		TYPE:Goods.Pets		COST:5		WT:50		SOURCEPAGE:p.85
Raven		TYPE:Goods.Pets		COST:2		WT:3		SOURCEPAGE:p.85
Scorpion (Greensting)		TYPE:Goods.Pets		COST:15		WT:0.563		SOURCEPAGE:p.85
Sheep.MOD		COST:20		WT:150
Skunk		TYPE:Goods.Pets		COST:10		WT:10		SOURCEPAGE:p.85
Snake (Constrictor)		TYPE:Goods.Pets		COST:5		WT:60		SOURCEPAGE:p.85
Snake (Viper)		TYPE:Goods.Pets		COST:5		WT:0.625		SOURCEPAGE:p.85
Squirrel (Common)		TYPE:Goods.Pets		COST:1		WT:2		SOURCEPAGE:p.85
Squirrel (Flying)		TYPE:Goods.Pets		COST:20		WT:1		SOURCEPAGE:p.85
Spider		TYPE:Goods.Pets		COST:25		WT:0.5		SOURCEPAGE:p.85
Stirge		TYPE:Goods.Pets		COST:20		WT:1		SOURCEPAGE:p.86
Thrush		TYPE:Goods.Pets		COST:0.1		WT:0.438		SOURCEPAGE:p.86
Toad		TYPE:Goods.Pets		COST:0.02		WT:0.438		SOURCEPAGE:p.86
Turtle		TYPE:Goods.Pets		COST:3		WT:4		SOURCEPAGE:p.86
Weasel		TYPE:Goods.Pets		COST:2		WT:0.5		SOURCEPAGE:p.86
Yak		TYPE:Goods.Trade.Pets.Transportation.Container		COST:24		WT:1000		CONTAINS:*3120|Any		SOURCEPAGE:p.86

###Block: Animals (Mounts)
Axe Beak (Combat-Trained)		TYPE:Mount.Goods.Transportation.Container		COST:1500		WT:500		CONTAINS:*600|Any		SOURCEPAGE:p.80
Axe Beak Egg		TYPE:Mount.Goods		COST:1000		WT:10		SOURCEPAGE:p.80
Camel		TYPE:Mount.Goods.Transportation.Container		COST:150		WT:1500		CONTAINS:*1800|Any		SOURCEPAGE:p.81
Dire Bat (Riding)		TYPE:Mount.Goods.Transportation.Container		COST:300		WT:400		CONTAINS:*520|Any		SOURCEPAGE:p.82
Dire bat (Riding/Combat-Trained)		TYPE:Mount.Goods.Transportation.Container		COST:450		WT:450		CONTAINS:*520|Any		SOURCEPAGE:p.82
Dog (Riding).MOD		WT:50		SOURCEPAGE:p.82
Donkey.MOD		WT:600		SOURCEPAGE:p.82
Elephant		TYPE:Mount.Goods.Transportation.Container		COST:1000		WT:10000		CONTAINS:*9600|Any		SOURCEPAGE:p.82
Gecko (Riding)		TYPE:Mount.Goods.Transportation.Container		COST:300		WT:1200		CONTAINS:*780|Any		SOURCEPAGE:p.83
Gecko (Riding/Combat Trained)		TYPE:Mount.Goods.Transportation.Container		COST:400		WT:1500		CONTAINS:*780|Any		SOURCEPAGE:p.83
Griffon (Combat Trained)		TYPE:Mount.Goods.Transportation.Container		COST:8000		WT:500		CONTAINS:*900|Any		SOURCEPAGE:p.83
Griffon Egg		TYPE:Mount.Goods		COST:3500		WT:10		SOURCEPAGE:p.83
Hippogriff (Combat Trained)		TYPE:Mount.Goods.Transportation.Container		COST:5000		WT:500		CONTAINS:*600|Any		SOURCEPAGE:p.83
Hippogriff Egg		TYPE:Mount.Goods.Transportation.Container		COST:200		WT:10		SOURCEPAGE:p.83
Horse (Heavy).MOD		WT:2000		SOURCEPAGE:p.83
Horse (Heavy/Combat Trained).MOD		WT:3000		SOURCEPAGE:p.83
Horse (Light).MOD		WT:900		SOURCEPAGE:p.83
Horse (Light/Combat Trained).MOD		WT:1200		SOURCEPAGE:p.83
Pony.MOD		WT:800		SOURCEPAGE:p.83
Pony (Combat Trained).MOD		WT:900		SOURCEPAGE:p.83
Mastodon		TYPE:Mount.Goods.Transportation.Container		COST:2000		WT:16000		CONTAINS:*16800|Any		SOURCEPAGE:p.84
Mule.MOD		WT:800		SOURCEPAGE:p.82

###Block:  Mount Equipment
# Barding is in armor .LST file
Animal Harness.MOD		TYPE:Goods.Mount.Resizable		COST:2		WT:2		SOURCEPAGE:p.80
Bit and Bridle.MOD		SOURCEPAGE:80
Cage (Fine)		TYPE:Goods.Mount.Pets		COST:10		WT:2		SOURCEPAGE:p.81
Cage (Diminutive)		TYPE:Goods.Mount.Pets		COST:10		WT:2		SOURCEPAGE:p.81
Cage (Tiny).MOD		TYPE:Goods.Mount.Pets		COST:2		WT:5		SOURCEPAGE:p.81
Cage (Small		TYPE:Goods.Mount.Pets)		COST:15		WT:60		SOURCEPAGE:p.81
Cage (Medium)		TYPE:Goods.Mount.Pets		COST:15		WT:60		SOURCEPAGE:p.81
Cage (Large).MOD		TYPE:Goods.Mount.Pets		COST:30		WT:240		SOURCEPAGE:p.81
Cage (Huge).MOD		TYPE:Goods.Mount.Pets		COST:60		WT:960		SOURCEPAGE:p.81
Falconry Gauntlet		TYPE:Goods.Pets.Glove		COST:10		WT:1		SOURCEPAGE:p.83
Feed (Per Day).MOD		SOURCEPAGE:p.83
Saddle (Military).MOD		SOURCEPAGE:p.85
Saddle (Pack).MOD		SOURCEPAGE:p.85
Saddle (Riding).MOD		SOURCEPAGE:p.85
Saddle (Exotic/Military).MOD		SOURCEPAGE:p.85
Saddle (Exotic/Pack).MOD		SOURCEPAGE:p.85
Saddle (Exotic/Riding).MOD		SOURCEPAGE:p.85
Saddlebags.MOD		SOURCEPAGE:p.85
Stabling (Per Day).MOD		SOURCEPAGE:p.86
