SOURCELONG:Ultimate Equipment	SOURCESHORT:PFUE	SOURCEWEB:http://paizo.com/products/btpy8tmc?Pathfinder-Roleplaying-Game-Ultimate-Equipment	SOURCEDATE:2012-08
# Pathfinder RPG Entry by: Scott Meyer

###Block: Minor Artifacts
Beacon of True Faith.MOD		SOURCEPAGE:p.328
Book of Infinite Spells.MOD		SOURCEPAGE:p.328
Branch of Life				TYPE:Artifact.Minor		COST:0		WT:1		SOURCEPAGE:p.328
Crown of the Iron King			TYPE:Artifact.Minor.Headgear		COST:0		WT:3		SOURCEPAGE:p.329
Deck of Many Things.MOD		SOURCEPAGE:p.329
Hammer of Thunderbolts (Minor Form)		WIELD:OneHanded		PROFICIENCY:WEAPON|Warhammer		OUTPUTNAME:Hammer of Thunderbolts		COST:0		DAMAGE:2d6		CRITMULT:x3		CRITRANGE:1		WT:15		EQMOD:PLUS3W.RETURN.STEEL.THROW		SIZE:L		TYPE:Weapon.Melee.OneHanded.Martial.Ranged.Thrown.Bludgeoning.Hammer.Artifact.Minor		SOURCEPAGE:p.330
Hammer of Thunderbolts (Major Form)		WIELD:OneHanded		PROFICIENCY:WEAPON|Warhammer		OUTPUTNAME:Hammer of Thunderbolts		COST:0		DAMAGE:2d6		CRITMULT:x3		CRITRANGE:1		WT:15		EQMOD:PLUS5W.RETURN.STEEL.THROW.BANE|Giant.THUNDER		SIZE:L		TYPE:Weapon.Melee.OneHanded.Martial.Ranged.Thrown.Bludgeoning.Electricity.Sonic.Hammer.Artifact.Minor		SPROP:On hit when thrown, all creatures within 90 ft stunned 1 round (Fort DC 15 negates)		SOURCEPAGE:p.330		PREEQUIP:1,Belt of Giant Strength
Knucklebone of Fickle Fortune.MOD		SOURCEPAGE:p.331
Monkey's Paw		TYPE:Artifact.Minor		COST:0		WT:2		SOURCEPAGE:p.331
Perfect Golden Lute		TYPE:Artifact.Minor.Instrument		COST:0		WT:3		SOURCEPAGE:p.332		BONUS:SKILL|Perform (String Instruments)|10|TYPE=Competency		BONUS:VAR|BardicPerformanceDuration|6		SPROP:Adds +2 to the DC of all Bardic Performance abilities|PRECLASS:1,Bard=1		SPROP:Can use Countersong, Distraction or Fascinate as a 1st level Bard up to %1 rounds/day|CHA|!PRECLASS:1,Bard=1|PRESKILL:1,Perform (String Instrument)=1
Philosopher's Stone.MOD		SOURCEPAGE:p.332
Runescarred Dragonship		TYPE:Artifact.Minor.Transportation.Ships.Container		COST:0		SOURCEPAGE:p.332		CONTAINS:10000|Any
Sphere of Annihilation.MOD		SOURCEPAGE:p.332
Spindle of Perfect Knowledge		TYPE:Artifact.Minor.Ioun		COST:0		SOURCEPAGE:p.333		BONUS:STAT|INT,WIS,CHA|4|TYPE=Enhancement		BONUS:SKILL|%LIST|5		CHOOSE:SKILL|Knowledge%		SELECT:2		SPELLS:Innate|TIMES=ATWILL|Comprehend Languages|Tongues|Telepathy
Staff of the Magi.MOD		SOURCEPAGE:p.333
Talisman of Pure Good		TYPE:Artifact.Minor		COST:0		WT:0		SOURCEPAGE:p.333
Talisman of Reluctant Wishes		TYPE:Artifact.Minor		COST:0		WT:1		SOURCEPAGE:p.333
Talisman of the Sphere		TYPE:Artifact.Minor.Amulet		COST:0		WT:1		SOURCEPAGE:p.334
Talisman of Ultimate Evil		TYPE:Artifact.Minor		COST:0		WT:0		SOURCEPAGE:p.334
Wierd Queen's Magpie		TYPE:Artifact.Minor		COST:0		WT:2		SOURCEPAGE:p.334

###Block: Major Artifacts
