# CVS $Revision$ $Author$ -- Thu Jan 28 10:02:54 2010 -- reformated by prettylst.pl v1.39 (build 10232)
SOURCELONG:The Adventurer's Handbook	SOURCESHORT:AdHb	SOURCEWEB:http://www.nitehawk-games.biz/products/ahb.html	SOURCEDATE:06-2005
#Original Entry by: Tir Gwaith


# Spell Name				Classes of caster									Domains granting the spell	School				Sub-School			Spell Descriptors			Components			Casting Time			Range					Target Area or Effect											Duration								Save Info						Spell Resistance		Cost		XP Cost	Source Page
Aerial Battle				CLASSES:Sorcerer,Wizard=3												SCHOOL:Transmutation						DESCRIPTOR:Air			COMPS:V			CASTTIME:Free-Action		RANGE:Touch				TARGETAREA:1 creature											DURATION:(CASTERLEVEL) rounds					SAVEINFO:None					SPELLRES:No							SOURCEPAGE:96
Ancient Counsel				CLASSES:Cleric,Shaman=7													SCHOOL:Divination												COMPS:V, S, M, DF, XP	CASTTIME:10 minutes		RANGE:Personal			TARGETAREA:You												DURATION:1 hour plus see below [D]																	XPCOST:300	SOURCEPAGE:97
Argent Sword				CLASSES:Outcast,Sorcerer,Wizard=4											SCHOOL:Evocation												COMPS:V, S, M		CASTTIME:1 standard action	RANGE:(CASTERLEVEL*5+10) ft.	TARGETAREA:Creature(s) attacked									DURATION:(CASTERLEVEL*2) rounds [D]				SAVEINFO:None					SPELLRES:No			COST:20			SOURCEPAGE:98
Battlescars					CLASSES:Cleric,Shaman=0													SCHOOL:Transmutation											COMPS:V, S, M		CASTTIME:1 standard action	RANGE:Touch				TARGETAREA:One creature											DURATION:Instantaneous						SAVEINFO:Yes (harmless)				SPELLRES:Yes (harmless)					SOURCEPAGE:98
Boneshatter					CLASSES:Cleric,Shaman,Sorcerer,Wizard,Witch=6				DOMAINS:Death=6			SCHOOL:Necromancy												COMPS:V, S, M		CASTTIME:1 standard action	RANGE:Medium			TARGETAREA:One creature											DURATION:Instantaneous						SAVEINFO:Fortitude partial (See text)	SPELLRES:Yes						SOURCEPAGE:99
Calimar's Calamitous Conflaagration	CLASSES:Sorcerer,Wizard=4												SCHOOL:Evocation							DESCRIPTOR:Fire			COMPS:V, S, M		CASTTIME:1 standard action	RANGE:20 ft.			TARGETAREA:15 ft. radius spread									DURATION:Instantaneous						SAVEINFO:None					SPELLRES:Yes						SOURCEPAGE:99
Campsite					CLASSES:Bard,Shaman,Sorcerer,Wizard=5|Druid,Outcast,Ranger=4,						SCHOOL:Conjuration		SUBSCHOOL:Creation						COMPS:V, S			CASTTIME:10 minutes		RANGE:Touch				TARGETAREA:Campsite											DURATION:(6+CASTERLEVEL) hours				SAVEINFO:None					SPELLRES:No							SOURCEPAGE:100
Charming Flare				CLASSES:Bard,Sorcerer,Wizard,Witch=0										SCHOOL:Enchantment		SUBSCHOOL:Charm							COMPS:S			CASTTIME:Free-action		RANGE:Personal			TARGETAREA:You												DURATION:(CASTERLEVEL*30+60) minutes																		SOURCEPAGE:100
Deeppack					CLASSES:Druid,Outcast,Sorcerer,Wizard=4										SCHOOL:Transmutation											COMPS:V, S, M, F		CASTTIME:30 minutes		RANGE:Touch				TARGETAREA:1 backpack											DURATION:(CASTERLEVEL*2) days					SAVEINFO:None (harmless)											SOURCEPAGE:100
Deep Sleep					CLASSES:Bard,Sorcerer,Wizard,Witch=2|Ranger=3									SCHOOL:Enchantment		SUBSCHOOL:Compulsion	DESCRIPTOR:Mind-Affecting	COMPS:V, S, M		CASTTIME:1 rMediumound		RANGE:Medium			TARGETAREA:Several creatures within a 20 ft. radius burst					DURATION:(CASTERLEVEL*2) minutes				SAVEINFO:Will negates				SPELLRES:Yes						SOURCEPAGE:101
Disperse Air				CLASSES:Cleric,Druid,Shaman=3							DOMAINS:Air=3			SCHOOL:Transmutation						DESCRIPTOR:Air			COMPS:V, S			CASTTIME:1 standard action	RANGE:Long				TARGETAREA:30 ft. radius burst									DURATION:Instantaneous						SAVEINFO:None (See text)			SPELLRES:No							SOURCEPAGE:101
Dragon's Coat				CLASSES:Cleric=4									DOMAINS:Strength=4		SCHOOL:Transmutation											COMPS:V, S, M		CASTTIME:1 standard action	RANGE:Touch				TARGETAREA:1 living creature										DURATION:(CASTERLEVEL+2) rounds				SAVEINFO:Will negates (harmless)		SPELLRES:Yes (harmless)					SOURCEPAGE:102
Dream Trap					CLASSES:Cleric,Shaman,Sorcerer,Wizard,Witch=6				DOMAINS:Trickery=6		SCHOOL:Enchantment		SUBSCHOOL:Compulsion	DESCRIPTOR:Mind-Affecting	COMPS:V, S			CASTTIME:1 minute			RANGE:120 ft.			TARGETAREA:30 ft. radius burst									DURATION:(CASTERLEVEL*10) minutes				SAVEINFO:Will negates				SPELLRES:Yes						SOURCEPAGE:102
Dual Ray					CLASSES:Cleric,Sorcerer,Wizard=4						DOMAINS:Fire=4			SCHOOL:Evocation							DESCRIPTOR:Fire			COMPS:V, S, M		CASTTIME:1 standard action	RANGE:(CASTERLEVEL*10+20) ft.	TARGETAREA:Two creatures within 20 ft. of each other						DURATION:(CASTERLEVEL) rounds					SAVEINFO:None					SPELLRES:Yes		COST:30			SOURCEPAGE:102
Dweomer's Brutal Beating Protection	CLASSES:Cleric,Sorcerer,Wizard=5						DOMAINS:Protection=5		SCHOOL:Abjuration							DESCRIPTOR:Force			COMPS:V, S, M		CASTTIME:1 standard action	RANGE:Touch				TARGETAREA:Creature touched										DURATION:Permanent until discharged				SAVEINFO:Will negates (harmless)		SPELLRES:Yes (harmless)					SOURCEPAGE:103
Ear of Nature				CLASSES:Druid,Shaman=0|Outcast,Ranger,Sorcerer,Wizard=1							SCHOOL:Divination												COMPS:V			CASTTIME:1 standard action	RANGE:Touch				TARGETAREA:One living creature									DURATION:1d4 hours						SAVEINFO:Will negates (harmless)		SPELLRES:Yes (harmless)					SOURCEPAGE:103
Earth Wave					CLASSES:Druid,Shaman=3|Sorcerer,Wizard=4					DOMAINS:Earth=3			SCHOOL:Conjuration						DESCRIPTOR:Earth			COMPS:V, S			CASTTIME:1 standard action	RANGE:Close				TARGETAREA:(CASTERLEVEL*10+30) ft. radius semi-circular burst				DURATION:Instantaneous						SAVEINFO:Reflex partial (See text)		SPELLRES:None						SOURCEPAGE:103
Find Hidden Doors				CLASSES:Cleric,Druid,Outcast,Ranger,Shaman=1				DOMAINS:Knowledge=1		SCHOOL:Divination												COMPS:V, S			CASTTIME:1 full round		RANGE:60 ft.			TARGETAREA:Quarter circle emanating from the caster to the extreme of the range	DURATION:Concentration, up to (CASTERLEVEL) minutes	SAVEINFO:None					SPELLRES:No							SOURCEPAGE:104
Fire Eyes					CLASSES:Sorcerer,Wizard=1												SCHOOL:Evocation							DESCRIPTOR:Fire			COMPS:V, S			CASTTIME:1 standard action	RANGE:(CASTERLEVEL*5) ft.	TARGETAREA:First creature or object in direct line of sight, within range of spell	DURATION:(CASTERLEVEL) rounds of the caster		SAVEINFO:Reflex negates				SPELLRES:Yes						SOURCEPAGE:104
Force Push					CLASSES:Cleric,Sorcerer,Wizard=3						DOMAINS:Strength=3		SCHOOL:Evocation							DESCRIPTOR:Force			COMPS:V			CASTTIME:1 standard action	RANGE:Close				TARGETAREA:One creature at least 15 ft. away							DURATION:1d4 rounds						SAVEINFO:Will negates				SPELLRES:Yes						SOURCEPAGE:105
Gluey Air					CLASSES:Cleric,Druid,Shaman=2							DOMAINS:Air=2			SCHOOL:Transmutation						DESCRIPTOR:Air			COMPS:V, S, M		CASTTIME:1 standard action	RANGE:Long				TARGETAREA:1 creature											DURATION:(CASTERLEVEL) rounds					SAVEINFO:None					SPELLRES:No							SOURCEPAGE:105
Greater Campsite				CLASSES:Bard,Shaman,Sorcerer,Wizard=6|Druid=5									SCHOOL:Conjuration		SUBSCHOOL:Creation						COMPS:V, S			CASTTIME:10 minutes		RANGE:Touch				TARGETAREA:Campsite											DURATION:(CASTERLEVEL+8) hours				SAVEINFO:None					SPELLRES:No							SOURCEPAGE:105
Haunting					CLASSES:Cleric,Shaman=9								DOMAINS:Death=9			SCHOOL:Necromancy							DESCRIPTOR:Evil			COMPS:V, S, M, DF		CASTTIME:30 minutes		RANGE:10 ft.			TARGETAREA:(CASTERLEVEL*100)-yard radius, centered on the caster's location		DURATION:Instantaneous						SAVEINFO:None					SPELLRES:No							SOURCEPAGE:106
Mists of Time				CLASSES:Cleric,Sorcerer,Wizard=9						DOMAINS:Knowledge=9		SCHOOL:Divination												COMPS:V, S, M		CASTTIME:8 hours			RANGE:Personal			TARGETAREA:You												DURATION:(CASTERLEVEL*10) minutes															COST:3000	XPCOST:500	SOURCEPAGE:106
Nature's Health				CLASSES:Druid,Shaman=3|Outcast=4											SCHOOL:Conjuration		SUBSCHOOL:Healing							COMPS:V			CASTTIME:1 standard action	RANGE:Touch				TARGETAREA:Creature touched										DURATION:1d8 hours						SAVEINFO:None or Will negates (harmless)	SPELLRES:Yes (harmless)					SOURCEPAGE:107
Outcast					CLASSES:Cleric,Sorcerer,Wizard=6											SCHOOL:Abjuration												COMPS:V, S, M		CASTTIME:1 standard action	RANGE:20 ft.			TARGETAREA:One living creature									DURATION:Instantaneous						SAVEINFO:Will negates				SPELLRES:Yes		COST:100			SOURCEPAGE:107
Returned  Outcast				CLASSES:Cleric,Sorcerer,Wizard=6											SCHOOL:Conjuration											COMPS:V, S, M		CASTTIME:1 standard action	RANGE:Special			TARGETAREA:One living creature previously outcas						DURATION:Instantaneous						SAVEINFO:Will negates (harmless)		SPELLRES:Yes (harmless)					SOURCEPAGE:107
Repel Animal				CLASSES:Cleric,Druid,Shaman=5							DOMAINS:Animal=5			SCHOOL:Abjuration												COMPS:V, S, DF		CASTTIME:1 standard action	RANGE:10 ft.			TARGETAREA:10 ft. radius centered on the caster							DURATION:(10*CASTERLEVEL) minutes				SAVEINFO:None or Will negates			SPELLRES:Yes						SOURCEPAGE:107
Sleeplessness				CLASSES:Bard,Sorcerer,Wizard,Witch=2|Ranger=3									SCHOOL:Enchantment		SUBSCHOOL:Compulsion	DESCRIPTOR:Mind-Affecting	COMPS:V, S			CASTTIME:1 standard action	RANGE:Long				TARGETAREA:1 creature											DURATION:(CASTERLEVEL+1) hours				SAVEINFO:Will negates (harmless)		SPELLRES:Yes (harmless)					SOURCEPAGE:108
Spellbane's Spell-Exchange		CLASSES:Cleric,Sorcerer,Wizard=5						DOMAINS:Protection=5		SCHOOL:Abjuration												COMPS:V, S, M		CASTTIME:1 minute			RANGE:Personal			TARGETAREA:You												DURATION:(CASTERLEVEL*5) minutes															COST:300			SOURCEPAGE:108
Spikeskin					CLASSES:Sorcerer,Wizard=1												SCHOOL:Transmutation											COMPS:V, S			CASTTIME:1 standard action	RANGE:15 ft.			TARGETAREA:1 creature											DURATION:(CASTERLEVEL) rounds					SAVEINFO:None					SPELLRES:Yes						SOURCEPAGE:108
Spin						CLASSES:Sorcerer,Wizard,Witch=4											SCHOOL:Enchantment		SUBSCHOOL:Compulsion						COMPS:V, S			CASTTIME:1 standard action	RANGE:(CASTERLEVEL*5+30) ft.	TARGETAREA:1 creature											DURATION:1 minute							SAVEINFO:Will negates				SPELLRES:Yes						SOURCEPAGE:109
Starstruck					CLASSES:Sorcerer,Wizard=5												SCHOOL:Evocation							DESCRIPTOR:Electricity		COMPS:V, S			CASTTIME:1 standard action	RANGE:Medium			TARGETAREA:Up to 10 targets no two can be more than 30 ft. apart				DURATION:Instantaneous						SAVEINFO:None					SPELLRES:Yes						SOURCEPAGE:109
Starswarm					CLASSES:Sorcerer,Wizard=7												SCHOOL:Evocation							DESCRIPTOR:Electricity		COMPS:V, S			CASTTIME:1 standard action	RANGE:Long				TARGETAREA:Up to 20 targets no two can be more than 50 ft. apart				DURATION:Instantaneous						SAVEINFO:None					SPELLRES:Yes						SOURCEPAGE:109
Synergetic Whip				CLASSES:Sorcerer,Wizard=1												SCHOOL:Evocation							DESCRIPTOR:Force			COMPS:V			CASTTIME:1 standard action	RANGE:15 ft.			TARGETAREA:A whip of light										DURATION:(CASTERLEVEL+5) rounds [D]				SAVEINFO:None					SPELLRES:Yes						SOURCEPAGE:110
Temporary Permanency			CLASSES:Sorcerer,Wizard,Witch=4											SCHOOL:Universal												COMPS:V, S			CASTTIME:2 full rounds		RANGE:See text			TARGETAREA:See text											DURATION:2d4+1 hours						SAVEINFO:None					SPELLRES:No							SOURCEPAGE:110
Tent						CLASSES:Bard,Sorcerer,Wizard=3|Druid,Outcast,Ranger,Shaman=2						SCHOOL:Conjuration		SUBSCHOOL:Creation						COMPS:V, S			CASTTIME:5 minutes		RANGE:Touch				TARGETAREA:Campsite											DURATION:(6+CASTERLEVEL) hours				SAVEINFO:None					SPELLRES:No							SOURCEPAGE:110
Tribal Mask					CLASSES:Shaman=3														SCHOOL:Transmutation											COMPS:V, S, F		CASTTIME:1 standard action	RANGE:Personal			TARGETAREA:You												DURATION:(CASTERLEVEL) hours																				SOURCEPAGE:111
Turn Haunting				CLASSES:Cleric,Shaman=9								DOMAINS:Death=9			SCHOOL:Necromancy												COMPS:V, S, M, DF		CASTTIME:30 minutes		RANGE:Touch				TARGETAREA:(100*CASTERLEVEL) yard radius								DURATION:Instantaneous						SAVEINFO:None					SPELLRES:Yes		COST:1500			SOURCEPAGE:111


#Block: Shaman Spells
# 0-Level: 
Create Water.MOD			CLASSES:Shaman=0
Cure Minor Wounds.MOD			CLASSES:Shaman=0
Detect Magic.MOD			CLASSES:Shaman=0
Detect Poison.MOD			CLASSES:Shaman=0
Ear of Nature.MOD			CLASSES:Shaman=0
Guidance.MOD			CLASSES:Shaman=0
Know Direction.MOD			CLASSES:Shaman=0
Light.MOD			CLASSES:Shaman=0
Purify Food and Water.MOD			CLASSES:Shaman=0
Read Magic.MOD			CLASSES:Shaman=0
Resistance.MOD			CLASSES:Shaman=0
Virtue.MOD			CLASSES:Shaman=0
# 1-Level: 
Calm Animals.MOD			CLASSES:Shaman=1
Charm Animals.MOD			CLASSES:Shaman=1
Cure Light Wounds.MOD			CLASSES:Shaman=1
Detect Animals or Plants.MOD			CLASSES:Shaman=1
Endure Elements.MOD			CLASSES:Shaman=1
Entangle,.MOD			CLASSES:Shaman=1
Find Hidden Doors.MOD			CLASSES:Shaman=1
Goodberry.MOD			CLASSES:Shaman=1
Hide from Animals.MOD			CLASSES:Shaman=1
Jump.MOD			CLASSES:Shaman=1
Longstrider.MOD			CLASSES:Shaman=1
Magic Fang.MOD			CLASSES:Shaman=1
Magic Stone.MOD			CLASSES:Shaman=1
Mole Sense.MOD			CLASSES:Shaman=1
Pass without Trace.MOD			CLASSES:Shaman=1
Produce Flame.MOD			CLASSES:Shaman=1
Speak with Animals.MOD			CLASSES:Shaman=1
Summon Nature's Ally I.MOD			CLASSES:Shaman=1
# 2-Level: 
Animal Messenger.MOD			CLASSES:Shaman=2
Animal Trance.MOD			CLASSES:Shaman=2
Barkskin.MOD			CLASSES:Shaman=2
Bar's Endurance.MOD			CLASSES:Shaman=2
Bull's Strength.MOD			CLASSES:Shaman=2
Cat's Grace.MOD			CLASSES:Shaman=2
Claws of the Wolverine.MOD			CLASSES:Shaman=2
Delay Poison.MOD			CLASSES:Shaman=2
Gluey Air.MOD			CLASSES:Shaman=2
Gust of Wind.MOD			CLASSES:Shaman=2
Hold Animal.MOD			CLASSES:Shaman=2
Owl's Wisdom.MOD			CLASSES:Shaman=2
Reduce Animal.MOD			CLASSES:Shaman=2
Resist Energy.MOD			CLASSES:Shaman=2
Restoration Lesser.MOD			CLASSES:Shaman=2
Soften Earth and Stone.MOD			CLASSES:Shaman=2
Spider Climb.MOD			CLASSES:Shaman=2
Summon Nature's Ally II.MOD			CLASSES:Shaman=2
Summon Swarm.MOD			CLASSES:Shaman=2
Tent.MOD			CLASSES:Shaman=2
Tree Shape.MOD			CLASSES:Shaman=2
Warp Wood.MOD			CLASSES:Shaman=2
Wood Shape.MOD			CLASSES:Shaman=2
# 3-Level: 
Call Lightning.MOD			CLASSES:Shaman=3
Contagion.MOD			CLASSES:Shaman=3
Cure Moderate Wounds.MOD			CLASSES:Shaman=3
Daylight.MOD			CLASSES:Shaman=3
Diminish Plants.MOD			CLASSES:Shaman=3
Disperse Air.MOD			CLASSES:Shaman=3
Dominate Animal.MOD			CLASSES:Shaman=3
Eagle Sight.MOD			CLASSES:Shaman=3
Earth Wave.MOD			CLASSES:Shaman=3
Greater Magic Fang.MOD			CLASSES:Shaman=3
Meld into Stone.MOD			CLASSES:Shaman=3
Nature's Health.MOD			CLASSES:Shaman=3
Neutralize Poison.MOD			CLASSES:Shaman=3
Protection from Energy.MOD			CLASSES:Shaman=3
Remove Disease.MOD			CLASSES:Shaman=3
Speak with Plants.MOD			CLASSES:Shaman=3
Spike Growth.MOD			CLASSES:Shaman=3
Stone Shape.MOD			CLASSES:Shaman=3
Summon Nature's Ally III.MOD			CLASSES:Shaman=3
Tribal Mask.MOD			CLASSES:Shaman=3
Water Breathing.MOD			CLASSES:Shaman=3
Wind Wall.MOD			CLASSES:Shaman=3
#4-Level: 
Air Walk.MOD			CLASSES:Shaman=3
Anti Plant Shell.MOD			CLASSES:Shaman=3
Birds of a Feather.MOD			CLASSES:Shaman=3
Blight.MOD			CLASSES:Shaman=3
Command Plants.MOD			CLASSES:Shaman=3
Control Water.MOD			CLASSES:Shaman=3
Cure Serious Wounds.MOD			CLASSES:Shaman=3
Dispel Magic.MOD			CLASSES:Shaman=3
Flame Strike.MOD			CLASSES:Shaman=3
Freedom of Movement.MOD			CLASSES:Shaman=3
Giant Vermin.MOD			CLASSES:Shaman=3
Ice Storm.MOD			CLASSES:Shaman=3
Repel Vermin.MOD			CLASSES:Shaman=3
Scrying.MOD			CLASSES:Shaman=3
Spike Stones.MOD			CLASSES:Shaman=3
Summon Nature's Ally IV.MOD			CLASSES:Shaman=3
# 5- Level: 
Animal Growth.MOD			CLASSES:Shaman=5
Atonement.MOD			CLASSES:Shaman=5
Awaken.MOD			CLASSES:Shaman=5
Call Lightning Storm.MOD			CLASSES:Shaman=5
Campsite.MOD			CLASSES:Shaman=5
Commune with Nature.MOD			CLASSES:Shaman=5
Control Winds.MOD			CLASSES:Shaman=5
Cure Critical Wounds.MOD			CLASSES:Shaman=5
Hallow.MOD			CLASSES:Shaman=5
Insect Plague.MOD			CLASSES:Shaman=5
Repel Animal.MOD			CLASSES:Shaman=5
Spirit of the Night.MOD			CLASSES:Shaman=5
Stoneskin.MOD			CLASSES:Shaman=5
Summon Nature's Ally V.MOD			CLASSES:Shaman=5
Transmute Mud to Rock.MOD			CLASSES:Shaman=5
Transmute Rock to Mud.MOD			CLASSES:Shaman=5
Tree Strike.MOD			CLASSES:Shaman=5
Unhallow.MOD			CLASSES:Shaman=5
Wall of Fire.MOD			CLASSES:Shaman=5
Wall of Thorns.MOD			CLASSES:Shaman=5
# 6-Level: 
Antilife Shell.MOD			CLASSES:Shaman=6
Bear's Endurance (Mass).MOD			CLASSES:Shaman=6
Boneshatter.MOD			CLASSES:Shaman=6
Cat's Grace (Mass).MOD			CLASSES:Shaman=6
Cure Light Wounds (Mass).MOD			CLASSES:Shaman=6
Dispel Magic (Greater).MOD			CLASSES:Shaman=6
Dream Trap.MOD			CLASSES:Shaman=6
Find the Path.MOD			CLASSES:Shaman=6
Fire Seeds.MOD			CLASSES:Shaman=6
Greater Campsite.MOD			CLASSES:Shaman=6
Ironwood.MOD			CLASSES:Shaman=6
Live Oak.MOD			CLASSES:Shaman=6
Move Earth.MOD			CLASSES:Shaman=6
Owl's Wisdom (Mass).MOD			CLASSES:Shaman=6
Repel Wood.MOD			CLASSES:Shaman=6
Spellstaff.MOD			CLASSES:Shaman=6
Spirit of the Predator.MOD			CLASSES:Shaman=6
Stone Tell.MOD			CLASSES:Shaman=6
Summon Nature's Ally VI.MOD			CLASSES:Shaman=6
Transport via Plants.MOD			CLASSES:Shaman=6
Wall of Stone.MOD			CLASSES:Shaman=6
# 7-Level: 
Ancient Counsel.MOD			CLASSES:Shaman=7
Animate Plants.MOD			CLASSES:Shaman=7
Call of the Pack.MOD			CLASSES:Shaman=7
Changestaff.MOD			CLASSES:Shaman=7
Control Weather.MOD			CLASSES:Shaman=7
Creeping Doom.MOD			CLASSES:Shaman=7
Cure Moderate Wounds (Mass).MOD			CLASSES:Shaman=7
Fire Storm.MOD			CLASSES:Shaman=7
Heal.MOD			CLASSES:Shaman=7
Scrying Greater.MOD			CLASSES:Shaman=7
Summon Nature's Ally VII.MOD			CLASSES:Shaman=7
Sunbeam.MOD			CLASSES:Shaman=7
Transmute Metal to Wood.MOD			CLASSES:Shaman=7
True Seeing.MOD			CLASSES:Shaman=7
Wind Walk.MOD			CLASSES:Shaman=7
#8-Level: 
Animal Shapes.MOD			CLASSES:Shaman=8
Control Plants.MOD			CLASSES:Shaman=8
Cure Serious Wounds (Mass).MOD			CLASSES:Shaman=8
Earthquake.MOD			CLASSES:Shaman=8
Repel Metal or Stone.MOD			CLASSES:Shaman=8
Spirit of the Sea.MOD			CLASSES:Shaman=8
Summon Nature's Ally VIII.MOD			CLASSES:Shaman=8
Sunburst.MOD			CLASSES:Shaman=8
Whirlwind.MOD			CLASSES:Shaman=8
# 9-Level: 
Antipathy.MOD			CLASSES:Shaman=9
Cure Critical Wounds (Mass).MOD			CLASSES:Shaman=9
Elemental Swarm.MOD			CLASSES:Shaman=9
Foresight.MOD			CLASSES:Shaman=9
Haunting.MOD			CLASSES:Shaman=9
Shambler.MOD			CLASSES:Shaman=9
Shapechange.MOD			CLASSES:Shaman=9
Spirit of the Grizzly.MOD			CLASSES:Shaman=9
Storm of Vengeance.MOD			CLASSES:Shaman=9
Summon Nature's Ally IX.MOD			CLASSES:Shaman=9
Turn Haunting.MOD			CLASSES:Shaman=9

