# CVS $Revision$ $Author$ -- Wed Jan 27 17:35:35 2010 -- reformated by prettylst.pl v1.39 (build 10232)
SOURCELONG:The Adventurer's Handbook	SOURCESHORT:AdHb	SOURCEWEB:http://www.nitehawk-games.biz/products/ahb.html	SOURCEDATE:06-2005
#Original Entry by: Tir Gwaith

# Master Chef: Purify Food and Water - How often, what caster level, etc?

###Block:Ghost Hunter abilities
# Ability Name					Category of Ability		Type								Define											Description																											Source Page
Ethereal Attack					CATEGORY:Special Ability	TYPE:SpecialAttack.Supernatural.AttackOption	DEFINE:EtheralAttack|0									DESC:+%1 attack bonus against ghosts|EtheralAttack																				SOURCEPAGE:p.130
Ethereal Sight					CATEGORY:Special Ability	TYPE:SpecialQuality.Supernatural.Sense		DEFINE:EtheralSightDuration|0	DEFINE:EtherealSightTimes|max(CHA,1)	DESC:See Etheral creatures %1 rounds (%2 / day)|EtheralSightDuration|EtherealSightTimes														SOURCEPAGE:p.131
Ghostly Insight					CATEGORY:Special Ability	TYPE:SpecialQuality.Extraordinary															DESC:By observing a ghost for more than 4 rounds, you can determine what happend to the person or creature	DESC:+8 Diplomacy and Sense Motive when dealing with ghosts	SOURCEPAGE:p.131
Resistance to Fightful Moan			CATEGORY:Special Ability	TYPE:SpecialQuality.Extraordinary.Immunity	DEFINE:ResistanceFrightfulMoanHD|0							DESC:Immune to feat causing effects of ghosts with %1 or less HD|ResistanceFrightfulMoanHD													SOURCEPAGE:p.131
Improved Resistance to Fightful Moan	CATEGORY:Special Ability	TYPE:SpecialQuality.Extraordinary															DESC:+%1 to all Will saves when attempting to resist a ghost's fightful moan attack|CHA														SOURCEPAGE:p.131
Planar Shift					CATEGORY:Special Ability	TYPE:SpecialQuality.Supernatural.ModifyMovement	DEFINE:PlanarShiftDuration|CHA							DESC:Full round to shift, may stay for %1 rounds|PlanarShiftDuration																	SOURCEPAGE:p.131
Contact Ether Plane				CATEGORY:Special Ability	TYPE:SpecialQuality.SpellLike																DESC:See text																										SOURCEPAGE:p.131

###Block: Master Chef Abilities
# Ability Name				Output Name					Category of Ability		Type						Define			Innate Spells						Description											Source Page
Master Chef Cure				OUTPUTNAME:Cure				CATEGORY:Special Ability	TYPE:SpecialQuality.Extraordinary													DESC:See text										SOURCEPAGE:p.132
Handle Innards										CATEGORY:Special Ability	TYPE:SpecialQuality.Extraordinary													DESC:See text										SOURCEPAGE:p.132
Identify Food										CATEGORY:Special Ability	TYPE:SpecialQuality.Extraordinary													DESC:See text										SOURCEPAGE:p.133
Political Meal										CATEGORY:Special Ability	TYPE:SpecialQuality.Extraordinary	DEFINE:PoliticalMeal|0									DESC:+%1 to Diplomacy when preparing and serving a meal.|PoliticalMeal	SOURCEPAGE:p.133
Master Chef Purify Food and Water	OUTPUTNAME:Purify Food and Water	CATEGORY:Special Ability	TYPE:SpecialQuality.SpellLike						SPELLS:Class|TIMES=1|Purify Food and Water													SOURCEPAGE:p.133
Sauce Maker											CATEGORY:Special Ability	TYPE:SpecialQuality.Extraordinary	DEFINE:SauceMaker|0									DESC:+%1 to Craft (Alchemy) when attempting to make a sauce.|SauceMaker	SOURCEPAGE:p.133

###Block: Seasoned Veteran
# Ability Name		Category of Ability		Type						Define				Description										Source Page
Leadership Quality	CATEGORY:Special Ability	TYPE:SpecialQuality.Extraordinary	DEFINE:LeadershipQuality|0	DESC:Leadership +%1 as long as in the military|LeadershipQuality	SOURCEPAGE:p.134
