# CVS $Revision$ $Author$ -- Fri Jan 22 15:31:17 2010 -- reformated by prettylst.pl v1.39 (build 10232)
#SOURCELONG:The Adventurer's Handbook	SOURCESHORT:AdHb	SOURCEWEB:http://www.nitehawk-games.biz/products/ahb.html	SOURCEDATE:06-2005
# Original Entry by: Tir Gwaith

AGESET:0|Adulthood
RACENAME:Dwonome	BASEAGE:60	MAXAGE:100	AGEDIEROLL:5d4	HAIR:Blond|Brown	EYES:Blue|Blue-Green
RACENAME:Dwonome	CLASS:Barbarian,Rogue,Sorcerer[BASEAGEADD:3d6]|Bard,Fighter,Paladin,Ranger[BASEAGEADD:5d6]|Cleric,Druid,Monk,Wizard[BASEAGEADD:7d6]
RACENAME:Dwonome	SEX:Male[BASEHT:42|HTDIEROLL:2d4|BASEWT:60|WTDIEROLL:1|TOTALWT:BASEWT+(HTDIEROLL*WTDIEROLL)]Female[BASEHT:38|HTDIEROLL:2d4|BASEWT:40|WTDIEROLL:1|TOTALWT:BASEWT+(HTDIEROLL*WTDIEROLL)]
#
RACENAME:Gnomling	BASEAGE:30	MAXAGE:75	AGEDIEROLL:4d6
RACENAME:Gnomling	CLASS:Barbarian,Rogue,Sorcerer[BASEAGEADD:2d8]|Bard,Fighter,Paladin,Ranger[BASEAGEADD:4d6]|Cleric,Druid,Monk,Wizard[BASEAGEADD:4d12]
RACENAME:Gnomling	SEX:Male[BASEHT:34|HTDIEROLL:2d4|BASEWT:35|WTDIEROLL:1|TOTALWT:BASEWT+(HTDIEROLL*WTDIEROLL)]Female[BASEHT:32|HTDIEROLL:2d4|BASEWT:30|WTDIEROLL:1|TOTALWT:BASEWT+(HTDIEROLL*WTDIEROLL)]
#
RACENAME:Half-Dwarf	BASEAGE:25	MAXAGE:50	AGEDIEROLL:4d6
RACENAME:Half-Dwarf	CLASS:Barbarian,Rogue,Sorcerer[BASEAGEADD:3d6]|Bard,Fighter,Paladin,Ranger[BASEAGEADD:5d6]|Cleric,Druid,Monk,Wizard[BASEAGEADD:7d6]
RACENAME:Half-Dwarf	SEX:Male[BASEHT:54|HTDIEROLL:2d4|BASEWT:140|WTDIEROLL:2d8|TOTALWT:BASEWT+(HTDIEROLL*WTDIEROLL)]Female[BASEHT:50|HTDIEROLL:2d4|BASEWT:110|WTDIEROLL:2d8|TOTALWT:BASEWT+(HTDIEROLL*WTDIEROLL)]


AGESET:1|Middle Age	BONUS:STAT|STR,CON,DEX|-1	BONUS:STAT|INT,WIS,CHA|1
RACENAME:Dwonome		BASEAGE:100	MAXAGE:150	AGEDIEROLL:5d10
RACENAME:Gnomling		BASEAGE:75	MAXAGE:112	AGEDIEROLL:6d6
RACENAME:Half-Dwarf	BASEAGE:50	MAXAGE:75	AGEDIEROLL:4d6

AGESET:2|Old		BONUS:STAT|STR,CON,DEX|-3	BONUS:STAT|INT,WIS,CHA|2
RACENAME:Dwonome		BASEAGE:150	MAXAGE:200	AGEDIEROLL:5d10
RACENAME:Gnomling		BASEAGE:112	MAXAGE:150	AGEDIEROLL:3d10+1d8
RACENAME:Half-Dwarf	BASEAGE:75	MAXAGE:100	AGEDIEROLL:4d6

AGESET:3|Venerable	BONUS:STAT|STR,CON,DEX|-6	BONUS:STAT|INT,WIS,CHA|3
RACENAME:Dwonome		BASEAGE:200	MAXAGE:500	AGEDIEROLL:3d100
RACENAME:Gnomling		BASEAGE:150	MAXAGE:350	AGEDIEROLL:2d100
RACENAME:Half-Dwarf	BASEAGE:100	MAXAGE:160	AGEDIEROLL:3d20

#
#EOF
#
