

# Exotic Weapons
Garrote			PROFICIENCY:WEAPON|Garrote				TYPE:Weapon.Melee.Exotic.Slashing	COST:.01	SIZE:M	DAMAGE:1d4	CRITRANGE:3	CRITMULT:x3	SOURCEPAGE:p.124
Yo-yo				PROFICIENCY:WEAPON|Yo-yo				TYPE:Weapon.Melee.Exotic.Ranged.Bludgeoning	COST:.01	SIZE:M	DAMAGE:1d2			CRITMULT:x2	RANGE:5	WT:.1	SOURCEPAGE:p.124
Fist Blade			PROFICIENCY:WEAPON|Fist Blade			TYPE:Weapon.Melee.Exotic.Slashing.Piercing	COST:20	SIZE:M	DAMAGE:1d6	CRITRANGE:2	CRITMULT:x2			WT:3	SOURCEPAGE:p.124
Patar				PROFICIENCY:WEAPON|Patar				TYPE:Weapon.Melee.Exotic.Piercing			COST:16	SIZE:M	DAMAGE:1d4		CRITMULT:x2	WT:6					BONUS:COMBAT|AC|1|TYPE=SHIELD.STACK	ACCHECK:-1	SPELLFAILURE:5	SOURCEPAGE:p.124
Patar (Retracting)	PROFICIENCY:WEAPON|Patar (Retracting)		TYPE:Weapon.Melee.Exotic.Piercing			COST:25	SIZE:M	DAMAGE:1d4		CRITMULT:x2	WT:6					BONUS:COMBAT|AC|1|TYPE=SHIELD.STACK	ACCHECK:-1	SPELLFAILURE:5	SOURCEPAGE:p.124

# One-handed
Blood Sword			PROFICIENCY:WEAPON|Blood Sword			TYPE:Weapon.Melee.OneHanded.Sword.Slashing.Piercing.Exotic	COST:20	SIZE:M	DAMAGE:1d8	CRITMULT:x2	WT:10	SOURCEPAGE:p.124

#Ranged
Bola (2-Beaded)		PROFICIENCY:WEAPON|Bola (2-Beaded)		TYPE:Weapon.Ranged.Exotic.Bludgeoning.Thrown	COST:2	SIZE:M	DAMAGE:1d3	SPROP:Non-lethal Damage		CRITMULT:x2	RANGE:10	WT:1			SOURCEPAGE:p.124
Bola (4-Beaded)		PROFICIENCY:WEAPON|Bola (4-Beaded)		TYPE:Weapon.Ranged.Exotic.Bludgeoning.Thrown	COST:2	SIZE:M	DAMAGE:1d3	SPROP:Non-lethal Damage		CRITMULT:x2	RANGE:10	WT:3		SOURCEPAGE:p.124
Chakrum			PROFICIENCY:WEAPON|Chakrum				TYPE:Weapon.Ranged.Exotic.Slashing.Thrown		COST:10	SIZE:M	DAMAGE:1d6			CRITRANGE:2			CRITMULT:x2	RANGE:10	WT:2	SOURCEPAGE:p.124
Net (Hooked)		PROFICIENCY:WEAPON|Net (Hooked)			TYPE:Weapon.Ranged.Exotic.Slashing.Thrown		COST:30	SIZE:M	DAMAGE:1d4	SPROP:10' max								WT:10	SOURCEPAGE:p.124
Net (Weighted)		PROFICIENCY:WEAPON|Net (Weighted)		TYPE:Weapon.Ranged.Exotic.Thrown			COST:30	SIZE:M			SPROP:10' max								WT:15	SOURCEPAGE:p.124

#Block: Goods Services and Adventuring Gear
Broom			TYPE:Goods	COST:.05	WT:2	SOURCEPAGE:p.124
Catstink		TYPE:Goods	COST:25	WT:1	SOURCEPAGE:p.124
Inventor's Toolkit	TYPE:Goods	COST:75	WT:30	SOURCEPAGE:p.124
Inventor's Toolkit, Deluxe	KEY:Inventor's Toolkit (Deluxe)	TYPE:Goods	COST:200	WT:210	SOURCEPAGE:p.124
Magna Flare		TYPE:Goods	COST:4	WT:.5	SOURCEPAGE:p.124
Oil of Purging	TYPE:Goods	COST:2	WT:.1	SOURCEPAGE:p.124
Pendulum		TYPE:Goods	COST:15	WT:1	SOURCEPAGE:p.124
Sobering Syrup	TYPE:Goods	COST:5	WT:.1	SOURCEPAGE:p.124
Tarot Cards		TYPE:Goods	COST:1	WT:.5	SOURCEPAGE:p.124
Tripe Wire (40')	TYPE:Goods	COST:.5	WT:.1	SOURCEPAGE:p.124

#Block: Table: Containers and Carriers
Cauldron (Hearth)		COST:120			WT:50	SPROP:5 gallons	SOURCEPAGE:p.124
Cauldron (Traveling)	COST:25			WT:2		SPROP:1/2gallon	SOURCEPAGE:p.124
Censer			COST:5			WT:1		SPROP:1/5 cu ft.	SOURCEPAGE:p.124
Coffer			COST:5			WT:2		SPROP:1 cu. ft.	SOURCEPAGE:p.124

#Block: Armor
Fur Armor	COST:7	BONUS:COMBAT|AC|2|TYPE=Armor	PROFICIENCY:ARMOR|Fur Armor	TYPE:Armor.Light	WT:15	SOURCEPAGE:p.128	SPELLFAILURE:10
