SOURCELONG:OSRIC - Old School Reference & Index Compilation		SOURCESHORT:OSRIC	SOURCEWEB:http://www.knights-n-knaves.com/osric/
#Original Entry: Andrew Maitland

#TODO: Restrict Con Bonus to only certain levels. Likely best method to add it to each class instead of global like a regular d20 game

###Block: Assassin ------------------------------------------------------------------------------------------------------------
CLASS:Assassin	TYPE:PC.Base.Single	SOURCEPAGE:p.7	PREMULT:1,[!PRECLASS:1,TYPE.PC=1],[PRECLASS:1,Assassin=1]	HD:6	PRESTAT:5,STR=12,DEX=12,CON=6,INT=11,WIS=6	PREALIGN:LE,NE,CE	MAXLEVEL:15
1	AUTO:ARMORPROF|Leather|Studded Leather	AUTO:SHIELDPROF|Shield
1	BONUS:ABILITYPOOL|Weapon Proficiencies|3
4:REPEATLEVEL:4|SKIP=0|MAX=15		BONUS:ABILITYPOOL|Weapon Proficiencies|1
1	ABILITY:Special Ability|AUTOMATIC|Backstab|Assassination|Disguise|Poison|Thief Abilities	DEFINE:BackstabMultBonus|2
9	ABILITY:Special Ability|AUTOMATIC|Languages
12	ABILITY:Special Ability|AUTOMATIC|Read Scrolls
### Combat
5	BONUS:COMBAT|BAB|1	BONUS:VAR|BackstabMultBonus|1
9	BONUS:COMBAT|BAB|3	BONUS:VAR|BackstabMultBonus|1
13	BONUS:COMBAT|BAB|2	BONUS:VAR|BackstabMultBonus|1
###Block: Level Limiters
1	PREVARGTEQ:AssassinMaxLVL,1
2	PREVARGTEQ:AssassinMaxLVL,2
3	PREVARGTEQ:AssassinMaxLVL,3
4	PREVARGTEQ:AssassinMaxLVL,4
5	PREVARGTEQ:AssassinMaxLVL,5
6	PREVARGTEQ:AssassinMaxLVL,6
7	PREVARGTEQ:AssassinMaxLVL,7
8	PREVARGTEQ:AssassinMaxLVL,8
9	PREVARGTEQ:AssassinMaxLVL,9
10	PREVARGTEQ:AssassinMaxLVL,10
11	PREVARGTEQ:AssassinMaxLVL,11
12	PREVARGTEQ:AssassinMaxLVL,12
13	PREVARGTEQ:AssassinMaxLVL,13
14	PREVARGTEQ:AssassinMaxLVL,14
15	PREVARGTEQ:AssassinMaxLVL,15

SUBSTITUTIONCLASS:Assassin Single Class
SUBSTITUTIONLEVEL:1	PREMULT:1,[PREVARLTEQ:TL,1],[PRECLASS:1,Assassin=1]
SUBSTITUTIONLEVEL:2	PREMULT:1,[!PRECLASS:1,TYPE.PC=1],[PRECLASS:1,Assassin=1]
SUBSTITUTIONLEVEL:3	PREMULT:1,[!PRECLASS:1,TYPE.PC=1],[PRECLASS:1,Assassin=1]
SUBSTITUTIONLEVEL:4	PREMULT:1,[!PRECLASS:1,TYPE.PC=1],[PRECLASS:1,Assassin=1]
SUBSTITUTIONLEVEL:5	PREMULT:1,[!PRECLASS:1,TYPE.PC=1],[PRECLASS:1,Assassin=1]
SUBSTITUTIONLEVEL:6	PREMULT:1,[!PRECLASS:1,TYPE.PC=1],[PRECLASS:1,Assassin=1]
SUBSTITUTIONLEVEL:7	PREMULT:1,[!PRECLASS:1,TYPE.PC=1],[PRECLASS:1,Assassin=1]
SUBSTITUTIONLEVEL:8	PREMULT:1,[!PRECLASS:1,TYPE.PC=1],[PRECLASS:1,Assassin=1]
SUBSTITUTIONLEVEL:9	PREMULT:1,[!PRECLASS:1,TYPE.PC=1],[PRECLASS:1,Assassin=1]
SUBSTITUTIONLEVEL:10	PREMULT:1,[!PRECLASS:1,TYPE.PC=1],[PRECLASS:1,Assassin=1]
SUBSTITUTIONLEVEL:11	PREMULT:1,[!PRECLASS:1,TYPE.PC=1],[PRECLASS:1,Assassin=1]
SUBSTITUTIONLEVEL:12	PREMULT:1,[!PRECLASS:1,TYPE.PC=1],[PRECLASS:1,Assassin=1]
SUBSTITUTIONLEVEL:13	PREMULT:1,[!PRECLASS:1,TYPE.PC=1],[PRECLASS:1,Assassin=1]
SUBSTITUTIONLEVEL:14	PREMULT:1,[!PRECLASS:1,TYPE.PC=1],[PRECLASS:1,Assassin=1]
SUBSTITUTIONLEVEL:15	PREMULT:1,[!PRECLASS:1,TYPE.PC=1],[PRECLASS:1,Assassin=1]



SUBSTITUTIONCLASS:Assassin Dual Class
SUBSTITUTIONLEVEL:1	PRECLASS:1,
SUBSTITUTIONLEVEL:2
SUBSTITUTIONLEVEL:3
SUBSTITUTIONLEVEL:4
SUBSTITUTIONLEVEL:5
SUBSTITUTIONLEVEL:6
SUBSTITUTIONLEVEL:7
SUBSTITUTIONLEVEL:8
SUBSTITUTIONLEVEL:9
SUBSTITUTIONLEVEL:10
SUBSTITUTIONLEVEL:11
SUBSTITUTIONLEVEL:12
SUBSTITUTIONLEVEL:13
SUBSTITUTIONLEVEL:14
SUBSTITUTIONLEVEL:15




###Block: Cleric ------------------------------------------------------------------------------------------------------------

CLASS:Cleric	PRESTAT:6,STR=6,DEX=3,CON=6,INT=6,WIS=9,CHA=6
1	BONUS:ABILITYPOOL|Weapon Proficiencies|2	
1:REPEATLEVEL:1|SKIP=0|MAX=9	HITDIE:8
3:REPEATLEVEL:3|SKIP=0|MAX=20		BONUS:ABILITYPOOL|Weapon Proficiencies|1
1	ABILITY:Special Ability|AUTOMATIC|Turning Undead
#
9	High Priest(ess)
4:REPEATLEVEL:3|SKIP=0|MAX=18		BONUS:COMBAT|BAB|2
19		BONUS:COMBAT|BAB|1
10:REPEATLEVEL:1	BONUS:HP|CURRENTMAX|2

1	CAST:0,1
2	CAST:0,2
3	CAST:0,2,1
4	CAST:0,3,2
5	CAST:0,3,3,1
6	CAST:0,3,3,2
7	CAST:0,3,3,2,1
8	CAST:0,3,3,3,2
9	CAST:0,4,4,3,2,1
10	CAST:0,4,4,3,3,2
11	CAST:0,5,4,4,3,2,1
12	CAST:0,6,5,5,3,2,2
13	CAST:0,6,6,6,4,2,2
14	CAST:0,6,6,6,5,3,2
15	CAST:0,7,7,7,5,4,2
16	CAST:0,7,7,7,6,5,3,1
17	CAST:0,8,8,8,6,5,3,1
18	CAST:0,8,8,8,7,6,4,1
19	CAST:0,9,9,9,7,6,4,2
20	CAST:0,9,9,9,8,7,5,2
21	CAST:0,9,9,9,9,8,6,2
22	CAST:0,9,9,9,9,9,6,3
23	CAST:0,9,9,9,9,9,7,3
24	CAST:0,9,9,9,9,9,8,3
25:REPEATLEVEL:1	CAST:0,9,9,9,9,9,8,3
###Block: Level Limiters
1	PREVARGTEQ:ClericMaxLVL,1
2	PREVARGTEQ:ClericMaxLVL,2
3	PREVARGTEQ:ClericMaxLVL,3
4	PREVARGTEQ:ClericMaxLVL,4
5	PREVARGTEQ:ClericMaxLVL,5
6	PREVARGTEQ:ClericMaxLVL,6
7	PREVARGTEQ:ClericMaxLVL,7
8	PREVARGTEQ:ClericMaxLVL,8
9	PREVARGTEQ:ClericMaxLVL,9
10	PREVARGTEQ:ClericMaxLVL,10
11	PREVARGTEQ:ClericMaxLVL,11
12	PREVARGTEQ:ClericMaxLVL,12
13	PREVARGTEQ:ClericMaxLVL,13
14	PREVARGTEQ:ClericMaxLVL,14
15	PREVARGTEQ:ClericMaxLVL,15
16	PREVARGTEQ:ClericMaxLVL,16
17	PREVARGTEQ:ClericMaxLVL,17
18	PREVARGTEQ:ClericMaxLVL,18
19	PREVARGTEQ:ClericMaxLVL,19
20	PREVARGTEQ:ClericMaxLVL,20
21	PREVARGTEQ:ClericMaxLVL,21

###Block: Druid-----------------------------------------------------------------------------------------------------------

CLASS:Druid	PRESTAT:6,STR=6,DEX=6,CON=6,INT=6,WIS=12,CHA=15	PREALIGN:NG,NE,TN,CN,LN	MAXLEVEL:14
1	BONUS:ABILITYPOOL|Weapon Proficiencies|2	
1:REPEATLEVEL:1|SKIP=0|MAX=9	HITDIE:8
3:REPEATLEVEL:3|SKIP=0|MAX=20		BONUS:ABILITYPOOL|Weapon Proficiencies|1
1	ABILITY:Special Ability|AUTOMATIC|Druids' Cant|Saving Throw Bonus
3	ABILITY:Special Ability|AUTOMATIC|Druid's Knowledge|Wilderness Movement
7	ABILITY:Special Ability|AUTOMATIC|Immunity to Fey Charm|Shapeshift

4:REPEATLEVEL:3|SKIP=0|MAX=14		BONUS:COMBAT|BAB|2
###Block: Level Limiters
1	PREVARGTEQ:DruidMaxLVL,1
2	PREVARGTEQ:DruidMaxLVL,2
3	PREVARGTEQ:DruidMaxLVL,3
4	PREVARGTEQ:DruidMaxLVL,4
5	PREVARGTEQ:DruidMaxLVL,5
6	PREVARGTEQ:DruidMaxLVL,6
7	PREVARGTEQ:DruidMaxLVL,7
8	PREVARGTEQ:DruidMaxLVL,8
9	PREVARGTEQ:DruidMaxLVL,9
10	PREVARGTEQ:DruidMaxLVL,10
11	PREVARGTEQ:DruidMaxLVL,11
12	PREVARGTEQ:DruidMaxLVL,12
13	PREVARGTEQ:DruidMaxLVL,13
14	PREVARGTEQ:DruidMaxLVL,14
15	PREVARGTEQ:DruidMaxLVL,15

###Block: Unfinished
CLASS:Fighter	PRESTAT:6,STR=9,DEX=6,CON=7,INT=3,WIS=6,CHA=6
1	ABILITY:Special Ability|AUTOMATIC|Bonus Attacks|Fighting the Unskilled|Weapon Specialisation
1:REPEATLEVEL:1|SKIP=0|MAX=9	HITDIE:10
10:REPEATLEVEL:1	BONUS:HP|CURRENTMAX|3	BONUS:HP|CURRENTMAX|-CON|PRESTAT:1,CON=15	BONUS:HP|CURRENTMAX|+CON|!PRESTAT:1,CON=8
###Block: Level Limiters
1	PREVARGTEQ:FighterMaxLVL,1
2	PREVARGTEQ:FighterMaxLVL,2
3	PREVARGTEQ:FighterMaxLVL,3
4	PREVARGTEQ:FighterMaxLVL,4
5	PREVARGTEQ:FighterMaxLVL,5
6	PREVARGTEQ:FighterMaxLVL,6
7	PREVARGTEQ:FighterMaxLVL,7
8	PREVARGTEQ:FighterMaxLVL,8
9	PREVARGTEQ:FighterMaxLVL,9
10	PREVARGTEQ:FighterMaxLVL,10
11	PREVARGTEQ:FighterMaxLVL,11
12	PREVARGTEQ:FighterMaxLVL,12
13	PREVARGTEQ:FighterMaxLVL,13
14	PREVARGTEQ:FighterMaxLVL,14
15	PREVARGTEQ:FighterMaxLVL,15
16	PREVARGTEQ:FighterMaxLVL,16
17	PREVARGTEQ:FighterMaxLVL,17
18	PREVARGTEQ:FighterMaxLVL,18
19	PREVARGTEQ:FighterMaxLVL,19
20	PREVARGTEQ:FighterMaxLVL,20
21	PREVARGTEQ:FighterMaxLVL,21

CLASS:Illusionist
###Block: Level Limiters
1	PREVARGTEQ:IllusionistMaxLVL,1
2	PREVARGTEQ:IllusionistMaxLVL,2
3	PREVARGTEQ:IllusionistMaxLVL,3
4	PREVARGTEQ:IllusionistMaxLVL,4
5	PREVARGTEQ:IllusionistMaxLVL,5
6	PREVARGTEQ:IllusionistMaxLVL,6
7	PREVARGTEQ:IllusionistMaxLVL,7
8	PREVARGTEQ:IllusionistMaxLVL,8
9	PREVARGTEQ:IllusionistMaxLVL,9
10	PREVARGTEQ:IllusionistMaxLVL,10
11	PREVARGTEQ:IllusionistMaxLVL,11
12	PREVARGTEQ:IllusionistMaxLVL,12
13	PREVARGTEQ:IllusionistMaxLVL,13
14	PREVARGTEQ:IllusionistMaxLVL,14
15	PREVARGTEQ:IllusionistMaxLVL,15
16	PREVARGTEQ:IllusionistMaxLVL,16
17	PREVARGTEQ:IllusionistMaxLVL,17
18	PREVARGTEQ:IllusionistMaxLVL,18
19	PREVARGTEQ:IllusionistMaxLVL,19
20	PREVARGTEQ:IllusionistMaxLVL,20
21	PREVARGTEQ:IllusionistMaxLVL,21

CLASS:Magic User
1	BONUS:ABILITYPOOL|Weapon Proficiencies|1
1:REPEATLEVEL:1|SKIP=0|MAX=11	HITDIE:4
5:REPEATLEVEL:5|SKIP=0|MAX=20		BONUS:ABILITYPOOL|Weapon Proficiencies|1
###Block: Level Limiters
1	PREVARGTEQ:MagicUserMaxLVL,1
2	PREVARGTEQ:MagicUserMaxLVL,2
3	PREVARGTEQ:MagicUserMaxLVL,3
4	PREVARGTEQ:MagicUserMaxLVL,4
5	PREVARGTEQ:MagicUserMaxLVL,5
6	PREVARGTEQ:MagicUserMaxLVL,6
7	PREVARGTEQ:MagicUserMaxLVL,7
8	PREVARGTEQ:MagicUserMaxLVL,8
9	PREVARGTEQ:MagicUserMaxLVL,9
10	PREVARGTEQ:MagicUserMaxLVL,10
11	PREVARGTEQ:MagicUserMaxLVL,11
12	PREVARGTEQ:MagicUserMaxLVL,12
13	PREVARGTEQ:MagicUserMaxLVL,13
14	PREVARGTEQ:MagicUserMaxLVL,14
15	PREVARGTEQ:MagicUserMaxLVL,15
16	PREVARGTEQ:MagicUserMaxLVL,16
17	PREVARGTEQ:MagicUserMaxLVL,17
18	PREVARGTEQ:MagicUserMaxLVL,18
19	PREVARGTEQ:MagicUserMaxLVL,19
20	PREVARGTEQ:MagicUserMaxLVL,20
21	PREVARGTEQ:MagicUserMaxLVL,21

CLASS:Paladin
1	BONUS:ABILITYPOOL|Weapon Proficiencies|3	
1:REPEATLEVEL:1|SKIP=0|MAX=9	HITDIE:10
2:REPEATLEVEL:2|SKIP=0|MAX=20		BONUS:ABILITYPOOL|Weapon Proficiencies|1
###Block: Level Limiters
1	PREVARGTEQ:PaladinMaxLVL,1
2	PREVARGTEQ:PaladinMaxLVL,2
3	PREVARGTEQ:PaladinMaxLVL,3
4	PREVARGTEQ:PaladinMaxLVL,4
5	PREVARGTEQ:PaladinMaxLVL,5
6	PREVARGTEQ:PaladinMaxLVL,6
7	PREVARGTEQ:PaladinMaxLVL,7
8	PREVARGTEQ:PaladinMaxLVL,8
9	PREVARGTEQ:PaladinMaxLVL,9
10	PREVARGTEQ:PaladinMaxLVL,10
11	PREVARGTEQ:PaladinMaxLVL,11
12	PREVARGTEQ:PaladinMaxLVL,12
13	PREVARGTEQ:PaladinMaxLVL,13
14	PREVARGTEQ:PaladinMaxLVL,14
15	PREVARGTEQ:PaladinMaxLVL,15
16	PREVARGTEQ:PaladinMaxLVL,16
17	PREVARGTEQ:PaladinMaxLVL,17
18	PREVARGTEQ:PaladinMaxLVL,18
19	PREVARGTEQ:PaladinMaxLVL,19
20	PREVARGTEQ:PaladinMaxLVL,20
21	PREVARGTEQ:PaladinMaxLVL,21

CLASS:Ranger
1	BONUS:ABILITYPOOL|Weapon Proficiencies|2	
1	BONUS:HP|CURRENTMAX|8
1:REPEATLEVEL:1|SKIP=0|MAX=11	HITDIE:8
11	BONUS:HP|CURRENTMAX|-8
2:REPEATLEVEL:2|SKIP=0|MAX=20		BONUS:ABILITYPOOL|Weapon Proficiencies|1
###Block: Level Limiters
1	PREVARGTEQ:RangerMaxLVL,1
2	PREVARGTEQ:RangerMaxLVL,2
3	PREVARGTEQ:RangerMaxLVL,3
4	PREVARGTEQ:RangerMaxLVL,4
5	PREVARGTEQ:RangerMaxLVL,5
6	PREVARGTEQ:RangerMaxLVL,6
7	PREVARGTEQ:RangerMaxLVL,7
8	PREVARGTEQ:RangerMaxLVL,8
9	PREVARGTEQ:RangerMaxLVL,9
10	PREVARGTEQ:RangerMaxLVL,10
11	PREVARGTEQ:RangerMaxLVL,11
12	PREVARGTEQ:RangerMaxLVL,12
13	PREVARGTEQ:RangerMaxLVL,13
14	PREVARGTEQ:RangerMaxLVL,14
15	PREVARGTEQ:RangerMaxLVL,15
16	PREVARGTEQ:RangerMaxLVL,16
17	PREVARGTEQ:RangerMaxLVL,17
18	PREVARGTEQ:RangerMaxLVL,18
19	PREVARGTEQ:RangerMaxLVL,19
20	PREVARGTEQ:RangerMaxLVL,20
21	PREVARGTEQ:RangerMaxLVL,21


CLASS:Thief
###Block: Level Limiters
1	PREVARGTEQ:ThiefMaxLVL,1
2	PREVARGTEQ:ThiefMaxLVL,2
3	PREVARGTEQ:ThiefMaxLVL,3
4	PREVARGTEQ:ThiefMaxLVL,4
5	PREVARGTEQ:ThiefMaxLVL,5
6	PREVARGTEQ:ThiefMaxLVL,6
7	PREVARGTEQ:ThiefMaxLVL,7
8	PREVARGTEQ:ThiefMaxLVL,8
9	PREVARGTEQ:ThiefMaxLVL,9
10	PREVARGTEQ:ThiefMaxLVL,10
11	PREVARGTEQ:ThiefMaxLVL,11
12	PREVARGTEQ:ThiefMaxLVL,12
13	PREVARGTEQ:ThiefMaxLVL,13
14	PREVARGTEQ:ThiefMaxLVL,14
15	PREVARGTEQ:ThiefMaxLVL,15
16	PREVARGTEQ:ThiefMaxLVL,16
17	PREVARGTEQ:ThiefMaxLVL,17
18	PREVARGTEQ:ThiefMaxLVL,18
19	PREVARGTEQ:ThiefMaxLVL,19
20	PREVARGTEQ:ThiefMaxLVL,20
21	PREVARGTEQ:ThiefMaxLVL,21


###Block: Multiclassing
CLASS:Cleric/Assassin	
CLASS:Cleric/Fighter
CLASS:Cleric/Thief
CLASS:Cleric/Ranger
CLASS:Cleric/Magic User
CLASS:Fighter/Assassin
CLASS:Fighter/Thief
CLASS:Fighter/Magic User
CLASS:Magic User/Thief
CLASS:Cleric/Fighter/Magic User
CLASS:Fighter/Magic User/Thief


