SOURCELONG:Curse of the Crimson Throne - Chapter 3: Escape From Old Korvosa	SOURCESHORT:CotCT:EfOK	SOURCEWEB:http://paizo.com/store/paizo/v5748btpy82t5	SOURCEDATE:2008-05


CLASS:Red Mantis Assassin	MAXLEVEL:10	HD:8	TYPE:Prestige	SOURCEPAGE:pg.69	BONUS:COMBAT|BAB|CL*3/4	BONUS:CHECKS|BASE.Fortitude|CL/3	BONUS:CHECKS|BASE.Reflex,BASE.Will|CL/2+2	
CLASS:Red Mantis Assassin	PREALIGN:LE	PRESKILL:3,Hide=8,Intimidate=5,Move Silently=8	PREFEAT:3,Alertness,Weapon Finesse,Exotic Weapon Proficiency(Sawtooth Sabre)
CLASS:Red Mantis Assassin	STARTSKILLPTS:6		SPELLTYPE:Arcane	BONUS:CASTERLEVEL|Red Mantis Assassin|CL
###Block: Level Progression
1	ABILITY:Special Ability|AUTOMATIC|Sneak Attack|Sawtooth Mastery		AUTO:FEAT|Weapon Focus(Sawtooth Sabre)	BONUS:VAR|SneakAttack|1
2	ABILITY:Special Ability|AUTOMATIC|Prayer Attack
3	ABILITY:Special Ability|AUTOMATIC|Red Shroud
4	ABILITY:Special Ability|AUTOMATIC|Call Mantis	BONUS:VAR|SneakAttack|1
5	ABILITY:Special Ability|AUTOMATIC|Resurrection Sense	AUTO:FEAT|Weapon Specialization(Sawtooth Sabre)
6	ABILITY:Special Ability|AUTOMATIC|Mantis Form
7	BONUS:VAR|SneakAttack|1						AUTO:FEAT|Greater Weapon Focus(Sawtooth Sabre)
8	ABILITY:Special Ability|AUTOMATIC|Blood Mantis Form|Fading
9	ABILITY:Special Ability|AUTOMATIC|Mantis Doom		AUTO:FEAT|Greater Weapon Specialization(Sawtooth Sabre)
10	ABILITY:Special Ability|AUTOMATIC|Death Mantis Form	BONUS:VAR|SneakAttack|1
###Block: Spells
1	KNOWN:0,2		CAST:0,0
2	KNOWN:0,3		CAST:0,1
3	KNOWN:0,3,2		CAST:0,2,0
4	KNOWN:0,4,3		CAST:0,2,1
5	KNOWN:0,4,3,2	CAST:0,3,2,0
6	KNOWN:0,4,4,3	CAST:0,3,2,1
7	KNOWN:0,4,4,3,2	CAST:0,3,3,2,0
8	KNOWN:0,5,4,4,3	CAST:0,4,3,2,1
9	KNOWN:0,5,4,4,3,2	CAST:0,4,3,3,2,0
10	KNOWN:0,5,5,4,4,3	CAST:0,4,4,3,2,1