SOURCELONG:Curse of the Crimson Throne - Chapter 3: Escape From Old Korvosa	SOURCESHORT:CotCT:EfOK	SOURCEWEB:http://paizo.com/store/paizo/v5748btpy82t5	SOURCEDATE:2008-05


#Ability
# Ability Name		Output Name									Category of Ability		Type								Description																	Source Page
Sawtooth Mastery		CATEGORY:Special Ability	TYPE:Extraordinary.SpecialQuality	SAB:Sawtooth Mastery
Prayer Attack		CATEGORY:Special Ability	TYPE:Supernatural.SpecialAttack	SAB:Prayer Attack
Red Shroud			CATEGORY:Special Ability	TYPE:Supernatural.SpecialQuality	SAB:Red Shroud
Call Mantis			CATEGORY:Special Ability	TYPE:Spelllike.SpecialQuality		SAB:Call Mantis
Resurrection Sense	CATEGORY:Special Ability	TYPE:Supernatural.SpecialQuality	SAB:Resurrection Sense
Mantis Form			CATEGORY:Special Ability	TYPE:Supernatural.SpecialQuality	SAB:Mantis Form
Blood Mantis Form		CATEGORY:Special Ability	TYPE:Supernatural.SpecialQuality	SAB:Blood Mantis Form
Fading			CATEGORY:Special Ability	TYPE:Supernatural.SpecialQuality	SAB:Fading
Mantis Doom			CATEGORY:Special Ability	TYPE:Supernatural.SpecialAttack	SAB:Mantis Doom	
Death Mantis Form		CATEGORY:Special Ability	TYPE:Supernatural.SpecialQuality	SAB:Death Mantis Form

###Racial Abilities

## Achaekekis Racial Abilities
# Ability Name			Output Name		Category of Ability			Type								Special Abilities																																																																																																																																																																																																																Spell-like Abilities
Achaekekis Immunities					CATEGORY:Special Ability	TYPE:Special.Immunity				SAB:Immune to Ability Damage		SAB:Immune to Ability Drain		SAB:Immune to Blindness		SAB:Immune to Death Effects		SAB:Immune to Energy Drain		SAB:Immune to Mind-affecting Effects		SAB:Immune to Paralysis		SAB:Immune to Poison
Achaekekis Poison						CATEGORY:Special Ability	TYPESpecial.Poison.Supernatural		SAB:Poison (Su)	~ DC % Fortitude|AchaekekisPoisonDC		DEFINE:AchaekekisPoisonDC|0		BONUS:VAR|AchaekekisPoisonDC|10+(HD/2)+CON
Create Gate								CATEGORY:Special Ability	TYPE:SpecialAttack.Supernatural		SAB:Create Gate (Su)
Deathwatch								CATEGORY:Special Ability	TYPE:Special.Supernatural			SAB:Deathwatch (Su)
Freedom of Movement						CATEGORY:Special Ability	TYPE:SpecialDefence.Supernatural	SAB:Freedom of Movement (Su)
Rend									CATEGORY:Special Ability	TYPE:SpecialAttack.Extraordinary	SAB:Rend (Ex)
Savage Criticals						CATEGORY:Special Ability	TYPE:SpecialQuality.Extraordinary	SAB:Savage Criticals (Ex) ~ DC % Fortitude|SavageCriticalsDC		DEFINE:SavageCriticalsDC|0		BONUS:VAR|SavageCriticalsDC|10+(HD/2)+STR
Tail Spikes								CATEGORY:Special Ability	TYPE:SpecialAttack.Extraordinary	SAB:Tail Spike (Ex)
True Seeing								CATEGORY:Special Ability	TYPESpecial.Supernatural			SAB:True Seeing (Su)
Unweaving Aura							CATEGORY:Special Ability	TYPE:Special.Aura.Supernatural		SAB:Unweaving Aura (Su) ~ DC % Will|UnweavingAuraDC		DEFINE:UnweavingAiraDC|0		BONUS:VAR|UnweavingAuraDC|10+(HD/2)+CHA


## Beatific One Racial Abilities
# Ability Name			Output Name		Category of Ability			Type								Special Abilities																																																																																																																																																																																																																Spell-like Abilities
Continuous Barrage						CATEGORY:Special Ability	TYPE:SpecialAttack.Extraordinary	SAB:Continuous Barrage (Ex)
Monk Qualities							CATEGORY:Special Ability	TYPE:SpecialQuality					SAB:Monk Qualities												ABILITY:Special Ability|AUTOMATIC|Monk AC			ABILITY:Special Ability|AUTOMATIC|Monk Movement		ABILITY:Special Ability|AUTOMATIC|Flurry of Blows	ABILITY:Special Ability|VIRTUAL|Greater Flurry of Blows|PREVARGTEQ:GreaterFlurry,1		BONUS:VAR|MonkMoveLVL|CL	BONUS:VAR|MonkACLVL|CL		BONUS:VAR|MonkLVL|CL	BONUS:VAR|FlurryLVL,StunningFistMonkLVL|MonkLVL	DEFINE:MonkLVL|0				BONUS:VAR|MonkBonusFeatLVL|CL			DEFINE:MonkBonusFeatLVL|0
A beatific one emulates many of the
strengths of the monk character class. On top of its own
racial abilities, the beatific one receives the AC bonus,
unarmed damage, bonus feats, speed bonus, and weapon
proficiencies of a monk with a level equal to its Hit Dice,
along with the diamond body, flurry of blows, improved
evasion, and still mind abilities. All of these benefits are
included in the statistics above.
Summon Asura (Sp)

####
#Trample (Ex) Reflex half DC 26. The save DC is Strength-based.
War Stomp (Su)
Undead Servitor

####
All-Around Vision (Ex)			BONUS:SKILL|Spot,Search|4|TYPE=Racial	SAB:Cannot be flanked

Change Shape (Su)
Detect Thoughts (Su)
Extra Initiative (Su)
Spells Rakshasa maharajahs cast spells as 15th-level sorcerers.
The save DCs are Charisma based.

####ABILITY:Special Ability|AUTOMATIC|Scent|Diseased|Swarm Traits|Distraction|Sikari Rage
Diseased (Ex)
Distraction (Ex)
Sikari Rage (Ex)
Skills Sikari macaque swarms have a +8 racial bonus on
Balance and Climb checks. They can always choose to take
10 on Climb checks, even if rushed or threatened. They use
their Dexterity modifier instead of their Strength modifier
for Climb checks.


Monk Abilities	ABILITY:Special Ability|AUTOMATIC|Monk AC|			BONUS:VAR|MonkACLVL|HD	BONUS:ABILITYPOOL|Monk Feat|1	
	ABILITY:Special Ability|AUTOMATIC|
		ABILITY:Special Ability|AUTOMATIC|
			ABILITY:Special Ability|AUTOMATIC|
				ABILITY:Special Ability|AUTOMATIC|
					ABILITY:Special Ability|AUTOMATIC|
						ABILITY:Special Ability|AUTOMATIC|
							ABILITY:Special Ability|AUTOMATIC|
								ABILITY:Special Ability|AUTOMATIC|
									ABILITY:Special Ability|AUTOMATIC|
										ABILITY:Special Ability|AUTOMATIC|
											ABILITY:Special Ability|AUTOMATIC|
												ABILITY:Special Ability|AUTOMATIC|