

Achaekek (The Mantis God)	CR:30
LE
SIZE:C	RACETYPE:Outsider	RACESUBTYPE:Lawful|Evil|Extraplanar|Unweaving Aura|Freedom Of Movement|Improved Evasion	TEMPLATE:Lawful|Evil|Extraplanar|Outsider

VISION:Darkvision (240')|True Seeing
SAB:deathwatch
Listen +44, Spot +44
Aura unweaving aura
BONUS:COMBAT|AC|30|TYPE=NaturalArmor

hp 765 (34d8+612); regeneration 40

Defensive Abilities 
freedom of movement, improved evasion, create gate, rend 4d8+24
DR:20/epic
SAB:Immune ability damage, ability drain, blindness, death effects, energy drain, fire, mind-affecting effects, paralysis, poison; Resist acid 20, cold 20, electricity 20; 
SR:42
MOVE:Walk,180,Climb,80,Fly,180


NATURALATTACKS:Claws,Weapon.Melee.Natural,*4,2d8|Bite,Weapon.Melee.Natural,*1,4d6|Sting,Weapon.Melee.Natural,*1,2d8
NATURALATTACKS:Spikes,Weapon.Ranged.Natural,*2,2d8

Melee 4 claws +42 (2d8+16/15–20) and bite +40 (4d6+8/15–20) and sting +40 (2d8+6/15–20 plus poison)
Ranged 2 spikes +39 (2d8+16/18–20 plus poison)
FACE:60	REACH:60

Str 43, Dex 36, Con 46, Int 6, Wis 24, Cha 20
Base Atk +34; Grp +66
Feats Awesome Blow, Combat Reflexes, Hover, Improved Bull Rush, Improved Critical (claw, bite, sting), Improved Initiative, Iron Will, Multiattack, Power Attack, Wingover
Skills Climb +61, Hide +34, Listen +44, Move Silently +50, Spot +44, Tumble +50
LANGAUTO:Infernal
SQ savage criticals

HITDICEADVANCEMENT:35,*
SOURCEPAGE:pg.80




###
Beatific One	CR:9
Always LE 
SIZE:M	VISION:Darkvision (60')
RACETYPE:Outsider	RACESUBTYPE:Asura
Init +7; Senses  ft.; Listen +14, Spot +21
DEFENSE
ABILITY:Special Ability|AUTOMATIC|Monk Abilities	
BONUS:COMBAT|AC|6|TYPE=NaturalArmor

AC 25, touch 17, flat-footed 18 (+7 Dex, +6 natural, +2 monk
AC bonus)
hp 85 (11d8+33)
Fort +10, Ref +14, Will +14; +2 against enchantment spells
and effects
Defensive Abilities 
improved evasion; DR 10/good; Immune disease, poison; Resist acid 10, electricity 10;
SR:17
Speed 70 ft.
Melee temple sword +17/+12/+7 (1d8+6) and spear +17 (1d8+3)
and kukri (1d4+3/18–20) or
flurry of blows +11/+11/+11/+8 (1d10+6)
Special Attacks continuous barrage, flurry of blows
Spell-like Abilities (CL 6th)
At will—disguise self, feather fall, see invisibility, ventriloquism
3/day—blindness/deafness (DC 16), blur, hypnotic pattern (DC
16), levitate, magic weapon
1/day—dimension door, hold person (DC 17)
Str 22, Dex 24, Con 16, Int 16, Wis 24, Cha 19
Base Atk +11; Grp +21
Feats Deflect ArrowsB, Dodge, Improved DisarmB, Improved
GrappleB, Mobility, Snatch Arrows, Spring Attack
Skills Appraise +17, Balance +23, Climb +20, Concentration
+17, Escape Artist +21, Hide +14, Jump +22, Knowledge (the
planes) +10, Listen +14, Move Silently +21, Perform (dance)
+11, Spot +21, Tumble +23
Languages Celestial, Common, Infernal, Vudrani; telepathy
100 ft.
SQ monk qualities, summon asura
Advancement by character class; Favored Class sorcerer
Level Adjustment —

SOURCEPAGE:pg.82

Rajput Ambari	CR:7	
CE
SIZE:H	RACETYPE:Undead	MONSTERCLASS:Undead:16

VISION:Darkvision (60')


BONUS:COMBAT|AC|12|TYPE=NaturalArmor
#hp 104 (16d12)

#Defensive Abilities undead traits; 
DR:10/slashing

MOVE:Walk,40

NATURALATTACKS:Slam,Weapon.Melee.Natural,*2,2d6|Stamp,Weapon.Melee.Natural,*2,2d6
NATURALATTACKS:Gore,Weapon.Melee.Natural,*1,2d8
#Melee slams +14 (2d6+8) and 2 stamps +9 (2d6+4); or gore +14 (2d8+8/×3)
FACE:15	REACH:10

Special Attacks trample 2d8+13, war stomp
Str 26, Dex 13, Con —,
Int —, Wis 10, Cha 1
Base Atk +8; Grp +24
SQ undead servitor
Alignment neutral
HITDICEADVANCEMENT:22,29
SOURCEPAGE:pg.84


Rakshasa Maharajah	CR:18	Always LE	SIZE:M	RACE:Outsider	RACESUBTYPE:Native	MONSTERCLASS:Outsider:18
Init +11, extra initiative; Senses darkvision 60 ft., all-around vision; Listen +27, Spot +31
VISION:Darkvision (60')|All-Around Vision
BONUS:COMBAT|AC|18|TYPE=NaturalArmor
SAB:cannot be flanked
ABILITY:Special Ability|AUTOMATIC|All-Around Vision|Cannot Be Flanked|

DR:20/good and piercing
SR:30
MOVE:Walk,40,Fly,30
Melee +3 falchion +26/+21/+16/+11 (2d4+10)
Spell-Like Abilities (CL 15th)
1/day—dominate monster (DC 24)
Spells Known (CL 15th)
7th (5/day)—delayed blast fireball (DC 26), mass hold person(DC 26)
6th (7/day)—flesh to stone (DC 25), greater dispel magic, mass bull’s strength
5th (7/day)—dominate person (DC 24), seeming (DC 24), teleport
4th (7/day)—dimension door, greater invisibility (DC 23), lesser globe of invulnerability, solid fog
3rd (8/day)—fireball (2; DC 22), slow (DC 22), vampiric touch (DC 22)
2nd (8/day)—darkness, misdirection (DC 21), resist energy, see invisibility, touch of idiocy (DC 21)
1st (8/day)—identify, mage armor, magic missile, obscuring mist, ray of enfeeblement (DC 20)
0th (6/day)—arcane mark, daze (DC 19), detect magic, flare (DC 19), mage hand, message, prestidigitation, read magic, touch of fatigue (DC 19)
BONUS:STAT|STR|10	BONUS:STAT|DEX|14	BONUS:STAT|CON|14	
BONUS:STAT|INT|14	BONUS:STAT|WIS|12	BONUS:STAT|CHA|18	
FAVCLASS:Sorcerer

hp 207 (18d8+126)
Str 21, Dex 24, Con 24, Int 25, Wis 22, Cha 29

Feats Combat Casting, Eschew Materials, Hover, Improved Initiative, Maximize Spell, Quicken Spell, Widen Spell
Skills Appraise +28, Bluff +30 (+32 acting), Concentration +28,
Decipher Script +28, Diplomacy +36, Disguise +30, Hide +28,
Intimidate +32, Knowledge (arcana) +28, Knowledge (nobility
and royalty) +28, Listen +27, Search +32, Sense Motive +27,
Spellcraft +30, Spot +31, Survival +6 (+8 following tracks)
Languages Common, Vudrani, and five others
Advancement by character class; 

SOURCEPAGE:pg.86



Sikari Macaque Swarm	CR:5	SIZE:T	RACETYPE:Animal	RACESUBTYPE:Swarm	TEMPLATE:Swarm|Animal	VISION:Low-light	ABILITY:Special Ability|AUTOMATIC|Scent|Diseased|Swarm Traits|Distraction|Sikari Rage	MONSTERCLASS:Animal:10	SAB:half damage from slashing and piercing weapons, swarm traits	MOVE:Walk,30,Climb,30	FACE:10	REACH:0	BONUS:SKILL|Climb,Balance|8|TYPE=Racial	NATURALATTACKS:Swarm,Weapon.Natural.Melee,*1,2d6	BONUS:STAT|STR|-6	BONUS:STAT|DEX|10	BONUS:STAT|CON|4	BONUS:STAT|INT|-8	BONUS:STAT|WIS|6	BONUS:STAT|CHA|-6

KIT Info:
hp 65 (10d8+20)
Str 5, Dex 21, Con 15, Int 3, Wis 16, Cha 5
Base Atk +7; Grp —
Feats Agile, Alertness, Lightning
Reflexes, Weapon Finesse
Skills Balance +15, Climb +21, Escape
Artist +11, Listen +9, Spot +10
SQ diseased
N

SOURCEPAGE:pg.88
