# $ $Author: Andrew Wilson (nuance) $ 
SOURCELONG:Tome of Horrors Complete	SOURCESHORT:TOHC	SOURCEWEB:http://froggodgames.com/tome-horrors-complete	SOURCEDATE:2014-03

#		KEY: ~ xxx		CATEGORY:Special Ability	TYPE:xxxRaceTrait.RaceTrait.SpecialQuality		DESC:
#		KEY: ~ xxx		CATEGORY:Special Ability	TYPE:xxxClassFeature.ClassFeature.SpecialQuality	DESC:
#		KEY: ~ xxx		CATEGORY:Special Ability	TYPE:xxxClassAbility.ClassAbility.SpecialQuality	DESC:
#		KEY: ~ xxx		CATEGORY:Special Ability	TYPE:xxxRaceAbility.RaceAbility.SpecialQuality		DESC:

Visible Category	KEY:Deformity Visibility ~ Aberant	CATEGORY:Special Ability	TYPE:AberantDeformity	COST:1	VISIBLE:NO

Racial Abilities ~ Aberant									CATEGORY:Internal			ABILITY:Special Ability|AUTOMATIC|TYPE.AberantRaceAbility
Deformities (Ex)				KEY:Deformities ~ Aberant			CATEGORY:Special Ability	TYPE:AberantRaceAbility.RaceAbility.Extraordinary.SpecialAttack		DESC:Aberrants possess an assortment of terrible deformities unique to each individual creature. When determining the deformities of a typical aberrant, roll randomly or choose 1d4–1 deformities from the Aberrant Deformities table. If two deformities are contradictory, reroll or select another. Racial bonuses gained from different deformities are cumulative. For each deformity an aberrant possesses, it gains a –2 racial penalty on Charisma-based checks with non-aberrants except for Intimidate checks, where it instead gains a +2 racial bonus.		BONUS:ABILITYPOOL|Aberant Deformity|1		ABILITY:Aberant Deformity|NORMAL|Deformity Visibility ~ Aberant
Oversized Weapon Fighting (Ex)	KEY:Oversized Weapon Fighting ~ Aberant	CATEGORY:Special Ability	TYPE:AberantRaceAbility.RaceAbility.Extraordinary.SpecialAttack		DESC:The twisted bodies of aberrants allow them to wield weapons designed for Huge-sized creatures without penalty, as if they were Large-sized weapons.									BONUS:WIELDCATEGORY|ALL|-1
Slow and Steady (Ex)			KEY:Slow and Steady ~ Aberant			CATEGORY:Special Ability	TYPE:AberantRaceAbility.RaceAbility.Extraordinary.SpecialQuality		DESC:Aberrants have a base speed of 20 feet, but their speed is never modified by armor or encumbrance.																	UNENCUMBEREDMOVE:HeavyLoad|HeavyArmor
Stench					KEY:Stench ~ Aberant				CATEGORY:Special Ability	TYPE:SpecialQuality.Extraordinary.Aura						DESC:You secrete an oily chemical that nearly every other creature finds offensive.																					ASPECT:Ability Benefit|(DC %1, %2 rounds)|AberantFoulOdourDC|AberantFoulOdourDuration	BENEFIT:You secrete an oily chemical that nearly every other creature finds offensive. All living creatures (except those with the stench special ability, or other Aberants) within 30 feet must succeed on a Fortitude save (DC %1) or be sickened for %2 rounds. Creatures that successfully save cannot be affected by your stench for 24 hours. A delay poison or neutralize poison spell removes the effect from the sickened creature. Creatures with immunity to poison are unaffected, and creatures resistant to poison receive their normal bonus on their saving throws.|AberantFoulOdourDC|AberantFoulOdourDuration

Venomous Claw		KEY:Venomous Claw ~ Aberant		CATEGORY:Special Ability	TYPE:AberantVenomType.VenomousClaw			DESC:Your Claw attack is venomous			ASPECT:Ability Benefit (DC %1)|AberantVenomousDC		PREMULT:2,[PREABILITY:1,CATEGORY=Special Ability,Aberant Advanced Deformity ~ 10],[!PREABILITY:1,CATEGORY=Special Ability,TYPE.VenomousClaw]
Venomous Bite		KEY:Venomous Bite ~ Aberant		CATEGORY:Special Ability	TYPE:AberantVenomType.VenomousBite			DESC:Your Bite attack, is venomous			ASPECT:Ability Benefit (DC %1)|AberantVenomousDC		PREMULT:2,[PREABILITY:1,CATEGORY=Special Ability,Aberant Advanced Deformity ~ 11],[!PREABILITY:1,CATEGORY=Special Ability,TYPE.VenomousBite]
Venomous Tail Slap	KEY:Venomous Tail Slap ~ Aberant	CATEGORY:Special Ability	TYPE:AberantVenomType.VenomousTailSlap		DESC:Your Tail Slap attack, is venomous		ASPECT:Ability Benefit (DC %1)|AberantVenomousDC		PREMULT:2,[PREABILITY:1,CATEGORY=Special Ability,Aberant Advanced Deformity ~ 12],[!PREABILITY:1,CATEGORY=Special Ability,TYPE.VenomousTailSlap]
Venomous Gore		KEY:Venomous Gore ~ Aberant		CATEGORY:Special Ability	TYPE:AberantVenomType.VenomousGore			DESC:Your Gore attack, is venomous			ASPECT:Ability Benefit (DC %1)|AberantVenomousDC		PREMULT:2,[PREABILITY:1,CATEGORY=Special Ability,Aberant Advanced Deformity ~ 13],[!PREABILITY:1,CATEGORY=Special Ability,TYPE.VenomousGore]
Venomous Slam		KEY:Venomous Slam ~ Aberant		CATEGORY:Special Ability	TYPE:AberantVenomType.VenomousSlam			DESC:Your Slam attack is venomous			ASPECT:Ability Benefit (DC %1)|AberantVenomousDC		PREMULT:2,[PREABILITY:1,CATEGORY=Special Ability,Aberant Advanced Deformity ~ 14],[!PREABILITY:1,CATEGORY=Special Ability,TYPE.VenomousSlam]

# TODO: There should not be two claw attacks, but I can't do a variable should be *AberantArms, not *2
Claw				KEY:Claw with venom ~ Aberant		CATEGORY:Special Ability	TYPE:AberantNaturalWeapon	VISIBLE:NO	NATURALATTACKS:Claw,Weapon.Natural.Melee.Piercing.Slashing,*2,1d8,SPROP=Poison
Bite				KEY:Bite with venom ~ Aberant		CATEGORY:Special Ability	TYPE:AberantNaturalWeapon	VISIBLE:NO	NATURALATTACKS:Bite,Weapon.Natural.Melee.Bludgeoning.Piercing.Slashing,*1,2d4,SPROP=Poison
Tail Slap			KEY:Tail slap with venom ~ Aberant	CATEGORY:Special Ability	TYPE:AberantNaturalWeapon	VISIBLE:NO	NATURALATTACKS:Tail Slap,Weapon.Natural.Melee.Bludgeoning.Piercing.Slashing,*1,2d6,SPROP=Poison
Gore				KEY:Gore with venom ~ Aberant		CATEGORY:Special Ability	TYPE:AberantNaturalWeapon	VISIBLE:NO	NATURALATTACKS:Gore,Weapon.Natural.Melee.Piercing,*1,1d10,SPROP=Poison
Slam				KEY:Slam with venom ~ Aberant		CATEGORY:Special Ability	TYPE:AberantNaturalWeapon	VISIBLE:NO	NATURALATTACKS:Slam,Weapon.Natural.Melee.Bludgeoning,*1,2d6,SPROP=On charge only Poison and Bullrush (does not provoke)

# TODO: There should not be two claw attacks, but I can't do a variable should be *AberantArms, not *2
Claw				KEY:Ordinary claw ~ Aberant		CATEGORY:Special Ability	TYPE:AberantNaturalWeapon	VISIBLE:NO	NATURALATTACKS:Claw,Weapon.Natural.Melee.Piercing.Slashing,*2,1d8
Bite				KEY:Ordinary bite ~ Aberant		CATEGORY:Special Ability	TYPE:AberantNaturalWeapon	VISIBLE:NO	NATURALATTACKS:Bite,Weapon.Natural.Melee.Bludgeoning.Piercing.Slashing,*1,2d4
Tail Slap			KEY:Ordinary tail slap ~ Aberant	CATEGORY:Special Ability	TYPE:AberantNaturalWeapon	VISIBLE:NO	NATURALATTACKS:Tail Slap,Weapon.Natural.Melee.Bludgeoning.Piercing.Slashing,*1,2d6
Gore				KEY:Ordinary gore ~ Aberant		CATEGORY:Special Ability	TYPE:AberantNaturalWeapon	VISIBLE:NO	NATURALATTACKS:Gore,Weapon.Natural.Melee.Piercing,*1,1d10
Slam				KEY:Ordinary slam ~ Aberant		CATEGORY:Special Ability	TYPE:AberantNaturalWeapon	VISIBLE:NO	NATURALATTACKS:Slam,Weapon.Natural.Melee.Bludgeoning,*1,2d6,SPROP=On charge only and Bullrush (does not provoke)

# Racial Modifiers –2 penalty to Charisma-based skills per deformity, except +2 bonus to Intimidate checks per deformity

### Aberant Deformities scaffolding
Toughened hide			KEY:Aberant Deformity ~ 01	CATEGORY:Special Ability	TYPE:AberantDeformity.RaceAbility.SpecialQuality	COST:0	!PREABILITY:1,CATEGORY=Special Ability,Aberant Deformity ~ 01
Extra arm				KEY:Aberant Deformity ~ 02	CATEGORY:Special Ability	TYPE:AberantDeformity.RaceAbility.SpecialQuality	COST:0	!PREABILITY:1,CATEGORY=Special Ability,Aberant Deformity ~ 02
Additional eyes			KEY:Aberant Deformity ~ 03	CATEGORY:Special Ability	TYPE:AberantDeformity.RaceAbility.SpecialQuality	COST:0	!PREABILITY:1,CATEGORY=Special Ability,Aberant Deformity ~ 03
Unusually located eyes		KEY:Aberant Deformity ~ 04	CATEGORY:Special Ability	TYPE:AberantDeformity.RaceAbility.SpecialQuality	COST:0	!PREABILITY:1,CATEGORY=Special Ability,Aberant Deformity ~ 04
Hunched back			KEY:Aberant Deformity ~ 05	CATEGORY:Special Ability	TYPE:AberantDeformity.RaceAbility.SpecialQuality	COST:0	!PREABILITY:1,CATEGORY=Special Ability,Aberant Deformity ~ 05
Strangely deformed head		KEY:Aberant Deformity ~ 06	CATEGORY:Special Ability	TYPE:AberantDeformity.RaceAbility.SpecialQuality	COST:0	!PREABILITY:1,CATEGORY=Special Ability,Aberant Deformity ~ 06
Oversized ears			KEY:Aberant Deformity ~ 07	CATEGORY:Special Ability	TYPE:AberantDeformity.RaceAbility.SpecialQuality	COST:0	!PREABILITY:1,CATEGORY=Special Ability,Aberant Deformity ~ 07
Oversized nose			KEY:Aberant Deformity ~ 08	CATEGORY:Special Ability	TYPE:AberantDeformity.RaceAbility.SpecialQuality	COST:0	!PREABILITY:1,CATEGORY=Special Ability,Aberant Deformity ~ 08
Huge feet or short legs		KEY:Aberant Deformity ~ 09	CATEGORY:Special Ability	TYPE:AberantDeformity.RaceAbility.SpecialQuality	COST:0	!PREABILITY:1,CATEGORY=Special Ability,Aberant Deformity ~ 09
Elongated nails or claws	KEY:Aberant Deformity ~ 10	CATEGORY:Special Ability	TYPE:AberantDeformity.RaceAbility.SpecialQuality	COST:0	!PREABILITY:1,CATEGORY=Special Ability,Aberant Deformity ~ 10
Fangs or large mouth		KEY:Aberant Deformity ~ 11	CATEGORY:Special Ability	TYPE:AberantDeformity.RaceAbility.SpecialQuality	COST:0	!PREABILITY:1,CATEGORY=Special Ability,Aberant Deformity ~ 11
Tail					KEY:Aberant Deformity ~ 12	CATEGORY:Special Ability	TYPE:AberantDeformity.RaceAbility.SpecialQuality	COST:0	!PREABILITY:1,CATEGORY=Special Ability,Aberant Deformity ~ 12
One or more pointed horns	KEY:Aberant Deformity ~ 13	CATEGORY:Special Ability	TYPE:AberantDeformity.RaceAbility.SpecialQuality	COST:0	!PREABILITY:1,CATEGORY=Special Ability,Aberant Deformity ~ 13
Large curled horns		KEY:Aberant Deformity ~ 14	CATEGORY:Special Ability	TYPE:AberantDeformity.RaceAbility.SpecialQuality	COST:0	!PREABILITY:1,CATEGORY=Special Ability,Aberant Deformity ~ 14
Long, gangly arms			KEY:Aberant Deformity ~ 15	CATEGORY:Special Ability	TYPE:AberantDeformity.RaceAbility.SpecialQuality	COST:0	!PREABILITY:1,CATEGORY=Special Ability,Aberant Deformity ~ 15
Long, muscular legs		KEY:Aberant Deformity ~ 16	CATEGORY:Special Ability	TYPE:AberantDeformity.RaceAbility.SpecialQuality	COST:0	!PREABILITY:1,CATEGORY=Special Ability,Aberant Deformity ~ 16
Gills					KEY:Aberant Deformity ~ 17	CATEGORY:Special Ability	TYPE:AberantDeformity.RaceAbility.SpecialQuality	COST:0	!PREABILITY:1,CATEGORY=Special Ability,Aberant Deformity ~ 17
Exudes foul odor			KEY:Aberant deformity ~ 18	CATEGORY:Special Ability	TYPE:AberantDeformity.RaceAbility.SpecialQuality	COST:0	!PREABILITY:1,CATEGORY=Special Ability,Aberant deformity ~ 18
Venomous				KEY:Aberant Deformity ~ 19	CATEGORY:Special Ability	TYPE:AberantDeformity.RaceAbility.SpecialQuality	COST:0	!PREABILITY:1,CATEGORY=Special Ability,Aberant Deformity ~ 19
Advanced deformity		KEY:Aberant Deformity ~ 20	CATEGORY:Special Ability	TYPE:AberantDeformity.RaceAbility.SpecialQuality	COST:0

### Aberant Deformities scaffolding
Toughened hide			KEY:Aberant Advanced Deformity ~ 01	CATEGORY:Special Ability	TYPE:AdvancedAberantDeformity.RaceAbility	COST:1	PREABILITY:1,CATEGORY=Special Ability,Aberant Deformity ~ 01
Extra arm				KEY:Aberant Advanced Deformity ~ 02	CATEGORY:Special Ability	TYPE:AdvancedAberantDeformity.RaceAbility	COST:1	PREABILITY:1,CATEGORY=Special Ability,Aberant Deformity ~ 02
Additional eyes			KEY:Aberant Advanced Deformity ~ 03	CATEGORY:Special Ability	TYPE:AdvancedAberantDeformity.RaceAbility	COST:1	PREABILITY:1,CATEGORY=Special Ability,Aberant Deformity ~ 03
Hunched back			KEY:Aberant Advanced Deformity ~ 05	CATEGORY:Special Ability	TYPE:AdvancedAberantDeformity.RaceAbility	COST:1	PREABILITY:1,CATEGORY=Special Ability,Aberant Deformity ~ 05
Oversized ears			KEY:Aberant Advanced Deformity ~ 07	CATEGORY:Special Ability	TYPE:AdvancedAberantDeformity.RaceAbility	COST:1	PREABILITY:1,CATEGORY=Special Ability,Aberant Deformity ~ 07
Huge feet or short legs		KEY:Aberant Advanced Deformity ~ 09	CATEGORY:Special Ability	TYPE:AdvancedAberantDeformity.RaceAbility	COST:1	PREABILITY:1,CATEGORY=Special Ability,Aberant Deformity ~ 09
Elongated nails or claws	KEY:Aberant Advanced Deformity ~ 10	CATEGORY:Special Ability	TYPE:AdvancedAberantDeformity.RaceAbility	COST:1	PREABILITY:1,CATEGORY=Special Ability,Aberant Deformity ~ 10
Fangs or large mouth		KEY:Aberant Advanced Deformity ~ 11	CATEGORY:Special Ability	TYPE:AdvancedAberantDeformity.RaceAbility	COST:1	PREABILITY:1,CATEGORY=Special Ability,Aberant Deformity ~ 11
Tail					KEY:Aberant Advanced Deformity ~ 12	CATEGORY:Special Ability	TYPE:AdvancedAberantDeformity.RaceAbility	COST:1	PREABILITY:1,CATEGORY=Special Ability,Aberant Deformity ~ 12
One or more pointed horns	KEY:Aberant Advanced Deformity ~ 13	CATEGORY:Special Ability	TYPE:AdvancedAberantDeformity.RaceAbility	COST:1	PREABILITY:1,CATEGORY=Special Ability,Aberant Deformity ~ 13
Large curled horns		KEY:Aberant Advanced Deformity ~ 14	CATEGORY:Special Ability	TYPE:AdvancedAberantDeformity.RaceAbility	COST:1	PREABILITY:1,CATEGORY=Special Ability,Aberant Deformity ~ 14
Long, gangly arms			KEY:Aberant Advanced Deformity ~ 15	CATEGORY:Special Ability	TYPE:AdvancedAberantDeformity.RaceAbility	COST:1	PREABILITY:1,CATEGORY=Special Ability,Aberant Deformity ~ 15
Long, muscular legs		KEY:Aberant Advanced Deformity ~ 16	CATEGORY:Special Ability	TYPE:AdvancedAberantDeformity.RaceAbility	COST:1	PREABILITY:1,CATEGORY=Special Ability,Aberant Deformity ~ 16
Exudes foul odor			KEY:Aberant Advanced Deformity ~ 18	CATEGORY:Special Ability	TYPE:AdvancedAberantDeformity.RaceAbility	COST:1	PREABILITY:1,CATEGORY=Special Ability,Aberant deformity ~ 18


### Aberant Deformities business logic
CATEGORY=Special Ability|Aberant Deformity ~ 01.MOD													DEFINE:AberantNaturalArmorBonus|0							BONUS:VAR|AberantNaturalArmorBonus|4	BONUS:COMBAT|AC|AberantNaturalArmorBonus|TYPE=Racial																																																		DESC:You gain a +4 bonus to natural armor
CATEGORY=Special Ability|Aberant Deformity ~ 02.MOD													DEFINE:AberantExtraArm|0								BONUS:VAR|AberantExtraArm|1			BONUS:COMBAT|ATTACKS|AberantExtraArm|TYPE=Racial																																																		DESC:You may make one additional attack per round
CATEGORY=Special Ability|Aberant Deformity ~ 03.MOD													DEFINE:AberantExtraEyesBonus|0							BONUS:VAR|AberantExtraEyesBonus|4		BONUS:SKILL|Perception|AberantExtraEyesBonus|TYPE=Racial																																																	DESC:You gain a +4 racial bonus on Perception checks
CATEGORY=Special Ability|Aberant Deformity ~ 04.MOD																																																											ABILITY:Special Ability|AUTOMATIC|All-Around Vision																							DESC:You gain all-around vision
CATEGORY=Special Ability|Aberant Deformity ~ 05.MOD													DEFINE:AberantHunchedBackBonus|0							BONUS:VAR|AberantHunchedBackBonus|4		BONUS:VAR|CMD_Trip|AberantHunchedBackBonus|TYPE=Racial	BONUS:VAR|CMD_Overrun|AberantHunchedBackBonus|TYPE=Racial	BONUS:VAR|CMD_Bullrush|AberantHunchedBackBonus|TYPE=Racial																													DESC:You gain a +4 racial bonus to avoid being tripped, bull rushed, or overrun
CATEGORY=Special Ability|Aberant Deformity ~ 06.MOD																																																																																										DESC:You can’t wear helmets or headgear unless magical or specifically designed for your head shape
CATEGORY=Special Ability|Aberant Deformity ~ 07.MOD													DEFINE:AberantOversizedEarsBonus|0							BONUS:VAR|AberantOversizedEarsBonus|4	BONUS:SKILL|Perception (Hear Noise)|AberantOversizedEarsBonus|TYPE=Racial																																														DESC:You gain a +4 racial bonus on Perception checks to hear noise
CATEGORY=Special Ability|Aberant Deformity ~ 08.MOD																																																											ABILITY:Special Ability|AUTOMATIC|Scent																									DESC:You gain the scent ability
CATEGORY=Special Ability|Aberant Deformity ~ 09.MOD													DEFINE:AberantHugeFeetSize|0								BONUS:VAR|AberantHugeFeetSize|8		BONUS:VAR|TrampleDamageDieSize|AberantHugeFeetSize					ABILITY:Special Ability|AUTOMATIC|Trample																																							DESC:You gain the trample ability (1d8+9, DC 20)
CATEGORY=Special Ability|Aberant Deformity ~ 10.MOD													DEFINE:AberantClawSize|0		DEFINE:AberantArms|0			BONUS:VAR|AberantArms|2+AberantExtraArm	BONUS:WEAPONPROF=Claw|DAMAGESIZE|AberantClawSize					ABILITY:Special Ability|AUTOMATIC|Claw with venom ~ Aberant|PREABILITY:1,CATEGORY=Special Ability,Venomous Claw ~ Aberant		ABILITY:Special Ability|AUTOMATIC|Ordinary claw ~ Aberant|!PREABILITY:1,CATEGORY=Special Ability,Venomous Claw ~ Aberant			DESC:You gain a claw attack with each arm, base 1d8 damage
CATEGORY=Special Ability|Aberant Deformity ~ 11.MOD													DEFINE:AberantFangSize|0								BONUS:VAR|AberantFangSize|0			BONUS:WEAPONPROF=Bite|DAMAGESIZE|AberantFangSize					ABILITY:Special Ability|AUTOMATIC|Bite with venom ~ Aberant|PREABILITY:1,CATEGORY=Special Ability,Venomous Bite ~ Aberant		ABILITY:Special Ability|AUTOMATIC|Ordinary bite ~ Aberant|!PREABILITY:1,CATEGORY=Special Ability,Venomous Bite ~ Aberant			DESC:You gain a bite attack, base 2d4 damage
CATEGORY=Special Ability|Aberant Deformity ~ 12.MOD													DEFINE:AberantTailSize|0								BONUS:VAR|AberantTailSize|0			BONUS:WEAPONPROF=Tail Slap|DAMAGESIZE|AberantTailSize					ABILITY:Special Ability|AUTOMATIC|Tail slap with venom ~ Aberant|PREABILITY:1,CATEGORY=Special Ability,Venomous Tail Slap ~ Aberant	ABILITY:Special Ability|AUTOMATIC|Ordinary tail slap ~ Aberant|!PREABILITY:1,CATEGORY=Special Ability,Venomous Tail Slap ~ Aberant		DESC:You gain a tail slap secondary attack, base 2d6 damage
CATEGORY=Special Ability|Aberant Deformity ~ 13.MOD													DEFINE:AberantPointedHornSize|0							BONUS:VAR|AberantPointedHornSize|0		BONUS:WEAPONPROF=Gore|DAMAGESIZE|AberantPointedHornSize				ABILITY:Special Ability|AUTOMATIC|Gore with venom ~ Aberant|PREABILITY:1,CATEGORY=Special Ability,Venomous Gore ~ Aberant		ABILITY:Special Ability|AUTOMATIC|Ordinary gore ~ Aberant|!PREABILITY:1,CATEGORY=Special Ability,Venomous Gore ~ Aberant			DESC:You gain a gore primary attack, base 1d10 damage
CATEGORY=Special Ability|Aberant Deformity ~ 14.MOD													DEFINE:AberantCurledHornSize|0							BONUS:VAR|AberantCurledHornSize|0		BONUS:WEAPONPROF=Slam|DAMAGESIZE|AberantCurledHornSize				ABILITY:Special Ability|AUTOMATIC|Slam with venom ~ Aberant|PREABILITY:1,CATEGORY=Special Ability,Venomous Slam ~ Aberant		ABILITY:Special Ability|AUTOMATIC|Ordinary slam ~ Aberant|!PREABILITY:1,CATEGORY=Special Ability,Venomous Slam ~ Aberant			DESC:You can make a slam attack on a charge with your horns as a primary attack that does 2d6 base damage; if it hits, you can initiate a bull rush as a free action that does not provoke attacks of opportunity
CATEGORY=Special Ability|Aberant Deformity ~ 15.MOD													DEFINE:AberantGanglyArms|0								BONUS:VAR|AberantGanglyArms|5																																																													DESC:+%1 ft. reach with attacks using your arms|AberantGanglyArms
CATEGORY=Special Ability|Aberant Deformity ~ 16.MOD													DEFINE:AberantMuscularLegs|0								BONUS:VAR|AberantMuscularLegs|10		BONUS:MOVEADD|TYPE.Walk|AberantMuscularLegs|TYPE=Racial																																																	DESC:+10 ft. to base land speed
CATEGORY=Special Ability|Aberant Deformity ~ 17.MOD																																													MOVECLONE:Walk,Swim,*1																																										DESC:You can breathe underwater; and gain a swim speed equal to your base land speed
CATEGORY=Special Ability|Aberant deformity ~ 18.MOD													DEFINE:AberantFoulOdourDC|0		DEFINE:AberantFoulOdourDuration|0	BONUS:VAR|AberantFoulOdourDC|17		BONUS:VAR|AberantFoulOdourDuration|10							ABILITY:Special Ability|AUTOMATIC|Stench ~ Aberant	SOURCEPAGE:p.13																																		DESC:You gain the stench ability (DC %1, %2 rounds); other aberrants are immune to this effect|AberantFoulOdourDC|AberantFoulOdourDuration
CATEGORY=Special Ability|Aberant Deformity ~ 19.MOD													DEFINE:AberantVenomousDC|0								BONUS:VAR|AberantVenomousDC|17		BONUS:ABILITYPOOL|Aberant Venom Choice|1																																																				DESC:One of your natural attacks is venomous. Poison—injury; save Fort DC %1, frequency 1/round for 6 rounds, effect 1d4 to one physical ability score or 1d3 to one mental ability score, cure 2 consecutive saves.|AberantVenomousDC
CATEGORY=Special Ability|Aberant Deformity ~ 20.MOD						STACK:YES	MULT:YES	CHOOSE:NOCHOICE																				BONUS:ABILITYPOOL|Advanced Aberant Deformity|1																																																			DESC:One of your other deformities is especially pronounced.

### Aberant Deformities business logic
CATEGORY=Special Ability|Aberant Advanced Deformity ~ 01.MOD		VISIBLE:DISPLAY	STACK:YES	MULT:YES	CHOOSE:NOCHOICE	BONUS:VAR|AberantNaturalArmorBonus|4	DESC:You gain an additional +4 bonus to natural armor
CATEGORY=Special Ability|Aberant Advanced Deformity ~ 02.MOD		VISIBLE:DISPLAY	STACK:YES	MULT:YES	CHOOSE:NOCHOICE	BONUS:VAR|AberantExtraArm|1			DESC:one additional attack per round
CATEGORY=Special Ability|Aberant Advanced Deformity ~ 03.MOD		VISIBLE:DISPLAY	STACK:YES	MULT:YES	CHOOSE:NOCHOICE	BONUS:VAR|AberantExtraEyesBonus|4		DESC:You gain an additional +4 racial bonus on Perception checks
CATEGORY=Special Ability|Aberant Advanced Deformity ~ 05.MOD		VISIBLE:DISPLAY	STACK:YES	MULT:YES	CHOOSE:NOCHOICE	BONUS:VAR|AberantHunchedBackBonus|4		DESC:You gain an additional +4 racial bonus to avoid being tripped, bull rushed, or overrun
CATEGORY=Special Ability|Aberant Advanced Deformity ~ 07.MOD		VISIBLE:DISPLAY	STACK:YES	MULT:YES	CHOOSE:NOCHOICE	BONUS:VAR|AberantOversizedEarsBonus|4	DESC:You gain an additional +4 racial bonus on Perception checks to hear noise
CATEGORY=Special Ability|Aberant Advanced Deformity ~ 09.MOD		VISIBLE:DISPLAY	STACK:YES	MULT:YES	CHOOSE:NOCHOICE	BONUS:VAR|AberantHugeFeetSize|2		DESC:Increase the damage die of your trample ability
CATEGORY=Special Ability|Aberant Advanced Deformity ~ 10.MOD		VISIBLE:DISPLAY	STACK:YES	MULT:YES	CHOOSE:NOCHOICE	BONUS:VAR|AberantClawSize|1			DESC:Increase the damage die of your claw attacks
CATEGORY=Special Ability|Aberant Advanced Deformity ~ 11.MOD		VISIBLE:DISPLAY	STACK:YES	MULT:YES	CHOOSE:NOCHOICE	BONUS:VAR|AberantFangSize|1			DESC:Increase the damage die of your bite attack
CATEGORY=Special Ability|Aberant Advanced Deformity ~ 12.MOD		VISIBLE:DISPLAY	STACK:YES	MULT:YES	CHOOSE:NOCHOICE	BONUS:VAR|AberantTailSize|1			DESC:Increase the damage die of your tail slap attack
CATEGORY=Special Ability|Aberant Advanced Deformity ~ 13.MOD		VISIBLE:DISPLAY	STACK:YES	MULT:YES	CHOOSE:NOCHOICE	BONUS:VAR|AberantPointedHornSize|1		DESC:Increase the damage die of your gore attack
CATEGORY=Special Ability|Aberant Advanced Deformity ~ 14.MOD		VISIBLE:DISPLAY	STACK:YES	MULT:YES	CHOOSE:NOCHOICE	BONUS:VAR|AberantCurledHornSize|1		DESC:Increase the damage die of your slam attack
CATEGORY=Special Ability|Aberant Advanced Deformity ~ 15.MOD		VISIBLE:DISPLAY	STACK:YES	MULT:YES	CHOOSE:NOCHOICE	BONUS:VAR|AberantGanglyArms|5			DESC:Increase your reach by 5 ft. with attacks using your arms
CATEGORY=Special Ability|Aberant Advanced Deformity ~ 16.MOD		VISIBLE:DISPLAY	STACK:YES	MULT:YES	CHOOSE:NOCHOICE	BONUS:VAR|AberantMuscularLegs|10		DESC:Increase your base land speed by 10 ft.
CATEGORY=Special Ability|Aberant Advanced Deformity ~ 18.MOD		VISIBLE:DISPLAY	STACK:YES	MULT:YES	CHOOSE:NOCHOICE	BONUS:VAR|AberantFoulOdourDC|2		DESC:Increase the DC of your stench ability 
