# CVS $Revision: 21789 $ $Author: amaitland $ -- Thu Feb 22 13:04:59 2007 -- reformated by prettylst.pl v1.36 (build 2045)
#SOURCELONG:Pathfinder Society Chronicle Sheets	SOURCESHORT:PFSCS	SOURCEWEB:http://www.mywebsite.com	SOURCEDATE:2008-01

ABILITYCATEGORY:Ocher Rhomboid Feat		VISIBLE:QUALIFY	EDITABLE:YES		EDITPOOL:YES	FRACTIONALPOOL:NO		CATEGORY:FEAT		TYPE:Combat								PLURAL:Ocher Rhomboid Feats		DISPLAYLOCATION:Feats

# This ability pool hold the list of chronicle sheets
ABILITYCATEGORY:PFS Chronicle		VISIBLE:NO		EDITABLE:YES	EDITPOOL:YES	FRACTIONALPOOL:NO		CATEGORY:PFS Chronicle
ABILITYCATEGORY:PFSChronicle		DISPLAYNAME:PFS Chronicle Sheets		EDITABLE:YES	TYPE:PFSChronicle	CATEGORY:PFS Chronicle	DISPLAYLOCATION:Background	VISIBLE:YES	

ABILITYCATEGORY:Ally of Belhaim Perform Choice		EDITABLE:YES	EDITPOOL:NO	FRACTIONALPOOL:NO		CATEGORY:Special Ability	TYPE:AllyOfBelhaimPerformChoice	DISPLAYLOCATION:Background	VISIBLE:QUALIFY

#
# DONE
#

# These ability pools hold the chronicle sheet boons
ABILITYCATEGORY:Chronicle_S00-01	DISPLAYNAME:PFS Scenario #01: Silent Tide												CATEGORY:Special Ability	EDITABLE:YES	TYPE:Chronicle_S00-01	DISPLAYLOCATION:Background	VISIBLE:QUALIFY	
ABILITYCATEGORY:Chronicle_S00-02	DISPLAYNAME:PFS Scenario #02: The Hydra's Fang Incident									CATEGORY:Special Ability	EDITABLE:YES	TYPE:Chronicle_S00-02	DISPLAYLOCATION:Background	VISIBLE:QUALIFY
ABILITYCATEGORY:Chronicle_S00-03	DISPLAYNAME:PFS Scenario #03: Murder on the Silken Caravan									CATEGORY:Special Ability	EDITABLE:YES	TYPE:Chronicle_S00-03	DISPLAYLOCATION:Background	VISIBLE:QUALIFY	
ABILITYCATEGORY:Chronicle_S00-04	DISPLAYNAME:PFS Scenario #04: The Frozen Fingers of Midnight								CATEGORY:Special Ability	EDITABLE:YES	TYPE:Chronicle_S00-04	DISPLAYLOCATION:Background	VISIBLE:QUALIFY	
ABILITYCATEGORY:Chronicle_S00-05	DISPLAYNAME:PFS Scenario #05: Mists of Mwangi											CATEGORY:Special Ability	EDITABLE:YES	TYPE:Chronicle_S00-05	DISPLAYLOCATION:Background	VISIBLE:QUALIFY	
ABILITYCATEGORY:Chronicle_S00-06	DISPLAYNAME:PFS Scenario #06: Black Waters											CATEGORY:Special Ability	EDITABLE:YES	TYPE:Chronicle_S00-06	DISPLAYLOCATION:Background	VISIBLE:QUALIFY	
ABILITYCATEGORY:Chronicle_S00-07	DISPLAYNAME:PFS Scenario #07: Among the Living											CATEGORY:Special Ability	EDITABLE:YES	TYPE:Chronicle_S00-07	DISPLAYLOCATION:Background	VISIBLE:QUALIFY	
ABILITYCATEGORY:Chronicle_S00-08	DISPLAYNAME:PFS Scenario #08: Slave Pits of Absalom										CATEGORY:Special Ability	EDITABLE:YES	TYPE:Chronicle_S00-08	DISPLAYLOCATION:Background	VISIBLE:QUALIFY	
ABILITYCATEGORY:Chronicle_S00-09	DISPLAYNAME:PFS Scenario #09: Eye of the Crocodile King									CATEGORY:Special Ability	EDITABLE:YES	TYPE:Chronicle_S00-09	DISPLAYLOCATION:Background	VISIBLE:QUALIFY	
ABILITYCATEGORY:Chronicle_S00-10	DISPLAYNAME:PFS Scenario #10: Blood at Dralkard Manor										CATEGORY:Special Ability	EDITABLE:YES	TYPE:Chronicle_S00-10	DISPLAYLOCATION:Background	VISIBLE:QUALIFY	
ABILITYCATEGORY:Chronicle_S00-11	DISPLAYNAME:PFS Scenario #11: The Third Riddle											CATEGORY:Special Ability	EDITABLE:YES	TYPE:Chronicle_S00-11	DISPLAYLOCATION:Background	VISIBLE:QUALIFY	
ABILITYCATEGORY:Chronicle_S00-12	DISPLAYNAME:PFS Scenario #12: Stay of Execution											CATEGORY:Special Ability	EDITABLE:YES	TYPE:Chronicle_S00-12	DISPLAYLOCATION:Background	VISIBLE:QUALIFY	
ABILITYCATEGORY:Chronicle_S00-13	DISPLAYNAME:PFS Scenario #13: The Prince of Augustana										CATEGORY:Special Ability	EDITABLE:YES	TYPE:Chronicle_S00-13	DISPLAYLOCATION:Background	VISIBLE:QUALIFY	
ABILITYCATEGORY:Chronicle_S00-14	DISPLAYNAME:PFS Scenario #14: The Many Fortunes of Grandmaster Torch							CATEGORY:Special Ability	EDITABLE:YES	TYPE:Chronicle_S00-14	DISPLAYLOCATION:Background	VISIBLE:QUALIFY	
ABILITYCATEGORY:Chronicle_S00-15	DISPLAYNAME:PFS Scenario #15: The Asmodeus Mirage										CATEGORY:Special Ability	EDITABLE:YES	TYPE:Chronicle_S00-15	DISPLAYLOCATION:Background	VISIBLE:QUALIFY	
ABILITYCATEGORY:Chronicle_S00-16	DISPLAYNAME:PFS Scenario #16: To Scale the Dragon										CATEGORY:Special Ability	EDITABLE:YES	TYPE:Chronicle_S00-16	DISPLAYLOCATION:Background	VISIBLE:QUALIFY	
ABILITYCATEGORY:Chronicle_S00-17	DISPLAYNAME:PFS Scenario #17: Perils of the Pirate Pact									CATEGORY:Special Ability	EDITABLE:YES	TYPE:Chronicle_S00-17	DISPLAYLOCATION:Background	VISIBLE:QUALIFY	
ABILITYCATEGORY:Chronicle_S00-18	DISPLAYNAME:PFS Scenario #18: The Trouble with Secrets									CATEGORY:Special Ability	EDITABLE:YES	TYPE:Chronicle_S00-18	DISPLAYLOCATION:Background	VISIBLE:QUALIFY	
ABILITYCATEGORY:Chronicle_S00-19	DISPLAYNAME:PFS Scenario #19: Skeleton Moon											CATEGORY:Special Ability	EDITABLE:YES	TYPE:Chronicle_S00-19	DISPLAYLOCATION:Background	VISIBLE:QUALIFY	
ABILITYCATEGORY:Chronicle_S00-20	DISPLAYNAME:PFS Scenario #20: King Xeros of Old Azlant									CATEGORY:Special Ability	EDITABLE:YES	TYPE:Chronicle_S00-20	DISPLAYLOCATION:Background	VISIBLE:QUALIFY	
ABILITYCATEGORY:Chronicle_S00-21	DISPLAYNAME:PFS Scenario #21: The Eternal Obelisk										CATEGORY:Special Ability	EDITABLE:YES	TYPE:Chronicle_S00-21	DISPLAYLOCATION:Background	VISIBLE:QUALIFY	
ABILITYCATEGORY:Chronicle_S00-22	DISPLAYNAME:PFS Scenario #22: Fingerprints of the Fiend									CATEGORY:Special Ability	EDITABLE:YES	TYPE:Chronicle_S00-22	DISPLAYLOCATION:Background	VISIBLE:QUALIFY	
ABILITYCATEGORY:Chronicle_S00-23	DISPLAYNAME:PFS Scenario #23: Tide of Morning											CATEGORY:Special Ability	EDITABLE:YES	TYPE:Chronicle_S00-23	DISPLAYLOCATION:Background	VISIBLE:QUALIFY	
ABILITYCATEGORY:Chronicle_S00-24	DISPLAYNAME:PFS Scenario #24: Decline of Glory											CATEGORY:Special Ability	EDITABLE:YES	TYPE:Chronicle_S00-24	DISPLAYLOCATION:Background	VISIBLE:QUALIFY	
ABILITYCATEGORY:Chronicle_S00-25	DISPLAYNAME:PFS Scenario #25: Hands of the Muted God										CATEGORY:Special Ability	EDITABLE:YES	TYPE:Chronicle_S00-25	DISPLAYLOCATION:Background	VISIBLE:QUALIFY	
ABILITYCATEGORY:Chronicle_S00-26	DISPLAYNAME:PFS Scenario #26: Lost at Bitter End										CATEGORY:Special Ability	EDITABLE:YES	TYPE:Chronicle_S00-26	DISPLAYLOCATION:Background	VISIBLE:QUALIFY	
ABILITYCATEGORY:Chronicle_S00-27	DISPLAYNAME:PFS Scenario #27: Our Lady of Silver										CATEGORY:Special Ability	EDITABLE:YES	TYPE:Chronicle_S00-27	DISPLAYLOCATION:Background	VISIBLE:QUALIFY	
ABILITYCATEGORY:Chronicle_S00-28	DISPLAYNAME:PFS Scenario #28: Lyrics of Extinction										CATEGORY:Special Ability	EDITABLE:YES	TYPE:Chronicle_S00-28	DISPLAYLOCATION:Background	VISIBLE:QUALIFY	

ABILITYCATEGORY:Chronicle_S01-29	DISPLAYNAME:PFS Scenario #29: The Devil We Know, Part I: Shipyard Rats							CATEGORY:Special Ability	EDITABLE:YES	TYPE:Chronicle_S01-29	DISPLAYLOCATION:Background	VISIBLE:QUALIFY	
ABILITYCATEGORY:Chronicle_S01-30	DISPLAYNAME:PFS Scenario #30: The Devil We Know, Part II: Cassomir's Locker						CATEGORY:Special Ability	EDITABLE:YES	TYPE:Chronicle_S01-30	DISPLAYLOCATION:Background	VISIBLE:QUALIFY
ABILITYCATEGORY:Chronicle_S01-31	DISPLAYNAME:PFS Scenario #31: Sniper in the Deep										CATEGORY:Special Ability	EDITABLE:YES	TYPE:Chronicle_S01-31	DISPLAYLOCATION:Background	VISIBLE:QUALIFY	
ABILITYCATEGORY:Chronicle_S01-32	DISPLAYNAME:PFS Scenario #32: Drow of the Darklands Pyramid									CATEGORY:Special Ability	EDITABLE:YES	TYPE:Chronicle_S01-32	DISPLAYLOCATION:Background	VISIBLE:QUALIFY	
ABILITYCATEGORY:Chronicle_S01-33	DISPLAYNAME:PFS Scenario #33: Assault on the Kingdom of the Impossible							CATEGORY:Special Ability	EDITABLE:YES	TYPE:Chronicle_S01-33	DISPLAYLOCATION:Background	VISIBLE:QUALIFY	
ABILITYCATEGORY:Chronicle_S01-34	DISPLAYNAME:PFS Scenario #34: Encounter at the Drowning Stones								CATEGORY:Special Ability	EDITABLE:YES	TYPE:Chronicle_S01-34	DISPLAYLOCATION:Background	VISIBLE:QUALIFY	
ABILITYCATEGORY:Chronicle_S01-35	DISPLAYNAME:PFS Scenario #35: Voice in the Void											CATEGORY:Special Ability	EDITABLE:YES	TYPE:Chronicle_S01-35	DISPLAYLOCATION:Background	VISIBLE:QUALIFY	
ABILITYCATEGORY:Chronicle_S01-36	DISPLAYNAME:PFS Scenario #36: Echoes of the Everwar, Part I: The Prisoner of Skull					CATEGORY:Special Ability	EDITABLE:YES	TYPE:Chronicle_S01-36	DISPLAYLOCATION:Background	VISIBLE:QUALIFY	
ABILITYCATEGORY:Chronicle_S01-37	DISPLAYNAME:PFS Scenario #37: The Beggar's Pearl										CATEGORY:Special Ability	EDITABLE:YES	TYPE:Chronicle_S01-37	DISPLAYLOCATION:Background	VISIBLE:QUALIFY	
ABILITYCATEGORY:Chronicle_S01-38	DISPLAYNAME:PFS Scenario #38: No Plunder, No Pay										CATEGORY:Special Ability	EDITABLE:YES	TYPE:Chronicle_S01-38	DISPLAYLOCATION:Background	VISIBLE:QUALIFY	
ABILITYCATEGORY:Chronicle_S01-39	DISPLAYNAME:PFS Scenario #39: The Citadel of Flame										CATEGORY:Special Ability	EDITABLE:YES	TYPE:Chronicle_S01-39	DISPLAYLOCATION:Background	VISIBLE:QUALIFY	
ABILITYCATEGORY:Chronicle_S01-40	DISPLAYNAME:PFS Scenario #40: Hall of Drunken Heroes										CATEGORY:Special Ability	EDITABLE:YES	TYPE:Chronicle_S01-40	DISPLAYLOCATION:Background	VISIBLE:QUALIFY	
ABILITYCATEGORY:Chronicle_S01-41	DISPLAYNAME:PFS Scenario #41: The Devil We Know, Part III: Crypt of Fools						CATEGORY:Special Ability	EDITABLE:YES	TYPE:Chronicle_S01-41	DISPLAYLOCATION:Background	VISIBLE:QUALIFY	
ABILITYCATEGORY:Chronicle_S01-42	DISPLAYNAME:PFS Scenario #42: Echoes of the Everwar, Part II: The Watcher of Ages					CATEGORY:Special Ability	EDITABLE:YES	TYPE:Chronicle_S01-42	DISPLAYLOCATION:Background	VISIBLE:QUALIFY	
ABILITYCATEGORY:Chronicle_S01-43	DISPLAYNAME:PFS Scenario #43: The Pallid Plague											CATEGORY:Special Ability	EDITABLE:YES	TYPE:Chronicle_S01-43	DISPLAYLOCATION:Background	VISIBLE:QUALIFY	
ABILITYCATEGORY:Chronicle_S01-44	DISPLAYNAME:PFS Scenario #44: Echoes of the Everwar, Part III: Terror at Whistledown				CATEGORY:Special Ability	EDITABLE:YES	TYPE:Chronicle_S01-44	DISPLAYLOCATION:Background	VISIBLE:QUALIFY	
ABILITYCATEGORY:Chronicle_S01-45	DISPLAYNAME:PFS Scenario #45: Delirium's Tangle											CATEGORY:Special Ability	EDITABLE:YES	TYPE:Chronicle_S01-45	DISPLAYLOCATION:Background	VISIBLE:QUALIFY	
ABILITYCATEGORY:Chronicle_S01-46	DISPLAYNAME:PFS Scenario #46: Eyes of the Ten, Part I: Requiem for the Red Raven					CATEGORY:Special Ability	EDITABLE:YES	TYPE:Chronicle_S01-46	DISPLAYLOCATION:Background	VISIBLE:QUALIFY	
ABILITYCATEGORY:Chronicle_S01-47	DISPLAYNAME:PFS Scenario #47: The Darkest Vengeance										CATEGORY:Special Ability	EDITABLE:YES	TYPE:Chronicle_S01-47	DISPLAYLOCATION:Background	VISIBLE:QUALIFY	
ABILITYCATEGORY:Chronicle_S01-48	DISPLAYNAME:PFS Scenario #48: The Devil We Know, Part IV: Rules of the Swift						CATEGORY:Special Ability	EDITABLE:YES	TYPE:Chronicle_S01-48	DISPLAYLOCATION:Background	VISIBLE:QUALIFY	
ABILITYCATEGORY:Chronicle_S01-49	DISPLAYNAME:PFS Scenario #49: Among the Dead											CATEGORY:Special Ability	EDITABLE:YES	TYPE:Chronicle_S01-49	DISPLAYLOCATION:Background	VISIBLE:QUALIFY	
ABILITYCATEGORY:Chronicle_S01-50	DISPLAYNAME:PFS Scenario #50: Fortune's Blight											CATEGORY:Special Ability	EDITABLE:YES	TYPE:Chronicle_S01-50	DISPLAYLOCATION:Background	VISIBLE:QUALIFY	
ABILITYCATEGORY:Chronicle_S01-51	DISPLAYNAME:PFS Scenario #51: The City of Strangers, Part I: The Shadow Gambit					CATEGORY:Special Ability	EDITABLE:YES	TYPE:Chronicle_S01-51	DISPLAYLOCATION:Background	VISIBLE:QUALIFY	
ABILITYCATEGORY:Chronicle_S01-52	DISPLAYNAME:PFS Scenario #52: The City of Strangers, Part II: The Twofold Demise					CATEGORY:Special Ability	EDITABLE:YES	TYPE:Chronicle_S01-52	DISPLAYLOCATION:Background	VISIBLE:QUALIFY	
ABILITYCATEGORY:Chronicle_S01-53	DISPLAYNAME:PFS Scenario #53: Echoes of the Everwar, Part IV: The Faithless Dead					CATEGORY:Special Ability	EDITABLE:YES	TYPE:Chronicle_S01-53	DISPLAYLOCATION:Background	VISIBLE:QUALIFY	
ABILITYCATEGORY:Chronicle_S01-54	DISPLAYNAME:PFS Scenario #54: Eyes of the Ten, Part II: The Maze of the Open Road					CATEGORY:Special Ability	EDITABLE:YES	TYPE:Chronicle_S01-54	DISPLAYLOCATION:Background	VISIBLE:QUALIFY	
ABILITYCATEGORY:Chronicle_S01-55	DISPLAYNAME:PFS Scenario #55: The Infernal Vault										CATEGORY:Special Ability	EDITABLE:YES	TYPE:Chronicle_S01-55	DISPLAYLOCATION:Background	VISIBLE:QUALIFY	
ABILITYCATEGORY:Chronicle_S01-56	DISPLAYNAME:PFS Scenario #56: The Jester's Fraud										CATEGORY:Special Ability	EDITABLE:YES	TYPE:Chronicle_S01-56	DISPLAYLOCATION:Background	VISIBLE:QUALIFY	

ABILITYCATEGORY:Chronicle_S02-01	DISPLAYNAME:PFS Scenario #2-01: Before the Dawn, Part I: The Bloodcove Disguise					CATEGORY:Special Ability	EDITABLE:YES	TYPE:Chronicle_S02-01	DISPLAYLOCATION:Background	VISIBLE:QUALIFY	
ABILITYCATEGORY:Chronicle_S02-02	DISPLAYNAME:PFS Scenario #2-02: Before the Dawn, Part II: Rescue at Azlant Ridge					CATEGORY:Special Ability	EDITABLE:YES	TYPE:Chronicle_S02-02	DISPLAYLOCATION:Background	VISIBLE:QUALIFY
ABILITYCATEGORY:Chronicle_S02-03	DISPLAYNAME:PFS Scenario #2-03: The Rebel's Ransom										CATEGORY:Special Ability	EDITABLE:YES	TYPE:Chronicle_S02-03	DISPLAYLOCATION:Background	VISIBLE:QUALIFY	
ABILITYCATEGORY:Chronicle_S02-04	DISPLAYNAME:PFS Scenario #2-04: Shadows Fall on Absalom									CATEGORY:Special Ability	EDITABLE:YES	TYPE:Chronicle_S02-04	DISPLAYLOCATION:Background	VISIBLE:QUALIFY	
ABILITYCATEGORY:Chronicle_S02-05	DISPLAYNAME:PFS Scenario #2-05: Eyes of the Ten, Part III: Red Revolution						CATEGORY:Special Ability	EDITABLE:YES	TYPE:Chronicle_S02-05	DISPLAYLOCATION:Background	VISIBLE:QUALIFY	
ABILITYCATEGORY:Chronicle_S02-06	DISPLAYNAME:PFS Scenario #2-06: The Heresy of Man, Part I: The First Heresy						CATEGORY:Special Ability	EDITABLE:YES	TYPE:Chronicle_S02-06	DISPLAYLOCATION:Background	VISIBLE:QUALIFY	
ABILITYCATEGORY:Chronicle_S02-07	DISPLAYNAME:PFS Scenario #2-07: The Heresy of Man, Part II: Where Dark Things Sleep					CATEGORY:Special Ability	EDITABLE:YES	TYPE:Chronicle_S02-07	DISPLAYLOCATION:Background	VISIBLE:QUALIFY	
ABILITYCATEGORY:Chronicle_S02-08	DISPLAYNAME:PFS Scenario #2-08: The Sarkorian Prophecy									CATEGORY:Special Ability	EDITABLE:YES	TYPE:Chronicle_S02-08	DISPLAYLOCATION:Background	VISIBLE:QUALIFY	
ABILITYCATEGORY:Chronicle_S02-09	DISPLAYNAME:PFS Scenario #2-09: The Heresy of Man, Part III: Beneath Forgotten Sands				CATEGORY:Special Ability	EDITABLE:YES	TYPE:Chronicle_S02-09	DISPLAYLOCATION:Background	VISIBLE:QUALIFY	
ABILITYCATEGORY:Chronicle_S02-10	DISPLAYNAME:PFS Scenario #2-10: Fury of the Fiend										CATEGORY:Special Ability	EDITABLE:YES	TYPE:Chronicle_S02-10	DISPLAYLOCATION:Background	VISIBLE:QUALIFY	
ABILITYCATEGORY:Chronicle_S02-11	DISPLAYNAME:PFS Scenario #2-11: The Penumbral Accords										CATEGORY:Special Ability	EDITABLE:YES	TYPE:Chronicle_S02-11	DISPLAYLOCATION:Background	VISIBLE:QUALIFY	
ABILITYCATEGORY:Chronicle_S02-12	DISPLAYNAME:PFS Scenario #2-12: Below the Silver Tarn										CATEGORY:Special Ability	EDITABLE:YES	TYPE:Chronicle_S02-12	DISPLAYLOCATION:Background	VISIBLE:QUALIFY	
ABILITYCATEGORY:Chronicle_S02-13	DISPLAYNAME:PFS Scenario #2-13: Murder on the Throaty Mermaid								CATEGORY:Special Ability	EDITABLE:YES	TYPE:Chronicle_S02-13	DISPLAYLOCATION:Background	VISIBLE:QUALIFY	
ABILITYCATEGORY:Chronicle_S02-14	DISPLAYNAME:PFS Scenario #2-14: The Chasm of Screams										CATEGORY:Special Ability	EDITABLE:YES	TYPE:Chronicle_S02-14	DISPLAYLOCATION:Background	VISIBLE:QUALIFY	
ABILITYCATEGORY:Chronicle_S02-15	DISPLAYNAME:PFS Scenario #2-15: Shades of Ice, Part I: Written in Blood							CATEGORY:Special Ability	EDITABLE:YES	TYPE:Chronicle_S02-15	DISPLAYLOCATION:Background	VISIBLE:QUALIFY	
ABILITYCATEGORY:Chronicle_S02-16	DISPLAYNAME:PFS Scenario #2-16: The Flesh Collector										CATEGORY:Special Ability	EDITABLE:YES	TYPE:Chronicle_S02-16	DISPLAYLOCATION:Background	VISIBLE:QUALIFY	
ABILITYCATEGORY:Chronicle_S02-17	DISPLAYNAME:PFS Scenario #2-17: Shades of Ice, Part II: Exiles of Winter						CATEGORY:Special Ability	EDITABLE:YES	TYPE:Chronicle_S02-17	DISPLAYLOCATION:Background	VISIBLE:QUALIFY	
ABILITYCATEGORY:Chronicle_S02-18	DISPLAYNAME:PFS Scenario #2-18: The Forbidden Furnace of Forgotten Koor							CATEGORY:Special Ability	EDITABLE:YES	TYPE:Chronicle_S02-18	DISPLAYLOCATION:Background	VISIBLE:QUALIFY	
ABILITYCATEGORY:Chronicle_S02-19	DISPLAYNAME:PFS Scenario #2-19: Shades of Ice, Part III: Keep of the Huskarl King					CATEGORY:Special Ability	EDITABLE:YES	TYPE:Chronicle_S02-19	DISPLAYLOCATION:Background	VISIBLE:QUALIFY	
ABILITYCATEGORY:Chronicle_S02-20	DISPLAYNAME:PFS Scenario #2-20: Wrath of the Accursed										CATEGORY:Special Ability	EDITABLE:YES	TYPE:Chronicle_S02-20	DISPLAYLOCATION:Background	VISIBLE:QUALIFY	
ABILITYCATEGORY:Chronicle_S02-21	DISPLAYNAME:PFS Scenario #2-21: The Dalsine Affair										CATEGORY:Special Ability	EDITABLE:YES	TYPE:Chronicle_S02-21	DISPLAYLOCATION:Background	VISIBLE:QUALIFY	
ABILITYCATEGORY:Chronicle_S02-22	DISPLAYNAME:PFS Scenario #2-22: Eyes of the Ten, Part IV: Nothing Ventured, Nothing Gained			CATEGORY:Special Ability	EDITABLE:YES	TYPE:Chronicle_S02-22	DISPLAYLOCATION:Background	VISIBLE:QUALIFY	
ABILITYCATEGORY:Chronicle_S02-23	DISPLAYNAME:PFS Scenario #2-23: Shadow's Last Stand, Part I: At Shadow's Door						CATEGORY:Special Ability	EDITABLE:YES	TYPE:Chronicle_S02-23	DISPLAYLOCATION:Background	VISIBLE:QUALIFY	
ABILITYCATEGORY:Chronicle_S02-24	DISPLAYNAME:PFS Scenario #2-24: Shadow's Last Stand, Part II: Web of Corruption					CATEGORY:Special Ability	EDITABLE:YES	TYPE:Chronicle_S02-24	DISPLAYLOCATION:Background	VISIBLE:QUALIFY	
ABILITYCATEGORY:Chronicle_S02-25	DISPLAYNAME:PFS Scenario #2-25: You Only Die Twice										CATEGORY:Special Ability	EDITABLE:YES	TYPE:Chronicle_S02-25	DISPLAYLOCATION:Background	VISIBLE:QUALIFY	
ABILITYCATEGORY:Chronicle_S02-26	DISPLAYNAME:PFS Scenario #2-26: The Mantis's Prey										CATEGORY:Special Ability	EDITABLE:YES	TYPE:Chronicle_S02-26	DISPLAYLOCATION:Background	VISIBLE:QUALIFY	
ABILITYCATEGORY:Chronicle_S02-EX	DISPLAYNAME:PFS Scenario #2-EX: The Midnight Mauler										CATEGORY:Special Ability	EDITABLE:YES	TYPE:Chronicle_S02-EX	DISPLAYLOCATION:Background	VISIBLE:QUALIFY	
ABILITYCATEGORY:Chronicle_S02-SP	DISPLAYNAME:PFS Scenario #2-SP: Year of the Shadow Lodge									CATEGORY:Special Ability	EDITABLE:YES	TYPE:Chronicle_S02-SP	DISPLAYLOCATION:Background	VISIBLE:QUALIFY	

ABILITYCATEGORY:Chronicle_S03-01	DISPLAYNAME:PFS Scenario #3-01: The Frostfur Captives										CATEGORY:Special Ability	EDITABLE:YES	TYPE:Chronicle_S03-01	DISPLAYLOCATION:Background	VISIBLE:QUALIFY	
ABILITYCATEGORY:Chronicle_S03-02	DISPLAYNAME:PFS Scenario #3-02: Sewer Dragons of Absalom									CATEGORY:Special Ability	EDITABLE:YES	TYPE:Chronicle_S03-02	DISPLAYLOCATION:Background	VISIBLE:QUALIFY
ABILITYCATEGORY:Chronicle_S03-03	DISPLAYNAME:PFS Scenario #3-03: The Ghenett Manor Gauntlet									CATEGORY:Special Ability	EDITABLE:YES	TYPE:Chronicle_S03-03	DISPLAYLOCATION:Background	VISIBLE:QUALIFY	
ABILITYCATEGORY:Chronicle_S03-04	DISPLAYNAME:PFS Scenario #3-04: The Kortos Envoy										CATEGORY:Special Ability	EDITABLE:YES	TYPE:Chronicle_S03-04	DISPLAYLOCATION:Background	VISIBLE:QUALIFY	
ABILITYCATEGORY:Chronicle_S03-05	DISPLAYNAME:PFS Scenario #3-05: Tide of Twilight										CATEGORY:Special Ability	EDITABLE:YES	TYPE:Chronicle_S03-05	DISPLAYLOCATION:Background	VISIBLE:QUALIFY	
ABILITYCATEGORY:Chronicle_S03-06	DISPLAYNAME:PFS Scenario #3-06: Song of the Sea Witch										CATEGORY:Special Ability	EDITABLE:YES	TYPE:Chronicle_S03-06	DISPLAYLOCATION:Background	VISIBLE:QUALIFY	
ABILITYCATEGORY:Chronicle_S03-07	DISPLAYNAME:PFS Scenario #3-07: Echoes of the Overwatched									CATEGORY:Special Ability	EDITABLE:YES	TYPE:Chronicle_S03-07	DISPLAYLOCATION:Background	VISIBLE:QUALIFY	
ABILITYCATEGORY:Chronicle_S03-08	DISPLAYNAME:PFS Scenario #3-08: Among the Gods											CATEGORY:Special Ability	EDITABLE:YES	TYPE:Chronicle_S03-08	DISPLAYLOCATION:Background	VISIBLE:QUALIFY	
ABILITYCATEGORY:Chronicle_S03-09	DISPLAYNAME:PFS Scenario #3-09: The Quest for Perfection, Part I: The Edge of Heaven				CATEGORY:Special Ability	EDITABLE:YES	TYPE:Chronicle_S03-09	DISPLAYLOCATION:Background	VISIBLE:QUALIFY	
ABILITYCATEGORY:Chronicle_S03-10	DISPLAYNAME:PFS Scenario #3-10: The Immortal Conundrum									CATEGORY:Special Ability	EDITABLE:YES	TYPE:Chronicle_S03-10	DISPLAYLOCATION:Background	VISIBLE:QUALIFY	
ABILITYCATEGORY:Chronicle_S03-11	DISPLAYNAME:PFS Scenario #3-11: The Quest for Perfection, Part II: On Hostile Waters				CATEGORY:Special Ability	EDITABLE:YES	TYPE:Chronicle_S03-11	DISPLAYLOCATION:Background	VISIBLE:QUALIFY	
ABILITYCATEGORY:Chronicle_S03-12	DISPLAYNAME:PFS Scenario #3-12: Wonders in the Weave, Part I: The Dog Pharaoh's Tomb				CATEGORY:Special Ability	EDITABLE:YES	TYPE:Chronicle_S03-12	DISPLAYLOCATION:Background	VISIBLE:QUALIFY	
ABILITYCATEGORY:Chronicle_S03-13	DISPLAYNAME:PFS Scenario #3-13: The Quest for Perfection, Part III: Defenders of Nesting Swallow		CATEGORY:Special Ability	EDITABLE:YES	TYPE:Chronicle_S03-13	DISPLAYLOCATION:Background	VISIBLE:QUALIFY	
ABILITYCATEGORY:Chronicle_S03-14	DISPLAYNAME:PFS Scenario #3-14: Wonders in the Weave, Part II: Snakes in the Fold					CATEGORY:Special Ability	EDITABLE:YES	TYPE:Chronicle_S03-14	DISPLAYLOCATION:Background	VISIBLE:QUALIFY	
ABILITYCATEGORY:Chronicle_S03-15	DISPLAYNAME:PFS Scenario #3-15: The Haunting of Hinojai									CATEGORY:Special Ability	EDITABLE:YES	TYPE:Chronicle_S03-15	DISPLAYLOCATION:Background	VISIBLE:QUALIFY	
ABILITYCATEGORY:Chronicle_S03-16	DISPLAYNAME:PFS Scenario #3-16: The Midnight Mauler										CATEGORY:Special Ability	EDITABLE:YES	TYPE:Chronicle_S03-16	DISPLAYLOCATION:Background	VISIBLE:QUALIFY	
ABILITYCATEGORY:Chronicle_S03-17	DISPLAYNAME:PFS Scenario #3-17: Red Harvest											CATEGORY:Special Ability	EDITABLE:YES	TYPE:Chronicle_S03-17	DISPLAYLOCATION:Background	VISIBLE:QUALIFY	
ABILITYCATEGORY:Chronicle_S03-18	DISPLAYNAME:PFS Scenario #3-18: The God's Market Gamble									CATEGORY:Special Ability	EDITABLE:YES	TYPE:Chronicle_S03-18	DISPLAYLOCATION:Background	VISIBLE:QUALIFY	
ABILITYCATEGORY:Chronicle_S03-19	DISPLAYNAME:PFS Scenario #3-19: The Icebound Outpost										CATEGORY:Special Ability	EDITABLE:YES	TYPE:Chronicle_S03-19	DISPLAYLOCATION:Background	VISIBLE:QUALIFY	
ABILITYCATEGORY:Chronicle_S03-20	DISPLAYNAME:PFS Scenario #3-20: The Rats of Round Mountain, Part I: The Sundered Path				CATEGORY:Special Ability	EDITABLE:YES	TYPE:Chronicle_S03-20	DISPLAYLOCATION:Background	VISIBLE:QUALIFY	
ABILITYCATEGORY:Chronicle_S03-21	DISPLAYNAME:PFS Scenario #3-21: The Temple of Empyreal Enlightenment							CATEGORY:Special Ability	EDITABLE:YES	TYPE:Chronicle_S03-21	DISPLAYLOCATION:Background	VISIBLE:QUALIFY	
ABILITYCATEGORY:Chronicle_S03-22	DISPLAYNAME:PFS Scenario #3-22: The Rats of Round Mountain, Part II: Pagoda of the Rat				CATEGORY:Special Ability	EDITABLE:YES	TYPE:Chronicle_S03-22	DISPLAYLOCATION:Background	VISIBLE:QUALIFY	
ABILITYCATEGORY:Chronicle_S03-23	DISPLAYNAME:PFS Scenario #3-23: The Goblinblood Dead										CATEGORY:Special Ability	EDITABLE:YES	TYPE:Chronicle_S03-23	DISPLAYLOCATION:Background	VISIBLE:QUALIFY	
ABILITYCATEGORY:Chronicle_S03-24	DISPLAYNAME:PFS Scenario #3-24: The Golden Serpent										CATEGORY:Special Ability	EDITABLE:YES	TYPE:Chronicle_S03-24	DISPLAYLOCATION:Background	VISIBLE:QUALIFY	
ABILITYCATEGORY:Chronicle_S03-25	DISPLAYNAME:PFS Scenario #3-25: Storming the Diamond Gate									CATEGORY:Special Ability	EDITABLE:YES	TYPE:Chronicle_S03-25	DISPLAYLOCATION:Background	VISIBLE:QUALIFY	
ABILITYCATEGORY:Chronicle_S03-26	DISPLAYNAME:PFS Scenario #3-26: Portal of the Sacred Rune									CATEGORY:Special Ability	EDITABLE:YES	TYPE:Chronicle_S03-26	DISPLAYLOCATION:Background	VISIBLE:QUALIFY	
ABILITYCATEGORY:Chronicle_S03-EX	DISPLAYNAME:PFS Scenario #3-EX: The Cyphermage Dilemma									CATEGORY:Special Ability	EDITABLE:YES	TYPE:Chronicle_S03-EX	DISPLAYLOCATION:Background	VISIBLE:QUALIFY	
ABILITYCATEGORY:Chronicle_S03-SP	DISPLAYNAME:PFS Scenario #3-SP: Blood Under Absalom										CATEGORY:Special Ability	EDITABLE:YES	TYPE:Chronicle_S03-SP	DISPLAYLOCATION:Background	VISIBLE:QUALIFY	

ABILITYCATEGORY:Chronicle_S04-01	DISPLAYNAME:PFS Scenario #4-01: Rise of the Goblin Guild									CATEGORY:Special Ability	EDITABLE:YES	TYPE:Chronicle_S04-01	DISPLAYLOCATION:Background	VISIBLE:QUALIFY	
ABILITYCATEGORY:Chronicle_S04-02	DISPLAYNAME:PFS Scenario #4-02: In Wrath's Shadow										CATEGORY:Special Ability	EDITABLE:YES	TYPE:Chronicle_S04-02	DISPLAYLOCATION:Background	VISIBLE:QUALIFY
ABILITYCATEGORY:Chronicle_S04-03	DISPLAYNAME:PFS Scenario #4-03: The Golemworks Incident									CATEGORY:Special Ability	EDITABLE:YES	TYPE:Chronicle_S04-03	DISPLAYLOCATION:Background	VISIBLE:QUALIFY	
ABILITYCATEGORY:Chronicle_S04-04	DISPLAYNAME:PFS Scenario #4-04: King of the Storval Stairs									CATEGORY:Special Ability	EDITABLE:YES	TYPE:Chronicle_S04-04	DISPLAYLOCATION:Background	VISIBLE:QUALIFY	
ABILITYCATEGORY:Chronicle_S04-05	DISPLAYNAME:PFS Scenario #4-05: The Sanos Abduction										CATEGORY:Special Ability	EDITABLE:YES	TYPE:Chronicle_S04-05	DISPLAYLOCATION:Background	VISIBLE:QUALIFY	
ABILITYCATEGORY:Chronicle_S04-06	DISPLAYNAME:PFS Scenario #4-06: The Green Market										CATEGORY:Special Ability	EDITABLE:YES	TYPE:Chronicle_S04-06	DISPLAYLOCATION:Background	VISIBLE:QUALIFY	
ABILITYCATEGORY:Chronicle_S04-07	DISPLAYNAME:PFS Scenario #4-07: Severing Ties											CATEGORY:Special Ability	EDITABLE:YES	TYPE:Chronicle_S04-07	DISPLAYLOCATION:Background	VISIBLE:QUALIFY	
ABILITYCATEGORY:Chronicle_S04-08	DISPLAYNAME:PFS Scenario #4-08: The Cultist's Kiss										CATEGORY:Special Ability	EDITABLE:YES	TYPE:Chronicle_S04-08	DISPLAYLOCATION:Background	VISIBLE:QUALIFY	
ABILITYCATEGORY:Chronicle_S04-09	DISPLAYNAME:PFS Scenario #4-09: The Blakros Matrimony										CATEGORY:Special Ability	EDITABLE:YES	TYPE:Chronicle_S04-09	DISPLAYLOCATION:Background	VISIBLE:QUALIFY	
ABILITYCATEGORY:Chronicle_S04-10	DISPLAYNAME:PFS Scenario #4-10: Feast of Sigils											CATEGORY:Special Ability	EDITABLE:YES	TYPE:Chronicle_S04-10	DISPLAYLOCATION:Background	VISIBLE:QUALIFY	
ABILITYCATEGORY:Chronicle_S04-11	DISPLAYNAME:PFS Scenario #4-11: The Disappeared											CATEGORY:Special Ability	EDITABLE:YES	TYPE:Chronicle_S04-11	DISPLAYLOCATION:Background	VISIBLE:QUALIFY	
ABILITYCATEGORY:Chronicle_S04-12	DISPLAYNAME:PFS Scenario #4-12: The Refuge of Time										CATEGORY:Special Ability	EDITABLE:YES	TYPE:Chronicle_S04-12	DISPLAYLOCATION:Background	VISIBLE:QUALIFY	
ABILITYCATEGORY:Chronicle_S04-13	DISPLAYNAME:PFS Scenario #4-13: Fortress of the Nail										CATEGORY:Special Ability	EDITABLE:YES	TYPE:Chronicle_S04-13	DISPLAYLOCATION:Background	VISIBLE:QUALIFY	
ABILITYCATEGORY:Chronicle_S04-14	DISPLAYNAME:PFS Scenario #4-14: My Enemy's Enemy										CATEGORY:Special Ability	EDITABLE:YES	TYPE:Chronicle_S04-14	DISPLAYLOCATION:Background	VISIBLE:QUALIFY	
ABILITYCATEGORY:Chronicle_S04-15	DISPLAYNAME:PFS Scenario #4-15: The Cyphermage Dilemma									CATEGORY:Special Ability	EDITABLE:YES	TYPE:Chronicle_S04-15	DISPLAYLOCATION:Background	VISIBLE:QUALIFY	
ABILITYCATEGORY:Chronicle_S04-16	DISPLAYNAME:PFS Scenario #4-16: The Fabric of Reality										CATEGORY:Special Ability	EDITABLE:YES	TYPE:Chronicle_S04-16	DISPLAYLOCATION:Background	VISIBLE:QUALIFY	
ABILITYCATEGORY:Chronicle_S04-17	DISPLAYNAME:PFS Scenario #4-17: Tower of the Ironwood Watch									CATEGORY:Special Ability	EDITABLE:YES	TYPE:Chronicle_S04-17	DISPLAYLOCATION:Background	VISIBLE:QUALIFY	
ABILITYCATEGORY:Chronicle_S04-18	DISPLAYNAME:PFS Scenario #4-18: The Veteran's Vault										CATEGORY:Special Ability	EDITABLE:YES	TYPE:Chronicle_S04-18	DISPLAYLOCATION:Background	VISIBLE:QUALIFY	
ABILITYCATEGORY:Chronicle_S04-19	DISPLAYNAME:PFS Scenario #4-19: The Night March of Kalkamedes								CATEGORY:Special Ability	EDITABLE:YES	TYPE:Chronicle_S04-19	DISPLAYLOCATION:Background	VISIBLE:QUALIFY	
ABILITYCATEGORY:Chronicle_S04-20	DISPLAYNAME:PFS Scenario #4-20: Words of the Ancients										CATEGORY:Special Ability	EDITABLE:YES	TYPE:Chronicle_S04-20	DISPLAYLOCATION:Background	VISIBLE:QUALIFY	
ABILITYCATEGORY:Chronicle_S04-21	DISPLAYNAME:PFS Scenario #4-21: Way of the Kirin										CATEGORY:Special Ability	EDITABLE:YES	TYPE:Chronicle_S04-21	DISPLAYLOCATION:Background	VISIBLE:QUALIFY	
ABILITYCATEGORY:Chronicle_S04-22	DISPLAYNAME:PFS Scenario #4-22: Halls of Dwarven Lore										CATEGORY:Special Ability	EDITABLE:YES	TYPE:Chronicle_S04-22	DISPLAYLOCATION:Background	VISIBLE:QUALIFY	
ABILITYCATEGORY:Chronicle_S04-23	DISPLAYNAME:PFS Scenario #4-23: Rivalry's End											CATEGORY:Special Ability	EDITABLE:YES	TYPE:Chronicle_S04-23	DISPLAYLOCATION:Background	VISIBLE:QUALIFY	
ABILITYCATEGORY:Chronicle_S04-24	DISPLAYNAME:PFS Scenario #4-24: The Price of Friendship									CATEGORY:Special Ability	EDITABLE:YES	TYPE:Chronicle_S04-24	DISPLAYLOCATION:Background	VISIBLE:QUALIFY	
ABILITYCATEGORY:Chronicle_S04-25	DISPLAYNAME:PFS Scenario #4-25: Glories of the Past, Part 3: The Secrets Stones Keep				CATEGORY:Special Ability	EDITABLE:YES	TYPE:Chronicle_S04-25	DISPLAYLOCATION:Background	VISIBLE:QUALIFY	
ABILITYCATEGORY:Chronicle_S04-26	DISPLAYNAME:PFS Scenario #4-26: The Waking Rune											CATEGORY:Special Ability	EDITABLE:YES	TYPE:Chronicle_S04-26	DISPLAYLOCATION:Background	VISIBLE:QUALIFY	
ABILITYCATEGORY:Chronicle_S04-EX	DISPLAYNAME:PFS Scenario #4-EX Day of the Demon											CATEGORY:Special Ability	EDITABLE:YES	TYPE:Chronicle_S04-EX	DISPLAYLOCATION:Background	VISIBLE:QUALIFY	
ABILITYCATEGORY:Chronicle_S04-SP	DISPLAYNAME:PFS Scenario #4-SP Race for the Runecarved Key									CATEGORY:Special Ability	EDITABLE:YES	TYPE:Chronicle_S04-SP	DISPLAYLOCATION:Background	VISIBLE:QUALIFY	

#ABILITYCATEGORY:Chronicle_S04-S2	DISPLAYNAME:PFS Scenario #4-S2 Ruins of Bonekeep - Level 1: The Silent Grave						CATEGORY:Special Ability	EDITABLE:YES	TYPE:Chronicle_S04-S2	DISPLAYLOCATION:Background	VISIBLE:QUALIFY	

ABILITYCATEGORY:Chronicle_S05-01	DISPLAYNAME:PFS Scenario #5-01: The Glass River Rescue									CATEGORY:Special Ability	EDITABLE:YES	TYPE:Chronicle_S05-01	DISPLAYLOCATION:Background	VISIBLE:QUALIFY	
ABILITYCATEGORY:Chronicle_S05-02	DISPLAYNAME:PFS Scenario #5-02: The Wardstone Patrol										CATEGORY:Special Ability	EDITABLE:YES	TYPE:Chronicle_S05-02	DISPLAYLOCATION:Background	VISIBLE:QUALIFY
ABILITYCATEGORY:Chronicle_S05-03	DISPLAYNAME:PFS Scenario #5-03: The Hellknight's Feast									CATEGORY:Special Ability	EDITABLE:YES	TYPE:Chronicle_S05-03	DISPLAYLOCATION:Background	VISIBLE:QUALIFY	
ABILITYCATEGORY:Chronicle_S05-04	DISPLAYNAME:PFS Scenario #5-04: The Stolen Heir											CATEGORY:Special Ability	EDITABLE:YES	TYPE:Chronicle_S05-04	DISPLAYLOCATION:Background	VISIBLE:QUALIFY	
ABILITYCATEGORY:Chronicle_S05-05	DISPLAYNAME:PFS Scenario #5-05: The Elven Entanglement									CATEGORY:Special Ability	EDITABLE:YES	TYPE:Chronicle_S05-05	DISPLAYLOCATION:Background	VISIBLE:QUALIFY	
ABILITYCATEGORY:Chronicle_S05-06	DISPLAYNAME:PFS Scenario #5-06: You Have What You Hold									CATEGORY:Special Ability	EDITABLE:YES	TYPE:Chronicle_S05-06	DISPLAYLOCATION:Background	VISIBLE:QUALIFY	
ABILITYCATEGORY:Chronicle_S05-07	DISPLAYNAME:PFS Scenario #5-07: Port Godless											CATEGORY:Special Ability	EDITABLE:YES	TYPE:Chronicle_S05-07	DISPLAYLOCATION:Background	VISIBLE:QUALIFY	
ABILITYCATEGORY:Chronicle_S05-08	DISPLAYNAME:PFS Scenario #5-08: The Confirmation										CATEGORY:Special Ability	EDITABLE:YES	TYPE:Chronicle_S05-08	DISPLAYLOCATION:Background	VISIBLE:QUALIFY	
ABILITYCATEGORY:Chronicle_S05-09	DISPLAYNAME:PFS Scenario #5-09: The Traitor's Lodge										CATEGORY:Special Ability	EDITABLE:YES	TYPE:Chronicle_S05-09	DISPLAYLOCATION:Background	VISIBLE:QUALIFY	
ABILITYCATEGORY:Chronicle_S05-10	DISPLAYNAME:PFS Scenario #5-10: Where Mammoths Dare Not Tread								CATEGORY:Special Ability	EDITABLE:YES	TYPE:Chronicle_S05-10	DISPLAYLOCATION:Background	VISIBLE:QUALIFY	
ABILITYCATEGORY:Chronicle_S05-11	DISPLAYNAME:PFS Scenario #5-11: Library of the Lion										CATEGORY:Special Ability	EDITABLE:YES	TYPE:Chronicle_S05-11	DISPLAYLOCATION:Background	VISIBLE:QUALIFY	
ABILITYCATEGORY:Chronicle_S05-12	DISPLAYNAME:PFS Scenario #5-12: Destiny of the Sands, Part 1: A Bitter Bargain					CATEGORY:Special Ability	EDITABLE:YES	TYPE:Chronicle_S05-12	DISPLAYLOCATION:Background	VISIBLE:QUALIFY	
ABILITYCATEGORY:Chronicle_S05-13	DISPLAYNAME:PFS Scenario #5-13: Weapon in the Rift										CATEGORY:Special Ability	EDITABLE:YES	TYPE:Chronicle_S05-13	DISPLAYLOCATION:Background	VISIBLE:QUALIFY	
ABILITYCATEGORY:Chronicle_S05-14	DISPLAYNAME:PFS Scenario #5-14: Day of the Demon										CATEGORY:Special Ability	EDITABLE:YES	TYPE:Chronicle_S05-14	DISPLAYLOCATION:Background	VISIBLE:QUALIFY	
ABILITYCATEGORY:Chronicle_S05-15	DISPLAYNAME:PFS Scenario #5-15: Destiny of the Sands, Part 2: Race to Seeker's Folly				CATEGORY:Special Ability	EDITABLE:YES	TYPE:Chronicle_S05-15	DISPLAYLOCATION:Background	VISIBLE:QUALIFY	
ABILITYCATEGORY:Chronicle_S05-16	DISPLAYNAME:PFS Scenario #5-16: Destiny of the Sands, Part 3: Sanctum of the Sages					CATEGORY:Special Ability	EDITABLE:YES	TYPE:Chronicle_S05-16	DISPLAYLOCATION:Background	VISIBLE:QUALIFY	
ABILITYCATEGORY:Chronicle_S05-17	DISPLAYNAME:PFS Scenario #5-17: Fate of the Fiend										CATEGORY:Special Ability	EDITABLE:YES	TYPE:Chronicle_S05-17	DISPLAYLOCATION:Background	VISIBLE:QUALIFY	
ABILITYCATEGORY:Chronicle_S05-18	DISPLAYNAME:PFS Scenario #5-18: The Stranger Within										CATEGORY:Special Ability	EDITABLE:YES	TYPE:Chronicle_S05-18	DISPLAYLOCATION:Background	VISIBLE:QUALIFY	
ABILITYCATEGORY:Chronicle_S05-19	DISPLAYNAME:PFS Scenario #5-19: The Horn of Aroden										CATEGORY:Special Ability	EDITABLE:YES	TYPE:Chronicle_S05-19	DISPLAYLOCATION:Background	VISIBLE:QUALIFY	
ABILITYCATEGORY:Chronicle_S05-20	DISPLAYNAME:PFS Scenario #5-20: The Sealed Gate											CATEGORY:Special Ability	EDITABLE:YES	TYPE:Chronicle_S05-20	DISPLAYLOCATION:Background	VISIBLE:QUALIFY	
ABILITYCATEGORY:Chronicle_S05-21	DISPLAYNAME:PFS Scenario #5-21: The Merchant's Wake										CATEGORY:Special Ability	EDITABLE:YES	TYPE:Chronicle_S05-21	DISPLAYLOCATION:Background	VISIBLE:QUALIFY	
ABILITYCATEGORY:Chronicle_S05-22	DISPLAYNAME:PFS Scenario #5-22: Scars of the Third Crusade									CATEGORY:Special Ability	EDITABLE:YES	TYPE:Chronicle_S05-22	DISPLAYLOCATION:Background	VISIBLE:QUALIFY	
ABILITYCATEGORY:Chronicle_S05-23	DISPLAYNAME:PFS Scenario #5-23: Cairn of Shadows										CATEGORY:Special Ability	EDITABLE:YES	TYPE:Chronicle_S05-23	DISPLAYLOCATION:Background	VISIBLE:QUALIFY	
ABILITYCATEGORY:Chronicle_S05-24	DISPLAYNAME:PFS Scenario #5-24: Assault on the Wound										CATEGORY:Special Ability	EDITABLE:YES	TYPE:Chronicle_S05-24	DISPLAYLOCATION:Background	VISIBLE:QUALIFY	
ABILITYCATEGORY:Chronicle_S05-25	DISPLAYNAME:PFS Scenario #5-25: Vengeance at Sundered Crag									CATEGORY:Special Ability	EDITABLE:YES	TYPE:Chronicle_S05-25	DISPLAYLOCATION:Background	VISIBLE:QUALIFY	
ABILITYCATEGORY:Chronicle_S05-99	DISPLAYNAME:PFS Scenario #5-99: The Paths We Choose										CATEGORY:Special Ability	EDITABLE:YES	TYPE:Chronicle_S05-99	DISPLAYLOCATION:Background	VISIBLE:QUALIFY	
ABILITYCATEGORY:Chronicle_S05-SP	DISPLAYNAME:PFS Scenario #5-SP: Siege of the Diamond City									CATEGORY:Special Ability	EDITABLE:YES	TYPE:Chronicle_S05-SP	DISPLAYLOCATION:Background	VISIBLE:QUALIFY	

#ABILITYCATEGORY:Chronicle_S05-S2	DISPLAYNAME:PFS Scenario #5-S2 Ruins of Bonekeep, Level 2: Maze to the Mind Slave					CATEGORY:Special Ability	EDITABLE:YES	TYPE:Chronicle_S05-S2	DISPLAYLOCATION:Background	VISIBLE:QUALIFY	

ABILITYCATEGORY:Chronicle_PZO9500-4		DISPLAYNAME:Pathfinder Module: Master of the Fallen Fortress							CATEGORY:Special Ability	EDITABLE:YES	TYPE:Chronicle_PZO9500-4	DISPLAYLOCATION:Background	VISIBLE:QUALIFY	
ABILITYCATEGORY:Chronicle_PZO9500-5		DISPLAYNAME:Pathfinder Module: We be Goblins										CATEGORY:Special Ability	EDITABLE:YES	TYPE:Chronicle_PZO9500-5	DISPLAYLOCATION:Background	VISIBLE:QUALIFY	
ABILITYCATEGORY:Chronicle_PZO9500-6		DISPLAYNAME:Pathfinder Module: Dawn of the Scarlet Sun								CATEGORY:Special Ability	EDITABLE:YES	TYPE:Chronicle_PZO9500-6	DISPLAYLOCATION:Background	VISIBLE:QUALIFY	
ABILITYCATEGORY:Chronicle_PZO9500-7		DISPLAYNAME:Pathfinder Module: We Be Goblins Too!									CATEGORY:Special Ability	EDITABLE:YES	TYPE:Chronicle_PZO9500-7	DISPLAYLOCATION:Background	VISIBLE:QUALIFY	
ABILITYCATEGORY:Chronicle_PZO9500-8		DISPLAYNAME:Pathfinder Module: Risen from the Sands									CATEGORY:Special Ability	EDITABLE:YES	TYPE:Chronicle_PZO9500-8	DISPLAYLOCATION:Background	VISIBLE:QUALIFY	
ABILITYCATEGORY:Chronicle_PZO9520		DISPLAYNAME:Pathfinder Module: Crypt of the Everflame									CATEGORY:Special Ability	EDITABLE:YES	TYPE:Chronicle_PZO9520		DISPLAYLOCATION:Background	VISIBLE:QUALIFY	
ABILITYCATEGORY:Chronicle_PZO9521		DISPLAYNAME:Pathfinder Module: Carrion Hill										CATEGORY:Special Ability	EDITABLE:YES	TYPE:Chronicle_PZO9521		DISPLAYLOCATION:Background	VISIBLE:QUALIFY	
ABILITYCATEGORY:Chronicle_PZO9522		DISPLAYNAME:Pathfinder Module: Masks of the Living God								CATEGORY:Special Ability	EDITABLE:YES	TYPE:Chronicle_PZO9522		DISPLAYLOCATION:Background	VISIBLE:QUALIFY	
ABILITYCATEGORY:Chronicle_PZO9523		DISPLAYNAME:Pathfinder Module: Realm of the Fellnight Queen								CATEGORY:Special Ability	EDITABLE:YES	TYPE:Chronicle_PZO9523		DISPLAYLOCATION:Background	VISIBLE:QUALIFY	
ABILITYCATEGORY:Chronicle_PZO9524		DISPLAYNAME:Pathfinder Module: City of Golden Death									CATEGORY:Special Ability	EDITABLE:YES	TYPE:Chronicle_PZO9524		DISPLAYLOCATION:Background	VISIBLE:QUALIFY	
ABILITYCATEGORY:Chronicle_PZO9525		DISPLAYNAME:Pathfinder Module: From Shore to Sea									CATEGORY:Special Ability	EDITABLE:YES	TYPE:Chronicle_PZO9525		DISPLAYLOCATION:Background	VISIBLE:QUALIFY	
ABILITYCATEGORY:Chronicle_PZO9526		DISPLAYNAME:Pathfinder Module: Curse of the Riven Sky									CATEGORY:Special Ability	EDITABLE:YES	TYPE:Chronicle_PZO9526		DISPLAYLOCATION:Background	VISIBLE:QUALIFY	
ABILITYCATEGORY:Chronicle_PZO9527		DISPLAYNAME:Pathfinder Module: The Witchwar Legacy									CATEGORY:Special Ability	EDITABLE:YES	TYPE:Chronicle_PZO9527		DISPLAYLOCATION:Background	VISIBLE:QUALIFY	
ABILITYCATEGORY:Chronicle_PZO9528		DISPLAYNAME:Pathfinder Module: The Godsmouth Heresy									CATEGORY:Special Ability	EDITABLE:YES	TYPE:Chronicle_PZO9528		DISPLAYLOCATION:Background	VISIBLE:QUALIFY	
ABILITYCATEGORY:Chronicle_PZO9529		DISPLAYNAME:Pathfinder Module: Cult of the Ebon Destroyers								CATEGORY:Special Ability	EDITABLE:YES	TYPE:Chronicle_PZO9529		DISPLAYLOCATION:Background	VISIBLE:QUALIFY	
ABILITYCATEGORY:Chronicle_PZO9530		DISPLAYNAME:Pathfinder Module: Tomb of the Iron Medusa								CATEGORY:Special Ability	EDITABLE:YES	TYPE:Chronicle_PZO9530		DISPLAYLOCATION:Background	VISIBLE:QUALIFY	
ABILITYCATEGORY:Chronicle_PZO9531		DISPLAYNAME:Pathfinder Module: Academy of Secrets									CATEGORY:Special Ability	EDITABLE:YES	TYPE:Chronicle_PZO9531		DISPLAYLOCATION:Background	VISIBLE:QUALIFY	
ABILITYCATEGORY:Chronicle_PZO9532		DISPLAYNAME:Pathfinder Module: The Harrowing										CATEGORY:Special Ability	EDITABLE:YES	TYPE:Chronicle_PZO9532		DISPLAYLOCATION:Background	VISIBLE:QUALIFY	
ABILITYCATEGORY:Chronicle_PZO9533		DISPLAYNAME:Pathfinder Module: The Feast of Ravenmoor									CATEGORY:Special Ability	EDITABLE:YES	TYPE:Chronicle_PZO9533		DISPLAYLOCATION:Background	VISIBLE:QUALIFY	
ABILITYCATEGORY:Chronicle_PZO9534		DISPLAYNAME:Pathfinder Module: The Ruby Phoenix Tournament								CATEGORY:Special Ability	EDITABLE:YES	TYPE:Chronicle_PZO9534		DISPLAYLOCATION:Background	VISIBLE:QUALIFY	
ABILITYCATEGORY:Chronicle_PZO9535		DISPLAYNAME:Pathfinder Module: The Midnight Mirror									CATEGORY:Special Ability	EDITABLE:YES	TYPE:Chronicle_PZO9535		DISPLAYLOCATION:Background	VISIBLE:QUALIFY	
ABILITYCATEGORY:Chronicle_PZO9536		DISPLAYNAME:Pathfinder Module: No Response from Deepmar								CATEGORY:Special Ability	EDITABLE:YES	TYPE:Chronicle_PZO9536		DISPLAYLOCATION:Background	VISIBLE:QUALIFY	
ABILITYCATEGORY:Chronicle_PZO9537		DISPLAYNAME:Pathfinder Module: The Moonscar										CATEGORY:Special Ability	EDITABLE:YES	TYPE:Chronicle_PZO9537		DISPLAYLOCATION:Background	VISIBLE:QUALIFY	
ABILITYCATEGORY:Chronicle_PZO9538		DISPLAYNAME:Pathfinder Module: Murder's Mark										CATEGORY:Special Ability	EDITABLE:YES	TYPE:Chronicle_PZO9538		DISPLAYLOCATION:Background	VISIBLE:QUALIFY	
ABILITYCATEGORY:Chronicle_PZO9539		DISPLAYNAME:Pathfinder Module: Broken Chains										CATEGORY:Special Ability	EDITABLE:YES	TYPE:Chronicle_PZO9539		DISPLAYLOCATION:Background	VISIBLE:QUALIFY	
ABILITYCATEGORY:Chronicle_PZO9540		DISPLAYNAME:Pathfinder Module: Fangwood Keep										CATEGORY:Special Ability	EDITABLE:YES	TYPE:Chronicle_PZO9540		DISPLAYLOCATION:Background	VISIBLE:QUALIFY	
ABILITYCATEGORY:Chronicle_PZO9541		DISPLAYNAME:Pathfinder Module: Doom Comes to Dustpawn									CATEGORY:Special Ability	EDITABLE:YES	TYPE:Chronicle_PZO9541		DISPLAYLOCATION:Background	VISIBLE:QUALIFY	
ABILITYCATEGORY:Chronicle_PZO9542-1		DISPLAYNAME:Pathfinder Module: The Dragon's Demand (1)								CATEGORY:Special Ability	EDITABLE:YES	TYPE:Chronicle_PZO9542-1	DISPLAYLOCATION:Background	VISIBLE:QUALIFY	
ABILITYCATEGORY:Chronicle_PZO9542-2		DISPLAYNAME:Pathfinder Module: The Dragon's Demand (2)								CATEGORY:Special Ability	EDITABLE:YES	TYPE:Chronicle_PZO9542-2	DISPLAYLOCATION:Background	VISIBLE:QUALIFY	
ABILITYCATEGORY:Chronicle_PZO9542-3		DISPLAYNAME:Pathfinder Module: The Dragon's Demand (3)								CATEGORY:Special Ability	EDITABLE:YES	TYPE:Chronicle_PZO9542-3	DISPLAYLOCATION:Background	VISIBLE:QUALIFY	
ABILITYCATEGORY:Chronicle_PZO9542-4		DISPLAYNAME:Pathfinder Module: The Dragon's Demand (4)								CATEGORY:Special Ability	EDITABLE:YES	TYPE:Chronicle_PZO9542-4	DISPLAYLOCATION:Background	VISIBLE:QUALIFY	
ABILITYCATEGORY:Chronicle_PZO9545-01	DISPLAYNAME:Pathfinder Module: The Emerald Spire Superdungeon: The Tower Ruins				CATEGORY:Special Ability	EDITABLE:YES	TYPE:Chronicle_PZO9545-01	DISPLAYLOCATION:Background	VISIBLE:QUALIFY	
ABILITYCATEGORY:Chronicle_PZO9545-02	DISPLAYNAME:Pathfinder Module: The Emerald Spire Superdungeon: The Cellars					CATEGORY:Special Ability	EDITABLE:YES	TYPE:Chronicle_PZO9545-02	DISPLAYLOCATION:Background	VISIBLE:QUALIFY	
ABILITYCATEGORY:Chronicle_PZO9545-03	DISPLAYNAME:Pathfinder Module: The Emerald Spire Superdungeon: Splinterden					CATEGORY:Special Ability	EDITABLE:YES	TYPE:Chronicle_PZO9545-03	DISPLAYLOCATION:Background	VISIBLE:QUALIFY	
ABILITYCATEGORY:Chronicle_PZO9545-04	DISPLAYNAME:Pathfinder Module: The Emerald Spire Superdungeon: Godhome						CATEGORY:Special Ability	EDITABLE:YES	TYPE:Chronicle_PZO9545-04	DISPLAYLOCATION:Background	VISIBLE:QUALIFY	
ABILITYCATEGORY:Chronicle_PZO9545-05	DISPLAYNAME:Pathfinder Module: The Emerald Spire Superdungeon: The Drowned Level				CATEGORY:Special Ability	EDITABLE:YES	TYPE:Chronicle_PZO9545-05	DISPLAYLOCATION:Background	VISIBLE:QUALIFY	
ABILITYCATEGORY:Chronicle_PZO9545-06	DISPLAYNAME:Pathfinder Module: The Emerald Spire Superdungeon: The Clockwork Maze				CATEGORY:Special Ability	EDITABLE:YES	TYPE:Chronicle_PZO9545-06	DISPLAYLOCATION:Background	VISIBLE:QUALIFY	
ABILITYCATEGORY:Chronicle_PZO9545-07	DISPLAYNAME:Pathfinder Module: The Emerald Spire Superdungeon: Shrine of the Awakener			CATEGORY:Special Ability	EDITABLE:YES	TYPE:Chronicle_PZO9545-07	DISPLAYLOCATION:Background	VISIBLE:QUALIFY	
ABILITYCATEGORY:Chronicle_PZO9545-08	DISPLAYNAME:Pathfinder Module: The Emerald Spire Superdungeon: The Circle of Vissk-Thar			CATEGORY:Special Ability	EDITABLE:YES	TYPE:Chronicle_PZO9545-08	DISPLAYLOCATION:Background	VISIBLE:QUALIFY	
ABILITYCATEGORY:Chronicle_PZO9545-09	DISPLAYNAME:Pathfinder Module: The Emerald Spire Superdungeon: The Spire Axis					CATEGORY:Special Ability	EDITABLE:YES	TYPE:Chronicle_PZO9545-09	DISPLAYLOCATION:Background	VISIBLE:QUALIFY	
ABILITYCATEGORY:Chronicle_PZO9545-10	DISPLAYNAME:Pathfinder Module: The Emerald Spire Superdungeon: The Magma Vault				CATEGORY:Special Ability	EDITABLE:YES	TYPE:Chronicle_PZO9545-10	DISPLAYLOCATION:Background	VISIBLE:QUALIFY	
ABILITYCATEGORY:Chronicle_PZO9545-11	DISPLAYNAME:Pathfinder Module: The Emerald Spire Superdungeon: The Tomb of Yarrix				CATEGORY:Special Ability	EDITABLE:YES	TYPE:Chronicle_PZO9545-11	DISPLAYLOCATION:Background	VISIBLE:QUALIFY	
ABILITYCATEGORY:Chronicle_PZO9545-12	DISPLAYNAME:Pathfinder Module: The Emerald Spire Superdungeon: The Automaton Forge				CATEGORY:Special Ability	EDITABLE:YES	TYPE:Chronicle_PZO9545-12	DISPLAYLOCATION:Background	VISIBLE:QUALIFY	
ABILITYCATEGORY:Chronicle_PZO9545-13	DISPLAYNAME:Pathfinder Module: The Emerald Spire Superdungeon: The Pleasure Gardens				CATEGORY:Special Ability	EDITABLE:YES	TYPE:Chronicle_PZO9545-13	DISPLAYLOCATION:Background	VISIBLE:QUALIFY	
ABILITYCATEGORY:Chronicle_PZO9545-14	DISPLAYNAME:Pathfinder Module: The Emerald Spire Superdungeon: The Throne of Azlant				CATEGORY:Special Ability	EDITABLE:YES	TYPE:Chronicle_PZO9545-14	DISPLAYLOCATION:Background	VISIBLE:QUALIFY	
ABILITYCATEGORY:Chronicle_PZO9545-15	DISPLAYNAME:Pathfinder Module: The Emerald Spire Superdungeon: Order and Chaos				CATEGORY:Special Ability	EDITABLE:YES	TYPE:Chronicle_PZO9545-15	DISPLAYLOCATION:Background	VISIBLE:QUALIFY	
ABILITYCATEGORY:Chronicle_PZO9545-16	DISPLAYNAME:Pathfinder Module: The Emerald Spire Superdungeon: The Emerald Root				CATEGORY:Special Ability	EDITABLE:YES	TYPE:Chronicle_PZO9545-16	DISPLAYLOCATION:Background	VISIBLE:QUALIFY	
ABILITYCATEGORY:Chronicle_PZO9545-17	DISPLAYNAME:Pathfinder Module: The Emerald Spire Superdungeon: Land Rush					CATEGORY:Special Ability	EDITABLE:YES	TYPE:Chronicle_PZO9545-17	DISPLAYLOCATION:Background	VISIBLE:QUALIFY	
ABILITYCATEGORY:Chronicle_PZOGWK0001-1	DISPLAYNAME:Pathfinder Online: Thornkeep The Accursed Halls								CATEGORY:Special Ability	EDITABLE:YES	TYPE:Chronicle_PZOGWK0001-1	DISPLAYLOCATION:Background	VISIBLE:QUALIFY	
ABILITYCATEGORY:Chronicle_PZOGWK0001-2	DISPLAYNAME:Pathfinder Online: Thornkeep The Forgotten Laboratory							CATEGORY:Special Ability	EDITABLE:YES	TYPE:Chronicle_PZOGWK0001-2	DISPLAYLOCATION:Background	VISIBLE:QUALIFY	
ABILITYCATEGORY:Chronicle_PZOGWK0001-3	DISPLAYNAME:Pathfinder Online: Thornkeep The Enigma Vaults								CATEGORY:Special Ability	EDITABLE:YES	TYPE:Chronicle_PZOGWK0001-3	DISPLAYLOCATION:Background	VISIBLE:QUALIFY	
ABILITYCATEGORY:Chronicle_PZOGWK0001-4	DISPLAYNAME:Pathfinder Online: Thornkeep The Dark Menagerie								CATEGORY:Special Ability	EDITABLE:YES	TYPE:Chronicle_PZOGWK0001-4	DISPLAYLOCATION:Background	VISIBLE:QUALIFY	
ABILITYCATEGORY:Chronicle_PZOGWK0001-5	DISPLAYNAME:Pathfinder Online: Thornkeep Sanctum of a Lost Age							CATEGORY:Special Ability	EDITABLE:YES	TYPE:Chronicle_PZOGWK0001-5	DISPLAYLOCATION:Background	VISIBLE:QUALIFY	

#
# DONE
#
