

BRONTOTHERIUM
Huge Animal
Hit Dice: 13d8+68 (126 hp)
Initiative: +0
Speed: 40 ft. (8 squares)
Armor Class: 17 (-2 size, +9 natural), touch 8, flatfooted
17
Base Attack/Grapple: +9/+26
Attack: Gore +16 melee (2d6+13)
Full Attack: Gore +16 melee (2d6+13)
Space/Reach: 15 ft./10 ft.
Special Attacks: Powerful charge, trample 2d6+13
Special Qualities: Low-light vision, scent
Saves: Fort +15, Ref +8, Will +7
Abilities: Str 28, Dex 10, Con 21, Int 2, Wis 12, Cha
2
Skills: Listen +11, Spot +11
Feats: Alertness, Great Fortitude, Iron Will,
Power Attack, Toughness
Environment: Temperate forests and plains
Organization: Solitary or herd (2-8)
Challenge Rating: 8
Treasure: None
Alignment: Always neutral
Advancement: 14-26 HD (Huge)
204

CATFISH, GIANT ELECTRIC
Large Animal (Aquatic)
Hit Dice: 10d8+30 (75 hp)
Initiative: +2
Speed: Swim 40 ft. (8 squares)
Armor Class: 19 (-1 size, +2 Dex, +8 natural), touch 11,
flat-footed 17
Base Attack/Grapple: +7/+15
Attack: Bite +11 melee (1d8+6)
Full Attack: Bite +11 melee (1d8+6)
Space/Reach: 10 ft./5 ft.
Special Attacks: Electricity discharge, improved grab,
swallow whole
Special Qualities: Low-light vision, watersense 60 ft.
Saves: Fort +10, Ref +9, Will +6
Abilities: Str 19, Dex 15, Con 17, Int 1, Wis 12, Cha
2
Skills: Listen +6, Spot +6, Swim +19
Feats: Alertness, Iron Will, Power Attack,
Weapon Focus (bite)
Environment: Temperate and warm aquatic
Organization: Solitary or school (5-8)
Challenge Rating: 6
Treasure: None
Alignment: Always neutral
Advancement: 11-20 HD (Large)
205

DIRE SMILODON (DIRE SABER-TOOTHED CAT)
Large Animal (Augmented Animal, Dire)
Hit Dice: 18d8+126 (207 hp)
Initiative: +3
Speed: 50 ft. (10 squares)
Armor Class: 19 (-1 size, +3 Dex, +7 natural), touch 12,
flat-footed 16
Base Attack/Grapple: +13/+29
Attack: Bite +25 melee (3d6+12, 19-20/x2)
Full Attack: Bite +25 melee (3d6+12, 19-20/x2) and
2 claws +22 melee (1d6+6)
Space/Reach: 10 ft./5 ft.
Special Attacks: Improved grab, pounce, rake 1d6+6,
wounding
Special Qualities: Low-light vision, scent
Saves: Fort +18, Ref +14, Will +7
Abilities: Str 35, Dex 17, Con 25, Int 2, Wis 12, Cha
6
Skills: Balance +9, Hide +7, Jump +26, Listen
+8, Move Silently +12, Spot +8
Feats: Alertness, Improved Critical (bite), Improved
Natural Attack (bite), Multiattack,
Power Attack, Run, Weapon Focus (bite)
Environment: Warm forests
Organization: Solitary, pair, or den (6-10)
Challenge Rating: 11
Treasure: None
Alignment: Always neutral
Advancement: 19-36 HD (Large); 37-54 HD (Huge)
206

GULPER EEL
Large Animal (Aquatic)
Hit Dice: 8d8+19 (55 hp)
Initiative: +2
Speed: Swim 50 ft. (10 squares)
Armor Class: 15 (-1 size, +2 Dex, +4 natural), touch 11,
flat-footed 13
Base Attack/Grapple: +6/+13
Attack: Bite +9 melee (1d8+4)
Full Attack: Bite +9 melee (1d8+4)
Space/Reach: 10 ft./5 ft.
Special Attacks: Improved grab, swallow whole
Special Qualities: Low-light vision, scent
Saves: Fort +8, Ref +8, Will +3
Abilities: Str 17, Dex 15, Con 14, Int 1, Wis 12, Cha
2
Skills: Listen +6, Spot +7, Swim +11
Feats: Swim-By Attack, Toughness, Weapon
Focus (bite)
Environment: Any aquatic
Organization: Solitary
Challenge Rating: 5
Treasure: None
Alignment: Always neutral
Advancement: 9-16 HD (Large); 17-24 HD (Huge)
207

MANDRILL
Small Animal
Hit Dice: 2d8+2 (9 hp)
Initiative: +2
Speed: 30 ft. (6 squares), climb
30 ft.
Armor Class: 14 (+1 size, +2 Dex, +1
natural), touch 13, flatfooted
12
Base Attack/Grapple: +1/-3
Attack: Bite +4 melee (1d4)
Full Attack: Bite +4 melee (1d4)
Space/Reach: 5 ft./5 ft.
Special Attacks: -
Special Qualities: Low-light vision,
scent
Saves: Fort +4, Ref +5, Will
+1
Abilities: Str 10, Dex 15, Con
12, Int 2, Wis 12, Cha 6
Skills: Balance +11, Climb +11,
Hide +7, Listen +2, Spot
+2
Feats: Weapon Finesse
Environment: Warm forests
Organization: Solitary, foraging pack (2-5),
group (4-9 adults, plus 100%
noncombatant young) or colony
(10-40 adults, plus 150% noncombatant
young)
Challenge Rating: 1/4
Treasure: None
Alignment: Always neutral
Advancement: 3-4 HD (Small)
208

MARGAY
Small Animal
Hit Dice: 2d8+4 (13 hp)
Initiative: +3
Speed: 40 ft. (8 squares), climb 30 ft.
Armor Class: 14 (+1 size, +3 Dex), touch 14, flat-footed
11
Base Attack/Grapple: +1/+2
Attack: Bite +5 melee (1d4+1)
Full Attack: Bite +5 melee (1d4+1) and 2 claws +0
melee (1d2)
Space/Reach: 5 ft./5 ft.
Special Attacks: Improved grab, pounce, rake 1d2
Special Qualities: Superior low-light vision, scent
Saves: Fort +5, Ref +6, Will +1
Abilities: Str 13, Dex 17, Con 15, Int 2, Wis 12, Cha 6
Skills: Balance +11, Climb +16, Hide +12, Listen
+2, Move Silently +8, Spot +6
Feats: Weapon Finesse
Environment: Temperate and warm forests
Organization: Solitary, pair, or family (3-5)
Challenge Rating: 1
Treasure: None
Alignment: Always neutral
Advancement: 3 HD (Small); 4 HD
(Medium)
209

RACCOON
Tiny Animal
Hit Dice: 1/2d8 (2 hp)
Initiative: +2
Speed: 20 ft. (4 squares), climb 20 ft.
Armor Class: 14 (+2 size, +2 Dex), touch 14, flat-footed
12
Base Attack/Grapple: +0/-11
Attack: Bite +4 melee (1d3-3)
Full Attack: Bite +4 melee (1d3-3)
Space/Reach: 2-1/2 ft./0 ft.
Special Attacks: -
Special Qualities: Low-light vision
Saves: Fort +2, Ref +4, Will +1
Abilities: Str 5, Dex 15, Con 10, Int 2, Wis 12, Cha 5
Skills: Climb +10, Hide +10, Listen +7, Spot +3,
Swim +6
Feats: Weapon Finesse
Environment: Temperate forests
Organization: Solitary, pair, or
family (1
adult plus
1-4 young)
Challenge Rating: 1/6
Advancement: 1 HD
(Tiny);
2 HD
(Small)
210

RACCOON, DIRE
Small Animal (Augmented Animal, Dire)
Hit Dice: 1d8 (4 hp)
Initiative: +2
Speed: 30 ft. (6 squares), climb 30 ft.
Armor Class: 16 (+2 size, +2 Dex, +2 natural), touch 14,
flat-footed 14
Base Attack/Grapple: +3/-1
Attack: Bite +4 melee (1d4+1)
Full Attack: Bite +4 melee (1d4+1)
Space/Reach: 2-1/2 ft./0 ft.
Special Attacks: Disease
Special Qualities: Low-light vision
Saves: Fort +2, Ref +4, Will +1
Abilities: Str 13, Dex 15, Con 12, Int 2, Wis 12, Cha
5
Skills: Climb +10, Hide +6, Listen +7, Spot +3,
Swim +6
Feats: Weapon Finesse
Environment: Temperate forests
Organization: Solitary, pair, or family (1 adult plus 1d4 young)
Challenge Rating: 1/4
Advancement: 2-4 HD (Small); 3-6 HD (Medium)
211

Raven Swarm

Raven Swarm, undead 212


TUATARA, GIANT
Large Animal
Hit Dice: 6d8+24 (51 hp)
Initiative: +1
Speed: 30 ft. (6 squares), burrow 10 ft.
Armor Class: 15 (-1 size, +1 Dex, +5 natural), touch 10,
flat-footed 14
Base Attack/Grapple: +4/+13
Attack: Bite +8 melee (1d8+7)
Full Attack: Bite +8 melee (1d8+7)
Space/Reach: 10 ft./5 ft.
Special Attacks: -
Special Qualities: Low-light vision, scent
Saves: Fort +11, Ref +8, Will +3
Abilities: Str 21, Dex 13, Con 19, Int 1, Wis 12, Cha 2
Skills: Climb +8, Listen +5, Spot +5, Swim +7
Feats: Alertness, Great Fortitude, Lightning
Reflexes
Environment: Temperate plains and hills
Organization: Solitary or pair
Challenge Rating: 4
Treasure: None
Alignment: Always neutral
Advancement: 7-9 HD (Large)
213



