# CVS $Revision$ $Author$ -- Sat May  5 16:34:12 2007 -- reformated by prettylst.pl v1.38 (build 2788)
SOURCELONG:Tome of Horrors III	SOURCESHORT:ToH3	SOURCEDATE:2007-03

STARTPACK:Default Nazalor	VISIBLE:QUALIFY	EQUIPBUY:0	PREMULT:1,[!PRERACE:1,%],[PRERACE:1,Nazalor]
RACE:Nazalor	!PRERACE:1,%
ALIGN:CN
NAME:Nazalor
SKILL:Hide			RANK:1
SKILL:Listen		RANK:1
SKILL:Move Silently	RANK:1
SKILL:Spot			RANK:5
SKILL:Survival		RANK:4
FEAT:Diehard
FEAT:Endurance
FEAT:Power Attack
FEAT:Track
STAT:CON=10|WIS=10|CHA=11|STR=11|DEX=10|INT=11

STARTPACK:Default Netherspark	VISIBLE:QUALIFY	EQUIPBUY:0	PREMULT:1,[!PRERACE:1,%],[PRERACE:1,Netherspark]
RACE:Netherspark	!PRERACE:1,%
ALIGN:NE
NAME:Netherspark
SKILL:Balance			RANK:13
SKILL:Bluff				RANK:13
SKILL:Climb				RANK:13
SKILL:Concentration		RANK:13
SKILL:Diplomacy			RANK:13
SKILL:Disguise			RANK:13
SKILL:Intimidate			RANK:13
SKILL:Knowledge (The Planes)	RANK:13
SKILL:Listen			RANK:13
SKILL:Search			RANK:13
SKILL:Spot				RANK:13
SKILL:Survival			RANK:0
FEAT:Great Fortitude
FEAT:Power Attack
STAT:STR=11|DEX=10|CON=10|INT=10|WIS=11|CHA=11

STARTPACK:Default Orc (Black)	VISIBLE:QUALIFY	EQUIPBUY:0	PREMULT:1,[!PRERACE:1,%],[PRERACE:1,Orc (Black)]
RACE:Orc (Black)	!PRERACE:1,%
ALIGN:CN
NAME:Orc (Black)
SKILL:Hide			RANK:1
SKILL:Listen		RANK:1
SKILL:Move Silently	RANK:1
SKILL:Spot			RANK:5
SKILL:Survival		RANK:4
FEAT:Diehard
FEAT:Endurance
FEAT:Power Attack
FEAT:Track
STAT:CON=10|WIS=10|CHA=11|STR=11|DEX=10|INT=11

### incomplete
STARTPACK:Default Orc (Blood)	VISIBLE:QUALIFY	EQUIPBUY:0	PREMULT:1,[!PRERACE:1,%],[PRERACE:1,Orc (Black)]
RACE:Orc (Black)	!PRERACE:1,%
ALIGN:CN
NAME:Orc (Black)
SKILL:Hide			RANK:1
SKILL:Listen		RANK:1
SKILL:Move Silently	RANK:1
SKILL:Spot			RANK:5
SKILL:Survival		RANK:4
FEAT:Diehard
FEAT:Endurance
FEAT:Power Attack
FEAT:Track
STAT:CON=10|WIS=10|CHA=11|STR=11|DEX=10|INT=11

STARTPACK:Default Orc (Ghost-Faced)	VISIBLE:QUALIFY	EQUIPBUY:0	PREMULT:1,[!PRERACE:1,%],[PRERACE:1,Orc (Ghost-Faced)]
RACE:Orc (Ghost-Faced)	!PRERACE:1,%
ALIGN:CN
NAME:Orc (Ghost-Faced)
SKILL:Hide			RANK:1
SKILL:Listen		RANK:1
SKILL:Move Silently	RANK:1
SKILL:Spot			RANK:5
SKILL:Survival		RANK:4
FEAT:Diehard
FEAT:Endurance
FEAT:Power Attack
FEAT:Track
STAT:CON=10|WIS=10|CHA=11|STR=11|DEX=10|INT=11

STARTPACK:Default Orc (Greenskin)	VISIBLE:QUALIFY	EQUIPBUY:0	PREMULT:1,[!PRERACE:1,%],[PRERACE:1,Orc (Greenskin)]
RACE:Orc (Greenskin)	!PRERACE:1,%
ALIGN:CN
NAME:Orc (Greenskin)
SKILL:Hide			RANK:1
SKILL:Listen		RANK:1
SKILL:Move Silently	RANK:1
SKILL:Spot			RANK:5
SKILL:Survival		RANK:4
FEAT:Diehard
FEAT:Endurance
FEAT:Power Attack
FEAT:Track
STAT:CON=10|WIS=10|CHA=11|STR=11|DEX=10|INT=11


STARTPACK:Default Phasm	VISIBLE:QUALIFY	EQUIPBUY:0	PREMULT:1,[!PRERACE:1,%],[PRERACE:1,Orc (Black)]
RACE:Orc (Black)	!PRERACE:1,%
ALIGN:CN
NAME:Orc (Black)
SKILL:Hide			RANK:1
SKILL:Listen		RANK:1
SKILL:Move Silently	RANK:1
SKILL:Spot			RANK:5
SKILL:Survival		RANK:4
FEAT:Diehard
FEAT:Endurance
FEAT:Power Attack
FEAT:Track
STAT:CON=10|WIS=10|CHA=11|STR=11|DEX=10|INT=11

STARTPACK:Default Sepulchral Guardian	VISIBLE:QUALIFY	EQUIPBUY:0	PREMULT:1,[!PRERACE:1,%],[PRERACE:1,Orc (Black)]
RACE:Orc (Black)	!PRERACE:1,%
ALIGN:CN
NAME:Orc (Black)
SKILL:Hide			RANK:1
SKILL:Listen		RANK:1
SKILL:Move Silently	RANK:1
SKILL:Spot			RANK:5
SKILL:Survival		RANK:4
FEAT:Diehard
FEAT:Endurance
FEAT:Power Attack
FEAT:Track
STAT:CON=10|WIS=10|CHA=11|STR=11|DEX=10|INT=11

STARTPACK:Default Skin Sticher	VISIBLE:QUALIFY	EQUIPBUY:0	PREMULT:1,[!PRERACE:1,%],[PRERACE:1,Orc (Black)]
RACE:Orc (Black)	!PRERACE:1,%
ALIGN:CN
NAME:Orc (Black)
SKILL:Hide			RANK:1
SKILL:Listen		RANK:1
SKILL:Move Silently	RANK:1
SKILL:Spot			RANK:5
SKILL:Survival		RANK:4
FEAT:Diehard
FEAT:Endurance
FEAT:Power Attack
FEAT:Track
STAT:CON=10|WIS=10|CHA=11|STR=11|DEX=10|INT=11

STARTPACK:Default Swarm (Adamantine Wasp)	VISIBLE:QUALIFY	EQUIPBUY:0	PREMULT:1,[!PRERACE:1,%],[PRERACE:1,Orc (Black)]
RACE:Orc (Black)	!PRERACE:1,%
ALIGN:CN
NAME:Orc (Black)
SKILL:Hide			RANK:1
SKILL:Listen		RANK:1
SKILL:Move Silently	RANK:1
SKILL:Spot			RANK:5
SKILL:Survival		RANK:4
FEAT:Diehard
FEAT:Endurance
FEAT:Power Attack
FEAT:Track
STAT:CON=10|WIS=10|CHA=11|STR=11|DEX=10|INT=11

STARTPACK:Default Swarm (Heat)	VISIBLE:QUALIFY	EQUIPBUY:0	PREMULT:1,[!PRERACE:1,%],[PRERACE:1,Orc (Black)]
RACE:Orc (Black)	!PRERACE:1,%
ALIGN:CN
NAME:Orc (Black)
SKILL:Hide			RANK:1
SKILL:Listen		RANK:1
SKILL:Move Silently	RANK:1
SKILL:Spot			RANK:5
SKILL:Survival		RANK:4
FEAT:Diehard
FEAT:Endurance
FEAT:Power Attack
FEAT:Track
STAT:CON=10|WIS=10|CHA=11|STR=11|DEX=10|INT=11

STARTPACK:Default Swarm (Shadow Rat)	VISIBLE:QUALIFY	EQUIPBUY:0	PREMULT:1,[!PRERACE:1,%],[PRERACE:1,Orc (Black)]
RACE:Orc (Black)	!PRERACE:1,%
ALIGN:CN
NAME:Orc (Black)
SKILL:Hide			RANK:1
SKILL:Listen		RANK:1
SKILL:Move Silently	RANK:1
SKILL:Spot			RANK:5
SKILL:Survival		RANK:4
FEAT:Diehard
FEAT:Endurance
FEAT:Power Attack
FEAT:Track
STAT:CON=10|WIS=10|CHA=11|STR=11|DEX=10|INT=11

###Handy Tags
#SKILL:TYPE=Knowledge	RANK:12	COUNT:2
#SPELLS:SPELLBOOK=Known Spells|CLASS=Sorcerer|Charm Monster|Cure Minor Wounds|Cure Moderate Wounds|Daze|Disrupt Undead|Eagle's Splendor|Endure Elements|Freedom of Movement|Gaseous Form|Light|Mage Armor|Magic Circle against Evil|Obscuring Mist|Protection from Chaos|Ray of Frost|Read Magic|Resistance|Scorching Ray|Silence|Summon Monster III|True Strike|Wind Wall
#FEAT:Quicken Spell Like Ability(Telekinesis)
#GEAR:Whip		SIZE:PC	LOCATION:Secondary Hand	EQMOD:MWORKW.PLUS1W.FLM_M
#GEAR:Longsword	SIZE:PC	LOCATION:Primary Hand	EQMOD:MWORKW.PLUS1W.VORPAL


