###Block: Barbarian
# Original Entry by: Tir-Gwaith

###Block: Totem abilities.
# Ability Name		Output Name														Category of Ability		Type								Description																		Source Page
Bear Totem 5th level	OUTPUTNAME:+4 bonus on grapple checks when raging							CATEGORY:Special Ability	TYPE:SpecialQuality.Extraordinary			DESC:+4 bonus on grapple checks when raging												SOURCEPAGE:p.48
Boar Totem Diehard Rage	OUTPUTNAME:When raging, a boar-totem barbarian is treated as having the Diehard feat	CATEGORY:Special Ability	TYPE:Extraordinary.SpecialQuality			DESC:When raging, a boar-totem barbarian is treated as having the Diehard feat						SOURCEPAGE:p.48
Dragon Totem 2nd level	OUTPUTNAME:+2 bonus on saves against paralysis and sleep effects.					CATEGORY:Special Ability	TYPE:SpecialQuality.Extraordinary			DESC:+2 bonus on saves against paralysis and sleep effects.										SOURCEPAGE:p.48
Horse Totem 3rd level	OUTPUTNAME:+2 bonus on Handle Animal with regard to horses						CATEGORY:Special Ability	TYPE:SpecialQuality.Extraordinary			DESC:+2 bonus on Handle Animal with regard to horses	DESC:+2 bonus to Ride a horse	DESC:+2 bonus to Ride a horse	SOURCEPAGE:p.49
Lion Totem 5th level	OUTPUTNAME:+2 bonus on damage rolls when charging							CATEGORY:Special Ability	TYPE:SpecialAttack.Extraordinary.AttackOption	DESC:+2 bonus on damage rolls when charging												SOURCEPAGE:p.49
Serpant Totem 1st Level	OUTPUTNAME:+2 bonus on Fortitude saves against poison							CATEGORY:Special Ability	TYPE:SpecialQuality.Extraordinary			DESC:+2 bonus on Fortitude saves against poison												SOURCEPAGE:p.49

# RSRD Frightful Presence defines DC with HD/2. Dragon Totem Barbarians don't automatically get that,
#	so possibly need to modify the RSRD with a second ability to do the stacking correctly. - Tir Gwaith
#	For now, this is just linked to the RSRD ability of same name.

###Block: change Barbarian Rage to be a choice in GUI
# Ability Name						Type					Visible		Description
CATEGORY=Special Ability|Barbarian Rage.MOD	TYPE:Internal.RageChoice	VISIBLE:DISPLAY	DESC:Standard Barbarian Rage
###Block: Rage Alternatives
# Ability Name			Category of Ability		Type					Visible		Description											Ability															Modify VAR																											Source Page
Barbarian Hunter			CATEGORY:Special Ability	TYPE:Internal.RageChoice	VISIBLE:DISPLAY	DESC:Replace Barbarian Rage with Favored Enemy and Archery Combat Style	ABILITY:Special Ability|AUTOMATIC|Archery Combat Style|Basic Favored Enemy|Ranger Favored Enemy																													SOURCEPAGE:p.58
Barbarian Whirling Frenzy	CATEGORY:Special Ability	TYPE:Internal.RageChoice	VISIBLE:DISPLAY	DESC:Strength, AC and Reflex saves and extra attacks while in Frenzy																	BONUS:VAR|FrenzyEvasion|1|PREVARGTEQ:BarbRagePowerLVL,14	BONUS:VAR|RageBonus|2|PREVARGTEQ:BarbRagePowerLVL,11	BONUS:VAR|RageBonus|2|PREVARGTEQ:BarbRagePowerLVL,20	SOURCEPAGE:p.66

###Block:Whirling Frenzy (Display and Ability)
# Ability Name	Category of Ability		Type						Visible	Define																															Description																																																																							Modify VAR														Temporary Bonus
Whirling Frenzy	CATEGORY:Special Ability	TYPE:SpecialAttack.Extraordinary	VISIBLE:YES	DEFINE:RageTimes|0	DEFINE:RageDuration|0	DEFINE:RageStrBonus|0	DEFINE:FrenzyACBonus|0	DEFINE:FrenzyReflexBonus|0	DEFINE:Frenzied|0	DEFINE:RageBonus|4	DEFINE:FrenzyEvasion|0	DESC:%1 times/day (%2 rounds)|RageTimes|RageDuration	DESC:Bonues while in Whirling Frenzy (STR +%1, AC +%2, Reflex +%3, Extra Attack with all attacks at -2 penalty)|RageStrBonus|FrenzyACBonus|FrenzyReflexBonus|PREVAREQ:FrenzyEvasion,0	DESC:Bonues while in Whirling Frenzy (STR +%1, AC +%2, Reflex +%3, Extra Attack with all attacks at -2 penalty, Evasion)|RageStrBonus|FrenzyACBonus|FrenzyReflexBonus|PREVARNEQ:FrenzyEvasion,0	BONUS:VAR|RageStrBonus|RageBonus	BONUS:VAR|FrenzyACBonus,FrenzyReflexBonus|RageBonus/2	TEMPBONUS:PC|CHECKS|Reflex|RageReflexBonus	TEMPBONUS:PC|COMBAT|STR|RageStrBonus	TEMPBONUS:PC|COMBAT|AC|FrenzyACBonus	TEMPBONUS:PC|COMBAT|ATTACKS|1	TEMPBONUS:PC|COMBAT|TOHIT|-2	TEMPBONUS:PC|VAR|Frenzied|1

#Whirling Frenzy VARs.  I've tried to re-use Rage VARs, so other feats can still work
# with the Frenzy version. If this becomes a problem, we'll need to make them separate Frenzy Vars.
# - Tir Gwaith
# 	RageTimes         - Number of times per day
# 	RageDuration      - Length of Frenzy
# 	RageStrBonus      - Bonus to Strength while in Frenzy
# 	FrenzyACBonus     * Bonus to AC while in Frenzy
# 	FrenzyReflexBonus * Bonus to Reflex while in Frenzy
# 	Frenzied          * Whether or not character is in Frenzy for temp bonuses
# 	RageBonus         - Bonus tracker for the Rage benefit numbers

###Block: Alternate Class Abilities, Page 58.
# Ability Name	Category of Ability		Type					Visible		Description																																							Source Page
Regular Bard	CATEGORY:Special Ability	TYPE:Internal.BardVariant	VISIBLE:DISPLAY	DESC:Regular Bard - Bardic Knowledge, Inspire Abilities																															SOURCEPAGE:p.58
Druidlike Bard	CATEGORY:Special Ability	TYPE:Internal.BardVariant	VISIBLE:DISPLAY	DESC:Druidlike Bard - GAIN Animal companion (as druid), nature sense (as druid), resist nature's lure (as druid), wild empathy (as druid), LOSE Bardic knowledge, inspire courage, inspire competence, inspire greatness, inspire heroics.	SOURCEPAGE:p.58

# Paladin Variants
# Original Entry by: Jasper Spaans

###Block: Paladin of Freedom Abilities --------------------------------------------------------------------------------------------------
# Ability Name	Category of Ability		Type							Visible	Description																						Source Page
Aura of Resolve	CATEGORY:Special Ability	TYPE:SpecialQuality.Supernatural.Aura	VISIBLE:YES	DESC:Immune to Compulsion effects. Each ally within 10 feet of you gains a +4 morale bonus on saving throws against compulsion effects.	SOURCEPAGE:p.53

###Block: Paladin of Slaughter Abilities --------------------------------------------------------------------------------------------------
# Ability Name	Category of Ability		Type							Visible	Define								Description													Modify VAR							Source Page
Debilitating Aura	CATEGORY:Special Ability	TYPE:SpecialQuality.Supernatural.Aura	VISIBLE:YES										DESC:Each enemy within 10 foot takes a -1 penalty to Armor Class.												SOURCEPAGE:p.54
Deadly Touch	CATEGORY:Special Ability	TYPE:SpecialQuality.Supernatural		VISIBLE:YES	DEFINE:DeadlyTouch|0	DEFINE:DeadlyTouchLVL|0		DESC:%1 hp/day, Will DC %2 for half dmg|DeadlyTouch|DeadlyTouchLVL/2+max(CHA,0)	BONUS:VAR|DeadlyTouch|DeadlyTouchLVL*max(CHA,0)	SOURCEPAGE:p.54
Cause Disease	CATEGORY:Special Ability	TYPE:SpecialQuality.SpellLike			VISIBLE:YES	DEFINE:CauseDisease|0	DEFINE:CauseDiseaseLVL|0	DESC:%1/week|CauseDisease										BONUS:VAR|CauseDisease|CauseDiseaseLVL/3-1	SOURCEPAGE:p.54


###Block: Paladin of Slaughter Internals
# Ability Name				Category of Ability		Type			Visible	Define													Modify VAR																											Source Page
Paladin of Slaughter Smite Good	CATEGORY:Special Ability	TYPE:Internal	VISIBLE:NO	DEFINE:PaladinSmiteGoodLVL|0										BONUS:VAR|SmiteGood|PaladinSmiteGoodLVL/5+1	BONUS:VAR|SmiteGoodDamage|PaladinSmiteGoodLVL													SOURCEPAGE:p.54
Paladin of Slaughter Rebuke Undead	CATEGORY:Special Ability	TYPE:Internal	VISIBLE:NO	DEFINE:AllowImprovedTurning|1	DEFINE:AllowExtraTurning|1	DEFINE:PaladinTurnLVL|0	BONUS:VAR|TurnTimesBase|3+CHA|TYPE=Base	BONUS:VAR|TurnCheckBase|CHA|TYPE=Base	BONUS:VAR|TurnLevelBase,TurnDamagePlusBase|PaladinTurnLVL-3|TYPE=Level.REPLACE	SOURCEPAGE:p.54

###Block: Paladin of Tyranny Internals
# Ability Name				Category of Ability		Type			Visible	Define													Modify VAR																											Source Page
Paladin of Tyranny Smite Good		CATEGORY:Special Ability	TYPE:Internal	VISIBLE:NO	DEFINE:PaladinSmiteGoodLVL|0										BONUS:VAR|SmiteGood|PaladinSmiteGoodLVL/5+1	BONUS:VAR|SmiteGoodDamage|PaladinSmiteGoodLVL													SOURCEPAGE:p.55
Paladin of Tyranny Rebuke Undead	CATEGORY:Special Ability	TYPE:Internal	VISIBLE:NO	DEFINE:AllowImprovedTurning|1	DEFINE:AllowExtraTurning|1	DEFINE:PaladinTurnLVL|0	BONUS:VAR|TurnTimesBase|3+CHA|TYPE=Base	BONUS:VAR|TurnCheckBase|CHA|TYPE=Base	BONUS:VAR|TurnLevelBase,TurnDamagePlusBase|PaladinTurnLVL-3|TYPE=Level.REPLACE	SOURCEPAGE:p.55



###Block: Urban Ranger Support
Favored Enemy (Organization)	ASPECT:NAME|Favored Enemy (Organization/%1)|%LIST	PRECLASS:1,Ranger (Urban Ranger)	CATEGORY:Special Ability	TYPE:ClassAbility.FavoredEnemy.Extraordinary.SpecialAttack	VISIBLE:YES	DEFINE:FavoredOrganization|FavoredBase								DESC:+%1|FavoredOrganization			SOURCEPAGE:p.56	ASPECT:Ability Benefit|+%1|FavoredOrganization	CHOOSE:USERINPUT|TITLE=Organization Name	MULT:YES

###Block: Favored Enemy Bonuses
# Ability Name				Category of Ability		Type				Visible		Required Ability											Stackable?	Multiple?	Choose		Modify VAR						Source Page
Favored Bonus__Organization	PRECLASS:1,Ranger (Urban Ranger)	CATEGORY:Special Ability	TYPE:FavoredEnemyBonus	VISIBLE:DISPLAY	PREABILITY:1,CATEGORY=Special Ability,Favored Enemy (Organization)			STACK:YES	MULT:YES	CHOOSE:NOCHOICE	BONUS:VAR|FavoredOrganization|2			SOURCEPAGE:p.56


# Original Entry by: Jasper-Spaans

###Block: Prestige Bard Abilities, Page ??
#These abilities add the bard spells to the appropriate class.
#Note that we actually might want to add this in a more appropriate fashion, with a chooser, but that is not possible with the current tags.
#Note that these are only the core classes, and when using sources with additional (arcane casting) classes, the appropriate abilities would need to be added.
#Note that these are only the spells from the RSRD.
# Ability Name				Category of Ability		Type					Visible		Required Class		List of Class Spells by Level
Add Bard Spellcasting to Wizard	CATEGORY:Special Ability	TYPE:AddBardSpellCasting	VISIBLE:DISPLAY	PRECLASS:1,Wizard=1	SPELLLEVEL:CLASS|Wizard=0|Lullaby,Summon Instrument|Wizard=1|Confusion (Lesser)|Wizard=3|Glibness,Good Hope,Sculpt Sound|Wizard=4|Modify Memory,Zone of Silence|Wizard=5|Song of Discord|Wizard=6|Sympathetic Vibration
Add Bard Spellcasting to Sorcerer	CATEGORY:Special Ability	TYPE:AddBardSpellCasting	VISIBLE:DISPLAY	PRECLASS:1,Sorcerer=1	SPELLLEVEL:CLASS|Sorcerer=0|Lullaby,Summon Instrument|Sorcerer=1|Confusion (Lesser)|Sorcerer=3|Glibness,Good Hope,Sculpt Sound|Sorcerer=4|Modify Memory,Zone of Silence|Sorcerer=5|Song of Discord|Sorcerer=6|Sympathetic Vibration

# Original Entry by: Jasper-Spaans

###Block: Prestige Ranger Abilities, Page 72.
#These abilities add the paladin spells to the appropriate class.
#Note that we actually might want to add this in a more appropriate fashion, with a chooser, but that is not possible with the current tags.
#Note that these are only the core classes, and when using sources with additional (divine casting) classes, the appropriate abilities would need to be added.
#Note that these are only the spells from the RSRD.
# Ability Name				Category of Ability		Type					Visible		Required Class		List of Class Spells by Level
Add Paladin Spellcasting to Druid	CATEGORY:Special Ability	TYPE:AddPaladinSpellCasting	VISIBLE:DISPLAY	PRECLASS:1,Druid=1	SPELLLEVEL:CLASS|Druid=1|Bless Weapon|Druid=3|Heal Mount|Druid=4|Holy Sword
Add Paladin Spellcasting to Cleric	CATEGORY:Special Ability	TYPE:AddPaladinSpellCasting	VISIBLE:DISPLAY	PRECLASS:1,Cleric=1	SPELLLEVEL:CLASS|Cleric=1|Bless Weapon|Cleric=3|Heal Mount|Cleric=4|Holy Sword
Add Paladin Spellcasting to Ranger	CATEGORY:Special Ability	TYPE:AddPaladinSpellCasting	VISIBLE:DISPLAY	PRECLASS:1,Ranger=1	SPELLLEVEL:CLASS|Ranger=1|Bless Weapon|Ranger=3|Heal Mount|Ranger=4|Holy Sword

# Original Entry by: Jasper-Spaans

###Block: Prestige Ranger Abilities, Page 72.
# Ability Name				Category of Ability		Type					Visible		Restricted Ability									Required Class		Required Feat					Var. Min. Value					Virtual Feat				Source Page
Manyshot					CATEGORY:Special Ability	TYPE:PrestigeRangerBonusFeat	VISIBLE:DISPLAY	!PREABILITY:1,CATEGORY=Special Ability,Improved Two-Weapon Fighting					PREFEAT:1,Rapid Shot				PREVARGTEQ:PrestigeRangerBonusFeatLVL,2	VFEAT:Manyshot				SOURCEPAGE:p.72
Improved Two-Weapon Fighting		CATEGORY:Special Ability	TYPE:PrestigeRangerBonusFeat	VISIBLE:DISPLAY	!PREABILITY:1,CATEGORY=Special Ability,Manyshot									PREFEAT:1,Two-Weapon Fighting			PREVARGTEQ:PrestigeRangerBonusFeatLVL,2	VFEAT:Improved Two-Weapon Fighting	SOURCEPAGE:p.72
Improved Precise Shot			CATEGORY:Special Ability	TYPE:PrestigeRangerBonusFeat	VISIBLE:DISPLAY	!PREABILITY:1,CATEGORY=Special Ability,Greater Two-Weapon Fighting					PREFEAT:1,Manyshot				PREVARGTEQ:PrestigeRangerBonusFeatLVL,7	VFEAT:Improved Precise Shot		SOURCEPAGE:p.72
Greater Two-Weapon Fighting		CATEGORY:Special Ability	TYPE:PrestigeRangerBonusFeat	VISIBLE:DISPLAY	!PREABILITY:1,CATEGORY=Special Ability,Improved Precise Shot						PREFEAT:1,Improved Two-Weapon Fighting	PREVARGTEQ:PrestigeRangerBonusFeatLVL,7	VFEAT:Greater Two-Weapon Fighting	SOURCEPAGE:p.72

#These abilities add the ranger spells to the appropriate class.
#Note that we actually might want to add this in a more appropriate fashion, with a chooser, but that is not possible with the current tags.
#Note that these are only the core classes, and when using sources with additional (divine casting) classes, the appropriate abilities would need to be added.
#Note that there are NO (unique) ranger spells in the RSRD, which means these abilities do not actually DO anything at this point....
Add Ranger Spellcasting to Druid	CATEGORY:Special Ability	TYPE:AddRangerSpellCasting	VISIBLE:DISPLAY													PRECLASS:1,Druid=1
#SPELLLEVEL:CLASS|Druid=1|
Add Ranger Spellcasting to Cleric	CATEGORY:Special Ability	TYPE:AddRangerSpellCasting	VISIBLE:DISPLAY													PRECLASS:1,Cleric=1
#SPELLLEVEL:CLASS|Cleric=1|
Add Ranger Spellcasting to Paladin	CATEGORY:Special Ability	TYPE:AddRangerSpellCasting	VISIBLE:DISPLAY													PRECLASS:1,Ranger=1
#SPELLLEVEL:CLASS|Paladin=1|


# Switching to new standards
# Cloistered Cleric
Lore	KEY:Cloistered Cleric ~ Lore	CATEGORY:Special Ability	TYPE:SpecialQuality.Extraordinary

# Druidic Avenger
Fast Movement	KEY:Druidic Avenger ~ Fast Movement		CATEGORY:Special Ability	TYPE:SpecialQuality.Extraordinary	BONUS:MOVEADD|TYPE=Walk|10|TYPE=FastMove|PREVARLT:ENCUMBERANCE,2,var("COUNT[EQTYPE.ARMOR.IS.HEAVY]"),1
Rage			KEY:Druidic Avenger ~ Rage			CATEGORY:Special Ability	TYPE:SpecialQuality.Extraordinary		DEFINE:RageTimes|0	DEFINE:RageLvl|0	DEFINE:RageDuration|0	DEFINE:RageConBonus|0	DEFINE:RageStrBonus|0	DEFINE:RageACPenalty|0	DEFINE:RageMorale|0	DEFINE:Enraged|0	DEFINE:RageBonus|4	DESC:%1 times/day (%2 rounds)|RageTimes|RageDuration	DESC:Bonuses when enraged (STR +%1, CON +%2, Will +%3, AC -%4, HP %5)|RageStrBonus|RageConBonus|RageMorale|RageACPenalty|(RageConBonus/2)*TL	BONUS:VAR|RageDuration|CON+3+(RageConBonus/2)	BONUS:VAR|RageConBonus|RageBonus	BONUS:VAR|RageStrBonus|RageBonus	BONUS:VAR|RageACPenalty|2	BONUS:VAR|RageMorale|RageBonus/2	TEMPBONUS:PC|CHECKS|Will|RageMorale	TEMPBONUS:PC|COMBAT|AC|-1*(RageACPenalty)	TEMPBONUS:PC|STAT|CON|RageConBonus	TEMPBONUS:PC|STAT|STR|RageStrBonus	TEMPBONUS:PC|VAR|RageDuration|-(RageConBonus/2)	TEMPBONUS:PC|VAR|Enraged|1	DEFINE:RageTimesLVL|0	BONUS:VAR|RageTimes|(RageTimesLVL-1)/5+1				
Tireless Rage	KEY:Druidic Avenger ~ Tireless Rage		CATEGORY:Special Ability	TYPE:SpecialQuality.Extraordinary	

# Thug
Weapon and Armor Proficiency	KEY:Thug ~ Weapon and Armor Proficiency	CATEGORY:Special Ability	TYPE:SpecialQuality	AUTO:WEAPONPROF|TYPE=Simple|TYPE=Martial	AUTO:ARMORPROF|ARMORTYPE=Light
Bonus Feats				KEY:Bonus Feats	Thug ~ Bonus Feats	CATEGORY:Special Ability	TYPE:SpecialQuality	BONUS:ABILITYPOOL|Thug Feat|ThugBonusFeatCount	DEFINE:ThugBonusFeatCount|0	BONUS:VAR|ThugBonusFeatCount|ThugLVL/2

# Monk Fighting Styles
Default			KEY:Monk Fighting Style ~ Default			CATEGORY:Special Ability	TYPE:MonkFightingStyle				SOURCEPAGE:p.52	DESC:You are a default monk.
Cobra Strike		KEY:Monk Fighting Style ~ Cobra Strike		CATEGORY:Special Ability	TYPE:MonkFightingStyle.MonkFightingStyleAlt	SOURCEPAGE:p.52	BONUS:SKILL|Escape Artist|2|TYPE=FightingStyle	AUTO:FEAT|Dodge	AUTO:FEAT|Mobility|PREVARGTEQ,MonkLVL,2	AUTO:FEAT|Spring Attack|PREVARGTEQ,MonkLVL,6	BONUS:VAR|FeatDodgeBonus|1|TYPE=MonkFightingStyle|PRESKILL:2,Balance=4,Escape Artist=9
Denying Stance		KEY:Monk Fighting Style ~ Denying Stance		CATEGORY:Special Ability	TYPE:MonkFightingStyle.MonkFightingStyleAlt	SOURCEPAGE:p.52	BONUS:SKILL|Tumble|2|TYPE=FightingStyle	AUTO:FEAT|Improved Grapple	AUTO:FEAT|Combat Reflexes|PREVARGTEQ,MonkLVL,2	AUTO:FEAT|Improved Disarm|PREVARGTEQ,MonkLVL,6	
Hand and Foot		KEY:Monk Fighting Style ~ Hand and Foot		CATEGORY:Special Ability	TYPE:MonkFightingStyle.MonkFightingStyleAlt	SOURCEPAGE:p.52	BONUS:SKILL|Balance|2|TYPE=FightingStyle	AUTO:FEAT|Stunning Fist	AUTO:FEAT|Deflect Arrows|PREVARGTEQ,MonkLVL,2	AUTO:FEAT|Improved Trip|PREVARGTEQ,MonkLVL,6	
Invisible Eye		KEY:Monk Fighting Style ~ Invisible Eye		CATEGORY:Special Ability	TYPE:MonkFightingStyle.MonkFightingStyleAlt	SOURCEPAGE:p.52	BONUS:SKILL|Listen|2|TYPE=FightingStyle	AUTO:FEAT|Combat Reflexes	AUTO:FEAT|Lightning Reflexes|PREVARGTEQ,MonkLVL,2	AUTO:FEAT|Blind-Fight|PREVARGTEQ,MonkLVL,6	
Overwhelming Attack	KEY:Monk Fighting Style ~ Overwhelming Attack	CATEGORY:Special Ability	TYPE:MonkFightingStyle.MonkFightingStyleAlt	SOURCEPAGE:p.52	BONUS:SKILL|Intimidate|2|TYPE=FightingStyle	AUTO:FEAT|Power Attack	AUTO:FEAT|Improved Bull Rush|PREVARGTEQ,MonkLVL,2	AUTO:FEAT|Improved Overrun|PREVARGTEQ,MonkLVL,6	
Passive Way			KEY:Monk Fighting Style ~ Passive Way		CATEGORY:Special Ability	TYPE:MonkFightingStyle.MonkFightingStyleAlt	SOURCEPAGE:p.52	BONUS:SKILL|Bluff|2|TYPE=FightingStyle	AUTO:FEAT|Combat Expertise	AUTO:FEAT|Improved Trip|PREVARGTEQ,MonkLVL,2	AUTO:FEAT|Improved Feint|PREVARGTEQ,MonkLVL,6	
Sleeping Tiger		KEY:Monk Fighting Style ~ Sleeping Tiger		CATEGORY:Special Ability	TYPE:MonkFightingStyle.MonkFightingStyleAlt	SOURCEPAGE:p.52	BONUS:SKILL|Hide|2|TYPE=FightingStyle	AUTO:FEAT|Weapon Finesse	AUTO:FEAT|Improved Initiative|PREVARGTEQ,MonkLVL,2	AUTO:FEAT|Improved Sunder|PREVARGTEQ,MonkLVL,6	
Undying Way			KEY:Monk Fighting Style ~ Undying Way		CATEGORY:Special Ability	TYPE:MonkFightingStyle.MonkFightingStyleAlt	SOURCEPAGE:p.52	BONUS:SKILL|Concentration|2|TYPE=FightingStyle	AUTO:FEAT|Toughness	AUTO:FEAT|Endurance|PREVARGTEQ,MonkLVL,2	AUTO:FEAT|Diehard|PREVARGTEQ,MonkLVL,6	

# Wilderness Rogue
Woodland Stride		KEY:Wilderness Rogue ~ Woodland Stride	CATEGORY:Special Ability	TYPE:SpecialQuality
# New Rogue Abilities
Camouflage			KEY:Rogue Ability ~ Camouflage		CATEGORY:Special Ability	TYPE:RogueAbilities	PRECLASS:1,Rogue (Wilderness Rogue)=10
Hide in Plain Sight	KEY:Rogue Ability ~ Hide in Plain Sight	CATEGORY:Special Ability	TYPE:RogueAbilities	PRECLASS:1,Rogue (Wilderness Rogue)=10


