# CVS $Revision: 10347 $ $Author: tir-gwaith $ -- Wed Sep 30 22:19:25 2009 -- reformated by prettylst.pl v1.39 (build 10232)
SOURCELONG:Bastion Press - Into the Black	SOURCESHORT:itblk	SOURCEDATE:2003-01
#Original Entry: Andrew (LegacyKing) Maitland

###Block: Cave Hermit Kit ---------------------------------------------------------------------------------------------------------------------------------------------------------------------------------------------------------------------------------------------------------------------------------------------------------------
STARTPACK:Cave Hermit Default	TYPE:DefaultMonster.Humanoid	VISIBLE:QUALIFY	EQUIPBUY:0	PREMULT:1,[!PRERACE:1,%],[PRERACE:1,Cave Hermit]
RACE:Cave Hermit	!PRERACE:1,%
ALIGN:CN
STAT:STR=10|DEX=10|CON=10|INT=10|WIS=10|CHA=10
##Abilities: Str 18, Dex 8, Con 16, Int 8, Wis 10, Cha 10
##Skills:11pts Appraise +8, Bluff +3, Diplomacy +3, Hide +5*, Search +2
SKILL:Bluff		RANK:3	FREE:YES
SKILL:Diplomacy	RANK:3
#SKILL:Hide		RANK:6	FREE:YES
SKILL:Search	RANK:3	FREE:YES
FEAT:Endurance
FEAT:Negotiator
FEAT:Skill Focus(Appraise)


###Block: Cavern Giant ---------------------------------------------------------------------------------------------------------------------------------------------------------------------------------------------------------------------------------------------------------------------------------------------------------------
STARTPACK:Cavern Giant Default	TYPE:DefaultMonster.Humanoid	VISIBLE:QUALIFY	EQUIPBUY:0	PREMULT:1,[!PRERACE:1,%],[PRERACE:1,Cavern Giant]
RACE:Cavern Giant	!PRERACE:1,%
ALIGN:TN
STAT:STR=10|DEX=10|CON=10|INT=10|WIS=10|CHA=10
##Abilities: Str 22, Dex 16, Con 18, Int 12, Wis 14, Cha 10
##Skills: 8 HD (3x4 = 12 + 3*7 =21 = 12 = 32
#FREE:YES	Climb +8#FREE:YES	Hide +5#FREE:YES	Intimidate +3#FREE:YES	Listen +5#FREE:YES	Spot+6
SKILL:Climb		RANK:2
SKILL:Hide		RANK:6
SKILL:Intimidate	RANK:3
SKILL:Listen	RANK:3
SKILL:Spot		RANK:4
FEAT:Improved Grapple
FEAT:Improved Unarmed Strike
FEAT:Weapon Focus(Unarmed Strike)
GEAR:Stalactite	SIZE:PC	LOCATION:Primary Hand


###Block: Deviant Mimic ~ Arcarivore ---------------------------------------------------------------------------------------------------------------------------------------------------------------------------------------------------------------------------------------------------------------------------------------------------------------
STARTPACK:Deviant Mimic ~ Arcarivore Default	TYPE:DefaultMonster.Shapeshifter	VISIBLE:QUALIFY	EQUIPBUY:0	PREMULT:1,[!PRERACE:1,%],[PRERACE:1,Deviant Mimic (Arcarivore)]
RACE:Deviant Mimic (Arcarivore)	!PRERACE:1,%
STAT:STR=11|DEX=10|CON=11|INT=10|WIS=11|CHA=10
#ABILITIES: Str 11, Dex 18, Con 17, Int 10, Wis 13, Cha 10
#FREE:YES	, Disguise +10#FREE:YES	Hide +9#FREE:YES	, Jump +9#FREE:YES	, Listen +1#FREE:YES	, Move  Silently +8, #FREE:YES	Tumble +9#FREE:YES	Climb +2
SKILL:Climb			RANK:2
SKILL:Disguise		RANK:2
SKILL:Hide			RANK:5
SKILL:Jump			RANK:9
SKILL:Listen		RANK:STAT
SKILL:Move Silently	RANK:4
SKILL:Tumble		RANK:5
FEAT:Acrobatic
FEAT:Weapon Finesse


###Block:Deviant Mimic ~ Parasitic ---------------------------------------------------------------------------------------------------------------------------------------------------------------------------------------------------------------------------------------------------------------------------------------------------------------
STARTPACK:Deviant Mimic ~ Parasitic Default	TYPE:DefaultMonster.Shapeshifter	VISIBLE:QUALIFY	EQUIPBUY:0	PREMULT:1,[!PRERACE:1,%],[PRERACE:1,Deviant Mimic (Parasitic)]
RACE:Deviant Mimic (Parasitic)	!PRERACE:1,%
STAT:STR=11|DEX=10|CON=11|INT=10|WIS=11|CHA=10
#ABILITIES: Str 11, Dex 18, Con 17, Int 10, Wis 13, Cha 10
#FREE:YES	Climb +2#FREE:YES	, Disguise +10#FREE:YES	Hide +9#FREE:YES	, Jump +9#FREE:YES	, Listen +1#FREE:YES	, Move  Silently +8	#FREE:YES	, Tumble +9
SKILL:Disguise		RANK:2
SKILL:Hide			RANK:5
SKILL:Jump			RANK:9
#SKILL:Listen		RANK:STAT
SKILL:Move Silently	RANK:4
SKILL:Tumble		RANK:5
FEAT:Acrobatic
FEAT:Weapon Finesse


###Block:Deviant Mimic ~ Assuming ---------------------------------------------------------------------------------------------------------------------------------------------------------------------------------------------------------------------------------------------------------------------------------------------------------------
STARTPACK:Deviant Mimic ~ Assuming Default	TYPE:DefaultMonster.Shapeshifter	VISIBLE:QUALIFY	EQUIPBUY:0	PREMULT:1,[!PRERACE:1,%],[PRERACE:1,Deviant Mimic (Assuming)]
RACE:Deviant Mimic (Assuming)	!PRERACE:1,%
STAT:STR=11|DEX=11|CON=11|INT=10|WIS=11|CHA=10
#Str 13, Dex 15, Con 17, Int 10, Wis 13, Cha 10
#FREE:YES	Climb +5#FREE:YES	, Disguise +10#FREE:YES	Hide +7#FREE:YES	, Move Silently +5#FREE:YES	, Swim +4
SKILL:Climb			RANK:3
SKILL:Disguise		RANK:2
SKILL:Hide			RANK:5
SKILL:Move Silently	RANK:3
SKILL:Swim			RANK:3
FEAT:Athletic
FEAT:Weapon Finesse


###Block:Mal'Orm (Cricket Men of the Deep) ---------------------------------------------------------------------------------------------------------------------------------------------------------------------------------------------------------------------------------------------------------------------------------------------------------------
STARTPACK:Mal'Orm Default	TYPE:DefaultMonster	VISIBLE:QUALIFY	EQUIPBUY:0	PREMULT:1,[!PRERACE:1,%],[PRERACE:1,Mal'Orm (Cricket Men of the Deep)]
RACE:Mal'Orm (Cricket Men of the Deep)	!PRERACE:1,%
ALIGN:TN
STAT:STR=10|DEX=10|CON=10|INT=10|WIS=10|CHA=10
##Abilities: Str 14, Dex 14, Con 12, Int 14, Wis 16, Cha 14
##Skills: #FREE:YES	Bluff +5#FREE:YES	, Diplomacy +5#FREE:YES	, Hide +8#FREE:YES	, Knowledge (nature) +7
#FREE:YES	, Knowledge (Planes) +5#FREE:YES	, Listen +5#FREE:YES	, Move Silently +10
SKILL:Bluff				RANK:3
SKILL:Diplomacy			RANK:3
SKILL:Hide				RANK:6
SKILL:Knowledge (Nature)	RANK:5
SKILL:Knowledge (Planes)	RANK:3
SKILL:Listen			RANK:2
SKILL:Move Silently		RANK:8
SKILL:Survival			RANK:7
FEAT:Combat Casting
FEAT:Track


###Block:Pallemon ---------------------------------------------------------------------------------------------------------------------------------------------------------------------------------------------------------------------------------------------------------------------------------------------------------------
STARTPACK:Pallemon Default	TYPE:DefaultMonster	VISIBLE:QUALIFY	EQUIPBUY:0	PREMULT:1,[!PRERACE:1,%],[PRERACE:1,Pallemon]
RACE:Pallemon	!PRERACE:1,%
ALIGN:NE
STAT:STR=10|DEX=10|CON=11|INT=10|WIS=11|CHA=11
##Abilities: Str 10, Dex 18, Con 15, Int 24, Wis 21, Cha 19
##Skills:#FREE:YES	Concentration +10 #FREE:YES	, Craft (Alchemy) +12#FREE:YES	, Heal +8#FREE:YES	, Knowledge (arcana) +17#FREE:YES	, Knowledge (any) +16#FREE:YES	, Listen +10#FREE:YES	, Move Silently +8#FREE:YES	, Sense Motive +8#FREE:YES	, Spellcraft+15#FREE:YES	, Survival +8#FREE:YES	, Use Magic Device +6
SKILL:Concentration		RANK:8
SKILL:Craft (Alchemy)		RANK:5
SKILL:Heal				RANK:5
SKILL:Knowledge (Arcana)	RANK:10
SKILL:TYPE.Knowledge		RANK:9	COUNT:1
SKILL:Listen			RANK:5
SKILL:Move Silently		RANK:4
SKILL:Sense Motive		RANK:3
SKILL:Spellcraft			RANK:8
SKILL:Survival			RANK:3
SKILL:Use Magic Device		RANK:6
FEAT:Dodge
FEAT:Improved Initiative
FEAT:Mobility
FEAT:Spring Attack


###Block:Snailfolk ---------------------------------------------------------------------------------------------------------------------------------------------------------------------------------------------------------------------------------------------------------------------------------------------------------------
STARTPACK:Snailfolk Default	TYPE:DefaultMonster	VISIBLE:QUALIFY	EQUIPBUY:0	PREMULT:1,[!PRERACE:1,%],[PRERACE:1,Snailfolk]
RACE:Snailfolk	!PRERACE:1,%
ALIGN:TN
STAT:STR=10|DEX=10|CON=10|INT=10|WIS=10|CHA=10
##Abilities: Str 13, Dex 6, Con 21, Int 11, Wis 13, Cha 10
##Skills: #FREE:YES	Bluff +2*#FREE:YES	, Climb +3#FREE:YES	, Escape Artist +6*#FREE:YES	, Hide +1#FREE:YES	, Listen +2#FREE:YES	, Move Silently +1*#FREE:YES	, Open Lock +6*#FREE:YES	, Sleight of Hand +6*
SKILL:Bluff			RANK:2
SKILL:Climb			RANK:2
SKILL:Escape Artist	RANK:8
SKILL:Hide			RANK:3
SKILL:Listen		RANK:1
SKILL:Move Silently	RANK:3
SKILL:Open Lock		RANK:8
SKILL:Sleight of Hand	RANK:8
FEAT:Great Fortitude
GEAR:Mace (Light)	SIZE:PC	LOCATION:Primary Hand


###Block:Xastrial ---------------------------------------------------------------------------------------------------------------------------------------------------------------------------------------------------------------------------------------------------------------------------------------------------------------
STARTPACK:Xastrial Default	TYPE:DefaultMonster	VISIBLE:QUALIFY	EQUIPBUY:0	PREMULT:1,[!PRERACE:1,%],[PRERACE:1,Xastrial]
RACE:Xastrial	!PRERACE:1,%
ALIGN:LE
STAT:STR=10|DEX=10|CON=10|INT=11|WIS=11|CHA=10
##Abilities: Str 26, Dex 6, Con 22, Int 15, Wis 15, Cha 6
##Skills: #FREE:YES	Appraise +18#FREE:YES	, Concentration +18#FREE:YES	, Craft (Alchemy)+18#FREE:YES	, Heal +18#FREE:YES	, Hide +28*#FREE:YES	, Knowledge (any three) +18#FREE:YES	, Sense Motive +18#FREE:YES	, Spellcraft +20
SKILL:Appraise		RANK:16
SKILL:Concentration	RANK:12
SKILL:Craft (Alchemy)	RANK:18
SKILL:Heal			RANK:16
SKILL:Hide			RANK:18
SKILL:TYPE.Knowledge	RANK:16	COUNT:3
SKILL:Sense Motive	RANK:16
SKILL:Spellcraft		RANK:18
FEAT:Cleave
FEAT:Great Cleave
FEAT:Improved Initiative
FEAT:Power Attack
FEAT:Toughness


###Block:Crypt Guardian  ---------------------------------------------------------------------------------------------------------------------------------------------------------------------------------------------------------------------------------------------------------------------------------------------------------------
STARTPACK:Crypt Guardian Default	TYPE:DefaultMonster	VISIBLE:QUALIFY	EQUIPBUY:0	PREMULT:1,[!PRERACE:1,%],[PRERACE:1,Crypt Guardian]
RACE:Crypt Guardian	!PRERACE:1,%
ALIGN:TN
STAT:STR=10|DEX=10|CON=10|INT=10|WIS=10|CHA=11
##Abilities: Str 22, Dex 10, Con —, Int —, Wis 12, Cha 1


###Block:Hellscorn ---------------------------------------------------------------------------------------------------------------------------------------------------------------------------------------------------------------------------------------------------------------------------------------------------------------
STARTPACK:Hellscorn Default	TYPE:DefaultMonster	VISIBLE:QUALIFY	EQUIPBUY:0	PREMULT:1,[!PRERACE:1,%],[PRERACE:1,Hellscorn]
RACE:Hellscorn	!PRERACE:1,%
ALIGN:CE
STAT:STR=10|DEX=11|CON=10|INT=11|WIS=11|CHA=10
##Abilities: Str —, Dex 15, Con —, Int 15, Wis 15, Cha 18
##Skills:#FREE:YES	Bluff +12#FREE:YES	, Concentration +3#FREE:YES	, Disguise +10#FREE:YES	, Escape Artist +8#FREE:YES	, Hide +10#FREE:YES	, Spot +10#FREE:YES	, Spellcraft +4#FREE:YES	, Sense Motive +7#FREE:YES	, Listen +8, Search +9#FREE:YES	, Knowledge (any) +8
SKILL:Bluff			RANK:8
SKILL:Concentration	RANK:3
SKILL:Disguise		RANK:8
SKILL:Escape Artist	RANK:6
SKILL:Hide			RANK:8
SKILL:TYPE.Knowledge	RANK:6	COUNT:1
SKILL:Listen		RANK:6
SKILL:Search		RANK:7
SKILL:Sense Motive	RANK:5
SKILL:Spellcraft		RANK:2
SKILL:Spot			RANK:8
FEAT:Blind Fight
FEAT:Dodge
FEAT:Improved Initiative
FEAT:Iron Will


###Block:Leytru ---------------------------------------------------------------------------------------------------------------------------------------------------------------------------------------------------------------------------------------------------------------------------------------------------------------
STARTPACK:Leytru Default	TYPE:DefaultMonster	VISIBLE:QUALIFY	EQUIPBUY:0	PREMULT:1,[!PRERACE:1,%],[PRERACE:1,Leytru]
RACE:Leytru	!PRERACE:1,%
ALIGN:NE
STAT:STR=10|DEX=11|CON=11|INT=10|WIS=11|CHA=10
##Abilities: Str 16, Dex 25, Con 15, Int 14, Wis 17, Cha 10
##Skills:#FREE:YES	Balance +15#FREE:YES	, Climb +17#FREE:YES	, Escape Artist +13#FREE:YES	, Hide +13*#FREE:YES	, Jump +11#FREE:YES	, Listen +9#FREE:YES	, Move Silently +13#FREE:YES	, Spot +9#FREE:YES	, Tumble +15
SKILL:Balance		RANK:8
SKILL:Climb			RANK:13
SKILL:Escape Artist	RANK:6
SKILL:Hide			RANK:6
SKILL:Jump			RANK:8
SKILL:Listen		RANK:6
SKILL:Move Silently	RANK:6
SKILL:Spot			RANK:6
SKILL:Tumble		RANK:8
FEAT:Improved Initiative
FEAT:Lightning Reflexes
FEAT:Multiattack
FEAT:Weapon Finesse


###Block:Silent Reaper ---------------------------------------------------------------------------------------------------------------------------------------------------------------------------------------------------------------------------------------------------------------------------------------------------------------
STARTPACK:Silent Reaper Default	TYPE:DefaultMonster	VISIBLE:QUALIFY	EQUIPBUY:0	PREMULT:1,[!PRERACE:1,%],[PRERACE:1,Silent Reaper]
RACE:Silent Reaper	!PRERACE:1,%
ALIGN:TN
STAT:STR=10|DEX=11|CON=11|INT=11|WIS=10|CHA=10
##Abilities: Str 18, Dex 19, Con 15, Int 13, Wis 12, Cha 12
##Skills: #FREE:YES	Hide +13#FREE:YES	, Move Silently +10#FREE:YES	, Search +7#FREE:YES	, Spot +5#FREE:YES	, Survival +7 (+9 follow tracks)
#SKILL:Hide			RANK:7
#SKILL:Move Silently	RANK:6
#SKILL:Search		RANK:6
#SKILL:Spot			RANK:4
#SKILL:Survival		RANK:6
FEAT:Combat Reflexes
FEAT:Improved Initiative
FEAT:Stealthy


###Block:Waking Dead ---------------------------------------------------------------------------------------------------------------------------------------------------------------------------------------------------------------------------------------------------------------------------------------------------------------
STARTPACK:Waking Dead Default	TYPE:DefaultMonster	VISIBLE:QUALIFY	EQUIPBUY:0	PREMULT:1,[!PRERACE:1,%],[PRERACE:1,Waking Dead]
RACE:Waking Dead	!PRERACE:1,%
ALIGN:CE
STAT:STR=10|DEX=10|CON=10|INT=10|WIS=11|CHA=11
#Abilities: Str 18, Dex 14, Con —, Int 8, Wis 15, Cha 11
#Skills: #FREE:YES	Hide +4#FREE:YES	, Intimidate +2#FREE:YES	, Listen +7#FREE:YES	, Move Silently+3#FREE:YES	, Spot +8
#SKILL:Hide	RANK:STAT
SKILL:Intimidate		RANK:2
SKILL:Listen		RANK:5
SKILL:Move Silently	RANK:1
SKILL:Spot			RANK:6
FEAT:Alertness
FEAT:Toughness


###Block:Barangulaak  ---------------------------------------------------------------------------------------------------------------------------------------------------------------------------------------------------------------------------------------------------------------------------------------------------------------
STARTPACK:Barangulaak Default	TYPE:DefaultMonster	VISIBLE:QUALIFY	EQUIPBUY:0	PREMULT:1,[!PRERACE:1,%],[PRERACE:1,Barangulaak]
RACE:Barangulaak	!PRERACE:1,%
ALIGN:TN
STAT:STR=11|DEX=10|CON=10|INT=10|WIS=11|CHA=11
#Abilities: Str 35, Dex 10, Con —, Int —, Wis 11, Cha 1
GEAR:Pick (Heavy)	SIZE:PC	LOCATION:Primary Hand


###Block:Flosid ---------------------------------------------------------------------------------------------------------------------------------------------------------------------------------------------------------------------------------------------------------------------------------------------------------------
STARTPACK:Flosid Default	TYPE:DefaultMonster	VISIBLE:QUALIFY	EQUIPBUY:0	PREMULT:1,[!PRERACE:1,%],[PRERACE:1,Flosid]
RACE:Flosid	!PRERACE:1,%
ALIGN:TN
STAT:STR=10|DEX=11|CON=11|INT=10|WIS=11|CHA=11
#Abilities: Str 12, Dex 1, Con 21, Int —, Wis 1, Cha 1


###Block:Gremmin ---------------------------------------------------------------------------------------------------------------------------------------------------------------------------------------------------------------------------------------------------------------------------------------------------------------
STARTPACK:Gremmin Default	TYPE:DefaultMonster	VISIBLE:QUALIFY	EQUIPBUY:0	PREMULT:1,[!PRERACE:1,%],[PRERACE:1,Gremmin]
RACE:Gremmin
ALIGN:NE
STAT:STR=10|DEX=10|CON=10|INT=11|WIS=11|CHA=11
##Abilities: Str 14, Dex 12, Con —, Int 13, Wis 15, Cha 15
##Skills: #FREE:YES	Appraise +7#FREE:YES	, Climb +5#FREE:YES	, Craft (Alchemy) +3#FREE:YES	, Craft (gemcutting) +5#FREE:YES	, Hide +3#FREE:YES	, Knowledge (geology) +7#FREE:YES	, Profession (miner) +10#FREE:YES	, Search +6#FREE:YES	, Spot +7#FREE:YES	, Survival+9 (+11 following tracks)
SKILL:Appraise			RANK:6
SKILL:Climb				RANK:3
SKILL:Craft (Alchemy)		RANK:2
SKILL:Craft (Gemcutting)	RANK:4
SKILL:Hide				RANK:2
SKILL:Knowledge (Geology)	RANK:6
SKILL:Profession (Miner)	RANK:8
SKILL:Search			RANK:5
SKILL:Spot				RANK:5
SKILL:Survival			RANK:7
FEAT:Toughness
FEAT:Weapon Focus(Pick (Heavy))
GEAR:Pick (Heavy)	SIZE:PC	LOCATION:Primary Hand


###Block:Nokker ---------------------------------------------------------------------------------------------------------------------------------------------------------------------------------------------------------------------------------------------------------------------------------------------------------------
STARTPACK:Nokker Default	TYPE:DefaultMonster	VISIBLE:QUALIFY	EQUIPBUY:0	PREMULT:1,[!PRERACE:1,%],[PRERACE:1,Nokker]
RACE:Nokker	!PRERACE:1,%
ALIGN:CN
STAT:STR=10|DEX=10|CON=10|INT=10|WIS=10|CHA=11
##Abilities: Str 10, Dex 16, Con 12, Int 14, Wis 12, Cha 15
##Skills: #FREE:YES	Appraise +9#FREE:YES	, Balance +5#FREE:YES	, Craft (Alchemy) +4#FREE:YES	, Climb +2#FREE:YES	, Craft (gemcutting) +6#FREE:YES	, Escape Artist +8#FREE:YES	, Hide +10#FREE:YES	, Jump +2#FREE:YES	, Knowledge (geology) +6#FREE:YES	, Move Silently +8#FREE:YES	, Profession (miner) +7
SKILL:Appraise			RANK:7
SKILL:Balance			RANK:2
SKILL:Craft (Alchemy)		RANK:3
SKILL:Climb				RANK:2
SKILL:Craft (Gemcutting)	RANK:3
SKILL:Escape Artist		RANK:8
SKILL:Hide				RANK:8
SKILL:Jump				RANK:2
SKILL:Knowledge (Geology)	RANK:4
SKILL:Move Silently		RANK:6
SKILL:Profession (Miner)	RANK:6
FEAT:Dodge
FEAT:Mobility


###Block:Orvender ---------------------------------------------------------------------------------------------------------------------------------------------------------------------------------------------------------------------------------------------------------------------------------------------------------------
STARTPACK:Orvender Default	TYPE:DefaultMonster	VISIBLE:QUALIFY	EQUIPBUY:0	PREMULT:1,[!PRERACE:1,%],[PRERACE:1,Orvender]
RACE:Orvender	!PRERACE:1,%
ALIGN:TN
STAT:STR=11|DEX=10|CON=10|INT=10|WIS=10|CHA=11
##Abilities: Str 21, Dex 10, Con 18, Int 8, Wis 14, Cha 11
##Skills: #FREE:YES	Appraise +2#FREE:YES	, Hide +8#FREE:YES	, Listen +6#FREE:YES	, Spot +6
SKILL:Appraise	RANK:3
SKILL:Hide		RANK:8
SKILL:Listen	RANK:4
SKILL:Spot		RANK:4
FEAT:Combat Reflexes
FEAT:Power Attack
FEAT:Cleave
FEAT:Great Cleave
FEAT:Improved Overrun


###Block:Barathelar ---------------------------------------------------------------------------------------------------------------------------------------------------------------------------------------------------------------------------------------------------------------------------------------------------------------
STARTPACK:Barathelar Default	TYPE:DefaultMonster	VISIBLE:QUALIFY	EQUIPBUY:0	PREMULT:1,[!PRERACE:1,%],[PRERACE:1,Barathelar]
RACE:Barathelar	!PRERACE:1,%
ALIGN:LE
STAT:STR=10|DEX=10|CON=10|INT=10|WIS=10|CHA=11
##Abilities: Str 12, Dex 20, Con 14, Int 14, Wis 14, Cha 17
##Skills: #FREE:YES	Balance +8*
#FREE:YES	, Climb +7*#FREE:YES	, Disguise +9#FREE:YES	, Escape Artist+9#FREE:YES	, Hide +12*#FREE:YES	, Jump +8*#FREE:YES	, Listen +10*#FREE:YES	, Move Silently+21*#FREE:YES	, Spot +7
SKILL:Balance		RANK:3
SKILL:Climb			RANK:6
SKILL:Disguise		RANK:4
SKILL:Escape Artist	RANK:4
SKILL:Hide			RANK:7
SKILL:Jump			RANK:7
SKILL:Listen		RANK:8
SKILL:Move Silently	RANK:16
SKILL:Spot			RANK:5
FEAT:Improved Initiative
FEAT:Dodge
FEAT:Weapon Finesse


###Block:Ravvimen ---------------------------------------------------------------------------------------------------------------------------------------------------------------------------------------------------------------------------------------------------------------------------------------------------------------
STARTPACK:Ravvimen Default	TYPE:DefaultMonster	VISIBLE:QUALIFY	EQUIPBUY:0	PREMULT:1,[!PRERACE:1,%],[PRERACE:1,Ravvimen]
RACE:Ravvimen	!PRERACE:1,%
ALIGN:CE
STAT:STR=11|DEX=10|CON=10|INT=10|WIS=10|CHA=10
##Abilities: Str 15, Dex 14, Con 14, Int 10, Wis 12, Cha 10
##Skills:#FREE:YES	Escape Artist +4#FREE:YES	, Knowledge (any) +1#FREE:YES	, Listen +3#FREE:YES	, Move Silently +3#FREE:YES	, Search +2#FREE:YES	, Spot +3#FREE:YES	, Survival +3
SKILL:Escape Artist	RANK:2
SKILL:TYPE.Knowledge	RANK:1	COUNT:1
SKILL:Listen		RANK:2
SKILL:Move Silently	RANK:1
SKILL:Search		RANK:2
SKILL:Spot			RANK:2
SKILL:Survival		RANK:2
FEAT:Two Weapon Fighting
GEAR:Gaff		SIZE:PC	LOCATION:Primary Hand
GEAR:Gaff		SIZE:PC	LOCATION:Secondary Hand
GEAR:Leather	SIZE:PC	LOCATION:Equipped


###Block:Sarrenel ---------------------------------------------------------------------------------------------------------------------------------------------------------------------------------------------------------------------------------------------------------------------------------------------------------------
STARTPACK:Sarrenel Default	TYPE:DefaultMonster	VISIBLE:QUALIFY	EQUIPBUY:0	PREMULT:1,[!PRERACE:1,%],[PRERACE:1,Sarrenel]
RACE:Sarrenel	!PRERACE:1,%
ALIGN:NE
STAT:STR=10|DEX=10|CON=10|INT=11|WIS=10|CHA=10
##Abilities: Str 12, Dex 16, Con 16, Int 5, Wis 8, Cha 6
##Skills:#FREE:YES	Escape Artist +5*#FREE:YES	, Hide +5*#FREE:YES	, Listen +1#FREE:YES	, Move Silently +7*#FREE:YES	, Spot +1#FREE:YES	, Swim +7
SKILL:Escape Artist	RANK:2
SKILL:Hide			RANK:2
SKILL:Listen		RANK:2
SKILL:Move Silently	RANK:4
SKILL:Spot			RANK:2
SKILL:Swim			RANK:6
FEAT:Blind Fight
FEAT:Weapon Finesse


###Block:Walking Disease ---------------------------------------------------------------------------------------------------------------------------------------------------------------------------------------------------------------------------------------------------------------------------------------------------------------
STARTPACK:Walking Disease Default	TYPE:DefaultMonster	VISIBLE:QUALIFY	EQUIPBUY:0	PREMULT:1,[!PRERACE:1,%],[PRERACE:1,Walking Disease]
RACE:Walking Disease	!PRERACE:1,%
ALIGN:NE
STAT:STR=10|DEX=10|CON=10|INT=10|WIS=10|CHA=11
##Abilities: Str 18, Dex 12, Con —, Int 10, Wis 14, Cha 15
##Skills:#FREE:YES	Hide +5#FREE:YES	, Intimidate +11  CHA#FREE:YES	, Knowledge (any) +5 INT#FREE:YES	, Move Silently +6 DEX#FREE:YES	, Search +13 INT#FREE:YES	, Spot +16 WIS#FREE:YES	, Survival +12 (+14 follow tracks) WIS
SKILL:Hide			RANK:4
SKILL:Intimidate		RANK:9
SKILL:TYPE.Knowledge	RANK:5	COUNT:1
SKILL:Move Silently	RANK:5
SKILL:Search		RANK:13
SKILL:Spot			RANK:14
SKILL:Survival		RANK:10
FEAT:Blind Fight
FEAT:Combat Reflexes
FEAT:Lightning Reflexes
FEAT:Power Attack
FEAT:Toughness


###Block:Wurggis ---------------------------------------------------------------------------------------------------------------------------------------------------------------------------------------------------------------------------------------------------------------------------------------------------------------
STARTPACK:Wurggis Default	TYPE:DefaultMonster	VISIBLE:QUALIFY	EQUIPBUY:0	PREMULT:1,[!PRERACE:1,%],[PRERACE:1,Wurggis]
RACE:Wurggis	!PRERACE:1,%
STAT:STR=10|DEX=10|CON=10|INT=11|WIS=11|CHA=10
##Abilities: Str 12, Dex 12, Con 12, Int 5, Wis 5, Cha 6
ALIGN:TN

#EOF ---------------------------------------------------------------------------------------------------------------------------------------------------------------------------------------------------------------------------------------------------------------------------------------------------------------
