SOURCELONG:Tome of Horrors II	SOURCESHORT:ToH2	SOURCEDATE:2007-03
# Original Entry by: Andrew Maitland
# Entry Date: 2013-01


Aberrant 6
ABERRANT
Large Giant
Hit Dice: 8d8+24 (60 hp)
Initiative: -1
Speed: 20 ft. (4 squares)
Armor Class: 18 (-1 size, -1 Dex, +7 natural, +3
hide), touch 8, flat-footed 18
Base Attack/Grapple: +6/+16
Attack: Greatclub +12 (2d8+9)
Full Attack: Greatclub +12/+7 melee (2d8+9)
Special Attacks: -
Special Qualities: Low-light vision, oversized weapon
Space/Reach: 10 ft./10 ft.
Saves: Fort +9, Ref +1, Will +4
Abilities: Str 23, Dex 8, Con 17, Int 10, Wis 14,
Cha 10
Skills: Climb +13, Listen +8, Move Silently
+4, Spot +7
Feats: Cleave, Power Attack, Weapon Focus
(greatclub)
Environment: Temperate mountains
Organization: Solitary, gang (2-5), band (6-9 plus
35% noncombatants), hunting/raiding/
trading party (6-9), or tribe
(21-30 plus 35% noncombatants plus
1 adept, cleric, or sorcerer of 3rd or
4th level)
Challenge Rating: 5
Treasure: Standard
Alignment: Usually neutral evil
Advancement: By character class
Level Adjustment: +4

#Abyssal Wolf 7
ABYSSAL WOLF
Large Magical Beast (Chaotic, Evil, Extraplanar)
Hit Dice: 7d10+35 (73 hp)
Initiative: +3
Speed: 50 ft. (10 squares)
Armor Class: 20 (-1 size, +3 Dex, +8 natural), touch
12, flat-footed 17
Base Attack/Grapple: +7/+16
Attack: Bite +11 melee (1d8+7)
Full Attack: Bite +11 melee (1d8+7)
Space/Reach: 10 ft./5 ft.
Special Attacks: Paralyzing gaze, trip
Special Qualities: Damage reduction 10/cold iron,
darkvision 60 ft., favored prey, keen
scent, know alignment, low-light vision,
SR 18
Saves: Fort +10, Ref +8, Will +6
Abilities: Str 20, Dex 17, Con 20, Int 8, Wis 14,
Cha 17
Skills: Hide +0, Jump +15, Listen +3 (+5
against non-evil half-fiends or
tieflings), Move Silently +5, Sense
Motive +3 (+5 against non-evil halffiends
or tieflings), Spot +4 (+6
against non-evil half-fiends or
tieflings), Survival +3 (+7 tracking
by scent, +9 tracking non-evil halffiends
or tieflings)
Feats: Iron Will, Power Attack, Track
Environment: Abyss
Organization: Solitary, pair, or pack (4-11)
Challenge Rating: 7
Treasure: None
Alignment: Always chaotic evil
Advancement: 8-21 HD (Large)
Level Adjustment: -

#Ahlinni (Cackle Bird) 9
Ahlinni (Cackle Bird)
Medium Magical Beast
Hit Dice: 4d10+8 (30 hp)
Initiative: +1
Speed: 40 ft. (6 squares), climb 20 ft.
Armor Class: 17 (+1 Dex, +6 natural), touch 11, flatfooted
16
Base Attack/Grapple: +4/+6
Attack: Bite +7 melee (1d8+2)
Full Attack: Bite +7 melee (1d8+2) and 2 claws +1
melee (1d4+1)
Space/Reach: 5 ft./5 ft.
Special Attacks: Breath weapon 14, impale 2d8+4
Special Qualities: Birdsong, darkvision 60 ft., fast healing 2,
resistance to sonic 10, low-light vision
Saves: Fort +6, Ref +5, Will +1
Abilities: Str 15, Dex 13, Con 14, Int 6, Wis 10, Cha 10
Skills: Climb +10, Hide +3*, Jump +4, Listen +2,
Move Silently +4, Spot +2
Feats: Alertness, Weapon Focus (bite)
Environment: Temperate or cold forests and marshes
Organization: Solitary, pair, or flock (4-7)
Challenge Rating: 4
Treasure: No coins; standard goods (gems only); no
items
Alignment: Usually chaotic neutral
Advancement: 5-8 HD (Medium); 9-12 HD (Large)
Level Adjustment: -

#Angel, Empyreal 10
ANGEL, EMPYREAL
Large Outsider (Extraplanar, Good)
Hit Dice: 13d8+65 (123 hp)
Initiative: +8
Speed: 40 ft. (8 squares), fly 70 ft. (good)
Armor Class: 27 (-1 size, +4 Dex, +14 natural), touch 13,
flat-footed 23
Base Attack/Grapple: +13/+24
Attack: +3 brilliant energy longsword +23 melee
(2d6+10)
Full Attack: +3 brilliant energy longsword +23/+18/+13
melee (2d6+10)
Space/Reach: 10 ft./10 ft.
Special Attacks: Radiant blast, spell-like abilities, spells
Special Qualities: Angel traits, aura of goodness, damage reduction
10/evil, darkvision 60 ft., outsider
traits, protective aura, SR 26, tongues
Saves: Fort +13, Ref +12, Will +11
Abilities: Str 24, Dex 18, Con 20, Int 17, Wis 17, Cha
18
Skills: Balance +12, Concentration +21, Diplomacy
+20, Escape Artist +15, Intimidate +17, Jump
+19, Knowledge (any one) +15, Knowledge
(religion) +19, Knowledge (the planes) +19,
Listen +19, Move Silently +20, Sense Motive
+15, Spot +19
Feats: Blind-Fight, Cleave, Improved Initiative,
Power Attack, Weapon Focus (longsword)
Environment: Any good-aligned plane
Organization: Solitary or group (2-5)
Challenge Rating: 13
Treasure: Standard
Alignment: Always good (any)
Advancement: 14-39 HD (Large)

#Arcanoplasm 11
ARCANOPLASM
Large Aberration
Hit Dice: 7d8+42 (73 hp)
Initiative: +4
Speed: 30 ft. (6 squares), climb 10 ft.
Armor Class: 16 (-1 size, +7 natural), touch 9, flatfooted
16
Base Attack/Grapple: +5/+11
Attack: Slam +7 melee (2d4+3 plus 1d6 acid)
Full Attack: Slam +7 melee (2d4+3 plus 1d6 acid)
Space/Reach: 10 ft./5 ft.
Special Attacks: Constrict 2d4+3 plus 1d6 acid, improved
grab, arcane spell mimicry
Special Qualities: Absorb arcane magic, amorphous,
arcanesense 100 ft., blindsight 60 ft., immunities
Saves: Fort +8, Ref +2, Will +7
Abilities: Str 15, Dex 11, Con 22, Int 10, Wis 14, Cha
14
Skills: Climb +18, Hide +2, Move Silently +6
Feats: Combat Casting, Improved Initiative,
Weapon Focus (slam)
Environment: Underground
Organization: Solitary
Challenge Rating: 7
Treasure: None
Alignment: Always neutral
Advancement: 8-15 HD (Large);
16-21 HD (Huge)

#Asrai 12
ASRAI
Tiny Fey (Aquatic)
Hit Dice: 1d6+1 (4 hp)
Initiative: +4
Speed: 20 ft. (4 squares), swim 50 ft.
Armor Class: 18 (+2 size, +4 Dex, +2 natural), touch 16,
flat-footed 14
Base Attack/Grapple: +0/-15
Attack: Touch +6 melee touch (1d4 cold)
Full Attack: Touch +6 melee touch (1d4 cold)
Space/Reach: 2-1/2 ft./0 ft.
Special Attacks: Cold, spells, spell-like abilities
Special Qualities: Damage reduction 5/cold iron, SR 17, water
dependent
Saves: Fort +1, Ref +6, Will +3
Abilities: Str 5, Dex 18, Con 13, Int 10, Wis 13, Cha 14
Skills: Concentration +5, Hide +16, Knowledge
(arcana) +2, Knowledge (nature) +2, Listen
+3, Sense Motive +5, Spellcraft +4,
Spot +3, Swim +12
Feats: Weapon Finesse
Environment: Cold and temperate aquatic
Organization: Solitary or colony (2-12)
Challenge Rating: 5
Treasure: None
Alignment: Always chaotic neutral
Advancement: 2-3 HD (Tiny)
Level Adjustment: +3

#Barbegazi (Ice Gnome) 13
Barbegazi (Ice Gnome)
Small Humanoid (Cold, Gnome)
Hit Dice: 2d8+2 (11 hp)
Initiative: +1
Speed: 20 ft. (4 squares), burrow 20 ft.
Armor Class: 14 (+1 size, +1 Dex, +2 natural), touch 12,
flat-footed 13
Base Attack/Grapple: +1/-3
Attack: Short sword +3 melee (1d4, 19-20/x2) or
dagger +3 melee (1d4, 19-20/x2)
Full Attack: Short sword +3 melee (1d4, 19-20/x2) or
dagger +3 melee (1d4, 19-20/x2)
Space/Reach: 5 ft./5 ft.
Special Attacks: Spell-like abilities
Special Qualities: Cold subtype, low-light vision, snow move
Saves: Fort +4, Ref +1, Will +0
Abilities: Str 10, Dex 13, Con 13, Int 11, Wis 11, Cha 8
Skills: Craft (trapmaking) +4, Hide +9*, Listen +2,
Spot +2, Survival +4
Feats: Weapon Finesse
Environment: Cold hills and mountains
Organization: Solitary, hunting party (2-5 and 1 winter
wolf), band (20-50 plus 50% noncombatants
plus 1 3rd-level sergeant per 20 adults
and 1 leader of 4th-6th level and 2-4 winter
wolves), or clan (50-100 plus 1 3rd-level
sergeant per 20 adults, 1-2 lieutenants of
4th-5th level, 1 leader of 6th-8th level, and
5-7 winter wolves)
Challenge Rating: 1
Treasure: Standard
Alignment: Often neutral (evil tendencies)
Advancement: By character class
Level Adjustment: +2

#Bedlam 14
BEDLAM
Large Aberration (Chaotic)
Hit Dice: 13d8+26 (84 hp)
Initiative: +12
Speed: Fly 50 ft. (perfect) (10 squares)
Armor Class: 25 (-1 size, +8 Dex, +8 natural), touch 17,
flat-footed 17
Base Attack/Grapple: +9/+16
Attack: Slam +11 melee (2d4+3)
Full Attack: 2 slams +11 melee (2d4+3)
Space/Reach: 10 ft./10 ft.
Special Attacks: Chaos burst, chaotic resonance
Special Qualities: Damage reduction 10/lawful, darkvision 60
ft., detect law, immunity to chaos, immunity
to transformation, resistance to law spells
Saves: Fort +8, Ref +12, Will +10
Abilities: Str 17, Dex 26, Con 15, Int 15, Wis 15, Cha 12
Skills: Hide +15*, Listen +14, Move Silently +21,
Search +10, Spot +14
Feats: Alertness, Blind-Fight, Dodge, Great Fortitude,
Improved Initiative
Environment: Underground
Organization: Solitary
Challenge Rating: 9
Treasure: Standard
Alignment: Always chaotic neutral
Advancement: 14-39 HD (Large)

#Beetle, Giant Blister 16
#Beetle, Giant Saw-tooth 16
#Beetle, Giant Water 16
#MAnual ENTRY Required

#Bloodsuckle 18
BLOODSUCKLE
Large Plant
Hit Dice: 8d8+32 (68 hp)
Initiative: +0
Speed: 0 ft. (immobile)
Armor Class: 17 (-1 size, +8 natural), touch 9, flat-footed 17
Base Attack/Grapple: +6/+13
Attack: Tendril +9 melee (1d4+3 plus create host) or
limb rake +8 melee (1d6+3)
Full Attack: 2 tendrils +9 melee (1d4+3 plus create host) or
4 limb rakes +8 melee (1d6+3)
Space/Reach: 10 ft./10 ft. (30 ft. with tendril)
Special Attacks: Blood drain, create host, improved grab, seed,
summon host
Special Qualities: Blindsight 30 ft. host sense, plant traits
Saves: Fort +10, Ref +4, Will +4
Abilities: Str 16, Dex 10, Con 18, Int 6, Wis 11, Cha 11
Skills: Listen +6, Spot +5
Feats: Iron Will, Lightning Reflexes, Weapon Focus
(tendril)
Environment: Temperate forests
Organization: Solitary or cadre (bloodsuckle plus 4-7 hosts)
Challenge Rating: 6
Treasure: 50% standard
Alignment: Always neutral
Advancement: 9-16 HD (Large); 17-24 HD (Huge)

#Bog Creeper 19
#Brass Man 20
#Burning Dervish 21
#Cadaver 22
#Caterprism 23
#Cave Leech 24
#Cerebral Stalker 25
#Church Grim 26
#Cinder Ghoul 27
#Clamor 28
#Colossus, Jade 30
#Corpse Rook 31
#Corpsespinner 32
#Crag Man 33
#Crucifixion Spirit 35
#Demon, Caizel 36
#Demon, Chaaor 37
#Demon, Greruor 39
#Demon, Mallor 40
#Demon, Ooze (greater) 42
#Demon, Ooze (lesser) 42
#Demon, Shrroth 44
#Demon, Vepar (Duke) 45
#Devil, Blood Reaver 47
#Devil, Caasimolar 48
#Devil, Demoriel 49
#Devil, Flayer 51
#Devil, Hellstoker 52
#Devil, Xaphan (Duke) 53
#Draconid 55
#Dragon, Dungeon 56
#Dragon, Smoke 57
#Dragonship 58
#Elusa Hound 60
#Encephalon Gorger 61
#Fear Guard 63
#Fire Crab (lesser) 64
#Fire Crab (greater) 64
#Fire Phantom 65
#FireWhale (Burning Leviathan) 66
#Flea, Giant 68
#Fulgurate Mushroom 69
#Fungoid 69
#Fyr 70
#Gallows Tree 71
#Gallows Tree Zombie 73
#Gelid Beetle (lesser) 74
#Gelid Beetle (greater) 74
#Geon 75
#Giant, Cave 76
#Giant, Ferrous 77
#Giant, Volcano 79
#Gloom Crawler 81
#Golem, Furnace 82
#Golem, Iron Maiden 83
#Golem, Magnesium 85
#Golem, Ooze 86
#Golem, Rope 87
#Grave Risen 88
#Grimstalker (Banaan) 89
#Gutslug 90
#Hanged Man 91
#Helix Moth (larva) 92
#Helix Moth (adult) 92
#Hoar Spirit 94
#Hornet, Giant 95
#Huggermugger 96
#Inphidian, Cobra-Back 98
#Inphidian, Common 99
#Inphidian, Dancer 100
#Kathlin 101
#Lizard, Cavern 102
#Magmoid 103
#Mawler 104
#Mimi 105
#Murder-born 106
#Niln (Vapor Horror) 107
#Nuckalavee 108
#Oakman 109
#Ogren 110
#Oil Shark 112
#Phantasm 113
#Phlogiston 114
#Piercer 33
#Proscriber 115
#Pudding, Blood 117
#Pudding, Stone 118
#Quasi-Elemental, Acid 119
#Quasi-Elemental, Obsidian 122
#Rakklethorn Toad 124
#Rat, Barrow 125
#Red Jester 126
#Redcap 127
#Renzer (Devilfin) 128
#Retch Hound 129
#Riptide Horror 130
#Ronus 131
#Ryven 132
#Sabrewing 134
#Sand Kraken 136
#Sand Stalker 137
#Screaming Skull (Cacophony Golem) 138
#Scythe Horn 139
#Sea Slug, Giant 140
#Sea Wasp, Monstrous 141
#Sepia Snake 144
#Silid 145
#Skeleton, Black 146
#Slaughterford 147
#Sleeping Willow 148
#Slime Mold 149
#Slorath 150
#Sloth Viper 151
#Stygian Leviathan 152
#Swarm, Grig 153
#Swarm, Piranha 154
#Swarm, Poisonous Frog 155
#Swarm, Velvet Ant 156
#Swarm, Warden Jack 157
#Tangtal 158
#Tazelwurm 159
#Temporal Crawler 160
#Tentacled Horror 161
#Thundershrike 162
#Time Flayer 163
#Troblin 164
#Turtle, Giant Bog 166
#Vapor Dire Rat 167
#Vapor Wasp 167
#Weird, Blood 169
#Weird, Lava 170
#Weird, Lightning 172
#Winterbloom 173
#Witch Grass 174
#Witch Tree 174
#Yellowjacket, Giant 176
#Appendix One: Animals
#Archerfish, Giant 178
#Cave Lion 179
#Chameleon, Giant 180
#Chameleon, Giant (Horned) 181
#Chameleon, Giant (Rock) 181
#Falcon, Giant 181
#Hyaenodon 182
#Jaguar 183
#Leopard, Snow 184
#Lynx 185
#Lynx (Caracal) 185
#Mammoth 186
#Mastodon 187
#Mountain Lion 188
#Pike, Giant 189
#Rhinoceros, Woolly 190
#Rhinoceros, Woolly (Elasmotherium) 190
#Seahorse, Giant 191
#Smilodon (Saber-toothed Cat) 192
#Smilodon (Homotherium) 192
#Stingray 193
#Appendix Two: Templates
#Amphisbaena 196
#Cheitan 198
#Corpsespun Creature 102
#Debased Fey 205
#Landwalker 206
#Phase Creature 208
#Ravenous (Eater of Flesh) 210
#Spellgorged Zombie 212
#Undead Lord 214