# CVS $Revision: $ $Author: $ -- Mon Nov 20 15:13:47 2017 -- reformated by PCGen PrettyLST v6.06.00
SOURCELONG:Ultimate Wilderness	SOURCESHORT:UW	SOURCEWEB:http://paizo.com/products/btpy9ujo	SOURCEDATE:2017-11

# ==============================
# Creature Type Traits
# ==============================

###Block: Reset Old Type Grantors
CATEGORY=Internal|Default.MOD		ABILITY:Special Ability|AUTOMATIC|.CLEAR.Fey Traits
CATEGORY=Internal|Default.MOD		ABILITY:Special Ability|AUTOMATIC|Fey Traits|PRERACE:1,RACETYPE=Fey|!PRERACE:1,TYPE=PC
CATEGORY=Internal|Default.MOD		ABILITY:Special Ability|AUTOMATIC|Fey Traits (PC)|PRERACE:1,RACETYPE=Fey|PRERACE:1,TYPE=PC
CATEGORY=Internal|Default.MOD		ABILITY:Special Ability|AUTOMATIC|.CLEAR.Plant Traits
CATEGORY=Internal|Default.MOD		ABILITY:Special Ability|AUTOMATIC|Plant Traits|PRERACE:1,RACETYPE=Plant|!PRERACE:1,TYPE=PC
CATEGORY=Internal|Default.MOD		ABILITY:Special Ability|AUTOMATIC|Plant Traits (PC)|PRERACE:1,RACETYPE=Plant|PRERACE:1,TYPE=PC
CATEGORY=Internal|Default.MOD		ABILITY:Special Ability|AUTOMATIC|.CLEAR.Race Subtype ~ Leshy
CATEGORY=Internal|Default.MOD		ABILITY:Special Ability|AUTOMATIC|Race Subtype ~ Leshy|PRERACE:1,RACESUBTYPE=Leshy|!PRERACE:1,TYPE=PC
CATEGORY=Internal|Default.MOD		ABILITY:Special Ability|AUTOMATIC|Race Subtype ~ Leshy (PC)|PRERACE:1,RACESUBTYPE=Leshy|PRERACE:1,TYPE=PC

###Block: New Type Abilities for PCs
Fey Traits					KEY:Fey Traits (PC)			CATEGORY:Special Ability	VISIBLE:NO							DEFINESTAT:MINVALUE|INT|3															ABILITY:Special Ability|AUTOMATIC|Fey Traits Output|PRERULE:1,DISPLAYTYPETRAITS			SOURCELONG:Bestiary	SOURCESHORT:B1	SOURCEWEB:http://paizo.com/store/downloads/pathfinder/pathfinderRPG/v5748btpy8auu		SOURCEDATE:2009-10	SOURCEPAGE:p.307
Plant Traits				KEY:Plant Traits (PC)			CATEGORY:Special Ability	VISIBLE:NO							DEFINESTAT:MINVALUE|INT|3															ABILITY:Special Ability|AUTOMATIC|Plant Traits Output (PC)|PRERULE:1,DISPLAYTYPETRAITS		SOURCELONG:Bestiary	SOURCESHORT:B1	SOURCEWEB:http://paizo.com/store/downloads/pathfinder/pathfinderRPG/v5748btpy8auu		SOURCEDATE:2009-10	SOURCEPAGE:p.309
Plant Traits				KEY:Plant Traits Output (PC)		CATEGORY:Special Ability			TYPE:SpecialQuality.Extraordinary						DESC:Plants breathe and eat, but do not sleep.																							SOURCELONG:Bestiary	SOURCESHORT:B1	SOURCEWEB:http://paizo.com/store/downloads/pathfinder/pathfinderRPG/v5748btpy8auu		SOURCEDATE:2009-10	SOURCEPAGE:p.309
Leshy Traits				KEY:Race Subtype ~ Leshy (PC)		CATEGORY:Special Ability	VISIBLE:NO																										ABILITY:Special Ability|AUTOMATIC|Traits Output ~ Leshy (PC)|PRERULE:1,DISPLAYTYPETRAITS		SOURCELONG:Bestiary 5	SOURCESHORT:B5	SOURCEWEB:http://paizo.com/products/btpy9g9x								SOURCEDATE:2015-12	SOURCEPAGE:p.307
Leshy Traits				KEY:Traits Output ~ Leshy (PC)	CATEGORY:Special Ability			TYPE:SpecialQuality.Extraordinary						DESC:A leshy is a nature spirit that inhabits the body of a specially grown plant.																	SOURCELONG:Bestiary 5	SOURCESHORT:B5	SOURCEWEB:http://paizo.com/products/btpy9g9x								SOURCEDATE:2015-12	SOURCEPAGE:p.307

# ==============================
# Gathlain
# ==============================

###Block: Racial Abilities
Race Traits ~ Gathlain		CATEGORY:Internal
CATEGORY=Internal|Race Traits ~ Gathlain.MOD	DEFINE:Gathlain_ReplaceAbilityScores|0		ABILITY:Gathlain Racial Trait|AUTOMATIC|Gathlain ~ Ability Scores|PREVAREQ:Gathlain_ReplaceAbilityScores,0
CATEGORY=Internal|Race Traits ~ Gathlain.MOD	DEFINE:Gathlain_ReplaceSize|0				ABILITY:Gathlain Racial Trait|AUTOMATIC|Gathlain ~ Size|PREVAREQ:Gathlain_ReplaceSize,0
CATEGORY=Internal|Race Traits ~ Gathlain.MOD	DEFINE:Gathlain_ReplaceSpeed|0			ABILITY:Gathlain Racial Trait|AUTOMATIC|Gathlain ~ Speed|PREVAREQ:Gathlain_ReplaceSpeed,0
CATEGORY=Internal|Race Traits ~ Gathlain.MOD	DEFINE:Gathlain_ReplaceVision|0			ABILITY:Gathlain Racial Trait|AUTOMATIC|Gathlain ~ Vision|PREVAREQ:Gathlain_ReplaceVision,0
CATEGORY=Internal|Race Traits ~ Gathlain.MOD	DEFINE:Gathlain_ReplaceNaturalArmor|0		ABILITY:Gathlain Racial Trait|AUTOMATIC|Gathlain ~ Natural Armor|PREVAREQ:Gathlain_ReplaceNaturalArmor,0
CATEGORY=Internal|Race Traits ~ Gathlain.MOD	DEFINE:Gathlain_ReplaceSpellLikeAbilities|0	ABILITY:Gathlain Racial Trait|AUTOMATIC|Gathlain ~ Spell-Like Abilities|PREVAREQ:Gathlain_ReplaceSpellLikeAbilities,0
CATEGORY=Internal|Race Traits ~ Gathlain.MOD	DEFINE:Gathlain_ReplaceLanguages|0			ABILITY:Gathlain Racial Trait|AUTOMATIC|Gathlain ~ Languages|PREVAREQ:Gathlain_ReplaceLanguages,0

###Block: Racial Defaults
+2 Dexterity, +2 Charisma, -2 Constitution	KEY:Gathlain ~ Ability Scores		CATEGORY:Special Ability	TYPE:RacialTraits.SpecialQuality.Gathlain Racial Trait.Gathlain Racial Default.Racial Ability Scores		DESC:Gathlains are quick, with dynamic and engaging personalities, but are rather fragile.																																SOURCEPAGE:p.10	BONUS:STAT|DEX|2|TYPE=Racial	BONUS:STAT|CHA|2|TYPE=Racial	BONUS:STAT|CON|-2|TYPE=Racial
Small								KEY:Gathlain ~ Size			CATEGORY:Special Ability	TYPE:RacialTraits.SpecialQuality.Gathlain Racial Trait.Gathlain Racial Default.Racial Size			DESC:Gathlains are Small and gain a +1 size bonus to their AC, a +1 size bonus on attack rolls, a -1 penalty on combat maneuver checks and to CMD, a +2 bonus on Fly checks, and a +4 size bonus on Stealth checks.												SOURCEPAGE:p.10	
Normal Speed						KEY:Gathlain ~ Speed			CATEGORY:Special Ability	TYPE:RacialTraits.SpecialQuality.Gathlain Racial Trait.Gathlain Racial Default.Racial Speed			DESC:Gathlains have a base speed of 30 feet and a fly speed of 40 feet (poor maneuverability).																																SOURCEPAGE:p.10	BONUS:VAR|Maneuverability|2|TYPE=Base
Low-Light Vision						KEY:Gathlain ~ Vision			CATEGORY:Special Ability	TYPE:RacialTraits.SpecialQuality.Gathlain Racial Trait.Gathlain Racial Default.Extraordinary.Racial Vision	DESC:Gathlains can see twice as far as humans in dim light.																																						SOURCEPAGE:p.10	BONUS:VAR|HasLowlightVision|1|TYPE=Base
Natural Armor						KEY:Gathlain ~ Natural Armor		CATEGORY:Special Ability	TYPE:RacialTraits.SpecialQuality.Gathlain Racial Trait.Gathlain Racial Default					DESC:Gathlains have a +1 natural armor bonus.																																								SOURCEPAGE:p.10	BONUS:VAR|AC_Natural_Armor|1|TYPE=Base
Spell-Like Abilities					KEY:Gathlain ~ Spell-Like Abilities	CATEGORY:Special Ability	TYPE:RacialTraits.SpecialQuality.Gathlain Racial Trait.Gathlain Racial Default					DESC:1/day--entangle, feather step (caster level equals the gathlain's character level).|!PREABILITY:1,CATEGORY=Special Ability,Gathlain ~ Titled	DESC:1/day--entangle (caster level equals the gathlain's character level).|PREABILITY:1,CATEGORY=Special Ability,Gathlain ~ Titled	SOURCEPAGE:p.10	SPELLS:Innate|TIMES=1|CASTERLEVEL=TL|Entangle	SPELLS:Innate|TIMES=1|CASTERLEVEL=TL|Feather Step|!PREABILITY:1,CATEGORY=Special Ability,Gathlain ~ Titled
Languages							KEY:Gathlain ~ Languages		CATEGORY:Special Ability	TYPE:RacialTraits.SpecialQuality.Gathlain Racial Trait.Gathlain Racial Default.Racial Language			DESC:Gathlains speak Common and Sylvan. A gathlain with a high Intelligence score can choose from the following languages: Draconic, Elven, Goblin, Halfling, and Orc.																				SOURCEPAGE:p.10	AUTO:LANG|Common|Sylvan	TEMPLATE:Race Bonus Language ~ Draconic|Race Bonus Language ~ Elven|Race Bonus Language ~ Goblin|Race Bonus Language ~ Halfling|Race Bonus Language ~ Orc

###Block: Alternate Racial Traits
Flighty			KEY:Gathlain ~ Flighty			CATEGORY:Special Ability	TYPE:RacialTraits.SpecialQuality.Gathlain Racial Trait.Gathlain Alternate Racial Trait	PREMULT:1,[PREABILITY:1,CATEGORY=Special Ability,Gathlain ~ Flighty],[PREVAREQ:Gathlain_ReplaceNaturalArmor,0]					DESC:Some gathlains are too easily distracted to miss anything going on around them. They gain Perception as a class skill and gain a +2 racial bonus on saving throws against patterns and effects that cause the fascinated condition.&nl;This replaces natural armor.												SOURCEPAGE:p.10	BONUS:VAR|Gathlain_ReplaceNaturalArmor|1|TYPE=Boolean					COST:0	CSKILL:Perception	ASPECT:SaveBonus|+2 racial bonus on saving throws against patterns and effects that cause the fascinated condition
Honey Whisperer		KEY:Gathlain ~ Honey Whisperer	CATEGORY:Special Ability	TYPE:RacialTraits.SpecialQuality.Gathlain Racial Trait.Gathlain Alternate Racial Trait	PREMULT:1,[PREABILITY:1,CATEGORY=Special Ability,Gathlain ~ Honey Whisperer],[PREVAREQ:Gathlain_ReplaceNaturalArmor,0]				DESC:Some gathlains keep bees of all sizes, collecting their honey and sometimes even riding the largest of them. They can use Handle Animal and wild empathy to influence vermin as if they were animals with an Intelligence score of 1.&nl;This replaces natural armor.												SOURCEPAGE:p.10	BONUS:VAR|Gathlain_ReplaceNaturalArmor|1|TYPE=Boolean					COST:0	ASPECT:SkillBonus|you can use Handle Animal and wild empathy to influence vermin as if they were animals with an Intelligence score of 1
Intense Curiosity		KEY:Gathlain ~ Intense Curiosity	CATEGORY:Special Ability	TYPE:RacialTraits.SpecialQuality.Gathlain Racial Trait.Gathlain Alternate Racial Trait	PREMULT:1,[PREABILITY:1,CATEGORY=Special Ability,Gathlain ~ Intense Curiosity],[PREVAREQ:Gathlain_ReplaceSpellLikeAbilities,0]		DESC:Some gathlains habitually fixate on someone or something nearby and examine its every detail. When taking 20 on the check, they gain a +4 racial bonus on Perception and Survival checks to find and follow tracks and to predict the weather.&nl;This replaces spell-like abilities.									SOURCEPAGE:p.10	BONUS:VAR|Gathlain_ReplaceSpellLikeAbilities|1|TYPE=Boolean				COST:0	ASPECT:SkillBonus|+4 racial bonus on Perception and Survival checks to find and follow tracks and to predict the weather when taking 20
Otherworldly Gossip	KEY:Gathlain ~ Otherworldly Gossip	CATEGORY:Special Ability	TYPE:RacialTraits.SpecialQuality.Gathlain Racial Trait.Gathlain Alternate Racial Trait	PREMULT:1,[PREABILITY:1,CATEGORY=Special Ability,Gathlain ~ Otherworldly Gossip],[PREVAREQ:Gathlain_ReplaceSpellLikeAbilities,0]		DESC:Many gathlains excitedly share every last bit of gossip they can find. These gathlains gain a +2 racial bonus on Diplomacy checks to gather information and on checks with one Knowledge skill of the gathlain's choice. Once the choice of Knowledge skill is made, it can't be changed.&nl;This replaces spell-like abilities.		SOURCEPAGE:p.10	BONUS:VAR|Gathlain_ReplaceSpellLikeAbilities|1|TYPE=Boolean				COST:0	MULT:YES	STACK:NO	CHOOSE:SKILL|Knowledge%	BONUS:SITUATION|Diplomacy=Gather Information|2|TYPE=Racial	BONUS:SKILL|LIST|2|TYPE=Racial
Titled			KEY:Gathlain ~ Titled			CATEGORY:Special Ability	TYPE:RacialTraits.SpecialQuality.Gathlain Racial Trait.Gathlain Alternate Racial Trait	PREMULT:1,[PREABILITY:1,CATEGORY=Special Ability,Gathlain ~ Titled],[PREMULT:1,[PREVAREQ:Gathlain_ReplaceSpellLikeAbilities,0]]		DESC:Certain gathlains play at the games of courtly intrigue that dominate much of First World culture, assuming titles that other fey may or may not recognize. These gathlains treat Bluff, Diplomacy, and Knowledge (nobility) as class skills.&nl;This replaces the feather step spell-like ability.							SOURCEPAGE:p.10	BONUS:VAR|Gathlain_ReplaceSpellLikeAbilities|1|TYPE=Boolean				COST:0	CSKILL:Bluff|Diplomacy|Knowledge (Nobility)	ABILITY:Gathlain Racial Trait|AUTOMATIC|Gathlain ~ Spell-Like Abilities
Tree-Born			KEY:Gathlain ~ Tree-Born		CATEGORY:Special Ability	TYPE:RacialTraits.SpecialQuality.Gathlain Racial Trait.Gathlain Alternate Racial Trait	PREMULT:1,[PREABILITY:1,CATEGORY=Special Ability,Gathlain ~ Tree-Born],[PREVAREQ:Gathlain_ReplaceAbilityScores,0,Gathlain_ReplaceSpeed,0]	DESC:Some gathlains take after their tree ancestors, standing more firmly but moving more slowly. They have no Constitution penalty but have a base speed of 20 feet and a fly speed of 30 feet (clumsy maneuverability).&nl;This replaces the penalty to Constitution and alters speed.										SOURCEPAGE:p.10	BONUS:VAR|Gathlain_ReplaceAbilityScores,Gathlain_ReplaceSpeed|1|TYPE=Boolean	COST:0	ABILITY:Gathlain Racial Trait|AUTOMATIC|Gathlain ~ Tree-Born Ability Scores|Gathlain ~ Tree-Born Speed
Tree Dialect		KEY:Gathlain ~ Tree Dialect		CATEGORY:Special Ability	TYPE:RacialTraits.SpecialQuality.Gathlain Racial Trait.Gathlain Alternate Racial Trait	PREMULT:1,[PREABILITY:1,CATEGORY=Special Ability,Gathlain ~ Tree Dialect],[PREVAREQ:Gathlain_ReplaceSpellLikeAbilities,0]			DESC:A rare few gathlains are born with the knowledge of an ancient way of speech that allows them to communicate with trees. Once per day, they can cast speak with plants (trees only) as a spell-like ability with a caster level equal to the gathlain's character level.&nl;This replaces spell-like abilities.					SOURCEPAGE:p.10	BONUS:VAR|Gathlain_ReplaceSpellLikeAbilities|1|TYPE=Boolean				COST:0	SPELLS:Innate|TIMES=1|CASTERLEVEL=TL|Speak with Plants (trees only)

+2 Dexterity, +2 Charisma	KEY:Gathlain ~ Tree-Born Ability Scores		CATEGORY:Special Ability	TYPE:RacialTraits.SpecialQuality.Gathlain Racial Trait.Racial Ability Scores		DESC:Gathlains are quick, with dynamic and engaging personalities.						SOURCEPAGE:p.10	BONUS:STAT|DEX|2|TYPE=Racial	BONUS:STAT|CHA|2|TYPE=Racial
Slow Speed				KEY:Gathlain ~ Tree-Born Speed			CATEGORY:Special Ability	TYPE:RacialTraits.SpecialQuality.Gathlain Racial Trait.Racial Speed			DESC:Gathlains have a base speed of 20 feet and a fly speed of 30 feet (clumsy maneuverability).	SOURCEPAGE:p.10	BONUS:VAR|Maneuverability|1	BONUS:MOVEADD|TYPE.Walk|-10|TYPE=Racial	BONUS:MOVEADD|TYPE.Fly|-10|TYPE=Racial

# ==============================
# Ghoran
# ==============================

###Block: Racial Abilities
Race Traits ~ Ghoran		CATEGORY:Internal
CATEGORY=Internal|Race Traits ~ Ghoran.MOD	DEFINE:Ghoran_ReplaceAbilityScores|0	ABILITY:Ghoran Racial Trait|AUTOMATIC|Ghoran ~ Ability Scores|PREVAREQ:Ghoran_ReplaceAbilityScores,0
CATEGORY=Internal|Race Traits ~ Ghoran.MOD	DEFINE:Ghoran_ReplaceSize|0			ABILITY:Ghoran Racial Trait|AUTOMATIC|Ghoran ~ Size|PREVAREQ:Ghoran_ReplaceSize,0
CATEGORY=Internal|Race Traits ~ Ghoran.MOD	DEFINE:Ghoran_ReplaceSpeed|0			ABILITY:Ghoran Racial Trait|AUTOMATIC|Ghoran ~ Speed|PREVAREQ:Ghoran_ReplaceSpeed,0
CATEGORY=Internal|Race Traits ~ Ghoran.MOD	DEFINE:Ghoran_ReplaceNaturalArmor|0		ABILITY:Ghoran Racial Trait|AUTOMATIC|Ghoran ~ Natural Armor|PREVAREQ:Ghoran_ReplaceNaturalArmor,0
CATEGORY=Internal|Race Traits ~ Ghoran.MOD	DEFINE:Ghoran_ReplaceType|0			ABILITY:Ghoran Racial Trait|AUTOMATIC|Ghoran ~ Type|PREVAREQ:Ghoran_ReplaceType,0
CATEGORY=Internal|Race Traits ~ Ghoran.MOD	DEFINE:Ghoran_ReplaceDelicious|0		ABILITY:Ghoran Racial Trait|AUTOMATIC|Ghoran ~ Delicious|PREVAREQ:Ghoran_ReplaceDelicious,0
CATEGORY=Internal|Race Traits ~ Ghoran.MOD	DEFINE:Ghoran_ReplaceNaturalMagic|0		ABILITY:Ghoran Racial Trait|AUTOMATIC|Ghoran ~ Natural Magic|PREVAREQ:Ghoran_ReplaceNaturalMagic,0
CATEGORY=Internal|Race Traits ~ Ghoran.MOD	DEFINE:Ghoran_ReplaceSeed|0			ABILITY:Ghoran Racial Trait|AUTOMATIC|Ghoran ~ Seed|PREVAREQ:Ghoran_ReplaceSeed,0
CATEGORY=Internal|Race Traits ~ Ghoran.MOD	DEFINE:Ghoran_ReplaceLightDependent|0	ABILITY:Ghoran Racial Trait|AUTOMATIC|Ghoran ~ Light Dependent|PREVAREQ:Ghoran_ReplaceLightDependent,0
CATEGORY=Internal|Race Traits ~ Ghoran.MOD	DEFINE:Ghoran_ReplaceVision|0			ABILITY:Ghoran Racial Trait|AUTOMATIC|Ghoran ~ Vision|PREVAREQ:Ghoran_ReplaceVision,0
CATEGORY=Internal|Race Traits ~ Ghoran.MOD	DEFINE:Ghoran_ReplacePastLifeKnowledge|0	ABILITY:Ghoran Racial Trait|AUTOMATIC|Ghoran ~ Past-Life Knowledge|PREVAREQ:Ghoran_ReplacePastLifeKnowledge,0
CATEGORY=Internal|Race Traits ~ Ghoran.MOD	DEFINE:Ghoran_ReplaceLanguages|0		ABILITY:Ghoran Racial Trait|AUTOMATIC|Ghoran ~ Languages|PREVAREQ:Ghoran_ReplaceLanguages,0


###Block: Racial Defaults
+2 Constitution, +2 Charisma, -2 Intelligence	KEY:Ghoran ~ Ability Scores		CATEGORY:Special Ability	TYPE:RacialTraits.SpecialQuality.Ghoran Racial Trait.Ghoran Racial Default.Racial Ability Scores		DESC:Ghorans are hardy, guileful, and eager to explore their emotions, but they process complex thoughts slowly.																																																									SOURCEPAGE:p.17	BONUS:STAT|CON|2|TYPE=Racial	BONUS:STAT|CHA|2|TYPE=Racial	BONUS:STAT|INT|-2|TYPE=Racial
Medium							KEY:Ghoran ~ Size				CATEGORY:Special Ability	TYPE:RacialTraits.SpecialQuality.Ghoran Racial Trait.Ghoran Racial Default.Racial Size				DESC:Ghorans are Medium creatures and receive no bonuses or penalties due to their size.																																																													SOURCEPAGE:p.17
Normal Speed						KEY:Ghoran ~ Speed			CATEGORY:Special Ability	TYPE:RacialTraits.SpecialQuality.Ghoran Racial Trait.Ghoran Racial Default.Racial Speed				DESC:Ghorans have a base speed of 30 feet.																																																																				SOURCEPAGE:p.17
+2 Natural Armor						KEY:Ghoran ~ Natural Armor		CATEGORY:Special Ability	TYPE:RacialTraits.SpecialQuality.Ghoran Racial Trait.Ghoran Racial Default						DESC:Ghorans have tough, rugged skin.																																																																					SOURCEPAGE:p.17	BONUS:VAR|AC_Natural_Armor|2|TYPE=Base
Plant								KEY:Ghoran ~ Type				CATEGORY:Special Ability	TYPE:RacialTraits.SpecialQuality.Ghoran Racial Trait.Ghoran Racial Default.Racial Type				DESC:Ghorans have the plant type but lack the immunities to mind-affecting, paralysis, poison, polymorph, sleep, and stunning effects that type usually has.																																																	SOURCEPAGE:p.17
Delicious							KEY:Ghoran ~ Delicious			CATEGORY:Special Ability	TYPE:RacialTraits.SpecialQuality.Ghoran Racial Trait.Ghoran Racial Default.Extraordinary				DESC:Ghorans take a -2 penalty on Escape Artist and combat maneuver checks to escape a grapple against a creature that has a bite attack with the grab ability.																																																	SOURCEPAGE:p.17	ASPECT:SkillBonus|-2 penalty on Escape Artist and combat maneuver checks to escape a grapple against a creature that has a bite attack with the grab ability.
Natural Magic						KEY:Ghoran ~ Natural Magic		CATEGORY:Special Ability	TYPE:RacialTraits.SpecialQuality.Ghoran Racial Trait.Ghoran Racial Default.SpellLike				DESC:Ghorans with a Charisma score of 11 or higher gain the following spell-like abilities: 1/day--detect poison, goodberry (created berries bud from the ghoran's own body), and purify food and drink. The caster level is equal to the ghoran's level. The DC for these spells is equal to 10 + the spell's level + the ghoran's Charisma bonus.																			SOURCEPAGE:p.17	SPELLS:Innate|TIMES=1|CASTERLEVEL=TL|Detect Poison,11+CHA|Goodberry (created berries bud from the ghoran's own body),11+CHA|Purify Food and Drink,11+CHA|PRESTAT:1,CHA=11
Seed								KEY:Ghoran ~ Seed				CATEGORY:Special Ability	TYPE:RacialTraits.SpecialQuality.Ghoran Racial Trait.Ghoran Racial Default.Extraordinary				DESC:As a full-round action, a ghoran can expel the seed from an orifice in its abdomen. If planted in fertile ground and left undisturbed for 2d6 days, the seed grows into a healthy duplicate of the original ghoran, save that the duplicate can reallocate all skill ranks upon sprouting. Once a ghoran expels this seed, it gains 1 negative level, and it dies as soon as the duplicate sprouts. This duplicate replaces the previous ghoran character.	SOURCEPAGE:p.17	ABILITY:Internal|AUTOMATIC|Ghoran ~ Seed (Negative Level)
Light Dependent						KEY:Ghoran ~ Light Dependent		CATEGORY:Special Ability	TYPE:RacialTraits.SpecialQuality.Ghoran Racial Trait.Ghoran Racial Default.Weakness					DESC:Ghorans take 1d4 points of Constitution damage each day they go without exposure to sunlight.																																																											SOURCEPAGE:p.17
Low-Light Vision						KEY:Ghoran ~ Vision			CATEGORY:Special Ability	TYPE:RacialTraits.SpecialQuality.Ghoran Racial Trait.Ghoran Racial Default.Extraordinary.Racial Vision	DESC:Ghorans can see twice as far as humans in dim light.																																																																		SOURCEPAGE:p.17	BONUS:VAR|HasLowlightVision|1|TYPE=Base
Past-Life Knowledge					KEY:Ghoran ~ Past-Life Knowledge	CATEGORY:Special Ability	TYPE:RacialTraits.SpecialQuality.Ghoran Racial Trait.Ghoran Racial Default.Extraordinary				DESC:Ghorans have memories encoded in their seeds. They treat all Knowledge skills as class skills.																																																											SOURCEPAGE:p.17	CSKILL:TYPE.Knowledge
Languages							KEY:Ghoran ~ Languages			CATEGORY:Special Ability	TYPE:RacialTraits.SpecialQuality.Ghoran Racial Trait.Ghoran Racial Default.Racial Language			DESC:Ghorans begin play speaking Common and Sylvan. Ghorans with high Intelligence scores can choose any languages they want (except secret languages such as Druidic).																																																SOURCEPAGE:p.17	AUTO:LANG|Common|Sylvan	TEMPLATE:Race Bonus Language ~ All

Seed (Negative Level)					KEY:Ghoran ~ Seed (Negative Level)	CATEGORY:Internal	DEFINE:NegLevels|0	SOURCEPAGE:p.17	ABILITY:Special Ability|AUTOMATIC|Negative Levels|PREVARGTEQ:NegLevels,1	TEMPBONUS:PC|VAR|NegLevels|1

###Block: Alternate Racial Traits
Creator's Legacy			KEY:Ghoran ~ Creator's Legacy		CATEGORY:Special Ability	TYPE:RacialTraits.SpecialQuality.Ghoran Racial Trait.Ghoran Alternate Racial Trait				PREMULT:1,[PREABILITY:1,CATEGORY=Special Ability,Ghoran ~ Creator's Legacy],[PREVAREQ:Ghoran_ReplacePastLifeKnowledge,0]				DESC:Infused with the druidic magic of their creator, ghorans quickly take to nature-based spells and spellcasting. Ghoran bloodragers and sorcerers with the verdant bloodline treat their Charisma score as 2 points higher for sorcerer spells and class abilities. Ghoran clerics and druids with the Plant domain use their domain powers and spells at +1 caster level. This doesn't give the ghoran early access to level-based powers; it affects only powers that could already be used without this trait.&nl;This replaces past-life knowledge.	COST:0	SOURCEPAGE:p.16	BONUS:VAR|Ghoran_ReplacePastLifeKnowledge|1|TYPE=Boolean	BONUS:CASTERLEVEL|DOMAIN.Plant|1|PRECLASS:1,Cleric=1,Druid=1	BONUS:VAR|DomainPlantLVL|1|PRECLASS:1,Cleric=1,Druid=1	BONUS:VAR|BloodlinePowerTimes|1|PREABILITY:1,CATEGORY=Special Ability,Sorcerer Bloodline ~ Verdant,Bloodrager Bloodline ~ Verdant	BONUS:DC|CLASS.Sorcerer,CLASS.Bloodrager|1|PREABILITY:1,CATEGORY=Special Ability,Sorcerer Bloodline ~ Verdant,Bloodrager Bloodline ~ Verdant	DEFINE:Ghoran_CreatorsLegacyBonus|0	BONUS:VAR|Ghoran_CreatorsLegacyBonus|1|TYPE=Base
Martial Recollection		KEY:Ghoran ~ Martial Recollection	CATEGORY:Special Ability	TYPE:RacialTraits.SpecialQuality.Ghoran Racial Trait.Ghoran Alternate Racial Trait.Extraordinary	PREMULT:1,[PREABILITY:1,CATEGORY=Special Ability,Ghoran ~ Martial Recollection],[PREVAREQ:Ghoran_ReplaceNaturalMagic,0]					DESC:The personal history of many ghorans is scarred with desperate struggles for survival, and memories of that conflict are deeply ingrained within their seeds. Whenever ghorans with this racial trait grow new bodies from their seeds, they reselect all combat feats known instead of reallocating skill ranks.&nl;This alters seed and replaces nature magic.																															COST:0	SOURCEPAGE:p.16	BONUS:VAR|Ghoran_ReplaceNaturalMagic|1|TYPE=Boolean
Occult Scion			KEY:Ghoran ~ Occult Scion		CATEGORY:Special Ability	TYPE:RacialTraits.SpecialQuality.Ghoran Racial Trait.Ghoran Alternate Racial Trait				PREMULT:1,[PREABILITY:1,CATEGORY=Special Ability,Ghoran ~ Occult Scion],[PREVAREQ:Ghoran_ReplacePastLifeKnowledge,0]					DESC:Created in part from an esoteric ritual, many ghorans are innately sensitive to psychic powers and influences. The ghoran gains Psychic Sensitivity as a bonus feat and treats Knowledge (arcana) and Knowledge (planes) as class skills.&nl;This replaces past-life knowledge.																																												COST:0	SOURCEPAGE:p.16	BONUS:VAR|Ghoran_ReplacePastLifeKnowledge|1|TYPE=Boolean	ABILITY:FEAT|AUTOMATIC|Psychic Sensitivity	CSKILL:Knowledge (Arcana)|Knowledge (Planes)
Spelleater				KEY:Ghoran ~ Spelleater			CATEGORY:Special Ability	TYPE:RacialTraits.SpecialQuality.Ghoran Racial Trait.Ghoran Alternate Racial Trait				PREMULT:1,[PREABILITY:1,CATEGORY=Special Ability,Ghoran ~ Spelleater],[PREVAREQ:Ghoran_ReplaceNaturalMagic,0,Ghoran_ReplacePastLifeKnowledge,0]	DESC:Ghorans were originally created to survive and thrive in a magic-blasted wasteland, and over the centuries some ghorans have adapted greater abilities to overcome magic in general. Once per day, the ghoran can cast dispel magic as a spell-like ability, with a caster level equal to the ghoran's character level. If the ghoran's favored class is a spellcasting class, the ghoran gains a +2 racial bonus on dispel checks.&nl;This replaces past-life knowledge and nature magic.											COST:0	SOURCEPAGE:p.16	BONUS:VAR|Ghoran_ReplaceNaturalMagic,Ghoran_ReplacePastLifeKnowledge|1|TYPE=Boolean	SPELLS:Innate|TIMES=1|CASTERLEVEL=TL|Dispel Magic	ASPECT:CombatBonus|+2 racial bonus on dispel checks if your favored class is a spellcasting class
# Spelleater ASPECT tag needs a way to tell if the character's favored class is a spellcaster.

# ==============================
# Vine Leshy
# ==============================

###Block: Racial Abilities
Race Traits ~ Vine Leshy	CATEGORY:Internal
CATEGORY=Internal|Race Traits ~ Vine Leshy.MOD	DEFINE:VineLeshy_ReplaceAbilityScores|0		ABILITY:Vine Leshy Racial Trait|AUTOMATIC|Vine Leshy ~ Ability Scores|PREVAREQ:VineLeshy_ReplaceAbilityScores,0
CATEGORY=Internal|Race Traits ~ Vine Leshy.MOD	DEFINE:VineLeshy_ReplaceType|0			ABILITY:Vine Leshy Racial Trait|AUTOMATIC|Vine Leshy ~ Type|PREVAREQ:VineLeshy_ReplaceType,0
CATEGORY=Internal|Race Traits ~ Vine Leshy.MOD	DEFINE:VineLeshy_ReplaceSize|0			ABILITY:Vine Leshy Racial Trait|AUTOMATIC|Vine Leshy ~ Size|PREVAREQ:VineLeshy_ReplaceSize,0
CATEGORY=Internal|Race Traits ~ Vine Leshy.MOD	DEFINE:VineLeshy_ReplaceSpeed|0			ABILITY:Vine Leshy Racial Trait|AUTOMATIC|Vine Leshy ~ Speed|PREVAREQ:VineLeshy_ReplaceSpeed,0
CATEGORY=Internal|Race Traits ~ Vine Leshy.MOD	DEFINE:VineLeshy_ReplaceLowLightVision|0		ABILITY:Vine Leshy Racial Trait|AUTOMATIC|Vine Leshy ~ Vision/Low-Light|PREVAREQ:VineLeshy_ReplaceLowLightVision,0
CATEGORY=Internal|Race Traits ~ Vine Leshy.MOD	DEFINE:VineLeshy_ReplaceDarkvision|0		ABILITY:Vine Leshy Racial Trait|AUTOMATIC|Vine Leshy ~ Vision/Darkvision|PREVAREQ:VineLeshy_ReplaceDarkvision,0
CATEGORY=Internal|Race Traits ~ Vine Leshy.MOD	DEFINE:VineLeshy_ReplacePasswithoutTrace|0	ABILITY:Vine Leshy Racial Trait|AUTOMATIC|Vine Leshy ~ Pass without Trace|PREVAREQ:VineLeshy_ReplacePasswithoutTrace,0
CATEGORY=Internal|Race Traits ~ Vine Leshy.MOD	DEFINE:VineLeshy_ReplaceChangeShape|0		ABILITY:Vine Leshy Racial Trait|AUTOMATIC|Vine Leshy ~ Change Shape|PREVAREQ:VineLeshy_ReplaceChangeShape,0
CATEGORY=Internal|Race Traits ~ Vine Leshy.MOD	DEFINE:VineLeshy_ReplacePlantspeech|0		ABILITY:Vine Leshy Racial Trait|AUTOMATIC|Vine Leshy ~ Plantspeech|PREVAREQ:VineLeshy_ReplacePlantspeech,0
CATEGORY=Internal|Race Traits ~ Vine Leshy.MOD	DEFINE:VineLeshy_ReplaceVerdantBurst|0		ABILITY:Vine Leshy Racial Trait|AUTOMATIC|Vine Leshy ~ Verdant Burst|PREVAREQ:VineLeshy_ReplaceVerdantBurst,0
CATEGORY=Internal|Race Traits ~ Vine Leshy.MOD	DEFINE:VineLeshy_ReplaceUnassumingFoliage|0	ABILITY:Vine Leshy Racial Trait|AUTOMATIC|Vine Leshy ~ Unassuming Foliage|PREVAREQ:VineLeshy_ReplaceUnassumingFoliage,0
CATEGORY=Internal|Race Traits ~ Vine Leshy.MOD	DEFINE:VineLeshy_ReplaceClimber|0			ABILITY:Vine Leshy Racial Trait|AUTOMATIC|Vine Leshy ~ Climber|PREVAREQ:VineLeshy_ReplaceClimber,0
CATEGORY=Internal|Race Traits ~ Vine Leshy.MOD	DEFINE:VineLeshy_ReplaceLanguages|0			ABILITY:Vine Leshy Racial Trait|AUTOMATIC|Vine Leshy ~ Languages|PREVAREQ:VineLeshy_ReplaceLanguages,0

###Block: Racial Defaults
+2 Constitution, +2 Wisdom, -2 Intelligence	KEY:Vine Leshy ~ Ability Scores	CATEGORY:Special Ability	TYPE:RacialTraits.SpecialQuality.Vine Leshy Racial Trait.Vine Leshy Racial Default.Racial Ability Scores		DESC:Vine leshys are hardy and insightful, but sometimes forgetful.																																																																				SOURCEPAGE:p.21	BONUS:STAT|CON|2|TYPE=Racial	BONUS:STAT|WIS|2|TYPE=Racial	BONUS:STAT|INT|-2|TYPE=Racial
Leshy								KEY:Vine Leshy ~ Type			CATEGORY:Special Ability	TYPE:RacialTraits.SpecialQuality.Vine Leshy Racial Trait.Vine Leshy Racial Default.Racial Type				DESC:Vine leshys are plants with the leshy subtype but lack the immunities to mind-affecting effects, paralysis, poison, polymorph, sleep, and stunning that the plant type usually grants, and they lack the immunity to electricity and sonic that the leshy subtype usually grants.																																	SOURCEPAGE:p.21
Small								KEY:Vine Leshy ~ Size			CATEGORY:Special Ability	TYPE:RacialTraits.SpecialQuality.Vine Leshy Racial Trait.Vine Leshy Racial Default.Racial Size				DESC:Vine leshys are Small creatures and gain a +1 size bonus to their AC, a +1 size bonus on attack rolls, a -1 penalty on combat maneuver checks and to their Combat Maneuver Defense, and a +4 size bonus on Stealth checks.																																										SOURCEPAGE:p.21
Slow Speed							KEY:Vine Leshy ~ Speed			CATEGORY:Special Ability	TYPE:RacialTraits.SpecialQuality.Vine Leshy Racial Trait.Vine Leshy Racial Default.Racial Speed				DESC:Vine leshys have a base speed of 20 feet.																																																																								SOURCEPAGE:p.21
Darkvision							KEY:Vine Leshy ~ Vision/Low-Light	CATEGORY:Special Ability	TYPE:RacialTraits.SpecialQuality.Vine Leshy Racial Trait.Vine Leshy Racial Default.Extraordinary.Racial Vision	DESC:Vine leshys can see in the dark up to 60 feet.																																																																							SOURCEPAGE:p.21	BONUS:VAR|DarkvisionRange|60|TYPE=Base
Low-Light Vision						KEY:Vine Leshy ~ Vision/Darkvision	CATEGORY:Special Ability	TYPE:RacialTraits.SpecialQuality.Vine Leshy Racial Trait.Vine Leshy Racial Default.Extraordinary.Racial Vision	DESC:Vine leshys can see twice as far as humans under conditions of dim light.																																																																		SOURCEPAGE:p.21	BONUS:VAR|HasLowlightVision|1|TYPE=Base
Pass without Trace					KEY:Vine Leshy ~ Pass without Trace	CATEGORY:Special Ability	TYPE:RacialTraits.SpecialQuality.Vine Leshy Racial Trait.Vine Leshy Racial Default.SpellLike				DESC:Vine leshys have pass without trace as a constant spell-like ability (caster level 2nd).																																																																SOURCEPAGE:p.21	ABILITY:Special Ability|AUTOMATIC|Pass without Trace ~ Constant	BONUS:VAR|SLA_CL|2|TYPE=Racial	INFO:Constant Spell|Pass without Trace
Change Shape						KEY:Vine Leshy ~ Change Shape		CATEGORY:Special Ability	TYPE:RacialTraits.SpecialQuality.Vine Leshy Racial Trait.Vine Leshy Racial Default.Supernatural				DESC:Vine leshys can transform into vines, with results similar to tree shape. In this form, the leshy appears as a particularly healthy Small vine. The leshy can assume plant form or revert to its true form as a swift action.																																										SOURCEPAGE:p.21
Plantspeech							KEY:Vine Leshy ~ Plantspeech		CATEGORY:Special Ability	TYPE:RacialTraits.SpecialQuality.Vine Leshy Racial Trait.Vine Leshy Racial Default.Extraordinary			DESC:Vine leshys can speak with vines as if subject to a continual speak with plants spell.																																																																SOURCEPAGE:p.21
Verdant Burst						KEY:Vine Leshy ~ Verdant Burst	CATEGORY:Special Ability	TYPE:RacialTraits.SpecialQuality.Vine Leshy Racial Trait.Vine Leshy Racial Default.Supernatural				DESC:When slain, a vine leshy explodes in a burst of fertile energies. All plant creatures within 30 feet of the slain leshy regain hit 1d8 points, and vines quickly infest the area. If the terrain can support vines, the undergrowth is dense enough to make the region into difficult terrain for 24 hours, after which the plant life diminishes to a normal level; otherwise, this plant life has no significant effect on movement and withers and dies within an hour.		SOURCEPAGE:p.21
Unassuming Foliage					KEY:Vine Leshy ~ Unassuming Foliage	CATEGORY:Special Ability	TYPE:RacialTraits.SpecialQuality.Vine Leshy Racial Trait.Vine Leshy Racial Default						DESC:Vine leshys gain a +4 racial bonus on Stealth checks in forests.																																																																				SOURCEPAGE:p.21	BONUS:SITUATION|Stealth=In forests|4|TYPE=Racial
Climber							KEY:Vine Leshy ~ Climber		CATEGORY:Special Ability	TYPE:RacialTraits.SpecialQuality.Vine Leshy Racial Trait.Vine Leshy Racial Default						DESC:Vine leshys gain a +2 racial bonus on Climb checks.																																																																						SOURCEPAGE:p.21	BONUS:SKILL|Climb|2|TYPE=Racial
Languages							KEY:Vine Leshy ~ Languages		CATEGORY:Special Ability	TYPE:RacialTraits.SpecialQuality.Vine Leshy Racial Trait.Vine Leshy Racial Default.Racial Language			DESC:Vine leshys begin play speaking Common and Sylvan. Vine leshys with high Intelligence scores can choose from the following: Aquan, Auran, Aklo, Elven, Gnome, Goblin, Terran, or Undercommon.																																															SOURCEPAGE:p.21	AUTO:LANG|Common|Sylvan	TEMPLATE:Race Bonus Language ~ Aquan|Race Bonus Language ~ Auran|Race Bonus Language ~ Aklo|Race Bonus Language ~ Elven|Race Bonus Language ~ Gnome|Race Bonus Language ~ Goblin|Race Bonus Language ~ Terran|Race Bonus Language ~ Undercommon
# Vine leshy traits were given types (ex/sp/su) based on same abilities listed in the leshy subtype in Bestiary 5 307.

###Block: Alternate Racial Traits
Agile			KEY:Vine Leshy ~ Agile			CATEGORY:Special Ability	TYPE:RacialTraits.SpecialQuality.Vine Leshy Racial Trait.Vine Leshy Alternate Racial Trait	PREMULT:1,[PREABILITY:1,CATEGORY=Special Ability,Vine Leshy ~ Agile],[PREVAREQ:VineLeshy_ReplaceAbilityScores,0]							DESC:Agile vine leshys are quicker but less tough than a typical vine leshy. Replace the leshy's +2 racial bonus to Constitution with a +2 racial bonus to Dexterity.&nl;This alters the vine leshy's ability scores.																																																																							COST:0	SOURCEPAGE:p.21	BONUS:VAR|VineLeshy_ReplaceAbilityScores|1|TYPE=Boolean	ABILITY:Vine Leshy Racial Trait|AUTOMATIC|Vine Leshy ~ Agile Ability Scores
Poisonous		KEY:Vine Leshy ~ Poisonous		CATEGORY:Special Ability	TYPE:RacialTraits.SpecialQuality.Vine Leshy Racial Trait.Vine Leshy Alternate Racial Trait	PREMULT:1,[PREABILITY:1,CATEGORY=Special Ability,Vine Leshy ~ Poisonous],[PREVAREQ:VineLeshy_ReplacePlantspeech,0,VineLeshy_ReplaceChangeShape,0]	DESC:Vine leshys made from poison ivy vines carry natural poison in their bodies. As a swift action, the leshy can imbue its vines with this irritating substance. The next time the leshy hits a creature with an unarmed strike, the creature is affected by the following poison.&nl;Vine Leshy Toxin: Unarmed strike--injury; save Fort DC %1; frequency 1/round for 6 rounds; effect sickened for 1 round; cure 1 save.&nl;The leshy can use this ability %2 times per day. A vine leshy is immune to its own poison, but not to those of other vine leshys.&nl;This replaces plantspeech and change shape.|VineLeshy_ToxinDC|VineLeshy_ToxinTimes	COST:0	SOURCEPAGE:p.21	BONUS:VAR|VineLeshy_ReplacePlantspeech,VineLeshy_ReplaceChangeShape|1|TYPE=Boolean	ABILITY:Special Ability|AUTOMATIC|Vine Leshy ~ Poisonous Vine Leshy Toxin	DEFINE:VineLeshy_ToxinDC|0	DEFINE:VineLeshy_ToxinTimes|0	BONUS:VAR|VineLeshy_ToxinDC|10+(TL/2)+CON	BONUS:VAR|VineLeshy_ToxinTimes|CON	ASPECT:CheckType|Times per Day	ASPECT:CheckCount|%1|VineLeshy_ToxinTimes	ASPECT:MasterAbility|Vine Leshy Toxin
Swamp Leshy		KEY:Vine Leshy ~ Swamp Leshy		CATEGORY:Special Ability	TYPE:RacialTraits.SpecialQuality.Vine Leshy Racial Trait.Vine Leshy Alternate Racial Trait	PREMULT:1,[PREABILITY:1,CATEGORY=Special Ability,Vine Leshy ~ Swamp Leshy],[PREVAREQ:VineLeshy_ReplaceClimber,0,VineLeshy_ReplaceUnassumingFoliage,0]	DESC:Some vine leshys are made from plants that naturally grow in swamps. These leshys gain a +2 racial bonus on Swim checks and a +4 racial bonus on Stealth checks in swamps.&nl;This replaces climber and alters unassuming foliage.																																																																				COST:0	SOURCEPAGE:p.21	BONUS:VAR|VineLeshy_ReplaceClimber,VineLeshy_ReplaceUnassumingFoliage|1|TYPE=Boolean	BONUS:SITUATION|Stealth=In swamps|4|TYPE=Racial	BONUS:SKILL|Swim|2|TYPE=Racial
Grapevine		KEY:Vine Leshy ~ Grapevine		CATEGORY:Special Ability	TYPE:RacialTraits.SpecialQuality.Vine Leshy Racial Trait.Vine Leshy Alternate Racial Trait	PREMULT:1,[PREABILITY:1,CATEGORY=Special Ability,Vine Leshy ~ Grapevine],[PREVAREQ:VineLeshy_ReplacePasswithoutTrace,0]						DESC:A vine leshy made from a grapevine can produce magically infused fruit that can heal her allies. She can cast goodberry once per day as a spell-like ability, with a caster level equal to her character level.&nl;This replaces pass without trace.																																																																	COST:0	SOURCEPAGE:p.21	BONUS:VAR|VineLeshy_ReplacePasswithoutTrace|1|TYPE=Boolean	SPELLS:Innate|TIMES=1|CASTERLEVEL=TL|Goodberry

+2 Dexterity, +2 Wisdom, -2 Intelligence	KEY:Vine Leshy ~ Agile Ability Scores		CATEGORY:Special Ability	TYPE:RacialTraits.SpecialQuality.Vine Leshy Racial Trait.Racial Ability Scores	DESC:Vine leshys are quick and insightful, but sometimes forgetful.	SOURCEPAGE:p.21	BONUS:STAT|DEX|2|TYPE=Racial	BONUS:STAT|WIS|2|TYPE=Racial	BONUS:STAT|INT|-2|TYPE=Racial
Vine Leshy Toxin					KEY:Vine Leshy ~ Poisonous Vine Leshy Toxin	CATEGORY:Special Ability	TYPE:RacialTraits.SpecialAttack.Vine Leshy Racial Trait					DESC:Unarmed strike--injury; save Fort DC %1; frequency 1/round for 6 rounds; effect sickened for 1 round; cure 1 save.|VineLeshy_ToxinDC	SOURCEPAGE:p.21	ASPECT:ChildAbility|Vine Leshy Toxin

# ==============================
# Favored Class Bonuses
# ==============================

# Ability Name					Unique Key									Category of Ability		Type										Visible		Required Ability						Required Class		Required Race					Define																																											Description																																																								Stackable?	Multiple?	Choose				Ability																									Bonus to Situation																												Modify VAR																																									Source Page
Ultimate Wilderness Favored Bonus Tracker											CATEGORY:Internal																																			DEFINE:DwarfShifterEmpathyBonus|0	DEFINE:ElfShifterMoveBonus|0	DEFINE:ElfShifterMoveApplied|0	DEFINE:HalfElfShifterSurvivalBonus|0	DEFINE:HalfOrcShifterCriticalConfirmBonus|0	DEFINE:HalflingShifterACBonus|0	DEFINE:HumanShifterMinorFormBonus|0																																																																																																																												BONUS:VAR|ShifterAspectMinutes|HumanShifterMinorFormBonus/3

Wild Empathy Bonus				KEY:Favored Class Bonus ~ Shifter ~ Dwarf				CATEGORY:Special Ability	TYPE:FavoredClassBonus.FavoredClassShifter			VISIBLE:DISPLAY	PREABILITY:1,CATEGORY=Special Ability,Shifter	PRECLASS:1,Shifter=1	PRERACE:1,Dwarf,RACESUBTYPE=Dwarf																																														DESC:[Shifter] Add a +1/2 bonus on wild empathy checks to influence animals and magical beasts that are normally encountered in underground environments.																																STACK:YES	MULT:YES	CHOOSE:NOCHOICE			ABILITY:Internal|AUTOMATIC|Ultimate Wilderness Favored Bonus Tracker	ABILITY:Special Ability|AUTOMATIC|Favored Class Bonus Output ~ Shifter ~ Dwarf																																BONUS:VAR|DwarfShifterEmpathyBonus|1																																				SOURCEPAGE:p.31
Movement Bonus					KEY:Favored Class Bonus ~ Shifter ~ Elf				CATEGORY:Special Ability	TYPE:FavoredClassBonus.FavoredClassShifter			VISIBLE:DISPLAY	PREABILITY:1,CATEGORY=Special Ability,Shifter	PRECLASS:1,Shifter=1	PRERACE:1,Elf,RACESUBTYPE=Elf																																															DESC:[Shifter] Add 1 to the shifter's base speed. This has no in-game effect unless the shifter has selected this reward five times (or any multiple of five) to enhance her speed by 5 feet. This bonus applies only when the shifter is wearing no armor.																STACK:YES	MULT:YES	CHOOSE:NOCHOICE			ABILITY:Internal|AUTOMATIC|Ultimate Wilderness Favored Bonus Tracker	ABILITY:Special Ability|AUTOMATIC|Favored Class Bonus Output ~ Shifter ~ Elf																																	BONUS:VAR|ElfShifterMoveBonus|1	BONUS:VAR|ElfShifterMoveApplied|ElfShifterMoveBonus/5																												SOURCEPAGE:p.31
Acid Resistance					KEY:Favored Class Bonus ~ Shifter ~ Gnome/Acid			CATEGORY:Special Ability	TYPE:FavoredClassBonus.FavoredClassShifter			VISIBLE:DISPLAY	PREABILITY:1,CATEGORY=Special Ability,Shifter	PRECLASS:1,Shifter=1	PRERACE:1,Gnome,RACESUBTYPE=Gnome																																														DESC:[Shifter] Gain energy resistance 1 against acid. Each time the shifter selects this reward, increase that energy resistance by 1, to a maximum of energy resistance 10. Once the gnome reaches energy resistance 10, she can select a new type of energy to build her resistance to the next time she selects this favored class option.		STACK:YES	MULT:YES	CHOOSE:NUMCHOICES=10|NOCHOICE	ABILITY:Internal|AUTOMATIC|Ultimate Wilderness Favored Bonus Tracker																																														BONUS:VAR|AcidResistanceBonus|1																																					SOURCEPAGE:p.31
Cold Resistance					KEY:Favored Class Bonus ~ Shifter ~ Gnome/Cold			CATEGORY:Special Ability	TYPE:FavoredClassBonus.FavoredClassShifter			VISIBLE:DISPLAY	PREABILITY:1,CATEGORY=Special Ability,Shifter	PRECLASS:1,Shifter=1	PRERACE:1,Gnome,RACESUBTYPE=Gnome																																														DESC:[Shifter] Gain energy resistance 1 against cold. Each time the shifter selects this reward, increase that energy resistance by 1, to a maximum of energy resistance 10. Once the gnome reaches energy resistance 10, she can select a new type of energy to build her resistance to the next time she selects this favored class option.		STACK:YES	MULT:YES	CHOOSE:NUMCHOICES=10|NOCHOICE	ABILITY:Internal|AUTOMATIC|Ultimate Wilderness Favored Bonus Tracker																																														BONUS:VAR|ColdResistanceBonus|1																																					SOURCEPAGE:p.31
Electricity Resistance				KEY:Favored Class Bonus ~ Shifter ~ Gnome/Electricity		CATEGORY:Special Ability	TYPE:FavoredClassBonus.FavoredClassShifter			VISIBLE:DISPLAY	PREABILITY:1,CATEGORY=Special Ability,Shifter	PRECLASS:1,Shifter=1	PRERACE:1,Gnome,RACESUBTYPE=Gnome																																														DESC:[Shifter] Gain energy resistance 1 against electricity. Each time the shifter selects this reward, increase that energy resistance by 1, to a maximum of energy resistance 10. Once the gnome reaches energy resistance 10, she can select a new type of energy to build her resistance to the next time she selects this favored class option.	STACK:YES	MULT:YES	CHOOSE:NUMCHOICES=10|NOCHOICE	ABILITY:Internal|AUTOMATIC|Ultimate Wilderness Favored Bonus Tracker																																														BONUS:VAR|ElectricityResistanceBonus|1																																				SOURCEPAGE:p.31
Fire Resistance					KEY:Favored Class Bonus ~ Shifter ~ Gnome/Fire			CATEGORY:Special Ability	TYPE:FavoredClassBonus.FavoredClassShifter			VISIBLE:DISPLAY	PREABILITY:1,CATEGORY=Special Ability,Shifter	PRECLASS:1,Shifter=1	PRERACE:1,Gnome,RACESUBTYPE=Gnome																																														DESC:[Shifter] Gain energy resistance 1 against fire. Each time the shifter selects this reward, increase that energy resistance by 1, to a maximum of energy resistance 10. Once the gnome reaches energy resistance 10, she can select a new type of energy to build her resistance to the next time she selects this favored class option.		STACK:YES	MULT:YES	CHOOSE:NUMCHOICES=10|NOCHOICE	ABILITY:Internal|AUTOMATIC|Ultimate Wilderness Favored Bonus Tracker																																														BONUS:VAR|FireResistanceBonus|1																																					SOURCEPAGE:p.31
Survival Bonus					KEY:Favored Class Bonus ~ Shifter ~ Half-Elf			CATEGORY:Special Ability	TYPE:FavoredClassBonus.FavoredClassShifter			VISIBLE:DISPLAY	PREABILITY:1,CATEGORY=Special Ability,Shifter	PRECLASS:1,Shifter=1	PRERACE:1,Half-Elf																																																DESC:[Shifter] Add a +1/2 bonus on Survival checks to get along in the wild, to avoid getting lost, and to avoid all natural hazards.																																			STACK:YES	MULT:YES	CHOOSE:NOCHOICE			ABILITY:Internal|AUTOMATIC|Ultimate Wilderness Favored Bonus Tracker															BONUS:SITUATION|Survival=Get along in the wild,Survival=Avoid Getting Lost,Survival=Avoid Natural Hazards|HalfElfShifterSurvivalBonus/2									BONUS:VAR|HalfElfShifterSurvivalBonus|1																																				SOURCEPAGE:p.31
Critical Confirmation Bonus			KEY:Favored Class Bonus ~ Shifter ~ Half-Orc			CATEGORY:Special Ability	TYPE:FavoredClassBonus.FavoredClassShifter			VISIBLE:DISPLAY	PREABILITY:1,CATEGORY=Special Ability,Shifter	PRECLASS:1,Shifter=1	PRERACE:1,Half-Orc																																																DESC:[Shifter] Add a +1/3 bonus on critical hit confirmation rolls when using shifter claws (maximum bonus of +5). This bonus does not stack with Critical Focus.																															STACK:YES	MULT:YES	CHOOSE:NUMCHOICES=15|NOCHOICE	ABILITY:Internal|AUTOMATIC|Ultimate Wilderness Favored Bonus Tracker																																														BONUS:VAR|HalfOrcShifterCriticalConfirmBonus|1																																			SOURCEPAGE:p.31
AC Bonus						KEY:Favored Class Bonus ~ Shifter ~ Halfling			CATEGORY:Special Ability	TYPE:FavoredClassBonus.FavoredClassShifter			VISIBLE:DISPLAY	PREABILITY:1,CATEGORY=Special Ability,Shifter	PRECLASS:1,Shifter=1	PRERACE:1,Halfling,RACESUBTYPE=Halfling																																													DESC:[Shifter] Increase the AC bonus from defensive instinct by 1/4 against creatures of size Large or larger.																																							STACK:YES	MULT:YES	CHOOSE:NOCHOICE			ABILITY:Internal|AUTOMATIC|Ultimate Wilderness Favored Bonus Tracker																																														BONUS:VAR|HalflingShifterACBonus|1																																					SOURCEPAGE:p.31
Minor Form Bonus Minutes			KEY:Favored Class Bonus ~ Shifter ~ Human				CATEGORY:Special Ability	TYPE:FavoredClassBonus.FavoredClassShifter			VISIBLE:DISPLAY	PREABILITY:1,CATEGORY=Special Ability,Shifter	PRECLASS:1,Shifter=1	PRERACE:1,Human,RACESUBTYPE=Human																																														DESC:[Shifter] Add 1/3 to the number of minutes the shifter can assume her minor form each day.																																										STACK:YES	MULT:YES	CHOOSE:NOCHOICE			ABILITY:Internal|AUTOMATIC|Ultimate Wilderness Favored Bonus Tracker																																														BONUS:VAR|HumanShifterMinorFormBonus|1																																				SOURCEPAGE:p.31



##Output for unimplemented Favored Class Bonuses
Wild Empathy Bonus				KEY:Favored Class Bonus Output ~ Shifter ~ Dwarf		CATEGORY:Special Ability	TYPE:SpecialQuality							VISIBLE:EXPORT																																																																DESC:[Shifter] Add a +%1 bonus on wild empathy checks to influence animals and magical beasts that are normally encountered in underground environments.|DwarfShifterEmpathyBonus/2																																																																																																																																								SOURCEPAGE:p.31
Movement Bonus					KEY:Favored Class Bonus Output ~ Shifter ~ Elf			CATEGORY:Special Ability	TYPE:SpecialQuality							VISIBLE:EXPORT																																																																DESC:[Shifter] Add +%1 ft. to the shifter's base speed.|ElfShifterMoveApplied																																																																																																																																																									SOURCEPAGE:p.31
Critical Confirmation Bonus			KEY:Favored Class Bonus Output ~ Shifter ~ Half-Orc		CATEGORY:Special Ability	TYPE:SpecialQuality							VISIBLE:EXPORT																																																																DESC:[Shifter] Add a +%1 bonus on critical hit confirmation rolls when using shifter claws. This bonus does not stack with Critical Focus.|HalfOrcShifterCriticalConfirmBonus/3																																																																																																																																								SOURCEPAGE:p.31
AC Bonus						KEY:Favored Class Bonus Output ~ Shifter ~ Halfling		CATEGORY:Special Ability	TYPE:SpecialQuality							VISIBLE:EXPORT																																																																DESC:[Shifter] Increase the AC bonus from defensive instinct by %1 against creatures of size Large or larger.|HalflingShifterACBonus/4																																																																																																																																															SOURCEPAGE:p.31
