# CVS $Revision: $ $Author: $ -- Fri Jun 30 20:50:52 2017 -- reformated by PCGen PrettyLST v6.06.00
SOURCELONG:Ultimate Wilderness	SOURCESHORT:UW	SOURCEWEB:http://paizo.com/products/btpy9ujo?Pathfinder-Roleplaying-Game-Ultimate-Wilderness	SOURCEDATE:2017-11

### Starting Gold
Starting Gold ~ UW		VISIBLE:NO	TEMPLATE:CHOOSE:Starting Gold UW ~ Random|Starting Gold UW ~ Maximum|Starting Gold UW ~ Average
Starting Gold UW ~ Random	VISIBLE:NO																																																																			KIT:1|Starting Gold UW ~ Random
Starting Gold UW ~ Maximum	VISIBLE:NO																																																																			KIT:1|Starting Gold UW ~ Maximum
Starting Gold UW ~ Average	VISIBLE:NO																																																																			KIT:1|Starting Gold UW ~ Average

Shifter Bonus Language			VISIBLE:NO		LANGBONUS:Sylvan

# Shifter Claw - 1 1d2 1d3 1d4 1d6 1d8 1d10 1d12 P/S Primary
# x1
Shifter Claw 1 (Diminutive)			VISIBLE:NO	PRESIZEEQ:D		BONUS:VAR|PrimaryAttackDamageDice|1|TYPE=Base	BONUS:VAR|PrimaryAttackDamageSize|1|TYPE=Base	NATURALATTACKS:Shifter Claw,Weapon.Natural.NaturalPrimary.Weapon Group Natural.Melee.Finesseable.Piercing.Slashing,*1,1
Shifter Claw 1 (Tiny)				VISIBLE:NO	PRESIZEEQ:T		BONUS:VAR|PrimaryAttackDamageDice|1|TYPE=Base	BONUS:VAR|PrimaryAttackDamageSize|2|TYPE=Base	NATURALATTACKS:Shifter Claw,Weapon.Natural.NaturalPrimary.Weapon Group Natural.Melee.Finesseable.Piercing.Slashing,*1,1d2
Shifter Claw 1 (Small)				VISIBLE:NO	PRESIZEEQ:S		BONUS:VAR|PrimaryAttackDamageDice|1|TYPE=Base	BONUS:VAR|PrimaryAttackDamageSize|3|TYPE=Base	NATURALATTACKS:Shifter Claw,Weapon.Natural.NaturalPrimary.Weapon Group Natural.Melee.Finesseable.Piercing.Slashing,*1,1d3
Shifter Claw 1 (Medium)				VISIBLE:NO	PRESIZEEQ:M		BONUS:VAR|PrimaryAttackDamageDice|1|TYPE=Base	BONUS:VAR|PrimaryAttackDamageSize|4|TYPE=Base	NATURALATTACKS:Shifter Claw,Weapon.Natural.NaturalPrimary.Weapon Group Natural.Melee.Finesseable.Piercing.Slashing,*1,1d4
Shifter Claw 1 (Large)				VISIBLE:NO	PRESIZEEQ:L		BONUS:VAR|PrimaryAttackDamageDice|1|TYPE=Base	BONUS:VAR|PrimaryAttackDamageSize|6|TYPE=Base	NATURALATTACKS:Shifter Claw,Weapon.Natural.NaturalPrimary.Weapon Group Natural.Melee.Finesseable.Piercing.Slashing,*1,1d6
Shifter Claw 1 (Huge)				VISIBLE:NO	PRESIZEEQ:H		BONUS:VAR|PrimaryAttackDamageDice|1|TYPE=Base	BONUS:VAR|PrimaryAttackDamageSize|8|TYPE=Base	NATURALATTACKS:Shifter Claw,Weapon.Natural.NaturalPrimary.Weapon Group Natural.Melee.Finesseable.Piercing.Slashing,*1,1d8
Shifter Claw 1 (Gargantuan)			VISIBLE:NO	PRESIZEEQ:G		BONUS:VAR|PrimaryAttackDamageDice|1|TYPE=Base	BONUS:VAR|PrimaryAttackDamageSize|10|TYPE=Base	NATURALATTACKS:Shifter Claw,Weapon.Natural.NaturalPrimary.Weapon Group Natural.Melee.Finesseable.Piercing.Slashing,*1,1d10
Shifter Claw 1 (Colossal)			VISIBLE:NO	PRESIZEEQ:C		BONUS:VAR|PrimaryAttackDamageDice|1|TYPE=Base	BONUS:VAR|PrimaryAttackDamageSize|12|TYPE=Base	NATURALATTACKS:Shifter Claw,Weapon.Natural.NaturalPrimary.Weapon Group Natural.Melee.Finesseable.Piercing.Slashing,*1,1d12
# x2 (Default)
Shifter Claw 2 (Diminutive)			VISIBLE:NO	PRESIZEEQ:D		BONUS:VAR|PrimaryAttackDamageDice|1|TYPE=Base	BONUS:VAR|PrimaryAttackDamageSize|1|TYPE=Base	NATURALATTACKS:Shifter Claw,Weapon.Natural.NaturalPrimary.Weapon Group Natural.Melee.Finesseable.Piercing.Slashing,*2,1
Shifter Claw 2 (Tiny)				VISIBLE:NO	PRESIZEEQ:T		BONUS:VAR|PrimaryAttackDamageDice|1|TYPE=Base	BONUS:VAR|PrimaryAttackDamageSize|2|TYPE=Base	NATURALATTACKS:Shifter Claw,Weapon.Natural.NaturalPrimary.Weapon Group Natural.Melee.Finesseable.Piercing.Slashing,*2,1d2
Shifter Claw 2 (Small)				VISIBLE:NO	PRESIZEEQ:S		BONUS:VAR|PrimaryAttackDamageDice|1|TYPE=Base	BONUS:VAR|PrimaryAttackDamageSize|3|TYPE=Base	NATURALATTACKS:Shifter Claw,Weapon.Natural.NaturalPrimary.Weapon Group Natural.Melee.Finesseable.Piercing.Slashing,*2,1d3
Shifter Claw 2 (Medium)				VISIBLE:NO	PRESIZEEQ:M		BONUS:VAR|PrimaryAttackDamageDice|1|TYPE=Base	BONUS:VAR|PrimaryAttackDamageSize|4|TYPE=Base	NATURALATTACKS:Shifter Claw,Weapon.Natural.NaturalPrimary.Weapon Group Natural.Melee.Finesseable.Piercing.Slashing,*2,1d4
Shifter Claw 2 (Large)				VISIBLE:NO	PRESIZEEQ:L		BONUS:VAR|PrimaryAttackDamageDice|1|TYPE=Base	BONUS:VAR|PrimaryAttackDamageSize|6|TYPE=Base	NATURALATTACKS:Shifter Claw,Weapon.Natural.NaturalPrimary.Weapon Group Natural.Melee.Finesseable.Piercing.Slashing,*2,1d6
Shifter Claw 2 (Huge)				VISIBLE:NO	PRESIZEEQ:H		BONUS:VAR|PrimaryAttackDamageDice|1|TYPE=Base	BONUS:VAR|PrimaryAttackDamageSize|8|TYPE=Base	NATURALATTACKS:Shifter Claw,Weapon.Natural.NaturalPrimary.Weapon Group Natural.Melee.Finesseable.Piercing.Slashing,*2,1d8
Shifter Claw 2 (Gargantuan)			VISIBLE:NO	PRESIZEEQ:G		BONUS:VAR|PrimaryAttackDamageDice|1|TYPE=Base	BONUS:VAR|PrimaryAttackDamageSize|10|TYPE=Base	NATURALATTACKS:Shifter Claw,Weapon.Natural.NaturalPrimary.Weapon Group Natural.Melee.Finesseable.Piercing.Slashing,*2,1d10
Shifter Claw 2 (Colossal)			VISIBLE:NO	PRESIZEEQ:C		BONUS:VAR|PrimaryAttackDamageDice|1|TYPE=Base	BONUS:VAR|PrimaryAttackDamageSize|12|TYPE=Base	NATURALATTACKS:Shifter Claw,Weapon.Natural.NaturalPrimary.Weapon Group Natural.Melee.Finesseable.Piercing.Slashing,*2,1d12
# Shifter Offhand Claw - 1 1d2 1d3 1d4 1d6 1d8 1d10 1d12 P/S Secondary
# x1 (Default)
Shifter Offhand Claw 1 (Diminutive)		VISIBLE:NO	PRESIZEEQ:D																		NATURALATTACKS:Shifter Offhand Claw,Weapon.Natural.NaturalSecondary.Weapon Group Natural.Melee.NaturalSecondary.Finesseable.Piercing.Slashing,*1,1
Shifter Offhand Claw 1 (Tiny)			VISIBLE:NO	PRESIZEEQ:T																		NATURALATTACKS:Shifter Offhand Claw,Weapon.Natural.NaturalSecondary.Weapon Group Natural.Melee.NaturalSecondary.Finesseable.Piercing.Slashing,*1,1d2
Shifter Offhand Claw 1 (Small)		VISIBLE:NO	PRESIZEEQ:S																		NATURALATTACKS:Shifter Offhand Claw,Weapon.Natural.NaturalSecondary.Weapon Group Natural.Melee.NaturalSecondary.Finesseable.Piercing.Slashing,*1,1d3
Shifter Offhand Claw 1 (Medium)		VISIBLE:NO	PRESIZEEQ:M																		NATURALATTACKS:Shifter Offhand Claw,Weapon.Natural.NaturalSecondary.Weapon Group Natural.Melee.NaturalSecondary.Finesseable.Piercing.Slashing,*1,1d4
Shifter Offhand Claw 1 (Large)		VISIBLE:NO	PRESIZEEQ:L																		NATURALATTACKS:Shifter Offhand Claw,Weapon.Natural.NaturalSecondary.Weapon Group Natural.Melee.NaturalSecondary.Finesseable.Piercing.Slashing,*1,1d6
Shifter Offhand Claw 1 (Huge)			VISIBLE:NO	PRESIZEEQ:H																		NATURALATTACKS:Shifter Offhand Claw,Weapon.Natural.NaturalSecondary.Weapon Group Natural.Melee.NaturalSecondary.Finesseable.Piercing.Slashing,*1,1d8
Shifter Offhand Claw 1 (Gargantuan)		VISIBLE:NO	PRESIZEEQ:G																		NATURALATTACKS:Shifter Offhand Claw,Weapon.Natural.NaturalSecondary.Weapon Group Natural.Melee.NaturalSecondary.Finesseable.Piercing.Slashing,*1,1d10
Shifter Offhand Claw 1 (Colossal)		VISIBLE:NO	PRESIZEEQ:C																		NATURALATTACKS:Shifter Offhand Claw,Weapon.Natural.NaturalSecondary.Weapon Group Natural.Melee.NaturalSecondary.Finesseable.Piercing.Slashing,*1,1d12
