# CVS $Revision: $ $Author: $ -- Thu Dec 30 15:56:14 2010 -- reformated by prettylst.pl v1.39 (build 11455)
SOURCELONG:Bestiary 2	SOURCESHORT:PFB2	SOURCEWEB:http://paizo.com/store/byCompany/p/paizoPublishingLLC/pathfinder/pathfinderRPG/v5748btpy8hif	SOURCEDATE:2010-12

# Original Entry: Distant Scholar
# Original Entry Date: 15 August 2011

STARTPACK:Sandman Default	TYPE:DefaultMonster.Sandman	VISIBLE:QUALIFY	EQUIPBUY:0	PREMULT:1,[!PRERACE:1,%],[PRERACE:1,Sandman]	SOURCEPAGE:p.236
RACE:Sandman	!PRERACE:1,%
NAME:Sandman
ALIGN:NE
STAT:STR=10|DEX=11|CON=11|INT=10|WIS=11|CHA=10
SKILL:Acrobatics			RANK:4
SKILL:Climb				RANK:4
SKILL:Knowledge (Planes)	RANK:4
SKILL:Perception			RANK:4
SKILL:Sense Motive		RANK:4
SKILL:Stealth			RANK:4
FEAT:Improved Initiative
FEAT:Iron Will

STARTPACK:Sard Default	TYPE:DefaultMonster.Sard	VISIBLE:QUALIFY	EQUIPBUY:0	PREMULT:1,[!PRERACE:1,%],[PRERACE:1,Sard]	SOURCEPAGE:p.237
RACE:Sard		!PRERACE:1,%
NAME:Sard
ALIGN:CE
STAT:STR=10|DEX=11|CON=10|INT=11|WIS=10|CHA=11
SKILL:Perception	RANK:23
FEAT:Awesome Blow
FEAT:Improved Bull Rush
FEAT:Improved Critical (Slam)
FEAT:Improved Lightning Reflexes
FEAT:Improved Precise Shot
FEAT:Improved Sunder
FEAT:Lightning Reflexes
FEAT:Point-Blank Shot
FEAT:Power Attack
FEAT:Precise Shot
FEAT:Quicken Spell-Like Ability ~ Spell (Lightning Bolt)
FEAT:Vital Strike

STARTPACK:Scarecrow Default	TYPE:DefaultMonster.Scarecrow	VISIBLE:QUALIFY	EQUIPBUY:0	PREMULT:1,[!PRERACE:1,%],[PRERACE:1,Scarecrow]	SOURCEPAGE:p.238
RACE:Scarecrow		!PRERACE:1,%
NAME:Scarecrow
GENDER:Neuter
ALIGN:TN
STAT:STR=10|DEX=10|CON=11|INT=11|WIS=11|CHA=10

STARTPACK:Sceaduinar Default	TYPE:DefaultMonster.Sceaduinar	VISIBLE:QUALIFY	EQUIPBUY:0	PREMULT:1,[!PRERACE:1,%],[PRERACE:1,Sceaduinar]	SOURCEPAGE:p.239
RACE:Sceaduinar		!PRERACE:1,%
NAME:Sceaduinar
ALIGN:NE
STAT:STR=11|DEX=10|CON=10|INT=11|WIS=10|CHA=11
SKILL:Escape Artist		RANK:9
SKILL:Intimidate			RANK:9
SKILL:Knowledge (Nature)	RANK:9
SKILL:Knowledge (Planes)	RANK:9
SKILL:Perception			RANK:9
SKILL:Sense Motive		RANK:9
SKILL:Stealth			RANK:9
FEAT:Dodge
FEAT:Mobility
FEAT:Skill Focus (Perception)
FEAT:Step Up
FEAT:Weapon Finesse

STARTPACK:Scorpion (Black) Default	TYPE:DefaultMonster.BlackScorpion	VISIBLE:QUALIFY	EQUIPBUY:0	PREMULT:1,[!PRERACE:1,%],[PRERACE:1,Scorpion (Black)]	SOURCEPAGE:p.240
RACE:Scorpion (Black)		!PRERACE:1,%
NAME:Black Scorpion
ALIGN:TN
STAT:STR=10|DEX=10|CON=10|INT=11|WIS=10|CHA=10

STARTPACK:Scorpion (Cave) Default	TYPE:DefaultMonster.CaveScorpion	VISIBLE:QUALIFY	EQUIPBUY:0	PREMULT:1,[!PRERACE:1,%],[PRERACE:1,Scorpion (Cave)]	SOURCEPAGE:p.240
RACE:Scorpion (Cave)		!PRERACE:1,%
NAME:Cave Scorpion
ALIGN:TN
STAT:STR=11|DEX=10|CON=11|INT=11|WIS=10|CHA=10

STARTPACK:Scylla Default	TYPE:DefaultMonster.Scylla	VISIBLE:QUALIFY	EQUIPBUY:0	PREMULT:1,[!PRERACE:1,%],[PRERACE:1,Scylla]	SOURCEPAGE:p.241
RACE:Scylla		!PRERACE:1,%
NAME:Scylla
GENDER:Female
ALIGN:CE
STAT:STR=11|DEX=10|CON=11|INT=10|WIS=11|CHA=10
SKILL:Acrobatics			RANK:20
SKILL:Bluff				RANK:20
SKILL:Fly				RANK:20
SKILL:Knowledge (Nature)	RANK:17
SKILL:Perception			RANK:16
SKILL:Sense Motive		RANK:20
SKILL:Stealth			RANK:20
SKILL:Swim				RANK:20
SKILL:Use Magic Device		RANK:20
FEAT:Combat Reflexes
FEAT:Dodge
FEAT:Improved Critical (Bite)
FEAT:Mobility
FEAT:Multiattack
FEAT:Power Attack
FEAT:Vital Strike
FEAT:Weapon Finesse
FEAT:Weapon Focus (Bite)
FEAT:Weapon Focus (Tentacle)

STARTPACK:Serpentfolk Default	TYPE:DefaultMonster.Serpentfolk	VISIBLE:QUALIFY	EQUIPBUY:0	PREMULT:1,[!PRERACE:1,%],[PRERACE:1,Serpentfolk]	SOURCEPAGE:p.242
RACE:Serpentfolk		!PRERACE:1,%
NAME:Serpentfolk
ALIGN:NE
STAT:STR=10|DEX=11|CON=11|INT=10|WIS=11|CHA=10
SKILL:Acrobatics			RANK:5
SKILL:Disguise			RANK:5
SKILL:Escape Artist		RANK:5
SKILL:Knowledge (Arcana)	RANK:5
SKILL:Perception			RANK:5
SKILL:Sense Motive		RANK:5
SKILL:Spellcraft			RANK:5
SKILL:Use Magic Device		RANK:5
FEAT:Great Fortitude
FEAT:Improved Initiative
FEAT:Weapon Finesse
GEAR:Dagger		LOCATION:Equipped	EQMOD:MWORKW

STARTPACK:Seugathi Default	TYPE:DefaultMonster.Seugathi	VISIBLE:QUALIFY	EQUIPBUY:0	PREMULT:1,[!PRERACE:1,%],[PRERACE:1,Seugathi]	SOURCEPAGE:p.243
RACE:Seugathi		!PRERACE:1,%
NAME:Seugathi
ALIGN:CE
STAT:STR=10|DEX=10|CON=11|INT=10|WIS=11|CHA=11
SKILL:Escape Artist		RANK:9
SKILL:Knowledge (Religion)	RANK:9
SKILL:Perception			RANK:9
SKILL:Sense Motive		RANK:9
SKILL:Stealth			RANK:9
SKILL:Use Magic Device		RANK:9
FEAT:Ability Focus (Aura of Madness)
FEAT:Combat Casting
FEAT:Combat Reflexes
FEAT:Improved Initiative
FEAT:Weapon Finesse
GEAR:Sword (Short)		LOCATION:Primary Hand	EQMOD:MWORKW	SIZE:L
SELECT:roll("1d20")
GEAR:Wand	LOCATION:Secondary Hand	EQMOD:SPL_CHRG|SPELLNAME[Magic Missile] CASTER[Wizard] SPELLTYPE[Arcane] SPELLLEVEL[1] CASTERLEVEL[5] CHARGES[31]	OPTION:1,1
GEAR:Wand	LOCATION:Secondary Hand	EQMOD:SPL_CHRG|SPELLNAME[Magic Missile] CASTER[Wizard] SPELLTYPE[Arcane] SPELLLEVEL[1] CASTERLEVEL[5] CHARGES[32]	OPTION:2,2
GEAR:Wand	LOCATION:Secondary Hand	EQMOD:SPL_CHRG|SPELLNAME[Magic Missile] CASTER[Wizard] SPELLTYPE[Arcane] SPELLLEVEL[1] CASTERLEVEL[5] CHARGES[33]	OPTION:3,3
GEAR:Wand	LOCATION:Secondary Hand	EQMOD:SPL_CHRG|SPELLNAME[Magic Missile] CASTER[Wizard] SPELLTYPE[Arcane] SPELLLEVEL[1] CASTERLEVEL[5] CHARGES[34]	OPTION:4,4
GEAR:Wand	LOCATION:Secondary Hand	EQMOD:SPL_CHRG|SPELLNAME[Magic Missile] CASTER[Wizard] SPELLTYPE[Arcane] SPELLLEVEL[1] CASTERLEVEL[5] CHARGES[35]	OPTION:5,5
GEAR:Wand	LOCATION:Secondary Hand	EQMOD:SPL_CHRG|SPELLNAME[Magic Missile] CASTER[Wizard] SPELLTYPE[Arcane] SPELLLEVEL[1] CASTERLEVEL[5] CHARGES[36]	OPTION:6,6
GEAR:Wand	LOCATION:Secondary Hand	EQMOD:SPL_CHRG|SPELLNAME[Magic Missile] CASTER[Wizard] SPELLTYPE[Arcane] SPELLLEVEL[1] CASTERLEVEL[5] CHARGES[37]	OPTION:7,7
GEAR:Wand	LOCATION:Secondary Hand	EQMOD:SPL_CHRG|SPELLNAME[Magic Missile] CASTER[Wizard] SPELLTYPE[Arcane] SPELLLEVEL[1] CASTERLEVEL[5] CHARGES[38]	OPTION:8,8
GEAR:Wand	LOCATION:Secondary Hand	EQMOD:SPL_CHRG|SPELLNAME[Magic Missile] CASTER[Wizard] SPELLTYPE[Arcane] SPELLLEVEL[1] CASTERLEVEL[5] CHARGES[39]	OPTION:9,9
GEAR:Wand	LOCATION:Secondary Hand	EQMOD:SPL_CHRG|SPELLNAME[Magic Missile] CASTER[Wizard] SPELLTYPE[Arcane] SPELLLEVEL[1] CASTERLEVEL[5] CHARGES[40]	OPTION:10,10
GEAR:Wand	LOCATION:Secondary Hand	EQMOD:SPL_CHRG|SPELLNAME[Magic Missile] CASTER[Wizard] SPELLTYPE[Arcane] SPELLLEVEL[1] CASTERLEVEL[5] CHARGES[41]	OPTION:11,11
GEAR:Wand	LOCATION:Secondary Hand	EQMOD:SPL_CHRG|SPELLNAME[Magic Missile] CASTER[Wizard] SPELLTYPE[Arcane] SPELLLEVEL[1] CASTERLEVEL[5] CHARGES[42]	OPTION:12,12
GEAR:Wand	LOCATION:Secondary Hand	EQMOD:SPL_CHRG|SPELLNAME[Magic Missile] CASTER[Wizard] SPELLTYPE[Arcane] SPELLLEVEL[1] CASTERLEVEL[5] CHARGES[43]	OPTION:13,13
GEAR:Wand	LOCATION:Secondary Hand	EQMOD:SPL_CHRG|SPELLNAME[Magic Missile] CASTER[Wizard] SPELLTYPE[Arcane] SPELLLEVEL[1] CASTERLEVEL[5] CHARGES[44]	OPTION:14,14
GEAR:Wand	LOCATION:Secondary Hand	EQMOD:SPL_CHRG|SPELLNAME[Magic Missile] CASTER[Wizard] SPELLTYPE[Arcane] SPELLLEVEL[1] CASTERLEVEL[5] CHARGES[45]	OPTION:15,15
GEAR:Wand	LOCATION:Secondary Hand	EQMOD:SPL_CHRG|SPELLNAME[Magic Missile] CASTER[Wizard] SPELLTYPE[Arcane] SPELLLEVEL[1] CASTERLEVEL[5] CHARGES[46]	OPTION:16,16
GEAR:Wand	LOCATION:Secondary Hand	EQMOD:SPL_CHRG|SPELLNAME[Magic Missile] CASTER[Wizard] SPELLTYPE[Arcane] SPELLLEVEL[1] CASTERLEVEL[5] CHARGES[47]	OPTION:17,17
GEAR:Wand	LOCATION:Secondary Hand	EQMOD:SPL_CHRG|SPELLNAME[Magic Missile] CASTER[Wizard] SPELLTYPE[Arcane] SPELLLEVEL[1] CASTERLEVEL[5] CHARGES[48]	OPTION:18,18
GEAR:Wand	LOCATION:Secondary Hand	EQMOD:SPL_CHRG|SPELLNAME[Magic Missile] CASTER[Wizard] SPELLTYPE[Arcane] SPELLLEVEL[1] CASTERLEVEL[5] CHARGES[49]	OPTION:19,19
GEAR:Wand	LOCATION:Secondary Hand	EQMOD:SPL_CHRG|SPELLNAME[Magic Missile] CASTER[Wizard] SPELLTYPE[Arcane] SPELLLEVEL[1] CASTERLEVEL[5] CHARGES[50]	OPTION:20,20

STARTPACK:Shantak Default	TYPE:DefaultMonster.Shantak	VISIBLE:QUALIFY	EQUIPBUY:0	PREMULT:1,[!PRERACE:1,%],[PRERACE:1,Shantak]	SOURCEPAGE:p.244
RACE:Shantak		!PRERACE:1,%
NAME:Shantak
ALIGN:CE
STAT:STR=10|DEX=11|CON=11|INT=10|WIS=11|CHA=10
SKILL:Fly			RANK:11
FEAT:Awesome Blow
FEAT:Flyby Attack
FEAT:Hover
FEAT:Improved Bull Rush
FEAT:Power Attack
FEAT:Wingover

STARTPACK:Shining Child Default	TYPE:DefaultMonster.ShiningChild	VISIBLE:QUALIFY	EQUIPBUY:0	PREMULT:1,[!PRERACE:1,%],[PRERACE:1,Shining Child]	SOURCEPAGE:p.245
RACE:Shining Child		!PRERACE:1,%
NAME:Shining Child
ALIGN:CE
STAT:STR=10|DEX=11|CON=10|INT=11|WIS=11|CHA=10
SKILL:Bluff		RANK:16
SKILL:Diplomacy	RANK:16
SKILL:Intimidate	RANK:16
SKILL:Knowledge (Arcana)	RANK:16
SKILL:Knowledge (Planes)	RANK:16
SKILL:Perception			RANK:16
SKILL:Spellcraft			RANK:16
SKILL:Use Magic Device		RANK:16
FEAT:Ability Focus (Blinding Light)
FEAT:Dodge
FEAT:Improved Initiative
FEAT:Lightning Reflexes
FEAT:Mobility
FEAT:Skill Focus (Perception)
FEAT:Spring Attack
FEAT:Weapon Finesse

STARTPACK:Wrathspawn Default	TYPE:DefaultMonster.Wrathspawn	VISIBLE:QUALIFY	EQUIPBUY:0	PREMULT:1,[!PRERACE:1,%],[PRERACE:1,Sinspawn (Wrathspawn)]	SOURCEPAGE:p.246
RACE:Sinspawn (Wrathspawn)		!PRERACE:1,%
NAME:Wrathspawn
ALIGN:NE
STAT:STR=11|DEX=11|CON=10|INT=10|WIS=11|CHA=10
SKILL:Intimidate	RANK:3
SKILL:Perception	RANK:3
SKILL:Stealth	RANK:3
SKILL:Survival	RANK:3
FEAT:Dodge
FEAT:Improved Initiative
GEAR:Ranseur	LOCATION:Equipped

STARTPACK:Pridespawn Default	TYPE:DefaultMonster.Pridespawn	VISIBLE:QUALIFY	EQUIPBUY:0	PREMULT:1,[!PRERACE:1,%],[PRERACE:1,Sinspawn (Pridespawn)]	SOURCEPAGE:p.246
RACE:Sinspawn (Pridespawn)		!PRERACE:1,%
NAME:Pridespawn
ALIGN:NE
STAT:STR=11|DEX=11|CON=10|INT=10|WIS=11|CHA=10
SKILL:Intimidate	RANK:3
SKILL:Perception	RANK:3
SKILL:Stealth	RANK:3
SKILL:Survival	RANK:3
FEAT:Dodge
FEAT:Improved Initiative
GEAR:Ranseur	LOCATION:Equipped

STARTPACK:Slothspawn Default	TYPE:DefaultMonster.Slothspawn	VISIBLE:QUALIFY	EQUIPBUY:0	PREMULT:1,[!PRERACE:1,%],[PRERACE:1,Sinspawn (Slothspawn)]	SOURCEPAGE:p.246
RACE:Sinspawn (Slothspawn)		!PRERACE:1,%
NAME:Slothspawn
ALIGN:NE
STAT:STR=11|DEX=11|CON=10|INT=10|WIS=11|CHA=10
SKILL:Intimidate	RANK:3
SKILL:Perception	RANK:3
SKILL:Stealth	RANK:3
SKILL:Survival	RANK:3
FEAT:Dodge
FEAT:Improved Initiative
GEAR:Ranseur	LOCATION:Equipped

STARTPACK:Envyspawn Default	TYPE:DefaultMonster.Envyspawn	VISIBLE:QUALIFY	EQUIPBUY:0	PREMULT:1,[!PRERACE:1,%],[PRERACE:1,Sinspawn (Envyspawn)]	SOURCEPAGE:p.246
RACE:Sinspawn (Envyspawn)		!PRERACE:1,%
NAME:Envyspawn
ALIGN:NE
STAT:STR=11|DEX=11|CON=10|INT=10|WIS=11|CHA=10
SKILL:Intimidate	RANK:3
SKILL:Perception	RANK:3
SKILL:Stealth	RANK:3
SKILL:Survival	RANK:3
FEAT:Dodge
FEAT:Improved Initiative
GEAR:Ranseur	LOCATION:Equipped

STARTPACK:Gluttonspawn Default	TYPE:DefaultMonster.Gluttonspawn	VISIBLE:QUALIFY	EQUIPBUY:0	PREMULT:1,[!PRERACE:1,%],[PRERACE:1,Sinspawn (Gluttonspawn)]	SOURCEPAGE:p.246
RACE:Sinspawn (Gluttonspawn)		!PRERACE:1,%
NAME:Gluttonspawn
ALIGN:NE
STAT:STR=11|DEX=11|CON=10|INT=10|WIS=11|CHA=10
SKILL:Intimidate	RANK:3
SKILL:Perception	RANK:3
SKILL:Stealth	RANK:3
SKILL:Survival	RANK:3
FEAT:Dodge
FEAT:Improved Initiative
GEAR:Ranseur	LOCATION:Equipped

STARTPACK:Greedspawn Default	TYPE:DefaultMonster.Greedspawn	VISIBLE:QUALIFY	EQUIPBUY:0	PREMULT:1,[!PRERACE:1,%],[PRERACE:1,Sinspawn (Greedspawn)]	SOURCEPAGE:p.246
RACE:Sinspawn (Greedspawn)		!PRERACE:1,%
NAME:Greedspawn
ALIGN:NE
STAT:STR=11|DEX=11|CON=10|INT=10|WIS=11|CHA=10
SKILL:Intimidate	RANK:3
SKILL:Perception	RANK:3
SKILL:Stealth	RANK:3
SKILL:Survival	RANK:3
FEAT:Dodge
FEAT:Improved Initiative
GEAR:Ranseur	LOCATION:Equipped

STARTPACK:Lustspawn Default	TYPE:DefaultMonster.Lustspawn	VISIBLE:QUALIFY	EQUIPBUY:0	PREMULT:1,[!PRERACE:1,%],[PRERACE:1,Sinspawn (Lustspawn)]	SOURCEPAGE:p.246
RACE:Sinspawn (Lustspawn)		!PRERACE:1,%
NAME:Lustspawn
ALIGN:NE
STAT:STR=11|DEX=11|CON=10|INT=10|WIS=11|CHA=10
SKILL:Intimidate	RANK:3
SKILL:Perception	RANK:3
SKILL:Stealth	RANK:3
SKILL:Survival	RANK:3
FEAT:Dodge
FEAT:Improved Initiative
GEAR:Ranseur	LOCATION:Equipped

STARTPACK:Siren Default	TYPE:DefaultMonster.Siren	VISIBLE:QUALIFY	EQUIPBUY:0	PREMULT:1,[!PRERACE:1,%],[PRERACE:1,Siren]	SOURCEPAGE:p.247
RACE:Siren		!PRERACE:1,%
NAME:Siren
GENDER:Female
ALIGN:CN
STAT:STR=10|DEX=11|CON=10|INT=10|WIS=11|CHA=11
SKILL:Knowledge (History)	RANK:8
SKILL:Perception			RANK:8
SKILL:Perform (Sing)		RANK:8
SKILL:Stealth			RANK:8
FEAT:Dodge
FEAT:Flyby Attack
FEAT:Lightning Reflexes
FEAT:Weapon Finesse
