# CVS $Revision: $ $Author: $ -- Thu Dec 30 15:56:14 2010 -- reformated by prettylst.pl v1.39 (build 11455)
SOURCELONG:Bestiary 2	SOURCESHORT:PFB2	SOURCEWEB:http://paizo.com/store/byCompany/p/paizoPublishingLLC/pathfinder/pathfinderRPG/v5748btpy8hif	SOURCEDATE:2010-12

STARTPACK:Companion ~ Gar	TYPE:Companion	VISIBLE:NO
ALIGN:TN
STAT:STR=10|DEX=10|CON=11|INT=10|WIS=11|CHA=10

STARTPACK:Companion ~ Herd Animal (Ram)	TYPE:Companion	VISIBLE:NO
ALIGN:TN
STAT:STR=10|DEX=11|CON=11|INT=10|WIS=10|CHA=11

STARTPACK:Companion ~ Hippopotamus	TYPE:Companion	VISIBLE:NO
ALIGN:TN
STAT:STR=11|DEX=10|CON=10|INT=10|WIS=11|CHA=11

STARTPACK:Companion ~ Megafauna (Arsinoitherium)	TYPE:Companion	VISIBLE:NO
ALIGN:TN
STAT:STR=10|DEX=10|CON=11|INT=10|WIS=11|CHA=11

STARTPACK:Companion ~ Megafauna (Gylptodon)	TYPE:Companion	VISIBLE:NO
ALIGN:TN
STAT:STR=11|DEX=10|CON=11|INT=10|WIS=11|CHA=10

STARTPACK:Companion ~ Megafauna (Megaloceros)	TYPE:Companion	VISIBLE:NO
ALIGN:TN
STAT:STR=10|DEX=11|CON=10|INT=10|WIS=11|CHA=11

STARTPACK:Companion ~ Megafauna (Megatherium)	TYPE:Companion	VISIBLE:NO
ALIGN:TN
STAT:STR=11|DEX=10|CON=11|INT=10|WIS=11|CHA=10

STARTPACK:Companion ~ Primate (Baboon)	TYPE:Companion	VISIBLE:NO
ALIGN:TN
STAT:STR=10|DEX=11|CON=10|INT=10|WIS=10|CHA=11

STARTPACK:Companion ~ Ray (Manta)	TYPE:Companion	VISIBLE:NO
ALIGN:TN
STAT:STR=10|DEX=11|CON=11|INT=10|WIS=11|CHA=10

STARTPACK:Companion ~ Ray (Stingray)	TYPE:Companion	VISIBLE:NO
ALIGN:TN
STAT:STR=10|DEX=11|CON=11|INT=10|WIS=11|CHA=10

STARTPACK:Companion ~ Turtle (Giant Snapping)	TYPE:Companion	VISIBLE:NO
ALIGN:TN
STAT:STR=10|DEX=10|CON=11|INT=10|WIS=11|CHA=10

STARTPACK:Familiar ~ Arbiter	TYPE:Companion	VISIBLE:NO
ALIGN:LN
STAT:STR=11|DEX=10|CON=10|INT=11|WIS=11|CHA=10
SKILL:Diplomacy			RANK:2
SKILL:Fly				RANK:2
SKILL:Knowledge (Planes)	RANK:2
SKILL:Perception			RANK:2
SKILL:Sense Motive		RANK:2
SKILL:Stealth			RANK:2
FEAT:Flyby Attack
GEAR:Sword (Short)	SIZE:T	LOCATION:Equipped

STARTPACK:Familiar ~ Voidworm	TYPE:Companion	VISIBLE:NO
ALIGN:CN
STAT:STR=11|DEX=11|CON=10|INT=10|WIS=10|CHA=11
SKILL:Acrobatics			RANK:3
SKILL:Bluff				RANK:3
SKILL:Escape Artist		RANK:1
SKILL:Fly				RANK:1
SKILL:Knowledge (Arcana)	RANK:3
SKILL:Perception			RANK:3
SKILL:Stealth			RANK:1
FEAT:Skill Focus (Perception)
FEAT:Weapon Finesse

STARTPACK:Familiar ~ Cythnigot	TYPE:Companion	VISIBLE:NO
ALIGN:CE
STAT:STR=10|DEX=10|CON=11|INT=11|WIS=10|CHA=11
SKILL:Acrobatics			RANK:3
SKILL:Fly				RANK:3
SKILL:Knowledge (Nature)	RANK:3
SKILL:Knowledge (Planes)	RANK:3
SKILL:Perception			RANK:3
SKILL:Stealth			RANK:3
FEAT:Lightning Reflexes
FEAT:Weapon Finesse
