# CVS $Revision: 13408 $ $Author: amaitland $ -- Thu Dec 30 15:56:14 2010 -- reformated by prettylst.pl v1.39 (build 11455)
SOURCELONG:Bestiary 2	SOURCESHORT:PFB2	SOURCEWEB:http://paizo.com/store/byCompany/p/paizoPublishingLLC/pathfinder/pathfinderRPG/v5748btpy8hif	SOURCEDATE:2010-12
# Original Entry by: Stefan Radermacher

STARTPACK:Mercane Default	VISIBLE:QUALIFY	EQUIPBUY:0	PREMULT:1,[!PRERACE:1,%],[PRERACE:1,Mercane]
RACE:Mercane	!PRERACE:1,%
NAME:Mercane
ALIGN:TN
STAT:STR=11|DEX=10|CON=10|INT=10|WIS=11|CHA=11
SKILL:Appraise			RANK:6
SKILL:Bluff				RANK:6
SKILL:Diplomacy			RANK:6
SKILL:Intimidate			RANK:6
SKILL:Knowledge (Arcana)	RANK:6
SKILL:Knowledge (Planes)	RANK:6
SKILL:Perception			RANK:6
SKILL:Profession (Merchant)	RANK:6
SKILL:Sense Motive		RANK:6
SKILL:Sleight of hand		RANK:6
SKILL:Spellcraft			RANK:6
FEAT:Combat Casting
FEAT:Combat Expertise
FEAT:Dodge
GEAR:Falchion	SIZE:L	LOCATION:Both Hands	EQMOD:MWORKW

#
# End
#
