# CVS $Revision: 13408 $ $Author: amaitland $ -- Thu Dec 30 15:56:14 2010 -- reformated by prettylst.pl v1.39 (build 11455)
SOURCELONG:Bestiary 2	SOURCESHORT:PFB2	SOURCEWEB:http://paizo.com/store/byCompany/p/paizoPublishingLLC/pathfinder/pathfinderRPG/v5748btpy8hif	SOURCEDATE:2010-12
# Original Entry by: Stefan Radermacher

STARTPACK:Giant (Rune) Default	VISIBLE:QUALIFY	EQUIPBUY:0	PREMULT:1,[!PRERACE:1,%],[PRERACE:1,Giant (Rune)]
RACE:Giant (Rune)	!PRERACE:1,%
NAME:Rune Giant
ALIGN:LE
STAT:STR=11|DEX=11|CON=10|INT=10|WIS=11|CHA=10
SKILL:Acrobatics			RANK:20
SKILL:TYPE.Craft			RANK:20
SKILL:Knowledge (History)	RANK:10
SKILL:Knowledge (Nobility)	RANK:10
SKILL:Perception			RANK:20
FEAT:Awesome Blow
FEAT:Critical Focus
FEAT:Improved Bull Rush
FEAT:Improved Critical (Longsword)
FEAT:Improved Vital Strike
FEAT:Iron Will
FEAT:Power Attack
FEAT:Quick Draw
FEAT:Staggering Critical
FEAT:Vital Strike
GEAR:Full Plate		SIZE:G	LOCATION:Armor		EQMOD:MWORKA
GEAR:Longsword		SIZE:G	LOCATION:Both Hands	EQMOD:MWORKW
GEAR:Spear		QTY:3	SIZE:G	LOCATION:Carried		EQMOD:MWORKW

#
# End
#
