# CVS $Revision: 13408 $ $Author: amaitland $ -- Thu Dec 30 15:56:14 2010 -- reformated by prettylst.pl v1.39 (build 11455)
SOURCELONG:Bestiary 2	SOURCESHORT:PFB2	SOURCEWEB:http://paizo.com/store/byCompany/p/paizoPublishingLLC/pathfinder/pathfinderRPG/v5748btpy8hif	SOURCEDATE:2010-12
# Original Entry by: Stefan Radermacher

STARTPACK:Wendigo Default	VISIBLE:QUALIFY	EQUIPBUY:0	PREMULT:1,[!PRERACE:1,%],[PRERACE:1,Wendigo]
RACE:Wendigo	!PRERACE:1,%
NAME:Wendigo
ALIGN:LE
STAT:STR=11|DEX=11|CON=11|INT=10|WIS=10|CHA=10
SKILL:Acrobatics			RANK:18
SKILL:Bluff				RANK:18
SKILL:Fly				RANK:18
SKILL:Acrobatics			RANK:18
SKILL:Intimidate			RANK:18
SKILL:Knowledge (Arcana)	RANK:18
SKILL:Knowledge (Geography)	RANK:18
SKILL:Knowledge (Nature)	RANK:18
SKILL:Knowledge (Planes)	RANK:18
SKILL:Knowledge (Religion)	RANK:18
SKILL:Perception			RANK:18
SKILL:Sense Motive		RANK:18
SKILL:Spellcraft			RANK:18
SKILL:Stealth			RANK:18
SKILL:Survival			RANK:18
FEAT:Ability Focus (Howl)
FEAT:Critical Focus
FEAT:Flyby Attack
FEAT:Improved Critical (Claw)
FEAT:Improved Initiative
FEAT:Lightning Reflexes
FEAT:Multiattack
FEAT:Persuasive
FEAT:Tiring Critical

#
# End
#
