SOURCELONG:Bestiary 2	SOURCESHORT:PFB2	SOURCEWEB:http://paizo.com/store/byCompany/p/paizoPublishingLLC/pathfinder/pathfinderRPG/v5748btpy8hif	SOURCEDATE:2010-12


###Block: A
# Race Name				Output Name				Starting Feats	Size		Move					Face/Space	Reach		Vision				Automatic Languages				Bonus Languages								Combat bonus					Caster level bonus	Bonus to skill						Stat bonus																	Modify VAR																												Weapon prof. bonus																						Class Skill										Automatically Gained Armor Prof.						Automatically Gained Feat	Ability																																											Nb Legs	Nb Hands	Natural Attacks																																						Define															Spell Res.	Damage Reduction			Monster Class Name and Starting Level	Main Race Type		Template								Challenge Rating	Source Page		Innate Spells																																																																																																					Add 					Apply Kit
Achaierai
Aeon (Akhana)
Aeon (Bethos)
Aeon (Paracletus)
Aeon (Pleroma)
Aeon (Theletos)
Agathion (Avoral)
Agathion (Cetaceal)
Agathion (Draconal)
Agathion (Leonal)
Agathion (Silvanshee)
Agathion (Vulpinal)
Akata
Amoeba (Giant)
Amoeba (Swarm)
Amphisbaena
Angel (Cassisian)
Angel (Monadic Deva)
Angel (Movanic Deva)
Animate Dream
Aranea
Archon (Shield)
Archon (Star)
Athach
Attic Whisperer
Aurumvorax
Axiomite
Azata (Brijidine)
Azata (Lyrakied)
Azer

###Block: B
# Race Name				Output Name				Starting Feats	Size		Move					Face/Space	Reach		Vision				Automatic Languages				Bonus Languages								Combat bonus					Caster level bonus	Bonus to skill						Stat bonus																	Modify VAR																												Weapon prof. bonus																						Class Skill										Automatically Gained Armor Prof.						Automatically Gained Feat	Ability																																											Nb Legs	Nb Hands	Natural Attacks																																						Define															Spell Res.	Damage Reduction			Monster Class Name and Starting Level	Main Race Type		Template								Challenge Rating	Source Page		Innate Spells																																																																																																					Add 					Apply Kit
Badger
Badger (Dire)
Banshee
Bat (Mobat)
Bat (Skaveling)
Bee (Giant)
Bee (Giant Queen)
Beetle (Goliath Stag)
Beetle (Slicer)
Belker
Blindheim
Blink Dog
Bodak
Brownie
Bunyip

###Block: C
# Race Name				Output Name				Starting Feats	Size		Move					Face/Space	Reach		Vision				Automatic Languages				Bonus Languages								Combat bonus					Caster level bonus	Bonus to skill						Stat bonus																	Modify VAR																												Weapon prof. bonus																						Class Skill										Automatically Gained Armor Prof.						Automatically Gained Feat	Ability																																											Nb Legs	Nb Hands	Natural Attacks																																						Define															Spell Res.	Damage Reduction			Monster Class Name and Starting Level	Main Race Type		Template								Challenge Rating	Source Page		Innate Spells																																																																																																					Add 					Apply Kit
Carnivorous Blob
Catoblepas
Centipede (Giant Whiptail)
Centipede (Titan)
Chaos Beast
Charda
Charybdis
Chupacabra
Cockroach (Giant)
Cockroach (Swarm)
Crawling Hand
Crawling Hand (Giant)
Crypt Thing
Crysmal

##
## EOF
##