
###Block: Parent Categories
ABILITYCATEGORY:Race			CATEGORY:Race		VISIBLE:NO
ABILITYCATEGORY:Racial Trait		CATEGORY:Racial Trait	VISIBLE:NO
ABILITYCATEGORY:Class			CATEGORY:Class		VISIBLE:NO
ABILITYCATEGORY:Class Feature		CATEGORY:Class Feature	VISIBLE:NO
ABILITYCATEGORY:Internal		CATEGORY:Internal		VISIBLE:NO
ABILITYCATEGORY:Proficiency		CATEGORY:PROFICIENCY	VISIBLE:NO
ABILITYCATEGORY:Archetype		CATEGORY:Archetype	VISIBLE:NO
ABILITYCATEGORY:Theme			CATEGORY:Theme		VISIBLE:NO
ABILITYCATEGORY:Weapon			CATEGORY:Weapon		VISIBLE:NO

ABILITYCATEGORY:Starship		CATEGORY:Starship		VISIBLE:NO

#ABILITYCATEGORY:Feat			CATEGORY:Feat					DISPLAYLOCATION:Character





ABILITYCATEGORY:Special Ability	CATEGORY:Special Ability	VISIBLE:NO

# Special Ability is for displayed abilities
# Race is a base ability to allow quick add-on to a race
# Class is a base ability to allow quick add-on to a class
# Internal is a catch-all for non-displayed internal items
#


###Block: Child Categories
ABILITYCATEGORY:PC Level 5 Stat Boost		CATEGORY:Internal	TYPE:PC Level 5 Stat Boost	POOL:PCStatBoostLVL_A	VISIBLE:QUALIFY	DISPLAYLOCATION:Character	EDITABLE:YES	EDITPOOL:NO
ABILITYCATEGORY:PC Level 10 Stat Boost		CATEGORY:Internal	TYPE:PC Level 10 Stat Boost	POOL:PCStatBoostLVL_B	VISIBLE:QUALIFY	DISPLAYLOCATION:Character	EDITABLE:YES	EDITPOOL:NO
ABILITYCATEGORY:PC Level 15 Stat Boost		CATEGORY:Internal	TYPE:PC Level 15 Stat Boost	POOL:PCStatBoostLVL_C	VISIBLE:QUALIFY	DISPLAYLOCATION:Character	EDITABLE:YES	EDITPOOL:NO
ABILITYCATEGORY:PC Level 20 Stat Boost		CATEGORY:Internal	TYPE:PC Level 20 Stat Boost	POOL:PCStatBoostLVL_D	VISIBLE:QUALIFY	DISPLAYLOCATION:Character	EDITABLE:YES	EDITPOOL:NO
ABILITYCATEGORY:Soldier Key Ability Score		CATEGORY:Internal	TYPE:Soldier Key Ability Score				VISIBLE:QUALIFY	DISPLAYLOCATION:Character	EDITABLE:YES	EDITPOOL:NO


# Racial Traits
ABILITYCATEGORY:Android Racial Trait		CATEGORY:Racial Trait	TYPE:Android Racial Trait		VISIBLE:QUALIFY	DISPLAYLOCATION:Character	EDITABLE:YES	EDITPOOL:NO
ABILITYCATEGORY:Human Racial Trait			CATEGORY:Racial Trait	TYPE:Human Racial Trait			VISIBLE:QUALIFY	DISPLAYLOCATION:Character	EDITABLE:YES	EDITPOOL:NO
ABILITYCATEGORY:Kasatha Racial Trait		CATEGORY:Racial Trait	TYPE:Kasatha Racial Trait		VISIBLE:QUALIFY	DISPLAYLOCATION:Character	EDITABLE:YES	EDITPOOL:NO
ABILITYCATEGORY:Lashunta Racial Trait		CATEGORY:Racial Trait	TYPE:Lashunta Racial Trait		VISIBLE:QUALIFY	DISPLAYLOCATION:Character	EDITABLE:YES	EDITPOOL:NO
ABILITYCATEGORY:Shirren Racial Trait		CATEGORY:Racial Trait	TYPE:Shirren Racial Trait		VISIBLE:QUALIFY	DISPLAYLOCATION:Character	EDITABLE:YES	EDITPOOL:NO
ABILITYCATEGORY:Vesk Racial Trait			CATEGORY:Racial Trait	TYPE:Vesk Racial Trait			VISIBLE:QUALIFY	DISPLAYLOCATION:Character	EDITABLE:YES	EDITPOOL:NO
ABILITYCATEGORY:Ysoki Racial Trait			CATEGORY:Racial Trait	TYPE:Ysoki Racial Trait			VISIBLE:QUALIFY	DISPLAYLOCATION:Character	EDITABLE:YES	EDITPOOL:NO
ABILITYCATEGORY:Lashunta Subrace Selection	CATEGORY:Racial Trait	TYPE:Lashunta Subrace Selection	VISIBLE:QUALIFY	DISPLAYLOCATION:Character	EDITABLE:YES	EDITPOOL:NO


ABILITYCATEGORY:+2 Racial Bonus to Skill	ABILITYLIST:+2 Racial Bonus to Skill	CATEGORY:Racial Trait	VISIBLE:QUALIFY	DISPLAYLOCATION:Character	EDITABLE:YES	EDITPOOL:NO
ABILITYCATEGORY:+2 Racial Stat Bonus	ABILITYLIST:+2 Racial Stat Bonus		CATEGORY:Racial Trait	VISIBLE:QUALIFY	DISPLAYLOCATION:Character	EDITABLE:YES	EDITPOOL:NO


ABILITYCATEGORY:Theme Selection		CATEGORY:Theme	TYPE:Theme Selection	VISIBLE:QUALIFY	DISPLAYLOCATION:Character	EDITABLE:YES	EDITPOOL:NO
#ABILITYCATEGORY:Theme Benefit			CATEGORY:Theme	TYPE:Theme Benefit	VISIBLE:QUALIFY	DISPLAYLOCATION:Character	EDITABLE:YES	EDITPOOL:NO

ABILITYCATEGORY:ACE PILOT Theme Benefit			CATEGORY:Theme	TYPE:ACE PILOT Theme Benefit	VISIBLE:QUALIFY	DISPLAYLOCATION:Character	EDITABLE:YES	EDITPOOL:NO
ABILITYCATEGORY:BOUNTY HUNTER Theme Benefit		CATEGORY:Theme	TYPE:BOUNTY HUNTER Theme Benefit	VISIBLE:QUALIFY	DISPLAYLOCATION:Character	EDITABLE:YES	EDITPOOL:NO
ABILITYCATEGORY:ICON Theme Benefit				CATEGORY:Theme	TYPE:ICON Theme Benefit	VISIBLE:QUALIFY	DISPLAYLOCATION:Character	EDITABLE:YES	EDITPOOL:NO
ABILITYCATEGORY:MERCENARY Theme Benefit			CATEGORY:Theme	TYPE:MERCENARY Theme Benefit	VISIBLE:QUALIFY	DISPLAYLOCATION:Character	EDITABLE:YES	EDITPOOL:NO
ABILITYCATEGORY:OUTLAW Theme Benefit			CATEGORY:Theme	TYPE:OUTLAW Theme Benefit	VISIBLE:QUALIFY	DISPLAYLOCATION:Character	EDITABLE:YES	EDITPOOL:NO
ABILITYCATEGORY:PRIEST Theme Benefit			CATEGORY:Theme	TYPE:PRIEST Theme Benefit	VISIBLE:QUALIFY	DISPLAYLOCATION:Character	EDITABLE:YES	EDITPOOL:NO
ABILITYCATEGORY:SCHOLAR Theme Benefit			CATEGORY:Theme	TYPE:SCHOLAR Theme Benefit	VISIBLE:QUALIFY	DISPLAYLOCATION:Character	EDITABLE:YES	EDITPOOL:NO
ABILITYCATEGORY:SPACEFARER Theme Benefit			CATEGORY:Theme	TYPE:SPACEFARER Theme Benefit	VISIBLE:QUALIFY	DISPLAYLOCATION:Character	EDITABLE:YES	EDITPOOL:NO
ABILITYCATEGORY:XENOSEEKER Theme Benefit			CATEGORY:Theme	TYPE:XENOSEEKER Theme Benefit	VISIBLE:QUALIFY	DISPLAYLOCATION:Character	EDITABLE:YES	EDITPOOL:NO
ABILITYCATEGORY:THEMELESS Theme Benefit			CATEGORY:Theme	TYPE:THEMELESS Theme Benefit	VISIBLE:QUALIFY	DISPLAYLOCATION:Character	EDITABLE:YES	EDITPOOL:NO

# Class
ABILITYCATEGORY:Envoy Class Feature			CATEGORY:Class Feature	TYPE:Envoy Class Feature		VISIBLE:QUALIFY	DISPLAYLOCATION:Character	EDITABLE:YES	EDITPOOL:NO
ABILITYCATEGORY:Mechanic Class Feature		CATEGORY:Class Feature	TYPE:Mechanic Class Feature		VISIBLE:QUALIFY	DISPLAYLOCATION:Character	EDITABLE:YES	EDITPOOL:NO
ABILITYCATEGORY:Mystic Class Feature		CATEGORY:Class Feature	TYPE:Mystic Class Feature		VISIBLE:QUALIFY	DISPLAYLOCATION:Character	EDITABLE:YES	EDITPOOL:NO
ABILITYCATEGORY:Operative Class Feature		CATEGORY:Class Feature	TYPE:Operative Class Feature		VISIBLE:QUALIFY	DISPLAYLOCATION:Character	EDITABLE:YES	EDITPOOL:NO
ABILITYCATEGORY:Solarian Class Feature		CATEGORY:Class Feature	TYPE:Solarian Class Feature		VISIBLE:QUALIFY	DISPLAYLOCATION:Character	EDITABLE:YES	EDITPOOL:NO
ABILITYCATEGORY:Soldier Class Feature		CATEGORY:Class Feature	TYPE:Soldier Class Feature		VISIBLE:QUALIFY	DISPLAYLOCATION:Character	EDITABLE:YES	EDITPOOL:NO
ABILITYCATEGORY:Technomancer Class Feature	CATEGORY:Class Feature	TYPE:Technomancer Class Feature	VISIBLE:QUALIFY	DISPLAYLOCATION:Character	EDITABLE:YES	EDITPOOL:NO

# Archetype
ABILITYCATEGORY:Envoy Archetype			CATEGORY:Archetype	TYPE:Envoy Archetype		VISIBLE:QUALIFY	DISPLAYLOCATION:Character	EDITABLE:YES	EDITPOOL:NO
ABILITYCATEGORY:Mechanic Archetype			CATEGORY:Archetype	TYPE:Mechanic Archetype		VISIBLE:QUALIFY	DISPLAYLOCATION:Character	EDITABLE:YES	EDITPOOL:NO
ABILITYCATEGORY:Mystic Archetype			CATEGORY:Archetype	TYPE:Mystic Archetype		VISIBLE:QUALIFY	DISPLAYLOCATION:Character	EDITABLE:YES	EDITPOOL:NO
ABILITYCATEGORY:Operative Archetype			CATEGORY:Archetype	TYPE:Operative Archetype	VISIBLE:QUALIFY	DISPLAYLOCATION:Character	EDITABLE:YES	EDITPOOL:NO
ABILITYCATEGORY:Solarian Archetype			CATEGORY:Archetype	TYPE:Solarian Archetype		VISIBLE:QUALIFY	DISPLAYLOCATION:Character	EDITABLE:YES	EDITPOOL:NO
ABILITYCATEGORY:Soldier Archetype			CATEGORY:Archetype	TYPE:Soldier Archetype		VISIBLE:QUALIFY	DISPLAYLOCATION:Character	EDITABLE:YES	EDITPOOL:NO
ABILITYCATEGORY:Technomancer Archetype		CATEGORY:Archetype	TYPE:Technomancer Archetype	VISIBLE:QUALIFY	DISPLAYLOCATION:Character	EDITABLE:YES	EDITPOOL:NO

# Class Specific Pools
ABILITYCATEGORY:Skill Expertise				CATEGORY:Class Feature	TYPE:Skill Expertise				VISIBLE:QUALIFY	DISPLAYLOCATION:Character	EDITABLE:YES	EDITPOOL:NO
ABILITYCATEGORY:Envoy Inspiration				CATEGORY:Class Feature	TYPE:Envoy Inspiration				VISIBLE:QUALIFY	DISPLAYLOCATION:Character	EDITABLE:YES	EDITPOOL:NO
ABILITYCATEGORY:Mechanic Trick				CATEGORY:Class Feature	TYPE:Mechanic Trick				VISIBLE:QUALIFY	DISPLAYLOCATION:Character	EDITABLE:YES	EDITPOOL:NO
ABILITYCATEGORY:Akashic Connection Power			CATEGORY:Class Feature	TYPE:Akashic Connection Power			VISIBLE:QUALIFY	DISPLAYLOCATION:Character	EDITABLE:YES	EDITPOOL:NO
ABILITYCATEGORY:Empath Connection Power			CATEGORY:Class Feature	TYPE:Empath Connection Power			VISIBLE:QUALIFY	DISPLAYLOCATION:Character	EDITABLE:YES	EDITPOOL:NO
ABILITYCATEGORY:Healer Connection Power			CATEGORY:Class Feature	TYPE:Healer Connection Power			VISIBLE:QUALIFY	DISPLAYLOCATION:Character	EDITABLE:YES	EDITPOOL:NO
ABILITYCATEGORY:Mindbreaker Connection Power		CATEGORY:Class Feature	TYPE:Mindbreaker Connection Power		VISIBLE:QUALIFY	DISPLAYLOCATION:Character	EDITABLE:YES	EDITPOOL:NO
ABILITYCATEGORY:Overlord Connection Power			CATEGORY:Class Feature	TYPE:Overlord Connection Power		VISIBLE:QUALIFY	DISPLAYLOCATION:Character	EDITABLE:YES	EDITPOOL:NO
ABILITYCATEGORY:Star Shaman Connection Power		CATEGORY:Class Feature	TYPE:Star Shaman Connection Power		VISIBLE:QUALIFY	DISPLAYLOCATION:Character	EDITABLE:YES	EDITPOOL:NO
ABILITYCATEGORY:Xenodruid Connection Power		CATEGORY:Class Feature	TYPE:Xenodruid Connection Power		VISIBLE:QUALIFY	DISPLAYLOCATION:Character	EDITABLE:YES	EDITPOOL:NO
ABILITYCATEGORY:Stellar Revelation				CATEGORY:Class Feature	TYPE:Stellar Revelation				VISIBLE:QUALIFY	DISPLAYLOCATION:Character	EDITABLE:YES	EDITPOOL:NO
ABILITYCATEGORY:Magic Hack					CATEGORY:Class Feature	TYPE:Magic Hack					VISIBLE:QUALIFY	DISPLAYLOCATION:Character	EDITABLE:YES	EDITPOOL:NO
ABILITYCATEGORY:Primary Fighting Style			CATEGORY:Class Feature	TYPE:PRIMARY FIGHTING STYLE			VISIBLE:QUALIFY	DISPLAYLOCATION:Character	EDITABLE:YES	EDITPOOL:NO
ABILITYCATEGORY:Secondary Fighting Style			CATEGORY:Class Feature	TYPE:SECONDARY FIGHTING STYLE			VISIBLE:QUALIFY	DISPLAYLOCATION:Character	EDITABLE:YES	EDITPOOL:NO
ABILITYCATEGORY:Arcane Assailant Fighting Style		CATEGORY:Class Feature	TYPE:Arcane Assailant FIGHTING STYLE	VISIBLE:QUALIFY	DISPLAYLOCATION:Character	EDITABLE:YES	EDITPOOL:NO
ABILITYCATEGORY:Armor Storm Fighting Style		CATEGORY:Class Feature	TYPE:Armor Storm FIGHTING STYLE		VISIBLE:QUALIFY	DISPLAYLOCATION:Character	EDITABLE:YES	EDITPOOL:NO
ABILITYCATEGORY:Blitz Fighting Style			CATEGORY:Class Feature	TYPE:Blitz FIGHTING STYLE			VISIBLE:QUALIFY	DISPLAYLOCATION:Character	EDITABLE:YES	EDITPOOL:NO
ABILITYCATEGORY:Bombard Fighting Style			CATEGORY:Class Feature	TYPE:Bombard FIGHTING STYLE			VISIBLE:QUALIFY	DISPLAYLOCATION:Character	EDITABLE:YES	EDITPOOL:NO
ABILITYCATEGORY:Guard Fighting Style			CATEGORY:Class Feature	TYPE:Guard FIGHTING STYLE			VISIBLE:QUALIFY	DISPLAYLOCATION:Character	EDITABLE:YES	EDITPOOL:NO
ABILITYCATEGORY:Hit-And-Run Fighting Style		CATEGORY:Class Feature	TYPE:Hit-and-Run FIGHTING STYLE		VISIBLE:QUALIFY	DISPLAYLOCATION:Character	EDITABLE:YES	EDITPOOL:NO
ABILITYCATEGORY:Sharpshoot Fighting Style			CATEGORY:Class Feature	TYPE:Sharpshoot FIGHTING STYLE		VISIBLE:QUALIFY	DISPLAYLOCATION:Character	EDITABLE:YES	EDITPOOL:NO
ABILITYCATEGORY:Gear Boost					CATEGORY:Class Feature	TYPE:Gear Boost					VISIBLE:QUALIFY	DISPLAYLOCATION:Character	EDITABLE:YES	EDITPOOL:NO
ABILITYCATEGORY:Operative Specialization			CATEGORY:Class Feature	TYPE:OPERATIVE SPECIALIZATION			VISIBLE:QUALIFY	DISPLAYLOCATION:Character	EDITABLE:YES	EDITPOOL:NO
ABILITYCATEGORY:Operative Exploit				CATEGORY:Class Feature	TYPE:OPERATIVE EXPLOIT				VISIBLE:QUALIFY	DISPLAYLOCATION:Character	EDITABLE:YES	EDITPOOL:NO

ABILITYCATEGORY:Drone Feat					CATEGORY:Internal		TYPE:Drone Feat						VISIBLE:QUALIFY	DISPLAYLOCATION:Character	EDITABLE:YES	EDITPOOL:NO
ABILITYCATEGORY:Drone Mod					CATEGORY:Class Feature	TYPE:Drone Mod					VISIBLE:QUALIFY	DISPLAYLOCATION:Character	EDITABLE:YES	EDITPOOL:NO

ABILITYCATEGORY:Mechanic Control Net Selection		CATEGORY:Internal		TYPE:Mechanic Control Net Selection					VISIBLE:QUALIFY	DISPLAYLOCATION:Character	EDITABLE:YES	EDITPOOL:NO
ABILITYCATEGORY:Mechanic AI Level Divestment		CATEGORY:Internal		TYPE:Mechanic AI Level Divestment					VISIBLE:QUALIFY	DISPLAYLOCATION:Character	EDITABLE:YES	EDITPOOL:NO

ABILITYCATEGORY:Mechanic AI Selection			CATEGORY:Class Feature	TYPE:Mechanic AI Selection					VISIBLE:QUALIFY	DISPLAYLOCATION:Character	EDITABLE:YES	EDITPOOL:NO
ABILITYCATEGORY:Soldier Key Ability				CATEGORY:Internal		TYPE:Soldier Key Ability					VISIBLE:QUALIFY	DISPLAYLOCATION:Character	EDITABLE:YES	EDITPOOL:NO
ABILITYCATEGORY:DRONE CHASIS SELECTION			CATEGORY:Internal		TYPE:DRONE CHASIS SELECTION					VISIBLE:QUALIFY	DISPLAYLOCATION:Character	EDITABLE:YES	EDITPOOL:NO

ABILITYCATEGORY:Drone Weapon Proficiency			CATEGORY:Class Feature		ABILITYLIST:Drone Mod ~ Weapon Mount|Drone Mod ~ Melee Weapon Arm					VISIBLE:QUALIFY	DISPLAYLOCATION:Character	EDITABLE:YES	EDITPOOL:NO
ABILITYCATEGORY:Combat Drone Initial Mod			CATEGORY:Class Feature		ABILITYLIST:Drone Mod ~ Weapon Proficiency					VISIBLE:QUALIFY	DISPLAYLOCATION:Character	EDITABLE:YES	EDITPOOL:NO
ABILITYCATEGORY:Drone Resistance				CATEGORY:Class Feature		TYPE:Drone Resistance					VISIBLE:QUALIFY	DISPLAYLOCATION:Character	EDITABLE:YES	EDITPOOL:NO
ABILITYCATEGORY:Drone Greater Resistance				CATEGORY:Class Feature		TYPE:Drone Greater Resistance					VISIBLE:QUALIFY	DISPLAYLOCATION:Character	EDITABLE:YES	EDITPOOL:NO


ABILITYCATEGORY:DRONE Skill Unit				CATEGORY:Internal		ABILITYLIST:DRONE Skill Unit ~ Acrobatics|DRONE Skill Unit ~ Athletics|DRONE Skill Unit ~ Computers|DRONE Skill Unit ~ Engineering|DRONE Skill Unit ~ Perception|DRONE Skill Unit ~ Stealth					VISIBLE:QUALIFY	DISPLAYLOCATION:Character	EDITABLE:YES	EDITPOOL:NO





# Legacy Support
ABILITYCATEGORY:Dwarf Racial Trait			CATEGORY:Racial Trait	TYPE:Dwarf Racial Trait		VISIBLE:QUALIFY	DISPLAYLOCATION:Character	EDITABLE:YES	EDITPOOL:NO
ABILITYCATEGORY:Elf Racial Trait			CATEGORY:Racial Trait	TYPE:Elf Racial Trait		VISIBLE:QUALIFY	DISPLAYLOCATION:Character	EDITABLE:YES	EDITPOOL:NO
ABILITYCATEGORY:Gnome Racial Trait			CATEGORY:Racial Trait	TYPE:Gnome Racial Trait		VISIBLE:QUALIFY	DISPLAYLOCATION:Character	EDITABLE:YES	EDITPOOL:NO
ABILITYCATEGORY:Half-Elf Racial Trait		CATEGORY:Racial Trait	TYPE:Half-Elf Racial Trait		VISIBLE:QUALIFY	DISPLAYLOCATION:Character	EDITABLE:YES	EDITPOOL:NO
ABILITYCATEGORY:Half-Orc Racial Trait		CATEGORY:Racial Trait	TYPE:Half-Orc Racial Trait		VISIBLE:QUALIFY	DISPLAYLOCATION:Character	EDITABLE:YES	EDITPOOL:NO
ABILITYCATEGORY:Halfling Racial Trait		CATEGORY:Racial Trait	TYPE:Halfling Racial Trait		VISIBLE:QUALIFY	DISPLAYLOCATION:Character	EDITABLE:YES	EDITPOOL:NO
ABILITYCATEGORY:Gnome Subrace Selection		CATEGORY:Racial Trait	TYPE:Gnome Subrace Selection		VISIBLE:QUALIFY	DISPLAYLOCATION:Character	EDITABLE:YES	EDITPOOL:NO


###
ABILITYCATEGORY:Skill Focus				CATEGORY:Feat		ABILITYLIST:Skill Focus								VISIBLE:QUALIFY	DISPLAYLOCATION:Character	EDITABLE:YES	EDITPOOL:NO
ABILITYCATEGORY:Weapon Focus				CATEGORY:Feat		ABILITYLIST:Weapon Focus							VISIBLE:QUALIFY	DISPLAYLOCATION:Character	EDITABLE:YES	EDITPOOL:NO
ABILITYCATEGORY:Weapon Specialization		CATEGORY:Feat		ABILITYLIST:Weapon Specialization						VISIBLE:QUALIFY	DISPLAYLOCATION:Character	EDITABLE:YES	EDITPOOL:NO

ABILITYCATEGORY:Weapon Focus Selection			CATEGORY:Proficiency		TYPE:Weapon Focus							VISIBLE:QUALIFY	DISPLAYLOCATION:Character	EDITABLE:YES	EDITPOOL:NO
ABILITYCATEGORY:Weapon Specialization Selection		CATEGORY:Proficiency		TYPE:Weapon Specialization						VISIBLE:QUALIFY	DISPLAYLOCATION:Character	EDITABLE:YES	EDITPOOL:NO


ABILITYCATEGORY:Starship Base Frame				CATEGORY:Starship		TYPE:Starship Base Frame								VISIBLE:QUALIFY	DISPLAYLOCATION:Starship	EDITABLE:YES	EDITPOOL:NO

