SOURCELONG:Psionics Expanded - Pawns and Powers	SOURCESHORT:PEPP	SOURCEWEB:http://dreamscarredpress.com/dragonfly/index.php	SOURCEDATE:2011-09
# ORIGINAL ENTRY: Douglas Limmer
# ORIGINAL ENTRY DATE: 2012/09/22

###Block: Tactician favored class ability
# Ability Name	Category of Ability		Type			Visible		Bonus to Ability Pool
Tactician			CATEGORY:Special Ability	TYPE:FavoredClass	VISIBLE:DISPLAY	BONUS:ABILITYPOOL|Favored Class Bonus|var("CL=Tactician")

###Block: Tactician abilities
#Block: Core class abilities
Collective			KEY:Collective ~ Tactician		CATEGORY:Special Ability	TYPE:SpecialQuality.Supernatural.Collective	DESC:Join %1 minds, plus your own, within %2 feet; can manifest some powers through collective.|TacticianCollectiveMinds|TacticianCollectiveRange|!PREABILITY:1,CATEGORY=Internal,Collective Range Unlimited ~ Tactician	DESC:Join %1 minds, plus your own, on own plane; can manifest some powers through collective.|TacticianCollectiveMinds|PREMULT:2,[PREABILITY:1,CATEGORY=Internal,Collective Range Unlimited ~ Tactician],[!PREABILITY:1,CATEGORY=Internal,Collective Range Planar ~ Tactician]	DESC:Join %1 minds, plus your own, across planar boundaries; can manifest some powers through collective.|TacticianCollectiveMinds|TacticianCollectiveRange|PREABILITY:1,CATEGORY=Internal,Collective Range Planar ~ Tactician	SOURCEPAGE:p.2	DEFINE:TacticianCollectiveMinds|0	BONUS:VAR|TacticianCollectiveMinds|max(INT,classlevel("Tactician")/2)	DEFINE:TacticianCollectiveRange|0	BONUS:VAR|TacticianCollectiveRange|100+10*classlevel("Tactician")
Coordinated Strike	KEY:Coordinated Strike ~ Tactician	CATEGORY:Special Ability	TYPE:SpecialQuality.Supernatural	DESC:All members of the collective gain a +%1 insight bonus to attacks against selected foe until the beginning of your next turn; %2/day.|TacticianCoordinatedStrikeBonus|TacticianCoordinatedStrikeTimes	SOURCEPAGE:p.4	DEFINE:TacticianCoordinatedStrikeBonus|0	DEFINE:TacticianCoordinatedStrikeTimes|0	BONUS:VAR|TacticianCoordinatedStrikeTimes|3+INT	BONUS:VAR|TacticianCoordinatedStrikeBonus|(classlevel("Tactician")+3)/4
Spirit of Many		KEY:Spirit of Many ~ Tactician	CATEGORY:Special Ability	TYPE:SpecialQuality.Supernatural	DESC:You gain advantages manifesting Network powers through your collective.	SOURCEPAGE:p.4
Telepathy			KEY:Telepathy ~ Tactician		CATEGORY:Special Ability	TYPE:SpecialQuality.Supernatural	DESC:All willing members of your collective can communicate with each other telepathically, and may manifest another's powers as if in physical contact.	SOURCEPAGE:p.4
Strategy			KEY:Strategy ~ Tactician		CATEGORY:Special Ability	TYPE:SpecialQuality.Supernatural.Strategy	DESC:You can use strategies %1/day.|StrategyTimes	DEFINE:StrategyTimes|0	BONUS:VAR|StrategyTimes|3+CHA	SOURCEPAGE:p.4	BONUS:ABILITYPOOL|Tactician Strategy|(classlevel("Tactician")-1)/3
Improved Share		KEY:Improved Share ~ Tactician	CATEGORY:Special Ability	TYPE:SpecialQuality.Supernatural	DESC:You can maintain %1 powers with the Shared descriptor at a time.|ImprovedSharePowers	SOURCEPAGE:p.6	DEFINE:ImprovedSharePowers|0	BONUS:VAR|ImprovedSharePowers|1+(classlevel("Tactician")+1)/6
Coordinate			KEY:Coordinate ~ Tactician		CATEGORY:Special Ability	TYPE:SpecialQuality.Supernatural	DESC:You can share any one teamwork feat you have with a member of your collective.	SOURCEPAGE:p.6
Teamwork Feats		KEY:Teamwork Feats ~ Tactician	CATEGORY:Special Ability	TYPE:SpecialQuality			DESC:You can change any one teamwork feat you know for another.	BONUS:ABILITYPOOL|Tactician Bonus Teamwork Feat|classlevel("Tactician")/6
Echo Effect			KEY:Echo Effect ~ Tactician		CATEGORY:Special Ability	TYPE:SpecialQuality.Supernatural	DESC:You can copy non-permanent magical and psionic effects within your collective.	SOURCEPAGE:p.6
Pooled Knowledge		KEY:Pooled Knowledge ~ Tactician	CATEGORY:Special Ability	TYPE:SpecialQuality.Supernatural	DESC:You can manifest any power known by a member of your collective.	SOURCEPAGE:p.9
Collective Range Unlimited ~ Tactician				CATEGORY:Internal
Collective Range Planar ~ Tactician					CATEGORY:Internal
Master Strategist		KEY:Master Strategist ~ Tactician	CATEGORY:Special Ability	TYPE:SpecialQuality.Supernatural	DESC:You can grant all allies a +%1 insight bonus on attack and damage rolls, armor class, and saving throws for 2 minutes by spending two daily uses of your strategy ability.|MasterStrategistBonus	SOURCEPAGE:p.9	DEFINE:MasterStrategistBonus|0	BONUS:VAR|MasterStrategistBonus|INT

#Block: Strategies
Collective Defenses	KEY:Collective Defenses ~ Strategy		CATEGORY:Special Ability	TYPE:SpecialQuality.Supernatural.TacticianStrategy	DESC:All members of collective within sight gain +%1 insight bonus to AC for %2 rounds.|CollectiveDefensesBonus|CollectiveDefensesDuration	SOURCEPAGE:p.4	DEFINE:CollectiveDefensiveBonus|0	BONUS:VAR|CollectiveDefensesBonus|max(1,INT)	DEFINE:CollectiveDefensesDuration|0	BONUS:VAR|CollectiveDefensesDuration|CHA
Coordinated Distraction	KEY:Coordinated Distraction~ Strategy	CATEGORY:Special Ability	TYPE:SpecialQuality.Supernatural.TacticianStrategy	DESC:Grant collective member a +%1 competence bonus to attack a single enemy for %2 rounds, and gain flanking and an attack against that enemy, or vice versa.|CoordinatedDistractionBonus|CoordinatedDistractionDuration	SOURCEPAGE:p.4	DEFINE:CoordinatedDistractionDuration|0	BONUS:VAR|CoordinatedDistractionDuration|CHA	DEFINE:CoordinatedDistractionBonus|0	BONUS:VAR|CoordinatedDistractionBonus|1+max(0,(classlevel("Tactician")-4)/4)
Coordinated Maneuvers	KEY:Coordinated Manevuers ~ Strategy	CATEGORY:Special Ability	TYPE:SpecialQuality.Supernatural.TacticianStrategy	DESC:Grant collective members a +%1 insight bonus on one type of combat maneuver for %2 rounds.|CoordinatedManeuversBonus|CoordinatedManeuversDuration	SOURCEPAGE:p.4	DEFINE:CoordinatedManeuversDuration|0	BONUS:VAR|CoordinatedManeuversDuration|CHA	DEFINE:CoordinatedManeuversBonus|0	BONUS:VAR|CoordinatedManeuversBonus|1+max(0,(classlevel("Tactician")-4)/4)
Directed Assault		KEY:Directed Assault ~ Strategy		CATEGORY:Special Ability	TYPE:SpecialQuality.Supernatural.TacticianStrategy	DESC:Grant a collective member a +%1 competence bonus to attack a single enemy for %2 rounds, and you may immediately make an attack at any target within range.|DirectedAssaultBonus|DirectedAssaultDuration	SOURCEPAGE:p.5	DEFINE:DirectedAssaultDuration|0	BONUS:VAR|DirectedAssaultDuration|CHA	DEFINE:DirectedAssaultBonus|0	BONUS:VAR|DirectedAssaultBonus|1+max(0,(classlevel("Tactician")-4)/4)
Disruptive Terrain	KEY:Distrupting Terrain ~ Strategy		CATEGORY:Special Ability	TYPE:SpecialQuality.Supernatural.TacticianStrategy	DESC:Create %1-foot radius of difficult terrain for non-collective members; lasts %2 rounds.|DisruptiveTerrainRadius|DisruptiveTerrainDuration	SOURCEPAGE:p.5	DEFINE:DisruptiveTerrainDuration|0	BONUS:VAR|DisruptiveTerrainDuration|CHA	DEFINE:DisruptiveTerrainRadius|0	BONUS:VAR|DisruptiveTerrainRadius|5*floor(classlevel("Tactician")/3)	PRECLASS:1,Tactician=10
Distracting Gaze		KEY:Distracting Gaze ~ Strategy		CATEGORY:Special Ability	TYPE:SpecialQuality.Supernatural.TacticianStrategy	DESC:Flank at range for %1 rounds with ranged touch attack.|DistractingGazeDuration	SOURCEPAGE:p.5	DEFINE:DistractingGazeDuration|0	BONUS:VAR|DistractingGazeDuration|CHA	PRECLASS:1,Tactician=7
Focus Attack		KEY:Focus Attack ~ Strategy			CATEGORY:Special Ability	TYPE:SpecialQuality.Supernatural.TacticianStrategy	DESC:Direct collective member to make an attack; all subsequent attacks on that target by collective members that round deal %1d6 extra damage for one attack per individual.|FocusAttackDamageDice	SOURCEPAGE:p.5	DEFINE:FocusAttackDamageDice|0	BONUS:VAR|1+FocusAttackDamageDice|max(0,(classlevel("Tactician")-4)/4)
Guard Target		KEY:Guard Target ~ Strategy			CATEGORY:Special Ability	TYPE:SpecialQuality.Supernatural.TacticianStrategy	DESC:Direct collective member to guard another member; directed member gains a +%1 competence bonus on attacks for %2 rounds.  Directed member may spend an attack of opportunity use to redirect attack on guarded member to himself.  You gain a cumulative +1 bonus to your next attack against the source of the redirected attack for each attack redirected.|GuardTargetBonus|GuardTargetDuration	SOURCEPAGE:p.5	DEFINE:GuardTargetDuration|0	BONUS:VAR|GuardTargetDuration|CHA	DEFINE:GuardTargetBonus|0	BONUS:VAR|GuardTargetBonus|1+max(0,(classlevel("Tactician")-4)/4)
Hold Position		KEY:Hold Position ~ Strategy			CATEGORY:Special Ability	TYPE:SpecialQuality.Supernatural.TacticianStrategy	DESC:Grant collective member a +%1 dodge bonus to AC and a +%1 competence bonus to attack rolls for %2 rounds.  You may take a free move action towards that collective member on each round the collective member does not move, with a +%1 dodge bonus to AC during this move.|HoldPositionBonus|HoldPositionDuration	SOURCEPAGE:p.6	DEFINE:HoldPositionDuration|0	BONUS:VAR|HoldPositionDuration|CHA	DEFINE:HoldPositionBonus|0	BONUS:VAR|HoldPositionBonus|1+max(0,(classlevel("Tactician")-4)/4)
Into the Fray		KEY:Into the Fray ~ Strategy			CATEGORY:Special Ability	TYPE:SpecialQuality.Supernatural.TacticianStrategy	DESC:Grant a charging collective member a +%1 competence bonus on the damage roll; you may immediately charge the same enemy with a +%1 competence bonus on the damage roll.|IntoTheFrayBonus	SOURCEPAGE:p.6	DEFINE:IntoTheFrayBonus|0	BONUS:VAR|IntoTheFrayBonus|1+max(0,(classlevel("Tactician")-4)/4)
Reposition			KEY:Reposition ~ Strategy			CATEGORY:Special Ability	TYPE:SpecialQuality.Supernatural.TacticianStrategy	DESC:Each ally in your collective can take a 5-foot step immediately as a free action.  You may immediately make a full attack against a target, with a +%1 competence bonus on the attack and damage rolls, if all 5-foot steps are taken.|RepositionBonus	SOURCEPAGE:p.6	DEFINE:RepositionBonus|0	BONUS:VAR|RepositionBonus|1+max(0,(classlevel("Tactician")-12)/4)	PRECLASS:1,Tactician=13
Telempathic Resistance	KEY:Telempathic Rsistance ~ Strategy	CATEGORY:Special Ability	TYPE:SpecialQuality.Supernatural.TacticianStrategy	DESC:All collective members gain a +%1 insight bonus to saving throws for %2 rounds.|TelempathicResistanceBonus|TelempathicResistanceDuration	SOURCEPAGE:p.6	DEFINE:TelempathicResistanceDuration|0	BONUS:VAR|TelempathicResistanceDuration|CHA	DEFINE:TelempathicResistanceBonus|0	BONUS:VAR|TelempathicResistanceBonus|1+max(0,(classlevel("Tactician")-4)/4)


###Block: Advanced Disciplines
#Block: Insight Advanced Discipline
Insight Advanced Discipline	CATEGORY:Special Ability	TYPE:SpecialQuality.ClassSpecialization.PsionicDiscipline	DEFINE:ClairsentienceDisciplineLVL|0	DESC:You have chosen to specialize in insight.	ABILITY:Special Ability|AUTOMATIC|Insightful Steps ~ Insight|PREVARGTEQ:ClairsentienceDisciplineLVL,2	ABILITY:Special Ability|AUTOMATIC|Alter Probability ~ Insight|PREVARGTEQ:ClairsentienceDisciplineLVL,8	ABILITY:Special Ability|AUTOMATIC|Seeing the Connections ~ Clairsentience|PREVARGTEQ:ClairsentienceDisciplineLVL,14	ABILITY:Special Ability|AUTOMATIC|Perpetual Foresight ~ Clairsentience|PREVARGTEQ:ClairsentienceDisciplineLVL,20	BONUS:ABILITYPOOL|Clairsentience Discipline Talent|2|PREVARGTEQ:ClairsentienceDisciplineLVL,1	SOURCEPAGE:p.7

Insightful Steps	KEY:Insightful Steps ~ Insight	CATEGORY:Special Ability	TYPE:SpecialQuality.Supernatural.PsionicDisciplineTalent	DESC:Allow up to %1 creatures to ignore difficult terrain; others affected must be within %2 feet, and the ability lasts for %3 rounds.|InsightfulStepsTargets|InsightfulStepsRange|InsightfulStepsDuration	SOURCEPAGE:p.7	DEFINE:InsightfulStepsRange|0	BONUS:VAR|InsightfulStepsRange|30	DEFINE:InsightfulStepsDuration|0	BONUS:VAR|InsightfulStepsDuration|INT	DEFINE:InsightfulStepsTargets|0	BONUS:VAR|InsightfulStepsTargets|floor((ClairsentienceDisciplineLVL+2)/4)
# COMMENT: Checklist?
Alter Probability	KEY:Alter Probability ~ Insight	CATEGORY:Special Ability	TYPE:SpecialQuality.Supernatural.PsionicDisciplineTalent	DESC:Force one enemy within %1 feet to reroll a single dice roll (Will DC %2 negates); the target takes the worst of the two rolls.  %3/day.|AlterProbabilityRange|AlterProbabilityDC|AlterProbabilityTimes	SOURCEPAGE:p.7	DEFINE:AlterProbabilityRange|0	BONUS:VAR|AlterProbabilityRange|100+10*ClairsentienceDisciplineLVL	DEFINE:AlterProbabilityDC|0	BONUS:VAR|AlterProbabilityDC|10+INT+(ClairsentienceDisciplineLVL/2)	DEFINE:AlterProbabilityTimes|0	BONUS:VAR|AlterProbabilityTimes|(ClairsentienceDisciplineLVL-6)/2

#Block: Jaunting Advanced Discipline
Jaunting Advanced Discipline	CATEGORY:Special Ability	TYPE:SpecialQuality.ClassSpecialization.PsionicDiscipline	DEFINE:PsychoportationDisciplineLVL|0	DESC:You have chosen to specialize in teleportation.	ABILITY:Special Ability|AUTOMATIC|Nomad's Step ~ Psychoportation|PREVARGTEQ:PsychoportationDisciplineLVL,2	ABILITY:Special Ability|AUTOMATIC|Inconstant Position ~ Psychoportation|PREVARGTEQ:PsychoportationDisciplineLVL,8	ABILITY:Special Ability|AUTOMATIC|Evacuate ~ Jaunting|PREVARGTEQ:PsychoportationDisciplineLVL,14	ABILITY:Special Ability|AUTOMATIC|Far Strider ~ Jaunting|PREVARGTEQ:PsychoportationDisciplineLVL,20	BONUS:ABILITYPOOL|Psychoportation Discipline Talent|2|PREVARGTEQ:PsychoportationDisciplineLVL,1	SOURCEPAGE:p.7

# COMMENT: Checklist?
Evacuate	KEY:Evacuate ~ Jaunting	CATEGORY:Special Ability	TYPE:SpecialQuality.Supernatural.PsionicDisciplineTalent	DESC:Teleport anywhere within line of sight as an immediate action, bring %1 creatures with you. %2/day.|EvacuateCapacity|EvacuateTimes	SOURCEPAGE:p.7	DEFINE:EvacuateTimes|0	BONUS:VAR|EvacuateTimes|1	DEFINE:EvacuateCapacity|0	BONUS:VAR|EvacuateCapacity|INT
# COMMENT: Checklist?
Far Strider	KEY:Far Strider ~ Jaunting	CATEGORY:Special Ability	TYPE:SpecialQuality.Supernatural.PsionicDisciplineTalent	DESC:Use Nomad's Step as a 5-foot step.	SOURCEPAGE:p.8

###Block: Gladiator Warrior Path
Gladiator Path	KEY:Gladiator Path ~ First	CATEGORY:Special Ability	TYPE:FirstWarriorPath.SpecialQuality	DESC:You maneuver enemies into position.	ABILITY:Special Ability|AUTOMATIC|Path Skill ~ Gladiator|Path Skill Acrobatics|Path Skill Bluff|Path Skill Perception	ABILITY:Special Ability|AUTOMATIC|Expanded Path ~ Gladiator|PREVARGTEQ:WarriorPathLVL,3	ABILITY:Special Ability|AUTOMATIC|Path Skill Bonuses|PREVARGTEQ:WarriorPathLVL,4	BONUS:ABILITYPOOL|Path Power|1	BONUS:ABILITYPOOL|Path Power|1|PREVARGTEQ:WarriorPathLVL,3	SOURCEPAGE:p.8
Gladiator Path	KEY:Gladiator Path ~ Second	CATEGORY:Special Ability	TYPE:SecondWarriorPath.SpecialQuality	DESC:You maneuver enemies into position.	ABILITY:Special Ability|AUTOMATIC|Path Skill ~ Gladiator|Path Skill Acrobatics|Path Skill Bluff|Path Skill Perception|PREVARGTEQ:WarriorPathLVL,9	ABILITY:Special Ability|AUTOMATIC|Expanded Path ~ Gladiator|PREVARGTEQ:WarriorPathLVL,11	BONUS:ABILITYPOOL|Path Power|1|PREVARGTEQ:WarriorPathLVL,9	SOURCEPAGE:p.8

Path Skill		KEY:Path Skill ~ Gladiator	CATEGORY:Special Ability	VISIBLE:NO	CSKILL:Bluff
Expanded Path	KEY:Expanded Path ~ Gladiator	CATEGORY:Special Ability	VISIBLE:NO	ABILITY:Special Ability|AUTOMATIC|Trance ~ Gladiator|Maneuver ~ Gladiator
Trance ~ Gladiator					CATEGORY:Special Ability	TYPE:SpecialQuality	DESC:Gain +%1 to CMB and +%2 to CMD while focused.|GladiatorTranceCMBBonus|GladiatorTranceCMDBonus	DEFINE:GladiatorTranceCMBBonus|0	BONUS:VAR|GladiatorTranceCMBBonus|(WarriorPathLVL+1)/4	DEFINE:GladiatorTranceCMDBonus|0	BONUS:VAR|GladiatorTranceCMDBonus|(WarriorPathLVL+5)/4	BONUS:VAR|CMB|GladiatorTranceCMBBonus*PsionicFocusActive|TYPE=Competence|PREAPPLY:PC	BONUS:VAR|CMD|GladiatorTranceCMDBonus*PsionicFocusActive|TYPE=Competence|PREAPPLY:PC	SOURCEPAGE:p.8
Maneuver ~ Gladiator					CATEGORY:Special Ability	TYPE:SpecialQuality	DESC:Expend focus to not provoke attacks of opportunity for using a maneuver.  If you already do not provoke, add a +%1 competence bonus to maneuver checks (stacks with trance).|GladiatorManeuverBonus	SOURCEPAGE:p.8	DEFINE:GladiatorManeuverBonus|0	BONUS:VAR|GladiatorManeuverBonus|2+max(0,WarriorPathLVL-4)/4

Bluff			KEY:Bluff Path Skill	CATEGORY:Special Ability	TYPE:PathSkill	VISIBLE:DISPLAY	PREABILITY:1,CATEGORY=Special Ability,Path Skill Bluff	STACK:YES	MULT:YES	CHOOSE:NOCHOICE	BONUS:SKILL|Bluff|2
Path Skill Bluff					CATEGORY:Special Ability	TYPE:Internal	VISIBLE:NO

CATEGORY=Special Ability|Grip of Iron Path Power.MOD	PRE:.CLEAR	PREABILITY:1,CATEGORY=Special Ability,Brawling Path ~ First,Brawling Path ~ Second,Gladiator Path ~ First,Gladiator Path ~ Second
Tactical Precognition	KEY:Tactical Precognition Path Power			CATEGORY:Special Ability	TYPE:PathPower	VISIBLE:DISPLAY	PREABILITY:1,CATEGORY=Special Ability,Gladiator Path ~ First,Gladiator Path ~ Second	SPELLKNOWN:CLASS|Psychic Warrior=1|Precognition (Tactical)


###Block: Traceur Psychic Warrior Archetype
Traceur	KEY:Psychic Warrior Archetype ~ Traceur	CATEGORY:Archetype	TYPE:Archetype.PsychicWarriorArchetype.PsychicWarriorArmorProficiencies.PsychicWarriorBonusFeat2.PsychicWarriorPathSkill4.PsychicWarriorMartialPower.PsychicWarriorBonusFeat8	PRECLASS:1,Psychic Warrior=1	PREMULT:1,[PREABILITY:1,CATEGORY=Archetype,Psychic Warrior Archetype ~ Traceur],[!PREABILITY:1,CATEGORY=Archetype,TYPE.PsychicWarriorArmorProficiencies,TYPE.PsychicWarriorBonusFeat2,TYPE.PsychicWarriorPathSkill4,TYPE.PsychicWarriorMartialPower,TYPE.PsychicWarriorBonusFeat8]	DESC:You are a mobile fighter and you use techniques that allow you to make the most out of your momentum and your speed. Where many psychic warriors rely on their physical power or agility, you have learned that motion is just as powerful a tool at your disposal.	ABILITY:Special Ability|AUTOMATIC|Quickened Strides ~ Traceur|PRECLASS:1,Psychic Warrior=1	ABILITY:Special Ability|AUTOMATIC|Charge Through ~ Traceur|PRECLASS:1,Psychic Warrior=2	ABILITY:Special Ability|AUTOMATIC|Acrobatic Movements ~ Traceur|PRECLASS:1,Psychic Warrior=4	ABILITY:Special Ability|AUTOMATIC|Mobile Power ~ Traceur|PRECLASS:1,Psychic Warrior=6	ABILITY:Special Ability|AUTOMATIC|Rapid Acrobatics ~ Traceur|PRECLASS:1,Psychic Warrior=8	COST:0	SOURCEPAGE:p.8

Quickened Strides		KEY:Quickened Strides ~ Traceur	CATEGORY:Special Ability	TYPE:SpecialQuality.Supernatural	DESC:As long as you maintain psionic focus, you gain a +%1 ft. enhancement bonus to base speed.  This ability only works if you are carrying a light load and not wearing any armor.|QuickenedStridesSpeedBonus	DEFINE:QuickenedStridesSpeedBonus|0	BONUS:VAR|QuickenedStridesSpeedBonus|5*floor((classlevel("Psychic Warrior")+3)/4)	SOURCEPAGE:p.8	BONUS:MOVEADD|TYPE.Walk|QuickenedStridesSpeedBonus*PsionicFocusActive|TYPE=Enhancement
Charge Through		KEY:Charge Through ~ Traceur		CATEGORY:Special Ability	TYPE:SpecialQuality.Extraordinary	DESC:You are able to make charges through difficult terrain or through squares occupied by allies. This ability can be used in conjunction with the Psionic Charge feat.	SOURCEPAGE:p.8
Acrobatic Movements	KEY:Acrobatic Movements ~ Traceur	CATEGORY:Special Ability	TYPE:SpecialQuality.Extraordinary	DESC:When using Acrobatics to move on narrow or uneven surfaces, you are not considered flat-footed and you do not lose your Dexterity bonus to AC (if any).			SOURCEPAGE:p.8	BONUS:ABILITYPOOL|Warrior Path Skill|-1
Mobile Power		KEY:Mobile Power ~ Traceur		CATEGORY:Special Ability	TYPE:SpecialQuality			DESC:You can manifest a path power with a manifesting time of a standard action as part of an action that involves movement, such  as  actually  moving,  charging,  withdrawing, jumping, climbing, etc.	SOURCEPAGE:p.8
Rapid Acrobatics		KEY:Rapid Acrobatics ~ Traceur	CATEGORY:Special Ability	TYPE:SpecialQuality.Supernatural	DESC:As long as you maintain psionic focus, you can move at full speed while using the Acrobatics skill without invoking a penalty. This includes moving on narrow surfaces and uneven ground and moving through threatened or occupied spaces.	SOURCEPAGE:p.9


###Block: Sighted Seeker abilities
Favored Prey				KEY:Favored Prey ~ Sighted Seeker		CATEGORY:Special Ability	TYPE:SpecialQuality.Extraordinary	DESC:You may add your favored enemy bonus to save DCs when manifesting your powers.	SOURCEPAGE:p.28
Urban Tracking ~ Sighted Seeker								CATEGORY:Internal	AUTO:FEAT|Urban Tracking
Weapon and Armor Proficiencies ~ Sighted Seeker						CATEGORY:Internal	AUTO:FEAT|Simple Weapon Proficiency|Armor Proficiency (Light)|Shield Proficiency	AUTO:WEAPONPROF|Longsword|Rapier|Sap|Sword (Short)|Shortbow|Whip
Passive Seeking				KEY:Passive Seeking ~ Sighted Seeker	CATEGORY:Special Ability	TYPE:SpecialQuality.Supernatural	DESC:Free Diplomacy check to gather information every 10 minutes while focused with goal in mind, with +%1 bonus if the goal is to locate a mark.|PassiveSeekingBonus	SOURCEPAGE:p.28	DEFINE:PassiveSeekingBonus|0	BONUS:VAR|PassiveSeekeingBonus|classlevel("Sighted Seeker")
Mark Prey					KEY:Mark Prey ~ Sighted Seeker		CATEGORY:Special Ability	TYPE:SpecialQuality.Extraordinary	DESC:Mark specified target for 3 pp/target/day; maximum %1 marks.  Treat mark as favored enemy with +1 bonus, or additional +2 bonus if already a favored enemy.|FavoredMarkMarks	SOURCEPAGE:p.28	DEFINE:FavoredMarkMarks|0	BONUS:VAR|FavoredMarkMarks|floor(classlevel("Sighted Seeker")/2)
Prescient Tactics				KEY:Prescient Tactics ~ Sighted Seeker	CATEGORY:Special Ability	TYPE:SpecialQuality.Extraordinary	DESC:Gain special augment on defensive precognition, offensive precognition, and offensive prescience.	SOURCEPAGE:p.29
Seeker's Analysis				KEY:Seeker's Analysis ~ Sighted Seeker	CATEGORY:Special Ability	TYPE:SpecialQuality.Extraordinary	DESC:Gain special uses of the Perception and Knowledge skills.	SOURCEPAGE:p.29
Sighted Analysis				KEY:Sighted Analysis ~ Sighted Seeker	CATEGORY:Special Ability	TYPE:SpecialQuality.Supernatural	DESC:Spend power points to gain bonus on or special uses of Perception or Knowledge.	SOURCEPAGE:p.29
Hypercognition ~ Sighted Seeker								CATEGORY:Internal	SPELLS:Innate|TIMES=1|TIMEUNIT=Week|CASTERLEVEL=2*classlevel("Sighted Seeker")|Hypercognition	BONUS:ABILITYPOOL|Sighted Seeker Hypercognition|1
The Sight	SORTKEY:Sight, The	KEY:The Sight ~ Sighted Seeker		CATEGORY:Special Ability	TYPE:SpecialQuality.Supernatural	DESC:Gain benefits to remote viewing against target.	SOURCEPAGE:p.30	BONUS:ABILITYPOOL|Sighted Seeker The Sight|1
Metafaculty ~ Sighted Seeker									CATEGORY:Internal	SPELLS:Innate|TIMES=1|TIMEUNIT=Week|CASTERLEVEL=2*classlevel("Sighted Seeker")|Metafaculty	BONUS:ABILITYPOOL|Sighted Seeker Metafaculty|1

Sighted Seeker Hypercognition		CATEGORY:Special Ability	TYPE:SpecialQuality.Extraordinary.SightedSeekerHypercognition	VISIBLE:DISPLAY	STACK:NO	MULT:YES	CHOOSE:CLASS|SPELLCASTER	BONUS:SPELLKNOWN|CLASS=%LIST;LEVEL=7|1	SPELLLEVEL:CLASS|SPELLCASTER.Psionic=7|Hypercognition
Sighted Seeker The Sight		CATEGORY:Special Ability	TYPE:SpecialQuality.Extraordinary.SightedSeekerTheSight		VISIBLE:DISPLAY	STACK:NO	MULT:YES	CHOOSE:CLASS|SPELLCASTER	BONUS:SPELLKNOWN|CLASS=%LIST;LEVEL=4|1	SPELLLEVEL:CLASS|SPELLCASTER.Psionic=4|Remote Viewing
Sighted Seeker Metafaculty		CATEGORY:Special Ability	TYPE:SpecialQuality.Extraordinary.SightedSeekerMetafaculty		VISIBLE:DISPLAY	STACK:NO	MULT:YES	CHOOSE:CLASS|SPELLCASTER	BONUS:SPELLKNOWN|CLASS=%LIST;LEVEL=8|1	SPELLLEVEL:CLASS|SPELLCASTER.Psionic=8|Metafaculty

#
# End
#
