# CVS $Revision$ $Author$ -- Sun Apr  6 10:03:22 2008 -- reformated by prettylst.pl v1.38 (build 5225)
SOURCELONG:Gods	SOURCESHORT:Gods	SOURCEWEB:http://alderac.com/d20	SOURCEDATE:2002-05

###Block: Favored Enemies
# Ability Name					Output Name							Category of Ability		Type				Visible	Special ABility					Multiple?	Source Page
HH Favored Enemy (Humanoid (Aquatic))	OUTPUTNAME:Favored Enemy (Humanoid (Aquatic))	CATEGORY:Special Ability	TYPE:HHFavoredEnemy	VISIBLE:YES	SAB:Favored Enemy (Humanoid (Aquatic))	MULT:NO	SOURCEPAGE:pg.73
HH Favored Enemy (Humanoid (Dwarf))		OUTPUTNAME:Favored Enemy (Humanoid (Dwarf))	CATEGORY:Special Ability	TYPE:HHFavoredEnemy	VISIBLE:YES	SAB:Favored Enemy (Humanoid (Dwarf))	MULT:NO	SOURCEPAGE:pg.73
HH Favored Enemy (Humanoid (Elf))		OUTPUTNAME:Favored Enemy (Humanoid (Elf))		CATEGORY:Special Ability	TYPE:HHFavoredEnemy	VISIBLE:YES	SAB:Favored Enemy (Humanoid (Elf))		MULT:NO	SOURCEPAGE:pg.73
HH Favored Enemy (Humanoid (Goblinoid))	OUTPUTNAME:Favored Enemy (Humanoid (Goblinoid))	CATEGORY:Special Ability	TYPE:HHFavoredEnemy	VISIBLE:YES	SAB:Favored Enemy (Humanoid (Goblinoid))	MULT:NO	SOURCEPAGE:pg.73
HH Favored Enemy (Humanoid (Gnoll))		OUTPUTNAME:Favored Enemy (Humanoid (Gnoll))	CATEGORY:Special Ability	TYPE:HHFavoredEnemy	VISIBLE:YES	SAB:Favored Enemy (Humanoid (Gnoll))	MULT:NO	SOURCEPAGE:pg.73
HH Favored Enemy (Humanoid (Gnome))		OUTPUTNAME:Favored Enemy (Humanoid (Gnome))	CATEGORY:Special Ability	TYPE:HHFavoredEnemy	VISIBLE:YES	SAB:Favored Enemy (Humanoid (Gnome))	MULT:NO	SOURCEPAGE:pg.73
HH Favored Enemy (Humanoid (Halfling))	OUTPUTNAME:Favored Enemy (Humanoid (Halfling))	CATEGORY:Special Ability	TYPE:HHFavoredEnemy	VISIBLE:YES	SAB:Favored Enemy (Humanoid (Halfling))	MULT:NO	SOURCEPAGE:pg.73
HH Favored Enemy (Humanoid (Human))		OUTPUTNAME:Favored Enemy (Humanoid (Human))	CATEGORY:Special Ability	TYPE:HHFavoredEnemy	VISIBLE:YES	SAB:Favored Enemy (Humanoid (Human))	MULT:NO	SOURCEPAGE:pg.73
HH Favored Enemy (Humanoid (Orc))		OUTPUTNAME:Favored Enemy (Humanoid (Orc))		CATEGORY:Special Ability	TYPE:HHFavoredEnemy	VISIBLE:YES	SAB:Favored Enemy (Humanoid (Orc))		MULT:NO	SOURCEPAGE:pg.73
HH Favored Enemy (Humanoid (Reptilian))	OUTPUTNAME:Favored Enemy (Humanoid (Reptilian))	CATEGORY:Special Ability	TYPE:HHFavoredEnemy	VISIBLE:YES	SAB:Favored Enemy (Humanoid (Reptilian))	MULT:NO	SOURCEPAGE:pg.73

###Block: Bonus Known Spells (Complete)
# Ability Name		Category of Ability		Type				Visible		Req. Spell Type		Required Text														Stackable?	Multiple?	Choose		Bonus to spell known/L
Bonus Known Spell 1	CATEGORY:KSKnownSpellBonus	TYPE:KSBonusKnownSpell	VISIBLE:DISPLAY	PRESPELLTYPE:1,Arcane=1	PRETEXT:May not take more than one bonus known spell in the highest spell level avaialable.	STACK:YES	MULT:YES	CHOOSE:NOCHOICE	BONUS:SPELLKNOWN|TYPE=Arcane;LEVEL=1|1
Bonus Known Spell 2	CATEGORY:KSKnownSpellBonus	TYPE:KSBonusKnownSpell	VISIBLE:DISPLAY	PRESPELLTYPE:1,Arcane=2	PRETEXT:May not take more than one bonus known spell in the highest spell level avaialable.	STACK:YES	MULT:YES	CHOOSE:NOCHOICE	BONUS:SPELLKNOWN|TYPE=Arcane;LEVEL=2|1
Bonus Known Spell 3	CATEGORY:KSKnownSpellBonus	TYPE:KSBonusKnownSpell	VISIBLE:DISPLAY	PRESPELLTYPE:1,Arcane=3	PRETEXT:May not take more than one bonus known spell in the highest spell level avaialable.	STACK:YES	MULT:YES	CHOOSE:NOCHOICE	BONUS:SPELLKNOWN|TYPE=Arcane;LEVEL=3|1
Bonus Known Spell 4	CATEGORY:KSKnownSpellBonus	TYPE:KSBonusKnownSpell	VISIBLE:DISPLAY	PRESPELLTYPE:1,Arcane=4	PRETEXT:May not take more than one bonus known spell in the highest spell level avaialable.	STACK:YES	MULT:YES	CHOOSE:NOCHOICE	BONUS:SPELLKNOWN|TYPE=Arcane;LEVEL=4|1
Bonus Known Spell 5	CATEGORY:KSKnownSpellBonus	TYPE:KSBonusKnownSpell	VISIBLE:DISPLAY	PRESPELLTYPE:1,Arcane=5	PRETEXT:May not take more than one bonus known spell in the highest spell level avaialable.	STACK:YES	MULT:YES	CHOOSE:NOCHOICE	BONUS:SPELLKNOWN|TYPE=Arcane;LEVEL=5|1
Bonus Known Spell 6	CATEGORY:KSKnownSpellBonus	TYPE:KSBonusKnownSpell	VISIBLE:DISPLAY	PRESPELLTYPE:1,Arcane=6	PRETEXT:May not take more than one bonus known spell in the highest spell level avaialable.	STACK:YES	MULT:YES	CHOOSE:NOCHOICE	BONUS:SPELLKNOWN|TYPE=Arcane;LEVEL=6|1
Bonus Known Spell 7	CATEGORY:KSKnownSpellBonus	TYPE:KSBonusKnownSpell	VISIBLE:DISPLAY	PRESPELLTYPE:1,Arcane=7	PRETEXT:May not take more than one bonus known spell in the highest spell level avaialable.	STACK:YES	MULT:YES	CHOOSE:NOCHOICE	BONUS:SPELLKNOWN|TYPE=Arcane;LEVEL=7|1
Bonus Known Spell 8	CATEGORY:KSKnownSpellBonus	TYPE:KSBonusKnownSpell	VISIBLE:DISPLAY	PRESPELLTYPE:1,Arcane=8	PRETEXT:May not take more than one bonus known spell in the highest spell level avaialable.	STACK:YES	MULT:YES	CHOOSE:NOCHOICE	BONUS:SPELLKNOWN|TYPE=Arcane;LEVEL=8|1
Bonus Known Spell 9	CATEGORY:KSKnownSpellBonus	TYPE:KSBonusKnownSpell	VISIBLE:DISPLAY	PRESPELLTYPE:1,Arcane=9	PRETEXT:May not take more than one bonus known spell in the highest spell level avaialable.	STACK:YES	MULT:YES	CHOOSE:NOCHOICE	BONUS:SPELLKNOWN|TYPE=Arcane;LEVEL=9|1


#Humanoid Hunter Favored Enemy Abilities
# Ability Name			Output Name						Category of Ability		Type				Visible	Required Ability																																		Special ABility																												Define													Innate Spells												Stackable?	Multiple?	Choose																																	Template				Move			Automaticaly Gained Weapon Prof.		Combat bonus				Adjust PC Size				Bonus to skill									Stat bonus					Modify VAR																											Class Skill			Vision				Damage Reduction	Natural Attacks
#HHFavored Enemy I			OUTPUTNAME:Favored Enemy I			CATEGORY:Special Ability	TYPE:HHFavoredEnemy	VISIBLE:NO																																					SAB:favored enemy (%CHOICE) +%|FavoredEnemy1																							DEFINE:FavoredEnemy1|FavoredEnemies																									MULT:YES	CHOOSE:NUMCHOICES=1|Humanoid (Human)|Humanoid (Dwarf)|Humanoid (Elf)|Humanoid (Gnome)|Humanoid (Halfling)|Humanoid (Orc)|Humanoid (Gnoll)|Humanoid (Goblinoid)|Humanoid (Aquatic)|Humanoid (Reptilian)
#HHFavored Enemy II		OUTPUTNAME:Favored Enemy II			CATEGORY:Special Ability	TYPE:HHFavoredEnemy	VISIBLE:NO	PREABILITY:1,CATEGORY=Special Ability,HHFavored Enemy I																											SAB:favored enemy (%CHOICE) +%|FavoredEnemy2																							DEFINE:FavoredEnemy2|FavoredEnemies-1																								MULT:YES	CHOOSE:NUMCHOICES=1|Humanoid (Human)|Humanoid (Dwarf)|Humanoid (Elf)|Humanoid (Gnome)|Humanoid (Halfling)|Humanoid (Orc)|Humanoid (Gnoll)|Humanoid (Goblinoid)|Humanoid (Aquatic)|Humanoid (Reptilian)
#HHFavored Enemy III		OUTPUTNAME:Favored Enemy III			CATEGORY:Special Ability	TYPE:HHFavoredEnemy	VISIBLE:NO	PREABILITY:2,CATEGORY=Special Ability,HHFavored Enemy I,HHFavored Enemy II																								SAB:favored enemy (%CHOICE) +%|FavoredEnemy3																							DEFINE:FavoredEnemy3|FavoredEnemies-2																								MULT:YES	CHOOSE:NUMCHOICES=1|Humanoid (Human)|Humanoid (Dwarf)|Humanoid (Elf)|Humanoid (Gnome)|Humanoid (Halfling)|Humanoid (Orc)|Humanoid (Gnoll)|Humanoid (Goblinoid)|Humanoid (Aquatic)|Humanoid (Reptilian)
#HHFavored Enemy IV		OUTPUTNAME:Favored Enemy IV			CATEGORY:Special Ability	TYPE:HHFavoredEnemy	VISIBLE:NO	PREABILITY:3,CATEGORY=Special Ability,HHFavored Enemy I,HHFavored Enemy II,HHFavored Enemy III																					SAB:favored enemy (%CHOICE) +%|FavoredEnemy4																							DEFINE:FavoredEnemy4|FavoredEnemies-3																								MULT:YES	CHOOSE:NUMCHOICES=1|Humanoid (Human)|Humanoid (Dwarf)|Humanoid (Elf)|Humanoid (Gnome)|Humanoid (Halfling)|Humanoid (Orc)|Humanoid (Gnoll)|Humanoid (Goblinoid)|Humanoid (Aquatic)|Humanoid (Reptilian)
#HHFavored Enemy V			OUTPUTNAME:Favored Enemy V			CATEGORY:Special Ability	TYPE:HHFavoredEnemy	VISIBLE:NO	PREABILITY:4,CATEGORY=Special Ability,HHFavored Enemy I,HHFavored Enemy II,HHFavored Enemy III,HHFavored Enemy IV																		SAB:favored enemy (%CHOICE) +%|FavoredEnemy5																							DEFINE:FavoredEnemy5|FavoredEnemies-4																								MULT:YES	CHOOSE:NUMCHOICES=1|Humanoid (Human)|Humanoid (Dwarf)|Humanoid (Elf)|Humanoid (Gnome)|Humanoid (Halfling)|Humanoid (Orc)|Humanoid (Gnoll)|Humanoid (Goblinoid)|Humanoid (Aquatic)|Humanoid (Reptilian)
#HHFavored Enemy VI		OUTPUTNAME:Favored Enemy VI			CATEGORY:Special Ability	TYPE:HHFavoredEnemy	VISIBLE:NO	PREABILITY:5,CATEGORY=Special Ability,HHFavored Enemy I,HHFavored Enemy II,HHFavored Enemy III,HHFavored Enemy IV,HHFavored Enemy V															SAB:favored enemy (%CHOICE) +%|FavoredEnemy5																							DEFINE:FavoredEnemy5|FavoredEnemies-4																								MULT:YES	CHOOSE:NUMCHOICES=1|Humanoid (Human)|Humanoid (Dwarf)|Humanoid (Elf)|Humanoid (Gnome)|Humanoid (Halfling)|Humanoid (Orc)|Humanoid (Gnoll)|Humanoid (Goblinoid)|Humanoid (Aquatic)|Humanoid (Reptilian)
#HHFavored Enemy VII		OUTPUTNAME:Favored Enemy VII			CATEGORY:Special Ability	TYPE:HHFavoredEnemy	VISIBLE:NO	PREABILITY:6,CATEGORY=Special Ability,HHFavored Enemy I,HHFavored Enemy II,HHFavored Enemy III,HHFavored Enemy IV,HHFavored Enemy V,HHFavored Enemy VI											SAB:favored enemy (%CHOICE) +%|FavoredEnemy5																							DEFINE:FavoredEnemy5|FavoredEnemies-4																								MULT:YES	CHOOSE:NUMCHOICES=1|Humanoid (Human)|Humanoid (Dwarf)|Humanoid (Elf)|Humanoid (Gnome)|Humanoid (Halfling)|Humanoid (Orc)|Humanoid (Gnoll)|Humanoid (Goblinoid)|Humanoid (Aquatic)|Humanoid (Reptilian)
#HHFavored Enemy VIII		OUTPUTNAME:Favored Enemy VIII			CATEGORY:Special Ability	TYPE:HHFavoredEnemy	VISIBLE:NO	PREABILITY:7,CATEGORY=Special Ability,HHFavored Enemy I,HHFavored Enemy II,HHFavored Enemy III,HHFavored Enemy IV,HHFavored Enemy V,HHFavored Enemy VI,HHFavored Enemy VII								SAB:favored enemy (%CHOICE) +%|FavoredEnemy5																							DEFINE:FavoredEnemy5|FavoredEnemies-4																								MULT:YES	CHOOSE:NUMCHOICES=1|Humanoid (Human)|Humanoid (Dwarf)|Humanoid (Elf)|Humanoid (Gnome)|Humanoid (Halfling)|Humanoid (Orc)|Humanoid (Gnoll)|Humanoid (Goblinoid)|Humanoid (Aquatic)|Humanoid (Reptilian)
#HHFavored Enemy IX		OUTPUTNAME:Favored Enemy IX			CATEGORY:Special Ability	TYPE:HHFavoredEnemy	VISIBLE:NO	PREABILITY:8,CATEGORY=Special Ability,HHFavored Enemy I,HHFavored Enemy II,HHFavored Enemy III,HHFavored Enemy IV,HHFavored Enemy V,HHFavored Enemy VI,HHFavored Enemy VII,HHFavored Enemy VIII					SAB:favored enemy (%CHOICE) +%|FavoredEnemy5																							DEFINE:FavoredEnemy5|FavoredEnemies-4																								MULT:YES	CHOOSE:NUMCHOICES=1|Humanoid (Human)|Humanoid (Dwarf)|Humanoid (Elf)|Humanoid (Gnome)|Humanoid (Halfling)|Humanoid (Orc)|Humanoid (Gnoll)|Humanoid (Goblinoid)|Humanoid (Aquatic)|Humanoid (Reptilian)
#HHFavored Enemy X			OUTPUTNAME:Favored Enemy X			CATEGORY:Special Ability	TYPE:HHFavoredEnemy	VISIBLE:NO	PREABILITY:9,CATEGORY=Special Ability,HHFavored Enemy I,HHFavored Enemy II,HHFavored Enemy III,HHFavored Enemy IV,HHFavored Enemy V,HHFavored Enemy VI,HHFavored Enemy VII,HHFavored Enemy VIII,HHFavored Enemy IX	SAB:favored enemy (%CHOICE) +%|FavoredEnemy5																							DEFINE:FavoredEnemy5|FavoredEnemies-4																								MULT:YES	CHOOSE:NUMCHOICES=1|Humanoid (Human)|Humanoid (Dwarf)|Humanoid (Elf)|Humanoid (Gnome)|Humanoid (Halfling)|Humanoid (Orc)|Humanoid (Gnoll)|Humanoid (Goblinoid)|Humanoid (Aquatic)|Humanoid (Reptilian)

#
# End
#
