
# Racial Traits
ABILITYCATEGORY:Astrazoan Racial Trait			CATEGORY:Racial Trait	TYPE:Astrazoan Racial Trait		VISIBLE:QUALIFY	DISPLAYLOCATION:Character	EDITABLE:YES	EDITPOOL:NO	
ABILITYCATEGORY:Bantrid Racial Trait			CATEGORY:Racial Trait	TYPE:Bantrid Racial Trait		VISIBLE:QUALIFY	DISPLAYLOCATION:Character	EDITABLE:YES	EDITPOOL:NO	
ABILITYCATEGORY:Borai Racial Trait				CATEGORY:Racial Trait	TYPE:Borai Racial Trait			VISIBLE:QUALIFY	DISPLAYLOCATION:Character	EDITABLE:YES	EDITPOOL:NO	
ABILITYCATEGORY:Khizar Racial Trait				CATEGORY:Racial Trait	TYPE:Khizar Racial Trait		VISIBLE:QUALIFY	DISPLAYLOCATION:Character	EDITABLE:YES	EDITPOOL:NO	
ABILITYCATEGORY:SRO Racial Trait				CATEGORY:Racial Trait	TYPE:SRO Racial Trait			VISIBLE:QUALIFY	DISPLAYLOCATION:Character	EDITABLE:YES	EDITPOOL:NO	
ABILITYCATEGORY:Strix Racial Trait				CATEGORY:Racial Trait	TYPE:Strix Racial Trait			VISIBLE:QUALIFY	DISPLAYLOCATION:Character	EDITABLE:YES	EDITPOOL:NO	
ABILITYCATEGORY:SRO Subrace Selection			CATEGORY:Racial Trait	TYPE:SRO Subrace Selection		VISIBLE:QUALIFY	DISPLAYLOCATION:Character	EDITABLE:YES	EDITPOOL:NO

#Theme
ABILITYCATEGORY:SOLAR DISCIPLE Theme Benefit	CATEGORY:Theme	TYPE:SOLAR DISCIPLE Theme Benefit		VISIBLE:QUALIFY	DISPLAYLOCATION:Character	EDITABLE:YES	EDITPOOL:NO
ABILITYCATEGORY:ROBOTICIST Theme Benefit		CATEGORY:Theme	TYPE:ROBOTICIST Theme Benefit			VISIBLE:QUALIFY	DISPLAYLOCATION:Character	EDITABLE:YES	EDITPOOL:NO
ABILITYCATEGORY:WILD WARDEN Theme Benefit		CATEGORY:Theme	TYPE:WILD WARDEN Theme Benefit			VISIBLE:QUALIFY	DISPLAYLOCATION:Character	EDITABLE:YES	EDITPOOL:NO	
ABILITYCATEGORY:CORPORATE AGENT Theme Benefit	CATEGORY:Theme	TYPE:CORPORATE AGENT Theme Benefit		VISIBLE:QUALIFY	DISPLAYLOCATION:Character	EDITABLE:YES	EDITPOOL:NO	
ABILITYCATEGORY:GLADIATOR Theme Benefit		CATEGORY:Theme	TYPE:GLADIATOR Theme Benefit			VISIBLE:QUALIFY	DISPLAYLOCATION:Character	EDITABLE:YES	EDITPOOL:NO
ABILITYCATEGORY:CYBERBORN Theme Benefit		CATEGORY:Theme	TYPE:CYBERBORN Theme Benefit			VISIBLE:QUALIFY	DISPLAYLOCATION:Character	EDITABLE:YES	EDITPOOL:NO
ABILITYCATEGORY:TEMPERED PILGRIM Theme Benefit	CATEGORY:Theme	TYPE:TEMPERED PILGRIM Theme Benefit		VISIBLE:QUALIFY	DISPLAYLOCATION:Character	EDITABLE:YES	EDITPOOL:NO
ABILITYCATEGORY:SPACE PIRATE Theme Benefit	CATEGORY:Theme	TYPE:SPACE PIRATE Theme Benefit			VISIBLE:QUALIFY	DISPLAYLOCATION:Character	EDITABLE:YES	EDITPOOL:NO
ABILITYCATEGORY:DEATH TOUCHED Theme Benefit	CATEGORY:Theme	TYPE:DEATH TOUCHED Theme Benefit		VISIBLE:QUALIFY	DISPLAYLOCATION:Character	EDITABLE:YES	EDITPOOL:NO
ABILITYCATEGORY:DRAGONBLOOD Theme Benefit		CATEGORY:Theme	TYPE:DRAGONBLOOD Theme Benefit			VISIBLE:QUALIFY	DISPLAYLOCATION:Character	EDITABLE:YES	EDITPOOL:NO	
ABILITYCATEGORY:DREAM PROPHET Theme Benefit	CATEGORY:Theme	TYPE:DREAM PROPHET Theme Benefit		VISIBLE:QUALIFY	DISPLAYLOCATION:Character	EDITABLE:YES	EDITPOOL:NO
ABILITYCATEGORY:BIOTECHNICIAN Theme Benefit	CATEGORY:Theme	TYPE:BIOTECHNICIAN Theme Benefit		VISIBLE:QUALIFY	DISPLAYLOCATION:Character	EDITABLE:YES	EDITPOOL:NO	
ABILITYCATEGORY:XENOARCHAEOLOGIST Theme Benefit	CATEGORY:Theme	TYPE:XENOARCHAEOLOGIST Theme Benefit	VISIBLE:QUALIFY	DISPLAYLOCATION:Character	EDITABLE:YES	EDITPOOL:NO
ABILITYCATEGORY:CULTIST Theme Benefit		CATEGORY:Theme	TYPE:CULTIST Theme Benefit				VISIBLE:QUALIFY	DISPLAYLOCATION:Character	EDITABLE:YES	EDITPOOL:NO	


