# before 2014 May 25

###Block: Stalker
ABILITYCATEGORY:Stalker Class Feature	VISIBLE:QUALIFY	EDITABLE:YES	EDITPOOL:NO					CATEGORY:Special Ability	TYPE:StalkerClassFeatures	PLURAL:Stalker Class Features		DISPLAYLOCATION:Class Features
ABILITYCATEGORY:Stalker Archetype		VISIBLE:QUALIFY	EDITABLE:YES	EDITPOOL:YES	FRACTIONALPOOL:NO	CATEGORY:Archetype		TYPE:StalkerArchetype		PLURAL:Stalker Archetypes		DISPLAYLOCATION:Archetype
ABILITYCATEGORY:Stalker Art			VISIBLE:QUALIFY	EDITABLE:YES	EDITPOOL:YES	FRACTIONALPOOL:NO	CATEGORY:Special Ability	TYPE:StalkerArt			PLURAL:Stalker Arts			DISPLAYLOCATION:Class Features
ABILITYCATEGORY:Combat Art Feat		VISIBLE:QUALIFY	EDITABLE:YES	EDITPOOL:YES	FRACTIONALPOOL:NO	CATEGORY:FEAT			TYPE:Combat				PLURAL:Combat Art Feats			DISPLAYLOCATION:Feats
ABILITYCATEGORY:Stalker Rogue Talent	VISIBLE:QUALIFY	EDITABLE:YES	EDITPOOL:YES	FRACTIONALPOOL:NO	CATEGORY:Special Ability	TYPE:StalkerRogueTalent		PLURAL:Stalker Rogue Talents		DISPLAYLOCATION:Class Features


###Block: Warlord
ABILITYCATEGORY:Warlord Class Feature	VISIBLE:QUALIFY	EDITABLE:YES	EDITPOOL:NO					CATEGORY:Special Ability	TYPE:WarlordClassFeatures	PLURAL:Warlord Class Features		DISPLAYLOCATION:Class Features
ABILITYCATEGORY:Warlord Archetype		VISIBLE:QUALIFY	EDITABLE:YES	EDITPOOL:YES	FRACTIONALPOOL:NO	CATEGORY:Archetype		TYPE:WarlordArchetype		PLURAL:Warlord Archetypes		DISPLAYLOCATION:Archetype
ABILITYCATEGORY:Warlord Gambit		VISIBLE:QUALIFY	EDITABLE:YES	EDITPOOL:YES	FRACTIONALPOOL:NO	CATEGORY:Special Ability	TYPE:WarlordGambit		PLURAL:Warlord Gambits			DISPLAYLOCATION:Class Features
ABILITYCATEGORY:Warlord Bonus Feat		VISIBLE:QUALIFY	EDITABLE:YES	EDITPOOL:YES	FRACTIONALPOOL:NO	CATEGORY:FEAT			TYPE:Combat.Teamwork		PLURAL:Warlord Bonus Feats		DISPLAYLOCATION:Feats
ABILITYCATEGORY:Warlord Warleader Feat	VISIBLE:QUALIFY	EDITABLE:YES	EDITPOOL:YES	FRACTIONALPOOL:NO	CATEGORY:FEAT			TYPE:Teamwork			PLURAL:Warlord Warleader Feats	DISPLAYLOCATION:Feats


###Block: Warder
ABILITYCATEGORY:Warder Class Feature	VISIBLE:QUALIFY	EDITABLE:YES	EDITPOOL:NO					CATEGORY:Special Ability	TYPE:WarderClassFeatures	PLURAL:Warder Class Features		DISPLAYLOCATION:Class Features
ABILITYCATEGORY:Warder Archetype		VISIBLE:QUALIFY	EDITABLE:YES	EDITPOOL:YES	FRACTIONALPOOL:NO	CATEGORY:Archetype		TYPE:WarderArchetype		PLURAL:Warder Archetypes		DISPLAYLOCATION:Archetype
ABILITYCATEGORY:Warder Bonus Feat		VISIBLE:QUALIFY	EDITABLE:YES	EDITPOOL:YES	FRACTIONALPOOL:NO	CATEGORY:FEAT			TYPE:Combat.Teamwork		PLURAL:Warder Bonus Feats		DISPLAYLOCATION:Feats


###Block: ability categories for feats
ABILITYCATEGORY:Advanced Study Choice		VISIBLE:QUALIFY	EDITABLE:YES	EDITPOOL:YES	FRACTIONALPOOL:NO	CATEGORY:Internal			TYPE:AdvancedStudyChoice		PLURAL:Advanced Study Choices		DISPLAYLOCATION:Feats
ABILITYCATEGORY:Martial Training Discipline	VISIBLE:QUALIFY	EDITABLE:YES	EDITPOOL:YES	FRACTIONALPOOL:NO	CATEGORY:Internal			TYPE:MartialTrainingDiscipline	PLURAL:Martial Training Disciplines	DISPLAYLOCATION:Feats
ABILITYCATEGORY:Martial Training Choice		VISIBLE:QUALIFY	EDITABLE:YES	EDITPOOL:YES	FRACTIONALPOOL:NO	CATEGORY:Internal			TYPE:MartialTrainingChoice		PLURAL:Martial Training Choices	DISPLAYLOCATION:Feats
ABILITYCATEGORY:Weapon Group Adaptation Choice	VISIBLE:QUALIFY	EDITABLE:YES	EDITPOOL:YES	FRACTIONALPOOL:NO	CATEGORY:Internal			TYPE:WeaponGroupAdaptation		PLURAL:Weapon Group Adaptation Choices	DISPLAYLOCATION:Feats


###Block: ability categories for prestige classes
# Block: Battle Templar
ABILITYCATEGORY:Battle Templar Class Feature	VISIBLE:QUALIFY	EDITABLE:YES	EDITPOOL:NO		CATEGORY:Special Ability	TYPE:BattleTemplarClassFeatures	PLURAL:Battle Templar Class Features		DISPLAYLOCATION:Class Features
ABILITYCATEGORY:Battle Templar Initiator Class Choice	VISIBLE:QUALIFY	EDITABLE:YES	EDITPOOL:NO		CATEGORY:Internal	TYPE:BattleTemplarInitiatingChoice	PLURAL:Battle Templar Initiator Class Choices		DISPLAYLOCATION:Class Features

# Block: Bladecaster
ABILITYCATEGORY:Bladecaster Class Feature	VISIBLE:QUALIFY	EDITABLE:YES	EDITPOOL:NO		CATEGORY:Special Ability	TYPE:BladecasterClassFeatures	PLURAL:Bladecaster Class Features		DISPLAYLOCATION:Class Features
ABILITYCATEGORY:Bladecaster Initiator Class Choice	VISIBLE:QUALIFY	EDITABLE:YES	EDITPOOL:NO		CATEGORY:Internal	TYPE:BladecasterInitiatingChoice	PLURAL:Bladecaster Initiator Class Choices		DISPLAYLOCATION:Class Features

# Block: Dragon Fury
ABILITYCATEGORY:Dragon Fury Class Feature	VISIBLE:QUALIFY	EDITABLE:YES	EDITPOOL:NO		CATEGORY:Special Ability	TYPE:DragonFuryClassFeatures	PLURAL:Dragon Fury Class Features		DISPLAYLOCATION:Class Features
ABILITYCATEGORY:Dragon Fury Initiator Class Choice	VISIBLE:QUALIFY	EDITABLE:YES	EDITPOOL:NO		CATEGORY:Internal	TYPE:DragonFuryInitiatingChoice	PLURAL:Dragon Fury Initiator Class Choices		DISPLAYLOCATION:Class Features

# Block: Mage Hunter
ABILITYCATEGORY:Mage Hunter Class Feature	VISIBLE:QUALIFY	EDITABLE:YES	EDITPOOL:NO		CATEGORY:Special Ability	TYPE:MageHunterClassFeatures	PLURAL:Mage Hunter Class Features		DISPLAYLOCATION:Class Features
ABILITYCATEGORY:Mage Hunter Initiator Class Choice	VISIBLE:QUALIFY	EDITABLE:YES	EDITPOOL:NO		CATEGORY:Internal	TYPE:MageHunterInitiatingChoice	PLURAL:Mage Hunter Initiator Class Choices		DISPLAYLOCATION:Class Features

# Block: Umbral Blade
ABILITYCATEGORY:Umbral Blade Class Feature	VISIBLE:QUALIFY	EDITABLE:YES	EDITPOOL:NO		CATEGORY:Special Ability	TYPE:UmbralBladeClassFeatures	PLURAL:Umbral Blade Class Features		DISPLAYLOCATION:Class Features
ABILITYCATEGORY:Umbral Blade Initiator Class Choice	VISIBLE:QUALIFY	EDITABLE:YES	EDITPOOL:NO	CATEGORY:Internal			TYPE:UmbralBladeInitiatingChoice	PLURAL:Umbral Blade Initiator Class Choices		DISPLAYLOCATION:Class Features


###Block: ability categories for archetypes
ABILITYCATEGORY:Archer Training		VISIBLE:QUALIFY	EDITABLE:YES	EDITPOOL:YES	FRACTIONALPOOL:NO	CATEGORY:Special Ability			TYPE:ArcherTraining		PLURAL:Archer Training		DISPLAYLOCATION:Class Features



#
# End
#
