# COMMENT: These throw an error.  Not sure how to add them in.  Drop the .MOD?  Does that work?

# Stalker should be "as cleric".
#AGESET:0|Adulthood.MOD
#RACENAME:Human%		CLASS:Stalker[BASEAGEADD:2d6]
#RACENAME:Dwarf%		CLASS:Stalker[BASEAGEADD:7d6]
#RACENAME:Elf%		CLASS:Stalker[BASEAGEADD:10d6]
#RACENAME:Gnome%		CLASS:Stalker[BASEAGEADD:9d6]
#RACENAME:Half-Elf%	CLASS:Stalker[BASEAGEADD:3d6]
#RACENAME:Half-Orc%	CLASS:Stalker[BASEAGEADD:2d6]
#RACENAME:Halfling%	CLASS:Stalker[BASEAGEADD:4d6]

# Warlord should be "as fighter".
#AGESET:0|Adulthood.MOD
#RACENAME:Human%		CLASS:Warlord[BASEAGEADD:1d6]
#RACENAME:Dwarf%		CLASS:Warlord[BASEAGEADD:5d6]
#RACENAME:Elf%		CLASS:Warlord[BASEAGEADD:6d6]
#RACENAME:Gnome%		CLASS:Warlord[BASEAGEADD:6d6]
#RACENAME:Half-Elf%	CLASS:Warlord[BASEAGEADD:2d6]
#RACENAME:Half-Orc%	CLASS:Warlord[BASEAGEADD:1d6]
#RACENAME:Halfling%	CLASS:Warlord[BASEAGEADD:3d6]

# Warder should be "as paladin".
#AGESET:0|Adulthood.MOD
#RACENAME:Human%		CLASS:Warder[BASEAGEADD:1d6]
#RACENAME:Dwarf%		CLASS:Warder[BASEAGEADD:5d6]
#RACENAME:Elf%		CLASS:Warder[BASEAGEADD:6d6]
#RACENAME:Gnome%		CLASS:Warder[BASEAGEADD:6d6]
#RACENAME:Half-Elf%	CLASS:Warder[BASEAGEADD:2d6]
#RACENAME:Half-Orc%	CLASS:Warder[BASEAGEADD:1d6]
#RACENAME:Halfling%	CLASS:Warder[BASEAGEADD:3d6]

