# CVS $Revision: 12957 $ $Author: jbaril $ -- Thu May 28 10:08:57 2009 -- reformated by prettylst.pl v1.39 (build 9548)
SOURCELONG:Adventurer's Armory	SOURCESHORT:PFAA	SOURCEWEB:http://paizo.com/store/byCompany/p/paizoPublishingLLC/pathfinder/pathfinderRPG/v5748btpy8255	SOURCEDATE:2009-08
# Original RSRD Entry by: PCGen Data Team
# Pathfinder RPG Entry by: Jeff Baril

#Goods and Services
Map						TYPE:Goods.General				COST:50				WT:2
Breakaway chains						TYPE:Goods.General				COST:65		WT:2
Collapsible plank						TYPE:Goods.General				COST:0.4		WT:10		SOURCEPAGE:p.6
Coffin (common)						TYPE:Goods.Container.General		CONTAINS:UNLIM|Any=UNLIM		COST:10		WT:30		SOURCEPAGE:p.6
Coffin (ornate)						TYPE:Goods.Container.General		CONTAINS:UNLIM|Any=UNLIM		COST:100		WT:50		SOURCEPAGE:p.6
Key (copy)						TYPE:Goods.General				COST:1		WT:0		SOURCEPAGE:p.6
False-bottomed chest						TYPE:Goods.Container.General				COST:52		WT:25		SOURCEPAGE:p.6
False-bottomed cup						TYPE:Goods.Container.General				COST:1			WT:0		SOURCEPAGE:p.6
False-bottomed scabbard						TYPE:Goods.Container.General				COST:45		WT:1		SOURCEPAGE:p.6
Manacles (False)						TYPE:Goods.General				COST:65		WT:2		SOURCEPAGE:p.6
Chair (Folding)						TYPE:Goods.General				COST:2		WT:10		SOURCEPAGE:p.6
Ladder (Folding)						TYPE:Goods.General				COST:2		WT:16		SOURCEPAGE:p.6
Arrow (Grappling)						TYPE:Goods.General				COST:1		WT:0.5			SOURCEPAGE:p.7
Bolt (Grappling)						TYPE:Goods.General				COST:1		WT:0.5			SOURCEPAGE:p.7
Hammock						TYPE:Goods.General				COST:0.1		WT:3		SOURCEPAGE:p.7
Fortune-Teller's Deck (Harrow)						TYPE:Goods.General				COST:100		WT:0		SOURCEPAGE:p.7
Helmet candle						TYPE:Goods.General				COST:2		WT:4		SOURCEPAGE:p.7
Hollowed pommel						TYPE:Goods.General				COST:5		WT:0		SOURCEPAGE:p.7
Hourglass (one hour)						TYPE:Goods.General				COST:25		WT:1		SOURCEPAGE:p.7
Hourglass (one minute)						TYPE:Goods.General				COST:20		WT:0.5		SOURCEPAGE:p.7
Hourglass (six seconds)						TYPE:Goods.General				COST:10		WT:0		SOURCEPAGE:p.7
Vial (Iron)						TYPE:Goods.General				COST:0.1		WT:1		SOURCEPAGE:p.7
Lantern (Waterproof,Bullseye)								TYPE:Goods.General.LightSource													COST:18	WT:3		QUALITY:Normal Illumination|60 ft. cone	QUALITY:Increases light level by 1 step|120 ft. cone	QUALITY:Duration|6 hr./pint	SPROP:Normal illumination (60'), plus 1 step (120'), 6 hr./pint		SOURCEPAGE:p.7
Lantern (Waterproof,Hooded)									TYPE:Goods.General.LightSource													COST:12	WT:2		QUALITY:Bright Illumination|30 ft.	QUALITY:Shadowy Illumination|60 ft.	QUALITY:Duration|6 hr./pint					SPROP:Bright illumination (30'), shadowy illumination (60'), 6 hr./pint		SOURCEPAGE:p.7
Manacles (Mithril)						TYPE:Goods.General				COST:1000		WT:2		SOURCEPAGE:p.7
Perfume/Cologne						TYPE:Goods.General				COST:5		WT:0		SOURCEPAGE:p.7
Pickle extractor						TYPE:Goods.General				COST:0		WT:2		SOURCEPAGE:p.7
Pocket watch						TYPE:Goods.General				COST:250		WT:1		SOURCEPAGE:p.7
Poison pill ring						TYPE:Goods.General				COST:20		WT:0		SOURCEPAGE:p.7
Prosthetic arm						TYPE:Goods.General				COST:10		WT:3		SOURCEPAGE:p.7
Prosthetic foot						TYPE:Goods.General				COST:1		WT:2		SOURCEPAGE:p.7
Prosthetic hand						TYPE:Goods.General				COST:1		WT:1		SOURCEPAGE:p.7
Prosthetic leg						TYPE:Goods.General				COST:20		WT:6		SOURCEPAGE:p.7
Pump water canister						TYPE:Goods.General				COST:75		WT:5		SOURCEPAGE:p.7
Shaving kit						TYPE:Goods.General				COST:1.5		WT:0.5		SOURCEPAGE:p.8
Shield Sconce						TYPE:Goods.General				COST:1		WT:0.5		SOURCEPAGE:p.8
Skeleton key						TYPE:Goods.General				COST:85		WT:0		SOURCEPAGE:p.8
Spear-thrower						TYPE:Goods.General				COST:1		WT:1		SOURCEPAGE:p.8		SPROP:Double range of dart, javelin, or shortspear
Spellbook (Traveling/blank)						TYPE:Goods.Tools.Spellbook				COST:10		WT:1			SOURCEPAGE:p.8
Stationary						TYPE:Goods.General.Writing.Documents				COST:1		WT:0			SOURCEPAGE:p.8
Stove can						TYPE:Goods.General				COST:10		WT:1			SOURCEPAGE:p.8
String or twine (50 feet)						TYPE:Goods.General				COST:0		WT:0.5			SOURCEPAGE:p.8
Tattoo						TYPE:Goods.Service				COST:1		WT:0			SOURCEPAGE:p.8
Thurible (Censer)						TYPE:Goods.General				COST:50		WT:3			SOURCEPAGE:p.8		SPROP: When filled: 30ft smoke for 1 hr, +2 fortitude save
Thurible Herbs						TYPE:Goods.General.Consumable			COST:0.2		WT:0			SOURCEPAGE:p.8			SPROP:USed to fill Thurible
Wandermeal						TYPE:GoodsFood.Resizable.Consumable				COST:0		WT:0			SOURCEPAGE:p.8
Waterproof bag						TYPE:Goods.General.Container.Resizable				CONTAINS:UNLIM|Any=UNLIM		COST:0.5		WT:0.5			SOURCEPAGE:p.9
Wax key blank						TYPE:Goods.General				COST:15		WT:0.5			SOURCEPAGE:p.9
Wrist sheath						TYPE:Goods.General.Container				COST:1		WT:1			SOURCEPAGE:p.9
Wrist sheath, spring loaded						TYPE:Goods.General.Container				COST:5		WT:1			SOURCEPAGE:p.9

#Special Substances and Items
Alchemical Solvent (Flask)						TYPE:Goods.Alchemical.Consumable				COST:20		WT:0.5		SOURCEPAGE:p.9		SPROP:Eats through adhesives
Beast Lure						TYPE:Goods.Alchemical.Consumable				COST:30		WT:0.5		SOURCEPAGE:p.9		SPROP:Attracts one specific kind of creature
Bodybalm						TYPE:Goods.Alchemical.Consumable				COST:25		WT:0		SOURCEPAGE:p.9			SPROP:Provides +5 alchemical bonus to Heal checks for long-term care, poison, disease.
Distilled Terrap Sap						TYPE:Goods.Alchemical.Consumable				COST:30		WT:0.5		SOURCEPAGE:p.10		SPROP:Provides +5 alchemical bonus to saves against scent attacks within 20' for 1d6 rounds
Firework (desnan candle)						TYPE:Goods.Alchemical.Consumable				COST:5		WT:0		SOURCEPAGE:p.10
Firework (paper candle)						TYPE:Goods.Alchemical.Consumable				COST:1		WT:0		SOURCEPAGE:p.10
Firework (skyrocket)						TYPE:Goods.Alchemical.Consumable				COST:50		WT:1		SOURCEPAGE:p.10
Firework (starfountain)						TYPE:Goods.Alchemical.Consumable				COST:500		WT:100		SOURCEPAGE:p.10
Fuse Grenade						TYPE:Goods.Alchemical.Consumable				COST:100		WT:1		SOURCEPAGE:p.10		SPROP:Light 1d3 round then explodes for 2d6 bludgeon + 1d6 fire for 10' burst (DC15 reflex for 1/2)
Ink, Glowing (vial)						TYPE:Goods.General.Writing.Liquid.Vial				COST:5		WT:0		SOURCEPAGE:p.10		SPROP:+2 perception check to locate item written with this ink
Ink, Invisible (Simple)						TYPE:Goods.General.Writing.Liquid.Vial				COST:2		WT:0		SOURCEPAGE:p.10		SPROP:DC 20 Craft (Alchemy) to reveal without trigger
Ink, Invisible (Average)						TYPE:Goods.General.Writing.Liquid.Vial				COST:10		WT:0		SOURCEPAGE:p.10		SPROP:DC 25 Craft (Alchemy) to reveal without trigger
Ink Invisible (Good) 						TYPE:Goods.General.Writing.Liquid.Vial				COST:25		WT:0		SOURCEPAGE:p.10		SPROP:DC 30 Craft (Alchemy) to reveal without trigger
Ink, Invisible (Superior) 						TYPE:Goods.General.Writing.Liquid.Vial		COST:75		WT:0		SOURCEPAGE:p.10		SPROP:DC 35 Craft (Alchemy) to reveal without trigger
Itching powder 						TYPE:Goods.Alchemical.Consumable				COST:60		WT:2		SOURCEPAGE:p.10				SPROP: Fort DC12 to resist or -2 penalty to attack, save, skill, and ability checks.
Kaava Musk 						TYPE:Goods.Alchemical.Consumable				COST:40		WT:0.5		SOURCEPAGE:p.10		SPROP:+5 bonus to tracking target with musk on by scent
Keros Oil (flask) 						TYPE:Goods.Alchemical.Flask.Consumable				COST:5		WT:0		SOURCEPAGE:p.11		SPROP:Firebreathing oil.  5' range 1d3 dmg.
Marker Dye (flask) 						TYPE:Goods.Alchemical.FLask.Consumable				COST:15		WT:1		SOURCEPAGE:p.11		SPROP:Creates obvious stain.
Scent Cloak						TYPE:Goods.Alchemical.Consumable				COST:20		WT:2		SOURCEPAGE:p.11		SPROP:Add +10 to the DC for target being tracked by sent. Lasts 1 hour.
Vermin Repellent 						TYPE:Goods.Alchemical.Consumable				COST:5		WT:0		SOURCEPAGE:p.11		SPROP:Vermin swarms must make DC 15 Fortitude check to enter your square, lasts 4 hours.
Water Purification Sponge 						TYPE:Goods.Alchemical.Consumable				COST:25		WT:1		SOURCEPAGE:p.11		SPROP:Purifies 1 pint of water. 25 uses.


#Tools and Skill Kits
Cooking kit						TYPE:Goods.Tools				COST:1		WT:2		SOURCEPAGE:p.12
Doctor's mask						TYPE:Goods.Tools				COST:50		WT:2		SOURCEPAGE:p.12
Outfit (Doctor)						TYPE:Goods.Clothing.Resizable				COST:150		WT:6		SOURCEPAGE:p.12
Eyeglasses						TYPE:Goods.Tools				COST:5		WT:0		SOURCEPAGE:p.12
Flotation device						TYPE:Goods.Tools				COST:1		WT:2		SOURCEPAGE:p.12
Juggler’s Kit						TYPE:Goods.Tools				COST:15		WT:10		SOURCEPAGE:p.12
Portable altar						TYPE:Goods.Tools				COST:250		WT:40		SOURCEPAGE:p.12
Printing press (1–page)						TYPE:Goods.Tools				COST:250		WT:150		SOURCEPAGE:p.12
The Prophecies of Kalistrade						TYPE:Goods.Tools.Text				COST:75		WT:10		SOURCEPAGE:p.12		SPROP:Details the strict restrictions followers must follow.
Stretcher						TYPE:Goods.Tools				COST:1		WT:10		SOURCEPAGE:p.12
Surgeon’s tools						TYPE:Goods.Tools				COST:20		WT:5		SOURCEPAGE:p.13
Swim fins						TYPE:Goods.Tools				COST:0.1		WT:5		SOURCEPAGE:p.13		SPROP: +10 swin speed, -5 base 
Thermometer						TYPE:Goods.Tools				COST:25		WT:1		SOURCEPAGE:p.13	
Trespasser’s Boot						TYPE:Goods.Tools				COST:0.8		WT:2		SOURCEPAGE:p.13		SPROP:Pit spikes, Attack+10 2d4, DC20 disable/escale, DC25 str

#Clothing
Scarf						TYPE:Goods.Clothing.Resizable				COST:0		WT:0.5		SOURCEPAGE:p.13
Scarf (pocketed)						TYPE:Goods.Clothing.Resizable				COST:8		WT:0.5		SOURCEPAGE:p.13
Scarf (reinforced)						TYPE:Goods.Clothing.Resizable				COST:10		WT:0.5		SOURCEPAGE:p.13
Wig			TYPE:Goods.Clothing.Resizable				COST:5		WT:0.5		SOURCEPAGE:p.14


#Food Drink and Lodging
Caydenbrew (mug)		TYPE:Goods.Liquid.Food.Consumable				COST:0.05	WT:0.5		SOURCEPAGE:p.14
Coffee (cup)			 TYPE:Goods.Liquid.Food.Consumable				COST:0.01	WT:0.5		SOURCEPAGE:p.14
Corentyn Wine (bottle)			TYPE:Goods.Liquid.Food.Consumable			COST:15		WT:0.5 			SOURCEPAGE:p.14
Dwarven Stout (mug)			TYPE:Goods.Liquid.Food.Consumable			COST:0.04		WT:0.5 			SOURCEPAGE:p.14
Grog (mug)			TYPE:Goods.Liquid.Food.Consumable			COST:0.02		WT:0.5 			SOURCEPAGE:p.14
Kahve (cup)			TYPE:Goods.Liquid.Food.Consumable			COST:0.02		WT:0.5 			SOURCEPAGE:p.14
Linnorm Mead (mug)			TYPE:Goods.Liquid.Food.Consumable			COST:0.05		WT:0.5 			SOURCEPAGE:p.14
Mwangi Coffee (cup)			TYPE:Goods.Liquid.Food.Consumable			COST:0.03		WT:0.5 			SOURCEPAGE:p.14
Oldlaw Whiskey (bottle)			TYPE:Goods.Liquid.Food.Consumable			COST:20		WT:1 			SOURCEPAGE:p.14
Rumboozle (glass)			TYPE:Goods.Liquid.Food.Consumable			COST:0.1		WT:0.5 			SOURCEPAGE:p.14
Tea (cup))			TYPE:Goods.Liquid.Food.Consumable			COST:0.02		WT:0.5 			SOURCEPAGE:p.14
Tea (ceremonial/cup)			TYPE:Goods.Liquid.Food.Consumable			COST:0.04		WT:0.5 			SOURCEPAGE:p.14
Tea Set (ceremony)TYPE:Goods.General		COST:25			WT:5 			SOURCEPAGE:p.14


#Mounts, Pers, and Related Gear
Bat								TYPE:Goods.Animal.Pet				COST:5				WT:1				SOURCEPAGE:15		SIZE:D
Bat (Uskwood)			TYPE:Goods.Animal.Pet				COST:50				WT:2				SOURCEPAGE:15		SIZE:D
Canary						TYPE:Goods.Animal.Pet				COST:0.04			WT:0.5			SOURCEPAGE:15		SIZE:D
Cat								TYPE:Goods.Animal.Pet				COST:0.03 		WT:8				SOURCEPAGE:15		SIZE:T
Cat (Osirion Wise–Eye)		TYPE:Goods.Pet			COST:6		WT:8				SOURCEPAGE:15		SIZE:T
Donkey Rat				TYPE:Goods.Animal.Pet			COST:1			WT:50							SOURCEPAGE:15		SIZE:T
Elephant					TYPE:Goods.Transportation.Mount.Container		CONTAINS:*690|Any=UNLIM		COST:1000		SIZE:H	SOURCEPAGE:p.16
Falcon						TYPE:Goods.Animal.Pet				COST:40				WT:20			SOURCEPAGE:15		SIZE:T
Falconry Gauntlet			TYPE:Goods.General		COST:10			WT:1			SOURCEPAGE:15
Hawk									TYPE:Goods.Animal.Pet				COST:18		WT:20			SOURCEPAGE:15		SIZE:T
Lizard								TYPE:Goods.Animal.Pet				COST:0.05		WT:0			SOURCEPAGE:15		SIZE:T
Lizard (Nex Gecko)		TYPE:Goods.Animal.Pet				COST:12		WT:0.4			SOURCEPAGE:15		SIZE:T
Monkey								TYPE:Goods.Animal.Pet				COST:3		WT:5			SOURCEPAGE:16		SIZE:T
Owl										TYPE:Goods.Animal.Pet				COST:10		WT:1			SOURCEPAGE:16		SIZE:T
Owl (Verduran)				TYPE:Goods.Animal.Pet				COST:20		WT:1			SOURCEPAGE:16		SIZE:T
Yak				TYPE:Goods.Transportation.Mount.Container		CONTAINS:*690|Any=UNLIM		COST:24			SIZE:M	SOURCEPAGE:p.16
Pseudodragon					TYPE:Goods.Animal.Pet				COST:200		WT:7			SOURCEPAGE:16			SPROP:Generally considered slavery to own one as a pet
Rat										TYPE:Goods.Animal.Pet				COST:0.01		WT:1			SOURCEPAGE:16		SIZE:T
Rat (blue)						TYPE:Goods.Animal.Pet				COST:1		WT:1			SOURCEPAGE:16		SIZE:T
Rat (dire)						TYPE:Goods.Animal.Pet				COST:5		WT:50			SOURCEPAGE:16		SIZE:S
Raven									TYPE:Goods.Animal.Pet				COST:2		WT:3			SOURCEPAGE:16		SIZE:T
Snake (constrictor)		TYPE:Goods.Animal.Pet				COST:5		WT:60			SOURCEPAGE:16		SIZE:M
Snake (viper)					TYPE:Goods.Animal.Pet				COST:5		WT:0.8			SOURCEPAGE:16		SIZE:T
Stirge								TYPE:Goods.Animal.Pet				COST:20		WT:1			SOURCEPAGE:16		SIZE:T
Toad									TYPE:Goods.Animal.Pet				COST:0.02		WT:0.5			SOURCEPAGE:16		SIZE:D
Toad (vision)					TYPE:Goods.Animal.Pet				COST:1		WT:0.4			SOURCEPAGE:16		SIZE:D		SPROP:Hallucinogen when licked
Weasel								TYPE:Goods.Animal.Pet				COST:2 		WT:0.5			SOURCEPAGE:16		SIZE:T

#Entertainment Items
Board Games									TYPE:Goods.Entertainment				COST:0.1			WT:2		SOURCEPAGE:16
Board Games (Exceptional)		TYPE:Goods.Entertainment				COST:10				WT:2		SOURCEPAGE:16
Bowling Set									TYPE:Goods.Entertainment				COST:0.5			WT:2		SOURCEPAGE:17
Bowling Set (Exceptional)		TYPE:Goods.Entertainment				COST:10				WT:2		SOURCEPAGE:17
Kite												TYPE:Goods.Entertainment				COST:0.1			WT:2		SOURCEPAGE:17
Kite (Exceptional)					TYPE:Goods.Entertainment				COST:2000			WT:2		SOURCEPAGE:17
Puzzle Box									TYPE:Goods.Entertainment				COST:1				WT:1		SOURCEPAGE:17
Puzzle Box (Exceptional)		TYPE:Goods.Entertainment				COST:1000			WT:5		SOURCEPAGE:17

#Blackmarket Items
Allnight						TYPE:Goods.Blackmarket.Consumable				COST:75					WT:0				SOURCEPAGE:17			SPROP:Eliminate fatigue for 8 hours, -2 to all skill checks, exhausted at end of effect.
Bachelor Snuff			TYPE:Goods.Blackmarket.Consumable				COST:1					WT:0				SOURCEPAGE:17			SPROP:Renders male target sterile for 1d3 days when inhaled
Belladonna					TYPE:Goods.Blackmarket.Consumable				COST:2					WT:0				SOURCEPAGE:17			SPROP:Causes vivid hallucinations, treats pain (non poisonous blend)
Clear Ear						TYPE:Goods.Blackmarket.Consumable				COST:15					WT:0				SOURCEPAGE:17			SPROP:Onset 2 hrs; Effect 6 hours +2 alchemical bonus to perception and knowledge checks; -2 to all charisma based checks
Flayleaf						TYPE:Goods.Blackmarket.Consumable				COST:20					WT:2				SOURCEPAGE:17			SPROP:Immune to paid 4 hours after smoking, -5 penalty to saves vs. mind-altering effects
Garlic							TYPE:Goods.Blackmarket.Consumable				COST:0.1				WT:1				SOURCEPAGE:17	
Night Tea						TYPE:Goods.Blackmarket.Consumable				COST:0.1				WT:1				SOURCEPAGE:17			SPROP:Renders female target sterile for 1 day
Pesh								TYPE:Goods.Blackmarket.Consumable				COST:20					WT:0				SOURCEPAGE:17			SPROP:+15 temp hp for 1 hr; +2 morale bonus save vs. fear for 1 day; -4 penalty to Dex and Wis for 1 day; DC 10 to resist addiction
Shoanti Barbarian Chew		TYPE:Goods.Blackmarket.Consumable				COST:1		WT:0				SOURCEPAGE:18			SPROP:Extends barbarian rage by 1 round during next hour
Slave										TYPE:Service.Blackmarket			COST:75					WT:175			SIZE:M		SOURCEPAGE:18
Slave (hard labor)			TYPE:Service.Blackmarket			COST:100				WT:200			SIZE:M		SOURCEPAGE:18
Slave (household)				TYPE:Service.Blackmarket			COST:50					WT:130			SIZE:M		SOURCEPAGE:18
Slave (slip/halfling)		TYPE:Service.Blackmarket			COST:100				WT:39				SIZE:S		SOURCEPAGE:18
Slave (specialized)			TYPE:Service.Blackmarket			COST:500				WT:160			SIZE:M		SOURCEPAGE:18
Wolfsbane						TYPE:Goods.Blackmarket.Consumable				COST:0.5				WT:0				SOURCEPAGE:18			SPROP:Treats pain (non poisonous blend)
Woundweal						TYPE:Goods.Poison.Consumable						COST:100				WT:0				SOURCEPAGE:18			SPROP:Injury; Fort DC 18; Freq 1 day; Effect -10 heal checks and DC25 to magically heal; Cure 2 consecutive saves
