# CVS $Revision$ $Author$ -- Sat Aug  1 12:19:49 2009 -- reformated by prettylst.pl v1.38 (build 7302)
SOURCELONG:Bastion Press - Into the Black	SOURCESHORT:ittb	SOURCEDATE:2003-01
#Original Entry: Andrew (LegacyKing) Maitland



# Spell Name		Classes of caster							School			Sub-School			Spell Descriptors	Components		Casting Time		Range			Target Area or Effect										Duration								Save Info						Spell Resistance
Black Lung			CLASSES:Cleric=4|Druid=4|Sorcerer,Wizard=5		SCHOOL:Necromancy									COMPS:V, S, M/DF	CASTTIME:One action	RANGE:Close		TARGETAREA:Ray											DURATION:1 round/level						SAVEINFO:Fortitude partial (see text)	SPELLRES:Yes
Deep Lungs			CLASSES:Cleric=1|Druid=1|Ranger=1|Sorcerer,Wizard=1	SCHOOL:Transmutation								COMPS:V, S, DF	CASTTIME:1 action		RANGE:Touch		TARGETAREA:Creature touched									DURATION:1 hour/level						SAVEINFO:Will negates (harmless)		SPELLRES:Yes
Detect Gas			CLASSES:Cleric=1|Druid=1|Ranger=1|Sorcerer,Wizard=1	SCHOOL:Universal									COMPS:V, S		CASTTIME:1 action		RANGE:60 ft.	TARGETAREA:Quarter circle emanating from you to the extreme of the range	DURATION:Concentration, up to 1 minute/level (D)	SAVEINFO:None					SPELLRES:No
Diamond Blade		CLASSES:Sorcerer,Wizard=6					SCHOOL:Evocation									COMPS:V, S, M	CASTTIME:1 action		RANGE:Close		TARGETAREA:One sword										DURATION:1 round/level (D)					SAVEINFO:Will negates (harmless)		SPELLRES:Yes
Distortion Field		CLASSES:Bard=2|Sorcerer,Wizard=2				SCHOOL:Evocation						DESCRIPTOR:Sonic	COMPS:V		CASTTIME:1 action		RANGE:Touch		TARGETAREA:Creature touched									DURATION:1 minute/level						SAVEINFO:Will negates (harmless)		SPELLRES:Yes (harmless)
Examine Coffin		CLASSES:Cleric=2|Sorcerer,Wizard=2				SCHOOL:Divination									COMPS:V, S, M	CASTTIME:1 action		RANGE:Touch		TARGETAREA:Coffin, sarcophagus or burial niche touched				DURATION:One round/level					SAVEINFO:None					SPELLRES:No
Floral Bouquet		CLASSES:Druid=1|Ranger=1|Sorcerer,Wizard=1		SCHOOL:Evocation									COMPS:V, S, M/DF	CASTTIME:1 action		RANGE:0 ft.		TARGETAREA:20 ft. radius centered on you							DURATION:1 minute/level						SAVEINFO:None					SPELLRES:No
Geological Treasure	CLASSES:Cleric=2|Druid=2|Ranger=2|Sorcerer,Wizard=2	SCHOOL:Divination									COMPS:V, S, M/DF	CASTTIME:10 minutes	RANGE:Touch		TARGETAREA:Inorganic metal, mineral or rock touched					DURATION:Instantaneous						SAVEINFO:None (harmless)			SPELLRES:No
Ghosthunter			CLASSES:Cleric=3|Sorcerer,Wizard=3				SCHOOL:Transmutation								COMPS:V, S		CASTTIME:1 action		RANGE:Touch		TARGETAREA:Weapon touched									DURATION:1 minute/level						SAVEINFO:Will negates (harmless, object)	SPELLRES:Yes (harmless, object)
Gust of Ash			CLASSES:Sorcerer,Wizard=4					SCHOOL:Evocation									COMPS:V, S, M	CASTTIME:1 action		RANGE:Close		TARGETAREA:Cone											DURATION:Instantaneous						SAVEINFO:Reflex partial				SPELLRES:Yes
Hidden Lore			CLASSES:Cleric=2|Druid=2|Sorcerer,Wizard=2		SCHOOL:Divination									COMPS:V, S, M/DF	CASTTIME:10 minutes	RANGE:Touch		TARGETAREA:Creature or plant touched							DURATION:Instantaneous						SAVEINFO:None					SPELLRES:No
Miner's Hunch		CLASSES:Druid=1|Sorcerer,Wizard=1				SCHOOL:Divination									COMPS:V, S, M/DF	CASTTIME:1 action		RANGE:Close		TARGETAREA:Circle with a (25 ft. + 5 ft./2 levels) radius centered around you	DURATION:1 minute/level						SAVEINFO:None					SPELLRES:No
Pillar of Salt		CLASSES:Sorcerer,Wizard=7					SCHOOL:Transmutation								COMPS:V, S, M	CASTTIME:1 action		RANGE:Close		TARGETAREA:One creature										DURATION:Instantaneous						SAVEINFO:Fortitude partial			SPELLRES:Yes
Sheet of Mercury		CLASSES:Sorcerer,Wizard=3					SCHOOL:Conjuration	SUBSCHOOL:Creation				COMPS:V, S, M	CASTTIME:1 action		RANGE:Medium	TARGETAREA:40 ft. radius spread								DURATION:1 round/level						SAVEINFO:See text					SPELLRES:No
Stabilize			CLASSES:Druid=3|Sorcerer,Wizard=3				SCHOOL:Conjuration								COMPS:V, S, M/DF	CASTTIME:1 action		RANGE:Personal	TARGETAREA:You											DURATION:1 minute/level						SAVEINFO:None					SPELLRES:No
Structural Integrity	CLASSES:Cleric=2|Sorcerer,Wizard=2				SCHOOL:Transmutation								COMPS:V, S		CASTTIME:1 action		RANGE:Close		TARGETAREA:Area up to one 10 ft. square/level						DURATION:Permanent						SAVEINFO:None (harmless)			SPELLRES:No
Sulfurous Stench		CLASSES:Sorcerer,Wizard=3					SCHOOL:Conjuration	SUBSCHOOL:Creation				COMPS:V, S, M	CASTTIME:1 action		RANGE:Medium	TARGETAREA:20 ft. radius spread								DURATION:1 round/level						SAVEINFO:Fortitude negates			SPELLRES:Yes
Support Beam		CLASSES:Sorcerer,Wizard=2					SCHOOL:Conjuration								COMPS:V		CASTTIME:1 free action	RANGE:Close		TARGETAREA:5 ft. radius										DURATION:10 minutes/level					SAVEINFO:None (harmless)			SPELLRES:No
Wall of Stalagmites	CLASSES:Cleric=4|Druid=5|Sorcerer,Wizard=4		SCHOOL:Conjuration	SUBSCHOOL:Creation				COMPS:V, S, M/DF	CASTTIME:1 action		RANGE:Medium	TARGETAREA:Stalagmite wall with an area up to one 5 ft. square/level (S)	DURATION:Instantaneous						SAVEINFO:See text					SPELLRES:No











