# CVS $Revision: $ $Author: $ -- Sun Aug 30 05:43:40 2009 -- reformated by prettylst.pl v1.39 (build 10232)
SOURCELONG:Bastion Press - Into the Black	SOURCESHORT:ittb	SOURCEDATE:2003-01
#Original Entry: Andrew (LegacyKing) Maitland

###TODO: Skill Ranks
###Block: Cave Hermit Kit ---------------------------------------------------------------------------------------------------------------------------------------------------------------------------------------------------------------------------------------------------------------------------------------------------------------
STARTPACK:Cave Hermit Default	TYPE:DefaultMonster.Humanoid	VISIBLE:QUALIFY	EQUIPBUY:0	PREMULT:1,[!PRERACE:1,%],[PRERACE:1,Cave Hermit]
RACE:Cave Hermit	!PRERACE:1,%
STAT:STR=10|DEX=10|CON=10|INT=10|WIS=10|CHA=10
##Abilities: Str 18, Dex 8, Con 16, Int 8, Wis 10, Cha 10
##Skills:11pts Appraise +8, Bluff +3, Diplomacy +3, Hide +5*, Search +2
SKILL:Appraise	RANK:7
SKILL:Diplomacy	RANK:3	FREE:YES
SKILL:Bluff		RANK:3	FREE:YES
#SKILL:	RANK:	FREE:YES
#SKILL:	RANK:	FREE:YES
#SKILL:	RANK:	FREE:YES
SKILL:Search	RANK:3	FREE:YES
FEAT:Endurance
FEAT:Negotiator
FEAT:Skill Focus(Appraise)
ALIGN:CN


###Block: Cavern Giant ---------------------------------------------------------------------------------------------------------------------------------------------------------------------------------------------------------------------------------------------------------------------------------------------------------------
STARTPACK:Cavern Giant Default	TYPE:DefaultMonster.Humanoid	VISIBLE:QUALIFY	EQUIPBUY:0	PREMULT:1,[!PRERACE:1,%],[PRERACE:1,Cavern Giant]
RACE:Cavern Giant	!PRERACE:1,%
STAT:STR=10|DEX=10|CON=10|INT=10|WIS=10|CHA=10
##Abilities: Str 22, Dex 16, Con 18, Int 12, Wis 14, Cha 10
##Skills: Climb +8, Hide +5, Intimidate +3, Listen +5, Spot+6
FEAT:Improved Grapple
FEAT:Improved Unarmed Strike
FEAT:Weapon Focus(unarmed strike)
ALIGN:TN
GEAR:Stalactite	SIZE:PC	LOCATION:Primary Hand


###Block: Deviant Mimic ~ Arcarivore ---------------------------------------------------------------------------------------------------------------------------------------------------------------------------------------------------------------------------------------------------------------------------------------------------------------
STARTPACK:Deviant Mimic ~ Arcarivore Default	TYPE:DefaultMonster.Shapeshifter	VISIBLE:QUALIFY	EQUIPBUY:0	PREMULT:1,[!PRERACE:1,%],[PRERACE:1,Deviant Mimic (Arcarivore)]
RACE:Deviant Mimic (Arcarivore)	!PRERACE:1,%
STAT:STR=11|DEX=10|CON=11|INT=10|WIS=11|CHA=10
#ABILITIES: Str 11, Dex 18, Con 17, Int 10, Wis 13, Cha 10
#Climb +2, Disguise +10 Hide +9, Jump +9, Listen +1, Move  Silently +8, Tumble +9
FEAT:Acrobatic
FEAT:Weapon Finesse (slam)


###Block:Deviant Mimic ~ Parasitic ---------------------------------------------------------------------------------------------------------------------------------------------------------------------------------------------------------------------------------------------------------------------------------------------------------------
STARTPACK:Deviant Mimic ~ Parasitic Default	TYPE:DefaultMonster.Shapeshifter	VISIBLE:QUALIFY	EQUIPBUY:0	PREMULT:1,[!PRERACE:1,%],[PRERACE:1,Deviant Mimic (Parasitic)]
RACE:Deviant Mimic (Parasitic)	!PRERACE:1,%
STAT:STR=11|DEX=10|CON=11|INT=10|WIS=11|CHA=10
#ABILITIES: Str 11, Dex 18, Con 17, Int 10, Wis 13, Cha 10
#Climb +2, Disguise +10 Hide +9, Jump +9, Listen +1, Move  Silently +8, Tumble +9
FEAT:Acrobatic
FEAT:Weapon Finesse (slam)


###Block:Deviant Mimic ~ Assuming ---------------------------------------------------------------------------------------------------------------------------------------------------------------------------------------------------------------------------------------------------------------------------------------------------------------
STARTPACK:Deviant Mimic ~ Assuming Default	TYPE:DefaultMonster.Shapeshifter	VISIBLE:QUALIFY	EQUIPBUY:0	PREMULT:1,[!PRERACE:1,%],[PRERACE:1,Deviant Mimic (Assuming)]
RACE:Deviant Mimic (Assuming)	!PRERACE:1,%
STAT:STR=11|DEX=11|CON=11|INT=10|WIS=11|CHA=10
#Str 13, Dex 15, Con 17, Int 10, Wis 13, Cha 10
#Climb +5, Disguise +10 Hide +7, Listen +1, Move Silently +5, Swim +4
FEAT:Athletic
FEAT:Weapon Finesse(Slam)


###Block:Mal'Orm (Cricket Men of the Deep) ---------------------------------------------------------------------------------------------------------------------------------------------------------------------------------------------------------------------------------------------------------------------------------------------------------------
STARTPACK:Mal'Orm Default	TYPE:DefaultMonster	VISIBLE:QUALIFY	EQUIPBUY:0	PREMULT:1,[!PRERACE:1,%],[PRERACE:1,Mal'Orm (Cricket Men of the Deep)]
RACE:Mal'Orm (Cricket Men of the Deep)	!PRERACE:1,%
STAT:STR=10|DEX=10|CON=10|INT=10|WIS=10|CHA=10
##Abilities: Str 14, Dex 14, Con 12, Int 14, Wis 16, Cha 14
##Skills: Bluff +5, Diplomacy +5, Hide +8, Knowledge (nature) +7, Knowledge (Planes) +5, Listen +5, Move Silently +10, Survival +10
##Feats:
FEAT:Combat Casting
FEAT:Track
ALIGN:TN


###Block:Pallemon ---------------------------------------------------------------------------------------------------------------------------------------------------------------------------------------------------------------------------------------------------------------------------------------------------------------
STARTPACK:Pallemon Default	TYPE:DefaultMonster	VISIBLE:QUALIFY	EQUIPBUY:0	PREMULT:1,[!PRERACE:1,%],[PRERACE:1,Pallemon]
RACE:Pallemon	!PRERACE:1,%
STAT:STR=10|DEX=10|CON=11|INT=10|WIS=11|CHA=11
##Abilities: Str 10, Dex 18, Con 15, Int 24, Wis 21, Cha 19
##Skills: Concentration +10, Craft (Alchemy) +12, Heal +8, Knowledge (arcana) +17, Knowledge (any) +16, Listen +10, Move Silently +8, Sense Motive +8, Spellcraft+15, Survival +8, Use Magic Device +6
##Feats:
FEAT:Dodge
FEAT:Improved Initiative
FEAT:Mobility
FEAT:Spring Attack
ALIGN:NE


###Block:Snailfolk ---------------------------------------------------------------------------------------------------------------------------------------------------------------------------------------------------------------------------------------------------------------------------------------------------------------
STARTPACK:Snailfolk Default	TYPE:DefaultMonster	VISIBLE:QUALIFY	EQUIPBUY:0	PREMULT:1,[!PRERACE:1,%],[PRERACE:1,Snailfolk]
RACE:Snailfolk	!PRERACE:1,%
STAT:STR=10|DEX=10|CON=10|INT=10|WIS=10|CHA=10
##Abilities: Str 13, Dex 6, Con 21, Int 11, Wis 13, Cha 10
##Skills: Bluff +2*, Climb +3, Escape Artist +6*, Hide +1, Listen +2, Move Silently +1*, Open Lock +6*, Sleight of Hand +6*
##Feats: Great Fortitude
#Attack: Light mace +2 melee (1d6+1)
ALIGN:TN


###Block:Xastrial ---------------------------------------------------------------------------------------------------------------------------------------------------------------------------------------------------------------------------------------------------------------------------------------------------------------
STARTPACK:Xastrial Default	TYPE:DefaultMonster	VISIBLE:QUALIFY	EQUIPBUY:0	PREMULT:1,[!PRERACE:1,%],[PRERACE:1,Xastrial]
RACE:Xastrial	!PRERACE:1,%
STAT:STR=10|DEX=10|CON=10|INT=11|WIS=11|CHA=10
##Abilities: Str 26, Dex 6, Con 22, Int 15, Wis 15, Cha 6
##Skills: Appraise +18, Concentration +18, Craft (Alchemy)+18, Heal +18, Hide +28*, Knowledge (any three) +18, Sense Motive +18, Spellcraft +20
##Feats: Cleave, Great Cleave, Improved Initiative, Power Attack, Toughness
ALIGN:LE


###Block:Crypt Guardian  ---------------------------------------------------------------------------------------------------------------------------------------------------------------------------------------------------------------------------------------------------------------------------------------------------------------
STARTPACK:Crypt Guardian Default	TYPE:DefaultMonster	VISIBLE:QUALIFY	EQUIPBUY:0	PREMULT:1,[!PRERACE:1,%],[PRERACE:1,Crypt Guardian]
RACE:Crypt Guardian	!PRERACE:1,%
STAT:STR=10|DEX=10|CON=10|INT=10|WIS=10|CHA=11
##Abilities: Str 22, Dex 10, Con —, Int —, Wis 12, Cha 1
ALIGN:TN


###Block:Hellscorn ---------------------------------------------------------------------------------------------------------------------------------------------------------------------------------------------------------------------------------------------------------------------------------------------------------------
STARTPACK:Hellscorn Default	TYPE:DefaultMonster	VISIBLE:QUALIFY	EQUIPBUY:0	PREMULT:1,[!PRERACE:1,%],[PRERACE:1,Hellscorn]
RACE:Hellscorn	!PRERACE:1,%
STAT:STR=10|DEX=11|CON=10|INT=11|WIS=11|CHA=10
##Abilities: Str —, Dex 15, Con —, Int 15, Wis 15, Cha 18
##Skills: Bluff +12, Concentration +3, Disguise +10, Escape Artist +8, Hide +10, Knowledge (any) +8, Listen +8, Search +9, Sense Motive +7, Spellcraft +4, Spot +10
##Feats:
FEAT:Blind fight
FEAT:Dodge
FEAT:Improved Initiative
FEAT:Iron Will
ALIGN:CE


###Block:Leytru ---------------------------------------------------------------------------------------------------------------------------------------------------------------------------------------------------------------------------------------------------------------------------------------------------------------
STARTPACK:Leytru Default	TYPE:DefaultMonster	VISIBLE:QUALIFY	EQUIPBUY:0	PREMULT:1,[!PRERACE:1,%],[PRERACE:1,Leytru]
RACE:Leytru	!PRERACE:1,%
STAT:STR=10|DEX=11|CON=11|INT=10|WIS=11|CHA=10
##Abilities: Str 16, Dex 25, Con 15, Int 14, Wis 17, Cha 10
##Skills: Balance +15, Climb +17, Escape Artist +13, Hide +13*, Jump +11, Listen +9, Move Silently +13, Spot +9, Tumble +15
##Feats:
FEAT:Improved Initiative
FEAT:Lightning Reflexes
FEAT:Multiattack
FEAT:Weapon Finesse (claw)
ALIGN:NE


###Block:Silent Reaper ---------------------------------------------------------------------------------------------------------------------------------------------------------------------------------------------------------------------------------------------------------------------------------------------------------------
STARTPACK:Silent Reaper Default	TYPE:DefaultMonster	VISIBLE:QUALIFY	EQUIPBUY:0	PREMULT:1,[!PRERACE:1,%],[PRERACE:1,Silent Reaper]
RACE:Silent Reaper	!PRERACE:1,%
STAT:STR=10|DEX=11|CON=11|INT=11|WIS=10|CHA=10
##Abilities: Str 18, Dex 19, Con 15, Int 13, Wis 12, Cha 12
##Skills: Hide +13, Move Silently +10, Search +7, Spot +5, Survival +7 (+9 follow tracks)
##Feats:
FEAT:Combat Reflexes
FEAT:Improved Initiative
FEAT:Stealthy
ALIGN:TN


###Block:Waking Dead ---------------------------------------------------------------------------------------------------------------------------------------------------------------------------------------------------------------------------------------------------------------------------------------------------------------
STARTPACK:Waking Dead Default	TYPE:DefaultMonster	VISIBLE:QUALIFY	EQUIPBUY:0	PREMULT:1,[!PRERACE:1,%],[PRERACE:1,Waking Dead]
RACE:Waking Dead	!PRERACE:1,%
STAT:STR=10|DEX=10|CON=10|INT=10|WIS=11|CHA=11
#Abilities: Str 18, Dex 14, Con —, Int 8, Wis 15, Cha 11
#Skills: Hide +4, Intimidate +2, Listen +7, Move Silently+3, Spot +8
#Feats:
FEAT:Alertness
FEAT:Toughness
ALIGN:CE


###Block:Barangulaak  ---------------------------------------------------------------------------------------------------------------------------------------------------------------------------------------------------------------------------------------------------------------------------------------------------------------
STARTPACK:Barangulaak Default	TYPE:DefaultMonster	VISIBLE:QUALIFY	EQUIPBUY:0	PREMULT:1,[!PRERACE:1,%],[PRERACE:1,Barangulaak]
RACE:Barangulaak	!PRERACE:1,%
STAT:STR=11|DEX=10|CON=10|INT=10|WIS=11|CHA=11
#Abilities: Str 35, Dex 10, Con —, Int —, Wis 11, Cha 1
ALIGN:TN
GEAR:Pick (Heavy)	SIZE:PC	LOCATION:Primary Hand


###Block:Flosid ---------------------------------------------------------------------------------------------------------------------------------------------------------------------------------------------------------------------------------------------------------------------------------------------------------------
STARTPACK:Flosid Default	TYPE:DefaultMonster	VISIBLE:QUALIFY	EQUIPBUY:0	PREMULT:1,[!PRERACE:1,%],[PRERACE:1,Flosid]
RACE:Flosid	!PRERACE:1,%
ALIGN:TN
STAT:STR=10|DEX=11|CON=11|INT=10|WIS=11|CHA=11
#Abilities: Str 12, Dex 1, Con 21, Int —, Wis 1, Cha 1


###Block:Gremmin ---------------------------------------------------------------------------------------------------------------------------------------------------------------------------------------------------------------------------------------------------------------------------------------------------------------
STARTPACK:Gremmin Default	TYPE:DefaultMonster	VISIBLE:QUALIFY	EQUIPBUY:0	PREMULT:1,[!PRERACE:1,%],[PRERACE:1,Gremmin]
RACE:Gremmin
STAT:STR=10|DEX=10|CON=10|INT=11|WIS=11|CHA=11
##Abilities: Str 14, Dex 12, Con —, Int 13, Wis 15, Cha 15
##Skills: Appraise +7, Climb +5, Craft (Alchemy) +3, Craft (gemcutting) +5, Hide +3, Knowledge (geology) +7, Profession (miner) +10, Search +6, Spot +7, Survival+9 (+11 following tracks)
##Feats:
FEAT:Toughness
FEAT:Weapon Focus (heavy pick)
ALIGN:NE
GEAR:Pick (Heavy)	SIZE:PC	LOCATION:Primary Hand


###Block:Nokker ---------------------------------------------------------------------------------------------------------------------------------------------------------------------------------------------------------------------------------------------------------------------------------------------------------------
STARTPACK:Nokker Default	TYPE:DefaultMonster	VISIBLE:QUALIFY	EQUIPBUY:0	PREMULT:1,[!PRERACE:1,%],[PRERACE:1,Nokker]
RACE:Nokker	!PRERACE:1,%
STAT:STR=10|DEX=10|CON=10|INT=10|WIS=10|CHA=11
##Abilities: Str 10, Dex 16, Con 12, Int 14, Wis 12, Cha 15
##Skills: Appraise +9, Balance +5, Craft (Alchemy) +4, Climb +2, Craft (gemcutting) +6, Escape Artist +8, Hide +10, Jump +2, Knowledge (geology) +6, Move Silently +8, Profession (miner) +7
##Feats:
FEAT:Dodge
FEAT:Mobility
ALIGN:CN


###Block:Orvender ---------------------------------------------------------------------------------------------------------------------------------------------------------------------------------------------------------------------------------------------------------------------------------------------------------------
STARTPACK:Orvender Default	TYPE:DefaultMonster	VISIBLE:QUALIFY	EQUIPBUY:0	PREMULT:1,[!PRERACE:1,%],[PRERACE:1,Orvender]
RACE:Orvender	!PRERACE:1,%
STAT:STR=11|DEX=10|CON=10|INT=10|WIS=10|CHA=11
##Abilities: Str 21, Dex 10, Con 18, Int 8, Wis 14, Cha 11
##Skills: Appraise +2, Hide +8, Listen +6, Spot +6
##Feats:
FEAT:Combat Reflexes
FEAT:Power Attack
FEAT:Cleave
FEAT:Great Cleave
FEAT:Improved Overrun
ALIGN:TN


###Block:Barathelar ---------------------------------------------------------------------------------------------------------------------------------------------------------------------------------------------------------------------------------------------------------------------------------------------------------------
STARTPACK:Barathelar Default	TYPE:DefaultMonster	VISIBLE:QUALIFY	EQUIPBUY:0	PREMULT:1,[!PRERACE:1,%],[PRERACE:1,Barathelar]
RACE:Barathelar	!PRERACE:1,%
STAT:STR=10|DEX=10|CON=10|INT=10|WIS=10|CHA=11
##Abilities: Str 12, Dex 20, Con 14, Int 14, Wis 14, Cha 17
##Skills: Balance +8*, Climb +7*, Disguise +9, Escape Artist+9, Hide +12*, Jump +8*, Listen +10*, Move Silently+21*, Spot +7
##Feats:
FEAT:Improved Initiative
FEAT:Dodge
FEAT:Weapon Finesse (bite)
ALIGN:LE


###Block:Ravvimen ---------------------------------------------------------------------------------------------------------------------------------------------------------------------------------------------------------------------------------------------------------------------------------------------------------------
STARTPACK:Ravvimen Default	TYPE:DefaultMonster	VISIBLE:QUALIFY	EQUIPBUY:0	PREMULT:1,[!PRERACE:1,%],[PRERACE:1,Ravvimen]
RACE:Ravvimen	!PRERACE:1,%
STAT:STR=11|DEX=10|CON=10|INT=10|WIS=10|CHA=10
##Abilities: Str 15, Dex 14, Con 14, Int 10, Wis 12, Cha 10
##Skills: Escape Artist +4, Knowledge (any) +1, Listen +3, Move Silently +3, Search +2, Spot +3, Survival +3
##Feats:
FEAT:Two Weapon Fighting
ALIGN:CE
GEAR:Gaff		SIZE:PC	LOCATION:Primary Hand
GEAR:Gaff		SIZE:PC	LOCATION:Secondary Hand
GEAR:Leather	SIZE:PC	LOCATION:Equipped


###Block:Sarrenel ---------------------------------------------------------------------------------------------------------------------------------------------------------------------------------------------------------------------------------------------------------------------------------------------------------------
STARTPACK:Sarrenel Default	TYPE:DefaultMonster	VISIBLE:QUALIFY	EQUIPBUY:0	PREMULT:1,[!PRERACE:1,%],[PRERACE:1,Sarrenel]
RACE:Sarrenel	!PRERACE:1,%
STAT:STR=10|DEX=10|CON=10|INT=11|WIS=10|CHA=10
##Abilities: Str 12, Dex 16, Con 16, Int 5, Wis 8, Cha 6
##Skills: Escape Artist +5*, Hide +5*, Listen +1, Move Silently +7*, Spot +1, Swim +7
##Feats:
FEAT:Blind fight
FEAT:Weapon Finesse (bite)
ALIGN:NE


###Block:Walking Disease ---------------------------------------------------------------------------------------------------------------------------------------------------------------------------------------------------------------------------------------------------------------------------------------------------------------
STARTPACK:Walking Disease Default	TYPE:DefaultMonster	VISIBLE:QUALIFY	EQUIPBUY:0	PREMULT:1,[!PRERACE:1,%],[PRERACE:1,Walking Disease]
RACE:Walking Disease	!PRERACE:1,%
STAT:STR=10|DEX=10|CON=10|INT=10|WIS=10|CHA=11
##Abilities: Str 18, Dex 12, Con —, Int 10, Wis 14, Cha 15
##Skills: Hide +5, Intimidate +11, Knowledge (any) +5, Move Silently +6, Search +13, Spot +16, Survival +12 (+14 follow tracks)
##Feats:
FEAT:Blind Fight
FEAT:Combat Reflexes
FEAT:Lightning Reflexes
FEAT:Power Attack
FEAT:Toughness
ALIGN:NE


###Block:Wurggis ---------------------------------------------------------------------------------------------------------------------------------------------------------------------------------------------------------------------------------------------------------------------------------------------------------------
STARTPACK:Wurggis Default	TYPE:DefaultMonster	VISIBLE:QUALIFY	EQUIPBUY:0	PREMULT:1,[!PRERACE:1,%],[PRERACE:1,Wurggis]
RACE:Wurggis	!PRERACE:1,%
STAT:STR=10|DEX=10|CON=10|INT=11|WIS=11|CHA=10
##Abilities: Str 12, Dex 12, Con 12, Int 5, Wis 5, Cha 6
ALIGN:TN

#EOF ---------------------------------------------------------------------------------------------------------------------------------------------------------------------------------------------------------------------------------------------------------------------------------------------------------------
