# CVS $Revision$ $Author$ -- Thu Jan 17 13:41:20 2008 -- reformated by prettylst.pl v1.38 (build 4314)
SOURCELONG:Sherwood - The Legend of Robin Hood	SOURCESHORT:Sherwood	SOURCEWEB:www.battlefieldpress.com	SOURCEDATE:2008-01
#Original Entry: Andrew Maitland

STARTPACK:Dragon Default	VISIBLE:QUALIFY	EQUIPBUY:0	PREMULT:1,[!PRERACE:1,%],[PRERACE:1,Dragon_Sherwood]
RACE:Dragon_Sherwood	!PRERACE:1,%
NAME:Dragon
STAT:STR=11|DEX=10|CON=11|INT=10|WIS=11|CHA=10
ALIGN:CE
SKILL:Bluff				RANK:6
SKILL:Concentration		RANK:12
SKILL:Diplomacy			RANK:10
SKILL:Intimidate			RANK:17
SKILL:Jump				RANK:14
SKILL:Knowledge (Arcana)	RANK:8
SKILL:Knowledge (Geography)	RANK:6
SKILL:Knowledge (Local)		RANK:6
SKILL:Knowledge (Nature)	RANK:8
SKILL:Listen			RANK:14
SKILL:Search			RANK:14
SKILL:Sense Motive		RANK:6
SKILL:Spot				RANK:14
FEAT:Alertness
FEAT:Ability Focus(Breath Weapon)
FEAT:Hover
FEAT:Iron Will
FEAT:Multiattack


STARTPACK:Gargoyle Default	VISIBLE:QUALIFY	EQUIPBUY:0	PREMULT:1,[!PRERACE:1,%],[PRERACE:1,Gargoyle_Sherwood]
RACE:Gargoyle_Sherwood	!PRERACE:1,%
NAME:Gargoyle
STAT:STR=11|DEX=10|CON=10|INT=10|WIS=11|CHA=11
ALIGN:CE
SKILL:Hide		RANK:7
SKILL:Listen	RANK:5
SKILL:Spot		RANK:5
FEAT:Flyby Attack
FEAT:Multiattack
FEAT:Toughness

###Werewolf Kit(s) here

STARTPACK:Selkie Default	VISIBLE:QUALIFY	EQUIPBUY:0	PREMULT:1,[!PRERACE:1,%],[PRERACE:1,Selkie]
RACE:Selkie	!PRERACE:1,%
NAME:Selkie
STAT:STR=11|DEX=11|CON=10|INT=10|WIS=11|CHA=10
GEAR:Trident		SIZE:PC	LOCATION:Both Hands
GEAR:Crossbow (Heavy)	SIZE:PC	LOCATION:Carried
SKILL:Bluff		RANK:1
SKILL:Diplomacy	RANK:1
SKILL:Listen	RANK:3
SKILL:Spot		RANK:3
FEAT:Alertness


STARTPACK:Changeling (Young Child) Default	VISIBLE:QUALIFY	EQUIPBUY:0	PREMULT:1,[!PRERACE:1,%],[PRERACE:1,Changeling (Young Child)]
RACE:Changeling (Young Child)	!PRERACE:1,%
NAME:Changeling (Young Child)
STAT:STR=10|DEX=11|CON=10|INT=10|WIS=11|CHA=10
SKILL:Bluff		RANK:4
SKILL:Hide		RANK:2
SKILL:Listen	RANK:3
SKILL:Move Silent	RANK:2
SKILL:Spot		RANK:3
FEAT:Alertness

###INCOMPLETE:::

#Grogach need skills done
STARTPACK:Grogach Default	VISIBLE:QUALIFY	EQUIPBUY:0	PREMULT:1,[!PRERACE:1,%],[PRERACE:1,Grogach]
RACE:Grogach	!PRERACE:1,%
NAME:Grogach
STAT:STR=11|DEX=10|CON=11|INT=10|WIS=11|CHA=10
ALIGN:CG
###COMMENT: Just need Skills Tested -
#Skills and Feats: Bluff +7, Escape Artist +8, hide +14, Jump +4, Listen +7, Move Silently +10,
#Search +5, Sense Motive +5, Spot +7; .
SKILL:Bluff			RANK:4
SKILL:Escape Artist	RANK:4
SKILL:Hide			RANK:2
SKILL:Jump			RANK:4
SKILL:Listen		RANK:6
SKILL:Move Silently	RANK:6
SKILL:Search		RANK:4
SKILL:Sense Motive	RANK:2
SKILL:Spot			RANK:6
FEAT:Alertness


#Leprechauns not complete
STARTPACK:Leprechaun Default	VISIBLE:QUALIFY	EQUIPBUY:0	PREMULT:1,[!PRERACE:1,%],[PRERACE:1,Leprechaun]
RACE:Leprechaun	!PRERACE:1,%
NAME:Leprechaun
STAT:STR=11|DEX=10|CON=11|INT=10|WIS=11|CHA=10
#Str 7, Dex 16, Con 11, Int 16, Wis 15, Cha 16.
ALIGN:TN
#Skills and Feats: Bluff +7, Concentration +4, Craft (woodworking) +5, Craft (shoemaking) +5,
#Escape Artist +7, Hide +11, Listen +14, Move Silently +7, Open Lock +7, Perform +7, Search +5,
#Sense Motive +6, Sleight of Hand +7, Spot +6; .
SKILL:Bluff				RANK:4
SKILL:Concentration		RANK:4
SKILL:Craft (Woodworking)	RANK:2
SKILL:Craft (Shoemaking)	RANK:2
SKILL:Escape Artist		RANK:4
SKILL:Hide				RANK:4
SKILL:Listen			RANK:12
SKILL:Move Silently		RANK:4
SKILL:Open Lock			RANK:4
SKILL:Search			RANK:2
SKILL:Sense Motive		RANK:3
SKILL:Sleight of Hand		RANK:4
SKILL:Spot				RANK:4
FEAT:Dodge
FEAT:Improved Initiative
FEAT:Mobility
FEAT:Weapon Finesse
GEAR:Dagger	SIZE:PC	LOCATION:Both Hands


#Pooka not complete
STARTPACK:Pooka Default	VISIBLE:QUALIFY	EQUIPBUY:0	PREMULT:1,[!PRERACE:1,%],[PRERACE:1,Pooka%]
RACE:Pooka%	!PRERACE:1,%
NAME:Pooka
STAT:STR=11|DEX=10|CON=11|INT=10|WIS=11|CHA=10
ALIGN:CE
SKILL:Climb			RANK:6
SKILL:Disguise		RANK:6
SKILL:Hide			RANK:8
SKILL:Listen		RANK:6
SKILL:Move Silently	RANK:5
SKILL:Search		RANK:7
SKILL:Spot			RANK:5
FEAT:Alertness
FEAT:Improved Natural Attack(Bite)

#Banshee not complete - need skills tested
STARTPACK:Banshee Default	VISIBLE:QUALIFY	EQUIPBUY:0	PREMULT:1,[!PRERACE:1,%],[PRERACE:1,Banshee]
RACE:Banshee	!PRERACE:1,%
NAME:Banshee
STAT:DEX=10|INT=10|WIS=10|CHA=11
ALIGN:LE
###COMMENT: Just need Skills tested -
#Skills and Feats: Diplomacy +6, Hide +11, Intimidate +10, Listen +12, Search +10,
#Sense Motive +8, Spot +12, Survival +2 (+4 following tracks);
SKILL:Diplomacy		RANK:4
SKILL:Hide			RANK:8
SKILL:Intimidate		RANK:8
SKILL:Listen		RANK:10
SKILL:Sense Motive	RANK:6
SKILL:Search		RANK:8
SKILL:Spot			RANK:10
SKILL:Survival		RANK:0
FEAT:Blind Fight
FEAT:Combat Reflexes


STARTPACK:Ghost Default	VISIBLE:QUALIFY	EQUIPBUY:0	PREMULT:1,[!PRERACE:1,%],[PRERACE:1,Ghost]
RACE:Ghost	!PRERACE:1,%
NAME:Ghost
STAT:DEX=10|INT=10|WIS=10|CHA=11
ALIGN:TN
SKILL:Hide		RANK:6
SKILL:Listen	RANK:6
SKILL:Search	RANK:6
SKILL:Spot		RANK:6
FEAT:Alertness
FEAT:Dodge


#
##EOF
#
