SOURCELONG:Battlefield Press - Sherwood	SOURCESHORT:Sherwood	SOURCEWEB:www.battlefieldpress.com
#Original Entry: Andrew Maitland


Dragon_Sherwood	OUTPUTNAME:Dragon	CR:11	MONSTERCLASS:Magical Beast:15	MOVE:Walk,30,Fly,50	SIZE:H	VISION:Low-light|Darkvision (120')	SAB:Scent	SAB:Immunity to Fire	ALIGN:CE
#AC 20
#SAB:Breath Weapon (Ex) 40-ft. cone, damage 6d8 fire, Reflex DC 22
# Ability Focus (breath weapon), Alertness, Hover, Iron Will, Multiattack, Snatch*.		FEAT:Alertness|Hover|Iron Will|Multiattack|Snatch
#Stat: Str:27, DEX:10, CON:21, INT:14, WIS:17, CHA:18
BONUS:STAT|STR|16	BONUS:STAT|CON|10	BONUS:STAT|INT|4	BONUS:STAT|WIS|6		BONUS:STAT|CHA|8
#Skill Bluff +10, Concentration +17, Diplomacy +14, Hide –4, Intimidate +20, Jump +29, Knowledge (arcana) +10, Knowledge (geography) +8, Knowledge (local) +8, Knowledge (nature) +10, Listen +18, Search +18, Sense Motive +10, Spot +21.

Gargoyle_Sherwood	OUTPUTNAME:Gargoyle	CR:5	MONSTERCLASS:Monstrous Humanoid:6	MOVE:Walk,40,Fly,60	DR:10/magic	VISION:Darkvision (60')	SAB:Freeze	ALIGN:CE	
#STR:15, Dx:14, Cn:18, INT:6, WIS:11, CHA:7
#Skills and Feats: Hide +7, Listen +5, Spot +5; Flyby Attack, Multiattack, Toughness.


#Werewolf, grab from RSRD for mixes.

#Selkie	

###Fey
Changling (Young Child)	CR:1/4	MONSTERCLASS:Humanoid:1	SAB:Hearth Curse (Ex)	ALIGN:CE
#Str 8, Dex 13, Con 12, Int 10, Wis 9, Cha 6. Skills and Feats: Bluff +2, Hide +3, Listen +2, Move Silently +3, Spot +2; Alertness.

Grogach	CR:1	MONSTERCLASS:Fey:1	SAB:Spell-like abilities	VISION:Low-light
#Str 11, Dex 18, Con 11, Int 12, Wis 13, Cha 16.
#Skills and Feats: Bluff +7, Escape Artist +8, hide +14, Jump +4, Listen +7, Move Silently +10, Search +5, Sense Motive +5, Spot +7; Alertness.
#Spell-Like Abilities: At will—mage hand, mending, open/close, prestidigitation.



