# CVS $Revision: 12957 $ $Author: jbaril $ -- Mon Aug  4 02:58:59 2014 -- reformated by prettylst.pl v1.51 (build 23662)
#SOURCELONG:Advanced Class Guide	SOURCESHORT:ACG	SOURCEWEB:http://paizo.com/products/btpy95d1	SOURCEDATE:2013-11
# Original Entry by: Stefan Radermacher

###Block: Class Ability Display
# Ability Category					Visible		Editable?	Change Pool?	Category of Object		Type of Object			Plural description for UI		Display Location
ABILITYCATEGORY:Arcanist Class Features		VISIBLE:QUALIFY	EDITABLE:NO	EDITPOOL:NO		CATEGORY:Special Ability	TYPE:ArcanistClassFeatures		PLURAL:Arcanist Class Features		DISPLAYLOCATION:Class Features
ABILITYCATEGORY:Bloodrager Class Features	VISIBLE:QUALIFY	EDITABLE:NO	EDITPOOL:NO		CATEGORY:Special Ability	TYPE:BloodragerClassFeatures		PLURAL:Bloodrager Class Features	DISPLAYLOCATION:Class Features
ABILITYCATEGORY:Brawler Class Features	VISIBLE:QUALIFY	EDITABLE:NO	EDITPOOL:NO		CATEGORY:Special Ability	TYPE:BrawlerClassFeatures	PLURAL:Brawler Class Features	DISPLAYLOCATION:Class Features
ABILITYCATEGORY:Hunter Class Features		VISIBLE:QUALIFY	EDITABLE:NO	EDITPOOL:NO		CATEGORY:Special Ability	TYPE:HunterClassFeatures			PLURAL:Hunter Class Features		DISPLAYLOCATION:Class Features
ABILITYCATEGORY:Investigator Class Features	VISIBLE:QUALIFY	EDITABLE:NO	EDITPOOL:NO		CATEGORY:Special Ability	TYPE:InvestigatorClassFeatures	PLURAL:Investigator Class Features	DISPLAYLOCATION:Class Features
ABILITYCATEGORY:Shaman Class Features			VISIBLE:QUALIFY	EDITABLE:NO	EDITPOOL:NO		CATEGORY:Special Ability	TYPE:ShamanClassFeatures			PLURAL:Shaman Class Features		DISPLAYLOCATION:Class Features
ABILITYCATEGORY:Skald Class Features			VISIBLE:QUALIFY	EDITABLE:NO	EDITPOOL:NO		CATEGORY:Special Ability	TYPE:SkaldClassFeatures			PLURAL:Skald Class Features		DISPLAYLOCATION:Class Features
ABILITYCATEGORY:Slayer Class Features	VISIBLE:QUALIFY	EDITABLE:NO	EDITPOOL:NO		CATEGORY:Special Ability	TYPE:SlayerClassFeatures	PLURAL:Slayer Class Features	DISPLAYLOCATION:Class Features
ABILITYCATEGORY:Swashbuckler Class Features	VISIBLE:QUALIFY	EDITABLE:NO	EDITPOOL:NO		CATEGORY:Special Ability	TYPE:SwashbucklerClassFeatures	PLURAL:Swashbuckler Class Features	DISPLAYLOCATION:Class Features
ABILITYCATEGORY:Warpriest Class Features		VISIBLE:QUALIFY	EDITABLE:NO	EDITPOOL:NO		CATEGORY:Special Ability	TYPE:WarpriestClassFeatures		PLURAL:Warpriest Class Features	DISPLAYLOCATION:Class Features

###Block: Archetype Buckets
# Ability Category				Visible		Editable?		Change Pool?	Fractional values?	Category of Object	Type of Object			Plural description for UI		Display Location
ABILITYCATEGORY:Arcanist Archetype		VISIBLE:QUALIFY	EDITABLE:YES	EDITPOOL:NO		FRACTIONALPOOL:NO		CATEGORY:Archetype	TYPE:ArcanistArchetype		PLURAL:Arcanist Archetypes		DISPLAYLOCATION:Archetype
ABILITYCATEGORY:Bloodrager Archetype	VISIBLE:QUALIFY	EDITABLE:YES	EDITPOOL:NO		FRACTIONALPOOL:NO		CATEGORY:Archetype	TYPE:BloodragerArchetype	PLURAL:Bloodrager Archetypes	DISPLAYLOCATION:Archetype
ABILITYCATEGORY:Brawler Archetype		VISIBLE:QUALIFY	EDITABLE:YES	EDITPOOL:NO		FRACTIONALPOOL:NO		CATEGORY:Archetype	TYPE:BrawlerArchetype		PLURAL:Brawler Archetypes		DISPLAYLOCATION:Archetype
ABILITYCATEGORY:Hunter Archetype		VISIBLE:QUALIFY	EDITABLE:YES	EDITPOOL:NO		FRACTIONALPOOL:NO		CATEGORY:Archetype	TYPE:HunterArchetype		PLURAL:Hunter Archetypes		DISPLAYLOCATION:Archetype
ABILITYCATEGORY:Investigator Archetype	VISIBLE:QUALIFY	EDITABLE:YES	EDITPOOL:NO		FRACTIONALPOOL:NO		CATEGORY:Archetype	TYPE:InvestigatorArchetype	PLURAL:Investigator Archetypes	DISPLAYLOCATION:Archetype
ABILITYCATEGORY:Shaman Archetype		VISIBLE:QUALIFY	EDITABLE:YES	EDITPOOL:NO		FRACTIONALPOOL:NO		CATEGORY:Archetype	TYPE:ShamanArchetype		PLURAL:Shaman Archetypes		DISPLAYLOCATION:Archetype
ABILITYCATEGORY:Skald Archetype		VISIBLE:QUALIFY	EDITABLE:YES	EDITPOOL:NO		FRACTIONALPOOL:NO		CATEGORY:Archetype	TYPE:SkaldArchetype		PLURAL:Skald Archetypes			DISPLAYLOCATION:Archetype
ABILITYCATEGORY:Slayer Archetype		VISIBLE:QUALIFY	EDITABLE:YES	EDITPOOL:NO		FRACTIONALPOOL:NO		CATEGORY:Archetype	TYPE:SlayerArchetype		PLURAL:Slayer Archetypes		DISPLAYLOCATION:Archetype
ABILITYCATEGORY:Swashbuckler Archetype	VISIBLE:QUALIFY	EDITABLE:YES	EDITPOOL:NO		FRACTIONALPOOL:NO		CATEGORY:Archetype	TYPE:SwashbucklerArchetype	PLURAL:Swashbuckler Archetypes	DISPLAYLOCATION:Archetype
ABILITYCATEGORY:Warpriest Archetype		VISIBLE:QUALIFY	EDITABLE:YES	EDITPOOL:NO		FRACTIONALPOOL:NO		CATEGORY:Archetype	TYPE:WarpriestArchetype		PLURAL:Warpriest Archetypes		DISPLAYLOCATION:Archetype

###Block: Class Ability Categories
# Ability Category					Visible		Editable?		Change Pool?	Fractional values?	Category of Object		Type of Object				Plural description for UI			Display Location
ABILITYCATEGORY:Arcanist Exploit			VISIBLE:QUALIFY	EDITABLE:YES	EDITPOOL:NO		FRACTIONALPOOL:NO		CATEGORY:Special Ability	TYPE:ArcanistExploit			PLURAL:Arcanist Exploits			DISPLAYLOCATION:Class Features
ABILITYCATEGORY:Arcanist Bloodline			VISIBLE:QUALIFY	EDITABLE:YES	EDITPOOL:NO		FRACTIONALPOOL:NO		CATEGORY:Special Ability	TYPE:ArcanistBloodline			PLURAL:Arcanist Bloodlines			DISPLAYLOCATION:Class Features
#ABILITYCATEGORY:Arcanist Draconic Bloodline	VISIBLE:QUALIFY	EDITABLE:YES	EDITPOOL:NO		FRACTIONALPOOL:NO		CATEGORY:Special Ability	TYPE:ArcanistDraconicBloodline	PLURAL:Arcanist Draconic Bloodlines		DISPLAYLOCATION:Class Features
#ABILITYCATEGORY:Arcanist Elemental Bloodline	VISIBLE:QUALIFY	EDITABLE:YES	EDITPOOL:NO		FRACTIONALPOOL:NO		CATEGORY:Special Ability	TYPE:ArcanistElementalBloodline	PLURAL:Arcanist Elemental Bloodlines	DISPLAYLOCATION:Class Features
ABILITYCATEGORY:Arcanist School			VISIBLE:QUALIFY	EDITABLE:YES	EDITPOOL:YES	FRACTIONALPOOL:NO		CATEGORY:Special Ability	TYPE:ArcanistSchool									DISPLAYLOCATION:Class Features
ABILITYCATEGORY:Arcanist School Power		VISIBLE:QUALIFY	EDITABLE:YES	EDITPOOL:YES	FRACTIONALPOOL:NO		CATEGORY:Special Ability	TYPE:ArcanistSchoolChoice									DISPLAYLOCATION:Class Features
ABILITYCATEGORY:Bloodrager Bloodline		VISIBLE:QUALIFY	EDITABLE:YES	EDITPOOL:YES	FRACTIONALPOOL:NO		CATEGORY:Special Ability	TYPE:BloodragerBloodline		PLURAL:Bloodrager Bloodlines			DISPLAYLOCATION:Class Features
ABILITYCATEGORY:Investigator Talent			VISIBLE:QUALIFY	EDITABLE:YES	EDITPOOL:YES	FRACTIONALPOOL:NO		CATEGORY:Special Ability	TYPE:InvestigatorTalent			PLURAL:Investigator Talents			DISPLAYLOCATION:Class Features
ABILITYCATEGORY:Skald Versatile Performance	VISIBLE:QUALIFY	EDITABLE:YES	EDITPOOL:YES	FRACTIONALPOOL:NO		CATEGORY:Special Ability	TYPE:SkaldVersatilePerformance	PLURAL:Skald Versatile Performances	DISPLAYLOCATION:Class Features

###Block: Class Bonus Feat Categories
# Ability Category						Visible		Editable?		Change Pool?	Fractional values?	Category of Object	Type of Object				Specific choices list		Plural description for UI				Display Location
ABILITYCATEGORY:Arcanist Item Creation Feat		VISIBLE:QUALIFY	EDITABLE:YES	EDITPOOL:YES	FRACTIONALPOOL:NO		CATEGORY:FEAT		TYPE:ItemCreation									PLURAL:Arcanist Item Creation Feats			DISPLAYLOCATION:Feats
ABILITYCATEGORY:Arcanist Metamagic Feat			VISIBLE:QUALIFY	EDITABLE:YES	EDITPOOL:YES	FRACTIONALPOOL:NO		CATEGORY:FEAT		TYPE:Metamagic									PLURAL:Arcanist Metamagic Feats			DISPLAYLOCATION:Feats
ABILITYCATEGORY:Aberrant Bloodrager Bloodline Feat	VISIBLE:QUALIFY	EDITABLE:YES	EDITPOOL:YES	FRACTIONALPOOL:NO		CATEGORY:FEAT		TYPE:AberrantBloodragerBloodline						PLURAL:Aberrant Bloodrager Bloodline Feats	DISPLAYLOCATION:Feats
ABILITYCATEGORY:Abyssal Bloodrager Bloodline Feat	VISIBLE:QUALIFY	EDITABLE:YES	EDITPOOL:YES	FRACTIONALPOOL:NO		CATEGORY:FEAT		TYPE:AbyssaBloodragerlBloodline						PLURAL:Abyssal Bloodrager Bloodline Feats		DISPLAYLOCATION:Feats
ABILITYCATEGORY:Arcane Bloodrager Bloodline Feat	VISIBLE:QUALIFY	EDITABLE:YES	EDITPOOL:YES	FRACTIONALPOOL:NO		CATEGORY:FEAT		TYPE:ArcaneBloodragerBloodline						PLURAL:Arcane Bloodrager Bloodline Feats		DISPLAYLOCATION:Feats
ABILITYCATEGORY:Celestial Bloodrager Bloodline Feat	VISIBLE:QUALIFY	EDITABLE:YES	EDITPOOL:YES	FRACTIONALPOOL:NO		CATEGORY:FEAT		TYPE:CelestialBloodragerBloodline						PLURAL:Celestial Bloodrager Bloodline Feats	DISPLAYLOCATION:Feats
ABILITYCATEGORY:Destined Bloodrager Bloodline Feat	VISIBLE:QUALIFY	EDITABLE:YES	EDITPOOL:YES	FRACTIONALPOOL:NO		CATEGORY:FEAT		TYPE:DestinedBloodragerBloodline						PLURAL:Destined Bloodrager Bloodline Feats	DISPLAYLOCATION:Feats
ABILITYCATEGORY:Draconic Bloodrager Bloodline Feat	VISIBLE:QUALIFY	EDITABLE:YES	EDITPOOL:YES	FRACTIONALPOOL:NO		CATEGORY:FEAT		TYPE:DraconicBloodragerBloodline	ABILITYLIST:Skill Focus (Fly)	PLURAL:Draconic Bloodrager Bloodline Feats	DISPLAYLOCATION:Feats
ABILITYCATEGORY:Elemental Bloodrager Bloodline Feat	VISIBLE:QUALIFY	EDITABLE:YES	EDITPOOL:YES	FRACTIONALPOOL:NO		CATEGORY:FEAT		TYPE:ElementalBloodragerBloodline						PLURAL:Elemental Bloodrager Bloodline Feats	DISPLAYLOCATION:Feats
ABILITYCATEGORY:Fey Bloodrager Bloodline Feat		VISIBLE:QUALIFY	EDITABLE:YES	EDITPOOL:YES	FRACTIONALPOOL:NO		CATEGORY:FEAT		TYPE:FeyBloodragerBloodline							PLURAL:Fey Bloodrager Bloodline Feats		DISPLAYLOCATION:Feats
ABILITYCATEGORY:Infernal Bloodrager Bloodline Feat	VISIBLE:QUALIFY	EDITABLE:YES	EDITPOOL:YES	FRACTIONALPOOL:NO		CATEGORY:FEAT		TYPE:InfernalBloodragerBloodline						PLURAL:Infernal Bloodrager Bloodline Feats	DISPLAYLOCATION:Feats
ABILITYCATEGORY:Undead Bloodrager Bloodline Feat	VISIBLE:QUALIFY	EDITABLE:YES	EDITPOOL:YES	FRACTIONALPOOL:NO		CATEGORY:FEAT		TYPE:UndeadBloodragerBloodline						PLURAL:Undead Bloodrager Bloodline Feats		DISPLAYLOCATION:Feats
#
ABILITYCATEGORY:Crossblooded Rager Bloodline		VISIBLE:QUALIFY	EDITABLE:YES	EDITPOOL:YES	FRACTIONALPOOL:NO		CATEGORY:Special Ability	TYPE:CrossbloodedRagerBloodline		PLURAL:Crossblooded Rager Bloodlines		DISPLAYLOCATION:Class Features
ABILITYCATEGORY:Crossblooded Rager Bloodline Feat	VISIBLE:QUALIFY	EDITABLE:YES	EDITPOOL:YES	FRACTIONALPOOL:NO		CATEGORY:Special Ability	TYPE:CrossbloodedRagerFeat			PLURAL:Crossblooded Rager Feats			DISPLAYLOCATION:Class Features
ABILITYCATEGORY:Crossblooded Rager Spell			VISIBLE:QUALIFY	EDITABLE:YES	EDITPOOL:YES	FRACTIONALPOOL:NO		CATEGORY:Special Ability	TYPE:CrossbloodedRagerSpellChoice		PLURAL:Crossblooded Rager Spells			DISPLAYLOCATION:Class Features
ABILITYCATEGORY:Crossblooded Rager Bloodline Powers	VISIBLE:QUALIFY	EDITABLE:YES	EDITPOOL:YES	FRACTIONALPOOL:NO		CATEGORY:Special Ability	TYPE:CrossbloodedRagerPowerChoice		PLURAL:Crossblooded Rager Bloodline Powers	DISPLAYLOCATION:Class Features


#
ABILITYCATEGORY:Brawler Bonus Feat		VISIBLE:QUALIFY	EDITABLE:YES	EDITPOOL:YES	FRACTIONALPOOL:NO		CATEGORY:FEAT			TYPE:Combat																	PLURAL:Brawler Bonus Feats		DISPLAYLOCATION:Feats
ABILITYCATEGORY:Brawler's Strike Alignment Selection		VISIBLE:QUALIFY	EDITABLE:YES	EDITPOOL:YES	FRACTIONALPOOL:NO		CATEGORY:Special Ability	TYPE:BrawlerStrikeAlignmentSelection																	PLURAL:Brawler's Strike Alignment Selections		DISPLAYLOCATION:Class Features
ABILITYCATEGORY:Maneuver Training I Selection		VISIBLE:QUALIFY	EDITABLE:YES	EDITPOOL:YES	FRACTIONALPOOL:NO		CATEGORY:Special Ability	TYPE:BrawlerManeuverTrainingISelection																	PLURAL:Maneuver Training I Selections		DISPLAYLOCATION:Class Features
ABILITYCATEGORY:Maneuver Training II Selection		VISIBLE:QUALIFY	EDITABLE:YES	EDITPOOL:YES	FRACTIONALPOOL:NO		CATEGORY:Special Ability	TYPE:BrawlerManeuverTrainingIISelection																	PLURAL:Maneuver Training II Selections		DISPLAYLOCATION:Class Features
ABILITYCATEGORY:Maneuver Training III Selection		VISIBLE:QUALIFY	EDITABLE:YES	EDITPOOL:YES	FRACTIONALPOOL:NO		CATEGORY:Special Ability	TYPE:BrawlerManeuverTrainingIIISelection																	PLURAL:Maneuver Training III Selections		DISPLAYLOCATION:Class Features
ABILITYCATEGORY:Maneuver Training IV Selection		VISIBLE:QUALIFY	EDITABLE:YES	EDITPOOL:YES	FRACTIONALPOOL:NO		CATEGORY:Special Ability	TYPE:BrawlerManeuverTrainingIVSelection																	PLURAL:Maneuver Training IV Selections		DISPLAYLOCATION:Class Features
ABILITYCATEGORY:Maneuver Training V Selection		VISIBLE:QUALIFY	EDITABLE:YES	EDITPOOL:YES	FRACTIONALPOOL:NO		CATEGORY:Special Ability	TYPE:BrawlerManeuverTrainingVSelection																	PLURAL:Maneuver Training V Selections		DISPLAYLOCATION:Class Features
ABILITYCATEGORY:Mutagenic Mauler Brawler Discovery		VISIBLE:QUALIFY	EDITABLE:YES	EDITPOOL:YES	FRACTIONALPOOL:NO		CATEGORY:Special Ability	TYPE:MutagenicMaulerDiscovery																	PLURAL:Mutagenic Mauler Brawler Discoveries		DISPLAYLOCATION:Class Features
ABILITYCATEGORY:Wild Trick Selection		VISIBLE:QUALIFY	EDITABLE:YES	EDITPOOL:YES	FRACTIONALPOOL:NO		CATEGORY:Special Ability	TYPE:WildChildTrickChoice																	PLURAL:Wild Trick Selections		DISPLAYLOCATION:Class Features


ABILITYCATEGORY:Hunter Precise Companion Feat	VISIBLE:QUALIFY	EDITABLE:YES	EDITPOOL:YES		CATEGORY:Special Ability	TYPE:HunterPreciseCompanionFeat	DISPLAYLOCATION:Feats
ABILITYCATEGORY:Divine Hunter Domain					VISIBLE:QUALIFY	EDITABLE:YES	EDITPOOL:YES	FRACTIONALPOOL:NO		CATEGORY:Special Ability	TYPE:DivineHunterDomainSelection		PLURAL:Divine Hunter Domain Choices			DISPLAYLOCATION:Class Features
ABILITYCATEGORY:Hunter Teamwork Feats	VISIBLE:QUALIFY	EDITABLE:YES	EDITPOOL:YES		CATEGORY:FEAT	TYPE:Teamwork	DISPLAYLOCATION:Feats
ABILITYCATEGORY:Hunter Packmaster Teamwork Ability	VISIBLE:QUALIFY	EDITABLE:YES	EDITPOOL:YES		CATEGORY:Special Ability	TYPE:HunterPackmasterTeamworkAbility	DISPLAYLOCATION:Class Features

ABILITYCATEGORY:Slayer Talent		VISIBLE:QUALIFY	EDITABLE:YES	EDITPOOL:YES	FRACTIONALPOOL:NO		CATEGORY:Special Ability			TYPE:SlayerTalent																	PLURAL:Slayer Talents		DISPLAYLOCATION:Class Features

ABILITYCATEGORY:Swashbuckler Bonus Feat		VISIBLE:QUALIFY	EDITABLE:YES	EDITPOOL:YES	FRACTIONALPOOL:NO		CATEGORY:FEAT			TYPE:Combat																	PLURAL:Swashbuckler Bonus Feats		DISPLAYLOCATION:Feats

###Block: Class Feature Categories
# Ability Category					Visible		Editable or Static?	Change Pool?	Fractional values?	Category of Object		Type of Object			Plural description for UI	Display Location
ABILITYCATEGORY:Warpriest Blessing			VISIBLE:QUALIFY	EDITABLE:YES		EDITPOOL:YES	FRACTIONALPOOL:NO		CATEGORY:Special Ability	TYPE:Blessings		PLURAL:Warpriest Blessings	DISPLAYLOCATION:Class Features
ABILITYCATEGORY:Warpriest Bonus Feat		VISIBLE:QUALIFY	EDITABLE:YES		EDITPOOL:YES	FRACTIONALPOOL:NO		CATEGORY:FEAT			TYPE:Combat				PLURAL:Warpriest Bonus Feats	DISPLAYLOCATION:Feats
ABILITYCATEGORY:Warpriest Focus Weapon Choice		VISIBLE:QUALIFY	EDITABLE:YES		EDITPOOL:YES	FRACTIONALPOOL:NO		CATEGORY:Special Ability			TYPE:WarpriestFocusWeaponChoices				PLURAL:Warpriest Focus Weapon Choices	DISPLAYLOCATION:Class Features


#
# End
#
