SOURCELONG:Advanced Class Guide	SOURCESHORT:ACG	SOURCEWEB:http://paizo.com/products/btpy92zi	SOURCEDATE:2014-08

### Brawler Brawler's Flurry Issue
STARTPACK:Brawler Brawler's Flurry	VISIBLE:NO	APPLY:INSTANT	TOTALCOST:0
GEAR:Brawler's Flurry	LOCATION:Unarmed

STARTPACK:Classes Starting Gold ~ ACG		VISIBLE:QUALIFY	APPLY:INSTANT	PREMULT:2,[PREPCLEVEL:MIN=1,MAX=1],[PRECLASS:1,Arcanist=1,Bloodrager=1,Brawler=1,Investigator=1,Shaman=1,Skald=1,Hunter=1,Slayer=1,Swashbuckler=1,Warpriest=1]
TEMPLATE:Starting Gold ~ ACG

STARTPACK:Starting Gold ACG ~ Random	VISIBLE:NO	APPLY:INSTANT
FUNDS:gp	QTY:10*roll("2d6")	PRECLASS:1,Arcanist=1
FUNDS:gp	QTY:10*roll("3d6")	PRECLASS:1,Bloodrager=1,Brawler=1,Investigator=1,Shaman=1,Skald=1
FUNDS:gp	QTY:10*roll("4d6")	PRECLASS:1,Hunter=1
FUNDS:gp	QTY:10*roll("5d6")	PRECLASS:1,Slayer=1,Swashbuckler=1,Warpriest=1

STARTPACK:Starting Gold ACG ~ Maximum	VISIBLE:NO	APPLY:INSTANT
FUNDS:gp	QTY:120	PRECLASS:1,Arcanist=1
FUNDS:gp	QTY:180	PRECLASS:1,Bloodrager=1,Brawler=1,Investigator=1,Shaman=1,Skald=1
FUNDS:gp	QTY:240	PRECLASS:1,Hunter=1
FUNDS:gp	QTY:300	PRECLASS:1,Slayer=1,Swashbuckler=1,Warpriest=1

STARTPACK:Starting Gold ACG ~ Average	VISIBLE:NO	APPLY:INSTANT
FUNDS:gp	QTY:70	PRECLASS:1,Arcanist=1
FUNDS:gp	QTY:105	PRECLASS:1,Bloodrager=1,Brawler=1,Investigator=1,Shaman=1,Skald=1
FUNDS:gp	QTY:140	PRECLASS:1,Hunter=1
FUNDS:gp	QTY:175	PRECLASS:1,Slayer=1,Swashbuckler=1,Warpriest=1
