# CVS $Revision: 12957 $ $Author: nuance $ -- Mon Aug  4 02:58:59 2014 -- reformated by prettylst.pl v1.51 (build 23662)
SOURCELONG:Advanced Class Guide	SOURCESHORT:ACG	SOURCEWEB:http://paizo.com/products/btpy92zi	SOURCEDATE:2014-08
# Original Entry by: Andrew Wilson


###Block: Arcanist energy damage choices
# Template Name			Visible					Apply Kit
Arcanist ~ Fire Damage			VISIBLE:NO
Arcanist ~ Electricity Damage	VISIBLE:NO
Arcanist ~ Acid Damage			VISIBLE:NO
Arcanist ~ Cold Damage			VISIBLE:NO
Arcanist SpellBook				VISIBLE:NO		KIT:1|Arcanist Spellbook

###Block: Templates for Warpriest
Sacred Weapon ~ Warpriest		TEMPDESC:Your BAB is your class levels.		TEMPBONUS:EQ|Weapon,Melee,OneHanded|WEAPON|TOHIT|TL-BAB|TYPE=Temporary

Warpriest ~ Bonus Languages		LANGBONUS:Abyssal,Celestial,Infernal

###Block: Starting Gold
Starting Gold ~ ACG		VISIBLE:NO	TEMPLATE:CHOOSE:Starting Gold ACG ~ Random|Starting Gold ACG ~ Maximum|Starting Gold ACG ~ Average
Starting Gold ACG ~ Random	VISIBLE:NO																																																																			KIT:1|Starting Gold CRB ~ Random
Starting Gold ACG ~ Maximum	VISIBLE:NO																																																																			KIT:1|Starting Gold CRB ~ Maximum
Starting Gold ACG ~ Average	VISIBLE:NO																																																																			KIT:1|Starting Gold CRB ~ Average

###Block: Skald's Instrument
Skald's Instrument		VISIBLE:NO	TEMPLATE:CHOOSE:Bard's Instrument (Choose)|Bard's Instrument (Random)
Skald's Instrument (Choose)	VISIBLE:NO													KIT:1|Skald's Instrument (Choose)
Skald's Instrument (Random)	VISIBLE:NO													KIT:1|Skald's Instrument (Random)

###Block: Slayer's Manacles
Slayer's Manacles	VISIBLE:NO	KIT:1|Slayer's Manacles

#
# End
#

