# CVS $Revision$ $Author$ -- Thu Jul 24 15:11:02 2008 -- reformated by prettylst.pl v1.38 (build 7077)
SOURCELONG:Curse of the Crimson Thrown: Seven Days to the Grave	SOURCESHORT:CotCT:SDttG	SOURCEWEB:http://paizo.com/store/games/roleplayingGames/p/pathfinder/v5748btpy82qy	SOURCEDATE:2008-04

STARTPACK:NPC (Lavender Thug)	VISIBLE:QUALIFY	EQUIPBUY:0	PREMULT:1,[!PRERACE:1,%],[PRERACE:1,Human]	SOURCEPAGE:p. 25
RACE:Human	!PRERACE:1,%
NAME:Lavender Thug
ALIGN:CN
CLASS:Fighter	LEVEL:3
STAT:STR=15|DEX=13|CON=14|INT=10|WIS=8|CHA=12
SKILL:Intimidate	RANK:6
SKILL:Listen	RANK:2
SKILL:Spot		RANK:3
FEAT:Alertness
FEAT:Endurance
FEAT:Diehard
ABILITY:CATEGORY=Fighter Feat|Weapon Focus(Sap)
GEAR:Chainmail						LOCATION:Equipped
GEAR:Sap							LOCATION:Primary Hand	EQMOD:MWORKW
GEAR:Coin (Gold)				QTY:20	LOCATION:Equipped
GEAR:Lavender's Luxuriant Liniment			LOCATION:Equipped

STARTPACK:NPC (Girrigz)	VISIBLE:QUALIFY	EQUIPBUY:0	PREMULT:1,[!PRERACE:1,%],[PRERACE:1,Human]	SOURCEPAGE:p. 30
RACE:Human	!PRERACE:1,%
NAME:Girrigz
ALIGN:CE
STAT:STR=13|DEX=14|CON=12|INT=10|WIS=9|CHA=8
CLASS:Fighter	LEVEL:5
TEMPLATE:Lycanthrope (Girrigz)
TEMPLATE:Wererat
TEMPLATE:Natural Lycanthrope
TEMPLATE:Lycanthrope (Hybrid Form)
SKILL:Handle Animal	RANK:4
SKILL:Hide			RANK:4
SKILL:Listen		RANK:4
SKILL:Spot			RANK:2
SKILL:Swim			RANK:1
FEAT:Alertness
FEAT:Lightning Reflexes
FEAT:Dodge
ABILITY:CATEGORY=Fighter Feat|Weapon Focus(Rapier)
ABILITY:CATEGORY=Fighter Feat|Weapon Specialization(Rapier)
ABILITY:CATEGORY=Fighter Feat|Improved Initiative
GEAR:Potion (Blur)					LOCATION:Pouch (Belt)
GEAR:Potion (Shield of Faith +3)			LOCATION:Pouch (Belt)
GEAR:Chain Shirt						LOCATION:Equipped		EQMOD:PLUS1A
GEAR:Rapier							LOCATION:Primary Hand	EQMOD:PLUS1W.ALCHM
GEAR:Coin (Gold)				QTY:30	LOCATION:Pouch (Belt)
GEAR:Pouch (Belt)						LOCATION:Equipped

#
# End
#
