SOURCELONG:Psionics Unleashed	SOURCESHORT:PsU#insert your data here
#Original Entry: Douglas Limmer
#SRD Original Entry: Arknight

###Block:Psicrystal
FOLLOWER:PCrystalLevel=1	TYPE:Psicrystal	ABILITY:Special Ability|AUTOMATIC|Self Propulsion|Telepathic Link|Share Powers|Improved Evasion|Sighted	COPYMASTERBAB:MASTER	COPYMASTERCHECK:MASTER	COPYMASTERHP:MASTER/2		USEMASTERSKILL:YES	BONUS:COMBAT|AC|0|TYPE=NaturalArmor.REPLACE
FOLLOWER:PCrystalLevel=3	TYPE:Psicrystal	ABILITY:Special Ability|AUTOMATIC|Deliver Touch Powers	BONUS:COMBAT|AC|1|TYPE=NaturalArmor.REPLACE	BONUS:STAT|INT|1
FOLLOWER:PCrystalLevel=5	TYPE:Psicrystal	ABILITY:Special Ability|AUTOMATIC|Telepathic Speech		BONUS:COMBAT|AC|1|TYPE=NaturalArmor.REPLACE	BONUS:STAT|INT|1
FOLLOWER:PCrystalLevel=7	TYPE:Psicrystal											BONUS:COMBAT|AC|1|TYPE=NaturalArmor.REPLACE	BONUS:STAT|INT|1
FOLLOWER:PCrystalLevel=9	TYPE:Psicrystal	ABILITY:Special Ability|AUTOMATIC|Flight ~ Su|Flight Maneuverability	MOVE:Fly,50	BONUS:COMBAT|AC|1|TYPE=NaturalArmor.REPLACE	BONUS:STAT|INT|1	BONUS:VAR|Maneuverability|2
FOLLOWER:PCrystalLevel=11	TYPE:Psicrystal	SR:5	ABILITY:Special Ability|AUTOMATIC|Power Resistance	BONUS:COMBAT|AC|1|TYPE=NaturalArmor.REPLACE	BONUS:MISC|SR|PCrystalLevel	BONUS:STAT|INT|1
FOLLOWER:PCrystalLevel=13	TYPE:Psicrystal	ABILITY:Special Ability|AUTOMATIC|Sight Link			BONUS:COMBAT|AC|1|TYPE=NaturalArmor.REPLACE	BONUS:STAT|INT|1
FOLLOWER:PCrystalLevel=15	TYPE:Psicrystal	ABILITY:Special Ability|AUTOMATIC|Channel Power			BONUS:COMBAT|AC|1|TYPE=NaturalArmor.REPLACE	BONUS:STAT|INT|1
FOLLOWER:PCrystalLevel=17	TYPE:Psicrystal											BONUS:COMBAT|AC|1|TYPE=NaturalArmor.REPLACE	BONUS:STAT|INT|1
FOLLOWER:PCrystalLevel=19	TYPE:Psicrystal											BONUS:COMBAT|AC|1|TYPE=NaturalArmor.REPLACE	BONUS:STAT|INT|1

###Block:Psicrystal Bonuses to Master
MASTERBONUSRACE:Psicrystal (Artiste)		TYPE:Psicrystal											BONUS:SKILL|TYPE.Craft|3	VFEAT:Alertness
MASTERBONUSRACE:Psicrystal (Bully)			TYPE:Psicrystal											BONUS:SKILL|Intimidate|3	VFEAT:Alertness
MASTERBONUSRACE:Psicrystal (Friendly)		TYPE:Psicrystal											BONUS:SKILL|Diplomacy|3		VFEAT:Alertness
MASTERBONUSRACE:Psicrystal (Hero)			TYPE:Psicrystal	BONUS:CHECKS|Fortitude|2											VFEAT:Alertness
MASTERBONUSRACE:Psicrystal (Liar)			TYPE:Psicrystal											BONUS:SKILL|Bluff|3		VFEAT:Alertness
MASTERBONUSRACE:Psicrystal (Meticulous)		TYPE:Psicrystal											BONUS:SKILL|Perception|3	VFEAT:Alertness
MASTERBONUSRACE:Psicrystal (Nimble)			TYPE:Psicrystal						BONUS:COMBAT|INITIATIVE|2						VFEAT:Alertness
MASTERBONUSRACE:Psicrystal (Poised)			TYPE:Psicrystal											BONUS:SKILL|Acrobatics|3	VFEAT:Alertness
MASTERBONUSRACE:Psicrystal (Resolved)		TYPE:Psicrystal	BONUS:CHECKS|Will|2												VFEAT:Alertness
MASTERBONUSRACE:Psicrystal (Sage)			TYPE:Psicrystal											BONUS:SKILL|TYPE.Knowledge|3	VFEAT:Alertness
MASTERBONUSRACE:Psicrystal (Single Minded)	TYPE:Psicrystal											BONUS:SKILL|Autohypnosis|3	VFEAT:Alertness
MASTERBONUSRACE:Psicrystal (Sneaky)			TYPE:Psicrystal											BONUS:SKILL|Stealth|3		VFEAT:Alertness
MASTERBONUSRACE:Psicrystal (Sympathetic)		TYPE:Psicrystal											BONUS:SKILL|Sense Motive|3	VFEAT:Alertness
