SOURCELONG:Psionics Unleashed	SOURCESHORT:PsU	SOURCEWEB:TBD
# Original Entry by: Douglas Limmer
# SRD Original Entry by: TaluronIscandar

### Cerebremancer Abilities
Magical Manifesting	CATEGORY:Special Ability	TYPE:SpecialQuality.Supernatural	DESC:Expend up to a %1-level spell slot to increase power's level by that amount.|MagicalManifesting	DEFINE:MagicalManifesting|0
Mind over Magic		CATEGORY:Special Ability	TYPE:SpecialQuality.Supernatural	DESC:Spend %1 power points to increase save DC of a spell by %2.|2*MindOverMagic|MindOverMagic	DEFINE:MindOverMagic|0
Weave the Sources		CATEGORY:Special Ability	TYPE:SpecialQuality.Supernatural	DESC:Manifest a power and cast a spell at the same time 1/day.

### Elocater Abilities
Aerial Acrobatics		CATEGORY:Special Ability	TYPE:SpecialQuality.Supernatural	DESC:Add Fly ranks as bonus to Acrobatics, and vice-versa; treat all jumps as with running start.	BONUS:SKILL|Acrobatics|skillinfo("RANK","Fly")	BONUS:SKILL|Fly|skillinfo("RANK","Acrobatics")
Personal Gravity		CATEGORY:Special Ability	TYPE:SpecialQuality.Supernatural	DESC:Move on solid or liquid surfaces, including walls and ceilings, if within 1 ft. of the surface.
Scorn Earth			CATEGORY:Special Ability	TYPE:SpecialQuality.Supernatural	DESC:Your feet lift from the ground.
Terminal Velocity		CATEGORY:Special Ability	TYPE:SpecialQuality.Supernatural	DESC:You do not fall when Personal Gravity or Scorn Earth is active.
Spatial Awareness		CATEGORY:Special Ability	TYPE:SpecialQuality.Extraordinary	DESC:Get +%1 on first attack and damage rolls in a round if attacking from higher ground or flanking; enemies don't get higher ground bonus.|SpatialAwareness	DEFINE:SpatialAwareness|0
Freerunning			CATEGORY:Special Ability	TYPE:SpecialQuality.Extraordinary	DESC:Land speed increases by %1 feet.|FreerunningSpeedBonus	DEFINE:FreerunningSpeedBonus|0	BONUS:MOVEADD|TYPE.Walk|FreerunningSpeedBonus|TYPE=Circumstance
Dimension Step		CATEGORY:Special Ability	TYPE:SpecialQuality.Supernatural	DESC:Can use fold space %1/day; can bring no other creatures along.|DimensionStep	DEFINE:DimensionStep|0
Flanker			CATEGORY:Special Ability	TYPE:SpecialQuality.Extraordinary	DESC:Can choose an adjacent square to flank from.
Dimension Swap		CATEGORY:Special Ability	TYPE:SpecialQuality.Supernatural	DESC:Use dimension step ability to swap locations with a willing creature within 60 ft.
Transporter			CATEGORY:Special Ability	TYPE:SpecialQuality.Extraordinary	DESC:Learn psychoport and planar travel as 3rd-level powers.
Capricious Step		CATEGORY:Special Ability	TYPE:SpecialQuality.Extraordinary	DESC:Take extra 5-ft. step without other movement.
Dimension Spring Attack	CATEGORY:Special Ability	TYPE:SpecialQuality.Supernatural	DESC:Use dimenson step in conjunction with the Spring Attack feat, up to 60 ft. away.	PREFEAT:1,Spring Attack
Accelerated Action	CATEGORY:Special Ability	TYPE:SpecialQuality.Supernatural	DESC:Gain extra actions or bonuses for 5 rounds/day.

Elocater Transporter	CATEGORY:Special Ability	TYPE:SpecialQuality.Extraordinary.ElocaterTransporter	VISIBLE:DISPLAY	STACK:NO	MULT:YES	CHOOSE:SPELLCLASSES	BONUS:SPELLKNOWN|CLASS=%LIST;LEVEL=3|2	SPELLLEVEL:CLASS|SPELLCASTER.Psionic=3|Psychoport,Planar Travel

### Metamind Abilities
Cognizance Psicrystal	CATEGORY:Special Ability	TYPE:SpecialQuality.Extraordinary	DESC:Your psicrystal can store %1 power points like a cognizance crystal.|CogPsiCrystal	DEFINE:CogPsiCrystal|0
Sequestration		CATEGORY:Special Ability	TYPE:SpecialQuality.Extraordinary	DESC:Sequester up to %1 powers to gain power points.|Sequestration	DEFINE:Sequestration|0
Efficient Recharge	CATEGORY:Special Ability	TYPE:SpecialQuality.Supernatural	DESC:Recharge psicrystal's stored power points at half price %1/day.|EfficientRecharge	DEFINE:EfficientRecharge|0
Font of Power		CATEGORY:Special Ability	TYPE:SpecialQuality.Psilike		DESC:For up to 1 minute, 1/day, manifest powers without using power points, gain DR 10/-, and manifestation of powers is uninterruptable.

Bonus PP Level (Psion)			CATEGORY:Special Ability	TYPE:SpecialQuality.MetamindBonusPP	VISIBLE:DISPLAY	BONUS:VAR|PsionPL|1		PRECLASS:1,Psion=1
Bonus PP Level (Psychic Warrior)	CATEGORY:Special Ability	TYPE:SpecialQuality.MetamindBonusPP	VISIBLE:DISPLAY	BONUS:VAR|PsychicWarriorPL|1	PRECLASS:1,Psychic Warrior=1
Bonus PP Level (Wilder)			CATEGORY:Special Ability	TYPE:SpecialQuality.MetamindBonusPP	VISIBLE:DISPLAY	BONUS:VAR|WilderPL|1		PRECLASS:1,Wilder=1
Bonus PP Level (Psionic Fist)		CATEGORY:Special Ability	TYPE:SpecialQuality.MetamindBonusPP	VISIBLE:DISPLAY	BONUS:VAR|PsionicFistPL|1	PRECLASS:1,Psionic Fist=1
Bonus PP Level (War Mind)		CATEGORY:Special Ability	TYPE:SpecialQuality.MetamindBonusPP	VISIBLE:DISPLAY	BONUS:VAR|WarMndPL|1		PRECLASS:1,War Mind=1

### Phrenic Slayer Abilities
Slayer Favored Enemy	OUTPUTNAME:Favored Enemy	CATEGORY:Special Ability	TYPE:SpecialQuality.Extraordinary	DESC:Gain +%1 on Bluff, Perception, Sense Motive, and Survival checks, and attack rolls and damage, against chosen psionic creature type.|SlayerFavoredEnemy	DEFINE:SlayerFavoredEnemy|0
#**# Add ability pool similar to ranger favored enemy.
Enemy Sense								CATEGORY:Special Ability	TYPE:SpecialQuality.Supernatural	DESC:Sense presence of favored enemy within 60 ft.
Brain Nausea							CATEGORY:Special Ability	TYPE:SpecialQuality.Supernatural	DESC:Favored enemy must save (DC %1) or be sickened for %2 rounds when you make a successful save against its mind-affecting effect while focused.|BrainNauseaDC|WIS|PREVAREQ:BrainNausea,1	DESC:Favored enemy must save (DC %1) or be nauseated for %2 rounds when you make a successful save against its mind-affecting effect while focused.|BrainNauseaDC|WIS|PREVAREQ:BrainNausea,2	DESC:Favored enemy must save (DC %1) or be stunned for 1 round when you make a successful save against its mind-affecting effect while focused.|BrainNauseaDC|PREVAREQ:BrainNausea,3	DEFINE:BrainNausea|0	DEFINE:BrainNauseaDC|0
Lucid Buffer							CATEGORY:Special Ability	TYPE:SpecialQuality.Extraordinary	DESC:Gain +%1 on saves against compulsion and mind-affecting effects.|LucidBuffer	DEFINE:LucidBuffer|0
Slayer Power Resistance	OUTPUTNAME:Power Resistance	CATEGORY:Special Ability	TYPE:SpecialQuality.Supernatural	DESC:Gain PR %1 against effects from favored enemy.|SlayerPowerResistance	DEFINE:SlayerPowerResistance|0
Cerebral Blind							CATEGORY:Special Ability	TYPE:SpecialQuality.Supernatural	DESC:You are protected from all devices, powers, and spells that reveal location.
Breach Power Resistance						CATEGORY:Special Ability	TYPE:SpecialQuality.Supernatural	DESC:Reduce PR of favored enemy with attacks, -1 per hit.
Cerebral Immunity							CATEGORY:Special Ability	TYPE:SpecialQuality.Supernatural	DESC:+10 on saves against almost all mind-affecing powers and effects while focused.
Rebound Attack							CATEGORY:Special Ability	TYPE:SpecialQuality.Supernatural	DESC:If favored enemy targets you with effect subject to PR, expend focus to rebound as reddopsi; %1/day.|3+WIS

### Psion Uncarnate Abilities
Matter-Bound	CATEGORY:Special Ability	TYPE:SpecialQuality.Extraordinary	DESC:May subsume equipment into incorporeal form, or keep them material.
Shed Body		CATEGORY:Special Ability	TYPE:SpecialQuality.Supernatural	DESC:Become incorporeal for %1 rounds/day.|ShedBody	DEFINE:ShedBody|0
Incorporeal Touch	CATEGORY:Special Ability	TYPE:SpecialQuality.Supernatural	DESC:Gain melee touch attack that deals %1d6 damage, %2/day.|IncorporealTouchDice|IncorporealTouch	DEFINE:IncorporealTouchDice|0	DEFINE:IncorporealTouch|0
Uncarnate Armor	CATEGORY:Special Ability	TYPE:SpecialQuality.Supernatural	DESC:Armor works while incorporeal.
Assume Equipment	CATEGORY:Special Ability	TYPE:SpecialQuality.Supernatural	DESC:%1 pieces of equipment work while incorporeal.|AssumeEquipment	DEFINE:AssumeEquipment|0
Assume Likeness	CATEGORY:Special Ability	TYPE:SpecialQuality.Supernatural	DESC:Can assume likeness of any Small, Medium, or Large creature when incorporeal.
Parting the Veil	CATEGORY:Special Ability	TYPE:SpecialQuality.Supernatural	DESC:Use incorporeal touch to give weapon or armor touched the Ghost Touch property.
Hide Mind		CATEGORY:Special Ability	TYPE:SpecialQuality.Supernatural.Defensive	DESC:Cannot be identified as psionic.
Telekinetic Force	CATEGORY:Special Ability	TYPE:SpecialQuality.Supernatural	DESC:Use telekinetic force 3/day when corporeal; unlimited when incorporeal.
Rend the Veil	CATEGORY:Special Ability	TYPE:SpecialQuality.Supernatural	DESC:Cause target of melee touch to become corporeal.
Uncarnate Bridge	CATEGORY:Special Ability	TYPE:SpecialQuality.Supernatural	DESC:Teleport from living creature to living creature; can cause these creatures to be nauseated (DC %1).|UncarnateBridgeDC	DEFINE:UncarnateBridgeDC|0
Uncarnate		CATEGORY:Special Ability	TYPE:SpecialQuality.Extraordinary	DESC:Become permanently incorporeal.	BONUS:DC|TYPE.Psionic|2	BONUS:COMBAT|AC|max(1,CHA)|TYPE=Deflection	
#**#BONUS:VAR|BonusPowerPoints|CASTERLEVEL is needed but not available, I think?

### Psychic Fist Abilities
Monk Abilities		CATEGORY:Special Ability	TYPE:SpecialQuality			DESC:Psychic Fist levels stack with monk levels for unarmed damage, AC bonus, speed, and flurry of blows.
Ki Power			CATEGORY:Special Ability	TYPE:SpecialQuality.Supernatural	DESC:Add %1 to monk level to determine ki pool and ki strike.|KiPower	DEFINE:KiPower|0
#**#Is this actually implemented?
Infused Body		CATEGORY:Special Ability	TYPE:SpecialQuality.Supernatural	DESC:Gain DR %1/- while focused.|InfusedBody
Mesmerizing Glow		CATEGORY:Special Ability	TYPE:SpecialAttack.Supernatural	DESC:Spend 1 ki point to daze %1 targets, DC %2.|MesmerizingGlowTargets|MesmerizingGlowDC	DEFINE:MesmerizingGlowTargets|0	DEFINE:MesmerizingGlowDC|0
Concentrated Will		CATEGORY:Special Ability	TYPE:SpecialQuality.Supernatural	DESC:Spend 2 ki points to make Autohypnosis check to ignore damage.
Psionic Acrobatics	CATEGORY:Special Ability	TYPE:SpecialQuality.Extraordinary	DESC:Add %1 to Acrobatics check when focused.|WIS	BONUS:SKILL|Acrobatics|WIS*PsionicFocusActive
Psychic Fusion		CATEGORY:Special Ability	TYPE:SpecialQuality.Supernatural	DESC:Manifest power against attack's target when critical confirmed.

### Pyrokineticist Abilities
Fire Lash		CATEGORY:Special Ability	TYPE:SpecialAttack.Psilike		DESC:Create fiery whip.
#**# Include as weapon?
Manipulate Blaze	CATEGORY:Special Ability	TYPE:SpecialQuality.Supernatural	DESC:Manipulate fires within %1 ft. 3/day.|ManipulateBlazeRange	DEFINE:ManipulateBlazeRange|0
Fire Adaptation	CATEGORY:Special Ability	TYPE:SpecialQuality.Extraordinary	DESC:Gain +%1 saves against fire and heat effects, resistance to fire %2.|FireAdaptation|FireResistanceBonus	DEFINE:FireAdaptation|0	DEFINE:FireResistanceBonus|0
Hand Afire		CATEGORY:Special Ability	TYPE:SpecialAttack.Psilike		DESC:Unarmed attacks treated as armed and do an extra %1d6 fire damage.|HandAfire	DEFINE:HandAfire|0
Bolt of Fire	CATEGORY:Special Ability	TYPE:SpecialAttack.Psilike		DESC:Shoot bolt of fire for %1d6 damage, range 60 ft.|BoltFire	DEFINE:BoltFire|0
Weapon Afire	CATEGORY:Special Ability	TYPE:SpecialAttack.Psilike		DESC:Weapon attacks deal an extra %1d6 fire damage.|WeaponAfire	DEFINE:WeaponAfire|0
Nimbus		CATEGORY:Special Ability	TYPE:SpecialQuality.Psilike		DESC:%1/day for %2 minutes, create nimbus of flames that increases Cha, gives DR:5/magic, and does %3d6 fire damage.|NimbusUses|NimbusDuration|Nimbus	BONUS:STAT|CHA|4|PREAPPLY:PC	DEFINE:Nimbus|0	DEFINE:NimbusDuration|0	DEFINE:NimbusUses|1
Firewalk		CATEGORY:Special Ability	TYPE:SpecialQuality.Supernatural	DESC:Expend focus and pay 1 pp to walk on air.
Leech Heat		CATEGORY:Special Ability	TYPE:SpecialAttack.Supernatural	DESC:Deal %1d6 cold damage and heal %1 hp.|LeechHeat	DEFINE:LeechHeat|0
Penetrating Fire	CATEGORY:Special Ability	TYPE:SpecialAttack.Supernatural	DESC:Attacks reduce target's fire resistance by %1 for that attack.|PenetratingFire	DEFINE:PenetratingFire|0
Heat Death		CATEGORY:Special Ability	TYPE:SpecialAttack.Psilike		DESC:Target takes 4d8 fire damage (save DC %1 for half); maintain concentration to continue attack.|HeatDeathDC	DEFINE:HeatDeathDC|0
Conflagration	CATEGORY:Special Ability	TYPE:SpecialAttack.Psilike		DESC:Deal 15d6 fire damage to all within 30-ft. radius (save DC %1 for half); save (DC %1) or die if first save failed.  Useable 1/10 minutes.|ConflagrationDC	DEFINE:ConflagrationDC|0
Fire Soul		CATEGORY:Special Ability	TYPE:SpecialQuality.Extraordinary	DESC:Immunity to fire.	BONUS:VAR|NimbusUses|2
#**# There may be a fire immunity ability that could be added.

### Thrallherd Abilities
Thrallherd			CATEGORY:Special Ability	TYPE:SpecialQuality.Extraordinary	DESC:Gain thrall and believers; Thrallherd Score: %1; Max Thrall Level: %2|ThrallherdScore|min((TL-1),MaxThrallLevel)	REMOVE:FEAT|Leadership	DEFINE:ThrallherdScore|0	DEFINE:MaxThrallLevel|0		BONUS:VAR|MaxThrallLevel|min(17,((ThrallherdScore*17+6)/24))
Alluring Voice		CATEGORY:Special Ability	TYPE:SpecialQuality.Extraordinary	DESC:Gain bonuses to Bluff, Diplomacy, Intimidate, and/or Sense Motive.
Empathic Connection	CATEGORY:Special Ability	TYPE:SpecialQuality.Extraordinary	DESC:Learn empathic connection or another power; can manifest empathic connection at reduced cost.	
Mind Control		CATEGORY:Special Ability	TYPE:SpecialQuality.Extraordinary	DESC:Learn mind control or another power; can manifest mind control at reduced cost.
Greater Mind Control	CATEGORY:Special Ability	TYPE:SpecialAttack.Extraordinary	DESC:You need not augment mind control to control animals, fey, giants, magical beasts, and monstrous humanoids.
Superior Mind Control	CATEGORY:Special Ability	TYPE:SpecialAttack.Extraordinary	DESC:You need not augment mind control to control aberrations, dragons, elementals, and outsiders.
Expanded Call		CATEGORY:Special Ability	TYPE:SpecialQuality			BONUS:VAR|MaxThrallLevel|1|PREVARGTEQ:ThrallherdScore,26	BONUS:VAR|MaxThrallLevel|1|PREVARGTEQ:ThrallherdScore,28	DESC:Ability to gain servants improves.
Twofold Master		CATEGORY:Special Ability	TYPE:SpecialQuality.Extraordinary	DESC:Gain second thrall; Max Thrall Level: %1|min((TL-2),MaxThrallLevel)

Thrallherd Empathic Connection	CATEGORY:Special Ability	TYPE:Special.ThrallherdEmpathicConnection		VISIBLE:YES	STACK:NO	MULT:YES	CHOOSE:SPELLCLASSES	BONUS:SPELLKNOWN|CLASS=%LIST;LEVEL=1|1	SPELLLEVEL:CLASS|SPELLCASTER.Psionic=1|Empathic Connection
Thrallherd Mind Control			CATEGORY:Special Ability	TYPE:Special.ThrallherdMindControl			VISIBLE:YES	STACK:NO	MULT:YES	CHOOSE:SPELLCLASSES	BONUS:SPELLKNOWN|CLASS=%LIST;LEVEL=4|1	SPELLLEVEL:CLASS|SPELLCASTER.Psionic=4|Mind Control
#**# These don't allow choice of another power.  Might be better to give the spell known bonus, but not specify the spell (like elocator).

Bluff Bonus			KEY:Bluff Bonus ~ Thrallherd		CATEGORY:Special Ability	TYPE:AlluringVoice	VISIBLE:DISPLAY	STACK:YES	MULT:YES	CHOOSE:NOCHOICE	BONUS:SKILL|Bluff|2
Diplomacy Bonus		KEY:Diplomacy Bonus ~ Thrallherd	CATEGORY:Special Ability	TYPE:AlluringVoice	VISIBLE:DISPLAY	STACK:YES	MULT:YES	CHOOSE:NOCHOICE	BONUS:SKILL|Diplomacy|2
Intimidate Bonus		KEY:Intimidate Bonus ~ Thrallherd	CATEGORY:Special Ability	TYPE:AlluringVoice	VISIBLE:DISPLAY	STACK:YES	MULT:YES	CHOOSE:NOCHOICE	BONUS:SKILL|Intimidate|2
Sense Motive Bonus	KEY:Sense Motive Bonus ~ Thrallherd	CATEGORY:Special Ability	TYPE:AlluringVoice	VISIBLE:DISPLAY	STACK:YES	MULT:YES	CHOOSE:NOCHOICE	BONUS:SKILL|Sense Motive|2


### Warmind Abilities
Chain of Personal Superiority	CATEGORY:Special Ability	TYPE:SpecialQuality.Extraordinary	DESC:Gain +%1 insight bonus to Str and Con for up to 1 minute, 3/day.|SuperiorityChain	BONUS:STAT|STR,CON|SuperiorityChain|TYPE=Insight|PREAPPLY:PC	DEFINE:SuperiorityChain|0
Chain of Defensive Posture	CATEGORY:Special Ability	TYPE:SpecialQuality.Extraordinary	DESC:Gain +%1 insight bonus to AC for up to 1 minute, 3/day.|DefensiveChain	BONUS:COMBAT|AC|DefensiveChain|TYPE=Insight|PREAPPLY:PC	DEFINE:DefensiveChain|0
Enduring Body			CATEGORY:Special Ability	TYPE:SpecialQuality.Extraordinary	DESC:Gain DR %1/-.|EnduringBody	DEFINE:EnduringBody|0
Well of Power			CATEGORY:Special Ability	TYPE:SpecialQuality.Extraordinary	DESC:Gain another use of Chain of Personal Superiority or Chain of Defensive Posture by spending 4 pp.	DESC:Gain another use of Chain of Overwhelming Force by spending 10 pp.|PREABILITY:1,CATEGORY=Special Ability,Chain of Overwhelming Force
Sweeping Strike			CATEGORY:Special Ability	TYPE:SpecialAttack.Extraordinary	DESC:Can target all enemies in two adjacent threatened squares with melee attack.
Chain of Overwhelming Force	CATEGORY:Special Ability	TYPE:SpecialAttack.Supernatural	DESC:1/day deal 10d6 extra damage on melee attack.