SOURCELONG:Psionics Unleashed	SOURCESHORT:PsU	SOURCEWEB:TBD

Psion Weapon Proficiencies	CATEGORY:Special Ability	TYPE:Internal	VISIBLE:NO	AUTO:WEAPONPROF|Club|Dagger|Crossbow (Heavy)|Crossbow (Light)|Quarterstaff|Shortspear

### Psion Disciplines
Clairsentience Discipline	CATEGORY:Special Ability	TYPE:SpecialQuality.ClassSpecialization.PsionicDiscipline	DEFINE:ClairsentienceDisciplineLVL|0	DESC:You have chosen to specialize in Clairsentience powers.	BONUS:ABILITYPOOL|Clairsentience Discipline Talent|2|PREVARGTEQ:ClairsentienceDisciplineLVL,1		ABILITY:Special Ability|AUTOMATIC|Recovered Information ~ Clairsentience|PREVARGTEQ:ClairsentienceDisciplineLVL,2	ABILITY:Special Ability|AUTOMATIC|Alter the Waves ~ Clairsentience|PREVARGTEQ:ClairsentienceDisciplineLVL,8			ABILITY:Special Ability|AUTOMATIC|Seeing the Connections ~ Clairsentience|PREVARGTEQ:ClairsentienceDisciplineLVL,14	ABILITY:Special Ability|AUTOMATIC|Perpetual Foresight ~ Clairsentience|PREVARGTEQ:ClairsentienceDisciplineLVL,20
Metacreativity Discipline	CATEGORY:Special Ability	TYPE:SpecialQuality.ClassSpecialization.PsionicDiscipline	DEFINE:MetacreativityDisciplineLVL|0	DESC:You have chosen to specialize in Metacreativity powers.	BONUS:ABILITYPOOL|Metacreativity Discipline Talent|2|PREVARGTEQ:MetacreativityDisciplineLVL,1		ABILITY:Special Ability|AUTOMATIC|Summoner's Call ~ Metacreativity|PREVARGTEQ:MetacreativityDisciplineLVL,2		ABILITY:Special Ability|AUTOMATIC|Ectoplasmic Protection ~ Metacreativity|PREVARGTEQ:MetacreativityDisciplineLVL,8	ABILITY:Special Ability|AUTOMATIC|Maestro of Ectoplasm ~ Metacreativity|PREVARGTEQ:MetacreativityDisciplineLVL,14		ABILITY:Special Ability|AUTOMATIC|Astral Ally ~ Metacreativity|PREVARGTEQ:MetacreativityDisciplineLVL,20
Psychokinesis Discipline	CATEGORY:Special Ability	TYPE:SpecialQuality.ClassSpecialization.PsionicDiscipline	DEFINE:PsychokinesisDisciplineLVL|0		DESC:You have chosen to specialize in Psychokinesis powers.		BONUS:ABILITYPOOL|Psychokinesis Discipline Talent|2|PREVARGTEQ:PsychokinesisDisciplineLVL,1		ABILITY:Special Ability|AUTOMATIC|Telekinetic Hurl ~ Psychokinesis|PREVARGTEQ:PsychokinesisDisciplineLVL,2		ABILITY:Special Ability|AUTOMATIC|Kinetic Aura ~ Psychokinesis|PREVARGTEQ:PsychokinesisDisciplineLVL,8			ABILITY:Special Ability|AUTOMATIC|Energetic Recharge ~ Psychokinesis|PREVARGTEQ:PsychokinesisDisciplineLVL,14		ABILITY:Special Ability|AUTOMATIC|Energy Immunity ~ Psychokinesis|PREVARGTEQ:PsychokinesisDisciplineLVL,20
Psychometabolism Discipline	CATEGORY:Special Ability	TYPE:SpecialQuality.ClassSpecialization.PsionicDiscipline	DEFINE:PsychometabolismDisciplineLVL|0	DESC:You have chosen to specialize in psychometabolism powers.	BONUS:ABILITYPOOL|Psychometabolism Discipline Talent|2|PREVARGTEQ:PsychometabolismDisciplineLVL,1	ABILITY:Special Ability|AUTOMATIC|Metabolic Healing ~ Psychometabolism|PREVARGTEQ:PsychometabolismDisciplineLVL,2	ABILITY:Special Ability|AUTOMATIC|Shared Effect ~ Psychometabolism|PREVARGTEQ:PsychometabolismDisciplineLVL,8		ABILITY:Special Ability|AUTOMATIC|Resilient Body ~ Psychometabolism|PREVARGTEQ:PsychometabolismDisciplineLVL,14		ABILITY:Special Ability|AUTOMATIC|Infused Form ~ Psychometabolism|PREVARGTEQ:PsychometabolismDisciplineLVL,20
Psychoportation Discipline	CATEGORY:Special Ability	TYPE:SpecialQuality.ClassSpecialization.PsionicDiscipline	DEFINE:PsychoportationDisciplineLVL|0	DESC:You have chosen to specialize in Psychoportation powers.	BONUS:ABILITYPOOL|Psychoportation Discipline Talent|2|PREVARGTEQ:PsychoportationDisciplineLVL,1		ABILITY:Special Ability|AUTOMATIC|Nomad's Step ~ Psychoportation|PREVARGTEQ:PsychoportationDisciplineLVL,2		ABILITY:Special Ability|AUTOMATIC|Inconstant Position ~ Psychoportation|PREVARGTEQ:PsychoportationDisciplineLVL,8		ABILITY:Special Ability|AUTOMATIC|Accelerated Activity ~ Psychoportation|PREVARGTEQ:PsychoportationDisciplineLVL,14	ABILITY:Special Ability|AUTOMATIC|Rapid Movement ~ Psychoportation|PREVARGTEQ:PsychoportationDisciplineLVL,20
Telepathy Discipline		CATEGORY:Special Ability	TYPE:SpecialQuality.ClassSpecialization.PsionicDiscipline	DEFINE:TelepathyDisciplineLVL|0		DESC:You have chosen to specialize in Telepathy powers.		BONUS:ABILITYPOOL|Telepathy Discipline Talent|2|PREVARGTEQ:TelepathyDisciplineLVL,1				ABILITY:Special Ability|AUTOMATIC|Mental Intrusion ~ Telepathy|PREVARGTEQ:TelepathyDisciplineLVL,2			ABILITY:Special Ability|AUTOMATIC|Telepathy ~ Telepathy|PREVARGTEQ:TelepathyDisciplineLVL,8					ABILITY:Special Ability|AUTOMATIC|Last Respite ~ Telepathy|PREVARGTEQ:TelepathyDisciplineLVL,14					ABILITY:Special Ability|AUTOMATIC|Guarded Thoughts ~ Telepathy|PREVARGTEQ:TelepathyDisciplineLVL,20
Generalist Discipline		CATEGORY:Special Ability	TYPE:SpecialQuality.ClassSpecialization.PsionicDiscipline	DEFINE:GeneralistDisciplineLVL|0		DESC:You have chosen to specialize in Generalist powers.		BONUS:ABILITYPOOL|Generalist Discipline Talent|3|PREVARGTEQ:GeneralistDisciplineLVL,1			BONUS:ABILITYPOOL|Psion Feat|(GeneralistDisciplineLVL+3)/5										ABILITY:Special Ability|AUTOMATIC|Breach Power Resistance ~ Generalist|PREVARGTEQ:GeneralistDisciplineLVL,8			ABILITY:Special Ability|AUTOMATIC|Double Manifest ~ Generalist|PREVARGTEQ:GeneralistDisciplineLVL,14				ABILITY:Special Ability|AUTOMATIC|Expanded Mind ~ Generalist|PREVARGTEQ:GeneralistDisciplineLVL,20	ABILITY:Special Ability|AUTOMATIC|Generalist Class Skills|PREVARGTEQ:GeneralistDisciplineLVL,1

### Clairsentience Discipline Talents
Discipline Talent (Call to Mind)							CATEGORY:Special Ability	TYPE:SpecialQuality.Psilike.PsionicDisciplineTalent		DESC:You can manifest Call to Mind in lesser ways without paying power points.
Discipline Talent (Destiny Dissonance)						CATEGORY:Special Ability	TYPE:SpecialQuality.Psilike.PsionicDisciplineTalent		DESC:You can manifest Destiny Dissonance in lesser ways without paying power points.
Discipline Talent (Know Direction and Location)					CATEGORY:Special Ability	TYPE:SpecialQuality.Psilike.PsionicDisciplineTalent		DESC:You can manifest Know Direction and Location in lesser ways without paying power points.
Discipline Talent (Precognition (Offensive))					CATEGORY:Special Ability	TYPE:SpecialQuality.Psilike.PsionicDisciplineTalent		DESC:You can manifest Precognition (Offensive) in lesser ways without paying power points.
Recovered Information	KEY:Recovered Information ~ Clairsentience	CATEGORY:Special Ability	TYPE:SpecialQuality.Supernatural.PsionicDisciplineTalent	DESC:When a target saves against your Clairsentience power, you learn about %1 psionic effects or items on the target.|(ClairsentienceDisciplineLVL+2)/4
Alter the Waves		KEY:Alter the Waves ~ Clairsentience		CATEGORY:Special Ability	TYPE:SpecialQuality.Supernatural.PsionicDisciplineTalent	DESC:Gain +%2 insight bonus on any die roll %1/day.|(ClairsentienceDisciplineLVL-6)/2|(ClairsentienceDisciplineLVL-2)/2
Seeing the Connections	KEY:Seeing the Connections ~ Clairsentience	CATEGORY:Special Ability	TYPE:SpecialQuality.Supernatural.PsionicDisciplineTalent	DESC:Automatically identify all properties of magic effect, or disrupt and reflect scrying, %1/day|1
Perpetual Foresight	KEY:Perpetual Foresight ~ Clairsentience		CATEGORY:Special Ability	TYPE:SpecialQuality.Supernatural.PsionicDisciplineTalent	DESC:Expend focus to reroll d20; pay power points to use second roll.

### Metacreativity Discipline Talents
Discipline Talent (Create Sound)							CATEGORY:Special Ability	TYPE:SpecialQuality.Psilike.PsionicDisciplineTalent		DESC:You can manifest Create Sound in lesser ways without paying power points.
Discipline Talent (Crystal Shard)							CATEGORY:Special Ability	TYPE:SpecialQuality.Psilike.PsionicDisciplineTalent		DESC:You can manifest Crystal Shard in lesser ways without paying power points.
Discipline Talent (Ectoplasmic Creation)						CATEGORY:Special Ability	TYPE:SpecialQuality.Psilike.PsionicDisciplineTalent		DESC:You can manifest Ectoplasmic Creation in lesser ways without paying power points.
Discipline Talent (Entangling Ectoplasm)						CATEGORY:Special Ability	TYPE:SpecialQuality.Psilike.PsionicDisciplineTalent		DESC:You can manifest Entangling Ectoplasm in lesser ways without paying power points.
Summoner's Call		KEY:Summoner's Call ~ Metacreativity		CATEGORY:Special Ability	TYPE:SpecialQuality.Extraordinary.PsionicDisciplineTalent	DESC:Increase duration of Creation subdiscipline powers by %1 rounds; astral constructs gain additional menu option.|(1+MetacreativityDisciplineLVL/4)
Ectoplasmic Protection	KEY:Ectoplasmic Protection ~ Metacreativity	CATEGORY:Special Ability	TYPE:SpecialQuality.Supernatural.PsionicDisciplineTalent	DESC:Gain concealment for %1 minutes, %2/day.|MetacreativityDisciplineLVL|(MetacreativityDisciplineLVL-6)/2
Maestro of Ectoplasm	KEY:Maestro of Ectoplasm ~ Metacreativity		CATEGORY:Special Ability	TYPE:SpecialQuality.Supernatural.PsionicDisciplineTalent	DESC:Coat up to 50 square feet in ectoplasmic sheen (DC %1), or 7 levels of astral constructs, or major ectoplasmic creation, or repair damaged astral construct for %2 hp; 1/day|(10+MetacreativityDisciplineLVL/2+INT)|30+MetacreativityDisciplineLVL
Astral Ally			KEY:Astral Ally ~ Metacreativity			CATEGORY:Special Ability	TYPE:SpecialQuality.Supernatural.PsionicDisciplineTalent	DESC:Make one astral construct permanent.

### Psychokinesis Discipline Talents
Discipline Talent (Energy Ray)						CATEGORY:Special Ability	TYPE:SpecialQuality.Psilike.PsionicDisciplineTalent		DESC:You can manifest Energy Ray in lesser ways without paying power points.
Discipline Talent (Far Hand)							CATEGORY:Special Ability	TYPE:SpecialQuality.Psilike.PsionicDisciplineTalent		DESC:You can manifest Far Hand in lesser ways without paying power points.
Discipline Talent (Force Screen)						CATEGORY:Special Ability	TYPE:SpecialQuality.Psilike.PsionicDisciplineTalent		DESC:You can manifest Force Screen in lesser ways without paying power points.
Discipline Talent (My Light)							CATEGORY:Special Ability	TYPE:SpecialQuality.Psilike.PsionicDisciplineTalent		DESC:You can manifest My Light in lesser ways without paying power points.
Telekinetic Hurl		KEY:Telekinetic Hurl ~ Psychokinesis	CATEGORY:Special Ability	TYPE:SpecialQuality.Supernatural.PsionicDisciplineTalent	DESC:Telekineticall hurl 5 lb. object up to 30 ft. to do %1d4 damage.|(PsychokinesisDisciplineLVL+2)/4
Kinetic Aura		KEY:Kinetic Aura ~ Psychokinesis		CATEGORY:Special Ability	TYPE:SpecialQuality.Supernatural.PsionicDisciplineTalent	DESC:Gain +%1 deflection bonus to AC.|(PsychokinesisDisciplineLVL-5)/3	BONUS:COMBAT|AC|(PschokinesisDisciplineLVL-5)/3|TYPE=Deflection
Energetic Recharge	KEY:Energetic Recharge ~ Psychokinesis	CATEGORY:Special Ability	TYPE:SpecialQuality.Supernatural.PsionicDisciplineTalent	DESC:Convert up to %1 energy attack damage to power points, 1 pp per 5 damage, 1/day.|5*PsychokinesisDisciplineLVL
Energy Immunity		KEY:Energy Immunity ~ Psychokinesis		CATEGORY:Special Ability	TYPE:SpecialQuality.Supernatural.PsionicDisciplineTalent	DESC:Gain immunity to one of many energy types, can change energy when gaining focus.

### Psychometabolism Discipline Talents
Discipline Talent (Hammer)						CATEGORY:Special Ability	TYPE:SpecialQuality.Psilike.PsionicDisciplineTalent		DESC:You can manifest Hammer in lesser ways without paying power points.
Discipline Talent (Synesthete)					CATEGORY:Special Ability	TYPE:SpecialQuality.Psilike.PsionicDisciplineTalent		DESC:You can manifest Synesthete in lesser ways without paying power points.
Discipline Talent (Thicken Skin)					CATEGORY:Special Ability	TYPE:SpecialQuality.Psilike.PsionicDisciplineTalent		DESC:You can manifest Thicken Skin in lesser ways without paying power points.
Discipline Talent (Vigor)						CATEGORY:Special Ability	TYPE:SpecialQuality.Psilike.PsionicDisciplineTalent		DESC:You can manifest Vigor in lesser ways without paying power points.
Metabolic Healing	KEY:Metabolic Healing ~ Psychometabolism	CATEGORY:Special Ability	TYPE:SpecialQuality.Supernatural.PsionicDisciplineTalent	DESC:Gain fast healing %1 when mainifesting any psychometabolism power on yourself; healing lasts for 1 round per power level manifested.|(PsychometabolismDisciplineLVL+2)/4
Shared Effect	KEY:Shared Effect ~ Psychometabolism	CATEGORY:Special Ability	TYPE:SpecialQuality.Supernatural.PsionicDisciplineTalent	DESC:You can pay 4 pp to have a personal psychometabolism spell affect %1 extra creatures within 30 ft. of you.|PsychometabolismDisciplineLVL/4
Resilient Body	KEY:Resilient Body ~ Psychometabolism	CATEGORY:Special Ability	TYPE:SpecialQuality.Supernatural.PsionicDisciplineTalent	DESC:Negate a critical hit, and receive normal damage instead, 1/day.
Infused Form	KEY:Infused Form ~ Psychometabolism		CATEGORY:Special Ability	TYPE:SpecialQuality.Supernatural.PsionicDisciplineTalent	DESC:Gain DR 5/- and always have adapt body active.	DR:5/-

### Psychoportation Discipline Talents
Discipline Talent (Burst)								CATEGORY:Special Ability	TYPE:SpecialQuality.Psilike.PsionicDisciplineTalent		DESC:You can manifest Burst in lesser ways without paying power points.
Discipline Talent (Catfall)								CATEGORY:Special Ability	TYPE:SpecialQuality.Psilike.PsionicDisciplineTalent		DESC:You can manifest Catfall in lesser ways without paying power points.
Discipline Talent (Decelerate)							CATEGORY:Special Ability	TYPE:SpecialQuality.Psilike.PsionicDisciplineTalent		DESC:You can manifest Decelerate in lesser ways without paying power points.
Discipline Talent (Detect Teleportation)						CATEGORY:Special Ability	TYPE:SpecialQuality.Psilike.PsionicDisciplineTalent		DESC:You can manifest Detect Teleportation in lesser ways without paying power points.
Nomad's Step		KEY:Nomad's Step ~ Psychoportation			CATEGORY:Special Ability	TYPE:SpecialQuality.Supernatural.PsionicDisciplineTalent	DESC:Teleport %1 feet.|(PsychoportationDisciplineLVL+1)*5
Inconstant Position	KEY:Inconstant Position ~ Psychoportation		CATEGORY:Special Ability	TYPE:SpecialQuality.Supernatural.PsionicDisciplineTalent	DESC:Cause attacker to get 50%% miss chance %1/day.|(PsychoportationDisciplineLVL-6)/2
Accelerated Activity	KEY:Accelerated Activity ~ Psychoportation	CATEGORY:Special Ability	TYPE:SpecialQuality.Supernatural.PsionicDisciplineTalent	DESC:Gain one extra round of actions 1/day.
Rapid Movement		KEY:Rapid Movement ~ Psychoportation		CATEGORY:Special Ability	TYPE:SpecialQuality.Extraordinary.PsionicDisciplineTalent	DESC:Gain an additional move action each round, but only to move, stand up, or mount or dismount a steed.

### Telepathy Discipline Talents
Discipline Talent (Conceal Thoughts)			CATEGORY:Special Ability	TYPE:SpecialQuality.Psilike.PsionicDisciplineTalent		DESC:You can manifest Conceal Thoughts in lesser ways without paying power points.
Discipline Talent (Mind Link)					CATEGORY:Special Ability	TYPE:SpecialQuality.Psilike.PsionicDisciplineTalent		DESC:You can manifest Mind Link in lesser ways without paying power points.
Discipline Talent (Mind Thrust)				CATEGORY:Special Ability	TYPE:SpecialQuality.Psilike.PsionicDisciplineTalent		DESC:You can manifest Mind Thrust in lesser ways without paying power points.
Discipline Talent (Telepathic Lash)				CATEGORY:Special Ability	TYPE:SpecialQuality.Psilike.PsionicDisciplineTalent		DESC:You can manifest Telepathic Lash in lesser ways without paying power points.
Mental Intrusion	KEY:Mental Intrusion ~ Telepathy	CATEGORY:Special Ability	TYPE:SpecialQuality.Extraordinary.PsionicDisciplineTalent	DESC:Increase the save DC of any mind-affecting power you manifest by 1 for every 2 pp spent augmenting the power.
Telepathy		KEY:Telepathy ~ Telepathy		CATEGORY:Special Ability	TYPE:SpecialQuality.Extraordinary.PsionicDisciplineTalent	DESC:You gain %1 ft. telepathy; detect use of telepathy within 30 ft. if focused.|(TelepathyDisciplineLVL+32)*10	ABILITY:Special Ability|AUTOMATIC|Telepathy	BONUS:VAR|TelepathyRange|(TelepathyDisciplineLVL+22)*10
Last Respite	KEY:Last Respite ~ Telepathy		CATEGORY:Special Ability	TYPE:SpecialQuality.Extraordinary.PsionicDisciplineTalent	DESC:If you are about to die, you can mind switch into a body within 30 ft (Will DC %1) for %2 rounds.|(10+TelepathyDisciplineLVL/2+INT)|TelepathyDisciplineLVL
Guarded Thoughts	KEY:Guarded Thoughts ~ Telepathy	CATEGORY:Special Ability	TYPE:SpecialQuality.Extraordinary.PsionicDisciplineTalent	DESC:Gain +10 bonus on saves against mind-affecting effects.

### Generalist Discipline Talents
Generalist Class Skills					VISIBLE:NO		CATEGORY:Special Ability	TYPE:SpecialQuality.Extraordinary					CHOOSE:SKILLSNAMED|Diplomacy|Perception|Bluff|Disguise|Disable Device|Intimidate|Acrobatics|Heal|Climb|Fly|Survival|Swim|Sense Motive	SELECT:1	CSKILL:LIST
Breach Power Resistance	KEY:Breach Power Resistance ~ Generalist	CATEGORY:Special Ability	TYPE:SpecialQuality.Extraordinary.PsionicDisciplineTalent	DESC:Expend psionic focus to gain +%1 to check to overcome power resistance.|INT+(GeneralistDisciplineLVL-8)/2
Double Manifest		KEY:Double Manifest ~ Generalist		CATEGORY:Special Ability	TYPE:SpecialQuality.Extraordinary.PsionicDisciplineTalent	DESC:Manifest two powers with a single action 1/day.
Expanded Mind		KEY:Expanded Mind ~ Generalist		CATEGORY:Special Ability	TYPE:SpecialQuality.Extraordinary.PsionicDisciplineTalent	DESC:When you regain power points, choose one power from any class power list and add it to your known powers for the day.

### Ability for all Psions
Detect Psionics									CATEGORY:Special Ability	TYPE:SpecialQuality.Supernatural					DESC:Manifest unaugmented detect psionics at will, and at no cost, if psionic focus maintained.	SOURCEPAGE:p. 22

### Psychic Warrior Abilities
Psionic Proficiency	CATEGORY:Special Ability	TYPE:SpecialQuality.Extraordinary	DESC:You treat your BAB as equal to your level for psionic feat requirements.
Warrior's Path		CATEGORY:Special Ability	TYPE:SpecialQuality.Extraordinary	DESC:Choose a warrior path to adhere to.							DEFINE:WarriorPathLVL|0	
Martial Power		CATEGORY:Special Ability	TYPE:SpecialAttack.Extraordinary	DESC:Manifest a path power as part of a melee attack action.
Secondary Path		CATEGORY:Special Ability	TYPE:SpecialQuality.Extraordinary	DESC:Choose a second warrior path.
Twisting Path		CATEGORY:Special Ability	TYPE:SpecialQuality.Extraordinary	DESC:Change from one trance to another as a swift action.
Pathweaving			CATEGORY:Special Ability	TYPE:SpecialQuality.Supernatural	DESC:Can gain the benefits of both trances for 5 minutes; %1/day.|PathweavingTimes	DEFINE:PathweavingTimes|0	BONUS:VAR|PathweavingTimes|(PathweavingLVL-12)/3
Eternal Warrior		CATEGORY:Special Ability	TYPE:SpecialQuality.Supernatural	DESC:Gain a wide variety of bonuses for 5 minutes; 1/day.	BONUS:COMBAT|AC|WIS*PsionicFocusActive|PREAPPLY:PC	BONUS:COMBAT|DAMAGE.ALL|WIS*PsionicFocusActive|PREAPPLY:PC	BONUS:COMBAT|INITIATIVE|WIS*PsionicFocusActive|PREAPPLY:PC	BONUS:COMBAT|TOHIT|WIS*PsionicFocusActive|PREAPPLY:PC	BONUS:CHECKS|ALL|WIS*PsionicFocusActive|PREAPPLY:PC	BONUS:MOVEADD|TYPE.Walk|WIS*5*PsionicFocusActive|PREAPPLY:PC	BONUS:SKILL|ALL|WIS*PsionicFocusActive|PREAPPLY:PC

### Psychic Warrior Warrior Paths
Ascetic Path		KEY:Ascetic Path ~ First		CATEGORY:Special Ability	TYPE:FirstWarriorPath	DESC:You have studied with the mystics of the ancient temples.	ABILITY:Special Ability|AUTOMATIC|Path Skill ~ Ascetic		BONUS:ABILITYPOOL|Path Power|1	BONUS:ABILITYPOOL|Path Power|1|PREVARGTEQ:WarriorPathLVL,3	ABILITY:Special Ability|AUTOMATIC|Expanded Path ~ Ascetic|PREVARGTEQ:WarriorPathLVL,3	ABILITY:Special Ability|AUTOMATIC|Path Skill Bonuses|PREVARGTEQ:WarriorPathLVL,4
Assassin's Path		KEY:Assassin's Path ~ First		CATEGORY:Special Ability	TYPE:FirstWarriorPath	DESC:Your preferred weapon is stealth and silence.			ABILITY:Special Ability|AUTOMATIC|Path Skill ~ Assassin		BONUS:ABILITYPOOL|Path Power|1	BONUS:ABILITYPOOL|Path Power|1|PREVARGTEQ:WarriorPathLVL,3	ABILITY:Special Ability|AUTOMATIC|Expanded Path ~ Assassin|PREVARGTEQ:WarriorPathLVL,3	ABILITY:Special Ability|AUTOMATIC|Path Skill Bonuses|PREVARGTEQ:WarriorPathLVL,4
Brawling Path		KEY:Brawling Path ~ First		CATEGORY:Special Ability	TYPE:FirstWarriorPath	DESC:You bring the combat to your enemy.					ABILITY:Special Ability|AUTOMATIC|Path Skill ~ Brawling		BONUS:ABILITYPOOL|Path Power|1	BONUS:ABILITYPOOL|Path Power|1|PREVARGTEQ:WarriorPathLVL,3	ABILITY:Special Ability|AUTOMATIC|Expanded Path ~ Brawling|PREVARGTEQ:WarriorPathLVL,3	ABILITY:Special Ability|AUTOMATIC|Path Skill Bonuses|PREVARGTEQ:WarriorPathLVL,4
Feral Warrior Path	KEY:Feral Warrior Path ~ First	CATEGORY:Special Ability	TYPE:FirstWarriorPath	DESC:You are the beast incarnate.						ABILITY:Special Ability|AUTOMATIC|Path Skill ~ Feral Warrior	BONUS:ABILITYPOOL|Path Power|1	BONUS:ABILITYPOOL|Path Power|1|PREVARGTEQ:WarriorPathLVL,3	ABILITY:Special Ability|AUTOMATIC|Expanded Path ~ Feral Warrior|PREVARGTEQ:WarriorPathLVL,3	ABILITY:Special Ability|AUTOMATIC|Path Skill Bonuses|PREVARGTEQ:WarriorPathLVL,4
Mindknight Path		KEY:Mindknight Path ~ First		CATEGORY:Special Ability	TYPE:FirstWarriorPath	DESC:You have sworn an oath to your order.				ABILITY:Special Ability|AUTOMATIC|Path Skill ~ Mindknight		BONUS:ABILITYPOOL|Path Power|1	BONUS:ABILITYPOOL|Path Power|1|PREVARGTEQ:WarriorPathLVL,3	ABILITY:Special Ability|AUTOMATIC|Expanded Path ~ Mindknight|PREVARGTEQ:WarriorPathLVL,3	ABILITY:Special Ability|AUTOMATIC|Path Skill Bonuses|PREVARGTEQ:WarriorPathLVL,4
Weaponmaster Path		KEY:Weaponmaster Path ~ First		CATEGORY:Special Ability	TYPE:FirstWarriorPath	DESC:You become one with your weapon.					ABILITY:Special Ability|AUTOMATIC|Path Skill ~ Weaponmaster		BONUS:ABILITYPOOL|Path Power|1	BONUS:ABILITYPOOL|Path Power|1|PREVARGTEQ:WarriorPathLVL,3	ABILITY:Special Ability|AUTOMATIC|Expanded Path ~ Weaponmaster|PREVARGTEQ:WarriorPathLVL,3	ABILITY:Special Ability|AUTOMATIC|Path Skill Bonuses|PREVARGTEQ:WarriorPathLVL,4

Ascetic Path		KEY:Ascetic Path ~ Second		CATEGORY:Special Ability	TYPE:SecondWarriorPath	DESC:You have studied with the mystics of the ancient temples.	ABILITY:Special Ability|AUTOMATIC|Path Skill ~ Ascetic|PREVARGTEQ:WarriorPathLVL,9		BONUS:ABILITYPOOL|Path Power|1|PREVARGTEQ:WarriorPathLVL,9	ABILITY:Special Ability|AUTOMATIC|Expanded Path ~ Ascetic|PREVARGTEQ:WarriorPathLVL,11
Assassin's Path		KEY:Assassin's Path ~ Second		CATEGORY:Special Ability	TYPE:SecondWarriorPath	DESC:Your preferred weapon is stealth and silence.			ABILITY:Special Ability|AUTOMATIC|Path Skill ~ Assassin|PREVARGTEQ:WarriorPathLVL,9		BONUS:ABILITYPOOL|Path Power|1|PREVARGTEQ:WarriorPathLVL,9	ABILITY:Special Ability|AUTOMATIC|Expanded Path ~ Assassin|PREVARGTEQ:WarriorPathLVL,11
Brawling Path		KEY:Brawling Path ~ Second		CATEGORY:Special Ability	TYPE:SecondWarriorPath	DESC:You bring the combat to your enemy.					ABILITY:Special Ability|AUTOMATIC|Path Skill ~ Brawling|PREVARGTEQ:WarriorPathLVL,9		BONUS:ABILITYPOOL|Path Power|1|PREVARGTEQ:WarriorPathLVL,9	ABILITY:Special Ability|AUTOMATIC|Expanded Path ~ Brawling|PREVARGTEQ:WarriorPathLVL,11
Feral Warrior Path	KEY:Feral Warrior Path ~ Second	CATEGORY:Special Ability	TYPE:SecondWarriorPath	DESC:You are the beast incarnate.						ABILITY:Special Ability|AUTOMATIC|Path Skill ~ Feral Warrior|PREVARGTEQ:WarriorPathLVL,9	BONUS:ABILITYPOOL|Path Power|1|PREVARGTEQ:WarriorPathLVL,9	ABILITY:Special Ability|AUTOMATIC|Expanded Path ~ Feral Warrior|PREVARGTEQ:WarriorPathLVL,11
Mindknight Path		KEY:Mindknight Path ~ Second		CATEGORY:Special Ability	TYPE:SecondWarriorPath	DESC:You have sworn an oath to your order.				ABILITY:Special Ability|AUTOMATIC|Path Skill ~ Mindknight|PREVARGTEQ:WarriorPathLVL,9	BONUS:ABILITYPOOL|Path Power|1|PREVARGTEQ:WarriorPathLVL,9	ABILITY:Special Ability|AUTOMATIC|Expanded Path ~ Mindknight|PREVARGTEQ:WarriorPathLVL,11
Weaponmaster Path		KEY:Weaponmaster Path ~ Second	CATEGORY:Special Ability	TYPE:SecondWarriorPath	DESC:You become one with your weapon.					ABILITY:Special Ability|AUTOMATIC|Path Skill ~ Weaponmaster|PREVARGTEQ:WarriorPathLVL,9	BONUS:ABILITYPOOL|Path Power|1|PREVARGTEQ:WarriorPathLVL,9	ABILITY:Special Ability|AUTOMATIC|Expanded Path ~ Weaponmaster|PREVARGTEQ:WarriorPathLVL,11

### Path Power abilities
Defensive Precognition	KEY:Defensive Precognition Path Power	CATEGORY:Special Ability	TYPE:PathPower	VISIBLE:DISPLAY	PREABILITY:1,CATEGORY=Special Ability,Ascetic Path ~ First,Ascetic Path ~ Second	SPELLKNOWN:CLASS|Psychic Warrior=1|Precognition (Defensive)
Offensive Precognition	KEY:Offensive Precognition Path Power	CATEGORY:Special Ability	TYPE:PathPower	VISIBLE:DISPLAY	PREABILITY:1,CATEGORY=Special Ability,Ascetic Path ~ First,Ascetic Path ~ Second	SPELLKNOWN:CLASS|Psychic Warrior=1|Precognition (Offensive)
Distract			KEY:Distract Path Power				CATEGORY:Special Ability	TYPE:PathPower	VISIBLE:DISPLAY	PREABILITY:1,CATEGORY=Special Ability,Assassin's Path ~ First,Assassin's Path ~ Second	SPELLKNOWN:CLASS|Psychic Warrior=1|Distract
Prevenom Weapon		KEY:Prevenom Weapon Path Power		CATEGORY:Special Ability	TYPE:PathPower	VISIBLE:DISPLAY	PREABILITY:1,CATEGORY=Special Ability,Assassin's Path ~ First,Assassin's Path ~ Second	SPELLKNOWN:CLASS|Psychic Warrior=1|Prevenom Weapon
Grip of Iron		KEY:Grip of Iron Path Power			CATEGORY:Special Ability	TYPE:PathPower	VISIBLE:DISPLAY	PREABILITY:1,CATEGORY=Special Ability,Brawling Path ~ First,Brawling Path ~ Second	SPELLKNOWN:CLASS|Psychic Warrior=1|Grip of Iron
Hammer			KEY:Hammer Path Power				CATEGORY:Special Ability	TYPE:PathPower	VISIBLE:DISPLAY	PREABILITY:1,CATEGORY=Special Ability,Brawling Path ~ First,Brawling Path ~ Second	SPELLKNOWN:CLASS|Psychic Warrior=1|Hammer
Bite of the Wolf		KEY:Bite of the Wolf Path Power		CATEGORY:Special Ability	TYPE:PathPower	VISIBLE:DISPLAY	PREABILITY:1,CATEGORY=Special Ability,Feral Warrior Path ~ First,Feral Warrior Path ~ Second	SPELLKNOWN:CLASS|Psychic Warrior=1|Bite of the Wolf
Claws of the Beast	KEY:Claws of the Beast Path Power		CATEGORY:Special Ability	TYPE:PathPower	VISIBLE:DISPLAY	PREABILITY:1,CATEGORY=Special Ability,Feral Warrior Path ~ First,Feral Warrior Path ~ Second	SPELLKNOWN:CLASS|Psychic Warrior=1|Claws of the Beast
Call Weaponry		KEY:Call Weaponry Path Power			CATEGORY:Special Ability	TYPE:PathPower	VISIBLE:DISPLAY	PREABILITY:1,CATEGORY=Special Ability,Mindknight Path ~ First,Mindknight Path ~ Second	SPELLKNOWN:CLASS|Psychic Warrior=1|Call Weaponry
Inertial Armor		KEY:Inertial Armor Path Power			CATEGORY:Special Ability	TYPE:PathPower	VISIBLE:DISPLAY	PREABILITY:1,CATEGORY=Special Ability,Mindknight Path ~ First,Mindknight Path ~ Second	SPELLKNOWN:CLASS|Psychic Warrior=1|Inertial Armor
Float				KEY:Float Path Power				CATEGORY:Special Ability	TYPE:PathPower	VISIBLE:DISPLAY	PREABILITY:1,CATEGORY=Special Ability,Survivor Path ~ First,Survivor Path ~ Second	SPELLKNOWN:CLASS|Psychic Warrior=1|Float
Thicken Skin		KEY:Thicken Skin Path Power			CATEGORY:Special Ability	TYPE:PathPower	VISIBLE:DISPLAY	PREABILITY:1,CATEGORY=Special Ability,Survivor Path ~ First,Survivor Path ~ Second	SPELLKNOWN:CLASS|Psychic Warrior=1|Thicken Skin
Empty Mind			KEY:Empty Mind Path Power			CATEGORY:Special Ability	TYPE:PathPower	VISIBLE:DISPLAY	PREABILITY:1,CATEGORY=Special Ability,Weaponmaster Path ~ First,Weaponmaster Path ~ Second	SPELLKNOWN:CLASS|Psychic Warrior=1|Empty Mind
Metaphysical Weapon	KEY:Metaphysical Weapon Path Power		CATEGORY:Special Ability	TYPE:PathPower	VISIBLE:DISPLAY	PREABILITY:1,CATEGORY=Special Ability,Weaponmaster Path ~ First,Weaponmaster Path ~ Second	SPELLKNOWN:CLASS|Psychic Warrior=1|Metaphysical Weapon


Path Skill	KEY:Path Skill Bonuses	CATEGORY:Special Ability	TYPE:SpecialQuality	DESC:Gain bonuses on associated skills.	BONUS:ABILITYPOOL|Warrior Path Skill|(WarriorPathLVL-1)/3

### Warrior Path Skill abilities
Acrobatics			KEY:Acrobatics Path Skill		CATEGORY:Special Ability	TYPE:PathSkill	MULT:YES	STACK:YES	CHOOSE:NOCHOICE	VISIBLE:DISPLAY	PREABILITY:1,CATEGORY=Special Ability,Ascetic Path ~ First,Ascetic Path ~ Second,Assassin's Path ~ First,Assassin's Path ~ Second,Brawling Path ~ First,Brawling Path ~ Second,Feral Warrior Path ~ First,Feral Warrior Path ~ Second,Weaponmaster Path ~ First,Weaponmaster Path ~ Second	BONUS:SKILL|Acrobatics|2
Autohypnosis		KEY:Autohypnosis Path Skill		CATEGORY:Special Ability	TYPE:PathSkill	MULT:YES	STACK:YES	CHOOSE:NOCHOICE	VISIBLE:DISPLAY	PREABILITY:1,CATEGORY=Special Ability,Ascetic Path ~ First,Ascetic Path ~ Second,Brawling Path ~ First,Brawling Path ~ Second,Mindknight Path ~ First,Mindknight Path ~ Second,Survivor Path ~ First,Survivor Path ~ Second	BONUS:SKILL|Autohypnosis|2
Craft				KEY:Craft Path Skill			CATEGORY:Special Ability	TYPE:PathSkill	MULT:YES	STACK:YES	CHOOSE:NOCHOICE	VISIBLE:DISPLAY	PREABILITY:1,CATEGORY=Special Ability,Weaponmaster Path ~ First,Weaponmaster Path ~ Second	BONUS:SKILL|TYPE.Craft|2
Diplomacy			KEY:Diplomacy Path Skill		CATEGORY:Special Ability	TYPE:PathSkill	MULT:YES	STACK:YES	CHOOSE:NOCHOICE	VISIBLE:DISPLAY	PREABILITY:1,CATEGORY=Special Ability,Mindknight Path ~ First,Mindknight Path ~ Second	BONUS:SKILL|Diplomacy|2
Escape Artist		KEY:Escape Artist Path Skill		CATEGORY:Special Ability	TYPE:PathSkill	MULT:YES	STACK:YES	CHOOSE:NOCHOICE	VISIBLE:DISPLAY	PREABILITY:1,CATEGORY=Special Ability,Brawling Path ~ First,Brawling Path ~ Second	BONUS:SKILL|Escape Artist|2
Heal				KEY:Heal Path Skill			CATEGORY:Special Ability	TYPE:PathSkill	MULT:YES	STACK:YES	CHOOSE:NOCHOICE	VISIBLE:DISPLAY	PREABILITY:1,CATEGORY=Special Ability,Survivor Path ~ First,Survivor Path ~ Second	BONUS:SKILL|Heal|2
Knowledge (Nobility)	KEY:Knowledge (Nobility) Path Skill	CATEGORY:Special Ability	TYPE:PathSkill	MULT:YES	STACK:YES	CHOOSE:NOCHOICE	VISIBLE:DISPLAY	PREABILITY:1,CATEGORY=Special Ability,Weaponmaster Path ~ First,Weaponmaster Path ~ Second	BONUS:SKILL|Knowledge (Nobility)|2
Knowledge (Religion)	KEY:Knowledge (Religion) Path Skill	CATEGORY:Special Ability	TYPE:PathSkill	MULT:YES	STACK:YES	CHOOSE:NOCHOICE	VISIBLE:DISPLAY	PREABILITY:1,CATEGORY=Special Ability,Ascetic Path ~ First,Ascetic Path ~ Second	BONUS:SKILL|Knowledge (Religion)|2
Perception			KEY:Perception Path Skill		CATEGORY:Special Ability	TYPE:PathSkill	MULT:YES	STACK:YES	CHOOSE:NOCHOICE	VISIBLE:DISPLAY	PREABILITY:1,CATEGORY=Special Ability,Assassin's Path ~ First,Assassin's Path ~ Second,Feral Warrior Path ~ First,Feral Warrior Path ~ Second,Survivor Path ~ First,Survivor Path ~ Second	BONUS:SKILL|Perception|2
Ride				KEY:Ride Path Skill			CATEGORY:Special Ability	TYPE:PathSkill	MULT:YES	STACK:YES	CHOOSE:NOCHOICE	VISIBLE:DISPLAY	PREABILITY:1,CATEGORY=Special Ability,Mindknight Path ~ First,Mindknight Path ~ Second	BONUS:SKILL|Ride|2
Stealth			KEY:Stealth Path Skill			CATEGORY:Special Ability	TYPE:PathSkill	MULT:YES	STACK:YES	CHOOSE:NOCHOICE	VISIBLE:DISPLAY	PREABILITY:1,CATEGORY=Special Ability,Assassin's Path ~ First,Assassin's Path ~ Second	BONUS:SKILL|Stealth|2
Survival			KEY:Survival Path Skill			CATEGORY:Special Ability	TYPE:PathSkill	MULT:YES	STACK:YES	CHOOSE:NOCHOICE	VISIBLE:DISPLAY	PREABILITY:1,CATEGORY=Special Ability,Feral Warrior Path ~ First,Feral Warrior Path ~ Second	BONUS:SKILL|Survival|2


### Ascetic Warrior's Path Abilities
Path Skill		KEY:Path Skill ~ Ascetic	CATEGORY:Special Ability	VISIBLE:NO	CSKILL:Knowledge (Religion)
Expanded Path	KEY:Expanded Path ~ Ascetic	CATEGORY:Special Ability	VISIBLE:NO	ABILITY:Special Ability|AUTOMATIC|Trance ~ Ascetic|Maneuver ~ Ascetic
Trance ~ Ascetic						CATEGORY:Special Ability	TYPE:SpecialQuality	DESC:Gain +%1 insight bonus to AC or saves when in light or no armor.|(WarriorPathLVL+3)/4
#BONUS:COMBAT|AC|(WarriorPathLVL+3)/4|TYPE=Insight|PREVARLTEQ:var("COUNT[EQTYPE.ARMOR.EQUIPPED]"),1	BONUS:CHECKS|ALL|(WarriorPathLVL+3)/4|TYPE=Insight|PREVARLTEQ:var("COUNT[EQTYPE.ARMOR.EQUIPPED]"),1
#**# Can I PREAPPLY this?
Maneuver ~ Ascetic					CATEGORY:Special Ability	TYPE:SpecialQuality	DESC:Expend focus to gain +%1 AC; take a 5-ft. step if the attack misses.|2+(WarriorPathLVL/5)

### Assassin's Warrior's Path Abilities
Path Skill		KEY:Path Skill ~ Assassin	CATEGORY:Special Ability	VISIBLE:NO	CSKILL:Stealth
Expanded Path	KEY:Expanded Path ~ Assassin	CATEGORY:Special Ability	VISIBLE:NO	ABILITY:Special Ability|AUTOMATIC|Trance ~ Assassin|Maneuver ~ Assassin
Trance ~ Assassin						CATEGORY:Special Ability	TYPE:SpecialAttack	DESC:Gain +%1 competence bonus on damage rolls when focused.|(WarriorPathLVL+5)/4	BONUS:COMBAT|DAMAGE|(WarriorPathLVL+1)/4*PsionicFocusActive|TYPE=Competence|PREAPPLY:PC
Maneuver ~ Assassin					CATEGORY:Special Ability	TYPE:SpecialAttack	DESC:Expend focus to get +%1d6 damage when striking an enemy in melee with no other enemies adjacent to you.|(WarriorPathLVL+7)/5

### Brawling Warrior's Path Abilities
Path Skill		KEY:Path Skill ~ Brawling	CATEGORY:Special Ability	VISIBLE:NO	CSKILL:Escape Artist
Expanded Path	KEY:Expanded Path ~ Brawling	CATEGORY:Special Ability	VISIBLE:NO	ABILITY:Special Ability|AUTOMATIC|Trance ~ Brawling|Maneuver ~ Brawling
Trance ~ Brawling						CATEGORY:Special Ability	TYPE:SpecialAttack	DESC:Deal %1 damage to an enemy when grappling and focused.|WIS
Maneuver ~ Brawling					CATEGORY:Special Ability	TYPE:SpecialQuality	DESC:Expend focus so foe you are grappling takes %1d6 non-lethal damage.|2*floor((WarriorPathLVL+7)/5)

### Feral Warrior Warrior's Path Abilities
Path Skill		KEY:Path Skill ~ Feral Warrior	CATEGORY:Special Ability	VISIBLE:NO	CSKILL:Survival
Expanded Path	KEY:Expanded Path ~ Feral Warrior	CATEGORY:Special Ability	VISIBLE:NO	ABILITY:Special Ability|AUTOMATIC|Trance ~ Feral Warrior|Maneuver ~ Feral Warrior
Trance ~ Feral Warrior						CATEGORY:Special Ability	TYPE:SpecialQuality	DESC:+%1 competence bonus on attack rolls with natural weapon when focused.|(WarriorPathLVL+1)/4	BONUS:COMBAT|TOHIT.Natural|(WarriorPathLVL+1)/4*PsionicFocusActive|TYPE=Competence|PREAPPLY:PC
Maneuver ~ Feral Warrior					CATEGORY:Special Ability	TYPE:SpecialQuality	DESC:Expend focus when charging to take an additional attack (full attack at 20th level) with +%1 damage; attacks get -2 on attack roll.|(WarriorPathLVL+1)/4

### Mindknight Warrior's Path Abilities
Path Skill		KEY:Path Skill ~ Mindknight		CATEGORY:Special Ability	VISIBLE:NO	CSKILL:Diplomacy
Expanded Path	KEY:Expanded Path ~ Mindknight	CATEGORY:Special Ability	VISIBLE:NO	ABILITY:Special Ability|AUTOMATIC|Trance ~ Mindknight|Maneuver ~ Mindknight
Trance ~ Mindknight						CATEGORY:Special Ability	TYPE:SpecialQuality	DESC:+%1 competence bonus to initiative when focused; +%1 to attack and damage when using a called weapon.|(WarriorPathLVL+1)/4	BONUS:COMBAT|INITIATIVE|(WarriorPathLVL+1)/4*PsionicFocusActive|TYPE=Competence|PREAPPLY:PC
#**# Not sure how to do called weapon bonus.
Maneuver ~ Mindknight						CATEGORY:Special Ability	TYPE:SpecialQuality	DESC:Expend focus to make a melee attack against %1 adjacent creatures as a standard action.|(WarriorPathLVL+7)/5

### Weaponmaster Warrior's Path Abilities
Path Skill		KEY:Path Skill ~ Weaponmaster		CATEGORY:Special Ability	VISIBLE:NO	CSKILL:Knowledge (Nobility)
Expanded Path	KEY:Expanded Path ~ Weaponmaster	CATEGORY:Special Ability	VISIBLE:NO	ABILITY:Special Ability|AUTOMATIC|Trance ~ Weaponmaster|Maneuver ~ Weaponmaster
Trance ~ Weaponmaster						CATEGORY:Special Ability	TYPE:SpecialQuality	DESC:When focused, gain +%1 to attacks with weapons.|(WarriorPathLVL+1)/4	BONUS:WEAPON|TOHIT|(WarriorPathLVL+1)/4*PsionicFocusActive|TYPE=Competence|PREAPPLY:PC
Maneuver ~ Weaponmaster						CATEGORY:Special Ability	TYPE:SpecialQuality	DESC:Expend focus to make a single melee attack against an enemy attacking you, then take a 5-ft. step.  You gain a +%1 competence bonus on the attack and damage rolls.|(WarriorPathLVL-3)/5
# Add a PREAPPLY bonus?  Or is it too limited to worry about?

### Soulknife Mindblade Abilities
Mind Blade							CATEGORY:Special Ability	TYPE:SpecialQuality.Supernatural	DESC:Form a semi-sold weapon composed of psychic energy.	DEFINE:MindBladeLVL|0	DEFINE:MindBladeEnhancement|max(0,(MindBladeLVL-1)/2)	DEFINE:PsychicStrikeDie|8	DEFINE:PsychicStrikeDiceNumber|(MindBladeLVL+1)/4	DEFINE:WeaponSpecialCount|0	AUTO:WEAPONPROF|Mind Blade
Shape Mind Blade						CATEGORY:Special Ability	TYPE:SpecialQuality			DESC:Change form of mind blade as a full round action; change abilities in 8 hours.
Throw Mind Blade						CATEGORY:Special Ability	TYPE:SpecialQuality			DESC:Throw mind blade as often as necessary per round.
Enhanced Mind Blade					CATEGORY:Special Ability	TYPE:SpecialQuality			DESC:Gain +%1 in enhancement bonuses and abilities.|MindBladeEnhancement
Psychic Strike						CATEGORY:Special Ability	TYPE:SpecialAttack.Supernatural	DESC:Imbue mind blade with psychic energy; +%1d%2 damage when discharged.|PsychicStrikeDiceNumber|PsychicStrikeDie
Quick Draw Mind Blade	OUTPUTNAME:Quick Draw	CATEGORY:Special Ability	TYPE:SpecialQuality			DESC:Manifest mind blade as a free action 1/round.
Mind Blade Mastery					CATEGORY:Special Ability	TYPE:SpecialQuality			DESC:Can maintain mind blade in null psionics field, change one ocnfiguration as a swift action, or all as a full-round action.

### Soulknife Bonus Feats
Power Attack ~ Soulknife			CATEGORY:Special Ability	TYPE:SoulknifeFeat	VISIBLE:DISPLAY	AUTO:FEAT|Power Attack
Two-Weapon Fighting ~ Soulknife		CATEGORY:Special Ability	TYPE:SoulknifeFeat	VISIBLE:DISPLAY	AUTO:FEAT|Two-Weapon Fighting
Weapon Focus(Mind Blade)			CATEGORY:Special Ability	TYPE:SoulknifeFeat	VISIBLE:DISPLAY	AUTO:FEAT|Weapon Focus(Mind Blade)

### Soulknife Blade Skills
Alter Blade				CATEGORY:Special Ability	TYPE:BladeSkill.SpecialQuality	DESC:Can change mind blade's form whenever forming the blade, and can form one light and one one-handed blade.
Bladestorm				CATEGORY:Special Ability	TYPE:BladeSkill.SpecialQuality	DESC:Can throw one mind blade at full attack bonus at all opponents within 30 ft.	PREABILITY:1,CATEGORY=Special Ability,Bladewind	PREVARGTEQ:MindBladeLVL,16
Bladewind				CATEGORY:Special Ability	TYPE:BladeSkill.SpecialQuality	DESC:Can make one melee attack at full attack bonus against all opponents within reach.	PREVARGTEQ:MindBladeLVL,8
Combat Slide			CATEGORY:Special Ability	TYPE:BladeSkill.SpecialQuality	DESC:Immediately make 5-ft. step when successfully striking an enemy in melee or when missed in melee.
Deadly Blow				CATEGORY:Special Ability	TYPE:BladeSkill.SpecialQuality	DESC:Increase critical multiplier of mind blade by 1.	PREVARGTEQ:MindBladeLVL,10
#**# How do I code this?  Do I code this?
Dual Imbue				CATEGORY:Special Ability	TYPE:BladeSkill.SpecialQuality	DESC:Can charge both mind blades with psychic strike simultaneously, with loss of one die of damage. PREABILITY:1,Psychic Strike
Enhanced Range			CATEGORY:Special Ability	TYPE:BladeSkill.SpecialQuality	DESC:Double mind blade range increment.
#**# How do I code this?  Do I code this?
Exploding Critical		CATEGORY:Special Ability	TYPE:BladeSkill.SpecialQuality	DESC:Expend focus to deal psychic strike damage on confirmed critical.	PREVARGTEQ:MindBladeLVL,12
Extended Strike			CATEGORY:Special Ability	TYPE:BladeSkill.SpecialQuality	DESC:Make a single attack with +5 ft. reach as a standard action; may be combined with twin strike.	PREVARGTEQ:MindBladeLVL,12
Fluid Form				CATEGORY:Special Ability	TYPE:BladeSkill.SpecialQuality	DESC:Expend psychic strike to make minor change to blade configuration.
Fluid Form (Improved)		OUTPUTNAME:Fluid Form, Improved	CATEGORY:Special Ability	TYPE:BladeSkill.SpecialQuality	DESC:Expend psychic strike to reconfigure blade.	PREABILITY:1,CATEGORY=Special Ability,Fluid Form
Full Enhancement			CATEGORY:Special Ability	TYPE:BladeSkill.SpecialQuality	DESC:No reduction in enhancement bonuses for multiple mind blades.
Furious Charge			CATEGORY:Special Ability	TYPE:BladeSkill.SpecialQuality	DESC:Extra damage on a charge (+1 off-hand, +2 primary hand, +3 two-handed).
Furious Charge (Improved)	OUTPUTNAME:Furious Charge, Improved	CATEGORY:Special Ability	TYPE:BladeSkill.SpecialQuality	DESC:Expend psychic strike to make extra attack at end of charge.	PREABILITY:1,CATEGORY=Special Ability,Furious Charge	PREVARGTEQ:MindBladeLVL,8
Gruesome Riposte			CATEGORY:Special Ability	TYPE:BladeSkill.SpecialQuality	DESC:When hit in melee by an enemy, expend focus to immediately make an attack against that enemy.	PREVARGTEQ:MindBladeLVL,10
Improved Enhancement		CATEGORY:Special Ability	TYPE:BladeSkill.SpecialQuality	DESC:Increase enhancement bonus on mind blade by 1.	BONUS:VAR|MindBladeEnhancement|1	PREVARGTEQ:MindBladeLVL,12
Knife to the Soul			CATEGORY:Special Ability	TYPE:BladeSkill.SpecialQuality	DESC:Give up psychic strike bonus damage do to Int, Wis, or Cha damage; 1 point per die given up.	PREVARGTEQ:MindBladeLVL,12
Mind Daggers			CATEGORY:Special Ability	TYPE:BladeSkill.SpecialQuality	DESC:May form mind daggers, and switch between daggers and standard form quickly.
Mind Shield				CATEGORY:Special Ability	TYPE:BladeSkill.SpecialQuality	DESC:Gain +2 shield bonus to AC if mind blade is not in two-handed form.
Multiple Throw			CATEGORY:Special Ability	TYPE:BladeSkill.SpecialQuality	DESC:Throw as many mind blades as number of melee attacks.	PREVARGTEQ:MindBladeLVL,14
Powerful Strikes			CATEGORY:Special Ability	TYPE:BladeSkill.SpecialQuality	DESC:Increase psychic strike damage by one die.	BONUS:VAR|PsychicStrikeDiceNumber|1
Reaching Blade			CATEGORY:Special Ability	TYPE:BladeSkill.SpecialQuality	DESC:Expend focus to extend reach by 5 ft. until start of next turn.	PREVARGTEQ:MindBladeLVL,8
Reaper's Blade			CATEGORY:Special Ability	TYPE:BladeSkill.SpecialQuality	DESC:Automatically recharge psychic strike if reduce enemy below 0 hp with mind blade melee attack.	PREVARGTEQ:MindBladeLVL,10
Rending Blades			CATEGORY:Special Ability	TYPE:BladeSkill.SpecialQuality	DESC:Gain +1d6 bleed damage on critical hit, bonus on Climb checks equal to mind blade enhancement bonus.	
# Code this as a CHOOSE:NUMBER and PREAPPLY:PC
# BONUS:SKILL|Climb|2|TYPE=Competence
Toppling Strike			CATEGORY:Special Ability	TYPE:BladeSkill.SpecialQuality	DESC:Attack and trip as a standard action.	PREABILITY:1,CATEGORY=Special Ability,Weapon Special
Toppling Strike (Improved)	OUTPUTNAME:Toppling Strike, Improved	CATEGORY:Special Ability	TYPE:BladeSkill.SpecialQuality	DESC:Attack and trip as a standard action; continue tripping on successful trip attempt.	PREABILITY:2,CATEGORY=Special Ability,Weapon Special,Toppling Strike
Trade Blows				CATEGORY:Special Ability	TYPE:BladeSkill.SpecialQuality	DESC:When using total defense, make melee attack on anyone who attacks in melee.	PREVARGTEQ:MindBladeLVL,10
Twin Strike				CATEGORY:Special Ability	TYPE:BladeSkill.SpecialQuality	DESC:Attack with two mind blades as single standard action, or on attack of opportunity.	PREVARGTEQ:MindBladeLVL,8
Weapon Special			CATEGORY:Special Ability	TYPE:BladeSkill.SpecialQuality	DESC:May assign brace, trip, or disarm to mind blade.  May assign more than one if taken more than once.	MULT:YES	STACK:YES	CHOOSE:NOCHOICE	DEFINE:WeaponSpecialCount|0	BONUS:VAR|WeaponSpecialCount|1	PREVARLT:WeaponSpecialCount,3
Wing Clip				CATEGORY:Special Ability	TYPE:BladeSkill.SpecialQuality	DESC:Attack and keep from moving for %1 rounds as a standard action (Fort DC %2).|max(STR,1)|10+BAB

### Wilder Abilities
Wild Surge			CATEGORY:Special Ability	TYPE:SpecialQuality.Supernatural	DESC:Gain +%1 manifester level and %1 bonus pp when manifesting a power.|WildSurge	DEFINE:WildSurge|0	DEFINE:SurgeLVL|0
Psychic Enervation	CATEGORY:Special Ability	TYPE:SpecialQuality.Extraordinary	DESC:Has a %1%% chance of suffering psychic enervation.|PsychicEnervationPercent	DEFINE:PsychicEnervationPercent|15
Surge Blast			CATEGORY:Special Ability	TYPE:SpecialAttack.Supernatural	DESC:Expend focus to make %1-ft. ranged force attack dealing %2d6 damage.|SurgeBlastRange|WildSurge	DEFINE:SurgeBlastRange|30
Surge Bond			CATEGORY:Special Ability	TYPE:SpecialQuality.Supernatural	DESC:Gain ability from surge type.	BONUS:ABILITYPOOL|Artificer's Surge Feat|1|PREABILITY:1,CATEGORY=Special Ability,Artificer's Surge	AUTO:FEAT|Psionic Talent|PREABILITY:1,CATEGORY=Special Ability,Free Surge	AUTO:FEAT|Surging Aura|PREABILITY:1,CATEGORY=Special Ability,Leader's Surge	AUTO:FEAT|Psicrystal Affinity|PREABILITY:1,CATEGORY=Special Ability,Student's Surge	AUTO:FEAT|Toughness|PREABILITY:1,CATEGORY=Special Ability,Warrior's Surge
Elude Attack		CATEGORY:Special Ability	TYPE:SpecialQuality.Extraordinary	DESC:Gain +%1 dodge bonus to AC.|EludeAttack	DEFINE:EludeAttack|0	BONUS:COMBAT|AC|EludeAttack|TYPE=Dodge
Surging Euphoria		CATEGORY:Special Ability	TYPE:SpecialQuality.Extraordinary	DESC:Gain +%1 morale bonus on attack rolls, damage rolls, and saves for %2 rounds.|SurgingEuphoria|WildSurge	DEFINE:SurgingEuphoria|0	BONUS:COMBAT|TOHIT|SurgingEuphoria|TYPE=Morale|PREAPPLY:PC	BONUS:COMBAT|DAMAGE|SurgingEuphoria|TYPE=Morale|PREAPPLY:PC	BONUS:CHECKS|ALL|SurgingEuphoria|TYPE=Morale|PREAPPLY:PC
Improved Surge Bond	CATEGORY:Special Ability	TYPE:SpecialQuality			DESC:Gain more abilities from surge type.	DEFINE:ImpSurgeBond|0	BONUS:ABILITYPOOL|Artificer's Surge Feat|ImpSurgeBond|PREABILITY:1,CATEGORY=Special Ability,Artificer's Surge	ABILITY:Special Ability|AUTOMATIC|Volatile Mind|PREABILITY:1,CATEGORY=Special Ability,Free Surge	ABILITY:Special Ability|AUTOMATIC|Shared Euphoria|PREABILITY:1,CATEGORY=Special Ability,Leader's Surge	BONUS:ABILITYPOOL|Student's Surge Feat|ImpSurgeBond|PREABILITY:1,CATEGORY=Special Ability,Student's Surge	ABILITY:Special Ability|AUTOMATIC|Hardened Body|PREABILITY:1,CATEGORY=Special Ability,Warrior's Surge
Perfect Surge		CATEGORY:Special Ability	TYPE:SpecialQuality.Supernatural	DESC:1/day, add great benefit to one manifesting, with greater enervation.

### Wilder Surge Types
Artificer's Surge	CATEGORY:Special Ability	TYPE:SurgeType	DESC:Can surge with items.  Psychic enervation: dazed until end of next turn and lose %1 pp.|SurgeLVL
Free Surge		CATEGORY:Special Ability	TYPE:SurgeType	DESC:Psychic enervation: dazed until end of next turn and lose %1 pp.|SurgeLVL
Leader's Surge	CATEGORY:Special Ability	TYPE:SurgeType	DESC:Psychic enervation: shaken until end of next turn and lose %1 pp; allies in aura must make Will save (DC %2) or be shaken unil end of their next turn.|SurgeLVL|(10+SurgeLVL/2+CHA)
Student's Surge	CATEGORY:Special Ability	TYPE:SurgeType	DESC:Psychic enervation: dazzled for %1 rounds and lose %2 pp.|WildSurge|SurgeLVL
Warrior's Surge	CATEGORY:Special Ability	TYPE:SurgeType	DESC:Psychic enervation: staggered until end of next turn and loses %1 hp; can expend focus to lose pp instead of hp.|SurgeLVL

Volatile Mind	CATEGORY:Special Ability	TYPE:SpecialQuality.Extraordinary	DESC:Get +%1 bonus on saves against telepathy powers or enchantment spells.|ImpSurgeBond	DESC:Extra save against such powers.|PREVARGTEQ:var("CL=Wilder"),17
Shared Euphoria	CATEGORY:Special Ability	TYPE:SpecialQuality.Extraordinary	DESC:All allies within %1-ft. radius also gain surging aura benefit.|SurgingAuraRadius	BONUS:VAR|SurgingAuraRadius|5*ImpSurgeBonus
Hardened Body	CATEGORY:Special Ability	TYPE:SpecialQuality.Extraordinary	DESC:Gain %1 temporary hit points when under surging euphoria.|5*ImpSurgeBonus