
Niark	SOURCEPAGE:p.15	MONSTERCLASS:Aberration:1	RACETYPE:Aberration	TYPE:Aberration	SIZE:S	MOVE:Walk,20,Fly,10	DEFINE:Maneuverability|2	BONUS:COMBAT|AC|6|TYPE=NaturalArmor	NATURALATTACKS:Bite,Melee.Weapon.Natural.Piercing,*1,1d6,SPROP=Poison|Claw,Melee.Weapon.Natural.Piercing.Slashing,*2,1d3	NATURALATTACKS:Speruon,Weapon.Ranged.Natural.Piercing,*1,1d4,SPROP=Poison	FACE:5	REACH:5	ABILITY:Internal|AUTOMATIC|Race Traits ~ Niark	BONUS:STAT|DEX|6	BONUS:STAT|INT|-4	BONUS:STAT|CHA|2	KIT:1|NE	HITDICEADVANCEMENT:3	BONUS:SKILL|Climb,Jump,Spot|4|TYPE=Racial	CR:1	KIT:1|Niark Default
Shadow Witch	SOURCEPAGE:p.17	MONSTERCLASS:Aberration:6	RACETYPE:Aberration	TYPE:Aberration	SIZE:M	MOVE:Fly,30	DEFINE:Maneuverability|5	BONUS:COMBAT|AC|3|TYPE=NaturalArmor	NATURALATTACKS:Claw,Melee.Weapon.Natural.Piercing.Slashing,*2,1d4	FACE:5	REACH:5	ABILITY:Internal|AUTOMATIC|Race Traits ~ Shadow Witch	CR:6	DR:5/Cold Iron	SR:13	KIT:1|CE|LE|NE
Wailing Parchment	SOURCEPAGE:p.19	MONSTERCLASS:Aberration:3	RACETYPE:Aberration	TYPE:Aberration	SIZE:D	MOVE:Walk,5,Fly,10	DEFINE:Maneuverability|3	BONUS:COMBAT|AC|2|TYPE=NaturalArmor	FACE:0	REACH:0	ABILITY:Internal|AUTOMATIC|Race Traits ~ Wailing Parchment	CR:6	DR:10/Slashing	SR:12+HD	KIT:1|TN
#Animals
Teto (Wild)
	SOURCEPAGE:p.22
	MONSTERCLASS:Animal:8
	RACETYPE:Animal
	MOVE:Walk,50
	BONUS:COMBAT|AC|3|TYPE=NaturalArmor
	NATURALATTACKS:Hoof,Melee.Weapon.Natural.Bludgeoning,*2,1d3|Gore,Melee.Weapon.Natural.Piercing,*1,1d8
	VFEAT:Run

Dog (Attack)	SOURCEPAGE:p.25
	MONSTERCLASS:Animal:3
Dog (Guard)		SOURCEPAGE:p.25
	MONSTERCLASS:Animal:3
Dog (Hunting)	SOURCEPAGE:p.27
	MONSTERCLASS:Animal:2
Dog (Pack)		SOURCEPAGE:p.27
	MONSTERCLASS:Animal:2

Horse (Heavy Draft)				SOURCEPAGE:p.28
Horse (Light Arctic)				SOURCEPAGE:p.28
Horse (Light Mountain)				SOURCEPAGE:p.30
Horse (Light Steppe)				SOURCEPAGE:p.30
Horse (Light Tabletop Pride)			SOURCEPAGE:p.32
Lizard (Domesticated Giant Riding)		SOURCEPAGE:p.34
Lizard (Wild Giant)				SOURCEPAGE:p.34

#Construct
Golem (Meteor)			SOURCEPAGE:p.36
Golem (Obsidian)		SOURCEPAGE:p.
Homuncohort		SOURCEPAGE:p.

#Dragon
Dragon (Black Adamantite)		SOURCEPAGE:p.
Dragon (Gold Adamantite)		SOURCEPAGE:p.
Dragon (Red Adamantite)		SOURCEPAGE:p.
Dragon (Royal Adamantite)		SOURCEPAGE:p.
Dragon (Silver Adamantite)		SOURCEPAGE:p.
Dragon (Yellow Adamantite)		SOURCEPAGE:p.
Sponagledragon		SOURCEPAGE:p.

#Elemental
Ship Eater		SOURCEPAGE:p.

#Fey
Asrai		SOURCEPAGE:p.
Ice Witch		SOURCEPAGE:p.
Naiad		SOURCEPAGE:p.
Peak Faeire		SOURCEPAGE:p.

#Giant
Jarhead		SOURCEPAGE:p.
Willow		SOURCEPAGE:p.

#Humanoid
Dragonkin (Cambibracein)		SOURCEPAGE:p.
Dragonkin (Half-Dragon)		SOURCEPAGE:p.
Dragonkin (Hidden)		SOURCEPAGE:p.
Dwarf (Foul)		SOURCEPAGE:p.
Dwarf (Hammer)		SOURCEPAGE:p.
Dwarf (Ice)		SOURCEPAGE:p.
Dwarf (Iron)		SOURCEPAGE:p.
Elf (Cavern)		SOURCEPAGE:p.
Elf (Draconic)		SOURCEPAGE:p.
Elf (Feral)		SOURCEPAGE:p.
Elf (Forest)		SOURCEPAGE:p.
Elf (Oceanic)		SOURCEPAGE:p.
Elf (Polar)		SOURCEPAGE:p.
Elf (Royal)		SOURCEPAGE:p.
Elf (Sky)		SOURCEPAGE:p.
Elf (Wraith)		SOURCEPAGE:p.
Gnome (Cavern)		SOURCEPAGE:p.
Gnome (Crag)		SOURCEPAGE:p.
Halfling (Oceanic)		SOURCEPAGE:p.
Halfling (Shaggyfoot)		SOURCEPAGE:p.
Halfling (Tundra)		SOURCEPAGE:p.
Halfling (Urban)		SOURCEPAGE:p.
Halfling (Wild)		SOURCEPAGE:p.
Half-Breed (Dwonome)		SOURCEPAGE:p.
Half-Breed (Gnoblin)		SOURCEPAGE:p.
Half-Breed (Gnomling)		SOURCEPAGE:p.
Half-Breed (Half-Dwarf)		SOURCEPAGE:p.
Half-Breed (Half-Elf)		SOURCEPAGE:p.
Half-Breed (Half-Orc)		SOURCEPAGE:p.
Half-Breed (Tarnat)		SOURCEPAGE:p.
Half-Breed (Ulf)		SOURCEPAGE:p.
Human		SOURCEPAGE:p.
Magir		SOURCEPAGE:p.

#Magical Beast
Death Hawk		SOURCEPAGE:p.
Duncannor		SOURCEPAGE:p.
Fenland Hag		SOURCEPAGE:p.
Hill Behemoth		SOURCEPAGE:p.
Hippocorn (Black)		SOURCEPAGE:p.
Lemon Head		SOURCEPAGE:p.
Oyx Loyx		SOURCEPAGE:p.
Oyx Loyx (Greater)		SOURCEPAGE:p.
Pegacorn		SOURCEPAGE:p.
Pegacorn (Greater)		SOURCEPAGE:p.
Yip Dog		SOURCEPAGE:p.

#Monstrous Humanoid
Horok		SOURCEPAGE:p.
Kiriton		SOURCEPAGE:p.
Sslithrak		SOURCEPAGE:p.

#Ooze
Tarbeast		SOURCEPAGE:p.

#Outsider
Valhuru		SOURCEPAGE:p.
Yaksha		SOURCEPAGE:p.

#Plant
Nore Traps		SOURCEPAGE:p.
Reaper		SOURCEPAGE:p.
Shrubbery Swarm		SOURCEPAGE:p.
Tree Swarm		SOURCEPAGE:p.
Tree Swarm (Epic)		SOURCEPAGE:p.
Victory Plant		SOURCEPAGE:p.
Warbeast		SOURCEPAGE:p.

#Undead
Bone Dancer		SOURCEPAGE:p.
Dead Rattor		SOURCEPAGE:p.
Digger Ghoul		SOURCEPAGE:p.
Risen		SOURCEPAGE:p.
Shadow (Spy)		SOURCEPAGE:p.
Shadow (Warrior)		SOURCEPAGE:p.
Spirit of the Night		SOURCEPAGE:p.
Spirit of the Slain		SOURCEPAGE:p.
Wraith (Power)		SOURCEPAGE:p.
Wraith (Sactum)		SOURCEPAGE:p.

#Vermin
Gandorian Tree Spider		SOURCEPAGE:p.
Scarab Beetle		SOURCEPAGE:p.


