
CLASS:Abolisher			SOURCEPAGE:p.74	TYPE:PC.Prestige	HD:8	BONUS:COMBAT|BASEAB|classlevel("APPLIEDAS=NONEPIC")
	BONUS:SAVE|BASE.Fortitude|classlevel("APPLIEDAS=NONEPIC")-1/2+1
	BONUS:SAVE|BASE.Reflex|classlevel("APPLIEDAS=NONEPIC")-1/3
	BONUS:SAVE|BASE.Will|classlevel("APPLIEDAS=NONEPIC")-1/2+1
CLASS:Abolisher	!PREALIGN:CG,CN,CE	PRERACE:1,Zif	PRETOTALAB:5	PRETEXT:Spells: Ability to cast the protection from aberrations spell (detailed in this document).	PRESKILL:1,Knowledge (Dungeoneering)=7	PREFEAT:2,Aberration Abolisher,Skill Focus(Survival)
CLASS:Abolisher	STARTSKILLPTS:4	CSKILL:Heal|Intimidate|Knowledge (Dungeoneering)|Perception|Sense Motive|Spellcraft|Survival


CLASS:Archeovitus			SOURCEPAGE:p.76	TYPE:PC.Prestige
	HD:8	BONUS:COMBAT|BASEAB|classlevel("APPLIEDAS=NONEPIC")*3/4
	BONUS:SAVE|BASE.Fortitude|classlevel("APPLIEDAS=NONEPIC")-1/3
	BONUS:SAVE|BASE.Reflex|classlevel("APPLIEDAS=NONEPIC")-1/2+1
	BONUS:SAVE|BASE.Will|classlevel("APPLIEDAS=NONEPIC")-1/2+1
CLASS:Archeovitus	STARTSKILLPTS:8	CSKILL:Appraise|Climb|Disable Device|TYPE=Knowledge|Linguistics|Perception|Survival|Spellcraft|Use Magic Device
CLASS:Archeovitus	PRERACE:1,Relluk	PRESKILL:4,Knowledge (Arcana)=5,Knowledge (Dungeoneering)=3,Knowledge (History)=7,Linguistics=3



CLASS:Battletwin			SOURCEPAGE:p.78	TYPE:PC.Prestige
	HD:12	BONUS:COMBAT|BASEAB|classlevel("APPLIEDAS=NONEPIC")
	BONUS:SAVE|BASE.Fortitude|classlevel("APPLIEDAS=NONEPIC")-1/3
	BONUS:SAVE|BASE.Reflex|classlevel("APPLIEDAS=NONEPIC")-1/2+1
	BONUS:SAVE|BASE.Will|classlevel("APPLIEDAS=NONEPIC")-1/3
CLASS:Battletwin	STARTSKILLPTS:2	CSKILL:Acrobatics|Climb|Intimidate|Ride|Swim
CLASS:Battletwin	!PREALIGN:CE,CG,CN	PRERACE:1,Taddol	PRETOTALAB:7	PREFEAT:5,Cleave,Combat Expertise,Reflex of Two,Will of Two,Weapon Focus


CLASS:Deathseeker			SOURCEPAGE:p.80	TYPE:PC.Prestige
	HD:12	BONUS:COMBAT|BASEAB|classlevel("APPLIEDAS=NONEPIC")
	BONUS:SAVE|BASE.Fortitude|classlevel("APPLIEDAS=NONEPIC")-1/2+1
	BONUS:SAVE|BASE.Reflex|classlevel("APPLIEDAS=NONEPIC")-1/2+1
	BONUS:SAVE|BASE.Will|classlevel("APPLIEDAS=NONEPIC")-1/3
CLASS:Deathseeker	STARTSKILLPTS:2	CSKILL:Acrobatics|Climb|Escape Artist|Heal|Intimidate|Perception|Sense Motive|Survival
CLASS:Deathseeker	PRERACE:1,Kval	PRETOTALAB:7	PRESKILL:1,Survival=5	PREFEAT:3,Dodge,Endurance,See More Evil

CLASS:Demolisher			SOURCEPAGE:p.82	TYPE:PC.Prestige
	HD:0	BONUS:COMBAT|BASEAB|classlevel("APPLIEDAS=NONEPIC")
	BONUS:SAVE|BASE.Fortitude|classlevel("APPLIEDAS=NONEPIC")
	BONUS:SAVE|BASE.Reflex|classlevel("APPLIEDAS=NONEPIC")
	BONUS:SAVE|BASE.Will|classlevel("APPLIEDAS=NONEPIC")
	STARTSKILLPTS:0	CSKILL:x
CLASS:Entrepreneur		SOURCEPAGE:p.84	TYPE:PC.Prestige
	HD:0	BONUS:COMBAT|BASEAB|classlevel("APPLIEDAS=NONEPIC")
	BONUS:SAVE|BASE.Fortitude|classlevel("APPLIEDAS=NONEPIC")
	BONUS:SAVE|BASE.Reflex|classlevel("APPLIEDAS=NONEPIC")
	BONUS:SAVE|BASE.Will|classlevel("APPLIEDAS=NONEPIC")
	STARTSKILLPTS:0	CSKILL:x
CLASS:Golden Muse			SOURCEPAGE:p.86	TYPE:PC.Prestige
	HD:0	BONUS:COMBAT|BASEAB|classlevel("APPLIEDAS=NONEPIC")
	BONUS:SAVE|BASE.Fortitude|classlevel("APPLIEDAS=NONEPIC")
	BONUS:SAVE|BASE.Reflex|classlevel("APPLIEDAS=NONEPIC")
	BONUS:SAVE|BASE.Will|classlevel("APPLIEDAS=NONEPIC")
	STARTSKILLPTS:0	CSKILL:x
CLASS:Grim Repear			SOURCEPAGE:p.88	TYPE:PC.Prestige
	HD:0	BONUS:COMBAT|BASEAB|classlevel("APPLIEDAS=NONEPIC")
	BONUS:SAVE|BASE.Fortitude|classlevel("APPLIEDAS=NONEPIC")
	BONUS:SAVE|BASE.Reflex|classlevel("APPLIEDAS=NONEPIC")
	BONUS:SAVE|BASE.Will|classlevel("APPLIEDAS=NONEPIC")
	STARTSKILLPTS:0	CSKILL:x
CLASS:Lightseeker			SOURCEPAGE:p.90	TYPE:PC.Prestige
	HD:0	BONUS:COMBAT|BASEAB|classlevel("APPLIEDAS=NONEPIC")
	BONUS:SAVE|BASE.Fortitude|classlevel("APPLIEDAS=NONEPIC")
	BONUS:SAVE|BASE.Reflex|classlevel("APPLIEDAS=NONEPIC")
	BONUS:SAVE|BASE.Will|classlevel("APPLIEDAS=NONEPIC")
	STARTSKILLPTS:0	CSKILL:x
CLASS:Pharaoh			SOURCEPAGE:p.92	TYPE:PC.Prestige
	HD:0	BONUS:COMBAT|BASEAB|classlevel("APPLIEDAS=NONEPIC")
	BONUS:SAVE|BASE.Fortitude|classlevel("APPLIEDAS=NONEPIC")
	BONUS:SAVE|BASE.Reflex|classlevel("APPLIEDAS=NONEPIC")
	BONUS:SAVE|BASE.Will|classlevel("APPLIEDAS=NONEPIC")
	STARTSKILLPTS:0	CSKILL:x
CLASS:Reverent of Spring	SOURCEPAGE:p.94	TYPE:PC.Prestige
	HD:0	BONUS:COMBAT|BASEAB|classlevel("APPLIEDAS=NONEPIC")
	BONUS:SAVE|BASE.Fortitude|classlevel("APPLIEDAS=NONEPIC")
	BONUS:SAVE|BASE.Reflex|classlevel("APPLIEDAS=NONEPIC")
	BONUS:SAVE|BASE.Will|classlevel("APPLIEDAS=NONEPIC")
	STARTSKILLPTS:0	CSKILL:x
CLASS:Savage			SOURCEPAGE:p.96	TYPE:PC.Prestige
	HD:0	BONUS:COMBAT|BASEAB|classlevel("APPLIEDAS=NONEPIC")
	BONUS:SAVE|BASE.Fortitude|classlevel("APPLIEDAS=NONEPIC")
	BONUS:SAVE|BASE.Reflex|classlevel("APPLIEDAS=NONEPIC")
	BONUS:SAVE|BASE.Will|classlevel("APPLIEDAS=NONEPIC")
	STARTSKILLPTS:0	CSKILL:x
CLASS:Slime Lord			SOURCEPAGE:p.98	TYPE:PC.Prestige
	HD:0	BONUS:COMBAT|BASEAB|classlevel("APPLIEDAS=NONEPIC")
	BONUS:SAVE|BASE.Fortitude|classlevel("APPLIEDAS=NONEPIC")
	BONUS:SAVE|BASE.Reflex|classlevel("APPLIEDAS=NONEPIC")
	BONUS:SAVE|BASE.Will|classlevel("APPLIEDAS=NONEPIC")
	STARTSKILLPTS:0	CSKILL:x
CLASS:Warrior Philosopher	SOURCEPAGE:p.100	TYPE:PC.Prestige
	HD:0	BONUS:COMBAT|BASEAB|classlevel("APPLIEDAS=NONEPIC")
	BONUS:SAVE|BASE.Fortitude|classlevel("APPLIEDAS=NONEPIC")
	BONUS:SAVE|BASE.Reflex|classlevel("APPLIEDAS=NONEPIC")
	BONUS:SAVE|BASE.Will|classlevel("APPLIEDAS=NONEPIC")
	STARTSKILLPTS:0	CSKILL:x
CLASS:Zubit				SOURCEPAGE:p.102	TYPE:PC.Prestige
	HD:0	BONUS:COMBAT|BASEAB|classlevel("APPLIEDAS=NONEPIC")
	BONUS:SAVE|BASE.Fortitude|classlevel("APPLIEDAS=NONEPIC")
	BONUS:SAVE|BASE.Reflex|classlevel("APPLIEDAS=NONEPIC")
	BONUS:SAVE|BASE.Will|classlevel("APPLIEDAS=NONEPIC")
	STARTSKILLPTS:0	CSKILL:x

