
# Quartz Armor Gem
Padded Armor Emulation (Quartz)			SOURCEPAGE:p.55		PROFICIENCY:ARMOR|Padded		TYPE:Armor.Light.QuartzArmor.RellukRace		COST:5	WT:7		ACCHECK:0		ABILITY:Special Ability|AUTOMATIC|Armor Gem ~ Padded Armor Emulation (Quartz)									MAXDEX:8		SPELLFAILURE:5																			BONUS:COMBAT|AC|1|TYPE=Armor
Leather Armor Emulation (Quartz)			SOURCEPAGE:p.55		PROFICIENCY:ARMOR|Leather		TYPE:Armor.Light.QuartzArmor.RellukRace		COST:10	WT:10		ACCHECK:0		ABILITY:Special Ability|AUTOMATIC|Armor Gem ~ Leather Armor Emulation (Quartz)									MAXDEX:6		SPELLFAILURE:10																			BONUS:COMBAT|AC|2|TYPE=Armor
Studded Leather Armor Emulation (Quartz)		SOURCEPAGE:p.55		PROFICIENCY:ARMOR|Studded Leather	TYPE:Armor.Light.QuartzArmor.RellukRace		COST:25	WT:15		ACCHECK:-1		ABILITY:Special Ability|AUTOMATIC|Armor Gem ~ Studded Leather Armor Emulation (Quartz)								MAXDEX:5		SPELLFAILURE:15																			BONUS:COMBAT|AC|3|TYPE=Armor
Chainmail Shirt Emulation (Quartz)			SOURCEPAGE:p.55		PROFICIENCY:ARMOR|Chain Shirt		TYPE:Armor.Light.QuartzArmor.RellukRace		COST:75	WT:20		ACCHECK:-2		ABILITY:Special Ability|AUTOMATIC|Armor Gem ~ Chainmail Shirt Emulation (Quartz)									MAXDEX:4		SPELLFAILURE:20																			BONUS:COMBAT|AC|4|TYPE=Armor
Hide Armor Emulation (Quartz)				SOURCEPAGE:p.55		PROFICIENCY:ARMOR|Hide			TYPE:Armor.Medium.QuartzArmor.RellukRace		COST:10	WT:20		ACCHECK:-3		ABILITY:Special Ability|AUTOMATIC|Armor Gem ~ Hide Armor Emulation (Quartz)										MAXDEX:4		SPELLFAILURE:20																			BONUS:COMBAT|AC|4|TYPE=Armor
Scale Mail Emulation (Quartz)				SOURCEPAGE:p.55		PROFICIENCY:ARMOR|Scale Mail		TYPE:Armor.Medium.QuartzArmor.RellukRace		COST:50	WT:25		ACCHECK:-4		ABILITY:Special Ability|AUTOMATIC|Armor Gem ~ Scale Mail Emulation (Quartz)										MAXDEX:3		SPELLFAILURE:25																			BONUS:COMBAT|AC|5|TYPE=Armor
Chainmail Emulation (Quartz)				SOURCEPAGE:p.55		PROFICIENCY:ARMOR|Chainmail		TYPE:Armor.Medium.QuartzArmor.RellukRace		COST:100	WT:30		ACCHECK:-5		ABILITY:Special Ability|AUTOMATIC|Armor Gem ~ Chainmail Emulation (Quartz)										MAXDEX:2		SPELLFAILURE:30																			BONUS:COMBAT|AC|6|TYPE=Armor
Breastplate Emulation (Quartz)			SOURCEPAGE:p.55		PROFICIENCY:ARMOR|Breastplate		TYPE:Armor.Medium.QuartzArmor.RellukRace		COST:200	WT:25		ACCHECK:-4		ABILITY:Special Ability|AUTOMATIC|Armor Gem ~ Breastplate Emulation (Quartz)									MAXDEX:3		SPELLFAILURE:25																			BONUS:COMBAT|AC|6|TYPE=Armor
Splint Mail Emulation (Quartz)			SOURCEPAGE:p.55		PROFICIENCY:ARMOR|Splint Mail		TYPE:Armor.Heavy.QuartzArmor.RellukRace		COST:250	WT:35		ACCHECK:-7		ABILITY:Special Ability|AUTOMATIC|Armor Gem ~ Splint Mail Emulation (Quartz)									MAXDEX:0		SPELLFAILURE:40																			BONUS:COMBAT|AC|7|TYPE=Armor
Banded Mail Emulation (Quartz)			SOURCEPAGE:p.55		PROFICIENCY:ARMOR|Banded Mail		TYPE:Armor.Heavy.QuartzArmor.RellukRace		COST:300	WT:30		ACCHECK:-6		ABILITY:Special Ability|AUTOMATIC|Armor Gem ~ Banded Mail Emulation (Quartz)									MAXDEX:1		SPELLFAILURE:35																			BONUS:COMBAT|AC|7|TYPE=Armor
Half-Plate Emulation (Quartz)				SOURCEPAGE:p.55		PROFICIENCY:ARMOR|Half-Plate		TYPE:Armor.Heavy.QuartzArmor.RellukRace		COST:750	WT:40		ACCHECK:-7		ABILITY:Special Ability|AUTOMATIC|Armor Gem ~ Half-Plate Emulation (Quartz)										MAXDEX:0		SPELLFAILURE:40																			BONUS:COMBAT|AC|8|TYPE=Armor
Full Plate Emulation (Quartz)				SOURCEPAGE:p.55		PROFICIENCY:ARMOR|Full Plate		TYPE:Armor.Heavy.QuartzArmor.RellukRace		COST:2000	WT:40		ACCHECK:-6		ABILITY:Special Ability|AUTOMATIC|Armor Gem ~ Full Plate Emulation (Quartz)										MAXDEX:1		SPELLFAILURE:35																			BONUS:COMBAT|AC|9|TYPE=Armor

# Gemstone Armor Gem
Padded Armor Emulation (Gemstone)			SOURCEPAGE:p.55		PROFICIENCY:ARMOR|Padded		TYPE:Armor.Light.GemStoneArmor.RellukRace		COST:25	WT:7		ACCHECK:0		ABILITY:Special Ability|AUTOMATIC|Armor Gem ~ Padded Armor Emulation (Gemstone)									MAXDEX:8		SPELLFAILURE:5																			BONUS:COMBAT|AC|1|TYPE=Armor
Leather Armor Emulation (Gemstone)			SOURCEPAGE:p.55		PROFICIENCY:ARMOR|Leather		TYPE:Armor.Light.GemStoneArmor.RellukRace		COST:50	WT:10		ACCHECK:0		ABILITY:Special Ability|AUTOMATIC|Armor Gem ~ Leather Armor Emulation (Gemstone)									MAXDEX:6		SPELLFAILURE:10																			BONUS:COMBAT|AC|2|TYPE=Armor
Studded Leather Armor Emulation (Gemstone)	SOURCEPAGE:p.55		PROFICIENCY:ARMOR|Studded Leather	TYPE:Armor.Light.GemStoneArmor.RellukRace		COST:125	WT:15		ACCHECK:-1		ABILITY:Special Ability|AUTOMATIC|Armor Gem ~ Studded Leather Armor Emulation (Gemstone)							MAXDEX:5		SPELLFAILURE:15																			BONUS:COMBAT|AC|3|TYPE=Armor
Chainmail Shirt Emulation (Gemstone)		SOURCEPAGE:p.55		PROFICIENCY:ARMOR|Chain Shirt		TYPE:Armor.Light.GemStoneArmor.RellukRace		COST:375	WT:20		ACCHECK:-2		ABILITY:Special Ability|AUTOMATIC|Armor Gem ~ Chainmail Shirt Emulation (Gemstone)								MAXDEX:4		SPELLFAILURE:20																			BONUS:COMBAT|AC|4|TYPE=Armor
Hide Armor Emulation (Gemstone)			SOURCEPAGE:p.55		PROFICIENCY:ARMOR|Hide			TYPE:Armor.Medium.GemStoneArmor.RellukRace	COST:50	WT:20		ACCHECK:-3		ABILITY:Special Ability|AUTOMATIC|Armor Gem ~ Hide Armor Emulation (Gemstone)									MAXDEX:4		SPELLFAILURE:20																			BONUS:COMBAT|AC|4|TYPE=Armor
Scale Mail Emulation (Gemstone)			SOURCEPAGE:p.55		PROFICIENCY:ARMOR|Scale Mail		TYPE:Armor.Medium.GemStoneArmor.RellukRace	COST:250	WT:25		ACCHECK:-4		ABILITY:Special Ability|AUTOMATIC|Armor Gem ~ Scale Mail Emulation (Gemstone)									MAXDEX:3		SPELLFAILURE:25																			BONUS:COMBAT|AC|5|TYPE=Armor
Chainmail Emulation (Gemstone)			SOURCEPAGE:p.55		PROFICIENCY:ARMOR|Chainmail		TYPE:Armor.Medium.GemStoneArmor.RellukRace	COST:500	WT:30		ACCHECK:-5		ABILITY:Special Ability|AUTOMATIC|Armor Gem ~ Chainmail Emulation (Gemstone)									MAXDEX:2		SPELLFAILURE:30																			BONUS:COMBAT|AC|6|TYPE=Armor
Breastplate Emulation (Gemstone)			SOURCEPAGE:p.55		PROFICIENCY:ARMOR|Breastplate		TYPE:Armor.Medium.GemStoneArmor.RellukRace	COST:1000	WT:25		ACCHECK:-4		ABILITY:Special Ability|AUTOMATIC|Armor Gem ~ Breastplate Emulation (Gemstone)									MAXDEX:3		SPELLFAILURE:25																			BONUS:COMBAT|AC|6|TYPE=Armor
Splint Mail Emulation (Gemstone)			SOURCEPAGE:p.55		PROFICIENCY:ARMOR|Splint Mail		TYPE:Armor.Heavy.GemStoneArmor.RellukRace		COST:1250	WT:35		ACCHECK:-7		ABILITY:Special Ability|AUTOMATIC|Armor Gem ~ Splint Mail Emulation (Gemstone)									MAXDEX:0		SPELLFAILURE:40																			BONUS:COMBAT|AC|7|TYPE=Armor
Banded Mail Emulation (Gemstone)			SOURCEPAGE:p.55		PROFICIENCY:ARMOR|Banded Mail		TYPE:Armor.Heavy.GemStoneArmor.RellukRace		COST:1500	WT:30		ACCHECK:-6		ABILITY:Special Ability|AUTOMATIC|Armor Gem ~ Banded Mail Emulation (Gemstone)									MAXDEX:1		SPELLFAILURE:35																			BONUS:COMBAT|AC|7|TYPE=Armor
Half-Plate Emulation (Gemstone)			SOURCEPAGE:p.55		PROFICIENCY:ARMOR|Half-Plate		TYPE:Armor.Heavy.GemStoneArmor.RellukRace		COST:3750	WT:40		ACCHECK:-7		ABILITY:Special Ability|AUTOMATIC|Armor Gem ~ Half-Plate Emulation (Gemstone)									MAXDEX:0		SPELLFAILURE:40																			BONUS:COMBAT|AC|8|TYPE=Armor
Full Plate Emulation (Gemstone)			SOURCEPAGE:p.55		PROFICIENCY:ARMOR|Full Plate		TYPE:Armor.Heavy.GemStoneArmor.RellukRace		COST:10000	WT:40		ACCHECK:-6		ABILITY:Special Ability|AUTOMATIC|Armor Gem ~ Full Plate Emulation (Gemstone)									MAXDEX:1		SPELLFAILURE:35																			BONUS:COMBAT|AC|9|TYPE=Armor
