# CVS $Revision: 15510 $ $Author: amaitland $ -- Sun Jun 19 04:35:41 2011 -- reformated by prettylst.pl v1.39 (build )
SOURCELONG:Psionics Unleashed	SOURCESHORT:PsU	SOURCEWEB:http://dreamscarredpress.com/dragonfly/Store/product/pid=69.html	SOURCEDATE:2010-12
#Original Entry: Douglas Limmer
#SRD Original Entry: Unknown

# TODO:
#   Change source line

STARTPACK:Astral Construct (1st Level) Default	TYPE:DefaultMonster.Construct	VISIBLE:QUALIFY	EQUIPBUY:0	PREMULT:1,[!PRERACE:1,%],[PRERACE:1,Astral Construct (1st Level)]	SOURCEPAGE:p.444
RACE:Astral Construct (1st Level)	!PRERACE:1,%
NAME:Astral Construct (1st Level)
ALIGN:TN
GENDER:Neuter
STAT:STR=11|DEX=11|WIS=11|CON=10|INT=10|CHA=10

STARTPACK:Astral Construct (2nd Level) Default	TYPE:DefaultMonster.Construct	VISIBLE:QUALIFY	EQUIPBUY:0	PREMULT:1,[!PRERACE:1,%],[PRERACE:1,Astral Construct (2nd Level)]	SOURCEPAGE:p.445
RACE:Astral Construct (2nd Level)	!PRERACE:1,%
NAME:Astral Construct (2nd Level)
ALIGN:TN
GENDER:Neuter
STAT:STR=11|DEX=11|WIS=11|CON=10|INT=10|CHA=10

STARTPACK:Astral Construct (3rd Level) Default	TYPE:DefaultMonster.Construct	VISIBLE:QUALIFY	EQUIPBUY:0	PREMULT:1,[!PRERACE:1,%],[PRERACE:1,Astral Construct (3rd Level)]	SOURCEPAGE:p.445
RACE:Astral Construct (3rd Level)	!PRERACE:1,%
NAME:Astral Construct (3rd Level)
ALIGN:TN
GENDER:Neuter
STAT:STR=11|DEX=11|WIS=11|CON=10|INT=10|CHA=10

STARTPACK:Astral Construct (4th Level) Default	TYPE:DefaultMonster.Construct	VISIBLE:QUALIFY	EQUIPBUY:0	PREMULT:1,[!PRERACE:1,%],[PRERACE:1,Astral Construct (4th Level)]	SOURCEPAGE:p.445
RACE:Astral Construct (4th Level)	!PRERACE:1,%
NAME:Astral Construct (4th Level)
ALIGN:TN
GENDER:Neuter
STAT:STR=11|DEX=11|WIS=11|CON=10|INT=10|CHA=10

STARTPACK:Astral Construct (5th Level) Default	TYPE:DefaultMonster.Construct	VISIBLE:QUALIFY	EQUIPBUY:0	PREMULT:1,[!PRERACE:1,%],[PRERACE:1,Astral Construct (5th Level)]	SOURCEPAGE:p.446
RACE:Astral Construct (5th Level)	!PRERACE:1,%
NAME:Astral Construct (5th Level)
ALIGN:TN
GENDER:Neuter
STAT:STR=11|DEX=11|WIS=11|CON=10|INT=10|CHA=10

STARTPACK:Astral Construct (6th Level) Default	TYPE:DefaultMonster.Construct	VISIBLE:QUALIFY	EQUIPBUY:0	PREMULT:1,[!PRERACE:1,%],[PRERACE:1,Astral Construct (6th Level)]	SOURCEPAGE:p.446
RACE:Astral Construct (6th Level)	!PRERACE:1,%
NAME:Astral Construct (6th Level)
ALIGN:TN
GENDER:Neuter
STAT:STR=11|DEX=11|WIS=11|CON=10|INT=10|CHA=10

STARTPACK:Astral Construct (7th Level) Default	TYPE:DefaultMonster.Construct	VISIBLE:QUALIFY	EQUIPBUY:0	PREMULT:1,[!PRERACE:1,%],[PRERACE:1,Astral Construct (7th Level)]	SOURCEPAGE:p.446
RACE:Astral Construct (7th Level)	!PRERACE:1,%
NAME:Astral Construct (7th Level)
ALIGN:TN
GENDER:Neuter
STAT:STR=11|DEX=11|WIS=11|CON=10|INT=10|CHA=10

STARTPACK:Astral Construct (8th Level) Default	TYPE:DefaultMonster.Construct	VISIBLE:QUALIFY	EQUIPBUY:0	PREMULT:1,[!PRERACE:1,%],[PRERACE:1,Astral Construct (8th Level)]	SOURCEPAGE:p.447
RACE:Astral Construct (8th Level)	!PRERACE:1,%
NAME:Astral Construct (8th Level)
ALIGN:TN
GENDER:Neuter
STAT:STR=11|DEX=11|WIS=11|CON=10|INT=10|CHA=10

STARTPACK:Astral Construct (9th Level) Default	TYPE:DefaultMonster.Construct	VISIBLE:QUALIFY	EQUIPBUY:0	PREMULT:1,[!PRERACE:1,%],[PRERACE:1,Astral Construct (9th Level)]	SOURCEPAGE:p.447
RACE:Astral Construct (9th Level)	!PRERACE:1,%
NAME:Astral Construct (9th Level)
ALIGN:TN
GENDER:Neuter
STAT:STR=11|DEX=11|WIS=11|CON=10|INT=10|CHA=10

###Block: Astral Swarm
STARTPACK:Astral Swarm Default	TYPE:DefaultMonster.AstralSwarm	VISIBLE:QUALIFY	EQUIPBUY:0	PREMULT:1,[!PRERACE:1,%],[PRERACE:1,Astral Swarm]	SOURCEPAGE:p.447
RACE:Astral Swarm	!PRERACE:1,%
NAME:Astral Swarm
ALIGN:TN
STAT:STR=10|DEX=10|CON=10|INT=10|WIS=11|CHA=10

###Block: Astral Warrior
STARTPACK:Astral Warrior	TYPE:Companion	VISIBLE:QUALIFY	EQUIPBUY:0	PREMULT:1,[!PRERACE:1,%],[PRERACE:1,Astral Warrior]	SOURCEPAGE:p.263
RACE:Astral Warrior	!PRERACE:1,%
STAT:STR=10|DEX=10|CON=11|INT=11|WIS=10|CHA=11
GEAR:Astral Warrior Weapon (Bludgeoning)
GEAR:Astral Warrior Weapon (Piercing)
GEAR:Astral Warrior Weapon (Slashing)


#
# End
#

