SOURCELONG:Ultimate Psionics	SOURCESHORT:UP	SOURCEWEB:http://dreamscarredpress.com/dragonfly/Store/product/pid=126.html	SOURCEDATE:2013-12
# ORIGINAL ENTRY: Douglas Limmer

###Block: New skills
# Skill Name		Key Stat	Untrained?		Classes	Type					Visible		Req. Rule (in options)		Prohibited Var. Value									Source Page		Bonus to skill																		Bonus to skill rank
Autohypnosis		KEYSTAT:WIS	USEUNTRAINED:NO			TYPE:Wisdom																								SOURCEPAGE:p.82	BONUS:SKILL|Autohypnosis|3|TYPE=ClassSkill|PRECSKILL:1,Autohypnosis|PRESKILL:1,Autohypnosis=1
Knowledge (Psionics)	KEYSTAT:INT	USEUNTRAINED:NO			TYPE:Intelligence.Knowledge																					SOURCEPAGE:p.83	BONUS:SKILL|Knowledge (Psionics)|3|TYPE=ClassSkill|PRECSKILL:1,Knowledge (Psionics)|PRESKILL:1,Knowledge (Psionics)=1
Perform (Thoughtsong)	KEYSTAT:CHA	USEUNTRAINED:NO			TYPE:Charisma.Perform.Base					SOURCEPAGE:p.297		BONUS:SKILL|Perform (Thoughtsong)|3|TYPE=ClassSkill|PRECSKILL:1,Perform (Thoughtsong)|PRESKILL:1,Perform (Thoughtsong)=1

###Block: Conditional Skills
Acrobatics (On ship)	KEYSTAT:DEX	USEUNTRAINED:YES	CLASSES:ALL	TYPE:SkillUse			VISIBLE:EXPORT	PRERULE:1,DISPLAYSKILLUSE	PREVARNEQ:var("SKILL.Acrobatics (On ship).MISC"),SKILL.Acrobatics.MISC
Acrobatics.MOD																																					BONUS:SKILL|Acrobatics (On ship)|SKILL.Acrobatics.MISC											BONUS:SKILLRANK|Acrobatics (On ship)|skillinfo("TOTALRANK", "Acrobatics")|TYPE=SkillGranted|PREVARNEQ:var("SKILL.Acrobatics (On ship).MISC"),SKILL.Acrobatics.MISC

Acrobatics (on the ground)		KEYSTAT:DEX	USEUNTRAINED:YES	CLASSES:ALL	TYPE:SkillUse	VISIBLE:EXPORT	PRERULE:1,DISPLAYSKILLUSE	PREVARNEQ:var("SKILL.Acrobatics (on the ground).MISC"),var("SKILL.Acrobatics.MISC")			SOURCEPAGE:p.42
Acrobatics.MOD																																									BONUS:SKILL|Acrobatics (on the ground)|var("SKILL.Acrobatics.MISC")			BONUS:SKILLRANK|Acrobatics (on the ground)|skillinfo("TOTALRANK", "Acrobatics")|TYPE=SkillGranted|PREVARNEQ:var("SKILL.Acrobatics (on the ground).MISC"),var("SKILL.Acrobatics.MISC")

Climb (On ship)		KEYSTAT:STR	USEUNTRAINED:NO	CLASSES:ALL	TYPE:SkillUse			VISIBLE:EXPORT	PRERULE:1,DISPLAYSKILLUSE	PREVARNEQ:var("SKILL.Climb (On ship).MISC"),SKILL.Climb.MISC
Climb.MOD																																						BONUS:SKILL|Climb (On ship)|SKILL.Climb.MISC													BONUS:SKILLRANK|Climb (On ship)|skillinfo("TOTALRANK", "Climb")|TYPE=SkillGranted|PREVARNEQ:var("SKILL.Climb (On ship).MISC"),SKILL.Climb.MISC

Diplomacy (Dromites)			KEYSTAT:DEX	USEUNTRAINED:YES	CLASSES:ALL	TYPE:SkillUse	VISIBLE:EXPORT	PRERULE:1,DISPLAYSKILLUSE	PREVARNEQ:var("SKILL.Diplomacy (Dromites).MISC"),var("SKILL.Diplomacy.MISC")				SOURCEPAGE:p.42
Diplomacy.MOD																																									BONUS:SKILL|Diplomacy (Dromites)|var("SKILL.Diplomacy.MISC")				BONUS:SKILLRANK|Diplomacy (Dromites)|skillinfo("TOTALRANK", "Diplomacy")|TYPE=SkillGranted|PREVARNEQ:var("SKILL.Diplomacy (Dromites).MISC"),var("SKILL.Diplomacy.MISC")

Disable Device (Traps)			KEYSTAT:DEX	USEUNTRAINED:YES	CLASSES:ALL	TYPE:SkillUse	VISIBLE:EXPORT	PRERULE:1,DISPLAYSKILLUSE	PREVARNEQ:var("SKILL.Disable Device (Traps).MISC"),var("SKILL.Disable Device.MISC")			SOURCEPAGE:p.42
Disable Device.MOD																																								BONUS:SKILL|Disable Device (Traps)|var("SKILL.Disable Device.MISC")			BONUS:SKILLRANK|Disable Device (Traps)|skillinfo("TOTALRANK", "Disable Device")|TYPE=SkillGranted|PREVARNEQ:var("SKILL.Disable Device (Traps).MISC"),var("SKILL.Disable Device.MISC")

Intimidate (Demoralize)			KEYSTAT:CHA	USEUNTRAINED:YES	CLASSES:ALL	TYPE:SkillUse	VISIBLE:EXPORT	PRERULE:1,DISPLAYSKILLUSE	PREVARNEQ:var("SKILL.Intimidate (Demoralize).MISC"),var("SKILL.Intimidate.MISC")			SOURCEPAGE:p.14
Intimidate.MOD																																									BONUS:SKILL|Intimidate (Demoralize)|var("SKILL.Intimidate.MISC")				BONUS:SKILLRANK|Intimidate (Demoralize)|skillinfo("TOTALRANK", "Intimidate")|TYPE=SkillGranted|PREVARNEQ:var("SKILL.Intimidate (Demoralize).MISC"),var("SKILL.Intimidate.MISC")

Perception (Vision)	KEYSTAT:WIS	USEUNTRAINED:YES	CLASSES:ALL	TYPE:SkillUse			VISIBLE:EXPORT	PRERULE:1,DISPLAYSKILLUSE	PREVARNEQ:var("SKILL.Perception (Vision).MISC"),SKILL.Perception.MISC
Perception.MOD																																					BONUS:SKILL|Perception (Vision)|SKILL.Perception.MISC												BONUS:SKILLRANK|Perception (Vision)|skillinfo("TOTALRANK", "Perception")|TYPE=SkillGranted|PREVARNEQ:var("SKILL.Perception (Vision).MISC"),SKILL.Perception.MISC

Use Magic Device (activate item)	KEYSTAT:CHA	USEUNTRAINED:YES	CLASSES:ALL	TYPE:SkillUse	VISIBLE:EXPORT	PRERULE:1,DISPLAYSKILLUSE	PREVARNEQ:var("SKILL.Use Magic Device (activate item).MISC"),var("SKILL.Use Magic Device.MISC")	SOURCEPAGE:p.42
Use Magic Device.MOD																																								BONUS:SKILL|Use Magic Device (activate item)|var("SKILL.Use Magic Device.MISC")	BONUS:SKILLRANK|Use Magic Device (activate item)|skillinfo("TOTALRANK", "Use Magic Device")|TYPE=SkillGranted|PREVARNEQ:var("SKILL.Use Magic Device (activate item).MISC"),var("SKILL.Use Magic Device.MISC")


###Block: Skill for losing a skill point - not sure this works
# Skill Name	Untrained?		Exclusive?		Visible
Lost Skill Point	USEUNTRAINED:NO	EXCLUSIVE:YES	VISIBLE:DISPLAY|READONLY
