# CVS $Revision: $ $Author: $ -- Tue Jul 16 09:27:47 2013 -- reformated by prettylst.pl v1.50 (build 20400)
SOURCELONG:Psionics Expanded	SOURCESHORT:PsiEx	SOURCEWEB:http://dreamscarredpress.com/dragonfly/index.php	SOURCEDATE:2012-07
# ORIGINAL ENTRY: Douglas Limmer
# ORIGINAL ENTRY DATE: 2013/07/07

# TODO:
#  Change source line

###Block: Bonus Power handlers
#Block: Cryptic
# Ability Name			Category of Ability		Type						Stackable?	Multiple?	Choose		Bonus to spell known/L
Cryptic Power Level 0		CATEGORY:Special Ability	TYPE:BonusSpellKnownCryptic		STACK:YES	MULT:YES	CHOOSE:NOCHOICE	BONUS:SPELLKNOWN|CLASS=Cryptic;LEVEL=0|1	PREVARGTEQ:CrypticMaxPowerLevel,0
Cryptic Power Level 1		CATEGORY:Special Ability	TYPE:BonusSpellKnownCryptic		STACK:YES	MULT:YES	CHOOSE:NOCHOICE	BONUS:SPELLKNOWN|CLASS=Cryptic;LEVEL=1|1	PREVARGTEQ:CrypticMaxPowerLevel,1
Cryptic Power Level 2		CATEGORY:Special Ability	TYPE:BonusSpellKnownCryptic		STACK:YES	MULT:YES	CHOOSE:NOCHOICE	BONUS:SPELLKNOWN|CLASS=Cryptic;LEVEL=2|1	PREVARGTEQ:CrypticMaxPowerLevel,2
Cryptic Power Level 3		CATEGORY:Special Ability	TYPE:BonusSpellKnownCryptic		STACK:YES	MULT:YES	CHOOSE:NOCHOICE	BONUS:SPELLKNOWN|CLASS=Cryptic;LEVEL=3|1	PREVARGTEQ:CrypticMaxPowerLevel,3
Cryptic Power Level 4		CATEGORY:Special Ability	TYPE:BonusSpellKnownCryptic		STACK:YES	MULT:YES	CHOOSE:NOCHOICE	BONUS:SPELLKNOWN|CLASS=Cryptic;LEVEL=4|1	PREVARGTEQ:CrypticMaxPowerLevel,4
Cryptic Power Level 5		CATEGORY:Special Ability	TYPE:BonusSpellKnownCryptic		STACK:YES	MULT:YES	CHOOSE:NOCHOICE	BONUS:SPELLKNOWN|CLASS=Cryptic;LEVEL=5|1	PREVARGTEQ:CrypticMaxPowerLevel,5
Cryptic Power Level 6		CATEGORY:Special Ability	TYPE:BonusSpellKnownCryptic		STACK:YES	MULT:YES	CHOOSE:NOCHOICE	BONUS:SPELLKNOWN|CLASS=Cryptic;LEVEL=6|1	PREVARGTEQ:CrypticMaxPowerLevel,6

#Block: Dread
Dread Power Level 0		CATEGORY:Special Ability	TYPE:BonusSpellKnownDread		STACK:YES	MULT:YES	CHOOSE:NOCHOICE	BONUS:SPELLKNOWN|CLASS=Dread;LEVEL=0|1	PREVARGTEQ:DreadMaxPowerLevel,0
Dread Power Level 1		CATEGORY:Special Ability	TYPE:BonusSpellKnownDread		STACK:YES	MULT:YES	CHOOSE:NOCHOICE	BONUS:SPELLKNOWN|CLASS=Dread;LEVEL=1|1	PREVARGTEQ:DreadMaxPowerLevel,1
Dread Power Level 2		CATEGORY:Special Ability	TYPE:BonusSpellKnownDread		STACK:YES	MULT:YES	CHOOSE:NOCHOICE	BONUS:SPELLKNOWN|CLASS=Dread;LEVEL=2|1	PREVARGTEQ:DreadMaxPowerLevel,2
Dread Power Level 3		CATEGORY:Special Ability	TYPE:BonusSpellKnownDread		STACK:YES	MULT:YES	CHOOSE:NOCHOICE	BONUS:SPELLKNOWN|CLASS=Dread;LEVEL=3|1	PREVARGTEQ:DreadMaxPowerLevel,3
Dread Power Level 4		CATEGORY:Special Ability	TYPE:BonusSpellKnownDread		STACK:YES	MULT:YES	CHOOSE:NOCHOICE	BONUS:SPELLKNOWN|CLASS=Dread;LEVEL=4|1	PREVARGTEQ:DreadMaxPowerLevel,4
Dread Power Level 5		CATEGORY:Special Ability	TYPE:BonusSpellKnownDread		STACK:YES	MULT:YES	CHOOSE:NOCHOICE	BONUS:SPELLKNOWN|CLASS=Dread;LEVEL=5|1	PREVARGTEQ:DreadMaxPowerLevel,5
Dread Power Level 6		CATEGORY:Special Ability	TYPE:BonusSpellKnownDread		STACK:YES	MULT:YES	CHOOSE:NOCHOICE	BONUS:SPELLKNOWN|CLASS=Dread;LEVEL=6|1	PREVARGTEQ:DreadMaxPowerLevel,6

#Block: Psion
Psion Power Level 0		CATEGORY:Special Ability	TYPE:BonusSpellKnownPsion		STACK:YES	MULT:YES	CHOOSE:NOCHOICE	BONUS:SPELLKNOWN|CLASS=Psion;LEVEL=0|1	PREVARGTEQ:PsionMaxPowerLevel,0
Psion Power Level 1		CATEGORY:Special Ability	TYPE:BonusSpellKnownPsion		STACK:YES	MULT:YES	CHOOSE:NOCHOICE	BONUS:SPELLKNOWN|CLASS=Psion;LEVEL=1|1	PREVARGTEQ:PsionMaxPowerLevel,1
Psion Power Level 2		CATEGORY:Special Ability	TYPE:BonusSpellKnownPsion		STACK:YES	MULT:YES	CHOOSE:NOCHOICE	BONUS:SPELLKNOWN|CLASS=Psion;LEVEL=2|1	PREVARGTEQ:PsionMaxPowerLevel,2
Psion Power Level 3		CATEGORY:Special Ability	TYPE:BonusSpellKnownPsion		STACK:YES	MULT:YES	CHOOSE:NOCHOICE	BONUS:SPELLKNOWN|CLASS=Psion;LEVEL=3|1	PREVARGTEQ:PsionMaxPowerLevel,3
Psion Power Level 4		CATEGORY:Special Ability	TYPE:BonusSpellKnownPsion		STACK:YES	MULT:YES	CHOOSE:NOCHOICE	BONUS:SPELLKNOWN|CLASS=Psion;LEVEL=4|1	PREVARGTEQ:PsionMaxPowerLevel,4
Psion Power Level 5		CATEGORY:Special Ability	TYPE:BonusSpellKnownPsion		STACK:YES	MULT:YES	CHOOSE:NOCHOICE	BONUS:SPELLKNOWN|CLASS=Psion;LEVEL=5|1	PREVARGTEQ:PsionMaxPowerLevel,5
Psion Power Level 6		CATEGORY:Special Ability	TYPE:BonusSpellKnownPsion		STACK:YES	MULT:YES	CHOOSE:NOCHOICE	BONUS:SPELLKNOWN|CLASS=Psion;LEVEL=6|1	PREVARGTEQ:PsionMaxPowerLevel,6
Psion Power Level 7		CATEGORY:Special Ability	TYPE:BonusSpellKnownPsion		STACK:YES	MULT:YES	CHOOSE:NOCHOICE	BONUS:SPELLKNOWN|CLASS=Psion;LEVEL=7|1	PREVARGTEQ:PsionMaxPowerLevel,7
Psion Power Level 8		CATEGORY:Special Ability	TYPE:BonusSpellKnownPsion		STACK:YES	MULT:YES	CHOOSE:NOCHOICE	BONUS:SPELLKNOWN|CLASS=Psion;LEVEL=8|1	PREVARGTEQ:PsionMaxPowerLevel,8
Psion Power Level 9		CATEGORY:Special Ability	TYPE:BonusSpellKnownPsion		STACK:YES	MULT:YES	CHOOSE:NOCHOICE	BONUS:SPELLKNOWN|CLASS=Psion;LEVEL=9|1	PREVARGTEQ:PsionMaxPowerLevel,9

#Block: Psychic Warrior
Psychic Warrior Power Level 0	CATEGORY:Special Ability	TYPE:BonusSpellKnownPsychicWarrior	STACK:YES	MULT:YES	CHOOSE:NOCHOICE	BONUS:SPELLKNOWN|CLASS=Psychic Warrior;LEVEL=0|1	PREVARGTEQ:PsychicWarriorMaxPowerLevel,0
Psychic Warrior Power Level 1	CATEGORY:Special Ability	TYPE:BonusSpellKnownPsychicWarrior	STACK:YES	MULT:YES	CHOOSE:NOCHOICE	BONUS:SPELLKNOWN|CLASS=Psychic Warrior;LEVEL=1|1	PREVARGTEQ:PsychicWarriorMaxPowerLevel,1
Psychic Warrior Power Level 2	CATEGORY:Special Ability	TYPE:BonusSpellKnownPsychicWarrior	STACK:YES	MULT:YES	CHOOSE:NOCHOICE	BONUS:SPELLKNOWN|CLASS=Psychic Warrior;LEVEL=2|1	PREVARGTEQ:PsychicWarriorMaxPowerLevel,2
Psychic Warrior Power Level 3	CATEGORY:Special Ability	TYPE:BonusSpellKnownPsychicWarrior	STACK:YES	MULT:YES	CHOOSE:NOCHOICE	BONUS:SPELLKNOWN|CLASS=Psychic Warrior;LEVEL=3|1	PREVARGTEQ:PsychicWarriorMaxPowerLevel,3
Psychic Warrior Power Level 4	CATEGORY:Special Ability	TYPE:BonusSpellKnownPsychicWarrior	STACK:YES	MULT:YES	CHOOSE:NOCHOICE	BONUS:SPELLKNOWN|CLASS=Psychic Warrior;LEVEL=4|1	PREVARGTEQ:PsychicWarriorMaxPowerLevel,4
Psychic Warrior Power Level 5	CATEGORY:Special Ability	TYPE:BonusSpellKnownPsychicWarrior	STACK:YES	MULT:YES	CHOOSE:NOCHOICE	BONUS:SPELLKNOWN|CLASS=Psychic Warrior;LEVEL=5|1	PREVARGTEQ:PsychicWarriorMaxPowerLevel,5
Psychic Warrior Power Level 6	CATEGORY:Special Ability	TYPE:BonusSpellKnownPsychicWarrior	STACK:YES	MULT:YES	CHOOSE:NOCHOICE	BONUS:SPELLKNOWN|CLASS=Psychic Warrior;LEVEL=6|1	PREVARGTEQ:PsychicWarriorMaxPowerLevel,6

#Block: Marksman
Marksman Power Level 0		CATEGORY:Special Ability	TYPE:BonusSpellKnownMarksman		STACK:YES	MULT:YES	CHOOSE:NOCHOICE	BONUS:SPELLKNOWN|CLASS=Marksman;LEVEL=0|1	PREVARGTEQ:MarksmanMaxPowerLevel,0
Marksman Power Level 1		CATEGORY:Special Ability	TYPE:BonusSpellKnownMarksman		STACK:YES	MULT:YES	CHOOSE:NOCHOICE	BONUS:SPELLKNOWN|CLASS=Marksman;LEVEL=1|1	PREVARGTEQ:MarksmanMaxPowerLevel,1
Marksman Power Level 2		CATEGORY:Special Ability	TYPE:BonusSpellKnownMarksman		STACK:YES	MULT:YES	CHOOSE:NOCHOICE	BONUS:SPELLKNOWN|CLASS=Marksman;LEVEL=2|1	PREVARGTEQ:MarksmanMaxPowerLevel,2
Marksman Power Level 3		CATEGORY:Special Ability	TYPE:BonusSpellKnownMarksman		STACK:YES	MULT:YES	CHOOSE:NOCHOICE	BONUS:SPELLKNOWN|CLASS=Marksman;LEVEL=3|1	PREVARGTEQ:MarksmanMaxPowerLevel,3
Marksman Power Level 4		CATEGORY:Special Ability	TYPE:BonusSpellKnownMarksman		STACK:YES	MULT:YES	CHOOSE:NOCHOICE	BONUS:SPELLKNOWN|CLASS=Marksman;LEVEL=4|1	PREVARGTEQ:MarksmanMaxPowerLevel,4

#Block: Tactician
Tactician Power Level 0		CATEGORY:Special Ability	TYPE:BonusSpellKnownTactician		STACK:YES	MULT:YES	CHOOSE:NOCHOICE	BONUS:SPELLKNOWN|CLASS=Tactician;LEVEL=0|1	PREVARGTEQ:TacticianMaxPowerLevel,0
Tactician Power Level 1		CATEGORY:Special Ability	TYPE:BonusSpellKnownTactician		STACK:YES	MULT:YES	CHOOSE:NOCHOICE	BONUS:SPELLKNOWN|CLASS=Tactician;LEVEL=1|1	PREVARGTEQ:TacticianMaxPowerLevel,1
Tactician Power Level 2		CATEGORY:Special Ability	TYPE:BonusSpellKnownTactician		STACK:YES	MULT:YES	CHOOSE:NOCHOICE	BONUS:SPELLKNOWN|CLASS=Tactician;LEVEL=2|1	PREVARGTEQ:TacticianMaxPowerLevel,2
Tactician Power Level 3		CATEGORY:Special Ability	TYPE:BonusSpellKnownTactician		STACK:YES	MULT:YES	CHOOSE:NOCHOICE	BONUS:SPELLKNOWN|CLASS=Tactician;LEVEL=3|1	PREVARGTEQ:TacticianMaxPowerLevel,3
Tactician Power Level 4		CATEGORY:Special Ability	TYPE:BonusSpellKnownTactician		STACK:YES	MULT:YES	CHOOSE:NOCHOICE	BONUS:SPELLKNOWN|CLASS=Tactician;LEVEL=4|1	PREVARGTEQ:TacticianMaxPowerLevel,4
Tactician Power Level 5		CATEGORY:Special Ability	TYPE:BonusSpellKnownTactician		STACK:YES	MULT:YES	CHOOSE:NOCHOICE	BONUS:SPELLKNOWN|CLASS=Tactician;LEVEL=5|1	PREVARGTEQ:TacticianMaxPowerLevel,5
Tactician Power Level 6		CATEGORY:Special Ability	TYPE:BonusSpellKnownTactician		STACK:YES	MULT:YES	CHOOSE:NOCHOICE	BONUS:SPELLKNOWN|CLASS=Tactician;LEVEL=6|1	PREVARGTEQ:TacticianMaxPowerLevel,6
Tactician Power Level 7		CATEGORY:Special Ability	TYPE:BonusSpellKnownTactician		STACK:YES	MULT:YES	CHOOSE:NOCHOICE	BONUS:SPELLKNOWN|CLASS=Tactician;LEVEL=7|1	PREVARGTEQ:TacticianMaxPowerLevel,7
Tactician Power Level 8		CATEGORY:Special Ability	TYPE:BonusSpellKnownTactician		STACK:YES	MULT:YES	CHOOSE:NOCHOICE	BONUS:SPELLKNOWN|CLASS=Tactician;LEVEL=8|1	PREVARGTEQ:TacticianMaxPowerLevel,8
Tactician Power Level 9		CATEGORY:Special Ability	TYPE:BonusSpellKnownTactician		STACK:YES	MULT:YES	CHOOSE:NOCHOICE	BONUS:SPELLKNOWN|CLASS=Tactician;LEVEL=9|1	PREVARGTEQ:TacticianMaxPowerLevel,9

#Block: Vitalist
Vitalist Power Level 0		CATEGORY:Special Ability	TYPE:BonusSpellKnownVitalist		STACK:YES	MULT:YES	CHOOSE:NOCHOICE	BONUS:SPELLKNOWN|CLASS=Vitalist;LEVEL=0|1	PREVARGTEQ:VitalistMaxPowerLevel,0
Vitalist Power Level 1		CATEGORY:Special Ability	TYPE:BonusSpellKnownVitalist		STACK:YES	MULT:YES	CHOOSE:NOCHOICE	BONUS:SPELLKNOWN|CLASS=Vitalist;LEVEL=1|1	PREVARGTEQ:VitalistMaxPowerLevel,1
Vitalist Power Level 2		CATEGORY:Special Ability	TYPE:BonusSpellKnownVitalist		STACK:YES	MULT:YES	CHOOSE:NOCHOICE	BONUS:SPELLKNOWN|CLASS=Vitalist;LEVEL=2|1	PREVARGTEQ:VitalistMaxPowerLevel,2
Vitalist Power Level 3		CATEGORY:Special Ability	TYPE:BonusSpellKnownVitalist		STACK:YES	MULT:YES	CHOOSE:NOCHOICE	BONUS:SPELLKNOWN|CLASS=Vitalist;LEVEL=3|1	PREVARGTEQ:VitalistMaxPowerLevel,3
Vitalist Power Level 4		CATEGORY:Special Ability	TYPE:BonusSpellKnownVitalist		STACK:YES	MULT:YES	CHOOSE:NOCHOICE	BONUS:SPELLKNOWN|CLASS=Vitalist;LEVEL=4|1	PREVARGTEQ:VitalistMaxPowerLevel,4
Vitalist Power Level 5		CATEGORY:Special Ability	TYPE:BonusSpellKnownVitalist		STACK:YES	MULT:YES	CHOOSE:NOCHOICE	BONUS:SPELLKNOWN|CLASS=Vitalist;LEVEL=5|1	PREVARGTEQ:VitalistMaxPowerLevel,5
Vitalist Power Level 6		CATEGORY:Special Ability	TYPE:BonusSpellKnownVitalist		STACK:YES	MULT:YES	CHOOSE:NOCHOICE	BONUS:SPELLKNOWN|CLASS=Vitalist;LEVEL=6|1	PREVARGTEQ:VitalistMaxPowerLevel,6
Vitalist Power Level 7		CATEGORY:Special Ability	TYPE:BonusSpellKnownVitalist		STACK:YES	MULT:YES	CHOOSE:NOCHOICE	BONUS:SPELLKNOWN|CLASS=Vitalist;LEVEL=7|1	PREVARGTEQ:VitalistMaxPowerLevel,7
Vitalist Power Level 8		CATEGORY:Special Ability	TYPE:BonusSpellKnownVitalist		STACK:YES	MULT:YES	CHOOSE:NOCHOICE	BONUS:SPELLKNOWN|CLASS=Vitalist;LEVEL=8|1	PREVARGTEQ:VitalistMaxPowerLevel,8
Vitalist Power Level 9		CATEGORY:Special Ability	TYPE:BonusSpellKnownVitalist		STACK:YES	MULT:YES	CHOOSE:NOCHOICE	BONUS:SPELLKNOWN|CLASS=Vitalist;LEVEL=9|1	PREVARGTEQ:VitalistMaxPowerLevel,9

#Block: Wilder
Wilder Power Level 0		CATEGORY:Special Ability	TYPE:BonusSpellKnownWilder		STACK:YES	MULT:YES	CHOOSE:NOCHOICE	BONUS:SPELLKNOWN|CLASS=Wilder;LEVEL=0|1	PREVARGTEQ:WilderMaxPowerLevel,0
Wilder Power Level 1		CATEGORY:Special Ability	TYPE:BonusSpellKnownWilder		STACK:YES	MULT:YES	CHOOSE:NOCHOICE	BONUS:SPELLKNOWN|CLASS=Wilder;LEVEL=1|1	PREVARGTEQ:WilderMaxPowerLevel,1
Wilder Power Level 2		CATEGORY:Special Ability	TYPE:BonusSpellKnownWilder		STACK:YES	MULT:YES	CHOOSE:NOCHOICE	BONUS:SPELLKNOWN|CLASS=Wilder;LEVEL=2|1	PREVARGTEQ:WilderMaxPowerLevel,2
Wilder Power Level 3		CATEGORY:Special Ability	TYPE:BonusSpellKnownWilder		STACK:YES	MULT:YES	CHOOSE:NOCHOICE	BONUS:SPELLKNOWN|CLASS=Wilder;LEVEL=3|1	PREVARGTEQ:WilderMaxPowerLevel,3
Wilder Power Level 4		CATEGORY:Special Ability	TYPE:BonusSpellKnownWilder		STACK:YES	MULT:YES	CHOOSE:NOCHOICE	BONUS:SPELLKNOWN|CLASS=Wilder;LEVEL=4|1	PREVARGTEQ:WilderMaxPowerLevel,4
Wilder Power Level 5		CATEGORY:Special Ability	TYPE:BonusSpellKnownWilder		STACK:YES	MULT:YES	CHOOSE:NOCHOICE	BONUS:SPELLKNOWN|CLASS=Wilder;LEVEL=5|1	PREVARGTEQ:WilderMaxPowerLevel,5
Wilder Power Level 6		CATEGORY:Special Ability	TYPE:BonusSpellKnownWilder		STACK:YES	MULT:YES	CHOOSE:NOCHOICE	BONUS:SPELLKNOWN|CLASS=Wilder;LEVEL=6|1	PREVARGTEQ:WilderMaxPowerLevel,6
Wilder Power Level 7		CATEGORY:Special Ability	TYPE:BonusSpellKnownWilder		STACK:YES	MULT:YES	CHOOSE:NOCHOICE	BONUS:SPELLKNOWN|CLASS=Wilder;LEVEL=7|1	PREVARGTEQ:WilderMaxPowerLevel,7
Wilder Power Level 8		CATEGORY:Special Ability	TYPE:BonusSpellKnownWilder		STACK:YES	MULT:YES	CHOOSE:NOCHOICE	BONUS:SPELLKNOWN|CLASS=Wilder;LEVEL=8|1	PREVARGTEQ:WilderMaxPowerLevel,8
Wilder Power Level 9		CATEGORY:Special Ability	TYPE:BonusSpellKnownWilder		STACK:YES	MULT:YES	CHOOSE:NOCHOICE	BONUS:SPELLKNOWN|CLASS=Wilder;LEVEL=9|1	PREVARGTEQ:WilderMaxPowerLevel,9

#Block: Gifted Blade
Gifted Blade Power Level 0	CATEGORY:Special Ability	TYPE:BonusSpellKnownGiftedBlade	STACK:YES	MULT:YES	CHOOSE:NOCHOICE	BONUS:SPELLKNOWN|CLASS=Gifted Blade;LEVEL=0|1	PREVARGTEQ:GiftedBladeMaxPowerLevel,0
Gifted Blade Power Level 1	CATEGORY:Special Ability	TYPE:BonusSpellKnownGiftedBlade	STACK:YES	MULT:YES	CHOOSE:NOCHOICE	BONUS:SPELLKNOWN|CLASS=Gifted Blade;LEVEL=1|1	PREVARGTEQ:GiftedBladeMaxPowerLevel,1
Gifted Blade Power Level 2	CATEGORY:Special Ability	TYPE:BonusSpellKnownGiftedBlade	STACK:YES	MULT:YES	CHOOSE:NOCHOICE	BONUS:SPELLKNOWN|CLASS=Gifted Blade;LEVEL=2|1	PREVARGTEQ:GiftedBladeMaxPowerLevel,2
Gifted Blade Power Level 3	CATEGORY:Special Ability	TYPE:BonusSpellKnownGiftedBlade	STACK:YES	MULT:YES	CHOOSE:NOCHOICE	BONUS:SPELLKNOWN|CLASS=Gifted Blade;LEVEL=3|1	PREVARGTEQ:GiftedBladeMaxPowerLevel,3
Gifted Blade Power Level 4	CATEGORY:Special Ability	TYPE:BonusSpellKnownGiftedBlade	STACK:YES	MULT:YES	CHOOSE:NOCHOICE	BONUS:SPELLKNOWN|CLASS=Gifted Blade;LEVEL=4|1	PREVARGTEQ:GiftedBladeMaxPowerLevel,4

#Block: Psychic Fist
Psychic Fist Power Level 1	CATEGORY:Special Ability	TYPE:BonusSpellKnownPsychicFist	STACK:YES	MULT:YES	CHOOSE:NOCHOICE	BONUS:SPELLKNOWN|CLASS=Psychic Fist;LEVEL=1|1	PREVARGTEQ:PsychicFistMaxPowerLevel,1
Psychic Fist Power Level 2	CATEGORY:Special Ability	TYPE:BonusSpellKnownPsychicFist	STACK:YES	MULT:YES	CHOOSE:NOCHOICE	BONUS:SPELLKNOWN|CLASS=Psychic Fist;LEVEL=2|1	PREVARGTEQ:PsychicFistMaxPowerLevel,2
Psychic Fist Power Level 3	CATEGORY:Special Ability	TYPE:BonusSpellKnownPsychicFist	STACK:YES	MULT:YES	CHOOSE:NOCHOICE	BONUS:SPELLKNOWN|CLASS=Psychic Fist;LEVEL=3|1	PREVARGTEQ:PsychicFistMaxPowerLevel,3
Psychic Fist Power Level 4	CATEGORY:Special Ability	TYPE:BonusSpellKnownPsychicFist	STACK:YES	MULT:YES	CHOOSE:NOCHOICE	BONUS:SPELLKNOWN|CLASS=Psychic Fist;LEVEL=4|1	PREVARGTEQ:PsychicFistMaxPowerLevel,4
Psychic Fist Power Level 5	CATEGORY:Special Ability	TYPE:BonusSpellKnownPsychicFist	STACK:YES	MULT:YES	CHOOSE:NOCHOICE	BONUS:SPELLKNOWN|CLASS=Psychic Fist;LEVEL=5|1	PREVARGTEQ:PsychicFistMaxPowerLevel,5

#Block: Sighted Seeker
Sighted Seeker Power Level 1	CATEGORY:Special Ability	TYPE:BonusSpellKnownSightedSeeker	STACK:YES	MULT:YES	CHOOSE:NOCHOICE	BONUS:SPELLKNOWN|CLASS=Sighted Seeker;LEVEL=1|1	PREVARGTEQ:SightedSeekerMaxPowerLevel,1
Sighted Seeker Power Level 2	CATEGORY:Special Ability	TYPE:BonusSpellKnownSightedSeeker	STACK:YES	MULT:YES	CHOOSE:NOCHOICE	BONUS:SPELLKNOWN|CLASS=Sighted Seeker;LEVEL=2|1	PREVARGTEQ:SightedSeekerMaxPowerLevel,2
Sighted Seeker Power Level 3	CATEGORY:Special Ability	TYPE:BonusSpellKnownSightedSeeker	STACK:YES	MULT:YES	CHOOSE:NOCHOICE	BONUS:SPELLKNOWN|CLASS=Sighted Seeker;LEVEL=3|1	PREVARGTEQ:SightedSeekerMaxPowerLevel,3
Sighted Seeker Power Level 4	CATEGORY:Special Ability	TYPE:BonusSpellKnownSightedSeeker	STACK:YES	MULT:YES	CHOOSE:NOCHOICE	BONUS:SPELLKNOWN|CLASS=Sighted Seeker;LEVEL=4|1	PREVARGTEQ:SightedSeekerMaxPowerLevel,4

#Block: War Mind
War Mind Power Level 1	CATEGORY:Special Ability	TYPE:BonusSpellKnownWarMind	STACK:YES	MULT:YES	CHOOSE:NOCHOICE	BONUS:SPELLKNOWN|CLASS=War Mind;LEVEL=1|1	PREVARGTEQ:WarMindMaxPowerLevel,1
War Mind Power Level 2	CATEGORY:Special Ability	TYPE:BonusSpellKnownWarMind	STACK:YES	MULT:YES	CHOOSE:NOCHOICE	BONUS:SPELLKNOWN|CLASS=War Mind;LEVEL=2|1	PREVARGTEQ:WarMindMaxPowerLevel,2
War Mind Power Level 3	CATEGORY:Special Ability	TYPE:BonusSpellKnownWarMind	STACK:YES	MULT:YES	CHOOSE:NOCHOICE	BONUS:SPELLKNOWN|CLASS=War Mind;LEVEL=3|1	PREVARGTEQ:WarMindMaxPowerLevel,3
War Mind Power Level 4	CATEGORY:Special Ability	TYPE:BonusSpellKnownWarMind	STACK:YES	MULT:YES	CHOOSE:NOCHOICE	BONUS:SPELLKNOWN|CLASS=War Mind;LEVEL=4|1	PREVARGTEQ:WarMindMaxPowerLevel,4
War Mind Power Level 5	CATEGORY:Special Ability	TYPE:BonusSpellKnownWarMind	STACK:YES	MULT:YES	CHOOSE:NOCHOICE	BONUS:SPELLKNOWN|CLASS=War Mind;LEVEL=5|1	PREVARGTEQ:WarMindMaxPowerLevel,5

###Block: "Gain a bonus power" abilities
# Ability Name			Unique Key						Category of Ability	Type			Var. Min. Value			Stackable?	Multiple?	Choose		Bonus to Ability Pool
Bonus Cryptic Power		KEY:Bonus Cryptic Power ~ Generic		CATEGORY:Internal		TYPE:BonusPower	PREVARGTEQ:CrypticML,1		STACK:YES	MULT:YES	CHOOSE:NOCHOICE	BONUS:ABILITYPOOL|Bonus Cryptic Power|1
Bonus Dread Power			KEY:Bonus Dread Power ~ Generic		CATEGORY:Internal		TYPE:BonusPower	PREVARGTEQ:DreadML,1		STACK:YES	MULT:YES	CHOOSE:NOCHOICE	BONUS:ABILITYPOOL|Bonus Dread Power|1
Bonus Marksman Power		KEY:Bonus Marksman Power ~ Generic		CATEGORY:Internal		TYPE:BonusPower	PREVARGTEQ:MarksmanML,1		STACK:YES	MULT:YES	CHOOSE:NOCHOICE	BONUS:ABILITYPOOL|Bonus Marksman Power|1
Bonus Psion Power			KEY:Bonus Psion Power ~ Generic		CATEGORY:Internal		TYPE:BonusPower	PREVARGTEQ:PsionML,1		STACK:YES	MULT:YES	CHOOSE:NOCHOICE	BONUS:ABILITYPOOL|Bonus Psion Power|1
Bonus Psychic Warrior Power	KEY:Bonus Psychic Warrior Power ~ Generic	CATEGORY:Internal		TYPE:BonusPower	PREVARGTEQ:PsychicWarriorML,1	STACK:YES	MULT:YES	CHOOSE:NOCHOICE	BONUS:ABILITYPOOL|Bonus Psychic Warrior Power|1
Bonus Tactician Power		KEY:Bonus Tactician Power ~ Generic		CATEGORY:Internal		TYPE:BonusPower	PREVARGTEQ:TacticianML,1	STACK:YES	MULT:YES	CHOOSE:NOCHOICE	BONUS:ABILITYPOOL|Bonus Tactician Power|1
Bonus Vitalist Power		KEY:Bonus Vitalist Power ~ Generic		CATEGORY:Internal		TYPE:BonusPower	PREVARGTEQ:VitalistML,1		STACK:YES	MULT:YES	CHOOSE:NOCHOICE	BONUS:ABILITYPOOL|Bonus Vitalist Power|1
Bonus Wilder Power		KEY:Bonus Wilder Power ~ Generic		CATEGORY:Internal		TYPE:BonusPower	PREVARGTEQ:WilderML,1		STACK:YES	MULT:YES	CHOOSE:NOCHOICE	BONUS:ABILITYPOOL|Bonus Wilder Power|1
Bonus Gifted Blade Power	KEY:Bonus Gifted Blade Power ~ Generic	CATEGORY:Internal		TYPE:BonusPower	PREVARGTEQ:GiftedBladeML,1	STACK:YES	MULT:YES	CHOOSE:NOCHOICE	BONUS:ABILITYPOOL|Bonus Gifted Blade Power|1
Bonus Psychic Fist Power	KEY:Bonus Psychic Fist Power ~ Generic	CATEGORY:Internal		TYPE:BonusPower	PREVARGTEQ:PsychicFistML,1	STACK:YES	MULT:YES	CHOOSE:NOCHOICE	BONUS:ABILITYPOOL|Bonus Psychic Fist Power|1
Bonus Sighted Seeker Power	KEY:Bonus Sighted Seeker Power ~ Generic	CATEGORY:Internal		TYPE:BonusPower	PREVARGTEQ:SightedSeekerML,1	STACK:YES	MULT:YES	CHOOSE:NOCHOICE	BONUS:ABILITYPOOL|Bonus Sighted Seeker Power|1
Bonus War Mind Power		KEY:Bonus War Mind Power ~ Generic		CATEGORY:Internal		TYPE:BonusPower	PREVARGTEQ:WarMindML,1		STACK:YES	MULT:YES	CHOOSE:NOCHOICE	BONUS:ABILITYPOOL|Bonus War Mind Power|1

#
# End
#
