# CVS $Revision: $ $Author: $ -- Tue Jul 16 09:27:47 2013 -- reformated by prettylst.pl v1.50 (build 20400)
SOURCELONG:Psionics Expanded	SOURCESHORT:PsiEx	SOURCEWEB:http://dreamscarredpress.com/dragonfly/index.php	SOURCEDATE:2012-07
# ORIGINAL ENTRY: Douglas Limmer
# ORIGINAL ENTRY DATE: 2013/07/05

# TODO: 
#   Change source line

###Block: Basic Traits: Psionic Traits
# Ability Name			Unique Key						Category of Ability		Type						Restricted Ability							Multiple Requirements																						Description																	Stackable?	Multiple?	Choose										Automatically Added to Inventory	Automatically Gained Weapon Prof.	Caster level				Combat bonus								Bonus to skill								Class Skill			Source Page
Clairsentient Talent		KEY:Trait ~ Clairsentient Talent		CATEGORY:Special Ability	TYPE:Trait.BasicTrait.PsionicTrait											PREMULT:1,[PREABILITY:1,CATEGORY=Special Ability,Trait ~ Clairsentient Talent],[!PREABILITY:1,CATEGORY=Special Ability,TYPE.PsionicTrait]			DESC:When focused, you can use detect psionics in your space.																																																																	SOURCEPAGE:p.298
Mental Discipline			KEY:Trait ~ Mental Discipline			CATEGORY:Special Ability	TYPE:Trait.BasicTrait.PsionicTrait											PREMULT:1,[PREABILITY:1,CATEGORY=Special Ability,Trait ~ Mental Discipline],[!PREABILITY:1,CATEGORY=Special Ability,TYPE.PsionicTrait]			DESC:You have had some basic training in mental control.																																																				BONUS:SKILL|Autohypnosis|1|TYPE=Trait				CSKILL:Autohypnosis	SOURCEPAGE:p.298
Metacreative Talent		KEY:Trait ~ Metacreative Talent		CATEGORY:Special Ability	TYPE:Trait.BasicTrait.PsionicTrait											PREMULT:1,[PREABILITY:1,CATEGORY=Special Ability,Trait ~ Metacreative Talent],[!PREABILITY:1,CATEGORY=Special Ability,TYPE.PsionicTrait]			DESC:When focused, you can create weaponized crystal shards.																							AUTO:EQUIP|Crystal Shard		AUTO:WEAPONPROF|Crystal Shard																																SOURCEPAGE:p.299
Perceptive Talent			KEY:Trait ~ Perceptive Talent			CATEGORY:Special Ability	TYPE:Trait.BasicTrait.PsionicTrait											PREMULT:1,[PREABILITY:1,CATEGORY=Special Ability,Trait ~ Perceptive Talent],[!PREABILITY:1,CATEGORY=Special Ability,TYPE.PsionicTrait]			DESC:Gain +1 initiative and Sense Motive when focused.																																										BONUS:COMBAT|INITIATIVE|1*PsionicFocusActive|TYPE=Trait	BONUS:SKILL|Sense Motive|1*PsionicFocusActive|TYPE=Trait					SOURCEPAGE:p.299
Psigifted				KEY:Trait ~ Psigifted				CATEGORY:Special Ability	TYPE:Trait.BasicTrait.PsionicTrait	!PREABILITY:1,CATEGORY=Special Ability,TYPE.PsionicTrait																										DESC:Increase manifester level in chosen power.											STACK:NO	MULT:YES	CHOOSE:NUMCHOICES=1|SPELLS|SPELLTYPE=Psionic[KNOWN=YES]														BONUS:CASTERLEVEL|SPELL.%LIST|1																									SOURCEPAGE:p.299
Psionic Item Familiarity	KEY:Trait ~ Psionic Item Familiarity	CATEGORY:Special Ability	TYPE:Trait.BasicTrait.PsionicTrait											PREMULT:1,[PREABILITY:1,CATEGORY=Special Ability,Trait ~ Psionic Item Familiarity],[!PREABILITY:1,CATEGORY=Special Ability,TYPE.PsionicTrait]		DESC:You are very familiar with psionic and magic items.  This does not stack with Dangerously Curious.																																												BONUS:SKILL|Use Magic Device|1|TYPE=Trait				CSKILL:Use Magic Device	SOURCEPAGE:p.299
# NEEDS CODE/DATA WORK: Not implemented (choose a manifesting class; +2 ML, up to HD)
Psionic Knack			KEY:Trait ~ Psionic Knack			CATEGORY:Special Ability	TYPE:Trait.BasicTrait.PsionicTrait											PREMULT:1,[PREABILITY:1,CATEGORY=Special Ability,Trait ~ Psionic Knack],[!PREABILITY:1,CATEGORY=Special Ability,TYPE.PsionicTrait]				DESC:Gain +2 to manifester level in chosen class, up to your current Hit Dice.																																																														SOURCEPAGE:p.299
Psionic Monster Familiarity	KEY:Trait ~ Psionic Monster Familiarity	CATEGORY:Special Ability	TYPE:Trait.BasicTrait.PsionicTrait											PREMULT:1,[PREABILITY:1,CATEGORY=Special Ability,Trait ~ Psionic Monster Familiarity],[!PREABILITY:1,CATEGORY=Special Ability,TYPE.PsionicTrait]	DESC:+2 bonus to Knowledge (Psionics) to identify creatures.																																																																	SOURCEPAGE:p.299
Psionic Power Focus		KEY:Trait ~ Psionic Power Focus		CATEGORY:Special Ability	TYPE:Trait.BasicTrait.PsionicTrait	!PREABILITY:1,CATEGORY=Special Ability,TYPE.PsionicTrait																										DESC:You can use a focused-only ability of the chosen first-level power even when not focused.			STACK:NO	MULT:YES	CHOOSE:SPELLS|SPELLTYPE=Psionic[KNOWN=YES;LEVELMAX=1;LEVELMIN=1]																																											SOURCEPAGE:p.299
Psionic Theory			KEY:Trait ~ Psionic Theory			CATEGORY:Special Ability	TYPE:Trait.BasicTrait.PsionicTrait											PREMULT:1,[PREABILITY:1,CATEGORY=Special Ability,Trait ~ Psionic Theory],[!PREABILITY:1,CATEGORY=Special Ability,TYPE.PsionicTrait]				DESC:+2 to Spellcraft checks when analyzing psionic powers or items.																																																																SOURCEPAGE:p.299
Psychokinetic Talent		KEY:Trait ~ Psychokinetic Talent		CATEGORY:Special Ability	TYPE:Trait.BasicTrait.PsionicTrait											PREMULT:1,[PREABILITY:1,CATEGORY=Special Ability,Trait ~ Psychokinetic Talent],[!PREABILITY:1,CATEGORY=Special Ability,TYPE.PsionicTrait]			DESC:Expend focus to manifest far hand.																																																																					SOURCEPAGE:p.299
Psychoportive Talent		KEY:Trait ~ Psychoportive Talent		CATEGORY:Special Ability	TYPE:Trait.BasicTrait.PsionicTrait											PREMULT:1,[PREABILITY:1,CATEGORY=Special Ability,Trait ~ Psychoportive Talent],[!PREABILITY:1,CATEGORY=Special Ability,TYPE.PsionicTrait]			DESC:Expend focus to take a five-foot step.																																																																				SOURCEPAGE:p.299
Telepathic Talent			KEY:Trait ~ Telepathic Talent			CATEGORY:Special Ability	TYPE:Trait.BasicTrait.PsionicTrait											PREMULT:1,[PREABILITY:1,CATEGORY=Special Ability,Trait ~ Telepathic Talent],[!PREABILITY:1,CATEGORY=Special Ability,TYPE.PsionicTrait]			DESC:Expend focus to gain +2 on saves vs. mind-affecting powers and psi-like abilities.																																																													SOURCEPAGE:p.299

###Block: Dream Traits
# Ability Name	Unique Key				Category of Ability		Type				Multiple Requirements																			Description																Source Page
Dream Seared	KEY:Trait ~ Dream Seared	CATEGORY:Special Ability	TYPE:Trait.DreamTrait	PREMULT:1,[PREABILITY:1,CATEGORY=Special Ability,Trait ~ Dream Seared],[!PREABILITY:1,CATEGORY=Special Ability,TYPE.DreamTrait]	DESC:+1 on saves vs. effects against sleeping mind.									SOURCEPAGE:p.299
Dreamless Sleep	KEY:Trait ~ Dreamless Sleep	CATEGORY:Special Ability	TYPE:Trait.DreamTrait	PREMULT:1,[PREABILITY:1,CATEGORY=Special Ability,Trait ~ Dreamless Sleep],[!PREABILITY:1,CATEGORY=Special Ability,TYPE.DreamTrait]	DESC:+1 on saves vs. dream-related effects; -1 to the DC of dream-related effects you use.		SOURCEPAGE:p.299
Lucid Dreaming	KEY:Trait ~ Lucid Dreaming	CATEGORY:Special Ability	TYPE:Trait.DreamTrait	PREMULT:1,[PREABILITY:1,CATEGORY=Special Ability,Trait ~ Lucid Dreaming],[!PREABILITY:1,CATEGORY=Special Ability,TYPE.DreamTrait]	DESC:You can recall dreams and things you have ddone while sleeping; you can use powers in dreams.	SOURCEPAGE:p.299

###Block: Adopted Traits Mod
# Ability Name						Bonus to Ability Pool
CATEGORY=Special Ability|Adopted ~ Trait.MOD	BONUS:ABILITYPOOL|Blue Race Trait|1|PREABILITY:1,CATEGORY=Special Ability,Adoptive Race ~ Blue	BONUS:ABILITYPOOL|Dromite Race Trait|1|PREABILITY:1,CATEGORY=Special Ability,Adoptive Race ~ Dromite	BONUS:ABILITYPOOL|DuergarDSP Race Trait|1|PREABILITY:1,CATEGORY=Special Ability,Adoptive Race ~ Duergar	BONUS:ABILITYPOOL|Elan Race Trait|1|PREABILITY:1,CATEGORY=Special Ability,Adoptive Race ~ Elan	BONUS:ABILITYPOOL|Half-Giant Race Trait|1|PREABILITY:1,CATEGORY=Special Ability,Half-Giant ~ Adoptive Race	BONUS:ABILITYPOOL|Maenad Race Trait|1|PREABILITY:1,CATEGORY=Special Ability,Adoptive Race ~ Maenad	BONUS:ABILITYPOOL|Ophiduan Race Trait|1|PREABILITY:1,CATEGORY=Special Ability,Adoptive Race ~ Ophiduan	BONUS:ABILITYPOOL|Xeph Race Trait|1|PREABILITY:1,CATEGORY=Special Ability,Adoptive Race ~ Xeph	BONUS:ABILITYPOOL|Forgeborn Race Trait|1|PREABILITY:1,CATEGORY=Special Ability,Adoptive Race ~ Forgeborn	BONUS:ABILITYPOOL|Noral Race Trait|1|PREABILITY:1,CATEGORY=Special Ability,Adoptive Race ~ Noral

###Block: Adopted Trait Race Selection
# Ability Name	Unique Key					Category of Ability		Type				Multiple Requirements																			Required Race			Description																							Source Page
Blue			KEY:Adoptive Race ~ Blue		CATEGORY:Special Ability	TYPE:AdoptiveRace
Dromite		KEY:Adoptive Race ~ Dromite		CATEGORY:Special Ability	TYPE:AdoptiveRace
Duergar		KEY:Adoptive Race ~ Duergar		CATEGORY:Special Ability	TYPE:AdoptiveRace
Elan			KEY:Adoptive Race ~ Elan		CATEGORY:Special Ability	TYPE:AdoptiveRace
Forgeborn		KEY:Adoptive Race ~ Forgeborn		CATEGORY:Special Ability	TYPE:AdoptiveRace
Half-Giant		KEY:Adoptive Race ~ Half-Giant	CATEGORY:Special Ability	TYPE:AdoptiveRace
Maenad		KEY:Adoptive Race ~ Maenad		CATEGORY:Special Ability	TYPE:AdoptiveRace
Noral			KEY:Adoptive Race ~ Noral		CATEGORY:Special Ability	TYPE:AdoptiveRace
Ophiduan		KEY:Adoptive Race ~ Ophiduan		CATEGORY:Special Ability	TYPE:AdoptiveRace
Xeph			KEY:Adoptive Race ~ Xeph		CATEGORY:Special Ability	TYPE:AdoptiveRace

###Block: Race Traits
#Block: Blue
# Ability Name		Unique Key					Category of Ability		Type						Restricted Ability						Multiple Requirements																																									Description																				Stackable?	Multiple?	Choose					Template															Bonus to skill				Class Skill			Source Page
Playing Dumb		KEY:Trait ~ Playing Dumb		CATEGORY:Special Ability	TYPE:Trait.RaceTrait.BlueTrait										PREMULT:1,[PREABILITY:1,CATEGORY=Special Ability,Trait ~ Playing Dumb],[!PREABILITY:1,CATEGORY=Special Ability,TYPE.RaceTrait]	PREMULT:1,[PRERACE:1,Blue,RACESUBTYPE=Blue],[PREABILITY:1,CATEGORY=Special Ability,Adoptive Race ~ Blue]					DESC:+2 on Bluff to appear less than you are.																																																		SOURCEPAGE:p.299
Psionic Lineage		KEY:Trait ~ Psionic Lineage		CATEGORY:Special Ability	TYPE:Trait.RaceTrait.BlueTrait	!PREABILITY:1,CATEGORY=Special Ability,TYPE.RaceTrait	PREMULT:1,[PRERACE:1,Blue,RACESUBTYPE=Blue],[PREABILITY:1,CATEGORY=Special Ability,Adoptive Race ~ Blue]																											DESC:Metapsionic feats applied to chosen power cost 1 pp less.											STACK:NO	MULT:YES	CHOOSE:SPELLS|SPELLTYPE=Psionic																											SOURCEPAGE:p.299

#Block: Dromite
Psychoenergetic Talent	KEY:Trait ~ Psychoenergetic Talent	CATEGORY:Special Ability	TYPE:Trait.RaceTrait.DromiteTrait										PREMULT:1,[PREABILITY:1,CATEGORY=Special Ability,Trait ~ Psychoenergetic Talent],[!PREABILITY:1,CATEGORY=Special Ability,TYPE.RaceTrait]	PREMULT:1,[PRERACE:1,Dromite,RACESUBTYPE=Dromite],[PREABILITY:1,CATEGORY=Special Ability,Adoptive Race ~ Dromite]			DESC:Fire weakened energy ray when focused.																																																		SOURCEPAGE:p.299
Sensitive Nose		KEY:Trait ~ Sensitive Nose		CATEGORY:Special Ability	TYPE:Trait.RaceTrait.DromiteTrait										PREMULT:1,[PREABILITY:1,CATEGORY=Special Ability,Trait ~ Sensitive Nose],[!PREABILITY:1,CATEGORY=Special Ability,TYPE.RaceTrait]	PREMULT:1,[PRERACE:1,Dromite,RACESUBTYPE=Dromite],[PREABILITY:1,CATEGORY=Special Ability,Adoptive Race ~ Dromite]				DESC:+1 on Perception and Survival checks related to smell; -1 onsaves involving smells.																																											SOURCEPAGE:p.299

#Block: Duergar
Psychic Buffer		KEY:Trait ~ Psychic Buffer		CATEGORY:Special Ability	TYPE:Trait.RaceTrait.DuergarTrait										PREMULT:1,[PREABILITY:1,CATEGORY=Special Ability,Trait ~ Psychic Buffer],[!PREABILITY:1,CATEGORY=Special Ability,TYPE.RaceTrait]	PREMULT:1,[PRERACE:1,Duergar,RACESUBTYPE=Duergar],[PREABILITY:1,CATEGORY=Special Ability,Adoptive Race ~ Duergar]				DESC:+1 to Will saves vs. Telepathy powers.																																																		SOURCEPAGE:p.300
Sense Dissonance		KEY:Trait ~ Sense Dissonance		CATEGORY:Special Ability	TYPE:Trait.RaceTrait.DuergarTrait										PREMULT:1,[PREABILITY:1,CATEGORY=Special Ability,Trait ~ Sense Dissonance],[!PREABILITY:1,CATEGORY=Special Ability,TYPE.RaceTrait]	PREMULT:1,[PRERACE:1,Duergar,RACESUBTYPE=Duergar],[PREABILITY:1,CATEGORY=Special Ability,Adoptive Race ~ Duergar]				DESC:+2 to Sense Motive to sense enchantment and to get a hunch.																																															SOURCEPAGE:p.300

#Block: Elan
Fight Through the Pain	KEY:Trait ~ Fight Through the Pain	CATEGORY:Special Ability	TYPE:Trait.RaceTrait.ElanTrait										PREMULT:1,[PREABILITY:1,CATEGORY=Special Ability,Trait ~ Fight Through the Pain],[!PREABILITY:1,CATEGORY=Special Ability,TYPE.RaceTrait]	PREMULT:1,[PRERACE:1,Elan,RACESUBTYPE=Elan],[PREABILITY:1,CATEGORY=Special Ability,Adoptive Race ~ Elan]				DESC:+2 to Autohypnosis to resist caltrop wounds, stabilize yourself, or resist poison.																																											SOURCEPAGE:p.300
Memories			KEY:Trait ~ Memories			CATEGORY:Special Ability	TYPE:Trait.RaceTrait.ElanTrait										PREMULT:1,[PREABILITY:1,CATEGORY=Special Ability,Trait ~ Memories],[!PREABILITY:1,CATEGORY=Special Ability,TYPE.RaceTrait]	PREMULT:1,[PRERACE:1,Elan,RACESUBTYPE=Elan],[PREABILITY:1,CATEGORY=Special Ability,Adoptive Race ~ Elan]						DESC:Your Charisma-based penalty does not apply against individuals you knew prior to becoming an elan.																																								SOURCEPAGE:p.300

#Block: Half-Giant
Impressive Physique	KEY:Trait ~ Impressive Physique	CATEGORY:Special Ability	TYPE:Trait.RaceTrait.HalfGiantTrait										PREMULT:1,[PREABILITY:1,CATEGORY=Special Ability,Trait ~ Impressive Physique],[!PREABILITY:1,CATEGORY=Special Ability,TYPE.RaceTrait]	PREMULT:1,[PRERACE:1,Half-Giant,RACESUBTYPE=Half-Giant],[PREABILITY:1,CATEGORY=Special Ability,Adoptive Race ~ Half-Giant]	DESC:+2 to Intimidate																																												BONUS:SKILL|Intimidate|2|TYPE=Trait					SOURCEPAGE:p.300
Hot-Foot			KEY:Trait ~ Hot-Foot			CATEGORY:Special Ability	TYPE:Trait.RaceTrait.HalfGiantTrait										PREMULT:1,[PREABILITY:1,CATEGORY=Special Ability,Trait ~ Hot-Foot],[!PREABILITY:1,CATEGORY=Special Ability,TYPE.RaceTrait]	PREMULT:1,[PRERACE:1,Half-Giant,RACESUBTYPE=Half-Giant],[PREABILITY:1,CATEGORY=Special Ability,Adoptive Race ~ Half-Giant]			DESC:Any creature you damage with a fire power takes 1 point of fire damage on their next turn.																																										SOURCEPAGE:p.300

#Block: Maenad
Inner Peace			KEY:Trait ~ Inner Peace			CATEGORY:Special Ability	TYPE:Trait.RaceTrait.MaenadTrait										PREMULT:1,[PREABILITY:1,CATEGORY=Special Ability,Trait ~ Inner Peace],[!PREABILITY:1,CATEGORY=Special Ability,TYPE.RaceTrait]	PREMULT:1,[PRERACE:1,Maenad,RACESUBTYPE=Maenad],[PREABILITY:1,CATEGORY=Special Ability,Adoptive Race ~ Maenad]					DESC:Knowledge (Religion) and Knowledge (Psionics) are class skills; gain +1 on them if they are already class skills.												TEMPLATE:CHOOSE:Inner Peace both|Inner Peace religion|Inner Peace psionics|Inner Peace neither											SOURCEPAGE:p.300
Surge Protection		KEY:Trait ~ Surge Protection		CATEGORY:Special Ability	TYPE:Trait.RaceTrait.MaenadTrait										PREMULT:1,[PREABILITY:1,CATEGORY=Special Ability,Trait ~ Surge Protection],[!PREABILITY:1,CATEGORY=Special Ability,TYPE.RaceTrait]	PREMULT:1,[PRERACE:1,Maenad,RACESUBTYPE=Maenad],[PREABILITY:1,CATEGORY=Special Ability,Adoptive Race ~ Maenad]				DESC:Take 1 less hp or pp damage from enervation (minimum 1).																																															SOURCEPAGE:p.300

#Block: Ophiduan
Beguiling Nature		KEY:Trait ~ Beguiling Nature		CATEGORY:Special Ability	TYPE:Trait.RaceTrait.OphiduanTrait										PREMULT:1,[PREABILITY:1,CATEGORY=Special Ability,Trait ~ Beguiling Nature],[!PREABILITY:1,CATEGORY=Special Ability,TYPE.RaceTrait]	PREMULT:1,[PRERACE:1,Ophiduan,RACESUBTYPE=Ophiduan],[PREABILITY:1,CATEGORY=Special Ability,Adoptive Race ~ Ophiduan]			DESC:+1 to all Charisma-based checks against creatures affected by one of your Telepathy powers.																																									SOURCEPAGE:p.300
Infiltrator			KEY:Trait ~ Infiltrator			CATEGORY:Special Ability	TYPE:Trait.RaceTrait.OphiduanTrait										PREMULT:1,[PREABILITY:1,CATEGORY=Special Ability,Trait ~ Infiltrator],[!PREABILITY:1,CATEGORY=Special Ability,TYPE.RaceTrait]	PREMULT:1,[PRERACE:1,Ophiduan,RACESUBTYPE=Ophiduan],[PREABILITY:1,CATEGORY=Special Ability,Adoptive Race ~ Ophiduan]				DESC:+1 on Bluff and Diplomacy against non-ophiduan humanoids; Sense Motive is a class skill.																																						CSKILL:Sense Motive	SOURCEPAGE:p.300

#Block: Xeph
Fancy Footwork		KEY:Trait ~ Fancy Footwork		CATEGORY:Special Ability	TYPE:Trait.RaceTrait.XephTrait										PREMULT:1,[PREABILITY:1,CATEGORY=Special Ability,Trait ~ Fancy Footwork],[!PREABILITY:1,CATEGORY=Special Ability,TYPE.RaceTrait]	PREMULT:1,[PRERACE:1,Xeph,RACESUBTYPE=Xeph],[PREABILITY:1,CATEGORY=Special Ability,Adoptive Race ~ Xeph]					DESC:+1 dodge bonus to AC when using burst.																																																		SOURCEPAGE:p.300
Resist Dampening		KEY:Trait ~ Resist Dampening		CATEGORY:Special Ability	TYPE:Trait.RaceTrait.XephTrait										PREMULT:1,[PREABILITY:1,CATEGORY=Special Ability,Trait ~ Resist Dampening],[!PREABILITY:1,CATEGORY=Special Ability,TYPE.RaceTrait]	PREMULT:1,[PRERACE:1,Xeph,RACESUBTYPE=Xeph],[PREABILITY:1,CATEGORY=Special Ability,Adoptive Race ~ Xeph]					DESC:+1 to manifester level checks to bypass power resistance; +2 to create mind blade while inside a null psionics field.																																					SOURCEPAGE:p.300

#
# End
#
