SOURCELONG:Ultimate Psionics	SOURCESHORT:UPsi	SOURCEWEB:http://dreamscarredpress.com/dragonfly/Store/product/pid=126.html	SOURCEDATE:2013-12
# Ultimate Psionics compilation by: Paul Shipley based on Psionics {Unleashed/Expanded} original entry by: Douglas Limmer

#########################
# COMMON RACE ABILITIES #
#########################

# Ability Name		Category of Ability		Type				Visible		Requirements								Stack		Mult		Choose		Bonus var				Feats
Naturally Psionic		CATEGORY:Special Ability	TYPE:SpecialQuality																										VFEAT:Wild Talent|!PRECLASS:1,TYPE.Psionic,1	VFEAT:Psionic Talent|PRECLASS:1,TYPE.Psionic,1
Psionic Aptitude		CATEGORY:Special Ability	TYPE:Internal
Bonus Power Point		CATEGORY:Special Ability	TYPE:FavoredClassBonus	VISIBLE:DISPLAY	PREABILITY:1,CATEGORY=Special Ability,Psionic Aptitude	STACK:YES	MULT:YES	CHOOSE:NOCHOICE	BONUS:VAR|BonusPowerPoints|1

#########################
# DEFAULT RACIAL TRAITS #
#########################

# Ability Name				Category of Ability
Blue Racial Trait Default		CATEGORY:Internal
Dromite Racial Trait Default		CATEGORY:Internal
DuergarDSP Racial Trait Default	CATEGORY:Internal
Elan Racial Trait Default		CATEGORY:Internal
Forgeborn Racial Trait Default	CATEGORY:Internal
Half-Giant Racial Trait Default	CATEGORY:Internal
Maenad Racial Trait Default		CATEGORY:Internal
Noral Racial Trait Default		CATEGORY:Internal

# Ability Name							Ability
CATEGORY=Internal|Blue Racial Trait Default.MOD		ABILITY:Blue Racial Trait|AUTOMATIC|Darkvision ~ Blue|!PREABILITY:1,CATEGORY=Special Ability,TYPE.BlueDarkvision
CATEGORY=Internal|Blue Racial Trait Default.MOD		ABILITY:Blue Racial Trait|AUTOMATIC|Naturally Psionic ~ Blue|!PREABILITY:1,CATEGORY=Special Ability,TYPE.BlueNaturallyPsionic
CATEGORY=Internal|Blue Racial Trait Default.MOD		ABILITY:Blue Racial Trait|AUTOMATIC|Psionic Aptitude ~ Blue|!PREABILITY:1,CATEGORY=Special Ability,TYPE.BluePsionicAptitude
CATEGORY=Internal|Blue Racial Trait Default.MOD		ABILITY:Blue Racial Trait|AUTOMATIC|Pariah ~ Blue|!PREABILITY:1,CATEGORY=Special Ability,TYPE.BluePariah
CATEGORY=Internal|Blue Racial Trait Default.MOD		ABILITY:Blue Racial Trait|AUTOMATIC|Repletion ~ Blue|!PREABILITY:1,CATEGORY=Special Ability,TYPE.BlueRepletion
CATEGORY=Internal|Blue Racial Trait Default.MOD		ABILITY:Blue Racial Trait|AUTOMATIC|Keen Senses ~ Blue|!PREABILITY:1,CATEGORY=Special Ability,TYPE.BlueKeenSenses
CATEGORY=Internal|Blue Racial Trait Default.MOD		ABILITY:Blue Racial Trait|AUTOMATIC|Stealthy ~ Blue|!PREABILITY:1,CATEGORY=Special Ability,TYPE.BlueStealthy
CATEGORY=Internal|Blue Racial Trait Default.MOD		ABILITY:Blue Racial Trait|AUTOMATIC|Weapon Familiarity ~ Blue|!PREABILITY:1,CATEGORY=Special Ability,TYPE.BlueWeaponFamiliarity

CATEGORY=Internal|Dromite Racial Trait Default.MOD	ABILITY:Dromite Racial Trait|AUTOMATIC|Chitin ~ Dromite|!PREABILITY:1,CATEGORY=Special Ability,TYPE.DromiteChitin
CATEGORY=Internal|Dromite Racial Trait Default.MOD	ABILITY:Dromite Racial Trait|AUTOMATIC|Naturally Psionic ~ Dromite|!PREABILITY:1,CATEGORY=Special Ability,TYPE.DromiteNaturallyPsionic
CATEGORY=Internal|Dromite Racial Trait Default.MOD	ABILITY:Dromite Racial Trait|AUTOMATIC|Dromite Psionics ~ Dromite|!PREABILITY:1,CATEGORY=Special Ability,TYPE.DromitePsionics
CATEGORY=Internal|Dromite Racial Trait Default.MOD	ABILITY:Dromite Racial Trait|AUTOMATIC|Scent ~ Dromite|!PREABILITY:1,CATEGORY=Special Ability,TYPE.DromiteScent
CATEGORY=Internal|Dromite Racial Trait Default.MOD	ABILITY:Dromite Racial Trait|AUTOMATIC|Compound Eyes ~ Dromite|!PREABILITY:1,CATEGORY=Special Ability,TYPE.DromiteCompoundEyes
CATEGORY=Internal|Dromite Racial Trait Default.MOD	ABILITY:Dromite Racial Trait|AUTOMATIC|Psionic Aptitude ~ Dromite|!PREABILITY:1,CATEGORY=Special Ability,TYPE.DromitePsionicAptitude

CATEGORY=Internal|DuergarDSP Racial Trait Default.MOD	ABILITY:DuergarDSP Racial Trait|AUTOMATIC|Steady ~ DuergarDSP|!PREABILITY:1,CATEGORY=Special Ability,TYPE.DuergarDSPSteady
CATEGORY=Internal|DuergarDSP Racial Trait Default.MOD	ABILITY:DuergarDSP Racial Trait|AUTOMATIC|Darkvision ~ DuergarDSP|!PREABILITY:1,CATEGORY=Special Ability,TYPE.DuergarDSPDarkvision
CATEGORY=Internal|DuergarDSP Racial Trait Default.MOD	ABILITY:DuergarDSP Racial Trait|AUTOMATIC|Hardy ~ DuergarDSP|!PREABILITY:1,CATEGORY=Special Ability,TYPE.DuergarDSPHardy
CATEGORY=Internal|DuergarDSP Racial Trait Default.MOD	ABILITY:DuergarDSP Racial Trait|AUTOMATIC|Stability ~ DuergarDSP|!PREABILITY:1,CATEGORY=Special Ability,TYPE.DuergarDSPStability
CATEGORY=Internal|DuergarDSP Racial Trait Default.MOD	ABILITY:DuergarDSP Racial Trait|AUTOMATIC|Dwarf Blood ~ DuergarDSP|!PREABILITY:1,CATEGORY=Special Ability,TYPE.DuergarDSPDwarfBlood
CATEGORY=Internal|DuergarDSP Racial Trait Default.MOD	ABILITY:DuergarDSP Racial Trait|AUTOMATIC|Light Sensitivity ~ DuergarDSP|!PREABILITY:1,CATEGORY=Special Ability,TYPE.DuergarDSPLightSensitivity
CATEGORY=Internal|DuergarDSP Racial Trait Default.MOD	ABILITY:DuergarDSP Racial Trait|AUTOMATIC|Duergar Psionics ~ DuergarDSP|!PREABILITY:1,CATEGORY=Special Ability,TYPE.DuergarDSPPsionics
CATEGORY=Internal|DuergarDSP Racial Trait Default.MOD	ABILITY:DuergarDSP Racial Trait|AUTOMATIC|Naturally Psionic ~ DuergarDSP|!PREABILITY:1,CATEGORY=Special Ability,TYPE.DuergarDSPNaturallyPsionic
CATEGORY=Internal|DuergarDSP Racial Trait Default.MOD	ABILITY:DuergarDSP Racial Trait|AUTOMATIC|Psionic Aptitude ~ DuergarDSP|!PREABILITY:1,CATEGORY=Special Ability,TYPE.DuergarDSPPsionicAptitude

CATEGORY=Internal|Elan Racial Trait Default.MOD		ABILITY:Elan Racial Trait|AUTOMATIC|Aberrant Nature ~ Elan|!PREABILITY:1,CATEGORY=Special Ability,TYPE.ElanAberrantNature
CATEGORY=Internal|Elan Racial Trait Default.MOD		ABILITY:Elan Racial Trait|AUTOMATIC|Naturally Psionic ~ Elan|!PREABILITY:1,CATEGORY=Special Ability,TYPE.ElanNaturallyPsionic
CATEGORY=Internal|Elan Racial Trait Default.MOD		ABILITY:Elan Racial Trait|AUTOMATIC|Resistance ~ Elan|!PREABILITY:1,CATEGORY=Special Ability,TYPE.ElanResistance
CATEGORY=Internal|Elan Racial Trait Default.MOD		ABILITY:Elan Racial Trait|AUTOMATIC|Resilience ~ Elan|!PREABILITY:1,CATEGORY=Special Ability,TYPE.ElanResilience
CATEGORY=Internal|Elan Racial Trait Default.MOD		ABILITY:Elan Racial Trait|AUTOMATIC|Repletion ~ Elan|!PREABILITY:1,CATEGORY=Special Ability,TYPE.ElanRepletion
CATEGORY=Internal|Elan Racial Trait Default.MOD		ABILITY:Elan Racial Trait|AUTOMATIC|Psionic Aptitude ~ Elan|!PREABILITY:1,CATEGORY=Special Ability,TYPE.ElanPsionicAptitude

CATEGORY=Internal|Forgeborn Racial Trait Default.MOD	ABILITY:Forgeborn Racial Trait|AUTOMATIC|Steady ~ Forgeborn|!PREABILITY:1,CATEGORY=Special Ability,TYPE.ForgebornSteady
CATEGORY=Internal|Forgeborn Racial Trait Default.MOD	ABILITY:Forgeborn Racial Trait|AUTOMATIC|Fearless ~ Forgeborn|!PREABILITY:1,CATEGORY=Special Ability,TYPE.ForgebornFearless
CATEGORY=Internal|Forgeborn Racial Trait Default.MOD	ABILITY:Forgeborn Racial Trait|AUTOMATIC|Natural Armor ~ Forgeborn|!PREABILITY:1,CATEGORY=Special Ability,TYPE.ForgebornNaturalArmor
CATEGORY=Internal|Forgeborn Racial Trait Default.MOD	ABILITY:Forgeborn Racial Trait|AUTOMATIC|Source Crystal ~ Forgeborn|!PREABILITY:1,CATEGORY=Special Ability,TYPE.ForgebornSourceCrystal
CATEGORY=Internal|Forgeborn Racial Trait Default.MOD	ABILITY:Forgeborn Racial Trait|AUTOMATIC|Naturally Psionic ~ Forgeborn|!PREABILITY:1,CATEGORY=Special Ability,TYPE.ForgebornNaturallyPsionic
CATEGORY=Internal|Forgeborn Racial Trait Default.MOD	ABILITY:Forgeborn Racial Trait|AUTOMATIC|Psionic Aptitude ~ Forgeborn|!PREABILITY:1,CATEGORY=Special Ability,TYPE.ForgebornPsionicAptitude

CATEGORY=Internal|Half-Giant Racial Trait Default.MOD	ABILITY:Half-Giant Racial Trait|AUTOMATIC|Giant Blood ~ Half-Giant|!PREABILITY:1,CATEGORY=Special Ability,TYPE.Half-GiantGiantBlood
CATEGORY=Internal|Half-Giant Racial Trait Default.MOD	ABILITY:Half-Giant Racial Trait|AUTOMATIC|Low-Light Vision ~ Half-Giant|!PREABILITY:1,CATEGORY=Special Ability,TYPE.Half-GiantLowLightVision
CATEGORY=Internal|Half-Giant Racial Trait Default.MOD	ABILITY:Half-Giant Racial Trait|AUTOMATIC|Fire Acclimated ~ Half-Giant|!PREABILITY:1,CATEGORY=Special Ability,TYPE.Half-GiantFireAcclimated
CATEGORY=Internal|Half-Giant Racial Trait Default.MOD	ABILITY:Half-Giant Racial Trait|AUTOMATIC|Powerful Build ~ Half-Giant|!PREABILITY:1,CATEGORY=Special Ability,TYPE.Half-GiantPowerfulBuild
CATEGORY=Internal|Half-Giant Racial Trait Default.MOD	ABILITY:Half-Giant Racial Trait|AUTOMATIC|Naturally Psionic ~ Half-Giant|!PREABILITY:1,CATEGORY=Special Ability,TYPE.Half-GiantNaturallyPsionic
CATEGORY=Internal|Half-Giant Racial Trait Default.MOD	ABILITY:Half-Giant Racial Trait|AUTOMATIC|Half-Giant Psionics ~ Half-Giant|!PREABILITY:1,CATEGORY=Special Ability,TYPE.Half-GiantPsionics
CATEGORY=Internal|Half-Giant Racial Trait Default.MOD	ABILITY:Half-Giant Racial Trait|AUTOMATIC|Psionic Aptitude ~ Half-Giant|!PREABILITY:1,CATEGORY=Special Ability,TYPE.Half-GiantPsionicAptitude
CATEGORY=Internal|Half-Giant Racial Trait Default.MOD	ABILITY:Half-Giant Racial Trait|AUTOMATIC|Survivor ~ Half-Giant|!PREABILITY:1,CATEGORY=Special Ability,TYPE.Half-GiantSurvivor

CATEGORY=Internal|Maenad Racial Trait Default.MOD	ABILITY:Maenad Racial Trait|AUTOMATIC|Naturally Psionic ~ Maenad|!PREABILITY:1,CATEGORY=Special Ability,TYPE.MaenadNaturallyPsionic
CATEGORY=Internal|Maenad Racial Trait Default.MOD	ABILITY:Maenad Racial Trait|AUTOMATIC|Maenad Psionics ~ Maenad|!PREABILITY:1,CATEGORY=Special Ability,TYPE.MaenadPsionics
CATEGORY=Internal|Maenad Racial Trait Default.MOD	ABILITY:Maenad Racial Trait|AUTOMATIC|Sonic Affinity ~ Maenad|!PREABILITY:1,CATEGORY=Special Ability,TYPE.MaenadSonicAffinity
CATEGORY=Internal|Maenad Racial Trait Default.MOD	ABILITY:Maenad Racial Trait|AUTOMATIC|Outburst ~ Maenad|!PREABILITY:1,CATEGORY=Special Ability,TYPE.MaenadOutburst
CATEGORY=Internal|Maenad Racial Trait Default.MOD	ABILITY:Maenad Racial Trait|AUTOMATIC|Inner Rage ~ Maenad|!PREABILITY:1,CATEGORY=Special Ability,TYPE.MaenadInnerRage
CATEGORY=Internal|Maenad Racial Trait Default.MOD	ABILITY:Maenad Racial Trait|AUTOMATIC|Ordered Rage ~ Maenad|!PREABILITY:1,CATEGORY=Special Ability,TYPE.MaenadOrderedRage
CATEGORY=Internal|Maenad Racial Trait Default.MOD	ABILITY:Maenad Racial Trait|AUTOMATIC|Natural Sailors ~ Maenad|!PREABILITY:1,CATEGORY=Special Ability,TYPE.MaenadNaturalSailors
CATEGORY=Internal|Maenad Racial Trait Default.MOD	ABILITY:Maenad Racial Trait|AUTOMATIC|Weapon Familiarity ~ Maenad|!PREABILITY:1,CATEGORY=Special Ability,TYPE.MaenadWeaponFamiliarity
CATEGORY=Internal|Maenad Racial Trait Default.MOD	ABILITY:Maenad Racial Trait|AUTOMATIC|Psionic Aptitude ~ Maenad|!PREABILITY:1,CATEGORY=Special Ability,TYPE.MaenadPsionicAptitude

CATEGORY=Internal|Noral Racial Trait Default.MOD	ABILITY:Noral Racial Trait|AUTOMATIC|Symbiotic Resistance ~ Noral|!PREABILITY:1,CATEGORY=Special Ability,TYPE.NoralSymbioticResistance
CATEGORY=Internal|Noral Racial Trait Default.MOD	ABILITY:Noral Racial Trait|AUTOMATIC|Symbiotic Surge ~ Noral|!PREABILITY:1,CATEGORY=Special Ability,TYPE.NoralSymbioticSurge
CATEGORY=Internal|Noral Racial Trait Default.MOD	ABILITY:Noral Racial Trait|AUTOMATIC|Noral Psionics ~ Noral|!PREABILITY:1,CATEGORY=Special Ability,TYPE.NoralPsionics
CATEGORY=Internal|Noral Racial Trait Default.MOD	ABILITY:Noral Racial Trait|AUTOMATIC|Gift of Tongues ~ Noral|!PREABILITY:1,CATEGORY=Special Ability,TYPE.NoralGiftOfTongues
CATEGORY=Internal|Noral Racial Trait Default.MOD	ABILITY:Noral Racial Trait|AUTOMATIC|Low-Light Vision ~ Noral|!PREABILITY:1,CATEGORY=Special Ability,TYPE.NoralLowLightVision
CATEGORY=Internal|Noral Racial Trait Default.MOD	ABILITY:Noral Racial Trait|AUTOMATIC|Naturally Psionic ~ Noral|!PREABILITY:1,CATEGORY=Special Ability,TYPE.NoralNaturallyPsionic
CATEGORY=Internal|Noral Racial Trait Default.MOD	ABILITY:Noral Racial Trait|AUTOMATIC|Psionic Aptitude ~ Noral|!PREABILITY:1,CATEGORY=Special Ability,TYPE.NoralPsionicAptitude

##################
# RACE ABILITIES #
##################

###Block: Blue Abilities
# Ability Name		Unique Key				Category of Ability		Type														Visible		Multiple Requirements																					Description																																										Ability								Bonus to skill					Class skill		Modify VAR											Change Weapon Prof. Category		Source Page		Aspects
Darkvision			KEY:Darkvision ~ Blue		CATEGORY:Special Ability	TYPE:RacialTraits.SpecialQuality.BlueRacialTrait.BlueRacialDefault.RacialVision	VISIBLE:DISPLAY	PREMULT:1,[PREABILITY:1,CATEGORY=Special Ability,Darkvision ~ Blue],[!PREABILITY:1,CATEGORY=Special Ability,TYPE.BlueDarkvision]			DESC:Blues can see in the dark up to 60 feet.																																				ABILITY:Special Ability|AUTOMATIC|Darkvision												BONUS:VAR|RacialVision|1	BONUS:VAR|DarkvisionRange|60|TYPE=Base							SOURCEPAGE:p.10
Naturally Psionic		KEY:Naturally Psionic ~ Blue	CATEGORY:Special Ability	TYPE:RacialTraits.SpecialQuality.BlueRacialTrait.BlueRacialDefault						PREMULT:1,[PREABILITY:1,CATEGORY=Special Ability,Naturally Psionic ~ Blue],[!PREABILITY:1,CATEGORY=Special Ability,TYPE.BlueNaturallyPsionic]	DESC:Blues gain the Wild Talent feat as a bonus feat at 1st level. If a blue takes levels in a psionic class, he instead gains the Psionic Talent feat.																		ABILITY:Special Ability|AUTOMATIC|Naturally Psionic																													SOURCEPAGE:p.10
Psionic Aptitude		KEY:Psionic Aptitude ~ Blue	CATEGORY:Special Ability	TYPE:RacialTraits.SpecialQuality.BlueRacialTrait.BlueRacialDefault						PREMULT:1,[PREABILITY:1,CATEGORY=Special Ability,Psionic Aptitude ~ Blue],[!PREABILITY:1,CATEGORY=Special Ability,TYPE.BluePsionicAptitude]	DESC:When a blue takes a level in a favored class, he can choose to gain an additional power point instead of a hit point or skill point.																					ABILITY:Special Ability|AUTOMATIC|Psionic Aptitude																													SOURCEPAGE:p.10
Pariah			KEY:Pariah ~ Blue			CATEGORY:Special Ability	TYPE:RacialTraits.SpecialQuality.BlueRacialTrait.BlueRacialDefault						PREMULT:1,[PREABILITY:1,CATEGORY=Special Ability,Pariah ~ Blue],[!PREABILITY:1,CATEGORY=Special Ability,TYPE.BluePariah]				DESC:The appearance of the blue can affect the reactions of those nearby. A blue takes a -1 penalty to Charisma-based skill checks when dealing with nongoblinoid humanoids, but gains a +1 bonus to Charisma-based skill checks while interacting with goblins.										BONUS:SKILL|TYPE.Charisma|-1																								SOURCEPAGE:p.10	ASPECT:SkillBonus|-1 to CHA-based skill checks with nongoblinoids, +1 to ChHA-based skill checks with goblins [penalty already included]
Repletion			KEY:Repletion ~ Blue		CATEGORY:Special Ability	TYPE:RacialTraits.SpecialQuality.Supernatural.BlueRacialTrait.BlueRacialDefault				PREMULT:1,[PREABILITY:1,CATEGORY=Special Ability,Repletion ~ Blue],[!PREABILITY:1,CATEGORY=Special Ability,TYPE.BlueRepletion]			DESC:A blue can sustain his body without need of food or water. If he spends 1 power point, a blue does not need to eat or drink for 24 hours.																																																									SOURCEPAGE:p.10
Keen Senses			KEY:Keen Senses ~ Blue		CATEGORY:Special Ability	TYPE:RacialTraits.SpecialQuality.BlueRacialTrait.BlueRacialDefault						PREMULT:1,[PREABILITY:1,CATEGORY=Special Ability,Keen Senses ~ Blue],[!PREABILITY:1,CATEGORY=Special Ability,TYPE.BlueKeenSenses]			DESC:Blues receive a +2 racial bonus on Perception skill checks.																																										BONUS:SKILL|Perception|2|TYPE=Racial																						SOURCEPAGE:p.10
Stealthy			KEY:Stealthy ~ Blue		CATEGORY:Special Ability	TYPE:RacialTraits.SpecialQuality.BlueRacialTrait.BlueRacialDefault						PREMULT:1,[PREABILITY:1,CATEGORY=Special Ability,Stealthy ~ Blue],[!PREABILITY:1,CATEGORY=Special Ability,TYPE.BlueStealthy]				DESC:Blues receive a +2 racial bonus on Stealth and Ride checks, and blues always treat Stealth as a class skill.																																		BONUS:SKILL|Stealth,Ride|2|TYPE=Racial	CSKILL:Stealth																			SOURCEPAGE:p.10
Weapon Familiarity	KEY:Weapon Familiarity ~ Blue	CATEGORY:Special Ability	TYPE:RacialTraits.SpecialQuality.BlueRacialTrait.BlueRacialDefault						PREMULT:1,[PREABILITY:1,CATEGORY=Special Ability,Weapon Familiarity ~ Blue],[!PREABILITY:1,CATEGORY=Special Ability,TYPE.BlueWeaponFamiliarity]	DESC:Blues treat any weapon with the word "goblin" in its name as a martial weapon.																																																													CHANGEPROF:TYPE.Goblin=Martial	SOURCEPAGE:p.10

### Dromite Abilities
# Ability Name	Unique Key					Category of Ability		Type															Visible		Multiple Requirements																						Description																										Ability								Bonus to Ability Pool			Bonus to skill					Bonus to combat				Innate spells									Source Page
Chitin		KEY:Chitin ~ Dromite			CATEGORY:Special Ability	TYPE:RacialTraits.SpecialQuality.DromiteRacialTrait.DromiteRacialDefault						PREMULT:1,[PREABILITY:1,CATEGORY=Special Ability,Chitin ~ Dromite],[!PREABILITY:1,CATEGORY=Special Ability,TYPE.DromiteChitin]				DESC:Dromites receive a +1 natural armor bonus and one type of energy resistance 5.																							BONUS:ABILITYPOOL|Dromite Chitin|1								BONUS:COMBAT|AC|1|TYPE=NaturalArmor												SOURCEPAGE:p.11
Naturally Psionic	KEY:Naturally Psionic ~ Dromite	CATEGORY:Special Ability	TYPE:RacialTraits.SpecialQuality.DromiteRacialTrait.DromiteRacialDefault						PREMULT:1,[PREABILITY:1,CATEGORY=Special Ability,Naturally Psionic ~ Dromite],[!PREABILITY:1,CATEGORY=Special Ability,TYPE.DromiteNaturallyPsionic]	DESC:Dromites gain the Wild Talent feat as a bonus feat at 1st level. If a dromite takes levels in a psionic class, he instead gains the Psionic Talent feat.	ABILITY:Special Ability|AUTOMATIC|Naturally Psionic																															SOURCEPAGE:p.11
Dromite Psionics	KEY:Dromite Psionics ~ Dromite	CATEGORY:Special Ability	TYPE:RacialTraits.SpecialQuality.DromiteRacialTrait.DromiteRacialDefault						PREMULT:1,[PREABILITY:1,CATEGORY=Special Ability,Dromite Psionics ~ Dromite],[!PREABILITY:1,CATEGORY=Special Ability,TYPE.DromitePsionics]																																																									SPELLS:Innate|TIMES=1|CASTERLEVEL=max(1,TL/2)|Energy Ray,11+CHA	SOURCEPAGE:p.11
Scent			KEY:Scent ~ Dromite			CATEGORY:Special Ability	TYPE:RacialTraits.SpecialQuality.Extraordinary.DromiteRacialTrait.DromiteRacialDefault	VISIBLE:DISPLAY	PREMULT:1,[PREABILITY:1,CATEGORY=Special Ability,Scent ~ Dromite],[!PREABILITY:1,CATEGORY=Special Ability,TYPE.DromiteScent]																																ABILITY:Special Ability|AUTOMATIC|Scent																																	SOURCEPAGE:p.11
Compound Eyes	KEY:Compound Eyes ~ Dromite		CATEGORY:Special Ability	TYPE:RacialTraits.SpecialQuality.DromiteRacialTrait.DromiteRacialDefault						PREMULT:1,[PREABILITY:1,CATEGORY=Special Ability,Compound Eyes ~ Dromite],[!PREABILITY:1,CATEGORY=Special Ability,TYPE.DromiteCompoundEyes]		DESC:Dromites receive a +2 racial bonus on Perception checks.																																BONUS:SKILL|Perception|2|TYPE=Racial																		SOURCEPAGE:p.11
Psionic Aptitude	KEY:Psionic Aptitude ~ Dromite	CATEGORY:Special Ability	TYPE:RacialTraits.SpecialQuality.DromiteRacialTrait.DromiteRacialDefault						PREMULT:1,[PREABILITY:1,CATEGORY=Special Ability,Psionic Aptitude ~ Dromite],[!PREABILITY:1,CATEGORY=Special Ability,TYPE.DromitePsionicAptitude]	DESC:When a dromite takes a level in a favored class, he can choose to gain an additional power point instead of a hit point or skill point.				ABILITY:Special Ability|AUTOMATIC|Psionic Aptitude																															SOURCEPAGE:p.11

# Dromite Chitin choices
Cold Resistance		KEY:Cold Chitin ~ Dromite		CATEGORY:Special Ability	TYPE:DromiteChitinEnergy	VISIBLE:DISPLAY	DESC:You gain cold resistance 5.		ABILITY:Special Ability|AUTOMATIC|Resistance To Cold		BONUS:VAR|ColdResistanceBonus|5
Fire Resistance		KEY:Fire Chitin ~ Dromite		CATEGORY:Special Ability	TYPE:DromiteChitinEnergy	VISIBLE:DISPLAY	DESC:You gain fire resistance 5.		ABILITY:Special Ability|AUTOMATIC|Resistance To Fire		BONUS:VAR|FireResistanceBonus|5
Electricity Resistance	KEY:Electricity Chitin ~ Dromite	CATEGORY:Special Ability	TYPE:DromiteChitinEnergy	VISIBLE:DISPLAY	DESC:You gain electricity resistance 5.	ABILITY:Special Ability|AUTOMATIC|Resistance To Electricity	BONUS:VAR|ElectricityResistanceBonus|5
Sonic Resistance		KEY:Sonic Chitin ~ Dromite		CATEGORY:Special Ability	TYPE:DromiteChitinEnergy	VISIBLE:DISPLAY	DESC:You gain sonic resistance 5.		ABILITY:Special Ability|AUTOMATIC|Resistance To Sonic		BONUS:VAR|SonicResistanceBonus|5
CATEGORY=Special Ability|Dromite Psionics ~ Dromite.MOD	DESC:Dromites gain the following psilike ability: 1/day—energy ray, always dealing cold damage. The manifester level for this effect is %1.|max(1,TL/2)|PREABILITY:1,CATEGORY=Special Ability,Cold Chitin ~ Dromite
CATEGORY=Special Ability|Dromite Psionics ~ Dromite.MOD	DESC:Dromites gain the following psilike ability: 1/day—energy ray, always dealing fire damage. The manifester level for this effect is %1.|max(1,TL/2)|PREABILITY:1,CATEGORY=Special Ability,Fire Chitin ~ Dromite
CATEGORY=Special Ability|Dromite Psionics ~ Dromite.MOD	DESC:Dromites gain the following psilike ability: 1/day—energy ray, always dealing electricity damage. The manifester level for this effect is %1.|max(1,TL/2)|PREABILITY:1,CATEGORY=Special Ability,Electricity Chitin ~ Dromite
CATEGORY=Special Ability|Dromite Psionics ~ Dromite.MOD	DESC:Dromites gain the following psilike ability: 1/day—energy ray, always dealing sonic damage. The manifester level for this effect is %1.|max(1,TL/2)|PREABILITY:1,CATEGORY=Special Ability,Sonic Chitin ~ Dromite

### Duergar Abilities
# Ability Name	Unique Key					Category of Ability		Type																Visible		Multiple Requirements																							Define																Description																																								Ability								Modify VAR											Innate Spells																												Unencumbered move					Source Page		Aspects
Steady		KEY:Steady ~ DuergarDSP			CATEGORY:Special Ability	TYPE:RacialTraits.SpecialQuality.DuergarDSPRacialTrait.DuergarDSPRacialDefault						PREMULT:1,[PREABILITY:1,CATEGORY=Special Ability,Steady ~ DuergarDSP],[!PREABILITY:1,CATEGORY=Special Ability,TYPE.DuergarDSPSteady]																					DESC:Duergar never have their speed reduced by armor or encumbrance.																																																																																	UNENCUMBEREDMOVE:HeavyLoad|HeavyArmor	SOURCEPAGE:p.13
Darkvision		KEY:Darkvision ~ DuergarDSP		CATEGORY:Special Ability	TYPE:RacialTraits.SpecialQuality.DuergarDSPRacialTrait.DuergarDSPRacialDefault.RacialVision	VISIBLE:DISPLAY	PREMULT:1,[PREABILITY:1,CATEGORY=Special Ability,Darkvision ~ DuergarDSP],[!PREABILITY:1,CATEGORY=Special Ability,TYPE.DuergarDSPDarkvision]																				DESC:Duergar can see in the dark up to 60 feet.																																		ABILITY:Special Ability|AUTOMATIC|Darkvision		BONUS:VAR|RacialVision|1	BONUS:VAR|DarkvisionRange|60|TYPE=Base																																						SOURCEPAGE:p.13
Hardy			KEY:Hardy ~ DuergarDSP			CATEGORY:Special Ability	TYPE:RacialTraits.SpecialQuality.DuergarDSPRacialTrait.DuergarDSPRacialDefault						PREMULT:1,[PREABILITY:1,CATEGORY=Special Ability,Hardy ~ DuergarDSP],[!PREABILITY:1,CATEGORY=Special Ability,TYPE.DuergarDSPHardy]																						DESC:Duergars receive a +2 racial bonus on saving throws against poison, powers, spells, psi-like abilities, and spell-like abilities.																																																																													SOURCEPAGE:p.13	ASPECT:SaveBonus|+2 vs. poison, spells, and spell-like abilities
Stability		KEY:Stability ~ DuergarDSP		CATEGORY:Special Ability	TYPE:RacialTraits.SpecialQuality.DuergarDSPRacialTrait.DuergarDSPRacialDefault						PREMULT:1,[PREABILITY:1,CATEGORY=Special Ability,Stability ~ DuergarDSP],[!PREABILITY:1,CATEGORY=Special Ability,TYPE.DuergarDSPStability]																				DESC:Duergars receive a +4 racial bonus to their Combat Maneuver Defense when resisting a bull rush or trip attempt while standing on the ground.																										BONUS:VAR|CMD_BullRush,CMD_Trip|4																																												SOURCEPAGE:p.13
Dwarf Blood		KEY:Dwarf Blood ~ DuergarDSP		CATEGORY:Special Ability	TYPE:RacialTraits.SpecialQuality.DuergarDSPRacialTrait.DuergarDSPRacialDefault						PREMULT:1,[PREABILITY:1,CATEGORY=Special Ability,Dwarf Blood ~ DuergarDSP],[!PREABILITY:1,CATEGORY=Special Ability,TYPE.DuergarDSPDwarfBlood]																				DESC:Duergar count as dwarves for any effect related to race.																																																																																									SOURCEPAGE:p.13
Light Sensitivity	KEY:Light Sensitivity ~ DuergarDSP	CATEGORY:Special Ability	TYPE:RacialTraits.SpecialQuality.Extraordinary.DuergarDSPRacialTrait.DuergarDSPRacialDefault	VISIBLE:DISPLAY	PREMULT:1,[PREABILITY:1,CATEGORY=Special Ability,Light Sensitivity ~ DuergarDSP],[!PREABILITY:1,CATEGORY=Special Ability,TYPE.DuergarDSPLightSensitivity]																		DESC:Duergars are dazzled in an area of bright light.																																	ABILITY:Special Ability|AUTOMATIC|Light Sensitivity																																																		SOURCEPAGE:p.13
Duergar Psionics	KEY:Duergar Psionics ~ DuergarDSP	CATEGORY:Special Ability	TYPE:RacialTraits.SpecialQuality.DuergarDSPRacialTrait.DuergarDSPRacialDefault						PREMULT:1,[PREABILITY:1,CATEGORY=Special Ability,Duergar Psionics],[!PREABILITY:1,CATEGORY=Special Ability,TYPE.DuergarDSPPsionics]					DEFINE:DuergarExpansionTimes|1	DEFINE:DuergarCloudMindTimes|1	DEFINE:DuergarCloudMindDC|0	DESC:Duergars gain the following psilike abilities: 1/day—expansion and cloud mind. These abilities affect only the duergar and his gear. The manifester level for these effects is %1. The DC for cloud mind is %2.|min(TL,3)|DuergarCloudMindDC										BONUS:VAR|DuergarCloudMindDC|12+CHA							SPELLS:Innate|TIMES=DuergarExpansionTimes|CASTERLEVEL=max(3,TL/2)|Expansion,11+CHA	SPELLS:Innate|TIMES=DuergarCloudMindTimes|CASTERLEVEL=max(3,TL/2)|Cloud Mind,DuergarCloudMindDC								SOURCEPAGE:p.13
Naturally Psionic	KEY:Naturally Psionic ~ DuergarDSP	CATEGORY:Special Ability	TYPE:RacialTraits.SpecialQuality.DuergarDSPRacialTrait.DuergarDSPRacialDefault						PREMULT:1,[PREABILITY:1,CATEGORY=Special Ability,Naturally Psionic ~ DuergarDSP],[!PREABILITY:1,CATEGORY=Special Ability,TYPE.DuergarDSPNaturallyPsionic]																		DESC:Duergars gain the Wild Talent feat as a bonus feat at 1st level. If a duergar takes levels in a psionic class, he instead gains the Psionic Talent feat.															ABILITY:Special Ability|AUTOMATIC|Naturally Psionic																																																		SOURCEPAGE:p.13
Psionic Aptitude	KEY:Psionic Aptitude ~ DuergarDSP	CATEGORY:Special Ability	TYPE:RacialTraits.SpecialQuality.DuergarDSPRacialTrait.DuergarDSPRacialDefault						PREMULT:1,[PREABILITY:1,CATEGORY=Special Ability,Psionic Aptitude ~ DuergarDSP],[!PREABILITY:1,CATEGORY=Special Ability,TYPE.DuergarDSPPsionicAptitude]																		DESC:When a duergar takes a level in a favored class, he can choose to gain an additional power point instead of a hit point or skill point.																		ABILITY:Special Ability|AUTOMATIC|Psionic Aptitude																																																		SOURCEPAGE:p.13

### Elan Abilities
# Ability Name	Unique Key				Category of Ability		Type														Multiple Requirements																					Description																																						Ability								Bonus to skill			Source Page		Aspects
Aberrant Nature	KEY:Aberrant Nature ~ Elan	CATEGORY:Special Ability	TYPE:RacialTraits.SpecialQuality.ElanRacialTrait.ElanRacialDefault			PREMULT:1,[PREABILITY:1,CATEGORY=Special Ability,Aberrant Nature ~ Elan],[!PREABILITY:1,CATEGORY=Special Ability,TYPE.ElanAberrantNature]		DESC:Although human in appearance, elans suffer from a nature slightly off from the rest of the non-elan society. They suffer a -1 penalty to Charisma-based skill checks when dealing with non-elans.															BONUS:SKILL|TYPE.Charisma|-1	SOURCEPAGE:p.14	ASPECT:SkillBonus|-1 to CHA skill checks when dealing with non-elans [already included]
Naturally Psionic	KEY:Naturally Psionic ~ Elan	CATEGORY:Special Ability	TYPE:RacialTraits.SpecialQuality.ElanRacialTrait.ElanRacialDefault			PREMULT:1,[PREABILITY:1,CATEGORY=Special Ability,Naturally Psionic ~ Elan],[!PREABILITY:1,CATEGORY=Special Ability,TYPE.ElanNaturallyPsionic]	DESC:Elans gain the Wild Talent feat as a bonus feat at 1st level. If an elan takes levels in a psionic class, she instead gains the Psionic Talent feat.														ABILITY:Special Ability|AUTOMATIC|Naturally Psionic						SOURCEPAGE:p.14
Resistance		KEY:Resistance ~ Elan		CATEGORY:Special Ability	TYPE:RacialTraits.SpecialQuality.Supernatural.ElanRacialTrait.ElanRacialDefault	PREMULT:1,[PREABILITY:1,CATEGORY=Special Ability,Resistance ~ Elan],[!PREABILITY:1,CATEGORY=Special Ability,TYPE.ElanResistance]			DESC:Elans can use psionic energy to increase their resistance to various forms of attack. As an immediate action, an elan can spend 1 power point to gain a +4 racial bonus on saving throws until the beginning of her next action.															SOURCEPAGE:p.14
Resilience		KEY:Resilience ~ Elan		CATEGORY:Special Ability	TYPE:RacialTraits.SpecialQuality.Supernatural.ElanRacialTrait.ElanRacialDefault	PREMULT:1,[PREABILITY:1,CATEGORY=Special Ability,Resilience ~ Elan],[!PREABILITY:1,CATEGORY=Special Ability,TYPE.ElanResilience]			DESC:When an elan takes damage, she can spend power points to reduce its severity. As an immediate action, she can reduce the damage she is about to take by 2 hit points for every 1 power point she spends.																			SOURCEPAGE:p.14
Repletion		KEY:Repletion ~ Elan		CATEGORY:Special Ability	TYPE:RacialTraits.SpecialQuality.Supernatural.ElanRacialTrait.ElanRacialDefault	PREMULT:1,[PREABILITY:1,CATEGORY=Special Ability,Repletion ~ Elan],[!PREABILITY:1,CATEGORY=Special Ability,TYPE.ElanRepletion]			DESC:An elan can sustain her body without need of food or water. If she spends 1 power point, an elan does not need to eat or drink for 24 hours.																													SOURCEPAGE:p.14
Psionic Aptitude	KEY:Psionic Aptitude ~ Elan	CATEGORY:Special Ability	TYPE:RacialTraits.SpecialQuality.ElanRacialTrait.ElanRacialDefault			PREMULT:1,[PREABILITY:1,CATEGORY=Special Ability,Psionic Aptitude ~ Elan],[!PREABILITY:1,CATEGORY=Special Ability,TYPE.ElanPsionicAptitude]	DESC:When an elan takes a level in a favored class, she can choose to gain an additional power point instead of a hit point or skill point.																ABILITY:Special Ability|AUTOMATIC|Psionic Aptitude						SOURCEPAGE:p.14

### Forgeborn Abilities
# Ability Name	Unique Key					Category of Ability		Type													Multiple Requirements																							Description																										Ability								Combat bonus					Unencumbered move					Source Page		Aspects
Steady		KEY:Steady ~ Forgeborn			CATEGORY:Special Ability	TYPE:RacialTraits.SpecialQuality.ForgebornRacialTrait.ForgebornRacialDefault	PREMULT:1,[PREABILITY:1,CATEGORY=Special Ability,Steady ~ Forgeborn],[!PREABILITY:1,CATEGORY=Special Ability,TYPE.ForgebornSteady]					DESC:Forgeborn never have their speed reduced by armor or encumbrance.																																UNENCUMBEREDMOVE:HeavyLoad|HeavyArmor	SOURCEPAGE:p.16
Fearless		KEY:Fearless ~ Forgeborn		CATEGORY:Special Ability	TYPE:RacialTraits.SpecialQuality.ForgebornRacialTrait.ForgebornRacialDefault	PREMULT:1,[PREABILITY:1,CATEGORY=Special Ability,Fearless ~ Forgeborn],[!PREABILITY:1,CATEGORY=Special Ability,TYPE.ForgebornFearless]				DESC:Forgeborn gain a +2 bonus against fear effects.																																										SOURCEPAGE:p.16	ASPECT:SaveBonus|+2 vs. fear
Natural Armor	KEY:Natural Armor ~ Forgeborn		CATEGORY:Special Ability	TYPE:RacialTraits.SpecialQuality.ForgebornRacialTrait.ForgebornRacialDefault	PREMULT:1,[PREABILITY:1,CATEGORY=Special Ability,Natural Armor ~ Forgeborn],[!PREABILITY:1,CATEGORY=Special Ability,TYPE.ForgebornNaturalArmor]			DESC:Forgeborn are sturdier than other races and gain a +1 natural armor bonus to their AC.																					BONUS:COMBAT|AC|1|TYPE=NaturalArmor.STACK								SOURCEPAGE:p.16
Source Crystal	KEY:Source Crystal ~ Forgeborn	CATEGORY:Special Ability	TYPE:RacialTraits.SpecialQuality.ForgebornRacialTrait.ForgebornRacialDefault	PREMULT:1,[PREABILITY:1,CATEGORY=Special Ability,Source Crystal ~ Forgeborn],[!PREABILITY:1,CATEGORY=Special Ability,TYPE.ForgebornSourceCrystal]		DESC:Unlike most half-constructs, forgeborn can be raised and resurrected.																																						SOURCEPAGE:p.16
Naturally Psionic	KEY:Naturally Psionic ~ Forgeborn	CATEGORY:Special Ability	TYPE:RacialTraits.SpecialQuality.ForgebornRacialTrait.ForgebornRacialDefault	PREMULT:1,[PREABILITY:1,CATEGORY=Special Ability,Naturally Psionic ~ Forgeborn],[!PREABILITY:1,CATEGORY=Special Ability,TYPE.ForgebornNaturallyPsionic]	DESC:Forgeborns gain the Wild Talent feat as a bonus feat at 1st level. If a forgeborn takes levels in a psionic class, he instead gains the Psionic Talent feat.	ABILITY:Special Ability|AUTOMATIC|Naturally Psionic															SOURCEPAGE:p.14
Psionic Aptitude	KEY:Psionic Aptitude ~ Forgeborn	CATEGORY:Special Ability	TYPE:RacialTraits.SpecialQuality.ForgebornRacialTrait.ForgebornRacialDefault	PREMULT:1,[PREABILITY:1,CATEGORY=Special Ability,Psionic Aptitude ~ Forgeborn],[!PREABILITY:1,CATEGORY=Special Ability,TYPE.ForgebornPsionicAptitude]		DESC:When a forgeborn takes a level in a favored class, he can choose to gain an additional power point instead of a hit point or skill point.				ABILITY:Special Ability|AUTOMATIC|Psionic Aptitude															SOURCEPAGE:p.14
CATEGORY=Special Ability|Soulless ~ Half-Construct.MOD	!PREABILITY:1,CATEGORY=Special Ability,Source Crystal ~ Forgeborn

### Half-Giant Abilities
# Ability Name		Unique Key						Category of Ability		Type																Visible		Multiple Requirements																							Description																											Ability								Bonus to skill				Modify VAR				Bonus to weapon prof											Innate Spells									Source Page		Aspects
Giant Blood			KEY:Giant Blood ~ Half-Giant			CATEGORY:Special Ability	TYPE:RacialTraits.SpecialQuality.Half-GiantRacialTrait.Half-GiantRacialDefault						PREMULT:1,[PREABILITY:1,CATEGORY=Special Ability,Giant Blood ~ Half-Giant],[!PREABILITY:1,CATEGORY=Special Ability,TYPE.Half-GiantGiantBlood]			DESC:Half-giants count as human and giant for any effect related to race.																																																													SOURCEPAGE:p.17
Low-Light Vision		KEY:Low-Light Vision ~ Half-Giant		CATEGORY:Special Ability	TYPE:RacialTraits.SpecialQuality.Half-GiantRacialTrait.Half-GiantRacialDefault.RacialVision	VISIBLE:DISPLAY	PREMULT:1,[PREABILITY:1,CATEGORY=Special Ability,Low-Light Vision ~ Half-Giant],[!PREABILITY:1,CATEGORY=Special Ability,TYPE.Half-GiantLowLightVision]	DESC:Half-giants can see twice as far as humans in conditions of dim light.																ABILITY:Special Ability|AUTOMATIC|Low-Light Vision							BONUS:VAR|RacialVision|1																										SOURCEPAGE:p.17
Fire Acclimated		KEY:Fire Acclimated ~ Half-Giant		CATEGORY:Special Ability	TYPE:RacialTraits.SpecialQuality.Half-GiantRacialTrait.Half-GiantRacialDefault						PREMULT:1,[PREABILITY:1,CATEGORY=Special Ability,Fire Acclimated ~ Half-Giant],[!PREABILITY:1,CATEGORY=Special Ability,TYPE.Half-GiantFireAcclimated]		DESC:Half-giants receive a +2 racial bonus on saving throws against all fire spells and effects.																																																									SOURCEPAGE:p.17	ASPECT:SaveBonus|+2 vs fire
# CMB/CMD mod to do
Powerful Build		KEY:Powerful Build ~ Half-Giant		CATEGORY:Special Ability	TYPE:RacialTraits.SpecialQuality.Half-GiantRacialTrait.Half-GiantRacialDefault						PREMULT:1,[PREABILITY:1,CATEGORY=Special Ability,Powerful Build ~ Half-Giant],[!PREABILITY:1,CATEGORY=Special Ability,TYPE.Half-GiantPowerfulBuild]																																																		BONUS:WEAPONPROF=TYPE.Simple,TYPE.Martial,TYPE.Exotic|PCSIZE|1|TYPE=PowerfulBuild												SOURCEPAGE:p.17
Naturally Psionic		KEY:Naturally Psionic ~ Half-Giant		CATEGORY:Special Ability	TYPE:RacialTraits.SpecialQuality.Half-GiantRacialTrait.Half-GiantRacialDefault						PREMULT:1,[PREABILITY:1,CATEGORY=Special Ability,Naturally Psionic ~ Half-Giant],[!PREABILITY:1,CATEGORY=Special Ability,TYPE.Half-GiantNaturallyPsionic]	DESC:Half-giants gain the Wild Talent feat as a bonus feat at 1st level. If a half-giant takes levels in a psionic class, he instead gains the Psionic Talent feat.	ABILITY:Special Ability|AUTOMATIC|Naturally Psionic																																					SOURCEPAGE:p.17
Half-Giant Psionics	KEY:Half-Giant Psionics ~ Half-Giant	CATEGORY:Special Ability	TYPE:RacialTraits.SpecialQuality.Half-GiantRacialTrait.Half-GiantRacialDefault						PREMULT:1,[PREABILITY:1,CATEGORY=Special Ability,Half-Giant Psionics ~ Half-Giant],[!PREABILITY:1,CATEGORY=Special Ability,TYPE.Half-GiantPsionics]		DESC:Half-giants gain the following psi-like ability: 1/day—stomp. The manifester level for this effect is %1. The DC for this power is %2.|max(1,TL/2)|11+CHA																																				SPELLS:Innate|TIMES=1|CASTERLEVEL=max(1,TL/2)|Stomp,11+CHA		SOURCEPAGE:p.17
Psionic Aptitude		KEY:Psionic Aptitude ~ Half-Giant		CATEGORY:Special Ability	TYPE:RacialTraits.SpecialQuality.Half-GiantRacialTrait.Half-GiantRacialDefault						PREMULT:1,[PREABILITY:1,CATEGORY=Special Ability,Psionic Aptitude ~ Half-Giant],[!PREABILITY:1,CATEGORY=Special Ability,TYPE.Half-GiantPsionicAptitude]	DESC:When a half-giant takes a level in a favored class, he can choose to gain an additional power point instead of a hit point or skill point.					ABILITY:Special Ability|AUTOMATIC|Psionic Aptitude																																					SOURCEPAGE:p.17
Survivor			KEY:Survivor ~ Half-Giant			CATEGORY:Special Ability	TYPE:RacialTraits.SpecialQuality.Half-GiantRacialTrait.Half-GiantRacialDefault						PREMULT:1,[PREABILITY:1,CATEGORY=Special Ability,Survivor ~ Half-Giant],[!PREABILITY:1,CATEGORY=Special Ability,TYPE.Half-GiantSurvivor]				DESC:Half-giants gain a +4 racial bonus to Survival checks.																												BONUS:SKILL|Survival|4|TYPE=Racial																															SOURCEPAGE:p.17
CATEGORY=Special Ability|Powerful Build ~ Half-Giant.MOD	DESC:The physical stature of half-giants lets them function in many ways as if they were one size category larger. Whenever a half-giant is subject to a size modifer or special size modifier for a Combat Maneuver Bonus or Combat Maneuver Defense (such as during grapple checks, bull rush attempts, and trip attempts), the half-giant is treated as one size larger if doing so is advantageous to him. A half-giant is also considered to be one size larger when determining whether a creature’s special attacks based on size (such as grab or swallow whole) can affect him. A half-giant can use weapons designed for a creature one size larger without penalty. However, his space and reach remain those of a creature of his actual size. The benefts of this racial trait stack with the effects of powers, abilities, and spells that change the subject's size category.
CATEGORY=Special Ability|Powerful Build ~ Half-Giant.MOD	BONUS:VAR|CMB,CMD|4|PRESIZEEQ:F
CATEGORY=Special Ability|Powerful Build ~ Half-Giant.MOD	BONUS:VAR|CMB,CMD|2|PRESIZEEQ:D
CATEGORY=Special Ability|Powerful Build ~ Half-Giant.MOD	BONUS:VAR|CMB,CMD|1|PRESIZEEQ:T
CATEGORY=Special Ability|Powerful Build ~ Half-Giant.MOD	BONUS:VAR|CMB,CMD|1|PRESIZEEQ:S
CATEGORY=Special Ability|Powerful Build ~ Half-Giant.MOD	BONUS:VAR|CMB,CMD|1|PRESIZEEQ:M
CATEGORY=Special Ability|Powerful Build ~ Half-Giant.MOD	BONUS:VAR|CMB,CMD|1|PRESIZEEQ:L
CATEGORY=Special Ability|Powerful Build ~ Half-Giant.MOD	BONUS:VAR|CMB,CMD|2|PRESIZEEQ:H
CATEGORY=Special Ability|Powerful Build ~ Half-Giant.MOD	BONUS:VAR|CMB,CMD|4|PRESIZEEQ:G

### Maenad Abilities
# Ability Name		Unique Key					Category of Ability		Type												Multiple Requirements																						Description																																																					Ability								Bonus to skill											Bonus to DC				Modify VAR					Auto weapon prof		Change wpn prof				Qualify for class		Innate Spells									Source Page		Temp bonus
Naturally Psionic		KEY:Naturally Psionic ~ Maenad	CATEGORY:Special Ability	TYPE:RacialTraits.SpecialQuality.MaenadRacialTrait.MaenadRacialDefault	PREMULT:1,[PREABILITY:1,CATEGORY=Special Ability,Naturally Psionic ~ Maenad],[!PREABILITY:1,CATEGORY=Special Ability,TYPE.MaenadNaturallyPsionic]	DESC:Maenads gain the Wild Talent feat as a bonus feat at 1st level. If a maenad takes levels in a psionic class, he instead gains the Psionic Talent feat.																													ABILITY:Special Ability|AUTOMATIC|Naturally Psionic																																																		SOURCEPAGE:p.19
Maenad Psionics		KEY:Maenad Psionics ~ Maenad		CATEGORY:Special Ability	TYPE:RacialTraits.SpecialQuality.MaenadRacialTrait.MaenadRacialDefault	PREMULT:1,[PREABILITY:1,CATEGORY=Special Ability,Maenad Psionics ~ Maenad],[!PREABILITY:1,CATEGORY=Special Ability,TYPE.MaenadPsionics]			DESC:Maenad gain the following psi-like ability: 1/day—energy ray. A maenad can deal only sonic damage with this ability. It is accompanied by a tremendous scream of rage. The manifester level is equal to %1. The DC for this power is %2.|max(1,TL/2)|11+CHA																																																											SPELLS:Innate|TIMES=1|CASTERLEVEL=max(1,TL/2)|Energy Ray,11+CHA	SOURCEPAGE:p.19
Sonic Affinity		KEY:Sonic Affinity ~ Maenad		CATEGORY:Special Ability	TYPE:RacialTraits.SpecialQuality.MaenadRacialTrait.MaenadRacialDefault	PREMULT:1,[PREABILITY:1,CATEGORY=Special Ability,Sonic Affinity ~ Maenad],[!PREABILITY:1,CATEGORY=Special Ability,TYPE.MaenadSonicAffinity]		DESC:Maenads add a +1 to the DC of any spell or power with the sonic descriptor.																																																															BONUS:DC|DESCRIPTOR.Sonic|1																																SOURCEPAGE:p.19
Outburst			KEY:Outburst ~ Maenad			CATEGORY:Special Ability	TYPE:RacialTraits.SpecialQuality.MaenadRacialTrait.MaenadRacialDefault	PREMULT:1,[PREABILITY:1,CATEGORY=Special Ability,Outburst ~ Maenad],[!PREABILITY:1,CATEGORY=Special Ability,TYPE.MaenadOutburst]				DESC:Maenads can dampen their mental processes for an increase in raw power called an outburst. As a result, they take a -2 penalty to Intelligence and Wisdom but gain a +2 bonus to Strength. The character must spend one power point at the beginning of each round during an outburst and may stop an outburst at any time.																																																											SOURCEPAGE:p.19	TEMPBONUS:PC|STAT|INT,WIS|-2	TEMPBONUS:PC|STAT|STR|2	TEMPDESC:Maenads can dampen their mental processes for an increase in raw power, taking a -2 penalty to Intelligence and Wisdom but gaining a +2 bonus to Strength.
Inner Rage			KEY:Inner Rage ~ Maenad			CATEGORY:Special Ability	TYPE:RacialTraits.SpecialQuality.MaenadRacialTrait.MaenadRacialDefault	PREMULT:1,[PREABILITY:1,CATEGORY=Special Ability,Inner Rage ~ Maenad],[!PREABILITY:1,CATEGORY=Special Ability,TYPE.MaenadInnerRage]				DESC:Maenads are able to rage %1 additional rounds per day should they have the rage ability. In addition to using these rounds for rage, maenads may use them to fuel their outburst, instead of power points.|(TL+1)/2																																													BONUS:VAR|RageDuration|(TL+1)/2																										SOURCEPAGE:p.19
Ordered Rage		KEY:Ordered Rage ~ Maenad		CATEGORY:Special Ability	TYPE:RacialTraits.SpecialQuality.MaenadRacialTrait.MaenadRacialDefault	PREMULT:1,[PREABILITY:1,CATEGORY=Special Ability,Ordered Rage ~ Maenad],[!PREABILITY:1,CATEGORY=Special Ability,TYPE.MaenadOrderedRage]			DESC:Maenads may take levels in the barbarian class even if they are of the lawful alignment.																																																																																		QUALIFY:CLASS|Barbarian												SOURCEPAGE:p.19
Natural Sailors		KEY:Natural Sailors ~ Maenad		CATEGORY:Special Ability	TYPE:RacialTraits.SpecialQuality.MaenadRacialTrait.MaenadRacialDefault	PREMULT:1,[PREABILITY:1,CATEGORY=Special Ability,Natural Sailors ~ Maenad],[!PREABILITY:1,CATEGORY=Special Ability,TYPE.MaenadNaturalSailors]		DESC:Maenads have a +2 bonus to Swim and Profession (sailor) checks. In addition, they gain a +2 bonus to Acrobatics and Climb checks made on sailing ships.																																					BONUS:SKILL|Swim,Profession (Sailor),Acrobatics (On ship),Climb (On ship)|2																																					SOURCEPAGE:p.19
Weapon Familiarity	KEY:Weapon Familiarity ~ Maenad	CATEGORY:Special Ability	TYPE:RacialTraits.SpecialQuality.MaenadRacialTrait.MaenadRacialDefault	PREMULT:1,[PREABILITY:1,CATEGORY=Special Ability,Weapon Familiarity ~ Maenad],[!PREABILITY:1,CATEGORY=Special Ability,TYPE.MaenadWeaponFamiliarity]	DESC:Maenads are proficient with flails. Maenads treat any weapon with the word "maenad" in the name as a martial weapon rather than an exotic one.																																																															AUTO:WEAPONPROF|Flail	CHANGEPROF:TYPE.Maenad=Martial																SOURCEPAGE:p.19
Psionic Aptitude		KEY:Psionic Aptitude ~ Maenad		CATEGORY:Special Ability	TYPE:RacialTraits.SpecialQuality.MaenadRacialTrait.MaenadRacialDefault	PREMULT:1,[PREABILITY:1,CATEGORY=Special Ability,Psionic Aptitude ~ Maenad],[!PREABILITY:1,CATEGORY=Special Ability,TYPE.MaenadPsionicAptitude]		DESC:When a maenad takes a level in a favored class, he can choose to gain an additional power point instead of a hit point or skill point.																															ABILITY:Special Ability|AUTOMATIC|Psionic Aptitude																																																		SOURCEPAGE:p.19

### Noral Abilities
# Ability Name		Unique Key					Category of Ability		Type														Visible		Multiple Requirements																						Define				Description																																								Ability								Bonus to ability pool										Bonus to skill					Modify VAR										Innate Spells									Source Page		Aspects
Symbiotic Resistance	KEY:Symbiotic Resistance ~ Noral	CATEGORY:Special Ability	TYPE:RacialTraits.SpecialQuality.NoralRacialTrait.NoralRacialDefault						PREMULT:1,[PREABILITY:1,CATEGORY=Special Ability,Symbiotic Resistance ~ Noral],[!PREABILITY:1,CATEGORY=Special Ability,TYPE.NoralSymbioticResistance]						DESC:The symbiotic bond between the noral and the erliss grants all bonded norals a +2 racial bonus on saving throws against disease and mind-affecting effects.																																																																		SOURCEPAGE:p.21	ASPECT:SaveBonus|+2 vs. disease and mind-affecting
Symbiotic Surge		KEY:Symbiotic Surge ~ Noral		CATEGORY:Special Ability	TYPE:RacialTraits.SpecialQuality.NoralRacialTrait.NoralRacialDefault						PREMULT:1,[PREABILITY:1,CATEGORY=Special Ability,Symbiotic Surge ~ Noral],[!PREABILITY:1,CATEGORY=Special Ability,TYPE.NoralSymbioticSurge]							DESC:A noral is able to tap into the power of the symbiote to gain a temporary boost. Once per day, a noral can exhaust the symbiote to add 1d6 to a single d20 roll. This decision must be made prior to the result of the roll is determined.																																																					SOURCEPAGE:p.21
Noral Psionics		KEY:Noral Psionics ~ Noral		CATEGORY:Special Ability	TYPE:RacialTraits.SpecialQuality.NoralRacialTrait.NoralRacialDefault						PREMULT:1,[PREABILITY:1,CATEGORY=Special Ability,Noral Psionics ~ Noral],[!PREABILITY:1,CATEGORY=Special Ability,TYPE.NoralPsionics]								DESC:Norals gain the following psi-like ability: 1/day—mind thrust. The manifester level for this effect is %1. The DC for this power is %2.|max(1,TL/2)|11+CHA																																																							SPELLS:Innate|TIMES=1|CASTERLEVEL=max(1,TL/2)|Mind Thrust,11+CHA	SOURCEPAGE:p.21
Gift of Tongues		KEY:Gift of Tongues ~ Noral		CATEGORY:Special Ability	TYPE:RacialTraits.SpecialQuality.NoralRacialTrait.NoralRacialDefault						PREMULT:1,[PREABILITY:1,CATEGORY=Special Ability,Gift of Tongues ~ Noral],[!PREABILITY:1,CATEGORY=Special Ability,TYPE.NoralGiftOfTongues]		DEFINE:NoralLanguageCount|0	DESC:Norals are naturally skilled at social interactions and understanding other cultures. Norals gain a +1 racial bonus on Bluff and Diplomacy checks, and they learn one additional language every time they put a rank in the Linguistics skill.										BONUS:ABILITYPOOL|Noral Linguistic Additional Languages|NoralLanguageCount	BONUS:SKILL|Bluff,Diplomacy|1|TYPE=Racial	BONUS:VAR|NoralLanguageCount|skillinfo("TOTALRANK","Linguistics")												SOURCEPAGE:p.21
Low-Light Vision		KEY:Low-Light Vision ~ Noral		CATEGORY:Special Ability	TYPE:RacialTraits.SpecialQuality.NoralRacialTrait.NoralRacialDefault.RacialVision	VISIBLE:DISPLAY	PREMULT:1,[PREABILITY:1,CATEGORY=Special Ability,Low-Light Vision ~ Noral],[!PREABILITY:1,CATEGORY=Special Ability,TYPE.NoralLowLightVision]							DESC:Norals can see twice as far as humans in conditions of dim light.																														ABILITY:Special Ability|AUTOMATIC|Low-Light Vision																					BONUS:VAR|RacialVision|1																		SOURCEPAGE:p.21
Naturally Psionic		KEY:Naturally Psionic ~ Noral		CATEGORY:Special Ability	TYPE:RacialTraits.SpecialQuality.NoralRacialTrait.NoralRacialDefault						PREMULT:1,[PREABILITY:1,CATEGORY=Special Ability,Naturally Psionic ~ Noral],[!PREABILITY:1,CATEGORY=Special Ability,TYPE.NoralNaturallyPsionic]							DESC:Norals gain the Wild Talent feat as a bonus feat at 1st level. If a noral takes levels in a psionic class, he instead gains the Psionic Talent feat.																ABILITY:Special Ability|AUTOMATIC|Naturally Psionic																																											SOURCEPAGE:p.21
Psionic Aptitude		KEY:Psionic Aptitude ~ Noral		CATEGORY:Special Ability	TYPE:RacialTraits.SpecialQuality.NoralRacialTrait.NoralRacialDefault						PREMULT:1,[PREABILITY:1,CATEGORY=Special Ability,Psionic Aptitude ~ Noral],[!PREABILITY:1,CATEGORY=Special Ability,TYPE.NoralPsionicAptitude]							DESC:When a noral takes a level in a favored class, he can choose to gain an additional power point instead of a hit point or skill point.																		ABILITY:Special Ability|AUTOMATIC|Psionic Aptitude																																											SOURCEPAGE:p.21

# Noral linguistic bonus languages
Noral Language Selections	CATEGORY:Special Ability	MULT:YES	CHOOSE:LANG|!PC,TYPE=Spoken	SELECT:1	AUTO:LANG|%LIST

###################
# RACIAL SUBTYPES #
###################

###Block: Creature Subtype Traits
# Ability Name			Ability
CATEGORY=Internal|Default.MOD	ABILITY:Special Ability|AUTOMATIC|Aberrant Traits|PRERACE:1,RACESUBTYPE=Aberrant
CATEGORY=Internal|Default.MOD	ABILITY:Special Ability|AUTOMATIC|Forgeborn Traits|PRERACE:1,RACESUBTYPE=Forgeborn
CATEGORY=Internal|Default.MOD	ABILITY:Special Ability|AUTOMATIC|Half-Construct Traits|PRERACE:1,RACESUBTYPE=Half-Construct
CATEGORY=Internal|Default.MOD	ABILITY:Special Ability|AUTOMATIC|Insectoid Traits|PRERACE:1,RACESUBTYPE=Insectoid
CATEGORY=Internal|Default.MOD	ABILITY:Special Ability|AUTOMATIC|Noral Traits|PRERACE:1,RACESUBTYPE=Noral
CATEGORY=Internal|Default.MOD	ABILITY:Special Ability|AUTOMATIC|Xeph Traits|PRERACE:1,RACESUBTYPE=Xeph

###Block: Creature Subtype Traits
# Ability Name		Category of Ability		Visible	Source Page		Ability
Aberrant Traits		CATEGORY:Special Ability	VISIBLE:NO	SOURCEPAGE:p.9
Forgeborn Traits		CATEGORY:Special Ability	VISIBLE:NO	SOURCEPAGE:p.9
Half-Construct Traits	CATEGORY:Special Ability	VISIBLE:NO	SOURCEPAGE:p.16	ABILITY:Special Ability|AUTOMATIC|Construct Resistance ~ Half-Construct|Soulless ~ Half-Construct|Construct Metabolism ~ Half-Construct
Insectoid Traits		CATEGORY:Special Ability	VISIBLE:NO	SOURCEPAGE:p.9
Noral Traits		CATEGORY:Special Ability	VISIBLE:NO	SOURCEPAGE:p.9
Xeph Traits			CATEGORY:Special Ability	VISIBLE:NO	SOURCEPAGE:p.9

### Block: Creature Subtype Abilities
# Ability Name		Unique Key						Category of Ability		Type				Description																																																										Aspect
Construct Resistance	KEY:Construct Resistance ~ Half-Construct	CATEGORY:Special Ability	TYPE:SpecialQuality	DESC:Half-constructs gain a +2 racial bonus on saving throws against disease, mind-affecting effects, poison, and effects that cause either exhaustion or fatigue.																																ASPECT:SaveBonus|+2 vs. disease, mind-affecting, poison, exhaustion and fatigue
Soulless			KEY:Soulless ~ Half-Construct			CATEGORY:Special Ability	TYPE:SpecialQuality	DESC:Half-constructs cannot be raised or resurrected.
Construct Metabolism	KEY:Construct Metabolism ~ Half-Construct	CATEGORY:Special Ability	TYPE:SpecialQuality	DESC:Half-constructs do not breathe, eat, or sleep, unless they want to gain some beneficial effect from one of these activities. This means that a half-construct can drink potions to benefit from their effects and can sleep in order to regain spells, but neither of these activities is required for the construct to survive or stay in good health.