SOURCELONG:Core Rulebook	SOURCESHORT:CR	SOURCEWEB:http://paizo.com/products/btpy9qy1	SOURCEDATE:2017-08
# Original Entry by: Gwen T

Acrobatics					USEUNTRAINED:Yes	KEYSTAT:DEX		ACHECK:YES		TYPE:Base.Dexterity.ACHECK		SOURCEPAGE:p.135	BONUS:SKILL|Acrobatics|3|TYPE=ClassSkill|PRECSKILL:1,Acrobatics|PRESKILL:1,Acrobatics=1
Athletics					USEUNTRAINED:Yes	KEYSTAT:STR		ACHECK:YES		TYPE:Base.Strength.ACHECK		SOURCEPAGE:p.136	BONUS:SKILL|Athletics|3|TYPE=ClassSkill|PRECSKILL:1,Athletics|PRESKILL:1,Athletics=1
Bluff						USEUNTRAINED:Yes	KEYSTAT:CHA					TYPE:Base.Charisma			SOURCEPAGE:p.137	BONUS:SKILL|Bluff|3|TYPE=ClassSkill|PRECSKILL:1,Bluff|PRESKILL:1,Bluff=1
Computers					USEUNTRAINED:No	KEYSTAT:INT					TYPE:Base.Intelligence			SOURCEPAGE:p.137	BONUS:SKILL|Computers|3|TYPE=ClassSkill|PRECSKILL:1,Computers|PRESKILL:1,Computers=1
Culture					USEUNTRAINED:No	KEYSTAT:INT					TYPE:Base.Intelligence			SOURCEPAGE:p.139	BONUS:SKILL|Culture|3|TYPE=ClassSkill|PRECSKILL:1,Culture|PRESKILL:1,Culture=1
Diplomacy					USEUNTRAINED:Yes	KEYSTAT:CHA					TYPE:Base.Charisma			SOURCEPAGE:p.139	BONUS:SKILL|Diplomacy|3|TYPE=ClassSkill|PRECSKILL:1,Diplomacy|PRESKILL:1,Diplomacy=1
Disguise					USEUNTRAINED:Yes	KEYSTAT:CHA					TYPE:Base.Charisma			SOURCEPAGE:p.140	BONUS:SKILL|Disguise|3|TYPE=ClassSkill|PRECSKILL:1,Disguise|PRESKILL:1,Disguise=1
Engineering					USEUNTRAINED:No	KEYSTAT:INT					TYPE:Base.Intelligence			SOURCEPAGE:p.141	BONUS:SKILL|Engineering|3|TYPE=ClassSkill|PRECSKILL:1,Engineering|PRESKILL:1,Engineering=1
Intimidate					USEUNTRAINED:Yes	KEYSTAT:CHA					TYPE:Base.Charisma			SOURCEPAGE:p.142	BONUS:SKILL|Intimidate|3|TYPE=ClassSkill|PRECSKILL:1,Intimidate|PRESKILL:1,Intimidate=1
Life Science				USEUNTRAINED:No	KEYSTAT:INT					TYPE:Base.Intelligence			SOURCEPAGE:p.142	BONUS:SKILL|Life Science|3|TYPE=ClassSkill|PRECSKILL:1,Life Science|PRESKILL:1,Life Science=1
Medicine					USEUNTRAINED:No	KEYSTAT:INT					TYPE:Base.Intelligence			SOURCEPAGE:p.143	BONUS:SKILL|Medicine|3|TYPE=ClassSkill|PRECSKILL:1,Medicine|PRESKILL:1,Medicine=1
Mysticism					USEUNTRAINED:No	KEYSTAT:WIS					TYPE:Base.Wisdom				SOURCEPAGE:p.143	BONUS:SKILL|Mysticism|3|TYPE=ClassSkill|PRECSKILL:1,Mysticism|PRESKILL:1,Mysticism=1
Perception					USEUNTRAINED:Yes	KEYSTAT:WIS					TYPE:Base.Wisdom				SOURCEPAGE:p.144	BONUS:SKILL|Perception|3|TYPE=ClassSkill|PRECSKILL:1,Perception|PRESKILL:1,Perception=1
Physical Science				USEUNTRAINED:No	KEYSTAT:INT					TYPE:Base.Intelligence			SOURCEPAGE:p.145	BONUS:SKILL|Physical Science|3|TYPE=ClassSkill|PRECSKILL:1,Physical Science|PRESKILL:1,Physical Science=1
Piloting					USEUNTRAINED:Yes	KEYSTAT:DEX					TYPE:Base.Dexterity			SOURCEPAGE:p.145	BONUS:SKILL|Piloting|3|TYPE=ClassSkill|PRECSKILL:1,Piloting|PRESKILL:1,Piloting=1
Profession (Accountant)			USEUNTRAINED:No	KEYSTAT:INT					TYPE:Base.Intelligence.Profession	SOURCEPAGE:p.146	BONUS:SKILL|Profession (Accountant)|3|TYPE=ClassSkill|PRECSKILL:1,Profession (Accountant)|PRESKILL:1,Profession (Accountant)=1
Profession (Actor)			USEUNTRAINED:No	KEYSTAT:CHA					TYPE:Base.Charisma.Profession		SOURCEPAGE:p.146	BONUS:SKILL|Profession (Actor)|3|TYPE=ClassSkill|PRECSKILL:1,Profession (Actor)|PRESKILL:1,Profession (Actor)=1
Profession (Archaeologist)		USEUNTRAINED:No	KEYSTAT:INT					TYPE:Base.Intelligence.Profession	SOURCEPAGE:p.146	BONUS:SKILL|Profession (Archaeologist)|3|TYPE=ClassSkill|PRECSKILL:1,Profession (Archaeologist)|PRESKILL:1,Profession (Archaeologist)=1
Profession (Architect)			USEUNTRAINED:No	KEYSTAT:INT					TYPE:Base.Intelligence.Profession	SOURCEPAGE:p.146	BONUS:SKILL|Profession (Architect)|3|TYPE=ClassSkill|PRECSKILL:1,Profession (Architect)|PRESKILL:1,Profession (Architect)=1
Profession (Artist)			USEUNTRAINED:No	KEYSTAT:CHA					TYPE:Base.Charisma.Profession		SOURCEPAGE:p.146	BONUS:SKILL|Profession (Artist)|3|TYPE=ClassSkill|PRECSKILL:1,Profession (Artist)|PRESKILL:1,Profession (Artist)=1
Profession (Bounty Hunter)		USEUNTRAINED:No	KEYSTAT:WIS					TYPE:Base.Wisdom.Profession		SOURCEPAGE:p.146	BONUS:SKILL|Profession (Bounty Hunter)|3|TYPE=ClassSkill|PRECSKILL:1,Profession (Bounty Hunter)|PRESKILL:1,Profession (Bounty Hunter)=1
Profession (Comedian)			USEUNTRAINED:No	KEYSTAT:CHA					TYPE:Base.Charisma.Profession		SOURCEPAGE:p.146	BONUS:SKILL|Profession (Comedian)|3|TYPE=ClassSkill|PRECSKILL:1,Profession (Comedian)|PRESKILL:1,Profession (Comedian)=1
Profession (Con Artist)			USEUNTRAINED:No	KEYSTAT:CHA					TYPE:Base.Charisma.Profession		SOURCEPAGE:p.146	BONUS:SKILL|Profession (Con Artist)|3|TYPE=ClassSkill|PRECSKILL:1,Profession (Con Artist)|PRESKILL:1,Profession (Con Artist)=1
Profession (Cook)				USEUNTRAINED:No	KEYSTAT:WIS					TYPE:Base.Wisdom.Profession		SOURCEPAGE:p.146	BONUS:SKILL|Profession (Cook)|3|TYPE=ClassSkill|PRECSKILL:1,Profession (Cook)|PRESKILL:1,Profession (Cook)=1
Profession (Corporate Professional)	USEUNTRAINED:No	KEYSTAT:INT					TYPE:Base.Intelligence.Profession	SOURCEPAGE:p.146	BONUS:SKILL|Profession (Corporate Professional)|3|TYPE=ClassSkill|PRECSKILL:1,Profession (Corporate Professional)|PRESKILL:1,Profession (Corporate Professional)=1
Profession (Courtesan)			USEUNTRAINED:No	KEYSTAT:CHA					TYPE:Base.Charisma.Profession		SOURCEPAGE:p.146	BONUS:SKILL|Profession (Courtesan)|3|TYPE=ClassSkill|PRECSKILL:1,Profession (Courtesan)|PRESKILL:1,Profession (Courtesan)=1
Profession (Counselor)			USEUNTRAINED:No	KEYSTAT:WIS					TYPE:Base.Wisdom.Profession		SOURCEPAGE:p.146	BONUS:SKILL|Profession (Counselor)|3|TYPE=ClassSkill|PRECSKILL:1,Profession (Counselor)|PRESKILL:1,Profession (Counselor)=1
Profession (Dancer)			USEUNTRAINED:No	KEYSTAT:CHA					TYPE:Base.Charisma.Profession		SOURCEPAGE:p.146	BONUS:SKILL|Profession (Dancer)|3|TYPE=ClassSkill|PRECSKILL:1,Profession (Dancer)|PRESKILL:1,Profession (Dancer)=1
Profession (Dockworker)			USEUNTRAINED:No	KEYSTAT:WIS					TYPE:Base.Wisdom.Profession		SOURCEPAGE:p.146	BONUS:SKILL|Profession (Dockworker)|3|TYPE=ClassSkill|PRECSKILL:1,Profession (Dockworker)|PRESKILL:1,Profession (Dockworker)=1
Profession (Electrician)		USEUNTRAINED:No	KEYSTAT:INT					TYPE:Base.Intelligence.Profession	SOURCEPAGE:p.146	BONUS:SKILL|Profession (Electrician)|3|TYPE=ClassSkill|PRECSKILL:1,Profession (Electrician)|PRESKILL:1,Profession (Electrician)=1
Profession (Farmer)			USEUNTRAINED:No	KEYSTAT:WIS					TYPE:Base.Wisdom.Profession		SOURCEPAGE:p.146	BONUS:SKILL|Profession (Farmer)|3|TYPE=ClassSkill|PRECSKILL:1,Profession (Farmer)|PRESKILL:1,Profession (Farmer)=1
Profession (Gambler)			USEUNTRAINED:No	KEYSTAT:WIS					TYPE:Base.Wisdom.Profession		SOURCEPAGE:p.146	BONUS:SKILL|Profession (Gambler)|3|TYPE=ClassSkill|PRECSKILL:1,Profession (Gambler)|PRESKILL:1,Profession (Gambler)=1
Profession (General Contractor)	USEUNTRAINED:No	KEYSTAT:WIS					TYPE:Base.Wisdom.Profession		SOURCEPAGE:p.146	BONUS:SKILL|Profession (General Contractor)|3|TYPE=ClassSkill|PRECSKILL:1,Profession (General Contractor)|PRESKILL:1,Profession (General Contractor)=1
Profession (Herbalist)			USEUNTRAINED:No	KEYSTAT:WIS					TYPE:Base.Wisdom.Profession		SOURCEPAGE:p.146	BONUS:SKILL|Profession (Herbalist)|3|TYPE=ClassSkill|PRECSKILL:1,Profession (Herbalist)|PRESKILL:1,Profession (Herbalist)=1
Profession (Lab Technician)		USEUNTRAINED:No	KEYSTAT:INT					TYPE:Base.Intelligence.Profession	SOURCEPAGE:p.146	BONUS:SKILL|Profession (Lab Technician)|3|TYPE=ClassSkill|PRECSKILL:1,Profession (Lab Technician)|PRESKILL:1,Profession (Lab Technician)=1
Profession (Lawyer)			USEUNTRAINED:No	KEYSTAT:INT					TYPE:Base.Intelligence.Profession	SOURCEPAGE:p.146	BONUS:SKILL|Profession (Lawyer)|3|TYPE=ClassSkill|PRECSKILL:1,Profession (Lawyer)|PRESKILL:1,Profession (Lawyer)=1
Profession (Maintenance Worker)	USEUNTRAINED:No	KEYSTAT:WIS					TYPE:Base.Wisdom.Profession		SOURCEPAGE:p.146	BONUS:SKILL|Profession (Maintenance Worker)|3|TYPE=ClassSkill|PRECSKILL:1,Profession (Maintenance Worker)|PRESKILL:1,Profession (Maintenance Worker)=1
Profession (Manager)			USEUNTRAINED:No	KEYSTAT:WIS					TYPE:Base.Wisdom.Profession		SOURCEPAGE:p.146	BONUS:SKILL|Profession (Manager)|3|TYPE=ClassSkill|PRECSKILL:1,Profession (Manager)|PRESKILL:1,Profession (Manager)=1
Profession (Mathematician)		USEUNTRAINED:No	KEYSTAT:INT					TYPE:Base.Intelligence.Profession	SOURCEPAGE:p.146	BONUS:SKILL|Profession (Mathematician)|3|TYPE=ClassSkill|PRECSKILL:1,Profession (Mathematician)|PRESKILL:1,Profession (Mathematician)=1
Profession (Mercenary)			USEUNTRAINED:No	KEYSTAT:WIS					TYPE:Base.Wisdom.Profession		SOURCEPAGE:p.146	BONUS:SKILL|Profession (Mercenary)|3|TYPE=ClassSkill|PRECSKILL:1,Profession (Mercenary)|PRESKILL:1,Profession (Mercenary)=1
Profession (Merchant)			USEUNTRAINED:No	KEYSTAT:WIS					TYPE:Base.Wisdom.Profession		SOURCEPAGE:p.146	BONUS:SKILL|Profession (Merchant)|3|TYPE=ClassSkill|PRECSKILL:1,Profession (Merchant)|PRESKILL:1,Profession (Merchant)=1
Profession (Miner)			USEUNTRAINED:No	KEYSTAT:WIS					TYPE:Base.Wisdom.Profession		SOURCEPAGE:p.146	BONUS:SKILL|Profession (Miner)|3|TYPE=ClassSkill|PRECSKILL:1,Profession (Miner)|PRESKILL:1,Profession (Miner)=1
Profession (Musician)			USEUNTRAINED:No	KEYSTAT:CHA					TYPE:Base.Charisma.Profession		SOURCEPAGE:p.146	BONUS:SKILL|Profession (Musician)|3|TYPE=ClassSkill|PRECSKILL:1,Profession (Musician)|PRESKILL:1,Profession (Musician)=1
Profession (Orator)			USEUNTRAINED:No	KEYSTAT:CHA					TYPE:Base.Charisma.Profession		SOURCEPAGE:p.146	BONUS:SKILL|Profession (Orator)|3|TYPE=ClassSkill|PRECSKILL:1,Profession (Orator)|PRESKILL:1,Profession (Orator)=1
Profession (Philosopher)		USEUNTRAINED:No	KEYSTAT:INT					TYPE:Base.Intelligence.Profession	SOURCEPAGE:p.146	BONUS:SKILL|Profession (Philosopher)|3|TYPE=ClassSkill|PRECSKILL:1,Profession (Philosopher)|PRESKILL:1,Profession (Philosopher)=1
Profession (Poet)				USEUNTRAINED:No	KEYSTAT:CHA					TYPE:Base.Charisma.Profession		SOURCEPAGE:p.146	BONUS:SKILL|Profession (Poet)|3|TYPE=ClassSkill|PRECSKILL:1,Profession (Poet)|PRESKILL:1,Profession (Poet)=1
Profession (Politician)			USEUNTRAINED:No	KEYSTAT:CHA					TYPE:Base.Charisma.Profession		SOURCEPAGE:p.146	BONUS:SKILL|Profession (Politician)|3|TYPE=ClassSkill|PRECSKILL:1,Profession (Politician)|PRESKILL:1,Profession (Politician)=1
Profession (Professor)			USEUNTRAINED:No	KEYSTAT:INT					TYPE:Base.Intelligence.Profession	SOURCEPAGE:p.146	BONUS:SKILL|Profession (Professor)|3|TYPE=ClassSkill|PRECSKILL:1,Profession (Professor)|PRESKILL:1,Profession (Professor)=1
Profession (Psychologist)		USEUNTRAINED:No	KEYSTAT:INT					TYPE:Base.Intelligence.Profession	SOURCEPAGE:p.146	BONUS:SKILL|Profession (Psychologist)|3|TYPE=ClassSkill|PRECSKILL:1,Profession (Psychologist)|PRESKILL:1,Profession (Psychologist)=1
Profession (Smuggler)			USEUNTRAINED:No	KEYSTAT:WIS					TYPE:Base.Wisdom.Profession		SOURCEPAGE:p.146	BONUS:SKILL|Profession (Smuggler)|3|TYPE=ClassSkill|PRECSKILL:1,Profession (Smuggler)|PRESKILL:1,Profession (Smuggler)=1
Profession (Video Personality)	USEUNTRAINED:No	KEYSTAT:CHA					TYPE:Base.Charisma.Profession		SOURCEPAGE:p.146	BONUS:SKILL|Profession (Video Personality)|3|TYPE=ClassSkill|PRECSKILL:1,Profession (Video Personality)|PRESKILL:1,Profession (Video Personality)=1
Profession (Vidgamer)			USEUNTRAINED:No	KEYSTAT:INT					TYPE:Base.Intelligence.Profession	SOURCEPAGE:p.146	BONUS:SKILL|Profession (Vidgamer)|3|TYPE=ClassSkill|PRECSKILL:1,Profession (Vidgamer)|PRESKILL:1,Profession (Vidgamer)=1
Profession (Writer)			USEUNTRAINED:No	KEYSTAT:CHA					TYPE:Base.Charisma.Profession		SOURCEPAGE:p.146	BONUS:SKILL|Profession (Writer)|3|TYPE=ClassSkill|PRECSKILL:1,Profession (Writer)|PRESKILL:1,Profession (Writer)=1
Sense Motive				USEUNTRAINED:Yes	KEYSTAT:WIS					TYPE:Base.Wisdom				SOURCEPAGE:p.146	BONUS:SKILL|Sense Motive|3|TYPE=ClassSkill|PRECSKILL:1,Sense Motive|PRESKILL:1,Sense Motive=1
Sleight of Hand				USEUNTRAINED:No	KEYSTAT:DEX		ACHECK:YES		TYPE:Base.Dexterity.ACHECK		SOURCEPAGE:p.146	BONUS:SKILL|Sleight of Hand|3|TYPE=ClassSkill|PRECSKILL:1,Sleight of Hand|PRESKILL:1,Sleight of Hand=1
Stealth					USEUNTRAINED:Yes	KEYSTAT:DEX		ACHECK:YES		TYPE:Base.Dexterity.ACHECK		SOURCEPAGE:p.147	BONUS:SKILL|Stealth|3|TYPE=ClassSkill|PRECSKILL:1,Stealth|PRESKILL:1,Stealth=1
Survival					USEUNTRAINED:Yes	KEYSTAT:WIS					TYPE:Base.Wisdom				SOURCEPAGE:p.148	BONUS:SKILL|Survival|3|TYPE=ClassSkill|PRECSKILL:1,Survival|PRESKILL:1,Survival=1
