# CVS $Revision$ $Author$ -- Fri Mar 23 16:54:25 2007 -- reformated by prettylst.pl v1.37 (build 2312)
SOURCELONG:Critical Feats	SOURCESHORT:CritFeat	SOURCEWEB:http://www.realitydeviants.net/content/critfeat.html

#CREATED BY: Paul W. King, Mar 2007
#EDITED BY: Paul W. King, Mar 2007

# Feat Name				Type				Visible	Required Feat				Modify VAR
Arm Breaker DC			TYPE:HiddenCriticalDC	VISIBLE:NO	PREFEAT:1,Arm Breaker			BONUS:VAR|ArmBreakerDC|2
Arterial Bleeding DC		TYPE:HiddenCriticalDC	VISIBLE:NO	PREFEAT:1,Arterial Bleeding		BONUS:VAR|ArterialBleedingDC|2
Back Breaker DC			TYPE:HiddenCriticalDC	VISIBLE:NO	PREFEAT:1,Back Breaker			BONUS:VAR|BackBreakerDC|2
Blackout DC				TYPE:HiddenCriticalDC	VISIBLE:NO	PREFEAT:1,Blackout			BONUS:VAR|BlackoutDC|2
Brutal Uppercut DC		TYPE:HiddenCriticalDC	VISIBLE:NO	PREFEAT:1,Brutal Uppercut		BONUS:VAR|BrutalUppercutDC|2
Concussing Blow DC		TYPE:HiddenCriticalDC	VISIBLE:NO	PREFEAT:1,Concussing Blow		BONUS:VAR|ConcussingBlowDC|2
Distracting Blow DC		TYPE:HiddenCriticalDC	VISIBLE:NO	PREFEAT:1,Distracting Blow		BONUS:VAR|DistractingBlowDC|2
Eye Shot DC				TYPE:HiddenCriticalDC	VISIBLE:NO	PREFEAT:1,Eye Shot			BONUS:VAR|EyeShotDC|2
Giant Cutter DC			TYPE:HiddenCriticalDC	VISIBLE:NO	PREFEAT:1,Giant Cutter			BONUS:VAR|GiantCutterDC|2
Greater Shield Slam DC		TYPE:HiddenCriticalDC	VISIBLE:NO	PREFEAT:1,Greater Shield Slam		BONUS:VAR|GreaterShieldSlamDC|2
Gut Wrench DC			TYPE:HiddenCriticalDC	VISIBLE:NO	PREFEAT:1,Gut Wrench			BONUS:VAR|GutWrenchDC|2
Hamstring DC			TYPE:HiddenCriticalDC	VISIBLE:NO	PREFEAT:1,Hamstring			BONUS:VAR|HamstringDC|2
Improved Shield Slam DC		TYPE:HiddenCriticalDC	VISIBLE:NO	PREFEAT:1,Improved Shield Slam	BONUS:VAR|ImprovedShieldSlamDC|2
Leg Breaker DC			TYPE:HiddenCriticalDC	VISIBLE:NO	PREFEAT:1,Leg Breaker			BONUS:VAR|LegBreakerDC|2
Multiple Strikes Mastery DC	TYPE:HiddenCriticalDC	VISIBLE:NO	PREFEAT:1,Multiple Strikes Mastery	BONUS:VAR|MultipleStrikesMasteryDC|2
Nauseating Blow DC		TYPE:HiddenCriticalDC	VISIBLE:NO	PREFEAT:1,Nauseating Blow		BONUS:VAR|NauseatingBlowDC|2
Pinning Charge DC			TYPE:HiddenCriticalDC	VISIBLE:NO	PREFEAT:1,Pinning Charge		BONUS:VAR|PinningChargeDC|2
Puncture Lung DC			TYPE:HiddenCriticalDC	VISIBLE:NO	PREFEAT:1,Puncture Lung			BONUS:VAR|PunctureLungDC|2
Ricochet Shot DC			TYPE:HiddenCriticalDC	VISIBLE:NO	PREFEAT:1,Ricochet Shot			BONUS:VAR|RicochetShotDC|2
Slice Tendon DC			TYPE:HiddenCriticalDC	VISIBLE:NO	PREFEAT:1,Slice Tendon			BONUS:VAR|SliceTendonDC|2
Strangle Shot DC			TYPE:HiddenCriticalDC	VISIBLE:NO	PREFEAT:1,Strangle Shot			BONUS:VAR|StrangleShotDC|2
Throat Ripper DC			TYPE:HiddenCriticalDC	VISIBLE:NO	PREFEAT:1,Throat Ripper			BONUS:VAR|ThroatRipperDC|2
Wounding Shot DC			TYPE:HiddenCriticalDC	VISIBLE:NO	PREFEAT:1,Wounding Shot			BONUS:VAR|WoundingShotDC|2
