# CVS $Revision: $ $Author: $ -- Tue Apr 22 01:27:30 2003 -- reformated by prettylst.pl v1.27 (build 277)
SOURCELONG:Fantasy Flight Games - Dragonstar - Guide to Galaxy|SOURCESHORT:GuideGalaxy|SOURCEWEB:http://www.fantasyflightgames.com/dragonstar.html


# Class Name		Hit Dice	Type			Abbreviation	Max Level	Source Page		Automatic Languages	Levels per Feat	Define		Save checks bonus									Combat bonus
CLASS:Space Dragon	HD:12		TYPE:Monster	ABB:SpcDr		MAXLEVEL:99	SOURCEPAGE:Dragon	LANGAUTO:Literacy		LEVELSPERFEAT:4	DEFINE:DAge|1	BONUS:SAVE|BASE.Fortitude,BASE.Reflex,BASE.Willpower|CL/2+2	BONUS:COMBAT|BASEAB|CL
# Class Name		Required Race		Reg. Race Type
CLASS:Space Dragon	PRERACE:Dragon (Space	PRERACETYPE:Dragon
# Class Name		Skill Pts/Lvl	Class Skill
CLASS:Space Dragon	STARTSKILLPTS:6	CSKILL:Listen|Spot|Search|Bluff|Concentration|Diplomacy|Escape Artist|Scry|TYPE.Knowledge
1							SA:Space Subtype	SA:Breath Weapon(Su) %' Cone of Void %d10 vacum DC %|(SIZE-1)*20MAX30|(2*DAge)|BreathWeaponDC																																				DEFINE:BreathWeaponDC|16
2																																		BONUS:COMBAT|AC|CL=Space Dragon|TYPE=NaturalArmor.REPLACE
3
4
5
6
7
8
9
10																										BONUS:VAR|DAge|1	BONUS:VAR|BreathWeaponDC|2
11
12
13	ADD:SPELLCASTER(Sorcerer)		SA:Fly(Sp)																		BONUS:VAR|DAge|1	BONUS:VAR|BreathWeaponDC|1
14																																												BONUS:PCLEVEL|Sorcerer|1
15																																												BONUS:PCLEVEL|Sorcerer|1
16																										BONUS:VAR|DAge|1	BONUS:VAR|BreathWeaponDC|3											BONUS:PCLEVEL|Sorcerer|1
17																																												BONUS:PCLEVEL|Sorcerer|1
18																																												BONUS:PCLEVEL|Sorcerer|1
19						SR:19	SA:Frightful Presence(Ex) % ft DC %|DAge*30|FPres											BONUS:VAR|DAge|1	BONUS:VAR|BreathWeaponDC|2											BONUS:PCLEVEL|Sorcerer|1	BONUS:SKILLRANK|Spellcraft|CLASSLEVEL=Space Dragon|PRESTAT:1,INT=12	DEFINE:FPres|(CLASSLEVEL=Space Dragon)/2+10+CHA
20																																												BONUS:PCLEVEL|Sorcerer|1
21																																												BONUS:PCLEVEL|Sorcerer|1
22						SR:21																				BONUS:VAR|DAge|1	BONUS:VAR|BreathWeaponDC|1											BONUS:PCLEVEL|Sorcerer|1
23																																												BONUS:PCLEVEL|Sorcerer|1
24																																												BONUS:PCLEVEL|Sorcerer|1
25																																												BONUS:PCLEVEL|Sorcerer|1
25						SR:23																				BONUS:VAR|DAge|1	BONUS:VAR|BreathWeaponDC|3											BONUS:PCLEVEL|Sorcerer|1
26																																												BONUS:PCLEVEL|Sorcerer|1
27																																												BONUS:PCLEVEL|Sorcerer|1
28						SR:24	SA:Total Protection 3/day															BONUS:VAR|DAge|1	BONUS:VAR|BreathWeaponDC|2											BONUS:PCLEVEL|Sorcerer|1
29																																												BONUS:PCLEVEL|Sorcerer|1
30																																												BONUS:PCLEVEL|Sorcerer|1
31						SR:26																				BONUS:VAR|DAge|1	BONUS:VAR|BreathWeaponDC|3											BONUS:PCLEVEL|Sorcerer|1
32																																												BONUS:PCLEVEL|Sorcerer|1
33																																												BONUS:PCLEVEL|Sorcerer|1
34																																												BONUS:PCLEVEL|Sorcerer|1
34						SR:28	SA:Tractor Beam 3/day																BONUS:VAR|DAge|1	BONUS:VAR|BreathWeaponDC|1											BONUS:PCLEVEL|Sorcerer|1
35																																												BONUS:PCLEVEL|Sorcerer|1
36																																												BONUS:PCLEVEL|Sorcerer|1
37						SR:30																				BONUS:VAR|DAge|1	BONUS:VAR|BreathWeaponDC|4											BONUS:PCLEVEL|Sorcerer|1
38																																												BONUS:PCLEVEL|Sorcerer|1
39																																												BONUS:PCLEVEL|Sorcerer|1
40						SR:32	SA:Implosion 3/day																BONUS:VAR|DAge|1	BONUS:VAR|BreathWeaponDC|2											BONUS:PCLEVEL|Sorcerer|1
41																																												BONUS:PCLEVEL|Sorcerer|1
42																																												BONUS:PCLEVEL|Sorcerer|1
43																																												BONUS:PCLEVEL|Sorcerer|1
44																																												BONUS:PCLEVEL|Sorcerer|1
45																																												BONUS:PCLEVEL|Sorcerer|1
46																																												BONUS:PCLEVEL|Sorcerer|1
48																																												BONUS:PCLEVEL|Sorcerer|1
49																																												BONUS:PCLEVEL|Sorcerer|1

# Class Name	Hit Dice	Type			Abbreviation	Max Level	Source Page		Automatic Languages	Levels per Feat	Define		Save checks bonus									Combat bonus
CLASS:Star Dragon	HD:12		TYPE:Monster	ABB:StrDr		MAXLEVEL:99	SOURCEPAGE:Dragon	LANGAUTO:Literacy		LEVELSPERFEAT:4	DEFINE:DAge|1	BONUS:SAVE|BASE.Fortitude,BASE.Reflex,BASE.Willpower|CL/2+2	BONUS:COMBAT|BASEAB|CL
# Class Name	Required Race		Reg. Race Type
CLASS:Star Dragon	PRERACE:Dragon (Star	PRERACETYPE:Dragon
# Class Name	Skill Pts/Lvl	Class Skill
CLASS:Star Dragon	STARTSKILLPTS:6	CSKILL:Listen|Spot|Search|Bluff|Concentration|Diplomacy|Escape Artist|Scry|TYPE.Knowledge
1							SA:Breath Weapon(Su) % ft Line of High-Energy Radiation %d10 Radiation DC %|(SIZE-1)*20|(2*DAge)|BreathWeaponDC																																				DEFINE:BreathWeaponDC|16
2																																		BONUS:COMBAT|AC|CL=Star Dragon|TYPE=NaturalArmor.REPLACE
3
4
5
6
7
8
9
10
11																										BONUS:VAR|DAge|1	BONUS:VAR|BreathWeaponDC|2
12
13
14							SA:Fly(Sp)																		BONUS:VAR|DAge|1	BONUS:VAR|BreathWeaponDC|2
15
16
17	ADD:SPELLCASTER(Sorcerer)																					BONUS:VAR|DAge|1	BONUS:VAR|BreathWeaponDC|2
18																																												BONUS:PCLEVEL|Sorcerer|1
19																																												BONUS:PCLEVEL|Sorcerer|1
20						SR:21	SA:Frightful Presence(Ex) % ft DC %|DAge*30|FPres											BONUS:VAR|DAge|1	BONUS:VAR|BreathWeaponDC|3											BONUS:PCLEVEL|Sorcerer|1	BONUS:SKILLRANK|Spellcraft|CLASSLEVEL=Space Dragon|PRESTAT:1,INT=12	DEFINE:FPres|(CLASSLEVEL=Space Dragon)/2+10+CHA
21																																												BONUS:PCLEVEL|Sorcerer|1
22																																												BONUS:PCLEVEL|Sorcerer|1
23						SR:23																				BONUS:VAR|DAge|1	BONUS:VAR|BreathWeaponDC|1											BONUS:PCLEVEL|Sorcerer|1
24																																												BONUS:PCLEVEL|Sorcerer|1
25																																												BONUS:PCLEVEL|Sorcerer|1
26						SR:25																				BONUS:VAR|DAge|1	BONUS:VAR|BreathWeaponDC|3											BONUS:PCLEVEL|Sorcerer|1
27																																												BONUS:PCLEVEL|Sorcerer|1
28																																												BONUS:PCLEVEL|Sorcerer|1
29						SR:27	SA:Total Protection 3/day															BONUS:VAR|DAge|1	BONUS:VAR|BreathWeaponDC|2											BONUS:PCLEVEL|Sorcerer|1
30																																												BONUS:PCLEVEL|Sorcerer|1
31																																												BONUS:PCLEVEL|Sorcerer|1
32						SR:28																				BONUS:VAR|DAge|1	BONUS:VAR|BreathWeaponDC|3											BONUS:PCLEVEL|Sorcerer|1
33																																												BONUS:PCLEVEL|Sorcerer|1
34																																												BONUS:PCLEVEL|Sorcerer|1
35						SR:30	SA:Tractor Beam 3/day																BONUS:VAR|DAge|1	BONUS:VAR|BreathWeaponDC|2											BONUS:PCLEVEL|Sorcerer|1
36																																												BONUS:PCLEVEL|Sorcerer|1
37																																												BONUS:PCLEVEL|Sorcerer|1
38						SR:31																				BONUS:VAR|DAge|1	BONUS:VAR|BreathWeaponDC|3											BONUS:PCLEVEL|Sorcerer|1
39																																												BONUS:PCLEVEL|Sorcerer|1
40																																												BONUS:PCLEVEL|Sorcerer|1
41						SR:33	SA:Sunburst 3/day																	BONUS:VAR|DAge|1	BONUS:VAR|BreathWeaponDC|2											BONUS:PCLEVEL|Sorcerer|1
42																																												BONUS:PCLEVEL|Sorcerer|1
43																																												BONUS:PCLEVEL|Sorcerer|1
44																																												BONUS:PCLEVEL|Sorcerer|1
45																																												BONUS:PCLEVEL|Sorcerer|1
46																																												BONUS:PCLEVEL|Sorcerer|1
48																																												BONUS:PCLEVEL|Sorcerer|1
49																																												BONUS:PCLEVEL|Sorcerer|1
