# CVS $Revision: 1.12 $ $Author: darkon_turas $ -- Sat Jun 15 11:17:58 2002 -- reformated by prettylst.pl v1.13
# CN 	= Class Name	
# AL 	= Alignments Character Can Be	
# HD 	= Hit Die	
# SP 	= Starting Skill Points	
# F 	= Starting Feats	
# SS 	= Spell Stat	
# ST 	= Spell Type	
# AR 	= Attack Rating	
# FS 	= Fortitude Save	
# RS 	= Reflex Save	
# WS 	= Willpower Save	
# CWA 	= Class Automatically gets these Weapons	
# MBABR	= Minimum Base Attack Bonus to Qualify for this class
# RSCT 	= Required Spell Casting Type to be this class	
# RS 	= Required Skill to be this class	
# RF 	= Required Feat to be this class		
# CA 	= Class Abbreviation		
# CML 	= Class Maximum Level	
# RR 	= Required Race to be this Class		
# SCA 	= Special Class Abilities		
# RSS 	= Required Spell School	
# CT 	= Class Type	
# RD 	= Required Deity
# SG 	= Starting Gold	
# SM 	= Source Material	
# LB 	= Language Bonus	
# SMT 	= Spell Memorization Type		
# LA 	= Language Automatically Start	
# BT 	= Bonus Types		
# CSAC 	= Cast Spells As Class	
# KSSLC	= Known Spells - See Level Chart	
# RE 	= Required Equipment		
# RUBAB	= Required Unarmed Base Attack Bonus	
# RWP 	= Required Weapon Proficiency
# MRAS 	= Minimum Required Ability Score	
# RSSS 	= Required Spell Sub-School	
# PRS 	= Pre-Required Spell to be this class		
# RC 	= Required Class to be this Prestige class		
# RTM 	= Required to Memorize Spells	
# PRSA 	= Pre-Required Special Ability		
# RL 	= Required Languages to be this class		
# MRST 	= Minimum Required Saving Throw (type Fort/Ref/Will)
# DS 	= Define Special	
# AA 	= Add Ability to class (feat/skill)	
# CT 	= Class Type (PC/NPC/Template/Monster)

SOURCE:FaNCC - Netbook of Chocolate

# Class Name		AL		HD	SP	F	SS	ST	AR	FS	RS	WS	Type			ABB	Max Level	Known Spells							Source Page		WEAPONAUTO		Required Feat						Required Skill										Required Saving Throws
CLASS:Cacao-Guardian		HD:8	STARTSKILLPTS:4	XTRAFEATS:0	SPELLSTAT:WIS	SPELLTYPE:Divine	BONUS:COMBAT|BASEAB|3*CL/4	BONUS:SAVE|BASE.FORTITUDE|(CL/2)+2	BONUS:SAVE|BASE.REFLEX|CL/3	BONUS:SAVE|BASE.WILLPOWER|(CL/2)+2	TYPE:PC.Prestige	ABB:Cht	MAXLEVEL:10	KNOWNSPELLS:LEVEL=0|LEVEL=1|LEVEL=2|LEVEL=3|LEVEL=4|Level=5	SOURCEPAGE:p.6		WEAPONAUTO:SIMPLE	PREABILITY:2,CATEGORY=FEAT,Chocolate Connoisseur,Cacao Specialist	PRESKILL:1,Profession (Cook)=8	PRESKILL:2,Knowledge (Nature),Knowledge (Religion)=4	PRECHECKBASE:1,WILLPOWER=3	PRECHECKBASE:1,FORTITUDE=3
1	CAST:3,1			SA:Resist Chocolate Sickness,Chocolate Delicacies												SA:Smite Good %/day|Smite Good				SA:Lay on Hands % hp/day|Lay on Hands	BONUS:VAR|Smite Good|.IF.CLASSLEVEL=Ex Paladin.GTEQ.1.THEN.1.ELSE.0	BONUS:VAR|Sneak Attack|.IF.CLASSLEVEL=Ex Paladin.GTEQ.5.THEN.1.ELSE.0	SA:Undead companion (%)|.IF.CLASSLEVEL=Ex Paladin.GTEQ.9.THEN.1.ELSE.0	SA:Fiendish summmoning %/day|.IF.CLASSLEVEL=Ex Paladin.GTEQ.7.THEN.1.ELSE.0	EXCHANGELEVEL:Ex Paladin|11|10|1	FEATAUTO:Simple Weapon Proficiency|Armor Proficiency (Light)|Armor Proficiency (Medium)|Armor Proficiency (Heavy)|Shield Proficiency|Martial Weapon Proficiency
2	CAST:4,2			SA:Improved Chacao Specialist (+%)|3		BONUS:SKILL|Craft (Dutching)|1
3	CAST:4,2,1			SA:Improved Chocolate Connoisseur (+%)|3	BONUS:SKILL|Identify Chocolate,Profession (Chocolateer)|1
4	CAST:5,3,2			SA:Enhanced Chocolate Magic (+%/-%0)|1
5	CAST:5,3,2,1			SA:Improved Chacao Specialist (+%)|1		BONUS:SKILL|Craft (Dutching)|1
6	CAST:5,3,3,2			SA:Improved Chocolate Connoisseur (+%)|1	BONUS:SKILL|Identify Chocolate,Profession (Chocolateer)|1
7	CAST:6,4,3,2,1			SA:Enhanced Chocolate Magic (+%/-%0)|1
8	CAST:6,4,3,3,2			SA:Improved Chacao Specialist (+%)|1		BONUS:SKILL|Craft (Dutching)|1
9	CAST:6,4,4,3,2,1		SA:Improved Chocolate Connoisseur (+%)|1	BONUS:SKILL|Identify Chocolate,Profession (Chocolateer)|1
10	CAST:6,4,4,3,3,2		SA:Enhanced Chocolate Magic (+%/-%0)|1

# Class Name		AL		HD	SP	F	SS	ST	AR	FS	RS	WS	Type			ABB	Max Level									Source Page	Required AL		SPECIALS			WEAPONAUTO							Required Alignment	Required Feat			Required Skill
CLASS:Choco-Charlatan			HD:6	STARTSKILLPTS:8	XTRAFEATS:0	SPELLSTAT:None	SPELLTYPE:None	BONUS:COMBAT|BASEAB|3*CL/4	BONUS:SAVE|BASE.FORTITUDE|CL/3	BONUS:SAVE|BASE.REFLEX|(CL/2)+2	BONUS:SAVE|BASE.WILLPOWER|CL/3	TYPE:PC.Prestige	ABB:Cct	MAXLEVEL:5									SOURCEPAGE:p.8	PREALIGN:1,2,4,5,7,8	SPECIALS:Sneak Attack|Rogue|1	WEAPONAUTO:Simple Weapon Proficiency|Armor Proficiency (Light)	PREALIGN:1,2,4,5,7,8	PREABILITY:1,CATEGORY=FEAT,Chocolate Connoisseur	PRESKILL:2,Bluff,Profession (Cook)=8	PRESKILL:2,Disguise,Forgery=4
1	SA:Chocolate of Charming (+%)|2	ADD:Delicacies of Deceit(Chocolate of Death,Chocolate of Impotence,Chocolate of Lust,Chocolate of Slumber)		FEATAUTO:Armor Proficiency (Light)
2	BONUS:VAR|Sneak Attack|1
3	SA:Chocolate of Charming (+%)|1	ADD:Delicacies of Deceit(Chocolate of Death,Chocolate of Impotence,Chocolate of Lust,Chocolate of Slumber)
4	BONUS:VAR|Sneak Attack|1
5	SA:Chocolate of Charming (+%)|1	ADD:Delicacies of Deceit(Chocolate of Death,Chocolate of Impotence,Chocolate of Lust,Chocolate of Slumber)
