# $ $Author: Andrew Wilson (nuance) $ 
SOURCELONG:Tome of Horrors Complete	SOURCESHORT:TOHC	SOURCEWEB:http://froggodgames.com/tome-horrors-complete	SOURCEDATE:2014-03
# ORIGINAL ENTRY: Andrew Wilson
# ORIGINAL ENTRY DATE: 2014/03/22

#		KEY: ~ xxx		CATEGORY:Special Ability	TYPE:xxxRaceTrait.RaceTrait.SpecialQuality		DESC:
#		KEY: ~ xxx		CATEGORY:Special Ability	TYPE:xxxClassFeature.ClassFeature.SpecialQuality	DESC:
#		KEY: ~ xxx		CATEGORY:Special Ability	TYPE:xxxClassAbility.ClassAbility.SpecialQuality	DESC:
#		KEY: ~ xxx		CATEGORY:Special Ability	TYPE:xxxRaceAbility.RaceAbility.SpecialQuality		DESC:

###
### Aberant
###

Visible Category	KEY:Aberant ~ Deformity Visibility	CATEGORY:Special Ability	TYPE:AberantDeformity	COST:1	VISIBLE:NO

### Aberant Deformities scaffolding
Toughened hide			KEY:Aberant Deformity ~ Toughened hide	CATEGORY:Special Ability	TYPE:AberantDeformity.RaceAbility.SpecialQuality	COST:0	!PREABILITY:1,CATEGORY=Special Ability,Aberant Deformity ~ Toughened hide
Extra arm				KEY:Aberant Deformity ~ Extra arm	CATEGORY:Special Ability	TYPE:AberantDeformity.RaceAbility.SpecialQuality	COST:0	!PREABILITY:1,CATEGORY=Special Ability,Aberant Deformity ~ Extra arm
Additional eyes			KEY:Aberant Deformity ~ Additional eyes	CATEGORY:Special Ability	TYPE:AberantDeformity.RaceAbility.SpecialQuality	COST:0	!PREABILITY:1,CATEGORY=Special Ability,Aberant Deformity ~ Additional eyes
Unusually located eyes		KEY:Aberant Deformity ~ Unusually located eyes	CATEGORY:Special Ability	TYPE:AberantDeformity.RaceAbility.SpecialQuality	COST:0	!PREABILITY:1,CATEGORY=Special Ability,Aberant Deformity ~ Unusually located eyes
Hunched back			KEY:Aberant Deformity ~ Hunched back	CATEGORY:Special Ability	TYPE:AberantDeformity.RaceAbility.SpecialQuality	COST:0	!PREABILITY:1,CATEGORY=Special Ability,Aberant Deformity ~ Hunched back
Strangely deformed head		KEY:Aberant Deformity ~ Strangely deformed head	CATEGORY:Special Ability	TYPE:AberantDeformity.RaceAbility.SpecialQuality	COST:0	!PREABILITY:1,CATEGORY=Special Ability,Aberant Deformity ~ Strangely deformed head
Oversized ears			KEY:Aberant Deformity ~ Oversized ears	CATEGORY:Special Ability	TYPE:AberantDeformity.RaceAbility.SpecialQuality	COST:0	!PREABILITY:1,CATEGORY=Special Ability,Aberant Deformity ~ Oversized ears
Oversized nose			KEY:Aberant Deformity ~ Oversized nose	CATEGORY:Special Ability	TYPE:AberantDeformity.RaceAbility.SpecialQuality	COST:0	!PREABILITY:1,CATEGORY=Special Ability,Aberant Deformity ~ Oversized nose
Huge feet or short legs		KEY:Aberant Deformity ~ Huge feet or short legs	CATEGORY:Special Ability	TYPE:AberantDeformity.RaceAbility.SpecialQuality	COST:0	!PREABILITY:1,CATEGORY=Special Ability,Aberant Deformity ~ Huge feet or short legs
Elongated nails or claws	KEY:Aberant Deformity ~ Elongated nails or claws	CATEGORY:Special Ability	TYPE:AberantDeformity.RaceAbility.SpecialQuality	COST:0	!PREABILITY:1,CATEGORY=Special Ability,Aberant Deformity ~ Elongated nails or claws
Fangs or large mouth		KEY:Aberant Deformity ~ Fangs or large mouth	CATEGORY:Special Ability	TYPE:AberantDeformity.RaceAbility.SpecialQuality	COST:0	!PREABILITY:1,CATEGORY=Special Ability,Aberant Deformity ~ Fangs or large mouth
Tail					KEY:Aberant Deformity ~ Tail	CATEGORY:Special Ability	TYPE:AberantDeformity.RaceAbility.SpecialQuality	COST:0	!PREABILITY:1,CATEGORY=Special Ability,Aberant Deformity ~ Tail
One or more pointed horns	KEY:Aberant Deformity ~ One or more pointed horns	CATEGORY:Special Ability	TYPE:AberantDeformity.RaceAbility.SpecialQuality	COST:0	!PREABILITY:1,CATEGORY=Special Ability,Aberant Deformity ~ One or more pointed horns
Large curled horns		KEY:Aberant Deformity ~ Large curled horns	CATEGORY:Special Ability	TYPE:AberantDeformity.RaceAbility.SpecialQuality	COST:0	!PREABILITY:1,CATEGORY=Special Ability,Aberant Deformity ~ Large curled horns
Long gangly arms			KEY:Aberant Deformity ~ Long gangly arms	CATEGORY:Special Ability	TYPE:AberantDeformity.RaceAbility.SpecialQuality	COST:0	!PREABILITY:1,CATEGORY=Special Ability,Aberant Deformity ~ Long gangly arms
Long muscular legs		KEY:Aberant Deformity ~ Long muscular legs	CATEGORY:Special Ability	TYPE:AberantDeformity.RaceAbility.SpecialQuality	COST:0	!PREABILITY:1,CATEGORY=Special Ability,Aberant Deformity ~ Long muscular legs
Gills					KEY:Aberant Deformity ~ Gills	CATEGORY:Special Ability	TYPE:AberantDeformity.RaceAbility.SpecialQuality	COST:0	!PREABILITY:1,CATEGORY=Special Ability,Aberant Deformity ~ Gills
Exudes foul odor			KEY:Aberant Deformity ~ Exudes foul odor	CATEGORY:Special Ability	TYPE:AberantDeformity.RaceAbility.SpecialQuality	COST:0	!PREABILITY:1,CATEGORY=Special Ability,Aberant Deformity ~ Exudes foul odor
Venomous				KEY:Aberant Deformity ~ Venomous	CATEGORY:Special Ability	TYPE:AberantDeformity.RaceAbility.SpecialQuality	COST:0	!PREABILITY:1,CATEGORY=Special Ability,Aberant Deformity ~ Venomous
Advanced deformity		KEY:Aberant Deformity ~ Advanced deformity	CATEGORY:Special Ability	TYPE:AberantDeformity.RaceAbility.SpecialQuality	COST:0

### Aberant Deformities scaffolding
Toughened hide			KEY:Aberant Advanced Deformity ~ Toughened hide	CATEGORY:Special Ability	TYPE:AdvancedAberantDeformity.RaceAbility	COST:1	PREABILITY:1,CATEGORY=Special Ability,Aberant Deformity ~ Toughened hide
Extra arm				KEY:Aberant Advanced Deformity ~ Extra arm	CATEGORY:Special Ability	TYPE:AdvancedAberantDeformity.RaceAbility	COST:1	PREABILITY:1,CATEGORY=Special Ability,Aberant Deformity ~ Extra arm
Additional eyes			KEY:Aberant Advanced Deformity ~ Additional eyes	CATEGORY:Special Ability	TYPE:AdvancedAberantDeformity.RaceAbility	COST:1	PREABILITY:1,CATEGORY=Special Ability,Aberant Deformity ~ Additional eyes
Hunched back			KEY:Aberant Advanced Deformity ~ Hunched back	CATEGORY:Special Ability	TYPE:AdvancedAberantDeformity.RaceAbility	COST:1	PREABILITY:1,CATEGORY=Special Ability,Aberant Deformity ~ Hunched back
Oversized ears			KEY:Aberant Advanced Deformity ~ Oversized ears	CATEGORY:Special Ability	TYPE:AdvancedAberantDeformity.RaceAbility	COST:1	PREABILITY:1,CATEGORY=Special Ability,Aberant Deformity ~ Oversized ears
Huge feet or short legs		KEY:Aberant Advanced Deformity ~ Huge feet or short legs	CATEGORY:Special Ability	TYPE:AdvancedAberantDeformity.RaceAbility	COST:1	PREABILITY:1,CATEGORY=Special Ability,Aberant Deformity ~ Huge feet or short legs
Elongated nails or claws	KEY:Aberant Advanced Deformity ~ Elongated nails or claws	CATEGORY:Special Ability	TYPE:AdvancedAberantDeformity.RaceAbility	COST:1	PREABILITY:1,CATEGORY=Special Ability,Aberant Deformity ~ Elongated nails or claws
Fangs or large mouth		KEY:Aberant Advanced Deformity ~ Fangs or large mouth	CATEGORY:Special Ability	TYPE:AdvancedAberantDeformity.RaceAbility	COST:1	PREABILITY:1,CATEGORY=Special Ability,Aberant Deformity ~ Fangs or large mouth
Tail					KEY:Aberant Advanced Deformity ~ Tail	CATEGORY:Special Ability	TYPE:AdvancedAberantDeformity.RaceAbility	COST:1	PREABILITY:1,CATEGORY=Special Ability,Aberant Deformity ~ Tail
One or more pointed horns	KEY:Aberant Advanced Deformity ~ One or more pointed horns	CATEGORY:Special Ability	TYPE:AdvancedAberantDeformity.RaceAbility	COST:1	PREABILITY:1,CATEGORY=Special Ability,Aberant Deformity ~ One or more pointed horns
Large curled horns		KEY:Aberant Advanced Deformity ~ Large curled horns	CATEGORY:Special Ability	TYPE:AdvancedAberantDeformity.RaceAbility	COST:1	PREABILITY:1,CATEGORY=Special Ability,Aberant Deformity ~ Large curled horns
Long gangly arms			KEY:Aberant Advanced Deformity ~ Long gangly arms	CATEGORY:Special Ability	TYPE:AdvancedAberantDeformity.RaceAbility	COST:1	PREABILITY:1,CATEGORY=Special Ability,Aberant Deformity ~ Long gangly arms
Long muscular legs		KEY:Aberant Advanced Deformity ~ Long muscular legs	CATEGORY:Special Ability	TYPE:AdvancedAberantDeformity.RaceAbility	COST:1	PREABILITY:1,CATEGORY=Special Ability,Aberant Deformity ~ Long muscular legs
Exudes foul odor			KEY:Aberant Advanced Deformity ~ Exudes foul odor	CATEGORY:Special Ability	TYPE:AdvancedAberantDeformity.RaceAbility	COST:1	PREABILITY:1,CATEGORY=Special Ability,Aberant Deformity ~ Exudes foul odor

Aberant ~ Racial Abilities									CATEGORY:Internal		ABILITY:Special Ability|AUTOMATIC|TYPE.AberantRaceAbility	ABILITY:Special Ability|AUTOMATIC|Darkvision	BONUS:VAR|DarkvisionRange|60
Deformities (Ex)				KEY:Aberant ~ Deformities			CATEGORY:Special Ability	TYPE:AberantRaceAbility.RaceAbility.Extraordinary.SpecialAttack		SOURCEPAGE:P.12	DESC:Aberrants possess an assortment of terrible deformities unique to each individual creature. When determining the deformities of a typical aberrant, roll randomly or choose 1d4-1 deformities from the Aberrant Deformities table. If two deformities are contradictory, reroll or select another. Racial bonuses gained from different deformities are cumulative. For each deformity an aberrant possesses, it gains a -2 racial penalty on Charisma-based checks with non-aberrants except for Intimidate checks, where it instead gains a +2 racial bonus.		BONUS:ABILITYPOOL|Aberant Deformity|1		ABILITY:Aberant Deformity|NORMAL|Aberant ~ Deformity Visibility
Oversized Weapon Fighting (Ex)	KEY:Aberant ~ Oversized Weapon Fighting	CATEGORY:Special Ability	TYPE:AberantRaceAbility.RaceAbility.Extraordinary.SpecialAttack		SOURCEPAGE:P.12	DESC:The twisted bodies of aberrants allow them to wield weapons designed for Huge-sized creatures without penalty, as if they were Large-sized weapons.									BONUS:WIELDCATEGORY|ALL|-1
Slow and Steady (Ex)			KEY:Aberant ~ Slow and Steady			CATEGORY:Special Ability	TYPE:AberantRaceAbility.RaceAbility.Extraordinary.SpecialQuality		SOURCEPAGE:P.12	DESC:Aberrants have a base speed of 20 feet, but their speed is never modified by armor or encumbrance.																	UNENCUMBEREDMOVE:HeavyLoad|HeavyArmor
Stench					KEY:Aberant ~ Stench				CATEGORY:Special Ability	TYPE:SpecialQuality.Extraordinary.Aura						SOURCEPAGE:P.12	DESC:You secrete an oily chemical that nearly every other creature finds offensive.																					ASPECT:Ability Benefit|(DC %1, %2 rounds)|AberantFoulOdourDC|AberantFoulOdourDuration	BENEFIT:You secrete an oily chemical that nearly every other creature finds offensive. All living creatures (except those with the stench special ability, or other Aberants) within 30 feet must succeed on a Fortitude save (DC %1) or be sickened for %2 rounds. Creatures that successfully save cannot be affected by your stench for 24 hours. A delay poison or neutralize poison spell removes the effect from the sickened creature. Creatures with immunity to poison are unaffected, and creatures resistant to poison receive their normal bonus on their saving throws.|AberantFoulOdourDC|AberantFoulOdourDuration

Venomous Claw		KEY:Aberant ~ Venomous Claw		CATEGORY:Special Ability	TYPE:AberantVenomType.VenomousClaw			SOURCEPAGE:p.13	DESC:Your Claw attack is venomous			ASPECT:Ability Benefit (DC %1)|AberantVenomousDC		PREMULT:2,[PREABILITY:1,CATEGORY=Special Ability,Aberant Advanced Deformity ~ Elongated nails or claws],[!PREABILITY:1,CATEGORY=Special Ability,TYPE.VenomousClaw]
Venomous Bite		KEY:Aberant ~ Venomous Bite		CATEGORY:Special Ability	TYPE:AberantVenomType.VenomousBite			SOURCEPAGE:p.13	DESC:Your Bite attack, is venomous			ASPECT:Ability Benefit (DC %1)|AberantVenomousDC		PREMULT:2,[PREABILITY:1,CATEGORY=Special Ability,Aberant Advanced Deformity ~ Fangs or large mouth],[!PREABILITY:1,CATEGORY=Special Ability,TYPE.VenomousBite]
Venomous Tail Slap	KEY:Aberant ~ Venomous Tail Slap	CATEGORY:Special Ability	TYPE:AberantVenomType.VenomousTailSlap		SOURCEPAGE:p.13	DESC:Your Tail Slap attack, is venomous		ASPECT:Ability Benefit (DC %1)|AberantVenomousDC		PREMULT:2,[PREABILITY:1,CATEGORY=Special Ability,Aberant Advanced Deformity ~ Tail],[!PREABILITY:1,CATEGORY=Special Ability,TYPE.VenomousTailSlap]
Venomous Gore		KEY:Aberant ~ Venomous Gore		CATEGORY:Special Ability	TYPE:AberantVenomType.VenomousGore			SOURCEPAGE:p.13	DESC:Your Gore attack, is venomous			ASPECT:Ability Benefit (DC %1)|AberantVenomousDC		PREMULT:2,[PREABILITY:1,CATEGORY=Special Ability,Aberant Advanced Deformity ~ One or more pointed horns],[!PREABILITY:1,CATEGORY=Special Ability,TYPE.VenomousGore]
Venomous Slam		KEY:Aberant ~ Venomous Slam		CATEGORY:Special Ability	TYPE:AberantVenomType.VenomousSlam			SOURCEPAGE:p.13	DESC:Your Slam attack is venomous			ASPECT:Ability Benefit (DC %1)|AberantVenomousDC		PREMULT:2,[PREABILITY:1,CATEGORY=Special Ability,Aberant Advanced Deformity ~ Large curled horns],[!PREABILITY:1,CATEGORY=Special Ability,TYPE.VenomousSlam]

# TODO: There should not be two claw attacks, but I can't do a variable should be *AberantArms, not *2
Claw				KEY:Aberant ~ Claw with venom		CATEGORY:Special Ability	TYPE:AberantNaturalWeapon	VISIBLE:NO	NATURALATTACKS:Claw,Weapon.Natural.Melee.Piercing.Slashing,*2,1d8,SPROP=Poison
Bite				KEY:Aberant ~ Bite with venom		CATEGORY:Special Ability	TYPE:AberantNaturalWeapon	VISIBLE:NO	NATURALATTACKS:Bite,Weapon.Natural.Melee.Bludgeoning.Piercing.Slashing,*1,2d4,SPROP=Poison
Tail Slap			KEY:Aberant ~ Tail slap with venom	CATEGORY:Special Ability	TYPE:AberantNaturalWeapon	VISIBLE:NO	NATURALATTACKS:Tail Slap,Weapon.Natural.Melee.Bludgeoning.Piercing.Slashing,*1,2d6,SPROP=Poison
Gore				KEY:Aberant ~ Gore with venom		CATEGORY:Special Ability	TYPE:AberantNaturalWeapon	VISIBLE:NO	NATURALATTACKS:Gore,Weapon.Natural.Melee.Piercing,*1,1d10,SPROP=Poison
Slam				KEY:Aberant ~ Slam with venom		CATEGORY:Special Ability	TYPE:AberantNaturalWeapon	VISIBLE:NO	NATURALATTACKS:Slam,Weapon.Natural.Melee.Bludgeoning,*1,2d6,SPROP=On charge only Poison and Bullrush (does not provoke)

# TODO: There should not be two claw attacks, but I can't do a variable should be *AberantArms, not *2
Claw				KEY:Aberant ~ Ordinary claw		CATEGORY:Special Ability	TYPE:AberantNaturalWeapon	VISIBLE:NO	NATURALATTACKS:Claw,Weapon.Natural.Melee.Piercing.Slashing,*2,1d8
Bite				KEY:Aberant ~ Ordinary bite		CATEGORY:Special Ability	TYPE:AberantNaturalWeapon	VISIBLE:NO	NATURALATTACKS:Bite,Weapon.Natural.Melee.Bludgeoning.Piercing.Slashing,*1,2d4
Tail Slap			KEY:Aberant ~ Ordinary tail slap	CATEGORY:Special Ability	TYPE:AberantNaturalWeapon	VISIBLE:NO	NATURALATTACKS:Tail Slap,Weapon.Natural.Melee.Bludgeoning.Piercing.Slashing,*1,2d6
Gore				KEY:Aberant ~ Ordinary gore		CATEGORY:Special Ability	TYPE:AberantNaturalWeapon	VISIBLE:NO	NATURALATTACKS:Gore,Weapon.Natural.Melee.Piercing,*1,1d10
Slam				KEY:Aberant ~ Ordinary slam		CATEGORY:Special Ability	TYPE:AberantNaturalWeapon	VISIBLE:NO	NATURALATTACKS:Slam,Weapon.Natural.Melee.Bludgeoning,*1,2d6,SPROP=On charge only and Bullrush (does not provoke)

# Racial Modifiers -2 penalty to Charisma-based skills per deformity, except +2 bonus to Intimidate checks per deformity


### Aberant Deformities business logic
CATEGORY=Special Ability|Aberant Deformity ~ Toughened hide.MOD													DEFINE:AberantNaturalArmorBonus|0							BONUS:VAR|AberantNaturalArmorBonus|4	BONUS:COMBAT|AC|AberantNaturalArmorBonus|TYPE=Racial																																																		SOURCEPAGE:p.13	DESC:You gain a +4 bonus to natural armor
CATEGORY=Special Ability|Aberant Deformity ~ Extra arm.MOD													DEFINE:AberantExtraArm|0								BONUS:VAR|AberantExtraArm|1			BONUS:COMBAT|ATTACKS|AberantExtraArm|TYPE=Racial																																																		SOURCEPAGE:p.13	DESC:You may make one additional attack per round
CATEGORY=Special Ability|Aberant Deformity ~ Additional eyes.MOD													DEFINE:AberantExtraEyesBonus|0							BONUS:VAR|AberantExtraEyesBonus|4		BONUS:SKILL|Perception|AberantExtraEyesBonus|TYPE=Racial																																																	SOURCEPAGE:p.13	DESC:You gain a +4 racial bonus on Perception checks
CATEGORY=Special Ability|Aberant Deformity ~ Unusually located eyes.MOD																																																											ABILITY:Special Ability|AUTOMATIC|All-Around Vision																							SOURCEPAGE:p.13	DESC:You gain all-around vision
CATEGORY=Special Ability|Aberant Deformity ~ Hunched back.MOD													DEFINE:AberantHunchedBackBonus|0							BONUS:VAR|AberantHunchedBackBonus|4		BONUS:VAR|CMD_Trip|AberantHunchedBackBonus|TYPE=Racial	BONUS:VAR|CMD_Overrun|AberantHunchedBackBonus|TYPE=Racial	BONUS:VAR|CMD_Bullrush|AberantHunchedBackBonus|TYPE=Racial																													SOURCEPAGE:p.13	DESC:You gain a +4 racial bonus to avoid being tripped, bull rushed, or overrun
CATEGORY=Special Ability|Aberant Deformity ~ Strangely deformed head.MOD																																																																																										SOURCEPAGE:p.13	DESC:You can't wear helmets or headgear unless magical or specifically designed for your head shape
CATEGORY=Special Ability|Aberant Deformity ~ Oversized ears.MOD													DEFINE:AberantOversizedEarsBonus|0							BONUS:VAR|AberantOversizedEarsBonus|4	BONUS:SKILL|Perception (Hear Noise)|AberantOversizedEarsBonus|TYPE=Racial																																														SOURCEPAGE:p.13	DESC:You gain a +4 racial bonus on Perception checks to hear noise
CATEGORY=Special Ability|Aberant Deformity ~ Oversized nose.MOD																																																											ABILITY:Special Ability|AUTOMATIC|Scent																									SOURCEPAGE:p.13	DESC:You gain the scent ability
CATEGORY=Special Ability|Aberant Deformity ~ Huge feet or short legs.MOD													DEFINE:AberantHugeFeetSize|0								BONUS:VAR|AberantHugeFeetSize|8		BONUS:VAR|TrampleDamageDieSize|AberantHugeFeetSize					ABILITY:Special Ability|AUTOMATIC|Trample																																							SOURCEPAGE:p.13	DESC:You gain the trample ability (1d8+9, DC 20)
CATEGORY=Special Ability|Aberant Deformity ~ Elongated nails or claws.MOD													DEFINE:AberantClawSize|0		DEFINE:AberantArms|0			BONUS:VAR|AberantArms|2+AberantExtraArm	BONUS:WEAPONPROF=Claw|DAMAGESIZE|AberantClawSize					ABILITY:Special Ability|AUTOMATIC|Aberant ~ Claw with venom|PREABILITY:1,CATEGORY=Special Ability,Aberant ~ Venomous Claw		ABILITY:Special Ability|AUTOMATIC|Aberant ~ Ordinary claw|!PREABILITY:1,CATEGORY=Special Ability,Aberant ~ Venomous Claw			SOURCEPAGE:p.13	DESC:You gain a claw attack with each arm, base 1d8 damage
CATEGORY=Special Ability|Aberant Deformity ~ Fangs or large mouth.MOD													DEFINE:AberantFangSize|0								BONUS:VAR|AberantFangSize|0			BONUS:WEAPONPROF=Bite|DAMAGESIZE|AberantFangSize					ABILITY:Special Ability|AUTOMATIC|Aberant ~ Bite with venom|PREABILITY:1,CATEGORY=Special Ability,Aberant ~ Venomous Bite		ABILITY:Special Ability|AUTOMATIC|Aberant ~ Ordinary bite|!PREABILITY:1,CATEGORY=Special Ability,Aberant ~ Venomous Bite			SOURCEPAGE:p.13	DESC:You gain a bite attack, base 2d4 damage
CATEGORY=Special Ability|Aberant Deformity ~ Tail.MOD													DEFINE:AberantTailSize|0								BONUS:VAR|AberantTailSize|0			BONUS:WEAPONPROF=Tail Slap|DAMAGESIZE|AberantTailSize					ABILITY:Special Ability|AUTOMATIC|Aberant ~ Tail slap with venom|PREABILITY:1,CATEGORY=Special Ability,Aberant ~ Venomous Tail Slap	ABILITY:Special Ability|AUTOMATIC|Aberant ~ Ordinary tail slap|!PREABILITY:1,CATEGORY=Special Ability,Aberant ~ Venomous Tail Slap		SOURCEPAGE:p.13	DESC:You gain a tail slap secondary attack, base 2d6 damage
CATEGORY=Special Ability|Aberant Deformity ~ One or more pointed horns.MOD													DEFINE:AberantPointedHornSize|0							BONUS:VAR|AberantPointedHornSize|0		BONUS:WEAPONPROF=Gore|DAMAGESIZE|AberantPointedHornSize				ABILITY:Special Ability|AUTOMATIC|Aberant ~ Gore with venom|PREABILITY:1,CATEGORY=Special Ability,Aberant ~ Venomous Gore		ABILITY:Special Ability|AUTOMATIC|Aberant ~ Ordinary gore|!PREABILITY:1,CATEGORY=Special Ability,Aberant ~ Venomous Gore			SOURCEPAGE:p.13	DESC:You gain a gore primary attack, base 1d10 damage
CATEGORY=Special Ability|Aberant Deformity ~ Large curled horns.MOD													DEFINE:AberantCurledHornSize|0							BONUS:VAR|AberantCurledHornSize|0		BONUS:WEAPONPROF=Slam|DAMAGESIZE|AberantCurledHornSize				ABILITY:Special Ability|AUTOMATIC|Aberant ~ Slam with venom|PREABILITY:1,CATEGORY=Special Ability,Aberant ~ Venomous Slam		ABILITY:Special Ability|AUTOMATIC|Aberant ~ Ordinary slam|!PREABILITY:1,CATEGORY=Special Ability,Aberant ~ Venomous Slam			SOURCEPAGE:p.13	DESC:You can make a slam attack on a charge with your horns as a primary attack that does 2d6 base damage; if it hits, you can initiate a bull rush as a free action that does not provoke attacks of opportunity
CATEGORY=Special Ability|Aberant Deformity ~ Long gangly arms.MOD													DEFINE:AberantGanglyArms|0								BONUS:VAR|AberantGanglyArms|5																																																													SOURCEPAGE:p.13	DESC:+%1 ft. reach with attacks using your arms|AberantGanglyArms
CATEGORY=Special Ability|Aberant Deformity ~ Long muscular legs.MOD													DEFINE:AberantMuscularLegs|0								BONUS:VAR|AberantMuscularLegs|10		BONUS:MOVEADD|TYPE.Walk|AberantMuscularLegs|TYPE=Racial																																																	SOURCEPAGE:p.13	DESC:+10 ft. to base land speed
CATEGORY=Special Ability|Aberant Deformity ~ Gills.MOD																																													MOVECLONE:Walk,Swim,*1																																										SOURCEPAGE:p.13	DESC:You can breathe underwater; and gain a swim speed equal to your base land speed
CATEGORY=Special Ability|Aberant Deformity ~ Exudes foul odor.MOD													DEFINE:AberantFoulOdourDC|0		DEFINE:AberantFoulOdourDuration|0	BONUS:VAR|AberantFoulOdourDC|17		BONUS:VAR|AberantFoulOdourDuration|10							ABILITY:Special Ability|AUTOMATIC|Aberant ~ Stench																																					SOURCEPAGE:p.13	DESC:You gain the stench ability (DC %1, %2 rounds); other aberrants are immune to this effect|AberantFoulOdourDC|AberantFoulOdourDuration
CATEGORY=Special Ability|Aberant Deformity ~ Venomous.MOD													DEFINE:AberantVenomousDC|0								BONUS:VAR|AberantVenomousDC|17		BONUS:ABILITYPOOL|Aberant Venom Choice|1																																																				SOURCEPAGE:p.13	DESC:One of your natural attacks is venomous. Poison-injury; save Fort DC %1, frequency 1/round for 6 rounds, effect 1d4 to one physical ability score or 1d3 to one mental ability score, cure 2 consecutive saves.|AberantVenomousDC
CATEGORY=Special Ability|Aberant Deformity ~ Advanced deformity.MOD						STACK:YES	MULT:YES	CHOOSE:NOCHOICE																				BONUS:ABILITYPOOL|Advanced Aberant Deformity|1																																																			SOURCEPAGE:p.13	DESC:One of your other deformities is especially pronounced.

### Aberant Deformities business logic
CATEGORY=Special Ability|Aberant Advanced Deformity ~ Toughened hide.MOD		VISIBLE:DISPLAY	STACK:YES	MULT:YES	CHOOSE:NOCHOICE	BONUS:VAR|AberantNaturalArmorBonus|4	DESC:You gain an additional +4 bonus to natural armor
CATEGORY=Special Ability|Aberant Advanced Deformity ~ Extra arm.MOD		VISIBLE:DISPLAY	STACK:YES	MULT:YES	CHOOSE:NOCHOICE	BONUS:VAR|AberantExtraArm|1			DESC:one additional attack per round
CATEGORY=Special Ability|Aberant Advanced Deformity ~ Additional eyes.MOD		VISIBLE:DISPLAY	STACK:YES	MULT:YES	CHOOSE:NOCHOICE	BONUS:VAR|AberantExtraEyesBonus|4		DESC:You gain an additional +4 racial bonus on Perception checks
CATEGORY=Special Ability|Aberant Advanced Deformity ~ Hunched back.MOD		VISIBLE:DISPLAY	STACK:YES	MULT:YES	CHOOSE:NOCHOICE	BONUS:VAR|AberantHunchedBackBonus|4		DESC:You gain an additional +4 racial bonus to avoid being tripped, bull rushed, or overrun
CATEGORY=Special Ability|Aberant Advanced Deformity ~ Oversized ears.MOD		VISIBLE:DISPLAY	STACK:YES	MULT:YES	CHOOSE:NOCHOICE	BONUS:VAR|AberantOversizedEarsBonus|4	DESC:You gain an additional +4 racial bonus on Perception checks to hear noise
CATEGORY=Special Ability|Aberant Advanced Deformity ~ Huge feet or short legs.MOD		VISIBLE:DISPLAY	STACK:YES	MULT:YES	CHOOSE:NOCHOICE	BONUS:VAR|AberantHugeFeetSize|2		DESC:Increase the damage die of your trample ability
CATEGORY=Special Ability|Aberant Advanced Deformity ~ Elongated nails or claws.MOD		VISIBLE:DISPLAY	STACK:YES	MULT:YES	CHOOSE:NOCHOICE	BONUS:VAR|AberantClawSize|1			DESC:Increase the damage die of your claw attacks
CATEGORY=Special Ability|Aberant Advanced Deformity ~ Fangs or large mouth.MOD		VISIBLE:DISPLAY	STACK:YES	MULT:YES	CHOOSE:NOCHOICE	BONUS:VAR|AberantFangSize|1			DESC:Increase the damage die of your bite attack
CATEGORY=Special Ability|Aberant Advanced Deformity ~ Tail.MOD		VISIBLE:DISPLAY	STACK:YES	MULT:YES	CHOOSE:NOCHOICE	BONUS:VAR|AberantTailSize|1			DESC:Increase the damage die of your tail slap attack
CATEGORY=Special Ability|Aberant Advanced Deformity ~ One or more pointed horns.MOD		VISIBLE:DISPLAY	STACK:YES	MULT:YES	CHOOSE:NOCHOICE	BONUS:VAR|AberantPointedHornSize|1		DESC:Increase the damage die of your gore attack
CATEGORY=Special Ability|Aberant Advanced Deformity ~ Large curled horns.MOD		VISIBLE:DISPLAY	STACK:YES	MULT:YES	CHOOSE:NOCHOICE	BONUS:VAR|AberantCurledHornSize|1		DESC:Increase the damage die of your slam attack
CATEGORY=Special Ability|Aberant Advanced Deformity ~ Long gangly arms.MOD		VISIBLE:DISPLAY	STACK:YES	MULT:YES	CHOOSE:NOCHOICE	BONUS:VAR|AberantGanglyArms|5			DESC:Increase your reach by 5 ft. with attacks using your arms
CATEGORY=Special Ability|Aberant Advanced Deformity ~ Long muscular legs.MOD		VISIBLE:DISPLAY	STACK:YES	MULT:YES	CHOOSE:NOCHOICE	BONUS:VAR|AberantMuscularLegs|10		DESC:Increase your base land speed by 10 ft.
CATEGORY=Special Ability|Aberant Advanced Deformity ~ Exudes foul odor.MOD		VISIBLE:DISPLAY	STACK:YES	MULT:YES	CHOOSE:NOCHOICE	BONUS:VAR|AberantFoulOdourDC|2		DESC:Increase the DC of your stench ability 

### Block Abyssal Harvester
Racial Abilities			KEY:Abyssal Harvester ~ Racial Abilities			CATEGORY:Internal			ABILITY:Special Ability|AUTOMATIC|TYPE.AbyssalHarvesterRaceAbility
Resistances				KEY:Abyssal Harvester ~ Resistances				CATEGORY:Special Ability	TYPE:AbyssalHarvesterRaceAbility.RaceAbility						VISIBLE:NO		ABILITY:Special Ability|AUTOMATIC|Resistance to Acid	BONUS:VAR|AcidResistanceBonus|10	ABILITY:Special Ability|AUTOMATIC|Resistance to Cold	BONUS:VAR|ColdResistanceBonus|10	ABILITY:Special Ability|AUTOMATIC|Resistance to Fire	BONUS:VAR|FireResistanceBonus|10	ABILITY:Special Ability|AUTOMATIC|Immunity to Poison	DR:15/Cold Iron
Debilitating Constriction	KEY:Abyssal Harvester ~ Debilitating Constriction	CATEGORY:Special Ability	TYPE:AbyssalHarvesterRaceAbility.RaceAbility.SpecialQuality.Supernatural	SOURCEPAGE:p.14		DESC:An abyssal harvester that has successfully grappled an opponent of its size or smaller deals tentacle damage plus 1d4 points of Constitution damage each round the hold is maintained. A creature reduced to Constitution 0 by an abyssal harvester dies. Note, that the abyssal harvester only deals Constitution damage when constricting a foe.
Far Reaching			KEY:Abyssal Harvester ~ Far Reaching			CATEGORY:Special Ability	TYPE:AbyssalHarvesterRaceAbility.RaceAbility.SpecialQuality.Supernatural	SOURCEPAGE:p.14		DESC:An abyssal harvester can remain on its abyssal plane and inject up to four of its tentacles across the dimensions and into the Ethereal Plane, Astral Plane, material planes, or Nine Hells. It can do this a total of twelve times per day (so it could inject one tentacle twelve times into any plane, or four tentacles up to three times each).  All of its tentacles must be injected into the same plane, and all appear within the same 20-foot area. While using this abitliy, it uses sensory organs on its tentacles to see, hear, smell, and feel its surroundings. It can attack normally (at its full attack bonus) while using this ability but it cannot move from its current location. It can withdraw its tentacles as a move action and re-inject them into the same plane (or a different plane) on its next turn.  A dismissal, dispel chaos, or dispel evil spell (using the second effect of either spell) causes an abyssal harvester to withdraw a single tentacle (whichever one was touched) if it fails its Will save.  It cannot re-inject that same tentacle into the same plane for one day.  A banishment spell forces an abyssal harvester to withdraw all of its tentacles if it fails its Will save. It cannot re-inject any tentacles that were banished into the same plane for one day.
Harvest				KEY:Abyssal Harvester ~ Harvest				CATEGORY:Special Ability	TYPE:AbyssalHarvesterRaceAbility.RaceAbility.SpecialQuality.Supernatural	SOURCEPAGE:p.14		DESC:This ability can only be used when the abyssal harvester is on its abyssal plane and injects its tentacles into the Ethereal Plane, Astral Plane, a material plane, or the Nine Hells.  A grappled foe with 20 or fewer hit points or 4 or fewer Constitution points must succeed on a DC 21 Will save or be drawn through an invisible planar gate (created around the abyssal harvester's tentacles) onto the same plane where the abyssal harvester currently resides. An opponent drawn into the same plane with the harvester is still grappled upon arrival. The save DC is Charisma-based.
Tentacle Regeneration		KEY:Abyssal Harvester ~ Tentacle Regeneration		CATEGORY:Special Ability	TYPE:AbyssalHarvesterRaceAbility.RaceAbility.SpecialQuality.Extraordinary	SOURCEPAGE:p.14		DESC:An abyssal harvester regrows any lost tentacles in 1 week.
Aligned Weapons			KEY:Abyssal Harvester ~ Aligned Weapons			CATEGORY:Special Ability	TYPE:AbyssalHarvesterRaceAbility.RaceAbility.SpecialQuality				SOURCEPAGE:p.14		DESC:An abyssal harvester's natural weapons, as well as any weapons it wields, are treated as chaotic-aligned and evil-aligned for the purpose of overcoming damage reduction.

### Block Abyssal Larva
Racial Abilities		KEY:Abyssal Larva ~ Racial Abilities	CATEGORY:Internal			ABILITY:Special Ability|AUTOMATIC|TYPE.AbyssalLarvaRaceAbility
Resistances			KEY:Abyssal Larva ~ Resistances		CATEGORY:Special Ability	TYPE:AbyssalLarvaRaceAbility.RaceAbility						VISIBLE:NO		ABILITY:Special Ability|AUTOMATIC|Resistance to Acid	BONUS:VAR|AcidResistanceBonus|5	ABILITY:Special Ability|AUTOMATIC|Resistance to Cold	BONUS:VAR|ColdResistanceBonus|5	ABILITY:Special Ability|AUTOMATIC|Resistance to Fire	BONUS:VAR|FireResistanceBonus|5
Acid				KEY:Abyssal Larva ~ Acid			CATEGORY:Special Ability	TYPE:AbyssalLarvaRaceAbility.RaceAbility.SpecialQuality.Extraordinary	SOURCEPAGE:p.15	DESC:Abyssal larvae use digestive juices to break down their foods. This acid often remains in their mouths and is transferred to a victim bitten by a larva. Any melee bite attack deals acid damage.
Aligned Weapons		KEY:Abyssal Larva ~ Aligned Weapons		CATEGORY:Special Ability	TYPE:AbyssalLarvaRaceAbility.RaceAbility.SpecialQuality			SOURCEPAGE:p.15	DESC:An abyssal larva's natural weapons, as well as any weapons it wields, are treated as chaotic-aligned and evil-aligned for the purpose of overcoming damage reduction.
Maggot Spray		KEY:Abyssal Larva ~ Maggot Spray		CATEGORY:Special Ability	TYPE:AbyssalLarvaRaceAbility.RaceAbility.SpecialQuality.Extraordinary	SOURCEPAGE:p.15	DESC:Once per day, an abyssal larva can regurgitate and fire a stream of maggots at a single opponent within 10 feet. This requires the abyssal larva to succeed on a ranged touch attack. If the attack succeeds, the opponent is sickened for 1d2 rounds. A successful DC 10 Reflex save reduces the sickened condition to 1 round. The save DC is Strength-based.
Tortured Mind		KEY:Abyssal Larva ~ Tortured Mind		CATEGORY:Special Ability	TYPE:AbyssalLarvaRaceAbility.RaceAbility.SpecialQuality.Extraordinary	SOURCEPAGE:p.15	DESC:The mind of an abyssal larva is a warped and tangled mass of chaos. As a result, abyssal larvae are immune to all mind-affecting effects (charms, compulsions, phantasms, patterns, and morale effects). A creature attempting to contact an abyssal larva with a mind-affecting spell or effect (including psionics) must succeed on a DC 14 Will save or be affected as by a confusion spell for 1 minute. The save DC is Constitution-based and includes a +4 racial bonus.

### Block Adherer
Racial Abilities		KEY:Adherer ~ Racial Abilities		CATEGORY:Internal			ABILITY:Special Ability|AUTOMATIC|TYPE.AdhererRaceAbility
Resistances			KEY:Adherer ~ Resistances			CATEGORY:Special Ability	TYPE:AdhererRaceAbility.RaceAbility	VISIBLE:NO	ABILITY:Special Ability|AUTOMATIC|Vulnerability to Fire	DR:5/Piercing
Adhesive			KEY:Adherer ~ Adhesive				CATEGORY:Special Ability	TYPE:AdhererRaceAbility.RaceAbility.SpecialQuality.Extraordinary		BENEFIT:An adherer exudes a sour smelling glue-like substance that acts as a powerful adhesive, holding fast any creatures or items touching it, except for items made of stone.	DESC:An adherer exudes a sour smelling glue-like substance that acts as a powerful adhesive, holding fast any creatures or items touching it, except for items made of stone.  The adherer automatically grapples any creature it hits with its slam attack.  Opponents so grappled cannot break free while the adherer is alive without removing the adhesive first.  A weapon that strikes an adherer is stuck fast unless the wielder succeeds on a DC %1 Reflex save. A successful DC %1 Strength check is needed to pry it off.  The save and check DC are both Constitution-based.  An application of boiling water thrown on the adherer deals 1d4 points of damage to it (and to any creature stuck to it). It also reduces both the Reflex save DC and the Strength check DC to 10 for 1 round. An application of fire deals damage to both the adherer and any creature stuck to it and weakens the adhesive (as above) for 1d3 rounds.  An application of the universal solvent automatically dissolves the adhesive.  An adherer can dissolve its adhesive at will, and the substance breaks down 1 hour after the creature dies.|AdhererAdhesiveDC	DEFINE:AdhererAdhesiveDC|0	BONUS:VAR|AdhererAdhesiveDC|12+CON

### Aerial Servant
Racial Abilities		KEY:Aerial Servant ~ Racial Abilities	CATEGORY:Internal			ABILITY:Special Ability|AUTOMATIC|TYPE.AerialServantRaceAbility	BONUS:VAR|Maneuverability|5	ABILITY:Special Ability|AUTOMATIC|Darkvision	BONUS:VAR|DarkvisionRange|60|TYPE=Base
Resistances			KEY:Aerial Servant ~ Resistances		CATEGORY:Special Ability	TYPE:AerialServantRaceAbility.RaceAbility	VISIBLE:NO	DR:10/Magic	ABILITY:Special Ability|AUTOMATIC|Elemental Traits
Improved Tracking		KEY:Aerial Servant ~ Improved Tracking	CATEGORY:Special Ability	TYPE:AerialServantRaceAbility.RaceAbility.SpecialQuality.Extraordinary	DESC:An aerial servant takes no penalty to Survival checks when tracking and moving at any speed.
Link with Caster		KEY:Aerial Servant ~ Link with Caster	CATEGORY:Special Ability	TYPE:AerialServantRaceAbility.RaceAbility.SpecialQuality.Extraordinary	DESC:When summoned, an aerial servant creates a mental link between itself and the caster who summoned it. Should the aerial servant fail the mission it has been assigned, it returns to the caster and attacks him. The aerial servant can find the caster as long as they both are on the same plane of existence. If the caster leaves the plane, the link is temporarily broken. Once the caster returns or the aerial servant enters the plane the caster is on, the link is immediately reestablished and the aerial servant moves at full speed toward the caster's current location. Only when the aerial servant or caster is destroyed, is the link permanently broken.
Natural Invisibility	KEY:Aerial Servant ~ Natural Invisibility	CATEGORY:Special Ability	TYPE:AerialServantRaceAbility.RaceAbility.SpecialQuality.Supernatural	DESC:This ability is constant, allowing an aerial servant to remain invisible even when attacking. This ability is inherent and is not subject to the invisibility purge spell. Against foes that cannot pinpoint it, the aerial servant gains a +20 bonus on Stealth checks when moving, or +40 when standing still-these bonuses are not included in the statistics above. This ability does not function when an aerial servant is on the Astral Plane or Ethereal Plane, but instead grants the creature concealment (20%% miss chance).
Wind Blast			KEY:Aerial Servant ~ Wind Blast		CATEGORY:Special Ability	TYPE:AerialServantRaceAbility.RaceAbility.SpecialAttack.Supernatural	DESC:Once every 1d4 rounds, as a standard action, an aerial servant can release a blast of wind in an 80-foot line. A creature struck takes 4d8 points of dam- age and those up to the aerial servant's size or smaller are knocked down and back 2d10 feet. An affected creature can attempt a DC 22 Reflex save to reduce the damage by half and avoid being knocked down. The save DC is Constitution-based.

### Afanc
Racial Abilities		KEY:Afanc ~ Racial Abilities			CATEGORY:Internal			ABILITY:Special Ability|AUTOMATIC|TYPE.AfancRaceAbility
Resistances			KEY:Afanc ~ Resistances				CATEGORY:Special Ability	TYPE:AfancRaceAbility.RaceAbility	VISIBLE:NO	ABILITY:Special Ability|AUTOMATIC|Resistance to Acid	ABILITY:Special Ability|AUTOMATIC|Resistance to Cold	ABILITY:Special Ability|AUTOMATIC|Resistance to Fire	ABILITY:Special Ability|AUTOMATIC|Immunity to Poison	BONUS:VAR|AcidResistanceBonus|10	BONUS:VAR|ColdResistanceBonus|10	BONUS:VAR|FireResistanceBonus|10	DR:15/adamantine	SR:28
Sea Swell			KEY:Afanc ~ Sea Swell				CATEGORY:Special Ability	TYPE:AfancRaceAbility.RaceAbility.SpecialAttack.Extraordinary		DESC:As a full-round action, an afanc can raise the front part of its body out of the water and bring it crashing back down against the surface. This generates massive waves up to 30 feet tall that may capsize boats and ships within 100 feet of the afanc. Boats and ships less than 20 feet long automatically capsize. Boats over 20 feet long may or may not capsize depending on the skill of the one piloting the vessel. A character steering or guiding a boat or ship over 20 feet long that succeeds on a DC 37 Profession (sailor) check manages to keep the boat afloat; otherwise it capsizes, spilling its contents into the water. The check DC is Strength-based.
Swallow Whole		KEY:Afanc ~ Swallow Whole			CATEGORY:Special Ability	TYPE:AfancRaceAbility.RaceAbility.SpecialAttack.Extraordinary.AttackOption	DEFINE:SwallowWholeDice|0	DEFINE:SwallowWholeDamageDie|0	DEFINE:SwallowWholeBonusDamage|0	DEFINE:SwallowWholeAC|0	DEFINE:SwallowWholeHP|0	DESC:If you begin your turn with an opponent grappled in your mouth, you can attempt a new combat maneuver check. If you succeed, you swallow your prey, and the opponent takes bite damage.	ASPECT:Ability Benefit|(%1d%2+%3 plus 8 points acid damage, AC %4, %5 hp)|SwallowWholeDice|SwallowWholeDamageDie|SwallowWholeBonusDamage|SwallowWholeAC|SwallowWholeHP	BENEFIT:If you begin your turn with an opponent grappled in your mouth, you can attempt a new combat maneuver check. If you succeed, you swallow your prey, and the opponent takes bite damage (%1d%2+%3 plus 8 points acid damage).  The opponent can be up to one size category smaller than you. Being swallowed causes a creature to take damage each round. A swallowed creature keeps the grappled condition, while you do not. A swallowed creature can try to cut its way free with any light slashing or piercing weapon , or it can just try to escape the grapple.  The Armor Class of your interior is %4 . If a swallowed creature cuts its way out, you cannot use swallow whole again until the damage is healed. If the swallowed creature escapes the grapple, success puts it back in your mouth, where it may be bitten or swallowed again.|SwallowWholeDice|SwallowWholeDamageDie|SwallowWholeBonusDamage|SwallowWholeAC	BONUS:VAR|SwallowWholeDice|4	BONUS:VAR|SwallowWholeDamageDie|6	BONUS:VAR|SwallowWholeBonusDamage|16	BONUS:VAR|SwallowWholeAC|20	BONUS:VAR|SwallowWholeHP|33
Water Dependency		KEY:Afanc ~ Water Dependency			CATEGORY:Special Ability	TYPE:AfancRaceAbility.RaceAbility.SpecialQuality.Extraordinary	DESC:An Afanc can survive out of water for %1 minutes. Beyond this limit, it creature runs the risk of suffocation, as if it were drowning.|CONSCORE

### Abasheen
Racial Abilities		KEY:Abasheen ~ Racial Abilities		CATEGORY:Internal	ABILITY:Special Ability|AUTOMATIC|TYPE:AbasheenRaceAbility
Air Mastery			KEY:Abasheen ~ Air Mastery			CATEGORY:Special Ability	TYPE:AbasheenRaceAbility.RaceAbility.SpecialQuality.Extraordinary	DESC:Airborne creatures take a -1 penalty on attack and damage rolls against an abasheen.

### Abyssal Wolf
Racial Abilities		KEY:Racial Abilities ~ AbyssalWolf		CATEGORY:Internal	ABILITY:Special Ability|AUTOMATIC|TYPE:AbyssalWolfRaceAbility
Resistances			KEY:Resistances ~ AbyssalWolf			CATEGORY:Special Ability	VISIBLE:NO	TYPE:AbyssalWolfRaceAbility.RaceAbility	DR:10/cold iron	SR:18
Keen Scent			KEY:Keen Scent ~ AbyssalWolf			CATEGORY:Special Ability	TYPE:AbyssalWolfRaceAbility.RaceAbility.SpecialQuality.Extraordinary	DESC:An abyssal wolf can detect prey within 60 feet by sense of smell, as per the scent ability. This range increases to 120 feet if the opponents are upwind; and decreases to 30 feet if downwind. By making a successful DC 15 Wisdom check the abyssal wolf can determine whether a tiefling or half-fiend is present among the opponents.
Know Alignment		KEY:Know Alignment ~ AbyssalWolf		CATEGORY:Special Ability	TYPE:AbyssalWolfRaceAbility.RaceAbility.SpecialQuality.Supernatural	DESC:Abyssal wolves always know the alignment of any creature they look upon. This ability can be negated or dispelled, but the abyssal wolf can activate it again as a free action on its next turn.
Paralyzing Gaze		KEY:Paralyzing Gaze ~ AbyssalWolf		CATEGORY:Special Ability	TYPE:AbyssalWolfRaceAbility.RaceAbility.SpecialQuality.Supernatural	DESC:Anyone within 40 feet meeting the gaze of an abyssal wolf must make a successful DC %1 Will save or be paralyzed for 2d4 rounds.  Half-fiends and tieflings have a -2 circumstance penalty on this save.  Once a successful save is made, the target is immune to the effects of that abyssal wolf's gaze attack for one day. The save DC is Charisma-based.|AbyssalWolfParalyzingGazeDC	DEFINE:AbyssalWolfParalyzingGazeDC|0	BONUS:VAR|AbyssalWolfParalyzingGazeDC|13+CHA

### Acid Quasi-Elemental
Racial Abilities		KEY:AcidQuasiElemental ~ Racial Abilities		CATEGORY:Internal	ABILITY:Special Ability|AUTOMATIC|TYPE:AcidQuasiElementalRaceAbility
Resistances			KEY:AcidQuasiElemental ~ Resistances		CATEGORY:Special Ability	VISIBLE:NO	TYPE:AcidQuasiElementalRaceAbility.RaceAbility	ABILITY:Special Ability|AUTOMATIC|Elemental Traits|Immunity to Acid
Acid				KEY:AcidQuasiElemental ~ Acid				CATEGORY:Special Ability	TYPE:AcidQuasiElementalRaceAbility.RaceAbility.SpecialQuality.Extraordinary	DESC:Acid quasi-elementals are living creatures of acid; any melee hit deals acid damage. Creatures hitting an acid quasi-elemental unarmed or with natural attacks take acid damage as though hit by the quasi-elemental's slam attack.
Acid Swimmer		KEY:AcidQuasiElemental ~ Acid Swimmer		CATEGORY:Special Ability	TYPE:AcidQuasiElementalRaceAbility.RaceAbility.SpecialQuality.Extraordinary	DESC:Acid quasi-elementals cannot swim in water. The swim speed given in the statistics block is their movement only through acid pools or the acidic nature of their environment on their home plane.
Drench			KEY:AcidQuasiElemental ~ Drench			CATEGORY:Special Ability	TYPE:AcidQuasiElementalRaceAbility.RaceAbility.SpecialQuality.Extraordinary	DESC:The quasi-elemental's touch puts out torches, campfires, exposed lanterns, and other open flames of nonmagical origin if these are of Large size or smaller. The creature can dispel magical fire as dispel magic (caster level equals the quasi-elemental's HD).
Fumes				KEY:AcidQuasiElemental ~ Fumes			CATEGORY:Special Ability	TYPE:AcidQuasiElementalRaceAbility.RaceAbility.SpecialQuality.Extraordinary	DESC:The fumes from an acid quasi-elemental's body act as an inhaled poison. Creatures within 5 ft. of an acid quasi-elemental must make succeed on a DC %1 Fortitude save or take 1 point of Constitution damage each round. This poison does not have a frequency; a creature is safe as soon as it moves more than 5 ft. away from the acid quasi-elemental.|AcidQuasiElementalFumesDC	DEFINE:AcidQuasiElementalFumesDC|0	BONUS:VAR|AcidQuasiElementalFumesDC|10	BONUS:VAR|AcidQuasiElementalFumesDC|HD	BONUS:VAR|AcidQuasiElementalFumesDC|-1|PREHD:MAX=1
Vulnerability to Water	KEY:AcidQuasiElemental ~ Vulnerability to Water	CATEGORY:Special Ability	TYPE:AcidQuasiElementalRaceAbility.RaceAbility.SpecialQuality.Extraordinary	DESC:An acid elemental erupts in a violent chemical reaction when touched by water. An acid quasi-elemental takes 1d4 points of fire damage for each gallon of water poured into it. The reaction is so violent that all creatures within 5 ft. of the acid quasi-elemental when the water hits it must succeed on a DC 15 Reflex save or take the same damage.  Pouring water onto an acid quasi-elemental requires a successful ranged touch attack. Water from other sources, such as spells or effects that create water but do not specify an amount in gallons, deal 1d4 points of fire damage per caster level to an acid quasi-elemental within its area of effect. Damage from waterbased attacks, like the slam attack of a water elemental, is increased by 50% against an acid quasi-elemental. Note that this reaction does not occur when the acid quasi-elemental touches water, only when water touches the acid quasi-elemental.

### Adamantine Wasp Swarm
Racial Abilities		KEY:AdamantineWaspSwarm ~ Racial Abilities	CATEGORY:Internal	ABILITY:Special Ability|AUTOMATIC|TYPE:AdamantineWaspSwarmRaceAbility
Resistances			KEY:AdamantineWaspSwarm ~ Resistances		CATEGORY:Special Ability	VISIBLE:NO	TYPE:AdamantineWaspSwarmRaceAbility.RaceAbility	ABILITY:Special Ability|AUTOMATIC|Construct Traits|Swarm Traits	SR:21
Poison			KEY:AdamantineWaspSwarm ~ Poison			CATEGORY:Special Ability	TYPE:AdamantineWaspSwarmRaceAbility.RaceAbility.SpecialQuality.Extraordinary	DESC:Swarm-injury, save Fort DC 17; frequency 1/round for 4 rounds; effect 1d4 Dexterity damage; cure 2 consecutive saves. A creature reduced to Dexterity 0 freezes solid (similar to a flesh to stone spell) for 1d4 hours as his body hardens into ice. If reduced to 0 or less hit points while frozen, the creature shatters into pieces and dies. The save DC is Constitution-based.

### Aeshma Demon
Racial Abilities		KEY:AeshmaDemon ~ Racial Abilities	CATEGORY:Internal			ABILITY:Special Ability|AUTOMATIC|TYPE:AeshmaDemonRaceAbility
Resistances			KEY:AeshmaDemon ~ Resistances		CATEGORY:Special Ability	VISIBLE:NO	TYPE:AeshmaDemonRaceAbility.RaceAbility	DR:10/good	SR:22	ABILITY:Special Ability|AUTOMATIC|Immunty to Electricity|Immunty to Poison|Resistance to Acid|Resistance to Cold|Resistance to Fire	BONUS:VAR|AcidResistanceBonus|10	BONUS:VAR|ColdResistanceBonus|10	BONUS:VAR|FireResistanceBonus|10
Aligned Weapons		KEY:AeshmaDemon ~ Aligned Weapons	CATEGORY:Special Ability	TYPE:AeshmaDemonRaceAbility.RaceAbility.SpecialQuality	DESC:An aeshma's natural weapons, as well as any weapons it wields, are treated as chaotic-aligned and evil-aligned for the purpose of overcoming damage reduction.
Rage				KEY:AeshmaDemon ~ Rage			CATEGORY:Special Ability	TYPE:AeshmaDemonRaceAbility.RaceAbility.SpecialQuality.Extraordinary	DESC:An aeshma that takes 50% or more of its total hit points in damage in combat flies into a berserk rage on its next turn, swinging madly with its spear. A raging aeshma fights until either it or its opponent is dead. An enraged aeshma gains +4 Strength and -2 AC. The aeshma can end its rage voluntarily.

### Ahlinni
Racial Abilities		KEY:Ahlinni ~ Racial Abilities	CATEGORY:Internal			ABILITY:Special Ability|AUTOMATIC|TYPE:AhlinniRaceAbility
Resistances			KEY:Ahlinni ~ Resistances		CATEGORY:Special Ability	VISIBLE:NO	TYPE:AhlinniRaceAbility.RaceAbility	ABILITY:Special Ability|AUTOMATIC|Resistance to Sonic	BONUS:VAR|SonicResistanceBonus|10
Birdsong			KEY:Ahlinni ~ Birdsong			CATEGORY:Special Ability	TYPE:AhlinniRaceAbility.RaceAbility.SpecialQuality.Supernatural		DESC:An ahlinni can freely communicate with any bird or bird-like creature (such as rocs, giant eagles, and giant owls), perfectly mimicking any bird song or vocalization. Communication with non-intelligent bird creatures is on an empathic level, and can only take place if the bird is within 100 feet of the ahlinni. In these cases, this ability functions as speak with animals (caster level 4th). This ability is always active, but can be negated. The ahlinni can restart it as a free action on its next turn.
Impale			KEY:Ahlinni ~ Impale			CATEGORY:Special Ability	TYPE:AhlinniRaceAbility.RaceAbility.SpecialQuality.Extraordinary	DESC:When an ahlinni charges a foe, it deals double damage on a successful strike with its bite attack.

### Air Elemental Construct
Racial Abilities		KEY:AirElementalConstruct ~ Racial Abilities	CATEGORY:Internal			ABILITY:Special Ability|AUTOMATIC|TYPE:AirElementalConstructRaceAbility
Resistances			KEY:AirElementalConstruct ~ Resistances		CATEGORY:Special Ability	VISIBLE:NO	TYPE:AirElementalConstructRaceAbility.RaceAbility
Air Mastery			KEY:AirElementalConstruct ~ Air Mastery		CATEGORY:Special Ability	TYPE:AirElementalConstructRaceAbility.RaceAbility.SpecialQuality.Extraordinary	DESC:Airborne creatures take a -2 penalty on attack and damage rolls against an air elemental construct.
Immunity to Magic		KEY:AirElementalConstruct ~ Immunity to Magic	CATEGORY:Special Ability	TYPE:AirElementalConstructRaceAbility.RaceAbility.SpecialQuality.Extraordinary	DESC:An air elemental construct is immune to any spell or spelllike ability that allows spell resistance.  In addition, certain spells and effects function differently against the creature, as noted below.  A control weather spell deals 1d6 points of damage per caster level to an air elemental construct.  The construct can attempt a Fortitude save (DC 17 + caster's relevant ability score modifier) for half damage.  An iron body or ice storm spell slows (as the slow spell) an air elemental construct for 2d6 rounds.  Note the iron body spell does not change the construct's form, nor does an ice storm spell actually damage the construct.  A control winds spell heals an air elemental construct of all of its lost hit points.
Insubstantial Form	KEY:AirElementalConstruct ~ Insubstantial Form	CATEGORY:Special Ability	TYPE:AirElementalConstructRaceAbility.RaceAbility.SpecialQuality.Extraordinary	DESC:An air elemental construct cannot run, wear armor, or enter water or other liquids. It can pass through holes and small openings-even cracks. It can also occupy spaces occupied by its enemies. (This ability is similar to a gaseous form spell-note the air elemental construct is not subject to wind effects like the gaseous form spell.) Any piercing or slashing attack against an air elemental construct has a 20% miss chance.  Bludgeoning attacks deal damage normally.
Wind Blast			KEY:AirElementalConstruct ~ Wind Blast		CATEGORY:Special Ability	TYPE:AirElementalConstructRaceAbility.RaceAbility.SpecialQuality.Extraordinary	DESC:An air elemental construct can transform the air in radius around it into a forceful blast of wind and debris. The save DC is Constitution-based.

### Air Elemental Dragon

Racial Abilities		KEY:AirElementalDragon ~ Racial Abilities	CATEGORY:Internal			ABILITY:Special Ability|AUTOMATIC|TYPE:AirElementalDragonRaceAbility
Resistances			KEY:AirElementalDragon ~ Resistances	CATEGORY:Special Ability	VISIBLE:NO	TYPE:AirElementalDragonRaceAbility.RaceAbility	ABILITY:Special Ability|AUTOMATIC|Elemental Traits	DR:15/magic and silver;
Air Mastery			KEY:AirElementalDragon ~ Air Mastery	CATEGORY:Special Ability	TYPE:AirElementalDragonRaceAbility.RaceAbility.SpecialQuality.Extraordinary	DESC:Airborne creatures take a -1 penalty on attack and damage rolls against an elemental air dragon.
Breath Weapon		KEY:AirElementalDragon ~ Breath Weapon	CATEGORY:Special Ability	TYPE:AirElementalDragonRaceAbility.RaceAbility.SpecialAttack.Supernatural	DESC:An elemental air dragon's breath weapon is a 50 ft. cone of superheated air. (50 ft. cone, DC %1, 10d8 fire)|AirElementalDragonBreathWeaponDC	DEFINE:AirElementalDragonBreathWeaponDC|0	BONUS:VAR|AirElementalDragonBreathWeaponDC|10+(HD/2)+CON	BONUS:VAR|AirElementalDragonBreathWeaponDC|2|PREFEAT:1,Ability Focus (breath weapon)
Cyclone			KEY:AirElementalDragon ~ Cyclone		CATEGORY:Special Ability	TYPE:AirElementalDragonRaceAbility.RaceAbility.SpecialAttack.Extraordinary	DESC:By beating its wings rapidly back and forth, a hovering elemental air dragon can create a cyclonelike force of wind in a 30-foot radius around its body. This cyclone has the following effects: movement through the cyclone is one-quarter normal, ranged attacks suffer a -8 circumstance penalty in the area, and all nonmagical unprotected flames are automatically extinguished.  Large or smaller creatures in the area must succeed on a DC %1 Reflex save or take 3d6 points of bludgeoning damage each round they remain in the area.  Medium or smaller creatures in the area must succeed on a second Reflex save (same DC) or be knocked prone and back 1d4 x 10 feet, taking 1d6 points of nonlethal damage per 10 feet. Flying creatures are automatically grounded in this area. The save DC is Constitution-based.|AirElementalDragonCycloneDC	DEFINE:AirElementalDragonCycloneDC|0	BONUS:VAR|AirElementalDragonCycloneDC|10+(HD/2)+CON

### Airfiend

Racial Abilities		KEY:Airfiend ~ Racial Abilities	CATEGORY:Internal			ABILITY:Special Ability|AUTOMATIC|TYPE:AirfiendRaceAbility
Resistances			KEY:Airfiend ~ Resistances		CATEGORY:Special Ability	VISIBLE:NO	TYPE:AirfiendRaceAbility.RaceAbility	SR:12
Shock				KEY:Airfiend ~ Shock			CATEGORY:Special Ability	TYPE:AirfiendRaceAbility.RaceAbility.SpecialQuality.Extraordinary	DESC:An airfiend deals electricity damage in addition to damage dealt on a successful hit in melee. Those affected by the shock ability must also succeed on a DC %1 Reflex save or be shocked, taking 1d6 electricity damage for an additional 1d4 rounds at the start of its turn. A shocked creature can attempt a new save as a full-round action. Creatures that hit an airfiend with natural weapons or unarmed attacks take electricity damage as though hit by the airfiend. The save DC is Constitution-based.|AirfiendShockDC	DEFINE:AirfiendShockDC|0	BONUS:VAR|AirfiendShockDC|10+(HD/2)+CON

### Al-mi'raj

Racial Abilities		KEY:Almiraj ~ Racial Abilities	CATEGORY:Internal			ABILITY:Special Ability|AUTOMATIC|TYPE:AlmirajRaceAbility
Resistances			KEY:Almiraj ~ Resistances		CATEGORY:Special Ability	VISIBLE:NO	TYPE:AlmirajRaceAbility.RaceAbility	ABILITY:Special Ability|AUTOMATIC|Immunity to poison	SR:11
Blink				KEY:Almiraj ~ Blink			CATEGORY:Special Ability	TYPE:AlmirajRaceAbility.RaceAbility.SpecialQuality.Supernatural	DESC:Al-mi'raj can blink as a free action.
Dimension Door		KEY:Almiraj ~ Dimension Door		CATEGORY:Special Ability	TYPE:AlmirajRaceAbility.RaceAbility.SpecialQuality.Supernatural	DESC:An al-mi'raj can create an effect identical to a dimension door spell once per round as a s tandard action. The ability affects only the al-mi'raj, which never appears within a solid object and can act immediately after teleporting.

### Alastor

Racial Abilities		KEY:Alastor ~ Racial Abilities	CATEGORY:Internal			ABILITY:Special Ability|AUTOMATIC|TYPE:AlastorRaceAbility
Resistances			KEY:Alastor ~ Resistances		CATEGORY:Special Ability	VISIBLE:NO	TYPE:AlastorRaceAbility.RaceAbility	ABILITY:Special Ability|AUTOMATIC|Immunity to Fire|Immunity to Poison	ABILITY:Special Ability|AUTOMATIC|Resistance to Acid	BONUS:VAR|AcidResistanceBonus|10	ABILITY:Special Ability|AUTOMATIC|Resistance to Sonic	BONUS:VAR|SonicResistanceBonus|10	DR:20/good and silver	SR:34
Poison			KEY:Alastor ~ Poison			CATEGORY:Special Ability	TYPE:AlastorRaceAbility.RaceAbility.SpecialQuality.Extraordinary	DESC:Bite-injury; save Fort DC 41; frequency 1/round for 10 rounds; effect 2d6 Con damage; cure 3 consecutive saves. The save is Constitution-based.	DEFINE:AlastorPoisionDC|0	BONUS:VAR|AlastorPoisionDC|10+(HD/2)+CON
Disease			KEY:Alastor ~ Disease			CATEGORY:Special Ability	TYPE:AlastorRaceAbility.RaceAbility.SpecialQuality.Supernatural	DESC:Devil Chills: Bite-injury; save Fort DC 41; onset immediate; frequency 1/day; effect 1d4 Str; cure 3 consecutive saves. The save DC is Constitution-based.	DEFINE:AlastorDiseaseDC|0	BONUS:VAR|AlastorDiseaseDC|10+(HD/2)+CON
Grimfang			KEY:Alastor ~ Grimfang			CATEGORY:Special Ability	TYPE:AlastorRaceAbility.RaceAbility.SpecialQuality	DESC:Grimfang is a Large +3 unholy vorpal battleaxe. A creature subjected to the vorpal effects of Grimfang can only be returned to life by the casting of a miracle, wish, or a true resurrection spell (the last of which must be cast on consecrated ground).

### Algoid

Racial Abilities		KEY:Algoid ~ Racial Abilities		CATEGORY:Internal	ABILITY:Special Ability|AUTOMATIC|TYPE:AlgoidRaceAbility
Resistances			KEY:Algoid ~ Resistances		CATEGORY:Special Ability	VISIBLE:NO	TYPE:AlgoidRaceAbility.RaceAbility	ABILITY:Special Ability|AUTOMATIC|Plant Traits|Immunity to Electricity|Immunity to Fire	DR:5/bludgeoning and magic
Animate Trees		KEY:Algoid ~ Animate Trees		CATEGORY:Special Ability	TYPE:AlgoidRaceAbility.RaceAbility.SpecialQuality.Supernatural	DESC:An algoid can animate trees within 90 feet at will, controlling up to two trees at a time. It takes 1 full round for a normal tree to uproot itself. Thereafter, it moves at a speed of 10 feet and fights using the stats below. Animated trees lose their ability to move if the algoid that animated them is incapacitated or moves out of range. This ability is otherwise similar to liveoak.
Mind Blast			KEY:Algoid ~ Mind Blast			CATEGORY:Special Ability	TYPE:AlgoidRaceAbility.RaceAbility.SpecialQuality.SpellLike	DESC:Once per day, an algoid can use a mind blast in a 60-foot cone.  Any creature caught in the cone must succeed on a DC 14 Will save or be stunned for 3d4 rounds. The save DC is Charisma-based and includes a +2 racial bonus.|AlgoidMindBlastDC	DEFINE:AlgoidMindBlastDC|0	BONUS:VAR|AlgoidMindBlastDC|12+(HD/2)+CHA
Stun				KEY:Algoid ~ Stun				CATEGORY:Special Ability	TYPE:AlgoidRaceAbility.RaceAbility.SpecialQuality.Extraordinary	DESC:If an algoid scores a critical hit with a slam attack, the opponent struck must succeed on a DC 16 Fortitude save or be stunned for 1d2 rounds.  The save DC is Strength-based.|AlgoidStunDC	DEFINE:AlgoidStunDC|0	BONUS:VAR|AlgoidStunDC|10+(HD/2)+STR
Vulnerability to Water	KEY:Algoid ~ Vulnerability to Water	CATEGORY:Special Ability	TYPE:AlgoidRaceAbility.RaceAbility.SpecialQuality.Extraordinary	DESC:A control water spell deals 1d6 points of damage per caster level (maximum 10d6) to an algoid (no save).

### AluDemon

Racial Abilities		KEY:AluDemon ~ Racial Abilities	CATEGORY:Internal		ABILITY:Special Ability|AUTOMATIC|TYPE:AluDemonRaceAbility
Resistances			KEY:AluDemon ~ Resistances		CATEGORY:Special Ability	VISIBLE:NO	TYPE:AluDemonRaceAbility.RaceAbility	ABILITY:Special Ability|AUTOMATIC|Immunity to Electricity|Immunity to Poison	ABILITY:Special Ability|AUTOMATIC|Resistance to Acid	BONUS:VAR|AcidResistanceBonus|10	ABILITY:Special Ability|AUTOMATIC|Resistance to Cold	BONUS:VAR|ColdResistanceBonus|10	ABILITY:Special Ability|AUTOMATIC|Resistance to Fire	BONUS:VAR|FireResistanceBonus|10	DR:5/cold iron or good	SR:16
Vampiric Touch		KEY:AluDemon ~ Vampiric Touch		CATEGORY:Special Ability	TYPE:AluDemonRaceAbility.RaceAbility.SpecialQuality.Supernatural	DESC:An alu-demon gains temporary hit points equal to the damage dealt each time she successfully hits with a claw attack. She cannot gain more than her target's current hit points + the target's Con score (which is enough to kill the target). The temporary hit points disappear in one hour.

### Amaimon Devil

Racial Abilities		KEY:AmaimonDevil ~ Racial Abilities	CATEGORY:Internal		ABILITY:Special Ability|AUTOMATIC|TYPE:AmaimonDevilRaceAbility
Resistances			KEY:AmaimonDevil ~ Resistances	CATEGORY:Special Ability	VISIBLE:NO	TYPE:AmaimonDevilRaceAbility.RaceAbility	ABILITY:Special Ability|AUTOMATIC|Immunity to Fire|Immunity to Poison	ABILITY:Special Ability|AUTOMATIC|Resistance to Fire	BONUS:VAR|FireResistanceBonus|10	ABILITY:Special Ability|AUTOMATIC|Resistance to Cold	BONUS:VAR|ColdResistanceBonus|10	DR:10/silver	SR:19

### Amber Ooze

Racial Abilities		KEY:AmberOoze ~ Racial Abilities	CATEGORY:Internal	ABILITY:Special Ability|AUTOMATIC|TYPE:AmberOozeRaceAbility
Resistances			KEY:AmberOoze ~ Resistances		CATEGORY:Special Ability	VISIBLE:NO	TYPE:AmberOozeRaceAbility.RaceAbility	ABILITY:Special Ability|AUTOMATIC|Ooze Traits
Ability Drain		KEY:AmberOoze ~ Ability Drain		CATEGORY:Special Ability	TYPE:AmberOozeRaceAbility.RaceAbility.SpecialQuality.Extraordinary	DESC:If not purged form the host body, the acids and protoplasm of an amber ooze begin damaging its host's body and mind. After 1 week, the host takes 1 point each of Intelligence, Wisdom, and Charisma drain per day. When one of the three abilities reaches 0, the host dies.
Infuse			KEY:AmberOoze ~ Infuse			CATEGORY:Special Ability	TYPE:AmberOozeRaceAbility.RaceAbility.SpecialQuality.Extraordinary	DESC:A victim that has ingested an amber ooze must succeed on a DC %1 Fortitude save or the amber ooze infuses itself into his body. The ooze merges with flesh and bone, and can only be removed by a remove disease spell.  The save DC is Constitution-based. A detect magic (or similar magic) cast on the host reveals the amber ooze.  If the victim succeeds on the Fortitude save, the amber ooze takes 1 point of acid damage per round from the host's digestive juices. Once it begins to take damage, the ooze retreats from the host's body through its mouth.|AmberOozeInfuseDC	DEFINE:AmberOozeInfuseDC|0	BONUS:VAR|AmberOozeInfuseDC|10+(HD/2)+
Weaken Will			KEY:AmberOoze ~ Weaken Will		CATEGORY:Special Ability	TYPE:AmberOozeRaceAbility.RaceAbility.SpecialQuality.Supernatural	DESC:An amber ooze that has infused itself into a host weakens the will of its victim. As long as the amber ooze remains in the host, he takes a -4 penalty on Will saves to resist mind-influencing spells and effects (such as charm person and suggestion.)

### Amon

Racial Abilities		KEY:Amon ~ Racial Abilities		CATEGORY:Internal	ABILITY:Special Ability|AUTOMATIC|TYPE:AmonRaceAbility
Resistances			KEY:Amon ~ Resistances			CATEGORY:Special Ability	VISIBLE:NO	TYPE:AmonRaceAbility.RaceAbility	ABILITY:Special Ability|AUTOMATIC|Immunity to Fire|Immunity to Poison	ABILITY:Special Ability|AUTOMATIC|Resistance to Acid	BONUS:VAR|AcidResistanceBonus|10	ABILITY:Special Ability|AUTOMATIC|Resistance to Cold	BONUS:VAR|ColdResistanceBonus|10
Control Wolves		KEY:Amon ~ Control Wolves		CATEGORY:Special Ability	TYPE:AmonRaceAbility.RaceAbility.SpecialQuality.Supernatural	DESC:Amon can control up to 40 HD of wolves, worgs, winter wolves, or dire wolves to a range of 1 mile. This is otherwise similar to a control undead spell cast by a 20th-level sorcerer and does not count against his 40 HD summoning limit (unless Amon summoned the creatures).
Fear Gaze			KEY:Amon ~ Fear Gaze			CATEGORY:Special Ability	TYPE:AmonRaceAbility.RaceAbility.SpecialQuality.Supernatural	DESC:A creature that successfully saves against Amon's fear gaze cannot be affected again for one day.  The save DC is Charisma-based. (30 ft., Will DC %1, affected by fear spell)|AmonFearGazeDC	DEFINE:AmonFearGazeDC|0	BONUS:VAR|AmonFearGazeDC|10+(HD/2)+CHA
Craver			KEY:Amon ~ Craver				CATEGORY:Special Ability	TYPE:AmonRaceAbility.RaceAbility.SpecialQuality	DESC:mon's unique oversized weapon is a Huge +4 axiomatic thundering heavy mace. In Duke Amon's hands it deals double his Strength bonus to damage in addition to its +4 enhancement bonus when he uses it two-handed (+30 total).  He is able to use the oversized weapon without penalty.

### Amphisbaena

Racial Abilities		KEY:Amphisbaena ~ Racial Abilities	CATEGORY:Internal		ABILITY:Special Ability|AUTOMATIC|TYPE:AmphisbaenaRaceAbility
Resistances			KEY:Amphisbaena ~ Resistances		CATEGORY:Special Ability	VISIBLE:NO	TYPE:AmphisbaenaRaceAbility.RaceAbility ABILITY:Special Ability|AUTOMATIC|Immunity to Petrification	ABILITY:Special Ability|AUTOMATIC|Resistance to Cold	BONUS:VAR|ColdResistanceBonus|10
Poison			KEY:Amphisbaena ~ Poison		CATEGORY:Special Ability	TYPE:AmphisbaenaRaceAbility.RaceAbility.SpecialQuality.Extraordinary	DESC:Bite-injury; save Fort DC 14; frequency 1/round for 4 rounds; effect 1d3 Con; cure 1 save. The save DC is Constitution-based.
Split				KEY:Amphisbaena ~ Split			CATEGORY:Special Ability	TYPE:AmphisbaenaRaceAbility.RaceAbility.SpecialQuality.Extraordinary	DESC:An amphisbaena functions normally even if cut in half. If dealt a critical hit with a slashing weapon, the creature is cut in half but continues to function as two separate creatures, each with half the original amphisbaena's current hit points (rounded down). Once split, an amphisbaena cannot be split again. If left alone for 1 minute, the split amphisbaena can rejoin its two halves and become a single whole creature again (add the two creatures' hit points together). If one of the split creatures is slain, the amphisbaena can regrow the lost portion over the course of a few weeks.

### Angel (Chalkydri)

Racial Abilities		KEY:Chalkydri ~ Racial Abilities	CATEGORY:Internal		ABILITY:Special Ability|AUTOMATIC|TYPE
Resistances			KEY:Chalkydri ~ Resistances		CATEGORY:Special Ability	VISIBLE:NO	TYPE:ChalkydriRaceAbility	ABILITY:Special Ability|AUTOMATIC|Immunity to Death Effects	DR:10/evil	SR:25
Exploding weapons		KEY:Chalkydri ~ Exploding weapons	CATEGORY:Special Ability	TYPE:ChalkydriRaceAbility.RaceAbility.SpecialQuality	DESC:If slain, the chalkydri's weapons explode in a blinding flash of fire.

### Angel (Empyreal)

Racial Abilities		KEY:Empyreal ~ Racial Abilities	CATEGORY:Internal		ABILITY:Special Ability|AUTOMATIC|TYPE:EmpyrealRaceAbility
Resistances			KEY:Empyreal ~ Resistances		CATEGORY:Special Ability	VISIBLE:NO	TYPE:EmpyrealRaceAbility.RaceAbility	ABILITY:Special Ability|AUTOMATIC|Immunity to Death Effects	DR:10/evil	SR:26
Aura of Goodness		KEY:Empyreal ~ Aura of Goodness	CATEGORY:Special Ability	TYPE:EmpyrealRaceAbility.RaceAbility.SpecialQuality.Supernatural	DESC:An empyreal radiates an aura in a 30-foot radius spread around its form. Any non-evil creature in this area must succeed on a DC 23 Will save or be overcome with awe and unable to attack the empyreal that round.  Evil creatures within the area must make a successful DC 23 Will save or be unable to even look at that empyreal for one day. An affected evil creature functions as if blinded (as the blindness spell) when attacking that empyreal.  On a successful save, a creature is immune to the aura of goodness of that empyreal for one day. The save DC is Charisma-based and includes a +2 bonus.|EmpyrealAuraofGoodnessDC	DEFINE:EmpyrealAuraofGoodnessDC|0	BONUS:VAR|EmpyrealAuraofGoodnessDC|12+(HD/2)+CHA
Radiant Blast		KEY:Empyreal ~ Radiant Blast		CATEGORY:Special Ability	TYPE:EmpyrealRaceAbility.RaceAbility.SpecialQuality.Supernatural	DESC:Once per day, an empyreal can increase the radiance of its form and release it in a cone-shaped blast to a range of 60 feet that deals 15d6 points of damage and blinds any creature in the area (as the blindness spell) for 3d6 minutes. Affected creatures can make a successful DC 21 Reflex save to halve the damage and avoid being blinded. The save DC is Constitution-based.|EmpyrealRadiantBlastDC	DEFINE:EmpyrealRadiantBlastDC|0	BONUS:VAR|EmpyrealRadiantBlastDC|10+(HD/2)+CON

### Angel (Monadic Deva)

Racial Abilities		KEY:MonadicDeva ~ Racial Abilities	CATEGORY:Internal	ABILITY:Special Ability|AUTOMATIC|TYPE:MonadicDevaRaceAbility
Resistances			KEY:MonadicDeva ~ Resistances		CATEGORY:Special Ability	VISIBLE:NO	TYPE:MonadicDevaRaceAbility.RaceAbility		ABILITY:Special Ability|AUTOMATIC|Immunity to Death Effects	DR:10/evil	SR:23
Solid Blow			KEY:MonadicDeva ~ Solid Blow		CATEGORY:Special Ability	TYPE:MonadicDevaRaceAbility.RaceAbility.SpecialQuality.Supernatural	DESC:If a monadic deva strikes an opponent twice in one round with its mace, that creature takes an extra 1d8 points of damage.

### Angel (Movanic Deva)

Racial Abilities		KEY:MovanicDeva ~ Racial Abilities		CATEGORY:Internal	ABILITY:Special Ability|AUTOMATIC|TYPE:MovanicDevaRaceAbility
Resistances			KEY:MovanicDeva ~ Resistances			CATEGORY:Special Ability	VISIBLE:NO	TYPE:MovanicDevaRaceAbility.RaceAbility	ABILITY:Special Ability|AUTOMATIC|Immunity to Death Effects	DR:10/evil	SR:21
Nature's Passivism	KEY:MovanicDeva ~ Nature's Passivism	CATEGORY:Special Ability	TYPE:MovanicDevaRaceAbility.RaceAbility.SpecialQuality.Extraordinary	DESC:Animals and plant creatures do not willingly attack a movanic deva, though they can be forced to do so through magical means however. If the movanic deva attacks a plant or animal, its protection against that creature ends.

### Ant lion

Racial Abilities		KEY:AntLion ~ Racial Abilities		CATEGORY:Internal		ABILITY:Special Ability|AUTOMATIC|TYPE:AntLionRaceAbility
Resistances			KEY:AntLion ~ Resistances			CATEGORY:Special Ability	VISIBLE:NO	TYPE:AntLionRaceAbility.RaceAbility	ABILITY:Special Ability|AUTOMATIC|Vermin Traits|Immunity to Mind-Affecting Effects

### Apparition

Racial Abilities			KEY:Apparition ~ Racial Abilities			CATEGORY:Internal		ABILITY:Special Ability|AUTOMATIC|TYPE:ApparitionRaceAbility
Resistances				KEY:Apparition ~ Resistances				CATEGORY:Special Ability	VISIBLE:NO	TYPE:ApparitionRaceAbility.RaceAbility	ABILITY:Special Ability|AUTOMATIC|Channel Resistance	BONUS:VAR|ChannelResistance|2
Create Spawn			KEY:Apparition ~ Create Spawn				CATEGORY:Special Ability	TYPE:ApparitionRaceAbility.RaceAbility.SpecialQuality.Supernatural	DESC:A humanoid slain by an apparition becomes an apparition itself in 1d4 rounds. Spawn so created are less powerful than typical apparitions, and suffer a -2 penalty on all d20 rolls and checks. They also receive -2 hp per HD, and a -2 penalty to the Will save DC of their spectral strangulation ability. Spawn are under the command of the apparition that created them and remain enslaved until its death, at which point they lose their spawn penalties and become full-fledged and free-willed apparitions.  They do not possess any of the abilities they had in life.
Resurrection Vulnerability	KEY:Apparition ~ Resurrection Vulnerability	CATEGORY:Special Ability	TYPE:ApparitionRaceAbility.RaceAbility.SpecialQuality.Supernatural	DESC:A raise dead or similar spell cast on an apparition destroys it (Will negates). Using the spell in this way does not require a material component.
Spectral Strangulation		KEY:Apparition ~ Spectral Strangulation		CATEGORY:Special Ability	TYPE:ApparitionRaceAbility.RaceAbility.SpecialQuality.Supernatural	DESC:An apparition attacks an opponent by implanting a suggestion in the victim's mind, convincing it that it is being strangled by the apparition's bony claws. The apparition must be on the same plane as the target creature to use this ability.  The target of the spectral strangulation feels the bony, claw-like fingers of the apparition at its throat-even through armor. The target must succeed on a DC %1 Will save to disbelieve the suggestion. A creature that successfully saves cannot be affected again by the same apparition's suggestion for one day.  On a failed save, the victim must immediately succeed on a DC %1 Fortitude save or die from fright due to heart failure. If the Fortitude save succeeds, the victim acts as if affected by a fear spell for 1d4 rounds. A creature protected by magic circle against evil or protection from evil cannot be affected by an apparition's spectral strangulation. This is a mind-affecting fear effect. The save DCs are Charisma-based.|ApparitionSpectralStrangulationDC	DEFINE:ApparitionSpectralStrangulationDC|0	BONUS:VAR|ApparitionSpectralStrangulationDC|10+(HD/2)+
Sunlight Powerlessness		KEY:Apparition ~ Sunlight Powerlessness		CATEGORY:Special Ability	TYPE:ApparitionRaceAbility.RaceAbility.SpecialQuality.Extraordinary	DESC:Apparitions on the Material Plane are utterly powerless in natural sunlight (not merely a daylight spell) and flee from it.  An apparition caught in sunlight cannot attack and is staggered.

### Arach

Racial Abilities		KEY:Arach ~ Racial Abilities		CATEGORY:Internal	ABILITY:Special Ability|AUTOMATIC|TYPE:ArachRaceAbility
Multispell			KEY:Arach ~ Multispell			CATEGORY:Special Ability	TYPE:ArachRaceAbility.RaceAbility.SpecialQuality.Extraordinary	DESC:An arach spellcaster (one that has taken levels in a spellcasting class) can cast multiple spells in a given round. If each spell is 3rd-level or less, an arach can cast up to three spells per round; 4th- or 5th-level spells, two per round. An arach cannot multispell spells higher than 5th-level.
Poison			KEY:Arach ~ Poison			CATEGORY:Special Ability	TYPE:ArachRaceAbility.RaceAbility.SpecialQuality.Extraordinary	DESC:Arach Venom: Bite-injury; save Fort DC %1; frequency 1/round for 4 rounds; effect 1d4 Str; cure 1 save. An arach can also coat a single weapon it wields with this poison as a move action. The save DC is Constitution-based.|ArachPoisonDC	DEFINE:ArachPoisonDC|0	BONUS:VAR|ArachPoisonDC|10+(HD/2)+
Spider Passivism		KEY:Arach ~ Spider Passivism		CATEGORY:Special Ability	TYPE:ArachRaceAbility.RaceAbility.SpecialQuality.Extraordinary	DESC:No spiders, monstrous spiders, phase spiders, temporal crawlers, sand stalkers, arachnid werecreatures (such as werespiders) or other spider-like creatures with an Intelligence of 8 or less willingly attack an arach. They can be forced to do so through magical means however. If the arach or one of its allies attacks the creature first, this passivism is negated for that creature for 24 hours.

### Arcanoplasm

Racial Abilities		KEY:Arcanoplasm ~ Racial Abilities		CATEGORY:Internal	ABILITY:Special Ability|AUTOMATIC|TYPE:ArcanoplasmRaceAbility
Resistances			KEY:Arcanoplasm ~ Resistances			CATEGORY:Special Ability	VISIBLE:NO	TYPE:ArcanoplasmRaceAbility.RaceAbility	ABILITY:Special Ability|AUTOMATIC|Amorphous|Immunity to Paralysis|Immunity to Poison|Immunity to Polymorph|Immunity to Sleep Effects|Immunity to Stunning
Absorb Arcane Energy	KEY:Arcanoplasm ~ Absorb Arcane Energy	CATEGORY:Special Ability	TYPE:ArcanoplasmRaceAbility.RaceAbility.SpecialQuality.Supernatural	DESC:Any arcane spell targeted at an arcanoplasm is automatically absorbed into its body. This cures 1 point of damage per 3 points of damage the spell would otherwise deal (non-damaging spells cure 1 point of damage per spell level). Spells that affect an area are not absorbed, but neither do they affect the arcanoplasm. The arcanoplasm cannot absorb divine magic and is affected normally by such magic.
Acid				KEY:Arcanoplasm ~ Acid				CATEGORY:Special Ability	TYPE:ArcanoplasmRaceAbility.RaceAbility.SpecialQuality.Extraordinary	DESC:An arcanoplasm secretes a highly corrosive acid that dissolves only flesh. 1d6.
Arcane Spell Mimicry	KEY:Arcanoplasm ~ Arcane Spell Mimicry	CATEGORY:Special Ability	TYPE:ArcanoplasmRaceAbility.RaceAbility.SpecialQuality.Supernatural	DESC:An arcanoplasm can mimic any arcane spell cast within 30 feet of it on its next turn. The spell takes effect as if cast by a 7th-level sorcerer (save DC 14 + spell level) and does not require any components. The arcanoplasm cannot mimic spells a 7th-level arcane caster could not normally cast (i.e., it cannot mimic divine spells, or arcane spells of 5th level or higher). The save DC is Charisma-based.  Due to their innately magical nature, an arcanoplasm adds its Constitution modifier in addition to its Charisma modifier to all concentration checks to cast a spell using arcane spell mimicry.|ArcanoplasmArcaneSpellMimicryDC	DEFINE:ArcanoplasmArcaneSpellMimicryDC|0	BONUS:VAR|ArcanoplasmArcaneSpellMimicryDC|9+(HD/2)+CHA
Arcanesense			KEY:Arcanoplasm ~ Arcanesense			CATEGORY:Special Ability	TYPE:ArcanoplasmRaceAbility.RaceAbility.SpecialQuality.Supernatural	DESC:An arcanoplasm can automatically detect the location of any arcane spellcaster within 100 feet. This functions like blindsense but is not blocked by stone, lead, or other material, and can only sense the location of arcane spellcasters.

### Archer bush

Racial Abilities	KEY:Archerbush ~ Racial Abilities	CATEGORY:Internal	ABILITY:Special Ability|AUTOMATIC|TYPE:ArcherbushRaceAbility
Resistances		KEY:Archerbush ~ Resistances		CATEGORY:Special Ability	VISIBLE:NO	TYPE:ArcherbushRaceAbility.RaceAbility	ABILITY:Special Ability|AUTOMATIC|Plant Traits
Thorns		KEY:Archerbush ~ Thorns			CATEGORY:Special Ability	TYPE:ArcherbushRaceAbility.RaceAbility.SpecialQuality.Extraordinary	DESC:An archer bush can loose a cluster of needlesharp thorns at a single target within 20 feet as a standard action. An opponent hit by the thorns takes 1d8 points of piercing damage. Further, the target takes a -1 circumstance penalty on attack rolls, saves, and checks until the thorns are removed (full-round action to remove the thorns).

### Ascomoid

Racial Abilities	KEY:Ascomoid ~ Racial Abilities	CATEGORY:Internal	ABILITY:Special Ability|AUTOMATIC|TYPE:AscomoidRaceAbility
Resistances		KEY:Ascomoid ~ Resistances	CATEGORY:Special Ability	VISIBLE:NO	TYPE:AscomoidRaceAbility.RaceAbility	ABILITY:Special Ability|AUTOMATIC|DR:10/piercing	ABILITY:Special Ability|AUTOMATIC|Resistance to Fire	BONUS:VAR|FireResistanceBonus|10	ABILITY:Special Ability|AUTOMATIC|Resistance to Electricity	BONUS:VAR|ElectricityResistanceBonus|10
Spores			KEY:Ascomoid ~ Spores		CATEGORY:Special Ability	TYPE:AscomoidRaceAbility.RaceAbility.SpecialQuality.Extraordinary	DESC:Once per round, an ascomoid can fire deadly spores in a 30-foot line. Upon impacting a solid surface, the spores billow into a cloud that fills a 20-foot radius. The cloud lasts 1 round before dispersing. Creatures caught within the cloud must succeed on a DC %1 Fortitude save or take 1d6 points of Constitution damage and become nauseated for 1d4 rounds. A successful save negates the Constitution damage but not the nauseated condition. Once a creature saves against this ability it is immune to the same ascomoid's spores for 24 hours. The save DC is Constitution-based|AscomoidSporesDC	DEFINE:AscomoidSporesDC|0	BONUS:VAR|AscomoidSporesDC|10+(HD/2)+ .

### Asrai

Racial Abilities	KEY:Asrai ~ Racial Abilities	CATEGORY:Internal	ABILITY:Special Ability|AUTOMATIC|TYPE:AsraiRaceAbility
Resistances		KEY:Asrai ~ Resistances		CATEGORY:Special Ability	VISIBLE:NO	TYPE:AsraiRaceAbility.RaceAbility	ABILITY:Special Ability|AUTOMATIC|Immunity to Cold	DR:5/cold iron	SR:16
Cold Touch		KEY:Asrai ~ Cold Touch		CATEGORY:Special Ability	TYPE:AsraiRaceAbility.RaceAbility.SpecialQuality.Supernatural	DESC:The touch of an asrai is supernaturally cold. All damage dealt from an asrai's natural attacks is cold damage. This ability is constant, but the asrai can suppress or resume it at will as a free action.
Water Dependent		KEY:Asrai ~ Water Dependent	CATEGORY:Special Ability	TYPE:AsraiRaceAbility.RaceAbility.SpecialQuality.Supernatural	DESC:An asrai can survive on land for 1 hour per 2 points of Constitution. After that, it begins to suffocate. Lost Constitution points are immediately restored if the asrai returns to the water. If its Constitution reaches 0 it dies, collapsing into a puddle of water.

### Astral Shark

Racial Abilities	KEY:AstralShark ~ Racial Abilities	CATEGORY:Internal	ABILITY:Special Ability|AUTOMATIC|TYPE:AstralSharkRaceAbility
Astral Scent	KEY:AstralShark ~ Astral Scent	CATEGORY:Special Ability	TYPE:AstralSharkRaceAbility.RaceAbility.SpecialQuality.Extraordinary	DESC:An astral shark is highly attuned to the energy of a traveler in the Astral Plane and can detect such creatures in a 180-ft.  radius.
Sever Silver Cord	KEY:AstralShark ~ Sever Silver Cord	CATEGORY:Special Ability	TYPE:AstralSharkRaceAbility.RaceAbility.SpecialQuality.Extraordinary	DESC:An astral shark can attack an opponent's silver cord with a normal attack that provokes an attack of opportunity. If the astral shark rolls a natural 20 (and subsequently confirms the critical hit), the traveler's silver cord is severed and its material body and astral form are both instantly destroyed.

### Atomie

Racial Abilities	KEY:Atomie ~ Racial Abilities	CATEGORY:Internal	ABILITY:Special Ability|AUTOMATIC|TYPE:AtomieRaceAbility
Resistances		KEY:Atomie ~ Resistances	CATEGORY:Special Ability	VISIBLE:NO	TYPE:AtomieRaceAbility.RaceAbility	DR:5/cold iron	SR:12

### Aurumvorax

Racial Abilities	KEY:Aurumvorax ~ Racial Abilities	CATEGORY:Internal	ABILITY:Special Ability|AUTOMATIC|TYPE:AurumvoraxRaceAbility
Resistances		KEY:Aurumvorax ~ Resistances		CATEGORY:Special Ability	VISIBLE:NO	TYPE:AurumvoraxRaceAbility.RaceAbility	DR:10/piercing or slashing	ABILITY:Special Ability|AUTOMATIC|Ferocity|Immunity to Poison	ABILITY:Special Ability|AUTOMATIC|Resistance to Fire	BONUS:VAR|FireResistanceBonus|10
Grab			KEY:Aurumvorax ~ Grab			CATEGORY:Special Ability	TYPE:AurumvoraxRaceAbility.RaceAbility.SpecialQuality.Extraordinary	DESC:An aurumvorax can grab a foe of up to one size category larger than itself. It gains a +8 racial bonus to grapple attempts due to its multiple claws.

### Baal

Racial Abilities	KEY:Baal ~ Racial Abilities	CATEGORY:Internal	ABILITY:Special Ability|AUTOMATIC|TYPE
Resistances		KEY:Baal ~ Resistances		CATEGORY:Special Ability	VISIBLE:NO	TYPE:BaalRaceAbility	ABILITY:Special Ability|AUTOMATIC|Immunity to Fire|Immunity to Poison	ABILITY:Special Ability|AUTOMATIC|Resistance to Acid	BONUS:VAR|AcidResistanceBonus|10	ABILITY:Special Ability|AUTOMATIC|Resistance to Cold	BONUS:VAR|ColdResistanceBonus|10
Sheol			KEY:Baal ~ Sheol		CATEGORY:Special Ability	TYPE:BaalRaceAbility.RaceAbility.SpecialQuality	DESC:Baal's unique weapon is a Large +4 unholy morningstar. As a free action, the handle of Baal's morningstar can extend 10 feet, thus increasing his reach with this weapon. It can likewise retract to its normal length as a free action.

### Baaphel

Racial Abilities	KEY:Baaphel ~ Racial Abilities	CATEGORY:Internal	ABILITY:Special Ability|AUTOMATIC|TYPE:BaaphelRaceAbility
Resistances		KEY:Baaphel ~ Resistances	CATEGORY:Special Ability	VISIBLE:NO	TYPE:BaaphelRaceAbility.RaceAbility	ABILITY:Special Ability|AUTOMATIC|Immunity to Fire|Immunity to Poison	ABILITY:Special Ability|AUTOMATIC|Resistance to Acid	BONUS:VAR|AcidResistanceBonus|10	ABILITY:Special Ability|AUTOMATIC|Resistance to Cold	BONUS:VAR|ColdResistanceBonus|10
FearTouch		KEY:Baaphel ~ FearTouch		CATEGORY:Special Ability	TYPE:BaaphelRaceAbility.RaceAbility.SpecialQuality.Supernatural	DESC:A creature that successfully saves cannot be affected again by Baaphel's fear touch for one day. The save DC is Charisma-based. (Will DC %1, fear spell, CL 20th)|BaaphelFearTouchDC	DEFINE:BaaphelFearTouchDC|0	BONUS:VAR|BaaphelFearTouchDC|10+(HD/2)+CHA
Hell's Gleaning		KEY:Baaphel ~ Hell's Gleaning	CATEGORY:Special Ability	TYPE:BaaphelRaceAbility.RaceAbility.SpecialQuality	DESC:Baaphel's unique weapon is a +3 axiomatic keen scythe.

### Baccae

Racial Abilities	KEY:Baccae ~ Racial Abilities	CATEGORY:Internal	ABILITY:Special Ability|AUTOMATIC|TYPE:BaccaeRaceAbility
Resistances		KEY:Baccae ~ Resistances	CATEGORY:Special Ability	VISIBLE:NO	TYPE:BaccaeRaceAbility.RaceAbility	DR:5/cold iron
Beast Form 		KEY:Baccae ~ Beast Form 	CATEGORY:Special Ability	TYPE:BaccaeRaceAbility.RaceAbility.SpecialQuality.Supernatural	DESC:When angered or intoxicated, a baccae takes on a beast-like visage, growing sharpened fangs and claws. This transformation cannot be ended voluntarily and lasts for up to 1 hour.
Charming Gaze		KEY:Baccae ~ Charming Gaze	CATEGORY:Special Ability	TYPE:BaccaeRaceAbility.RaceAbility.SpecialQuality.Supernatural	DESC:In human form, a baccae's gaze can charm any creature meeting her gaze and within 30 feet. An affected creature can attempt a DC %1 Will save to resist the effects. If the save fails, the opponent acts as if affected by a charm person spell CL %2 (caster level equals the baccae's HD). A baccae can suppress this ability as a free action. The save DC is Charisma-based.|RRRAAADC|HD	DEFINE:RRRAAADC|0	BONUS:VAR|RRRAAADC|10+(HD/2)+CHA
Rage			KEY:Baccae ~ Rage		CATEGORY:Special Ability	TYPE:BaccaeRaceAbility.RaceAbility.SpecialQuality.Supernatural	DESC:Once per day, a baccae in beast form can fly into berserk frenzy.  This frenzy lasts for 1 minute (10 rounds). In this rage, she gains temporary bonuses to her ability scores: +4 Strength, +4 Constitution. She likewise gains a +2 morale bonus on Will saves, but takes a -2 penalty to Armor Class.  A baccae cannot voluntarily end her rage.

### Balban Demon

Racial Abilities		KEY:BalbanDemon ~ Racial Abilities		CATEGORY:Internal	ABILITY:Special Ability|AUTOMATIC|TYPE:BalbanDemonRaceAbility
Resistances			KEY:BalbanDemon ~ Resistances			CATEGORY:Special Ability	VISIBLE:NO	TYPE:BalbanDemonRaceAbility.RaceAbility	DR:10/good	SR:19
Double Damage against Objects	KEY:BalbanDemon ~ Double Damage against Objects	CATEGORY:Special Ability	TYPE:BalbanDemonRaceAbility.RaceAbility.SpecialQuality.Extraordinary	DESC:A balban's powerful fists are particularly effective against objects. A balban deals double damage against an object or structure.
Pound				KEY:BalbanDemon ~ Pound				CATEGORY:Special Ability	TYPE:BalbanDemonRaceAbility.RaceAbility.SpecialQuality.Extraordinary	DESC:A balban that makes a successful grapple check against a foe smaller than itself can smash the opponent into nearby solid objects (walls, floor, ground, etc.) as a standard action. This deals 2d8+12 points of bludgeoning damage to the victim. Further, the victim must succeed on a DC %1 Fortitude save or be stunned for 1 round. A balban can perform this action once per round as long as it maintains the grapple. The save DC is Strength-based.|RRRAAADC	DEFINE:RRRAAADC|0	BONUS:VAR|RRRAAADC|10+(HD/2)+STR

### Banderlog

Racial Abilities	KEY:Banderlog ~ Racial Abilities	CATEGORY:Internal	ABILITY:Special Ability|AUTOMATIC|TYPE:BanderlogRaceAbility
Resistances		KEY:Banderlog ~ Resistances		CATEGORY:Special Ability	VISIBLE:NO	TYPE:BanderlogRaceAbility.RaceAbility
Coconut Throwing	KEY:Banderlog ~ Coconut Throwing	CATEGORY:Special Ability	TYPE:BanderlogRaceAbility.RaceAbility.SpecialQuality.Extraordinary	DESC:A banderlog can hurl a coconut up to 10 feet (range increment 10 feet, maximum range 50 feet).

### Baobhan Sith

Racial Abilities	KEY:BaobhanSith ~ Racial Abilities	CATEGORY:Internal	ABILITY:Special Ability|AUTOMATIC|TYPE:BaobhanSithRaceAbility
Blood Drain		KEY:BaobhanSith ~ Blood Drain		CATEGORY:Special Ability	TYPE:BaobhanSithRaceAbility.RaceAbility.SpecialQuality.Extraordinary	DESC:A baobhan sith can suck blood from a grappled or helpless opponent; if she establishes or maintains a pin, she deals bite damage and drains blood, dealing 1d4 points of Strength damage and 1d4 points of Constitution damage each round.
Captivating Dance	KEY:BaobhanSith ~ Captivating Dance	CATEGORY:Special Ability	TYPE:BaobhanSithRaceAbility.RaceAbility.SpecialQuality.Supernatural	DESC:When a baobhan sith dances, all living creatures within 30 feet that view the rhythmic swaying and movements of her body must succeed on a DC %1 Will save or become utterly enthralled and captivated. Creatures that are sexually attracted to females who view this dance suffer a -2 penalty on their saving throws. A creature that makes its save cannot be affected again by the same baobhan sith's captivating dance for one day. A captivated creature is dazed (it cannot attack, but can defend normally). This continues for as long as the baobhan sith dances. A baobhan sith can move and act normally (including using her spelllike abilities) while maintaining her dance. The save DC is Charisma-based.|BaobhanSithCaptivatingDanceDC	DEFINE:BaobhanSithCaptivatingDanceDC|0	BONUS:VAR|BaobhanSithCaptivatingDanceDC|10+(HD/2)+CHA
Dying Words		KEY:Dying Words ~ Baobhan Sith		CATEGORY:Special Ability	TYPE:BaobhanSithRaceAbility.RaceAbility.SpecialQuality.SpellLike	DESC:When a baobhan sith is slain, she utters a curse as a free action (whether it's her turn or not) that affects her killer as if it were a bestow curse spell (caster level 10th). The target can resist the curse with a successful DC 19 Will save. If the save fails, the target suffers a -6 decrease to its highest ability score. The save DC is Charisma-based.|BaobhanSithDyingWordsDC	DEFINE:BaobhanSithDyingWordsDC|0	BONUS:VAR|BaobhanSithDyingWordsDC|10+(HD/2)+CHA

### Baphomet

Racial Abilities	KEY:Baphomet ~ Racial Abilities		CATEGORY:Internal	ABILITY:Special Ability|AUTOMATIC|TYPE:BaphometRaceAbility
Resistances		KEY:Baphomet ~ Resistances		CATEGORY:Special Ability	VISIBLE:NO	TYPE:BaphometRaceAbility.RaceAbility	DR:25/cold iron and good	SR:36
Rend Armor		KEY:Baphomet ~ Rend Armor		CATEGORY:Special Ability	TYPE:BaphometRaceAbility.RaceAbility.SpecialQuality.Extraordinary	DESC:As a full-round action Baphomet can make a single attack with his halberd against a foe. If he hits, he pulls apart any armor worn by his foe. This attack deals 2d8+23 points of damage to the opponent's armor.  Creatures not wearing armor are unaffected by this special attack. Armor reduced to 0 hit points is destroyed.  Damaged armor may be repaired with a successful Craft (armorsmithing) check.
Musileim		KEY:Baphomet ~ Musileim			CATEGORY:Special Ability	TYPE:BaphometRaceAbility.RaceAbility.SpecialQuality	DESC:Baphomet's unique weapon is a Huge +4 unholy halberd of speed. He is able to wield the over-sized weapon without penalty.
Aligned Weapons		KEY:Baphomet ~ Aligned Weapons		CATEGORY:Special Ability	TYPE:BaphometRaceAbility.RaceAbility.SpecialQuality	DESC:Baphomet's natural weapons, as well as any weapons he wields, are treated as chaotic-aligned and evil-aligned for the purpose of overcoming damage reduction. His natural weapons are also treated as epic weapons for the purpose of overcoming damage reduction.

### Barbegazi

Racial Abilities	KEY:Barbegazi ~ Racial Abilities	CATEGORY:Internal	ABILITY:Special Ability|AUTOMATIC|TYPE:BarbegaziRaceAbility
Snow Move		KEY:Barbegazi ~ Snow Move		CATEGORY:Special Ability	TYPE:BarbegaziRaceAbility.RaceAbility.SpecialQuality.Extraordinary	DESC:Because of its oversized flat feet, a barbegazi can walk on top of deep snow and suffers no penalties when moving through snowy or icy terrain.

### Barizou Corruptor Demon

Racial Abilities	KEY:BarizouCorruptorDemon ~ Racial Abilities	CATEGORY:Internal	ABILITY:Special Ability|AUTOMATIC|TYPE:BarizouCorruptorDemonRaceAbility
Resistances		KEY:BarizouCorruptorDemon ~ Resistances		CATEGORY:Special Ability	VISIBLE:NO	TYPE:BarizouCorruptorDemonRaceAbility.RaceAbility	DR:5/cold iron	SR:14
Chameleon		KEY:BarizouCorruptorDemon ~ Chameleon		CATEGORY:Special Ability	TYPE:BarizouCorruptorDemonRaceAbility.RaceAbility.SpecialQuality.Extraordinary	DESC:As a free action, a barizou can alter its coloration to blend with its surroundings. This grants the barizou a +8 racial bonus on Stealth checks (included in its stat block).
Sneak Attack		KEY:BarizouCorruptorDemon ~ Sneak Attack	CATEGORY:Special Ability	TYPE:BarizouCorruptorDemonRaceAbility.RaceAbility.SpecialQuality.Extraordinary	DESC:Anytime a barizou's opponent is denied its Dexterity bonus to AC, or when a target is flanked by a barizou, the creature deals an extra 2d6 points of damage on a successful hit.	ABILITY:Special Ability|AUTOMATIC|Sneak Attack	BONUS:VAR|SneakAttackDieSize|6	BONUS:VAR|SneakAttackDice|2

### Barrow Rat

Racial Abilities	KEY:BarrowRat ~ Racial Abilities	CATEGORY:Internal	ABILITY:Special Ability|AUTOMATIC|TYPE:BarrowRatRaceAbility
Stone Skin		KEY:BarrowRat ~ Stone Skin		CATEGORY:Special Ability	TYPE:BarrowRatRaceAbility.RaceAbility.SpecialQuality.Supernatural	DESC:Once per day, as a standard action, a barrow rat can toughen its skin to the hardness of stone. It gains damage reduction 10/- for 1 minute.
Swarm			KEY:BarrowRat ~ Swarm			CATEGORY:Special Ability	TYPE:BarrowRatRaceAbility.RaceAbility.SpecialQuality.Extraordinary	DESC:Barrow rats crawl over each other in an attempt to swarm an opponent. Up to four barrow rats can occupy a single 5-foot space.
