# CVS $Revision: $ $Author: $ -- Sat Jun 29 23:21:14 2013 -- reformated by prettylst.pl v1.50 (build 20400)
SOURCELONG:Advanced Race Guide	SOURCESHORT:ARG	SOURCEWEB:http://paizo.com/products/btpy8rv2?Pathfinder-Roleplaying-Game-Advanced-Race-Guide	SOURCEDATE:2012-06
# ORIGINAL ENTRY: Scott Meyer (guru_scott)
# ORIGINAL ENTRY DATE: 05/26/13

# Ability Name						Unique Key							Category of Ability		Type												Required Ability								Restricted Ability											Required Race				Required Stat	Var. Min. Value			Define					Innate Spells											Description																																																																																			Cost		Source Page		Key
Poison							KEY:Poison ~ Puffball					CATEGORY:Special Ability	TYPE:RaceAbility.SpecialAbility																																										DEFINE:PuffballPoisonDC|10+TL/2+CON														DESC:(Frequency 1 round [6], Effect 1 Con damage, Cure 1 save, Con-based DC; DC %1).|PuffballPoisonDC
Double Damage						KEY:Double Damage ~ Sapling Treant			CATEGORY:Special Ability	TYPE:RaceAbility.SpecialAbility																																																												DESC:Sapling treant attacks do double damage against objects
Constrict															CATEGORY:Special Ability	TYPE:RaceAbility.SpecialAttack.SpecialAbility																																																										DESC:1d6 bludgeoning with a successful grapple check																																																																																	KEY:Constrict ~ Crawling Vine
Plant Companion Advancement			CATEGORY:Special Ability		TYPE:Internal		VISIBLE:NO		ABILITY:Special Ability|AUTOMATIC|Companion Advancement (Carnivorous Flower)|PRERACE:1,Companion (Carnivorous Flower)		ABILITY:Special Ability|AUTOMATIC|Companion Advancement (Crawling Vine)|PRERACE:1,Companion (Crawling Vine)		ABILITY:Special Ability|AUTOMATIC|Companion Advancement (Puffball)|PRERACE:1,Companion (Puffball)		ABILITY:Special Ability|AUTOMATIC|Companion Advancement (Sapling Treant)|PRERACE:1,Companion (Sapling Treant)



###Block: Shaitan Binder Eidolon Abilities
Major Magic ~ Glitterdust (1/day)			KEY:Evolution_Major_Glitterdust_1			CATEGORY:Special Ability	TYPE:EvolutionChoice.SpellLike.EidMajorMagic															!PREABILITY:1,CATEGORY=Special Ability,Evolution_Major_Glitterdust_3			PRERACE:1,Shaitan Binder Eidolon	PRESTAT:1,CHA=10												SPELLS:Innate|TIMES=1|CASTERLEVEL=(max(HD,1))|Glitterdust,10+CHA																																																																																							COST:1	SOURCEPAGE:p.146
Major Magic ~ Soften Earth and Stone (1/day)	KEY:Evolution_Major_Soften_Earth_and_Stone_1	CATEGORY:Special Ability	TYPE:EvolutionChoice.SpellLike.EidMajorMagic															!PREABILITY:1,CATEGORY=Special Ability,Evolution_Major_Soften_Earth_and_Stone_3	PRERACE:1,Shaitan Binder Eidolon	PRESTAT:1,CHA=10												SPELLS:Innate|TIMES=1|CASTERLEVEL=(max(HD,1))|Soften Earth and Stone,10+CHA																																																																																					COST:1	SOURCEPAGE:p.146
Major Magic ~ Glitterdust (3/day)			KEY:Evolution_Major_Glitterdust_3			CATEGORY:Special Ability	TYPE:EvolutionChoice.SpellLike.EidMajorMagic															!PREABILITY:1,CATEGORY=Special Ability,Evolution_Major_Glitterdust_1			PRERACE:1,Shaitan Binder Eidolon	PRESTAT:1,CHA=10	PREVARGTEQ:MasterLevel,4							SPELLS:Innate|TIMES=3|CASTERLEVEL=(max(HD,1))|Glitterdust,10+CHA																																																																																							COST:3	SOURCEPAGE:p.146
Major Magic ~ Soften Earth and Stone (3/day)	KEY:Evolution_Major_Soften_Earth_and_Stone_3	CATEGORY:Special Ability	TYPE:EvolutionChoice.SpellLike.EidMajorMagic															!PREABILITY:1,CATEGORY=Special Ability,Evolution_Major_Soften_Earth_and_Stone_1	PRERACE:1,Shaitan Binder Eidolon	PRESTAT:1,CHA=10	PREVARGTEQ:MasterLevel,4							SPELLS:Innate|TIMES=3|CASTERLEVEL=(max(HD,1))|Soften Earth and Stone,10+CHA																																																																																					COST:3	SOURCEPAGE:p.146
Ultimate Magic ~ Meld Into Stone (1/day)		KEY:Evolution_Ultimate_Meld_Into_Stone_1		CATEGORY:Special Ability	TYPE:EvolutionChoice.SpellLike.EidUltimateMagic					PREABILITY:1,CATEGORY=Special Ability,TYPE=EidMajorMagic	!PREABILITY:1,CATEGORY=Special Ability,Evolution_Ultimate_Meld_Into_Stone_3		PRERACE:1,Shaitan Binder Eidolon	PRESTAT:1,CHA=11	PREVARGTEQ:MasterLevel,4							SPELLS:Innate|TIMES=1|CASTERLEVEL=(max(HD-2,1))|Meld Into Stone,10+HD/2+CHA																																																																																					COST:3	SOURCEPAGE:p.146
Ultimate Magic ~ Meld Into Stone (3/day)		KEY:Evolution_Ultimate_Meld_Into_Stone_3		CATEGORY:Special Ability	TYPE:EvolutionChoice.SpellLike.EidUltimateMagic					PREABILITY:1,CATEGORY=Special Ability,TYPE=EidMajorMagic	!PREABILITY:1,CATEGORY=Special Ability,Evolution_Ultimate_Meld_Into_Stone_1		PRERACE:1,Shaitan Binder Eidolon	PRESTAT:1,CHA=11	PREVARGTEQ:MasterLevel,7							SPELLS:Innate|TIMES=3|CASTERLEVEL=(max(HD-2,1))|Meld Into Stone,10+HD/2+CHA																																																																																					COST:5	SOURCEPAGE:p.146
Ultimate Magic ~ Stone Shape (1/day)		KEY:Evolution_Ultimate_Stone_Shape_1		CATEGORY:Special Ability	TYPE:EvolutionChoice.SpellLike.EidUltimateMagic					PREABILITY:1,CATEGORY=Special Ability,TYPE=EidMajorMagic	!PREABILITY:1,CATEGORY=Special Ability,Evolution_Ultimate_Stone_Shape_3			PRERACE:1,Shaitan Binder Eidolon	PRESTAT:1,CHA=11	PREVARGTEQ:MasterLevel,4							SPELLS:Innate|TIMES=1|CASTERLEVEL=(max(HD-2,1))|Stone Shape,10+HD/2+CHA																																																																																						COST:3	SOURCEPAGE:p.146
Ultimate Magic ~ Stone Shape (3/day)		KEY:Evolution_Ultimate_Stone_Shape_3		CATEGORY:Special Ability	TYPE:EvolutionChoice.SpellLike.EidUltimateMagic					PREABILITY:1,CATEGORY=Special Ability,TYPE=EidMajorMagic	!PREABILITY:1,CATEGORY=Special Ability,Evolution_Ultimate_Stone_Shape_1			PRERACE:1,Shaitan Binder Eidolon	PRESTAT:1,CHA=11	PREVARGTEQ:MasterLevel,7							SPELLS:Innate|TIMES=3|CASTERLEVEL=(max(HD-2,1))|Stone Shape,10+HD/2+CHA																																																																																						COST:5	SOURCEPAGE:p.146
Stone Curse							KEY:Evolution_Stone_Curse				CATEGORY:Special Ability	TYPE:EvolutionChoice.SpecialQuality.SpellLike																													PRERACE:1,Shaitan Binder Eidolon				PREVARGTEQ:MasterLevel,18																				DESC:If an Eidolon with this ability wins a bull rush check by 5 or more and pushes its target into a stone barrier, the target must make a DC %1 Reflex save or be forced into the barrier as if the target had cast meld into stone until the victim makes a successful DC %1 Fortitude save as a full-round action to exit the stone.|10+HD/2+STR																												COST:4	SOURCEPAGE:p.146
Noble Eidolon						KEY:Noble Eidolon ~ Shaitan Binder			CATEGORY:Special Ability	TYPE:SpecialQuality.SpellLike																																																				SPELLS:Innate|TIMES=1|TIMEUNIT=Day|CASTERLEVEL=MasterLevel|Limited Wish		DESC:A shaitan binder's eidolon gains the ability to grant its summoner's wishes. Once per day, the eidolon can cast limited wish as a spelllike ability. The eidolon's caster level is %1. The wish must be spoken aloud by the shaitan binder, beginning with the words "I wish," and cannot duplicate a wish the eidolon has granted within the past 24 hours. If the eidolon uses this ability to duplicate a spell with a costly material component, the shaitan binder must provide that component.|MasterLevel			SOURCEPAGE:p.146

###Block: Misc
#Demon (Quasit)
Change Shape	KEY:Change Shape ~ Quasit	CATEGORY:Special Ability	TYPE:SpecialQuality.Supernatural						DESC:2 Of The Following Forms: Bat, Small Centipede, Toad, or Wolf; Polmorph																									SOURCEPAGE:p.66
Poison		KEY:Poison ~ Quasit		CATEGORY:Special Ability	TYPE:SpecialAttack.Extraordinary	DEFINE:PoisonDC|10+(HD/2)+CON	DESC:Claw--injury; save Fortitude DC %1; frequency 1/round for 6 rounds; effect 1d2 Dexterity; cure 2 consecutive saves.|PoisonDC	BONUS:VAR|PoisonDC|2|PREFEAT:1,Ability Focus (Poison)	BONUS:VAR|PoisonDC|2|TYPE=Racial	SOURCEPAGE:p.66	ASPECT:Ability Benefit|(DC %1)|PoisonDC

#Devil (Imp)
Poison		KEY:Poison ~ Imp		CATEGORY:Special Ability	TYPE:SpecialAttack.Extraordinary	DEFINE:PoisonDC|10+(HD/2)+CON	DESC:Sting--injury; save Fort DC %1; frequency 1/round for 6 rounds; effect 1d2 Dex; cure 1 save.|PoisonDC							BONUS:VAR|PoisonDC|2|PREFEAT:1,Ability Focus (Poison)	BONUS:VAR|PoisonDC|2|TYPE=Racial	SOURCEPAGE:p.78	ASPECT:Ability Benefit|(DC %1)|PoisonDC
Change Shape	KEY:Change Shape ~ Imp	CATEGORY:Special Ability	TYPE:SpecialQuality.Supernatural						DESC:An Imp has the ability to assume the appearance of a Boar, Giant Spider, Rat, or Raven, but retains most of your own physical qualities.																SOURCEPAGE:p.78	ASPECT:Ability Benefit|(Boar, Giant Spider, Rat, or Raven, Beast Shape I)	BENEFIT:An Imp has the ability to assume the appearance of a Boar, Giant Spider, Rat, or Raven, but retains most of its own physical qualities. An Imp cannot change shape to a form more than one size category smaller or larger than its original form. This ability functions as a polymorph spell, but it does not adjust its ability scores (although it gains any other abilities of the creature it mimics).

###Block: Companion Advancement
Companion Advancement (Dinosaur (Pteranodon))		CATEGORY:Special Ability		TYPE:CompChoice		VISIBLE:DISPLAY		PRERACE:1,Companion (Dinosaur (Pteranodon))																					BONUS:SIZEMOD|NUMBER|1
Companion Advancement (Dinosaur (Stegosaurus))		CATEGORY:Special Ability		TYPE:CompChoice		VISIBLE:DISPLAY		PRERACE:1,Companion (Dinosaur (Stegosaurus))	ABILITY:Special Ability|AUTOMATIC|Trip						BONUS:COMBAT|AC|1|TYPE=NaturalArmor.REPLACE	BONUS:SIZEMOD|NUMBER|1
Companion Advancement (Dinosaur (Triceratops))		CATEGORY:Special Ability		TYPE:CompChoice		VISIBLE:DISPLAY		PRERACE:1,Companion (Dinosaur (Triceratops))	ABILITY:Special Ability|AUTOMATIC|Powerful Charge				BONUS:COMBAT|AC|1|TYPE=NaturalArmor.REPLACE	BONUS:SIZEMOD|NUMBER|1						BONUS:VAR|PowerfulChargeDamageDice|4	BONUS:VAR|PowerfulChargeDamageDieSize|6	BONUS:VAR|PowerfulChargeBonusDamage|STR*2
Companion Advancement (Carnivorous Flower)			CATEGORY:Special Ability		TYPE:CompChoice		VISIBLE:DISPLAY		PRERACE:1,Companion (Carnivorous Flower)		BONUS:SIZEMOD|NUMBER|1|PREVARGTEQ:MasterLevel,4		BONUS:WEAPONPROF=Bite|DAMAGESIZE|1|PREVARGTEQ:MasterLevel,4																						BONUS:STAT|STR|4|PREVARGTEQ:MasterLevel,4		BONUS:STAT|DEX|-2|PREVARGTEQ:MasterLevel,4		BONUS:STAT|CON|2|PREVARGTEQ:MasterLevel,4			ABILITY:Special Ability|AUTOMATIC|Rage|PREVARGTEQ:MasterLevel,4		BONUS:VAR|RageLVL|2
Companion Advancement (Crawling Vine)				CATEGORY:Special Ability		TYPE:CompChoice		VISIBLE:DISPLAY		PRERACE:1,Companion (Crawling Vine)		BONUS:SIZEMOD|NUMBER|1|PREVARGTEQ:MasterLevel,4		BONUS:COMBAT|AC|1|TYPE=NaturalArmor.STACK|PREVARGTEQ:MasterLevel,4																				BONUS:STAT|STR|8|PREVARGTEQ:MasterLevel,4		BONUS:STAT|DEX|-2|PREVARGTEQ:MasterLevel,4		BONUS:STAT|CON|4|PREVARGTEQ:MasterLevel,4			ABILITY:Special Ability|AUTOMATIC|Constrict|PREVARGTEQ:MasterLevel,4		BONUS:VAR|ConstrictDieSize|6		BONUS:VAR|ConstrictBonusDamage|STR
Companion Advancement (Puffball)					CATEGORY:Special Ability		TYPE:CompChoice		VISIBLE:DISPLAY		PRERACE:1,Companion (Puffball)		BONUS:STAT|STR|2|PREVARGTEQ:MasterLevel,4		BONUS:STAT|CON|2|PREVARGTEQ:MasterLevel,4
Companion Advancement (Sapling Treant)				CATEGORY:Special Ability		TYPE:CompChoice		VISIBLE:DISPLAY		PRERACE:1,Companion (Sapling Treant)		BONUS:SIZEMOD|NUMBER|1|PREVARGTEQ:MasterLevel,4		BONUS:COMBAT|AC|2|TYPE=NaturalArmor.STACK|PREVARGTEQ:MasterLevel,4		BONUS:STAT|STR|8|PREVARGTEQ:MasterLevel,4								BONUS:STAT|CON|4|PREVARGTEQ:MasterLevel,4		BONUS:STAT|DEX|-2|PREVARGTEQ:MasterLevel,4		ABILITY:Special Ability|AUTOMATIC|Double Damage ~ Sapling Treant

###Block: Shaitan Binder Eidolon Stat Bonuses
Strength Bonus		KEY:Strength Bonus ~ Shaitan Binder Eidolon		CATEGORY:Special Ability		TYPE:ShaitanBinderEidolonStatBonus		PRERACE:1,Shaitan Binder Eidolon (Biped)		BONUS:STAT|STR|2		DESC:Shaitan Binder Eidolons gain +2 to 1 ability score as long as they stay in biped form.		
Dexterity Bonus		KEY:Dexterity Bonus ~ Shaitan Binder Eidolon		CATEGORY:Special Ability		TYPE:ShaitanBinderEidolonStatBonus		PRERACE:1,Shaitan Binder Eidolon (Biped)		BONUS:STAT|DES|2		DESC:Shaitan Binder Eidolons gain +2 to 1 ability score as long as they stay in biped form.		
Constitution Bonus		KEY:Constitution Bonus ~ Shaitan Binder Eidolon		CATEGORY:Special Ability		TYPE:ShaitanBinderEidolonStatBonus		PRERACE:1,Shaitan Binder Eidolon (Biped)		BONUS:STAT|CON|2		DESC:Shaitan Binder Eidolons gain +2 to 1 ability score as long as they stay in biped form.		
Intelligence Bonus		KEY:Intelligence Bonus ~ Shaitan Binder Eidolon		CATEGORY:Special Ability		TYPE:ShaitanBinderEidolonStatBonus		PRERACE:1,Shaitan Binder Eidolon (Biped)		BONUS:STAT|INT|2		DESC:Shaitan Binder Eidolons gain +2 to 1 ability score as long as they stay in biped form.		
Wisdom Bonus		KEY:Wisdom Bonus ~ Shaitan Binder Eidolon		CATEGORY:Special Ability		TYPE:ShaitanBinderEidolonStatBonus		PRERACE:1,Shaitan Binder Eidolon (Biped)		BONUS:STAT|WIS|2		DESC:Shaitan Binder Eidolons gain +2 to 1 ability score as long as they stay in biped form.		
Charisma Bonus		KEY:Charisma Bonus ~ Shaitan Binder Eidolon		CATEGORY:Special Ability		TYPE:ShaitanBinderEidolonStatBonus		PRERACE:1,Shaitan Binder Eidolon (Biped)		BONUS:STAT|CHA|2		DESC:Shaitan Binder Eidolons gain +2 to 1 ability score as long as they stay in biped form.		

###Block: Wild Caller Eidolon ability mods
CATEGORY=Special Ability|Evolution_Magic_Attacks.MOD		!PRERACE:1,Wild Caller Eidolon (Biped),Wild Caller Eidolon (Quadruped),Wild Caller Eidolon (Serpentine)
CATEGORY=Special Ability|Evolution_Skilled.MOD		!PRERACE:1,Wild Caller Eidolon (Biped),Wild Caller Eidolon (Quadruped),Wild Caller Eidolon (Serpentine)
Skilled						KEY:WCEvolution_Skilled					CATEGORY:Special Ability	TYPE:SpecialQuality.EvolutionChoice.Extraordinary					PRERACE:1,Wild Caller Eidolon (Biped),Wild Caller Eidolon (Quadruped),Wild Caller Eidolon (Serpentine)				STACK:NO	MULT:YES	CHOOSE:SKILL|Acrobatics|Climb|Escape Artist|Fly|Intimidate|Perception|Survival|Swim																																																																																																																																																																																											BONUS:SKILL|LIST|8|TYPE=Racial
CATEGORY=Special Ability|Evolution_Energy_Attack_Acid.MOD		!PRERACE:1,Wild Caller Eidolon (Biped),Wild Caller Eidolon (Quadruped),Wild Caller Eidolon (Serpentine)
CATEGORY=Special Ability|Evolution_Energy_Attack_Cold.MOD		!PRERACE:1,Wild Caller Eidolon (Biped),Wild Caller Eidolon (Quadruped),Wild Caller Eidolon (Serpentine)
CATEGORY=Special Ability|Evolution_Energy_Attack_Fire.MOD		!PRERACE:1,Wild Caller Eidolon (Biped),Wild Caller Eidolon (Quadruped),Wild Caller Eidolon (Serpentine)
CATEGORY=Special Ability|Evolution_Energy_Attack_Electricity.MOD		!PRERACE:1,Wild Caller Eidolon (Biped),Wild Caller Eidolon (Quadruped),Wild Caller Eidolon (Serpentine)
CATEGORY=Special Ability|Evolution_Immune_Acid.MOD		!PRERACE:1,Wild Caller Eidolon (Biped),Wild Caller Eidolon (Quadruped),Wild Caller Eidolon (Serpentine)
CATEGORY=Special Ability|Evolution_Immune_Cold.MOD		!PRERACE:1,Wild Caller Eidolon (Biped),Wild Caller Eidolon (Quadruped),Wild Caller Eidolon (Serpentine)
CATEGORY=Special Ability|Evolution_Immune_Fire.MOD		!PRERACE:1,Wild Caller Eidolon (Biped),Wild Caller Eidolon (Quadruped),Wild Caller Eidolon (Serpentine)
CATEGORY=Special Ability|Evolution_Immune_Elect.MOD		!PRERACE:1,Wild Caller Eidolon (Biped),Wild Caller Eidolon (Quadruped),Wild Caller Eidolon (Serpentine)
CATEGORY=Special Ability|Evolution_Immune_Sonic.MOD		!PRERACE:1,Wild Caller Eidolon (Biped),Wild Caller Eidolon (Quadruped),Wild Caller Eidolon (Serpentine)
CATEGORY=Special Ability|Evolution_Weap_Simple.MOD		!PRERACE:1,Wild Caller Eidolon (Biped),Wild Caller Eidolon (Quadruped),Wild Caller Eidolon (Serpentine)
CATEGORY=Special Ability|Evolution_Weap_Martial.MOD		!PRERACE:1,Wild Caller Eidolon (Biped),Wild Caller Eidolon (Quadruped),Wild Caller Eidolon (Serpentine)
CATEGORY=Special Ability|Evolution_DR_Lawful.MOD		!PRERACE:1,Wild Caller Eidolon (Biped),Wild Caller Eidolon (Quadruped),Wild Caller Eidolon (Serpentine)
CATEGORY=Special Ability|Evolution_DR_Good.MOD		!PRERACE:1,Wild Caller Eidolon (Biped),Wild Caller Eidolon (Quadruped),Wild Caller Eidolon (Serpentine)
CATEGORY=Special Ability|Evolution_DR_Chaotic.MOD		!PRERACE:1,Wild Caller Eidolon (Biped),Wild Caller Eidolon (Quadruped),Wild Caller Eidolon (Serpentine)
CATEGORY=Special Ability|Evolution_DR_Evil.MOD		!PRERACE:1,Wild Caller Eidolon (Biped),Wild Caller Eidolon (Quadruped),Wild Caller Eidolon (Serpentine)
CATEGORY=Special Ability|Evolution_Fright_Pres.MOD		!PRERACE:1,Wild Caller Eidolon (Biped),Wild Caller Eidolon (Quadruped),Wild Caller Eidolon (Serpentine)
CATEGORY=Special Ability|Evolution_Breath_Weap_Cone_Acid.MOD		!PRERACE:1,Wild Caller Eidolon (Biped),Wild Caller Eidolon (Quadruped),Wild Caller Eidolon (Serpentine)
CATEGORY=Special Ability|Evolution_Breath_Weap_Cone_Cold.MOD		!PRERACE:1,Wild Caller Eidolon (Biped),Wild Caller Eidolon (Quadruped),Wild Caller Eidolon (Serpentine)
CATEGORY=Special Ability|Evolution_Breath_Weap_Cone_Electricity.MOD		!PRERACE:1,Wild Caller Eidolon (Biped),Wild Caller Eidolon (Quadruped),Wild Caller Eidolon (Serpentine)
CATEGORY=Special Ability|Evolution_Breath_Weap_Cone_Fire.MOD		!PRERACE:1,Wild Caller Eidolon (Biped),Wild Caller Eidolon (Quadruped),Wild Caller Eidolon (Serpentine)
CATEGORY=Special Ability|Evolution_Breath_Weap_Line_Acid.MOD		!PRERACE:1,Wild Caller Eidolon (Biped),Wild Caller Eidolon (Quadruped),Wild Caller Eidolon (Serpentine)
CATEGORY=Special Ability|Evolution_Breath_Weap_Line_Cold.MOD		!PRERACE:1,Wild Caller Eidolon (Biped),Wild Caller Eidolon (Quadruped),Wild Caller Eidolon (Serpentine)
CATEGORY=Special Ability|Evolution_Breath_Weap_Line_Fire.MOD		!PRERACE:1,Wild Caller Eidolon (Biped),Wild Caller Eidolon (Quadruped),Wild Caller Eidolon (Serpentine)
CATEGORY=Special Ability|Evolution_Breath_Weap_Line_Electricity.MOD		!PRERACE:1,Wild Caller Eidolon (Biped),Wild Caller Eidolon (Quadruped),Wild Caller Eidolon (Serpentine)
CATEGORY=Special Ability|Evolution_SR.MOD		!PRERACE:1,Wild Caller Eidolon (Biped),Wild Caller Eidolon (Quadruped),Wild Caller Eidolon (Serpentine)
CATEGORY=Special Ability|Evolution_Unnatural_Aura.MOD		!PRERACE:1,Wild Caller Eidolon (Biped),Wild Caller Eidolon (Quadruped),Wild Caller Eidolon (Serpentine)
CATEGORY=Special Ability|Evolution_Channel_Resistance.MOD		!PRERACE:1,Wild Caller Eidolon (Biped),Wild Caller Eidolon (Quadruped),Wild Caller Eidolon (Serpentine)
CATEGORY=Special Ability|Evolution_Head.MOD		!PRERACE:1,Wild Caller Eidolon (Biped),Wild Caller Eidolon (Quadruped),Wild Caller Eidolon (Serpentine)
CATEGORY=Special Ability|Evolution_Undead_Appearance.MOD		!PRERACE:1,Wild Caller Eidolon (Biped),Wild Caller Eidolon (Quadruped),Wild Caller Eidolon (Serpentine)
CATEGORY=Special Ability|Evolution_Dimension_Door.MOD		!PRERACE:1,Wild Caller Eidolon (Biped),Wild Caller Eidolon (Quadruped),Wild Caller Eidolon (Serpentine)
CATEGORY=Special Ability|Evolution_Incorporeal_Form.MOD		!PRERACE:1,Wild Caller Eidolon (Biped),Wild Caller Eidolon (Quadruped),Wild Caller Eidolon (Serpentine)
CATEGORY=Special Ability|Evolution_Lifesense.MOD		!PRERACE:1,Wild Caller Eidolon (Biped),Wild Caller Eidolon (Quadruped),Wild Caller Eidolon (Serpentine)
CATEGORY=Special Ability|Evolution_No_Breath.MOD		!PRERACE:1,Wild Caller Eidolon (Biped),Wild Caller Eidolon (Quadruped),Wild Caller Eidolon (Serpentine)
CATEGORY=Special Ability|Evolution_BM_Acid_Splash_1.MOD		!PRERACE:1,Wild Caller Eidolon (Biped),Wild Caller Eidolon (Quadruped),Wild Caller Eidolon (Serpentine)
CATEGORY=Special Ability|Evolution_BM_Dancing_Lights_1.MOD		!PRERACE:1,Wild Caller Eidolon (Biped),Wild Caller Eidolon (Quadruped),Wild Caller Eidolon (Serpentine)
CATEGORY=Special Ability|Evolution_BM_Daze_1.MOD		!PRERACE:1,Wild Caller Eidolon (Biped),Wild Caller Eidolon (Quadruped),Wild Caller Eidolon (Serpentine)
CATEGORY=Special Ability|Evolution_BM_Detect_Magic_1.MOD		!PRERACE:1,Wild Caller Eidolon (Biped),Wild Caller Eidolon (Quadruped),Wild Caller Eidolon (Serpentine)
CATEGORY=Special Ability|Evolution_BM_Flare_1.MOD		!PRERACE:1,Wild Caller Eidolon (Biped),Wild Caller Eidolon (Quadruped),Wild Caller Eidolon (Serpentine)
CATEGORY=Special Ability|Evolution_BM_Ghost_Sound_1.MOD		!PRERACE:1,Wild Caller Eidolon (Biped),Wild Caller Eidolon (Quadruped),Wild Caller Eidolon (Serpentine)
CATEGORY=Special Ability|Evolution_BM_Light_1.MOD		!PRERACE:1,Wild Caller Eidolon (Biped),Wild Caller Eidolon (Quadruped),Wild Caller Eidolon (Serpentine)
CATEGORY=Special Ability|Evolution_BM_Mage Hand_1.MOD		!PRERACE:1,Wild Caller Eidolon (Biped),Wild Caller Eidolon (Quadruped),Wild Caller Eidolon (Serpentine)
CATEGORY=Special Ability|Evolution_BM_Ray_of_Frost_1.MOD		!PRERACE:1,Wild Caller Eidolon (Biped),Wild Caller Eidolon (Quadruped),Wild Caller Eidolon (Serpentine)
CATEGORY=Special Ability|Evolution_BM_Stabilize_1.MOD		!PRERACE:1,Wild Caller Eidolon (Biped),Wild Caller Eidolon (Quadruped),Wild Caller Eidolon (Serpentine)
CATEGORY=Special Ability|Evolution_BM_Touch_of_Fatigue_1.MOD		!PRERACE:1,Wild Caller Eidolon (Biped),Wild Caller Eidolon (Quadruped),Wild Caller Eidolon (Serpentine)
CATEGORY=Special Ability|Evolution_BM_Acid_Splash_3.MOD		!PRERACE:1,Wild Caller Eidolon (Biped),Wild Caller Eidolon (Quadruped),Wild Caller Eidolon (Serpentine)
CATEGORY=Special Ability|Evolution_BM_Dancing_Lights_3.MOD		!PRERACE:1,Wild Caller Eidolon (Biped),Wild Caller Eidolon (Quadruped),Wild Caller Eidolon (Serpentine)
CATEGORY=Special Ability|Evolution_BM_Daze_3.MOD		!PRERACE:1,Wild Caller Eidolon (Biped),Wild Caller Eidolon (Quadruped),Wild Caller Eidolon (Serpentine)
CATEGORY=Special Ability|Evolution_BM_Detect_Magic_3.MOD		!PRERACE:1,Wild Caller Eidolon (Biped),Wild Caller Eidolon (Quadruped),Wild Caller Eidolon (Serpentine)
CATEGORY=Special Ability|Evolution_BM_Flare_3.MOD		!PRERACE:1,Wild Caller Eidolon (Biped),Wild Caller Eidolon (Quadruped),Wild Caller Eidolon (Serpentine)
CATEGORY=Special Ability|Evolution_BM_Ghost_Sound_3.MOD		!PRERACE:1,Wild Caller Eidolon (Biped),Wild Caller Eidolon (Quadruped),Wild Caller Eidolon (Serpentine)
CATEGORY=Special Ability|Evolution_BM_Light_3.MOD		!PRERACE:1,Wild Caller Eidolon (Biped),Wild Caller Eidolon (Quadruped),Wild Caller Eidolon (Serpentine)
CATEGORY=Special Ability|Evolution_BM_Mage Hand_3.MOD		!PRERACE:1,Wild Caller Eidolon (Biped),Wild Caller Eidolon (Quadruped),Wild Caller Eidolon (Serpentine)
CATEGORY=Special Ability|Evolution_BM_Ray_of_Frost_3.MOD		!PRERACE:1,Wild Caller Eidolon (Biped),Wild Caller Eidolon (Quadruped),Wild Caller Eidolon (Serpentine)
CATEGORY=Special Ability|Evolution_BM_Stabilize_3.MOD		!PRERACE:1,Wild Caller Eidolon (Biped),Wild Caller Eidolon (Quadruped),Wild Caller Eidolon (Serpentine)
CATEGORY=Special Ability|Evolution_BM_Touch_of_Fatigue_3.MOD		!PRERACE:1,Wild Caller Eidolon (Biped),Wild Caller Eidolon (Quadruped),Wild Caller Eidolon (Serpentine)
CATEGORY=Special Ability|Evolution_Minor_Burning_Hands_1.MOD		!PRERACE:1,Wild Caller Eidolon (Biped),Wild Caller Eidolon (Quadruped),Wild Caller Eidolon (Serpentine)
CATEGORY=Special Ability|Evolution_Minor_Burning_Hands_3.MOD		!PRERACE:1,Wild Caller Eidolon (Biped),Wild Caller Eidolon (Quadruped),Wild Caller Eidolon (Serpentine)
CATEGORY=Special Ability|Evolution_Minor_Comprehend_Languages_1.MOD		!PRERACE:1,Wild Caller Eidolon (Biped),Wild Caller Eidolon (Quadruped),Wild Caller Eidolon (Serpentine)
CATEGORY=Special Ability|Evolution_Minor_Comprehend_Languages_3.MOD		!PRERACE:1,Wild Caller Eidolon (Biped),Wild Caller Eidolon (Quadruped),Wild Caller Eidolon (Serpentine)
CATEGORY=Special Ability|Evolution_Minor_Cure_Light_Wounds_1.MOD		!PRERACE:1,Wild Caller Eidolon (Biped),Wild Caller Eidolon (Quadruped),Wild Caller Eidolon (Serpentine)
CATEGORY=Special Ability|Evolution_Minor_Cure_Light_Wounds_3.MOD		!PRERACE:1,Wild Caller Eidolon (Biped),Wild Caller Eidolon (Quadruped),Wild Caller Eidolon (Serpentine)
CATEGORY=Special Ability|Evolution_Minor_Detect_Chaos_1.MOD		!PRERACE:1,Wild Caller Eidolon (Biped),Wild Caller Eidolon (Quadruped),Wild Caller Eidolon (Serpentine)
CATEGORY=Special Ability|Evolution_Minor_Detect_Chaos_3.MOD		!PRERACE:1,Wild Caller Eidolon (Biped),Wild Caller Eidolon (Quadruped),Wild Caller Eidolon (Serpentine)
CATEGORY=Special Ability|Evolution_Minor_Detect_Evil_1.MOD		!PRERACE:1,Wild Caller Eidolon (Biped),Wild Caller Eidolon (Quadruped),Wild Caller Eidolon (Serpentine)
CATEGORY=Special Ability|Evolution_Minor_Detect_Evil_3.MOD		!PRERACE:1,Wild Caller Eidolon (Biped),Wild Caller Eidolon (Quadruped),Wild Caller Eidolon (Serpentine)
CATEGORY=Special Ability|Evolution_Minor_Detect_Good_1.MOD		!PRERACE:1,Wild Caller Eidolon (Biped),Wild Caller Eidolon (Quadruped),Wild Caller Eidolon (Serpentine)
CATEGORY=Special Ability|Evolution_Minor_Detect_Good_3.MOD		!PRERACE:1,Wild Caller Eidolon (Biped),Wild Caller Eidolon (Quadruped),Wild Caller Eidolon (Serpentine)
CATEGORY=Special Ability|Evolution_Minor_Detect_Law_1.MOD		!PRERACE:1,Wild Caller Eidolon (Biped),Wild Caller Eidolon (Quadruped),Wild Caller Eidolon (Serpentine)
CATEGORY=Special Ability|Evolution_Minor_Detect_Law_3.MOD		!PRERACE:1,Wild Caller Eidolon (Biped),Wild Caller Eidolon (Quadruped),Wild Caller Eidolon (Serpentine)
CATEGORY=Special Ability|Evolution_Minor_Magic_Missile_1.MOD		!PRERACE:1,Wild Caller Eidolon (Biped),Wild Caller Eidolon (Quadruped),Wild Caller Eidolon (Serpentine)
CATEGORY=Special Ability|Evolution_Minor_Magic_Missile_3.MOD		!PRERACE:1,Wild Caller Eidolon (Biped),Wild Caller Eidolon (Quadruped),Wild Caller Eidolon (Serpentine)
CATEGORY=Special Ability|Evolution_Minor_Obscuring_Mist_1.MOD		!PRERACE:1,Wild Caller Eidolon (Biped),Wild Caller Eidolon (Quadruped),Wild Caller Eidolon (Serpentine)
CATEGORY=Special Ability|Evolution_Minor_Obscuring_Mist_3.MOD		!PRERACE:1,Wild Caller Eidolon (Biped),Wild Caller Eidolon (Quadruped),Wild Caller Eidolon (Serpentine)
CATEGORY=Special Ability|Evolution_Minor_Silent_Image_1.MOD		!PRERACE:1,Wild Caller Eidolon (Biped),Wild Caller Eidolon (Quadruped),Wild Caller Eidolon (Serpentine)
CATEGORY=Special Ability|Evolution_Minor_Silent_Image_3.MOD		!PRERACE:1,Wild Caller Eidolon (Biped),Wild Caller Eidolon (Quadruped),Wild Caller Eidolon (Serpentine)
CATEGORY=Special Ability|Evolution_Minor_Vanish_1.MOD		!PRERACE:1,Wild Caller Eidolon (Biped),Wild Caller Eidolon (Quadruped),Wild Caller Eidolon (Serpentine)
CATEGORY=Special Ability|Evolution_Minor_Vanish_3.MOD		!PRERACE:1,Wild Caller Eidolon (Biped),Wild Caller Eidolon (Quadruped),Wild Caller Eidolon (Serpentine)
CATEGORY=Special Ability|Evolution_Minor_Ventriloquism_1.MOD		!PRERACE:1,Wild Caller Eidolon (Biped),Wild Caller Eidolon (Quadruped),Wild Caller Eidolon (Serpentine)
CATEGORY=Special Ability|Evolution_Minor_Ventriloquism_3.MOD		!PRERACE:1,Wild Caller Eidolon (Biped),Wild Caller Eidolon (Quadruped),Wild Caller Eidolon (Serpentine)
CATEGORY=Special Ability|Evolution_Major_Acid_Arrow_1.MOD		!PRERACE:1,Wild Caller Eidolon (Biped),Wild Caller Eidolon (Quadruped),Wild Caller Eidolon (Serpentine)
CATEGORY=Special Ability|Evolution_Major_Acid_Arrow_3.MOD		!PRERACE:1,Wild Caller Eidolon (Biped),Wild Caller Eidolon (Quadruped),Wild Caller Eidolon (Serpentine)
CATEGORY=Special Ability|Evolution_Major_Cure_Moderate_Wounds_1.MOD		!PRERACE:1,Wild Caller Eidolon (Biped),Wild Caller Eidolon (Quadruped),Wild Caller Eidolon (Serpentine)
CATEGORY=Special Ability|Evolution_Major_Cure_Moderate_Wounds_3.MOD		!PRERACE:1,Wild Caller Eidolon (Biped),Wild Caller Eidolon (Quadruped),Wild Caller Eidolon (Serpentine)
CATEGORY=Special Ability|Evolution_Major_Darkness_1.MOD		!PRERACE:1,Wild Caller Eidolon (Biped),Wild Caller Eidolon (Quadruped),Wild Caller Eidolon (Serpentine)
CATEGORY=Special Ability|Evolution_Major_Darkness_3.MOD		!PRERACE:1,Wild Caller Eidolon (Biped),Wild Caller Eidolon (Quadruped),Wild Caller Eidolon (Serpentine)
CATEGORY=Special Ability|Evolution_Major_Daze_Monster_1.MOD		!PRERACE:1,Wild Caller Eidolon (Biped),Wild Caller Eidolon (Quadruped),Wild Caller Eidolon (Serpentine)
CATEGORY=Special Ability|Evolution_Major_Daze_Monster_3.MOD		!PRERACE:1,Wild Caller Eidolon (Biped),Wild Caller Eidolon (Quadruped),Wild Caller Eidolon (Serpentine)
CATEGORY=Special Ability|Evolution_Major_Glide_1.MOD		!PRERACE:1,Wild Caller Eidolon (Biped),Wild Caller Eidolon (Quadruped),Wild Caller Eidolon (Serpentine)
CATEGORY=Special Ability|Evolution_Major_Glide_3.MOD		!PRERACE:1,Wild Caller Eidolon (Biped),Wild Caller Eidolon (Quadruped),Wild Caller Eidolon (Serpentine)
CATEGORY=Special Ability|Evolution_Major_Invisibility_1.MOD		!PRERACE:1,Wild Caller Eidolon (Biped),Wild Caller Eidolon (Quadruped),Wild Caller Eidolon (Serpentine)
CATEGORY=Special Ability|Evolution_Major_Invisibility_3.MOD		!PRERACE:1,Wild Caller Eidolon (Biped),Wild Caller Eidolon (Quadruped),Wild Caller Eidolon (Serpentine)
CATEGORY=Special Ability|Evolution_Major_Lesser_Restoration_1.MOD		!PRERACE:1,Wild Caller Eidolon (Biped),Wild Caller Eidolon (Quadruped),Wild Caller Eidolon (Serpentine)
CATEGORY=Special Ability|Evolution_Major_Lesser_Restoration_3.MOD		!PRERACE:1,Wild Caller Eidolon (Biped),Wild Caller Eidolon (Quadruped),Wild Caller Eidolon (Serpentine)
CATEGORY=Special Ability|Evolution_Major_Levitate_1.MOD		!PRERACE:1,Wild Caller Eidolon (Biped),Wild Caller Eidolon (Quadruped),Wild Caller Eidolon (Serpentine)
CATEGORY=Special Ability|Evolution_Major_Levitate_3.MOD		!PRERACE:1,Wild Caller Eidolon (Biped),Wild Caller Eidolon (Quadruped),Wild Caller Eidolon (Serpentine)
CATEGORY=Special Ability|Evolution_Major_Minor_Image_1.MOD		!PRERACE:1,Wild Caller Eidolon (Biped),Wild Caller Eidolon (Quadruped),Wild Caller Eidolon (Serpentine)
CATEGORY=Special Ability|Evolution_Major_Minor_Image_3.MOD		!PRERACE:1,Wild Caller Eidolon (Biped),Wild Caller Eidolon (Quadruped),Wild Caller Eidolon (Serpentine)
CATEGORY=Special Ability|Evolution_Major_Scorching_Ray_1.MOD		!PRERACE:1,Wild Caller Eidolon (Biped),Wild Caller Eidolon (Quadruped),Wild Caller Eidolon (Serpentine)
CATEGORY=Special Ability|Evolution_Major_Scorching_Ray_3.MOD		!PRERACE:1,Wild Caller Eidolon (Biped),Wild Caller Eidolon (Quadruped),Wild Caller Eidolon (Serpentine)
CATEGORY=Special Ability|Evolution_Major_See_Invisibility_1.MOD		!PRERACE:1,Wild Caller Eidolon (Biped),Wild Caller Eidolon (Quadruped),Wild Caller Eidolon (Serpentine)
CATEGORY=Special Ability|Evolution_Major_See_Invisibility_3.MOD		!PRERACE:1,Wild Caller Eidolon (Biped),Wild Caller Eidolon (Quadruped),Wild Caller Eidolon (Serpentine)
CATEGORY=Special Ability|Evolution_Major_Spider_Climb_1.MOD		!PRERACE:1,Wild Caller Eidolon (Biped),Wild Caller Eidolon (Quadruped),Wild Caller Eidolon (Serpentine)
CATEGORY=Special Ability|Evolution_Major_Spider_Climb_3.MOD		!PRERACE:1,Wild Caller Eidolon (Biped),Wild Caller Eidolon (Quadruped),Wild Caller Eidolon (Serpentine)
CATEGORY=Special Ability|Evolution_Ultimate_Arcane_Sight_1.MOD		!PRERACE:1,Wild Caller Eidolon (Biped),Wild Caller Eidolon (Quadruped),Wild Caller Eidolon (Serpentine)
CATEGORY=Special Ability|Evolution_Ultimate_Create_Food_and_Water_1.MOD		!PRERACE:1,Wild Caller Eidolon (Biped),Wild Caller Eidolon (Quadruped),Wild Caller Eidolon (Serpentine)
CATEGORY=Special Ability|Evolution_Ultimate_Cure_Serious_Wounds_1.MOD		!PRERACE:1,Wild Caller Eidolon (Biped),Wild Caller Eidolon (Quadruped),Wild Caller Eidolon (Serpentine)
CATEGORY=Special Ability|Evolution_Ultimate_Daylight_1.MOD		!PRERACE:1,Wild Caller Eidolon (Biped),Wild Caller Eidolon (Quadruped),Wild Caller Eidolon (Serpentine)
CATEGORY=Special Ability|Evolution_Ultimate_Fireball_1.MOD		!PRERACE:1,Wild Caller Eidolon (Biped),Wild Caller Eidolon (Quadruped),Wild Caller Eidolon (Serpentine)
CATEGORY=Special Ability|Evolution_Ultimate_Fly_1.MOD		!PRERACE:1,Wild Caller Eidolon (Biped),Wild Caller Eidolon (Quadruped),Wild Caller Eidolon (Serpentine)
CATEGORY=Special Ability|Evolution_Ultimate_Gaseous_Form_1.MOD		!PRERACE:1,Wild Caller Eidolon (Biped),Wild Caller Eidolon (Quadruped),Wild Caller Eidolon (Serpentine)
CATEGORY=Special Ability|Evolution_Ultimate_Lightning_Bolt_1.MOD		!PRERACE:1,Wild Caller Eidolon (Biped),Wild Caller Eidolon (Quadruped),Wild Caller Eidolon (Serpentine)
CATEGORY=Special Ability|Evolution_Ultimate_Major_Image_1.MOD		!PRERACE:1,Wild Caller Eidolon (Biped),Wild Caller Eidolon (Quadruped),Wild Caller Eidolon (Serpentine)
CATEGORY=Special Ability|Evolution_Ultimate_Stinking_Cloud_1.MOD		!PRERACE:1,Wild Caller Eidolon (Biped),Wild Caller Eidolon (Quadruped),Wild Caller Eidolon (Serpentine)
CATEGORY=Special Ability|Evolution_Ultimate_Tongues_1.MOD		!PRERACE:1,Wild Caller Eidolon (Biped),Wild Caller Eidolon (Quadruped),Wild Caller Eidolon (Serpentine)
CATEGORY=Special Ability|Evolution_Ultimate_Water_Breathing_1.MOD		!PRERACE:1,Wild Caller Eidolon (Biped),Wild Caller Eidolon (Quadruped),Wild Caller Eidolon (Serpentine)