# CVS $Revision: $ $Author: $ -- Sat Jun 29 23:00:42 2013 -- reformated by prettylst.pl v1.50 (build 20400)
SOURCELONG:Advanced Race Guide	SOURCESHORT:ARG	SOURCEWEB:http://paizo.com/products/btpy8rv2?Pathfinder-Roleplaying-Game-Advanced-Race-Guide	SOURCEDATE:2012-06
# ORIGINAL ENTRY: Douglas Limmer
# ORIGINAL ENTRY DATE: 2012/09/03

# Race Name	Starting Feats	Size		Move				Face/Space	Reach		Required Gender	Automatic Languages		Bonus Languages												Stat bonus						Ability									Define				Main Race Type	Race Subtype				Type				Challenge Rating	Source Page		More language
Changeling	STARTFEATS:1	SIZE:M	MOVE:Walk,30		FACE:5	REACH:5	PREGENDER:F		LANGAUTO:Common			LANGBONUS:Aklo,Draconic,Dwarven,Elven,Giant,Gnoll,Goblin,Orc				BONUS:STAT|WIS,CHA|2	BONUS:STAT|CON|-2																RACETYPE:Humanoid	RACESUBTYPE:Changeling			TYPE:Base.PC.Uncommon	CR:1/2		SOURCEPAGE:p.184	BONUS:LANGUAGES|NUMBER|1		SORTKEY:a_base_pc
Gillman	STARTFEATS:1	SIZE:M	MOVE:Walk,30		FACE:5	REACH:5				LANGAUTO:Common,Aboleth		LANGBONUS:Aklo,Aquan,Draconic,Elven									BONUS:STAT|CON,CHA|2	BONUS:STAT|WIS|-2																RACETYPE:Humanoid							TYPE:Base.PC.Uncommon	CR:1/2		SOURCEPAGE:p.188		SORTKEY:a_base_pc
# COMMENT: Bonus languages include "any human language".
Kitsune	STARTFEATS:1	SIZE:M	MOVE:Walk,30		FACE:5	REACH:5				LANGAUTO:Common,Sylvan		LANGBONUS:Aklo,Celestial,Elven,Gnome,Tengu							BONUS:STAT|DEX,CHA|2	BONUS:STAT|STR|-2																RACETYPE:Humanoid	RACESUBTYPE:Kitsune|Shapechanger	TYPE:Base.PC.Uncommon	CR:1/2		SOURCEPAGE:p.192		SORTKEY:a_base_pc
Nagaji	STARTFEATS:1	SIZE:M	MOVE:Walk,30		FACE:5	REACH:5				LANGAUTO:Common,Draconic	LANGBONUS:Abyssal,Aklo,Celestial,Draconic,Giant,Infernal,Sylvan				BONUS:STAT|STR,CHA|2	BONUS:STAT|INT|-2																RACETYPE:Humanoid	RACESUBTYPE:Reptilian			TYPE:Base.PC.Uncommon	CR:1/2		SOURCEPAGE:p.196		SORTKEY:a_base_pc
# COMMENT: Bonus languages include "any human language".
# COMMENT: Bonus languages include Nagaji; not even the Nagaji speak Nagaji.  Removed from list until further clarification.
Samsaran	STARTFEATS:1	SIZE:M	MOVE:Walk,30		FACE:5	REACH:5				LANGAUTO:Common,Samsaran	LANGBONUS:Abyssal,Aquan,Auran,Celestial,Draconic,Giant,Ignan,Infernal,Tengu,Terran	BONUS:STAT|WIS,CHA|2																			RACETYPE:Humanoid	RACESUBTYPE:Samsaran			TYPE:Base.PC.Uncommon	CR:1/2		SOURCEPAGE:p.198		SORTKEY:a_base_pc
Strix		STARTFEATS:1	SIZE:M	MOVE:Walk,30,Fly,60	FACE:5	REACH:5				LANGAUTO:Strix			LANGBONUS:Auran,Common,Draconic,Giant,Gnome,Goblin,Infernal					BONUS:STAT|DEX|2	BONUS:STAT|CHA|-2		ABILITY:Special Ability|AUTOMATIC|Flight Maneuverability	DEFINE:Maneuverability|3	RACETYPE:Humanoid	RACESUBTYPE:Strix				TYPE:Base.PC.Uncommon	CR:1/2		SOURCEPAGE:p.200		SORTKEY:a_base_pc
Suli		STARTFEATS:1	SIZE:M	MOVE:Walk,30		FACE:5	REACH:5				LANGAUTO:Common			LANGBONUS:Aquan,Auran,Draconic,Ignan,Terran							BONUS:STAT|STR,CHA|2	BONUS:STAT|INT|-2																RACETYPE:Outsider	RACESUBTYPE:Native			TYPE:Base.PC.Uncommon	CR:1/2		SOURCEPAGE:p.202		SORTKEY:a_base_pc
Vanara	STARTFEATS:1	SIZE:M	MOVE:Walk,30		FACE:5	REACH:5				LANGAUTO:Common,Vanaran		LANGBONUS:Aklo,Celestial,Elven,Gnome,Goblin,Sylvan						BONUS:STAT|DEX,WIS|2	BONUS:STAT|CHA|-2																RACETYPE:Humanoid	RACESUBTYPE:Vanara			TYPE:Base.PC.Uncommon	CR:1/2		SOURCEPAGE:p.206		SORTKEY:a_base_pc
Vishkanya	STARTFEATS:1	SIZE:M	MOVE:Walk,30		FACE:5	REACH:5				LANGAUTO:Common,Vishkanya	LANGBONUS:Aklo,Draconic,Elven,Goblin,Sylvan,Undercommon					BONUS:STAT|DEX,CHA|2	BONUS:STAT|WIS|-2																RACETYPE:Humanoid	RACESUBTYPE:Vishkanya			TYPE:Base.PC.Uncommon	CR:1/2		SOURCEPAGE:p.208		SORTKEY:a_base_pc
# COMMENT: Bonus languages include Nagaji; not even the Nagaji speak Nagaji.  Removed from list until further clarification.
Wayang	STARTFEATS:1	SIZE:S	MOVE:Walk,20		FACE:5	REACH:5				LANGAUTO:Common,Wayang		LANGBONUS:Abyssal,Aklo,Draconic,Goblin,Infernal,Samsaran,Tengu				BONUS:STAT|DEX,INT|2	BONUS:STAT|WIS|-2																RACETYPE:Humanoid	RACESUBTYPE:Wayang			TYPE:Base.PC.Uncommon	CR:1/2		SOURCEPAGE:p.210		SORTKEY:a_base_pc

# Bestiary I Creatures
#Duergar	STARTFEATS:1	SIZE:M	MOVE:Walk,20		FACE:5	REACH:5	LANGAUTO:Common,Dwarven,Undercommon		LANGBONUS:Aklo,Draconic,Giant,Goblin,Orc,Terran							BONUS:STAT|CON,WIS|2	BONUS:STAT|CHA|-4					RACETYPE:Humanoid	TYPE:Base.PC.Uncommon	RACESUBTYPE:Dwarf				CR:1/2		SOURCEPAGE:p.186
#Merfolk	STARTFEATS:1	SIZE:M	MOVE:Walk,5,Swim,50	FACE:5	REACH:5	LANGAUTO:Common,Aquan				LANGBONUS:Aboleth,Aklo,Draconic,Elven,Sylvan							BONUS:STAT|DEX,CON,CHA|2	LEGS:0					RACETYPE:Humanoid	TYPE:Base.PC.Uncommon	RACESUBTYPE:Aquatic			CR:1/2		SOURCEPAGE:p.194
#Svirfneblin	STARTFEATS:1	SIZE:S	MOVE:Walk,20		FACE:5	REACH:5	LANGAUTO:Gnome,Undercommon			LANGBONUS:Aklo,Common,Draconic,Dwarven,Elven,Giant,Goblin,Orc,Terran			BONUS:STAT|DEX,WIS|2	BONUS:STAT|STR|-2	BONUS:STAT|CHA|-4		RACETYPE:Humanoid	TYPE:Base.PC.Uncommon	RACESUBTYPE:Gnome				CR:1/2		SOURCEPAGE:p.204
# COMMENT: No movement rate given for svirfneblin.  Bestiary 1 gives 20 feet.
#Grippli	STARTFEATS:1	SIZE:S	MOVE:Walk,30,Climb,20	FACE:5	REACH:5	LANGAUTO:Common,Grippli				LANGBONUS:Boggard,Draconic,Elven,Gnome,Goblin,Sylvan						BONUS:STAT|DEX,WIS|2	BONUS:STAT|STR|-2					RACETYPE:Humanoid	TYPE:Base.PC.Uncommon	RACESUBTYPE:Grippli			CR:1/2		SOURCEPAGE:p.190
#

###Block: Mods to change the sort order
Duergar.MOD		SORTKEY:a_base_pc
Grippli.MOD		SORTKEY:a_base_pc
Merfolk.MOD		SORTKEY:a_base_pc
Svirfneblin.MOD		SORTKEY:a_base_pc
# End
#
