# CVS $Revision: $ $Author: $ -- Sat Jun 29 23:00:42 2013 -- reformated by prettylst.pl v1.50 (build 20400)
SOURCELONG:Advanced Race Guide	SOURCESHORT:ARG	SOURCEWEB:http://paizo.com/products/btpy8rv2?Pathfinder-Roleplaying-Game-Advanced-Race-Guide	SOURCEDATE:2012-06
# ORIGINAL ENTRY: Douglas Limmer
# ORIGINAL ENTRY DATE: 2012/07/16

###Block: Type Qualities
# Template Name				Source Page		Main Race Type			Race Subtype
Aberration Type Quality			SOURCEPAGE:p.215	RACETYPE:Aberration
Construct Type Quality			SOURCEPAGE:p.216	RACETYPE:Construct
Dragon Type Quality			SOURCEPAGE:p.216	RACETYPE:Dragon
Fey Type Quality				SOURCEPAGE:p.217	RACETYPE:Fey
Humanoid Type Quality			SOURCEPAGE:p.217
Monstrous Humanoid Type Quality	SOURCEPAGE:p.217	RACETYPE:Monstrous Humanoid
Outsider (Native) Type Quality	SOURCEPAGE:p.217	RACETYPE:Outsider			RACESUBTYPE:Native
Plant Type Quality			SOURCEPAGE:p.217	RACETYPE:Plant
Undead Type Quality			SOURCEPAGE:p.217	RACETYPE:Undead
#Half-Construct Type Quality							RACESUBTYPE:Half-Construct	!PRERACETYPE:1,Construct	!PRERACETYPE:1,Undead	ABILITY:Special Ability|AUTOMATIC|Half-Construct Resistances	SOURCEPAGE:p.216
#Half-Undead Type Quality							RACESUBTYPE:Half-Undead	!PRERACETYPE:1,Construct	!PRERACETYPE:1,Undead	ABILITY:Special Ability|AUTOMATIC|Half-Undead Resistances|Half-Undead Energy-Draining Immunity|Half-Undead Negative Energy Affinity	VISION:Darkvision (60')	SOURCEPAGE:p.216

###Block: Size Qualities
# Template Name		Size
Large Size Quality	SIZE:L
Medium Size Quality
Small Size Quality	SIZE:S
Tiny Size Quality		SIZE:T
