


###Block: Eastern Weapons - Martial
# Light
Butterfly Sword	PROFICIENCY:WEAPON|Butterfly Sword	WIELD:Light	SIZE:M	COST:20	DAMAGE:1d4	CRITRANGE:2	CRITMULT:x2			WT:1	TYPE:Weapon.EasternWeapon.Eastern.Melee.Martial.Monk
Iron Brush		PROFICIENCY:WEAPON|Iron Brush		WIELD:Light	SIZE:M	COST:2	DAMAGE:1d3	CRITRANGE:1	CRITMULT:x2	RANGE:10		TYPE:Weapon.EasternWeapon.Eastern.Melee.Martial
Jutte			PROFICIENCY:WEAPON|Jutte		WIELD:Light	SIZE:M	COST:8	DAMAGE:1d6	CRITRANGE:1	CRITMULT:x2			WT:1	TYPE:Weapon.EasternWeapon.Eastern.Melee.Martial.Disarm.Monk
Kerambit		PROFICIENCY:WEAPON|Kerambit		WIELD:Light	SIZE:M	COST:2	DAMAGE:1d3	CRITRANGE:1	CRITMULT:x3			WT:1	TYPE:Weapon.EasternWeapon.Eastern.Melee.Martial
Lungchuan Tamo	PROFICIENCY:WEAPON|Lungchuan Tamo	WIELD:Light	SIZE:M	COST:5	DAMAGE:1d4	CRITRANGE:1	CRITMULT:x2	RANGE:10	WT:1	TYPE:Weapon.EasternWeapon.Eastern.Melee.Martial.Monk
Shang Gou		PROFICIENCY:WEAPON|Shang Gou		WIELD:Light	SIZE:M	COST:6	DAMAGE:1d4	CRITRANGE:1	CRITMULT:x2			WT:1	TYPE:Weapon.EasternWeapon.Eastern.Melee.Martial.Disarm.Trip.Monk
Tonfa			PROFICIENCY:WEAPON|Tonfa		WIELD:Light	SIZE:M	COST:1	DAMAGE:1d6	CRITRANGE:1	CRITMULT:x2			WT:1	TYPE:Weapon.EasternWeapon.Eastern.Melee.Martial.Blocking.Monk
Wushu Dart (5)	PROFICIENCY:WEAPON|Wushu Dart		WIELD:Light	SIZE:M	COST:1	DAMAGE:1d3	CRITRANGE:1	CRITMULT:x2	RANGE:10		TYPE:Weapon.EasternWeapon.Eastern.Melee.Martial.Monk

# One-Handed Melee Weapons
Broadsword (Nine Ring)	PROFICIENCY:WEAPON|Broadsword (Nine Ring)	WIELD:OneHanded	SIZE:M	COST:15	DAMAGE:1d8	CRITRANGE:1	CRITMULT:x3		WT:4	TYPE:Weapon.EasternWeapon.Eastern.Melee.Martial.Monk
Double Chicken Saber	PROFICIENCY:WEAPON|Double Chicken Saber	WIELD:OneHanded	SIZE:M	COST:12	DAMAGE:1d6	CRITRANGE:2	CRITMULT:x2		WT:3	TYPE:Weapon.EasternWeapon.Eastern.Melee.Martial.Disarm.Monk
Sibat				PROFICIENCY:WEAPON|Sibat			WIELD:OneHanded	SIZE:M	COST:2	DAMAGE:1d6	CRITRANGE:1	CRITMULT:x3		WT:2	TYPE:Weapon.EasternWeapon.Eastern.Melee.Martial

# Two-Handed Melee Weapons
Hooked Lance				PROFICIENCY:WEAPON|Hooked Lance				WIELD:TwoHanded	SIZE:M	COST:3	DAMAGE:1d8	CRITRANGE:1	CRITMULT:x4		WT:10	TYPE:Weapon.EasternWeapon.Eastern.Melee.Martial.Reach.Trip
Monk's Spade				PROFICIENCY:WEAPON|Monk's Spade				WIELD:TwoHanded	SIZE:M	COST:20	DAMAGE:1d6	CRITRANGE:1	CRITMULT:x2		WT:12	TYPE:Weapon.EasternWeapon.Eastern.Melee.Martial.Double.Monk	ALTDAMAGE:1d6
Naginata					PROFICIENCY:WEAPON|Naginata					WIELD:TwoHanded	SIZE:M	COST:35	DAMAGE:1d8	CRITRANGE:1	CRITMULT:x4		WT:9	TYPE:Weapon.EasternWeapon.Eastern.Melee.Martial.Reach
Nodachi					PROFICIENCY:WEAPON|Nodachi					WIELD:TwoHanded	SIZE:M	COST:60	DAMAGE:1d10	CRITRANGE:3	CRITMULT:x2		WT:8	TYPE:Weapon.EasternWeapon.Eastern.Melee.Martial.Brace
Sansetsukon					PROFICIENCY:WEAPON|Sansetsukon				WIELD:TwoHanded	SIZE:M	COST:8	DAMAGE:1d10	CRITRANGE:2	CRITMULT:x2		WT:3	TYPE:Weapon.EasternWeapon.Eastern.Melee.Martial.Blocking.Disarm.Monk
Sword (Tri-Point Double-Edged)	PROFICIENCY:WEAPON|Sword (Tri-Point Double-Edged)	WIELD:TwoHanded	SIZE:M	COST:12	DAMAGE:1d10	CRITRANGE:1	CRITMULT:x3		WT:14	TYPE:Weapon.EasternWeapon.Eastern.Melee.Martial.Reach
Tiger Fork					PROFICIENCY:WEAPON|Tiger Fork					WIELD:TwoHanded	SIZE:M	COST:5	DAMAGE:1d8	CRITRANGE:1	CRITMULT:x2		WT:8	TYPE:Weapon.EasternWeapon.Eastern.Melee.Martial.Brace.Monk






# Ranged Weapons
Tube Arrow Shooter		WIELD:	SIZE:M	COST:3	DAMAGE:1d4	CRITRANGE:1	CRITMULT:x2		WT:.5	TYPE:Weapon.EasternWeapon.Eastern.Ranged
Poisoned Sand Tube		WIELD:	SIZE:M	COST:1			WT:1	TYPE:Weapon.EasternWeapon.Eastern.Ranged

# Ammo
Bamboo Shaft (10)	WIELD:	SIZE:M	COST:10	WT:.5
Arrow (Iron-tipped Distance/20)
Arrow (Whistling)


###Block: Eastern Weapons - Exotic
# Light
Dan Bong			PROFICIENCY:WEAPON|Dan Bong			WIELD:Light	SIZE:M	COST:1	DAMAGE:1d3	CRITRANGE:2	CRITMULT:x2	RANGE:10		TYPE:Weapon.EasternWeapon.Eastern.Melee.Exotic.Bludgeoning.Blocking.Monk.Ranged.Thrown
Emei Piercer		PROFICIENCY:WEAPON|Emei Piercer		WIELD:Light	SIZE:M	COST:3	DAMAGE:1d3	CRITRANGE:2	CRITMULT:x2				TYPE:Weapon.EasternWeapon.Eastern.Melee.Exotic.Piercing.Monk
Fighting Fan		PROFICIENCY:WEAPON|Fighting Fan		WIELD:Light	SIZE:M	COST:5	DAMAGE:1d4	CRITRANGE:1	CRITMULT:x3				TYPE:Weapon.EasternWeapon.Eastern.Melee.Exotic.Slashing.Piercing.Distracting.Monk
Tekko-Kagi (Iron Claw)	PROFICIENCY:WEAPON|Tekko-Kagi (Iron Claw)	WIELD:Light	SIZE:M	COST:3	DAMAGE:1d3	CRITRANGE:1	CRITMULT:x2				TYPE:Weapon.EasternWeapon.Eastern.Melee.Exotic.Piercing.Disarm
Wakizashi			PROFICIENCY:WEAPON|Wakizashi			WIELD:Light	SIZE:M	COST:35	DAMAGE:1d6	CRITRANGE:3	CRITMULT:x2			WT:2	TYPE:Weapon.EasternWeapon.Eastern.Melee.Exotic.Piercing.Slashing.Deadly
# One-Handed
Katana			PROFICIENCY:WEAPON|Katana			WIELD:OneHanded	SIZE:M	COST:50	DAMAGE:1d8	CRITRANGE:3	CRITMULT:x2			WT:6	TYPE:Weapon.EasternWeapon.Eastern.Melee.Exotic.Slashing.Deadly
Nine-Section Whip		PROFICIENCY:WEAPON|Nine-Section Whip	WIELD:OneHanded	SIZE:M	COST:8	DAMAGE:1d8	CRITRANGE:2	CRITMULT:x2			WT:3	TYPE:Weapon.EasternWeapon.Eastern.Melee.Exotic.Bludgeoning.Blocking.Distracting.Monk.Trip
Urumi				PROFICIENCY:WEAPON|Urumi			WIELD:OneHanded	SIZE:M	COST:30	DAMAGE:1d8	CRITRANGE:3	CRITMULT:x2			WT:6	TYPE:Weapon.EasternWeapon.Eastern.Melee.Exotic.Slashing.Distracting

# Two-Handed
Bo Staff				PROFICIENCY:WEAPON|Bo Staff					WIELD:TwoHanded	SIZE:M	COST:1	DAMAGE:1d6	CRITRANGE:	CRITMULT:x2		WT:3	TYPE:Weapon.EasternWeapon.Eastern.Melee.Exotic.Bludgeoning.Blocking.Double.Monk
Kama (Double-Chained)		PROFICIENCY:WEAPON|Kama (Double-Chained)			WIELD:TwoHanded	SIZE:M	COST:8	DAMAGE:1d6	CRITRANGE:	CRITMULT:x2		WT:4	TYPE:Weapon.EasternWeapon.Eastern.Melee.Exotic.Slashing.Double.Monk.Reach.Trip			ALTDAMAGE:1d6
Katana (Double Walking Stick)	PROFICIENCY:WEAPON|Katana (Double Walking Stick)	WIELD:TwoHanded	SIZE:M	COST:50	DAMAGE:1d6	CRITRANGE:	CRITMULT:x2		WT:6	TYPE:Weapon.EasternWeapon.Eastern.Melee.Exotic.Bludgeoning.Double					ALTDAMAGE:1d6
Kusarigama (Sickle and Chain)	PROFICIENCY:WEAPON|Kusarigama (Sickle and Chain)	WIELD:TwoHanded	SIZE:M	COST:12	DAMAGE:1d3	CRITRANGE:	CRITMULT:x2		WT:3	TYPE:Weapon.EasternWeapon.Eastern.Melee.Exotic.Slashing.Bludgeoning.Double.Monk.Reach.Trip.Grapple	ALTDAMAGE:1d6
Kyoketsu Shoge			PROFICIENCY:WEAPON|Kyoketsu Shoge				WIELD:TwoHanded	SIZE:M	COST:6	DAMAGE:1d4	CRITRANGE:	CRITMULT:x2		WT:1	TYPE:Weapon.EasternWeapon.Eastern.Melee.Exotic.Slashing.Piercing.Disarm.Grapple.Monk.Reach.Ranged.Thrown		RANGE:20
Meteor Hammer			PROFICIENCY:WEAPON|Meteor Hammer				WIELD:TwoHanded	SIZE:M	COST:10	DAMAGE:1d8	CRITRANGE:	CRITMULT:x2		WT:10	TYPE:Weapon.EasternWeapon.Eastern.Melee.Exotic.Bludgeoning.Reach.Trip
Sword (Seven-Branched)		PROFICIENCY:WEAPON|Sword (Seven-Branched)			WIELD:TwoHanded	SIZE:M	COST:50	DAMAGE:1d10	CRITRANGE:	CRITMULT:x2		WT:7	TYPE:Weapon.EasternWeapon.Eastern.Melee.Exotic.Slashing.Disarm.Monk
Tetsubo				PROFICIENCY:WEAPON|Tetsubo					WIELD:TwoHanded	SIZE:M	COST:20	DAMAGE:1d10	CRITRANGE:1	CRITMULT:x4		WT:10	TYPE:Weapon.EasternWeapon.Eastern.Melee.Exotic.Bludgeoning


# Ranged
Rope Dart	PROFICIENCY:WEAPON|Rope Dart	WIELD:	SIZE:M	COST:1	DAMAGE:1d4	CRITRANGE:1	CRITMULT:x2	RANGE:20		TYPE:Weapon.EasternWeapon.Eastern.Ranged.Exotic.Piercing.Blocking.Distracting.Monk



