

#Direct-Fire Engines	 Cost		Dmg		Critical			Range		Type1 Crew Aim Load Speed
# Large Siege Engines
Ballista (Light)		COST:500	PROFICIENCY:WEAPON|Ballista (Light)			DAMAGE:3d8	CRITRANGE:2	CRITMULT:x2	RANGE:120	TYPE:Weapon.Ranged.Siege.Piercing			SPROP:Crew 1, Aim 0, Load 2, Speed 10 ft.
Cannon			COST:6000	PROFICIENCY:WEAPON|Cannon				DAMAGE:6d6 	CRITMULT:x4			RANGE:100	TYPE:Weapon.Ranged.Siege.Bludgeoning.Piercing	SPROP:Crew 2, Aim 1, Load 3, Speed 10 ft.
# Huge Siege Engines
Ballista (Heavy)		COST:800	PROFICIENCY:WEAPON|Ballista (Heavy)			DAMAGE:4d8	CRITRANGE:2	CRITMULT:x2	RANGE:180	TYPE:Weapon.Ranged.Siege.Piercing			SPROP:Crew 3, Aim 2, Load 3, Speed 0 ft.
Cannon (Fiend's Mouth)	COST:9000	PROFICIENCY:WEAPON|Cannon (Fiend's Mouth)		DAMAGE:8d6 	CRITMULT:x4			RANGE:150	TYPE:Weapon.Ranged.Siege.Bludgeoning.Piercing	SPROP:Crew 3, Aim 1, Load 3, Speed 0 ft.
Firedrake			COST:4000	PROFICIENCY:WEAPON|Firedrake				DAMAGE:6d6							TYPE:Weapon.Ranged.Siege.Fire				SPROP:Crew 3, Aim 2, Load 5, Speed 10 ft.
# Gargantuan Siege Engines
Ballista (Gate Breaker)	COST:1200	PROFICIENCY:WEAPON|Ballista (Gate Breaker)	DAMAGE:6d8	CRITRANGE:2	CRITMULT:x2	RANGE:100	TYPE:Weapon.Ranged.Siege.Bludgeoning			SPROP:Crew 5, Aim 3, Load 5, Speed 0 ft.
Firewyrm			COST:6000	PROFICIENCY:WEAPON|Firewyrm				DAMAGE:6d6							TYPE:Weapon.Ranged.Siege.Fire				SPROP:Crew 5, Aim 2, Load 6, Speed 0 ft.

#Indirect-Fire Engines Cost Dmg Critical Range Type Crew Aim Load Speed

# Large Siege Engines
Bombard (Light)		COST:6000	PROFICIENCY:WEAPON|Bombard (Light)			DAMAGE:5d6 	CRITMULT:x4	RANGE:100	SPROP: Range (50 ft. min.)	TYPE:Weapon.Ranged.Siege.Bludgeoning.Piercing	SPROP:Crew 2, Aim 1, Load 3, Speed 10 ft.
Catapult (Light)		COST:550	PROFICIENCY:WEAPON|Catapult (Light)			DAMAGE:4d6 	CRITMULT:x2	RANGE:150	SPROP: Range (50 ft. min.)	TYPE:Weapon.Ranged.Siege.Bludgeoning			SPROP:Crew 2, Aim 2, Load 3, Speed 10 ft.
Trebuchet (Light)		COST:800	PROFICIENCY:WEAPON|Trebuchet (Light)		DAMAGE:4d6 	CRITMULT:x2	RANGE:200	SPROP: Range (100 ft. min.)	TYPE:Weapon.Ranged.Siege.Bludgeoning			SPROP:Crew 3, Aim 2, Load 3, Speed 0 ft.

# Huge Siege Engines
Bombard (Standard)	COST:8000	PROFICIENCY:WEAPON|Bombard (Standard)		DAMAGE:7d6 	CRITMULT:x4	RANGE:150	SPROP: Range (100 ft. min.)	TYPE:Weapon.Ranged.Siege.Bludgeoning.Piercing	SPROP:Crew 2, Aim 1, Load 3, Speed 0 ft.
Catapult (Standard)	COST:800	PROFICIENCY:WEAPON|Catapult (Standard)		DAMAGE:6d6 	CRITMULT:x2	RANGE:200	SPROP: Range (100 ft. min.)	TYPE:Weapon.Ranged.Siege.Bludgeoning			SPROP:Crew 3, Aim 2, Load 3, Speed 0 ft.
Springal (Arrow)		COST:1000	PROFICIENCY:WEAPON|Springal (Arrow)			DAMAGE:3d8 	CRITMULT:x3	RANGE:100	SPROP: Range (50 ft. min.)	TYPE:Weapon.Ranged.Siege.Piercing			SPROP:Crew 3, Aim 2, Load 3, Speed 0 ft.
Springal (Rocket)		COST:6000	PROFICIENCY:WEAPON|Springal (Rocket)		DAMAGE:3d10	CRITMULT:x4	RANGE:100	SPROP: Range (50 ft. min.)	TYPE:Weapon.Ranged.Siege.Fire				SPROP:Crew 3, Aim 2, Load 3, Speed 0 ft.
Trebuchet (Standard)	COST:1000	PROFICIENCY:WEAPON|Trebuchet (Standard)		DAMAGE:6d6 	CRITMULT:x2	RANGE:300	SPROP: Range (150 ft. min.)	TYPE:Weapon.Ranged.Siege.Bludgeoning			SPROP:Crew 4, Aim 2, Load 3, Speed 0 ft.

#Gargantuan Siege Engines
Bombard (Heavy)		COST:8000	PROFICIENCY:WEAPON|Bombard (Heavy)			DAMAGE:9d6 	CRITMULT:x4	RANGE:200	SPROP: Range (100 ft. min.)	TYPE:Weapon.Ranged.Siege.Bludgeoning.Piercing	SPROP:Crew 4, Aim 3, Load 5, Speed 0 ft.
Catapult (Heavy)		COST:1000	PROFICIENCY:WEAPON|Catapult (Heavy)			DAMAGE:8d6 	CRITMULT:x2	RANGE:300	SPROP: Range (100 ft. min.)	TYPE:Weapon.Ranged.Siege.Bludgeoning			SPROP:Crew 4, Aim 3, Load 3, Speed 0 ft.
Trebuchet (Heavy)		COST:1500	PROFICIENCY:WEAPON|Trebuchet (Heavy)		DAMAGE:8d6 	CRITMULT:x2	RANGE:400	SPROP: Range (200 ft. min.)	TYPE:Weapon.Ranged.Siege.Bludgeoning			SPROP:Crew 4, Aim 3, Load 3, Speed 0 ft.

# Table 3-14: Special Siege Engine Ammunition
#Ammunition Cost Weight
Siege Engine Ammunition (Alchemist's Fire)	COST:200	WT:10	TYPE:SiegeAmmo
Siege Engine Ammunition (Blast Shot)		COST:30	WT:25	TYPE:SiegeAmmo
Siege Engine Ammunition (Bomb)			COST:600	WT:30	TYPE:SiegeAmmo
Siege Engine Ammunition (Chain Shot)		COST:50	WT:30	TYPE:SiegeAmmo
Siege Engine Ammunition (Liquid Ice)		COST:400	WT:20	TYPE:SiegeAmmo
Siege Engine Ammunition (Plague Bundle)		COST:80	WT:20	TYPE:SiegeAmmo
Siege Engine Ammunition (Smoke Shot)		COST:250	WT:20	TYPE:SiegeAmmo