
# IN PROGRESS

#	COST:	DAMAGE:	CRITRANGE:	CRITMULT:x2		WT:	TYPE:

###Block: Eastern Weapons - Martial
# Light
Butterfly Sword	COST:20	DAMAGE:1d4	CRITRANGE:2	CRITMULT:x2			WT:1	TYPE:
Iron Brush		COST:2	DAMAGE:1d3	CRITRANGE:1	CRITMULT:x2	RANGE:10		TYPE:
Jutte			COST:8	DAMAGE:1d6	CRITRANGE:1	CRITMULT:x2			WT:1	TYPE:
Kerambit		COST:2	DAMAGE:1d3	CRITRANGE:1	CRITMULT:x3			WT:1	TYPE:
Lungchuan Tamo	COST:5	DAMAGE:1d4	CRITRANGE:1	CRITMULT:x2	RANGE:10	WT:1	TYPE:
Shang Gou		COST:6	DAMAGE:1d4	CRITRANGE:1	CRITMULT:x2			WT:1	TYPE:
Tonfa			COST:1	DAMAGE:1d6	CRITRANGE:1	CRITMULT:x2			WT:1	TYPE:
Wushu Dart (5)	COST:1	DAMAGE:1d3	CRITRANGE:1	CRITMULT:x2	RANGE:10		TYPE:

# One-Handed Melee Weapons
Broadsword (Nine Ring)	COST:15	DAMAGE:1d8	CRITRANGE:1	CRITMULT:x3		WT:4	TYPE:
Double Chicken Saber	COST:12	DAMAGE:1d6	CRITRANGE:2	CRITMULT:x2		WT:3	TYPE:
Sibat				COST:2	DAMAGE:1d6	CRITRANGE:1	CRITMULT:x3		WT:2	TYPE:

# Two-Handed Melee Weapons
Hooked Lance				COST:3	DAMAGE:1d8	CRITRANGE:1	CRITMULT:x4		WT:10	TYPE:
Monk's Spade				COST:20	DAMAGE:1d6	CRITRANGE:1	CRITMULT:x2		WT:12	TYPE:	ALTDAMAGE:1d6
Naginata					COST:35	DAMAGE:1d8	CRITRANGE:1	CRITMULT:x4		WT:9	TYPE:
Nodachi					COST:60	DAMAGE:1d10	CRITRANGE:3	CRITMULT:x2		WT:8	TYPE:
Sansetsukon					COST:8	DAMAGE:1d10	CRITRANGE:2	CRITMULT:x2		WT:3	TYPE:
Sword (Tri-Point Double-Edged)	COST:12	DAMAGE:1d10	CRITRANGE:1	CRITMULT:x3		WT:14	TYPE:
Tiger Fork					COST:5	DAMAGE:1d8	CRITRANGE:1	CRITMULT:x2		WT:8	TYPE:






# Ranged Weapons
Tube Arrow Shooter		COST:3	DAMAGE:1d4	CRITRANGE:1	CRITMULT:x2		WT:.5	TYPE:
Poisoned Sand Tube		COST:1			WT:1	TYPE:

# Ammo
Bamboo Shaft (10)	COST:10	WT:.5
Arrow (Iron-tipped Distance/20)
Arrow (Whistling)



