# CVS $Revision: 5389 $ $Author: eddyanthony $ -- Thu Feb 22 13:04:59 2007 -- reformated by prettylst.pl v1.36 (build 2045)
#SOURCELONG:My Campaign	SOURCESHORT:My	SOURCEWEB:http://www.mywebsite.com

#insert your data here

ABILITYCATEGORY:Legendary Path										VISIBLE:QUALIFY	EDITABLE:YES	EDITPOOL:YES	FRACTIONALPOOL:NO		CATEGORY:Legendary Path		TYPE:LegendaryPath				PLURAL:Legendary Path					DISPLAYLOCATION:Legendary Path
ABILITYCATEGORY:Legendary Path Swift (skill update)		POOL:LegendaryPathSwift		VISIBLE:QUALIFY	EDITABLE:YES	EDITPOOL:YES	FRACTIONALPOOL:NO		CATEGORY:Legendary Path		TYPE:LegendaryPathSwiftSkill			PLURAL:Legendary Swift (skill update)		DISPLAYLOCATION:Legendary Path
ABILITYCATEGORY:Legendary Path Mighty (skill update)		POOL:LegendaryPathMighty	VISIBLE:QUALIFY	EDITABLE:YES	EDITPOOL:YES	FRACTIONALPOOL:NO		CATEGORY:Legendary Path		TYPE:LegendaryPathMightySkill			PLURAL:Legendary Mighty (skill update)		DISPLAYLOCATION:Legendary Path
ABILITYCATEGORY:Legendary Path Unyielding (skill update)	POOL:LegendaryPathUnyielding	VISIBLE:QUALIFY	EDITABLE:YES	EDITPOOL:YES	FRACTIONALPOOL:NO		CATEGORY:Legendary Path		TYPE:LegendaryPathUnyieldingSkill		PLURAL:Legendary Unyielding (skill update)	DISPLAYLOCATION:Legendary Path
ABILITYCATEGORY:Legendary Path Learned (skill update)		POOL:LegendaryPathLearned	VISIBLE:QUALIFY	EDITABLE:YES	EDITPOOL:YES	FRACTIONALPOOL:NO		CATEGORY:Legendary Path		TYPE:LegendaryPathLearnedSkill		PLURAL:Legendary Learned (skill update)		DISPLAYLOCATION:Legendary Path
ABILITYCATEGORY:Legendary Path Wise (skill update)		POOL:LegendaryPathWise		VISIBLE:QUALIFY	EDITABLE:YES	EDITPOOL:YES	FRACTIONALPOOL:NO		CATEGORY:Legendary Path		TYPE:LegendaryPathWiseSkill			PLURAL:Legendary Wise (skill update)		DISPLAYLOCATION:Legendary Path
ABILITYCATEGORY:Legendary Persuasive Swift (skill update)	POOL:LegendaryPathPersuasive	VISIBLE:QUALIFY	EDITABLE:YES	EDITPOOL:YES	FRACTIONALPOOL:NO		CATEGORY:Legendary Path		TYPE:LegendaryPathPersuasiveSkill		PLURAL:Legendary Persuasive (skill update)	DISPLAYLOCATION:Legendary Path

#Every line that starts with a '#' is a comment. You may want to remove these comments, if you use this file to set up
#your own data. Remember not to put the '#' at the start of your own data, as PCGen would see it as a comment only.
#
#When Running PCGen, you can select "Help > Documentation > List Files > List File Tag Index > Feat File tags" to find
#out how the tags in the feats file work. Some of the tags used here are global tags. You will see an alphabetical
#listing of all PCGen tags to the left of the documentation window. You can find the global tags there as well.
#

#
# Ability Categories
#
#ABILITYCATEGORY:my_foo abilities	CATEGORY:PooSlinger	PLURAL:PooSlinger		EDITABLE:YES	EDITPOOL:NO	FRACTIONALPOOL:NO	POOL:<myformula or Number>	VISIBLE:YES/NO/QUALIFY
#ABILITYCATEGORY:AbilitybySkill	CATEGORY:AbilitybySkill	PLURAL:AbilitybySkills	EDITABLE:YES	EDITPOOL:NO	FRACTIONALPOOL:NO	POOL:AbilitybySkillPool		VISIBLE:QUALIFY


# VISIBLE TAG will take YES, NO or QUALIFY - QUALIFY won't display the Category unless it has one valid selection or the number is 1 or higher in the pool.
# New tag - DISPLAYLOCATION:<user defined> will allow you to group ABILITIES together in the same "tab"
# New tag - DISPLAYNAME:<user defined> serves the same function as OUTPUTNAME is showing what is displayed
# Using TYPE will populate the category with any ABILITY with a matching type. Example:
# ABILITYCATEGORY:Fighter Feats	CATEGORY:FEAT	TYPE:Fighter
# That will make all the Feats with TYPE:Fighter appear
# The POOL tag allows you to set a variable that will be added to the pool, this must be a valid variable DEFINEd or hardcoded elsewhere

# DONE
#
