# CVS $Revision: 21640 $ $Author: amaitland $ -- Tue Dec 15 01:48:08 2015 -- reformated by PCGen PrettyLST v6.06.00
SOURCELONG:Bestiary 4	SOURCESHORT:B4	SOURCEWEB:http://paizo.com/products/btpy91ds?Pathfinder-Roleplaying-Game-Bestiary-4	SOURCEDATE:2013-10

CATEGORY=Internal|Race Traits ~ Argus						ABILITY:Special Ability|AUTOMATIC|Mistsight
CATEGORY=Internal|Race Traits ~ Demon Lord (Dagon).MOD			ABILITY:Mythic Spell|AUTOMATIC|Blasphemy|Control Weather|Desecrate|Storm of Vengeance|Telekinesis|Time Stop|Tsunami|Unholy Blight|PRETEMPLATE:1,Demon Lord in Home Realm
CATEGORY=Internal|Race Traits ~ Demon Lord (Kostchtchie).MOD		ABILITY:Mythic Spell|AUTOMATIC|Blasphemy|Cone of Cold|Desecrate|Enlarge Person|Telekinesis|Unholy Blight|Polar Ray|Power Word Stun|Time Stop|PRETEMPLATE:1,Demon Lord in Home Realm
CATEGORY=Internal|Race Traits ~ Demon Lord (Pazuzu).MOD			ABILITY:Mythic Spell|AUTOMATIC|Blasphemy|Cone of Cold|Desecrate|Dominate Person|Telekinesis|Unholy Blight|Quickened Dominate Person|Whirlwind|Time Stop|Wish|PRETEMPLATE:1,Demon Lord in Home Realm
CATEGORY=Internal|Race Traits ~ Drakainia.MOD					ABILITY:Mythic Spell|AUTOMATIC|Regenerate
CATEGORY=Internal|Race Traits ~ Elohim.MOD					ABILITY:Mythic Ability|AUTOMATIC|Mythic Path Ability ~ Plantbringer|Mythic Magic|Dual Initiative	SPELLS:Innate|TIMES=5|CASTERLEVEL=23|Terraform
CATEGORY=Internal|Race Traits ~ Empyreal Lord (Cernunnos).MOD		ABILITY:Mythic Spell|AUTOMATIC|Dimensional Lock|Power Word Stun|Haste|True Strike|Break Enchantment|Breath of Life|Mage's Disjunction|Time Stop|PRETEMPLATE:1,Empyreal Lord in Home Realm
CATEGORY=Internal|Race Traits ~ Empyreal Lord (Korada).MOD			ABILITY:Mythic Spell|AUTOMATIC|Dimensional Lock|Power Word Stun|Foresight|Sanctuary|Bless|Cure Serious Wounds|Mirror Image|Quickened Mirror Image|Wall of Force|PRETEMPLATE:1,Empyreal Lord in Home Realm
CATEGORY=Internal|Race Traits ~ Empyreal Lord (Vildeis).MOD			ABILITY:Mythic Spell|AUTOMATIC|Dimensional Lock|Power Word Stun|Command|Haste|Holy Word|Searing Light|PRETEMPLATE:1,Empyreal Lord in Home Realm
CATEGORY=Internal|Race Traits ~ Great Old One (Bokrug).MOD			ABILITY:Mythic Spell|AUTOMATIC|Cloudkill|Control Weather|Dimension Door|Dream|Nightmare|Plane Shift|Tsunami
CATEGORY=Internal|Race Traits ~ Great Old One (Cthulhu).MOD			ABILITY:Mythic Spell|AUTOMATIC|Control Weather|Dream|Nightmare|Sending|Wish
CATEGORY=Internal|Race Traits ~ Great Old One (Hastur).MOD			ABILITY:Mythic Spell|AUTOMATIC|Dimension Door|Dream|Enervation|Nightmare|Sending|Wish
CATEGORY=Internal|Race Traits ~ Grendel.MOD					ABILITY:Mythic Ability|AUTOMATIC|Mythic Ability ~ Unstoppable|Mythic Path Ability ~ Display of Strength
CATEGORY=Internal|Race Traits ~ Guardian Dragon.MOD				ABILITY:Special Ability|AUTOMATIC|Mistsight|Poisonous Blood	ABILITY:Mythic Ability|AUTOMATIC|Mythic Ability ~ Immortal|Mythic Ability ~ Recuperation|Mythic Ability ~ Unstoppable
CATEGORY=Internal|Race Traits ~ Julunggali.MOD					ABILITY:Mythic Ability|AUTOMATIC|Mythic Ability ~ Amazing Initiative|Mythic Ability ~ Mythic Saves		ABILITY:Mythic Spell|AUTOMATIC|Baleful Polymorph|Bless|Control Weather (rain only)|Haste|Heal|Move Earth|Prayer|Slow


Control Weather (rain only)			CATEGORY:Mythic Spell	TYPE:MythicSpellList		PRESPELL:1,Control Weather (rain only)
Quickened Dominate Person			CATEGORY:Mythic Spell	TYPE:MythicSpellList		PRESPELL:1,Quickened Dominate Person
Quickened Mirror Image				CATEGORY:Mythic Spell	TYPE:MythicSpellList		PRESPELL:1,Quickened Mirror Image


