# CVS $Revision$ $Author$ -- Thu Apr  8 08:23:29 2010 -- reformated by prettylst.pl v1.39 (build 10232)
SOURCELONG:Bastion Press - Into the Green	SOURCESHORT:ittg	SOURCEDATE:2003-01
#Original Entry: Andrew (LegacyKing) Maitland


# Mundane Items
# Equipment Name			Required Weapon Proficiency	Type						Cost		Weight	Critical Hit Multiplier	Damage	Source Page		Ability
Bison Chips									TYPE:Goods					COST:.2									SOURCEPAGE:p.76
Cold Compress								TYPE:Goods					COST:35									SOURCEPAGE:p.76
Drunken Sloth Bile							TYPE:Goods					COST:10									SOURCEPAGE:p.76
Glow Rod									TYPE:Goods					COST:60									SOURCEPAGE:p.76
Juniper Oil									TYPE:Goods					COST:5									SOURCEPAGE:p.77
Kapok Jacket								TYPE:Goods					COST:40									SOURCEPAGE:p.77
Machete				PROFICIENCY:WEAPON|Machete	TYPE:Weapon.Slashing.Melee		COST:8	WT:1		CRITMULT:x3			DAMAGE:1d4	SOURCEPAGE:p.77
Walking Stick								TYPE:Goods					COST:.2									SOURCEPAGE:p.77


# Magic Items
Collar of Scent								TYPE:Amulet.Magic				COST:6000									SOURCEPAGE:p.77	ABILITY:Special Ability|AUTOMATIC|Scent
Horn of Steaming Mist							TYPE:Wondrous.Magic			COST:9000									SOURCEPAGE:p.77
Ring of Arboreal Mastery						TYPE:Ring.Magic				COST:57000									SOURCEPAGE:p.78
Rod of the Blightsower							TYPE:Rod.Magic				COST:53600									SOURCEPAGE:p.78
Rod of Ethereal Bones							TYPE:Rod.Magic				COST:120000									SOURCEPAGE:p.78
Rognak Helm									TYPE:Helm.Headgear.Magic		COST:78000									SOURCEPAGE:p.78
Smiling Mask								TYPE:Facewear.Mask.Eyegear.Magic	COST:24500									SOURCEPAGE:p.79
Sphere of Tireless Trivia						TYPE:Wondrous.Magic			COST:48500									SOURCEPAGE:p.79
