# CVS $Revision$ $Author$ -- Thu Apr  8 08:23:29 2010 -- reformated by prettylst.pl v1.39 (build 10232)
SOURCELONG:Bastion Press - Into the Green	SOURCESHORT:ittg	SOURCEDATE:2003-01
#Original Entry: Andrew (LegacyKing) Maitland

# Arboreal Nemesis
# Ability Name					Unique Key								Category of Ability		Type								Visible	Required Race		Innate Spells																																																													Description																																										Ability								Add 					Bonus to Ability Pool			Caster level bonus		Modify VAR					Vision		Source Page
Favored Enemy					KEY:Arboreal Nemesis ~ Favored Enemy			CATEGORY:Special Ability	TYPE:SpecialAttack.Extraordinary
Trample						KEY:Arboreal Nemesis ~ Trample				CATEGORY:Special Ability	TYPE:SpecialAttack.Extraordinary
Despise Beauty					KEY:Arboreal Nemesis ~ Despise Beauty			CATEGORY:Special Ability	TYPE:SpecialQuality.Extraordinary
Fire Vulnerability				KEY:Arboreal Nemesis ~ Fire Vulnerability			CATEGORY:Special Ability	TYPE:SpecialQuality.Extraordinary
Half Damage from Piercing			KEY:Arboreal Nemesis ~ Half Damage from Piercing	CATEGORY:Special Ability	TYPE:SpecialQuality.Extraordinary
Rotting Grasp					KEY:Arboreal Nemesis ~ Rotting Grasp			CATEGORY:Special Ability	TYPE:SpecialAttack.Supernatural

# Darkwoodsman
Damage Reduction					KEY:Dark Woodsman ~ Damage Reduction			CATEGORY:Special Ability	TYPE:SpecialQuality.Extraordinary																																																																								DESC:5/+1 (slashing and piercing weapons only)
Tree Bond						KEY:Dark Woodsman ~ Tree Bond					CATEGORY:Special Ability	TYPE:SpecialQuality.Extraordinary
Animate Trees					KEY:Dark Woodsman ~ Animate Trees				CATEGORY:Special Ability	TYPE:SpecialQuality.Supernatural
Draw Strength					KEY:Dark Woodsman ~ Draw Strength				CATEGORY:Special Ability	TYPE:SpecialAttack.Supernatural
Draw Lifeforce					KEY:Dark Woodsman ~ Draw Lifeforce				CATEGORY:Special Ability	TYPE:SpecialAttack.Supernatural
Tree Gate						KEY:Dark Woodsman ~ Tree Gate					CATEGORY:Special Ability	TYPE:SpecialQuality.Supernatural

# Greenfeeder
Wounding						KEY:Greenfeeder ~ Wounding					CATEGORY:Special Ability	TYPE:SpecialAttack.Extraordinary

# Grovenger
Fire Vulnerability				KEY:Grovenger ~ Fire Vulnerability				CATEGORY:Special Ability	TYPE:SpecialQuality.Extraordinary
Spell-like Abilities				KEY:Grovenger ~ Spell-Like Abilities			CATEGORY:Special Ability															SPELLS:Innate|CASTERLEVEL=9|Awaken|Control Plants|Detect Animals or Plants|Diminish Plants|Entangle|Plant Growth|Spike Growth|Spike Stones	SPELLS:Innate|TIMES=ATWILL|CASTERLEVEL=9|Speak with Plants
#These Abilities Are As The Spells Cast By A 9th-Level Druid (Save Dc 13 + Spell Level). Grovengers  At Will.
Withering Cloud					KEY:Grovenger ~ Withering Cloud				CATEGORY:Special Ability	TYPE:SpecialAttack.Supernatural

# Horned Man
Immunity to Mind-influencing Effects	KEY:Horned Man ~ Immunity to Mind-influencing Effects	CATEGORY:Special Ability	TYPE:SpecialQuality.Extraordinary
Spell-like Abilities				KEY:Horned Man ~ Spell-like Abilities			CATEGORY:Special Ability															SPELLS:Innate|TIMES=ATWILL|CASTERLEVEL=13|Speak with Plants|Speak with Animals|Dominate Animal	SPELLS:Innate|TIMES=3|CASTERLEVEL=9|Charm Person or Animal|Control Plants	SPELLS:Innate|CASTERLEVEL=13|Control Weather|Summon Nature's Ally VII
#These Abilities Are As The Spells Cast By A 13thlevel Druid.
Wisdom Damage					KEY:Horned Man ~ Wisdom Damage				CATEGORY:Special Ability	TYPE:SpecialAttack.Supernatural

# Makesh
Detect Magic					KEY:Makesh ~ Detect Magic					CATEGORY:Special Ability	TYPE:SpecialQuality.Supernatural

# Shadow Stalker
Improved Grab					KEY:Shadow Stalker ~ Improved Grab				CATEGORY:Special Ability	TYPE:SpecialAttack.Extraordinary
Pounce						KEY:Shadow Stalker ~ Pounce					CATEGORY:Special Ability	TYPE:SpecialAttack.Extraordinary
Rake ~ Shadow Stalker				KEY:Shadow Stalker ~ Rake					CATEGORY:Special Ability	TYPE:SpecialAttack.Extraordinary																																																																																																																			ABILITY:Special Ability|AUTOMATIC|Rake
Chameleon						KEY:Shadow Stalker ~ Chameleon				CATEGORY:Special Ability	TYPE:SpecialQuality.Supernatural

Psionic abilities ~ Shadow Stalker		KEY:Shadow Stalker ~ Psionic Abilities			CATEGORY:Special Ability	TYPE:SpecialQuality
Displacement					KEY:Shadow Stalker ~ Displacement				CATEGORY:Special Ability	TYPE:SpecialQuality
Invisibility					KEY:Shadow Stalker ~ Invisibility				CATEGORY:Special Ability	TYPE:SpecialQuality


# Ubi
Spell-like abilities				KEY:Ubi ~ Spell-like abilities				CATEGORY:Special Ability															SPELLS:Innate|TIMES=3|CASTERLEVEL=5|Dispel Magic|Illusory Wall|Invisibility (Self Only)|Mending|Rope Trick|Shrink Item|Trap

# Bayowulf
Breath of the Moor				KEY:Bayowulf ~ Breath of the Moor				CATEGORY:Special Ability	TYPE:SpecialAttack.Supernatural
Disease						KEY:Bayowulf ~ Disease						CATEGORY:Special Ability	TYPE:SpecialAttack.Extraordinary
Howl							KEY:Bayowulf ~ Howl						CATEGORY:Special Ability	TYPE:SpecialAttack.Supernatural

# Bloodfrog
Blood Drain						KEY:Bloodfrog ~ Blood Drain					CATEGORY:Special Ability	TYPE:SpecialAttack.Extraordinary
Pounce						KEY:Bloodfrog ~ Pounce						CATEGORY:Special Ability	TYPE:SpecialAttack.Extraordinary
Toxic Touch						KEY:Bloodfrog ~ Toxic Touch					CATEGORY:Special Ability	TYPE:SpecialAttack.Extraordinary

# Gloomfog
Attach ~ Gloomfog					KEY:Gloomfog ~ Attach						CATEGORY:Special Ability	TYPE:SpecialAttack.Extraordinary
Attract ~ Gloomfog				KEY:Gloomfog ~ Attract						CATEGORY:Special Ability	TYPE:SpecialQuality.Extraordinary
Blood Drain ~ Gloomfog				KEY:Gloomfog ~ Blood Drain					CATEGORY:Special Ability	TYPE:SpecialAttack.Extraordinary
Sleep ~ Gloomfog					KEY:Gloomfog ~ Sleep						CATEGORY:Special Ability	TYPE:SpecialAttack.Extraordinary
Blindsight						KEY:Gloomfog ~ Blindsight					CATEGORY:Special Ability	TYPE:SpecialQuality.Extraordinary
Fire Vulnerability				KEY:Gloomfog ~ Fire Vulnerability				CATEGORY:Special Ability	TYPE:SpecialQuality.Extraordinary
Half Damage from Piercing			KEY:Gloomfog ~ Half Damage from Piercing			CATEGORY:Special Ability	TYPE:SpecialQuality.Extraordinary

# Maakantu
Breath Weapon					KEY:Maakantu ~ Breath Weapon					CATEGORY:Special Ability	TYPE:SpecialAttack.Supernatural
Constrict						KEY:Maakantu ~ Constrict					CATEGORY:Special Ability	TYPE:SpecialAttack.Extraordinary
Improved Grab					KEY:Maakantu ~ Improved Grab					CATEGORY:Special Ability	TYPE:SpecialAttack.Extraordinary
Poison Sting					KEY:Maakantu ~ Poison Sting					CATEGORY:Special Ability	TYPE:SpecialAttack.Extraordinary
Spells						KEY:Maakantu ~ Spells						CATEGORY:Special Ability																																																																																																																																							BONUS:ABILITYPOOL|Caster Needed|1


# Spindleshank
Poison						KEY:Spindleshank ~ Poison					CATEGORY:Special Ability	TYPE:SpecialAttack.Extraordinary

# Thornclaw
Poison						KEY:Thornclaw ~ Poison						CATEGORY:Special Ability	TYPE:SpecialAttack.Extraordinary

# Treell
Animate Trees					KEY:Treell ~ Animate Trees					CATEGORY:Special Ability	TYPE:SpecialQuality.SpellLike
Constrict						KEY:Treell ~ Constrict						CATEGORY:Special Ability	TYPE:SpecialAttack.Extraordinary
Double Damage against Objects			KEY:Treell ~ Double Damage against Objects		CATEGORY:Special Ability	TYPE:SpecialAttack.Extraordinary
Entangle						KEY:Treell ~ Entangle						CATEGORY:Special Ability	TYPE:SpecialAttack.Supernatural
Improved Grab					KEY:Treell ~ Improved Grab					CATEGORY:Special Ability	TYPE:SpecialAttack.Extraordinary
Trample						KEY:Treell ~ Trample						CATEGORY:Special Ability	TYPE:SpecialAttack.Extraordinary
Fire Vulnerability				KEY:Treell ~ Fire Vulnerability				CATEGORY:Special Ability	TYPE:SpecialQuality.Extraordinary
Half Damage from Piercing			KEY:Treell ~ Half Damage from Piercing			CATEGORY:Special Ability	TYPE:SpecialQuality.Extraordinary

# Verdant Guardian
Improved Grapple					KEY:Verdant Guardian ~ Improved Grapple			CATEGORY:Special Ability	TYPE:SpecialAttack.Extraordinary
Constrict						KEY:Verdant Guardian ~ Constrict				CATEGORY:Special Ability	TYPE:SpecialAttack.Extraordinary
Spell-Like Abilities				KEY:Verdant Guardian ~ Spell-Like Abilities		CATEGORY:Special Ability															SPELLS:Innate|TIMES=ATWILL|CASTERLEVEL=10|Calm Animals|Detect Animals or Plants|Pass Without Trace|Warp Wood|Water Breathing (Self Only)|Wood Shape	SPELLS:Innate|CASTERLEVEL=10|Dominate Animal|Snare|Spike Growth	SPELLS:Innate|TIMES=3|CASTERLEVEL=10|Animal Messenger|Barkskin|Entangle|Goodberry|Hold Animal|Magic Fang|Protection From Elements|Quench|Summon Nature's Ally II
#. These Abilities Are As The Spells Cast By A 10thlevel Druid (Save Dc 14 + Spell Level).
Whip							KEY:Verdant Guardian ~ Whip					CATEGORY:Special Ability	TYPE:SpecialAttack.Extraordinary
Forest Tongue					KEY:Verdant Guardian ~ Forest Tongue			CATEGORY:Special Ability	TYPE:SpecialQuality.Extraordinary

# Arborgeist
+2 turn resistance				KEY:Arborgeist ~ Turn Resistance				CATEGORY:Special Ability	TYPE:SpecialQuality
Aura of Cold Flame				KEY:Arborgeist ~ Aura of Cold Flame				CATEGORY:Special Ability	TYPE:SpecialAttack.Supernatural
Command Plants					KEY:Arborgeist ~ Command Plants				CATEGORY:Special Ability	TYPE:SpecialQuality.SpellLike
Burning Howl					KEY:Arborgeist ~ Burning Howl					CATEGORY:Special Ability	TYPE:SpecialAttack.Supernatural
Horrific Appearance				KEY:Arborgeist ~ Horrific Appearance			CATEGORY:Special Ability	TYPE:SpecialAttack.Supernatural
Wisdom Drain					KEY:Arborgeist ~ Wisdom Drain					CATEGORY:Special Ability	TYPE:SpecialAttack.Supernatural
Commune with Nature				KEY:Arborgeist ~ Commune with Nature			CATEGORY:Special Ability	TYPE:SpecialQuality.Supernatural
Tree Stride						KEY:Arborgeist ~ Tree Stride					CATEGORY:Special Ability	TYPE:SpecialQuality.SpellLike
Weaknesses						KEY:Arborgeist ~ Weaknesses					CATEGORY:Special Ability	TYPE:SpecialAttack

# Autumnal Mourners
Icy Touch						KEY:Autumnal Mourners ~ Icy Touch				CATEGORY:Special Ability	TYPE:SpecialAttack.Supernatural
Mourning Dirge					KEY:Autumnal Mourners ~ Mournful Dirge			CATEGORY:Special Ability	TYPE:SpecialAttack.Supernatural
Falling Shield					KEY:Autumnal Mourners ~ Falling Shield			CATEGORY:Special Ability	TYPE:SpecialAttack.Supernatural

# Bedwen------------------------------------
Wisdom Drain ~ Bedwen				KEY:Bedwen ~ Wisdom Drain					CATEGORY:Special Ability	TYPE:SpecialAttack.Supernatural
Blindsight						KEY:Bedwen ~ Blindsight						CATEGORY:Special Ability	TYPE:SpecialQuality.Extraordinary
Spell-like Abilities				KEY:Bedwen ~ Spell-like Abilities				CATEGORY:Special Ability															SPELLS:Innate|TIMES=ATWILL|CASTERLEVEL=7|Augury	SPELLS:Innate|CASTERLEVEL=7|Divination
Symbiosis						KEY:Bedwen ~ Symbiosis						CATEGORY:Special Ability	TYPE:SpecialQuality.Supernatural

# Bracken Corpse ------------------------------------
Fear Aura						KEY:Bracken Corpse ~ Fear Aura				CATEGORY:Special Ability	TYPE:SpecialAttack.Supernatural
Slimy Doom						KEY:Bracken Corpse ~ Slimy Doom				CATEGORY:Special Ability	TYPE:SpecialAttack.Extraordinary
Death's Tongue					KEY:Bracken Corpse ~ Death's Tongue				CATEGORY:Special Ability	TYPE:SpecialAttack.Supernatural
Fire Resistance					KEY:Bracken Corpse ~ Fire Resistance			CATEGORY:Special Ability	TYPE:SpecialQuality.Extraordinary																																																																																																																			ABILITY:Special ABility|AUTOMATIC|Resistance to Fire																	BONUS:VAR|FireResistanceBonus|5

# Elderwitch------------------------------------
Constrict						KEY:Elderwitch ~ Constrict					CATEGORY:Special Ability	TYPE:SpecialAttack.Extraordinary
Improved Grab					KEY:Elderwitch ~ Improved Grab				CATEGORY:Special Ability	TYPE:SpecialAttack.Extraordinary
Spells						KEY:Elderwitch ~ Spells						CATEGORY:Special Ability																																																																																																																																							BONUS:ABILITYPOOL|Caster Needed|1
Blindsight						KEY:Elderwitch ~ Blindsight					CATEGORY:Special Ability	TYPE:SpecialQuality.Extraordinary
Camouflage						KEY:Elderwitch ~ Camouflage					CATEGORY:Special Ability	TYPE:SpecialQuality.Extraordinary
Fire Vulnerability				KEY:Elderwitch ~ Fire Vulnerability				CATEGORY:Special Ability	TYPE:SpecialQuality.Extraordinary
Half Damage from Piercing			KEY:Elderwitch ~ Half Damage from Piercing		CATEGORY:Special Ability	TYPE:SpecialQuality.Extraordinary
Telepathy						KEY:Elderwitch ~ Telepathy					CATEGORY:Special Ability	TYPE:SpecialQuality.Supernatural

# Fierling------------------------------------
They understand but do not speak Sylvan.	KEY:Fierling ~ Language						CATEGORY:Special Ability	TYPE:SpecialQuality
Embersmash						KEY:Fierling ~ Embersmash					CATEGORY:Special Ability	TYPE:SpecialAttack.Extraordinary
Flameleap						KEY:Fierling ~ Flameleap					CATEGORY:Special Ability	TYPE:SpecialQuality.Supernatural
Resistances ~ Fierling				KEY:Fierling ~ Resistances					CATEGORY:Special Ability	TYPE:SpecialQuality.Extraordinary																																																																																																																			ABILITY:Special Ability|AUTOMATIC|Resistance to Acid																	BONUS:VAR|AcidResistanceBonus|20

# Lostling------------------------------------
Understand Common					KEY:Lostling ~ Understand Common				CATEGORY:Special Ability	TYPE:SpecialQuality
Aura of Confusion					KEY:Lostling ~ Aura of Confusion				CATEGORY:Special Ability	TYPE:SpecialAttack.Supernatural
Divination Suppression				KEY:Lostling ~ Divination Suppression			CATEGORY:Special Ability	TYPE:SpecialQuality.Supernatural
Wisdom Drain					KEY:Lostling ~ Wisdom Drain					CATEGORY:Special Ability	TYPE:SpecialAttack.Supernatural
Control Weather					KEY:Lostling ~ Control Weather				CATEGORY:Special Ability	TYPE:SpecialQuality.SpellLike										SPELLS:Innate|CASTERLEVEL=12|Control Weather
Turn Resistance +2				KEY:Lostling ~ Turn Resistance				CATEGORY:Special Ability	TYPE:SpecialQuality

#Magpine------------------------------------
Sap							KEY:Magpine ~ Sap							CATEGORY:Special Ability	TYPE:SpecialQuality.Extraordinary
Spell-Like Abilities				KEY:Magpine ~ Spell-Like Abilities				CATEGORY:Special Ability															SPELLS:Innate|TIMES=ATWILL|CASTERLEVEL=4|Speak with Plants	SPELLS:Innate|CASTERLEVEL=4|Charm Person|Forest Invisibility
#(see Spells & Magic) as cast by a 4th-level druid, saving throws (DC 12 + spell level).
Alternate Form ~ Magpine			KEY:Magpine ~ Alternate Form					CATEGORY:Special Ability	TYPE:SpecialQuality.Supernatural
Fire Vulnerability				KEY:Magpine ~ Fire Vulnerability				CATEGORY:Special Ability	TYPE:SpecialQuality.Extraordinary.Vulnerability

# ~ Onnen------------------------------------
Spell-Like Abilities ~ Onnen			KEY:Onnen ~ Spell-Like Abilities				CATEGORY:Special Ability															SPELLS:Innate|TIMES=ATWILL|CASTERLEVEL=15|Entangle|Speak With Plants	SPELLS:Innate|CASTERLEVEL=15|Plant Growth
#These Abilities Are As The Spells Cast By A 15th-Level Sorcerer (Save Dc 11 + Spell Level).
Ethereal Jaunt					KEY:Onnen ~ Ethereal Jaunt					CATEGORY:Special Ability	TYPE:SpecialQuality.Supernatural
Symbiosis						KEY:Onnen ~ Symbiosis						CATEGORY:Special Ability	TYPE:SpecialQuality.Supernatural
Fast Healing					KEY:Onnen ~ Fast Healing					CATEGORY:Special Ability	TYPE:SpecialQuality																																																																										DESC:2

# ~ Unfamiliar------------------------------------
Absorb Magical Energy				KEY:Unfamiliar ~ Absorb Magical Energy			CATEGORY:Special Ability	TYPE:SpecialQuality.Extraordinary
Discharge Magical Energy			KEY:Unfamiliar ~ Discharge Magical Energy			CATEGORY:Special Ability	TYPE:SpecialAttack.Supernatural
Sensory Overload					KEY:Unfamiliar ~ Sensory Overload				CATEGORY:Special Ability
Spell-Like Abilities				KEY:Unfamiliar ~ Spell-Like Abilities			CATEGORY:Special Ability															SPELLS:Innate|TIMES=ATWILL|CASTERLEVEL=16|Detect Magic	SPELLS:Innate|CASTERLEVEL=16|Plane Shift
#Unfamiliars employ these abilities as if cast by a 16thlevel sorcerer (DC 12 + spell level).
Magic Immunity					KEY:Unfamiliar ~ Magic Immunity				CATEGORY:Special Ability	TYPE:SpecialQuality.Extraordinary
Natural Vulnerability				KEY:Unfamiliar ~ Natural Vulnerability			CATEGORY:Special Ability	TYPE:SpecialQuality.Extraordinary

# ~ Uragh Dhu------------------------------------
Blight Wood						KEY:Uragh Dhu ~ Blight Wood					CATEGORY:Special Ability	TYPE:SpecialAttack.SpellLike										SPELLS:Innate|TIMES=3|CASTERLEVEL=8|Warp Wood,13
Energy Drain					KEY:Uragh Dhu ~ Energy Drain					CATEGORY:Special Ability	TYPE:SpecialAttack.Supernatural
Fear Aura						KEY:Uragh Dhu ~ Fear Aura					CATEGORY:Special Ability	TYPE:SpecialAttack.Supernatural.Aura
Spell-like abilities				KEY:Uragh Dhu ~ Spell-like abilities			CATEGORY:Special Ability															SPELLS:Innate|TIMES=3|CASTERLEVEL=8|Deeper Darkness
Triproots						KEY:Uragh Dhu ~ Triproots					CATEGORY:Special Ability	TYPE:SpecialAttack.Extraordinary


# ~ Blightsower------------------------------------
Bound to the Soil					KEY:Blightsower ~ Bound to the Soil				CATEGORY:Special Ability	TYPE:SpecialQuality.Supernatural
Constitution Damage				KEY:Blightsower ~ Constitution Damage			CATEGORY:Special Ability	TYPE:SpecialAttack.Supernatural
Entangle						KEY:Blightsower ~ Entangle					CATEGORY:Special Ability	TYPE:SpecialAttack.SpellLike
Parch							KEY:Blightsower ~ Parch						CATEGORY:Special Ability	TYPE:SpecialAttack.Supernatural
Immunity to Metal					KEY:Blightsower ~ Immunity to Metal				CATEGORY:Special Ability	TYPE:SpecialQuality.Supernatural

# Grass Cloaker------------------------------------
Entrancing Buzz					KEY:Grass Cloaker ~ Entrancing Buzz				CATEGORY:Special Ability	TYPE:SpecialAttack.Supernatural
Engulf						KEY:Grass Cloaker ~ Engulf					CATEGORY:Special Ability	TYPE:SpecialAttack.Extraordinary
Chameleon Skin					KEY:Grass Cloaker ~ Chameleon Skin				CATEGORY:Special Ability	TYPE:SpecialQuality.Supernatural

# KEY:Grimdeath Vulture ~ ------------------------------------
Baleful Presentation				KEY:Grimdeath Vulture ~ Baleful Presentation		CATEGORY:Special Ability	TYPE:SpecialAttack.Supernatural
Fear Aura						KEY:Grimdeath Vulture ~ Fear Aura				CATEGORY:Special Ability	TYPE:SpecialAttack.Supernatural
Immunities						KEY:Grimdeath Vulture ~ Immunities				CATEGORY:Special Ability	TYPE:SpecialQuality.Extraordinary
Silence						KEY:Grimdeath Vulture ~ Silence				CATEGORY:Special Ability	TYPE:SpecialQuality.SpellLike

# Liger------------------------------------
Improved Grab					KEY:Liger ~ Improved Grab					CATEGORY:Special Ability	TYPE:SpecialAttack.Extraordinary
Pounce						KEY:Liger ~ Pounce						CATEGORY:Special Ability	TYPE:SpecialAttack.Extraordinary
Rake							KEY:Liger ~ Rake							CATEGORY:Special Ability	TYPE:SpecialAttack.Extraordinary

# Lyrmir ~ ------------------------------------
Improved Grab					KEY:Lyrmir ~ Improved Grab					CATEGORY:Special Ability	TYPE:SpecialAttack.Extraordinary
Swallow Whole					KEY:Lyrmir ~ Swallow Whole					CATEGORY:Special Ability	TYPE:SpecialAttack.Extraordinary
Greater Blur					KEY:Lyrmir ~ Greater Blur					CATEGORY:Special Ability	TYPE:SpecialQuality.Supernatural

# Plain Strider ~ ------------------------------------
Poison						KEY:Plain Strider ~ Poison					CATEGORY:Special Ability	TYPE:SpecialAttack.Extraordinary
Pounce						KEY:Plain Strider ~ Pounce					CATEGORY:Special Ability	TYPE:SpecialAttack.Extraordinary
Improved Grab					KEY:Plain Strider ~ Improved Grab				CATEGORY:Special Ability	TYPE:SpecialAttack.Extraordinary
Rake							KEY:Plain Strider ~ Rake					CATEGORY:Special Ability	TYPE:SpecialAttack.Extraordinary
Fast Healing					KEY:Plain Strider ~ Fast Healing				CATEGORY:Special Ability	TYPE:SpecialQuality																																																																										DESC:3

# Rognak Burrower ~ ------------------------------------
Brain Lock						KEY:Rognak Burrower ~ Brain Lock				CATEGORY:Special Ability	TYPE:SpecialAttack.Supernatural
Constrict						KEY:Rognak Burrower ~ Constrict				CATEGORY:Special Ability	TYPE:SpecialAttack.Extraordinary
Improved Grab					KEY:Rognak Burrower ~ Improved Grab				CATEGORY:Special Ability	TYPE:SpecialAttack.Extraordinary
Blindsight						KEY:Rognak Burrower ~ Blindsight				CATEGORY:Special Ability	TYPE:SpecialQuality
# Vermilion Hound------------------------------------
Fire Immunity					KEY:Vermilion Hound ~ Fire Immunity				CATEGORY:Special Ability	TYPE:SpecialQuality.Extraordinary
Flaming Blood					KEY:Vermilion Hound ~ Flaming Blood				CATEGORY:Special Ability	TYPE:SpecialQuality.Supernatural

# Zephtaur
Thunder Charge					KEY:Zephtaur ~ Thunder Charge					CATEGORY:Special Ability	TYPE:SpecialAttack.SpecialQuality.Supernatural
Air Walk						KEY:Zephtaur ~ Air Walk						CATEGORY:Special Ability	TYPE:SpecialAttack.SpecialQuality.Supernatural
Summon Elemental					KEY:Zephtaur ~ Summon Elemental				CATEGORY:Special Ability	TYPE:SpecialAttack.SpecialQuality.Supernatural

# Work Arounds
Maakantu Druid Caster													CATEGORY:Special Ability	TYPE:CasterNeeded								PRERACE:1,Maakantu																																																																																																																				ADD:SPELLCASTER|Druid								BONUS:PCLEVEL|Druid|6
Elderwitch Sorcerer Caster												CATEGORY:Special Ability	TYPE:CasterNeeded								PRERACE:1,Elderwitch																																																																																																																				ADD:SPELLCASTER|Sorcerer							BONUS:PCLEVEL|Sorcerer|7



Evil Traits															CATEGORY:Special Ability	TYPE:SpecialQuality.RacialTrait			VISIBLE:YES																																																																				DESC:A creature with the evil subtype overcomes damage reduction as if its natural weapons and any weapons it wields were evil-aligned
Plant Traits														CATEGORY:Special Ability	TYPE:SpecialQuality					VISIBLE:YES																																																																				DESC:Plants breathe/eat but do not sleep. Plants are Immune to all mind-influencing effects (charms/ compulsions/ phantasms/ patterns/ and morale effects). Immune to poison/ sleep effects/ paralysis/ polymorph/ and stunning. Not subject to critical hits.																																VISION:Low-light	SOURCEPAGE:TypesSubtypesAbilities.rtf



