# CVS $Revision$ $Author$ -- Thu Apr  8 08:23:29 2010 -- reformated by prettylst.pl v1.39 (build 10232)
SOURCELONG:Bastion Press - Into the Green	SOURCESHORT:ittg	SOURCEDATE:2003-01
#Original Entry: Andrew (LegacyKing) Maitland

#Spells
# Spell Name		Classes of caster							Domains granting the spell	School			Sub-School			Spell Descriptors	Components		Casting Time		Range			Target Area or Effect																Duration								Save Info								Spell Resistance	Description		Source Page
Anaphylactic Touch	CLASSES:Druid=5												SCHOOL:Necromancy									COMPS:V, S, DF	CASTTIME:1 action		RANGE:Touch		TARGETAREA:Living creature touched														DURATION:1 round/level						SAVEINFO:Fortitude negates					SPELLRES:Yes	DESC:See text.	SOURCEPAGE:p.87
Antihistamine		CLASSES:Cleric=0|Druid=0|Ranger=1									SCHOOL:Conjuration	SUBSCHOOL:Healing					COMPS:V, S, DF	CASTTIME:1 action		RANGE:Touch		TARGETAREA:Living creature touched														DURATION:2 hours/level						SAVEINFO:None							SPELLRES:No		DESC:See text.	SOURCEPAGE:p.87
Arboreal Archer		CLASSES:Druid=2|Ranger=2										SCHOOL:Transmutation								COMPS:V, S, DF	CASTTIME:1 action		RANGE:Medium	TARGETAREA:One living tree or shrub (see below)												DURATION:Concentration, up to 1 minute/level (D)	SAVEINFO:None							SPELLRES:No		DESC:See text.	SOURCEPAGE:p.87
Boost Immunity		CLASSES:Cleric=2|Druid=2|Ranger=1									SCHOOL:Conjuration	SUBSCHOOL:Healing					COMPS:V, S, DF	CASTTIME:1 action		RANGE:Close		TARGETAREA:One creature/level, no two of which can be more than 30 ft. apart							DURATION:1 hour/level						SAVEINFO:None							SPELLRES:No		DESC:See text.	SOURCEPAGE:p.87
Buoy				CLASSES:Sorcerer,Wizard=3										SCHOOL:Conjuration	SUBSCHOOL:Creation				COMPS:V, S, M	CASTTIME:1 action		RANGE:Close		TARGETAREA:Large buoy to keep up to 4 medium-sized creatures plus 1 additional creature/5 levels afloat		DURATION:24 hours							SAVEINFO:None							SPELLRES:No		DESC:See text.	SOURCEPAGE:p.87
Clear Path			CLASSES:Druid=1|Ranger=1					DOMAINS:Plant=1			SCHOOL:Transmutation								COMPS:V, S, DF	CASTTIME:1 action		RANGE:60 ft.	TARGETAREA:5-ft. wide path emanating from you to the extreme of the range							DURATION:1 minute/level						SAVEINFO:None							SPELLRES:No		DESC:See text.	SOURCEPAGE:p.87
Crop Circle			CLASSES:Druid=1|Sorcerer,Wizard=2									SCHOOL:Evocation									COMPS:V, S, M/DF	CASTTIME:1 action		RANGE:Medium	TARGETAREA:40-ft. radius spread														DURATION:Instantaneous						SAVEINFO:Reflex half						SPELLRES:Yes	DESC:See text.	SOURCEPAGE:p.88
Detect Fey			CLASSES:Cleric=1|Druid=1|Ranger=1|Sorcerer,Wizard=1						SCHOOL:Divination									COMPS:V, S, M/DF	CASTTIME:1 action		RANGE:60 ft.	TARGETAREA:Quarter circle emanating from you to the extreme of the range							DURATION:Concentration, up to 1 minute/level (D)	SAVEINFO:None							SPELLRES:No		DESC:See text.	SOURCEPAGE:p.88
Enduring Flames		CLASSES:Sorcerer,Wizard=2										SCHOOL:Evocation						DESCRIPTOR:Light	COMPS:V, S, M	CASTTIME:1 action		RANGE:0 ft.		TARGETAREA:A 5-ft. square bonfire														DURATION:1 hour/level (D)					SAVEINFO:None							SPELLRES:No		DESC:See text.	SOURCEPAGE:p.88
Enhance Toxicity		CLASSES:Druid=1|Ranger=1										SCHOOL:Transmutation								COMPS:V, S, DF	CASTTIME:1 action		RANGE:Close		TARGETAREA:1 dose of poison															DURATION:1 hour/level						SAVEINFO:Fortitude negates (harmless)			SPELLRES:Yes	DESC:See text.	SOURCEPAGE:p.88
Ford				CLASSES:Sorcerer,Wizard=3										SCHOOL:Conjuration	SUBSCHOOL:Creation				COMPS:V, S, M	CASTTIME:1 action		RANGE:Close		TARGETAREA:10-ft. wide path up to 10-ft. long/ level											DURATION:1 hour/level						SAVEINFO:None							SPELLRES:No		DESC:See text.	SOURCEPAGE:p.88
Frigid Squall		CLASSES:Druid=5|Sorcerer,Wizard=5									SCHOOL:Conjuration	SUBSCHOOL:Creation	DESCRIPTOR:Cold	COMPS:V, S, M/DF	CASTTIME:1 action		RANGE:Long		TARGETAREA:Cylinder (50-ft. radius, 40 ft. high)											DURATION:1 round/level						SAVEINFO:Fortitude and Reflex partial (see below)	SPELLRES:Yes	DESC:See text.	SOURCEPAGE:p.89
Hidden Lore			CLASSES:Cleric=2|Druid=2|Sorcerer,Wizard=2							SCHOOL:Divination									COMPS:V, S, M/DF	CASTTIME:10 minutes	RANGE:Touch		TARGETAREA:Creature touched															DURATION:Instantaneous						SAVEINFO:None							SPELLRES:No		DESC:See text.	SOURCEPAGE:p.89
Lumberjack			CLASSES:Druid=3|Ranger=3										SCHOOL:Transmutation								COMPS:V, S, DF	CASTTIME:1 action		RANGE:Touch		TARGETAREA:Creature touched and up to two weapons											DURATION:1 minute/level						SAVEINFO:Will negates (harmless)				SPELLRES:Yes	DESC:See text.	SOURCEPAGE:p.89
Magnetic Resonance	CLASSES:Druid=2												SCHOOL:Divination									COMPS:V, S, DF	CASTTIME:1 action		RANGE:60 ft.	TARGETAREA:One-quarter circle emanating from you to the extreme of the range penetrating 30 feet underground	DURATION:Concentration, up to 1 minute/level (D)	SAVEINFO:None							SPELLRES:No		DESC:See text.	SOURCEPAGE:p.89
Pollen			CLASSES:Druid=2|Ranger=2					DOMAINS:Plant=2			SCHOOL:Evocation									COMPS:V, S, DF	CASTTIME:1 action		RANGE:20 ft.	TARGETAREA:Cone																	DURATION:Instantaneous (see below)				SAVEINFO:Fortitude negates					SPELLRES:Yes	DESC:See text.	SOURCEPAGE:p.90
Primeval Insight		CLASSES:Druid=3|Ranger=3										SCHOOL:Transmutation								COMPS:V, S, DF	CASTTIME:1 action		RANGE:Touch		TARGETAREA:Creature touched															DURATION:1 minute/level						SAVEINFO:Will negates (harmless)				SPELLRES:Yes	DESC:See text.	SOURCEPAGE:p.90
Resin				CLASSES:Druid=3												SCHOOL:Transmutation								COMPS:V, S, DF	CASTTIME:1 action		RANGE:Close		TARGETAREA:One creature																DURATION:1 round/level						SAVEINFO:See below						SPELLRES:Yes	DESC:See text.	SOURCEPAGE:p.90
Resist Natural Poisons	CLASSES:Druid=1|Ranger=1										SCHOOL:Transmutation								COMPS:V, S, DF	CASTTIME:1 action		RANGE:Close		TARGETAREA:Creature touched															DURATION:1 hour/level						SAVEINFO:Fortitude negates (harmless)			SPELLRES:Yes	DESC:See text.	SOURCEPAGE:p.90
Shade				CLASSES:Druid=0|Sorcerer,Wizard=0									SCHOOL:Evocation						DESCRIPTOR:Force	COMPS:V, S		CASTTIME:1 action		RANGE:Personal	TARGETAREA:20-foot radius circle centered 20 feet above your location								DURATION:1 hour/level						SAVEINFO:None							SPELLRES:No		DESC:See text.	SOURCEPAGE:p.90
Storm Cellar		CLASSES:Druid=2|Ranger=2										SCHOOL:Transmutation								COMPS:V, S, DF	CASTTIME:1 action		RANGE:Close		TARGETAREA:30-square-foot area roughly equivalent to the size of a normal door						DURATION:10 minutes/level (D)					SAVEINFO:None							SPELLRES:No		DESC:See text.	SOURCEPAGE:p.91
Whip of Binding		CLASSES:Sorcerer,Wizard=2										SCHOOL:Conjuration	SUBSCHOOL:Creation				COMPS:V, S, M	CASTTIME:1 action		RANGE:0 ft.		TARGETAREA:One whip																DURATION:1 round/level						SAVEINFO:Reflex negates						SPELLRES:Yes	DESC:See text.	SOURCEPAGE:p.91

#
Forest Invisibility
