# CVS $Revision$ $Author$ -- Sun Aug 10 23:59:36 2008 -- reformated by prettylst.pl v1.38 (build 7233)
SOURCELONG:Curse of the Crimson Throne - Chapter 4: A History of Ashes	SOURCESHORT:PF10	SOURCEWEB:http://paizo.com/pathfinder/v5748btpy82u9	SOURCEDATE:2008-7
# Original Entry by: Paul Grosse

STARTPACK:Auroch Default	TYPE:DefaultMonster.Animal	VISIBLE:QUALIFY	EQUIPBUY:0	PREMULT:1,[!PRERACE:1,%],[PRERACE:1,Auroch]
RACE:Auroch	!PRERACE:1,%
NAME:Auroch
ALIGN:TN
SKILL:Spot		RANK:3
SKILL:Listen	RANK:5
FEAT:Alertness
FEAT:Endurance
STAT:WIS=11|STR=10|DEX=10|CON=10|INT=10|CHA=10
CLASS:Animal	LEVEL:2
SKILL:Spot		RANK:1
SKILL:Listen	RANK:1
FEAT:Weapon Focus(Gore)

STARTPACK:Bush Tiger Default	TYPE:DefaultMonster.Animal	VISIBLE:QUALIFY	EQUIPBUY:0	PREMULT:1,[!PRERACE:1,%],[PRERACE:1,Bush Tiger]
RACE:Bush Tiger	!PRERACE:1,%
NAME:Bush Tiger
ALIGN:TN
SKILL:Hide		RANK:1
SKILL:Spot		RANK:1
SKILL:Listen	RANK:3
FEAT:Alertness
STAT:DEX=11|CON=11|WIS=11|STR=11|INT=10|CHA=10
CLASS:Animal	LEVEL:3
SKILL:Hide		RANK:1
SKILL:Spot		RANK:1
SKILL:Listen	RANK:1

STARTPACK:Cindersnake Default	TYPE:DefaultMonster.Animal	VISIBLE:QUALIFY	EQUIPBUY:0	PREMULT:1,[!PRERACE:1,%],[PRERACE:1,Cindersnake]
RACE:Cindersnake	!PRERACE:1,%
NAME:Cindersnake
ALIGN:TN
SKILL:Listen	RANK:1
SKILL:Spot		RANK:1
FEAT:Weapon Finesse
STAT:DEX=11|CON=11|STR=10|INT=10|WIS=10|CHA=10

STARTPACK:Ember Scorpion	TYPE:DefaultMonster.Vermin	VISIBLE:QUALIFY	EQUIPBUY:0	PREMULT:1,[!PRERACE:1,%],[PRERACE:1,Ember Scorpion]
RACE:Ember Scorpion	!PRERACE:1,%
NAME:Ember Scorpion
ALIGN:TN
STAT:STR=11|DEX=10|CON=10|INT=10|WIS=10|CHA=10

STARTPACK:Horned Spirestalker Default	TYPE:DefaultMonster.Animal	VISIBLE:QUALIFY	EQUIPBUY:0	PREMULT:1,[!PRERACE:1,%],[PRERACE:1,Horned Spirestalker]
RACE:Horned Spirestalker	!PRERACE:1,%
NAME:Horned Spirestalker
ALIGN:TN
SKILL:Climb	RANK:5
FEAT:Improved Initiative
STAT:STR=11|DEX=11|CON=10|INT=10|WIS=10|CHA=10

STARTPACK:Jewel Beetle Default	TYPE:DefaultMonster.Vermin	VISIBLE:QUALIFY	EQUIPBUY:0	PREMULT:1,[!PRERACE:1,%],[PRERACE:1,Jewel Beetle]
RACE:Jewel Beetle	!PRERACE:1,%
NAME:Jewel Beetle
ALIGN:TN
STAT:DEX=11|CON=11|CHA=11|STR=10|INT=10|WIS=10

STARTPACK:Ko-Minka Default	TYPE:DefaultMonster.MagicalBeast	VISIBLE:QUALIFY	EQUIPBUY:0	PREMULT:1,[!PRERACE:1,%],[PRERACE:1,Ko-Minka]
ALIGN:LG
RACE:Ko-Minka	!PRERACE:1,%
NAME:Ko-Minka
SKILL:Listen		RANK:4
SKILL:Spot			RANK:4
SKILL:Survival		RANK:3
SKILL:Sense Motive	RANK:2
FEAT:Iron Will
FEAT:Run
STAT:DEX=11|WIS=11|CHA=11|STR=10|CON=10|INT=10

STARTPACK:Redback Rattlesnake Default	TYPE:DefaultMonster.Animal	VISIBLE:QUALIFY	EQUIPBUY:0	PREMULT:1,[!PRERACE:1,%],[PRERACE:1,Redback Rattlesnake]
RACE:Redback Rattlesnake	!PRERACE:1,%
NAME:Redback Rattlesnake
ALIGN:TN
SKILL:Spot	RANK:1
SKILL:Hide	RANK:5
FEAT:Improved Initiative
FEAT:Weapon Finesse
STAT:DEX=11|CON=11|STR=10|INT=10|WIS=10|CHA=10

STARTPACK:Scrub Rat Default	TYPE:DefaultMonster.Animal	VISIBLE:QUALIFY	EQUIPBUY:0	PREMULT:1,[!PRERACE:1,%],[PRERACE:1,Scrub Rat]
RACE:Scrub Rat	!PRERACE:1,%
NAME:Scrub Rat
ALIGN:TN
SKILL:Listen	RANK:2
SKILL:Spot		RANK:2
FEAT:Weapon Finesse
STAT:DEX=11|CON=11|STR=10|INT=10|WIS=10|CHA=10

STARTPACK:Storm Roc Default	TYPE:DefaultMonster.Animal	VISIBLE:QUALIFY	EQUIPBUY:0	PREMULT:1,[!PRERACE:1,%],[PRERACE:1,Storm Roc]
RACE:Storm Roc	!PRERACE:1,%
NAME:Storm Roc
ALIGN:TN
SKILL:Hide		RANK:7
SKILL:Listen	RANK:7
SKILL:Spot		RANK:7
FEAT:Alertness
FEAT:Flyby Attack
FEAT:Iron Will
FEAT:Multiattack
FEAT:Power Attack
FEAT:Snatch
FEAT:Wingover
STAT:DEX=11|WIS=11|CHA=11|STR=10|CON=10|INT=10

STARTPACK:Tube Centipede Default	TYPE:DefaultMonster.Vermin	VISIBLE:QUALIFY	EQUIPBUY:0	PREMULT:1,[!PRERACE:1,%],[PRERACE:1,Tube Centipede]
RACE:Tube Centipede	!PRERACE:1,%
NAME:Tube Centipede
ALIGN:TN
STAT:STR=11|DEX=11|CON=10|INT=10|WIS=10|CHA=10

#
# Eof
#
