SOURCELONG:Reign of Winter Player's Guide	SOURCESHORT:RoWPG	SOURCEWEB:http://paizo.com/products/btpy8x1t?Pathfinder-Adventure-Path-Reign-of-Winter-Players-Guide	SOURCEDATE:2013-02
# Original Entry by: Andrew Maitland

# Familiars
Arctic Fox	> Use Fox		SOURCEPAGE:p.10
#Use the statistics for a fox (
Pathfinder RPG Bestiary 3
112).
The greatest difference between a typical fox and an arctic fox
that the white fur of an arctic fox allows it to better blend in
with its snowy environment. An arctic fox receives a +4 racial
bonus on Stealth checks attempted while in snow.
	BONUS:SITUATION|Stealth=in snow|4
Arctic Hare	SOURCEPAGE:p.10
	STARTFEATS:1
	SIZE:T
	RACETYPE:Animal
	TYPE:Animal
	MONSTERCLASS:Animal:1
	MOVE:Walk,50
	ABILITY:Internal|AUTOMATIC|Bite
	FACE:2.5,2.5
	REACH:0
	BONUS:STAT|STR|-8
	BONUS:STAT|DEX|6
	BONUS:STAT|CON|-2
	BONUS:STAT|WIS|2
	BONUS:STAT|CHA|-6
	BONUS:SITUATION|Acrobatics=When Jumping|8
	BONUS:SITUATION|Stealth=in snow|4

Arctic Tern	SOURCEPAGE:p.10
	STARTFEATS:1
	SIZE:T
	RACETYPE:Animal
	TYPE:Animal
	MONSTERCLASS:Animal:1
	MOVE:Walk,10,Fly,40
	BONUS:VAR|Manueverability|3
	ABILITY:Internal|AUTOMATIC|Bite
	FACE:2.5,2.5
	REACH:0
	BONUS:STAT|STR|-8
	BONUS:STAT|DEX|4
	BONUS:STAT|CON|-4
	BONUS:STAT|WIS|4
	BONUS:STAT|CHA|-6

Ermine		SOURCEPAGE:p.10
Use the statistics for a weasel (Pathfinder RPG Bestiary 133).
While an ermine is a type of weasel, this specimen has white
fur that allows it to blend into snowy surroundings. An ermine
receives a +4 racial bonus on Stealth checks attempted while
in snow.
	BONUS:SITUATION|Stealth=in snow|4

Lemming	SOURCEPAGE:p.10
	STARTFEATS:1
	SIZE:D
	RACETYPE:Animal
	TYPE:Animal
	MONSTERCLASS:Animal:1
	MOVE:Walk,15
	FACE:1,1
	REACH:0
	BONUS:STAT|STR|-10
	BONUS:STAT|DEX|2
	BONUS:STAT|CON|-4
	BONUS:STAT|WIS|2
	BONUS:STAT|CHA|-6
	BONUS:SKILL|Stealth|4|TYPE=Racial
Ptarmigan	SOURCEPAGE:p.10
	RACETYPE:Animal
	SIZE:T
	TYPE:Animal
	MONSTERCLASS:Animal:1
	MOVE:Walk,20,Fly,40
	BONUS:VAR|Manueverability|2
	ABILITY:Internal|AUTOMATIC|Bite
	FACE:2.5,2.5
	REACH:0
	BONUS:STAT|STR|-8
	BONUS:STAT|DEX|4
	BONUS:STAT|CON|-4
	BONUS:STAT|INT|-10
	BONUS:STAT|WIS|4
	BONUS:STAT|CHA|-6
Puffin	SOURCEPAGE:p.1
	RACETYPE:Animal
	TYPE:Animal
	MONSTERCLASS:Animal:1
	MOVE:Walk,10,Fly,40
	BONUS:VAR|Manueverability|3
	ABILITY:Internal|AUTOMATIC|Bite
	FACE:2.5,2.5
	REACH:0
	BONUS:STAT|STR|-8
	BONUS:STAT|DEX|4
	BONUS:STAT|CON|-4
	BONUS:STAT|INT|-8
	BONUS:STAT|WIS|4
	BONUS:STAT|CHA|-6
Snowy Owl	SOURCEPAGE:p.1
Use the statistics for an owl (Bestiary 132). A snowy owl has
white feathers that allow it to blend in with its surroundings
during winter. A snowy owl receives a +4 racial bonus on
Stealth checks attempted while in snow.
	BONUS:SITUATION|Stealth=in snow|4
