# Author: Henk Slaaf
SOURCELONG:Orcs of Golarion		SOURCESHORT:OOG		SOURCEWEB:http://paizo.com/pathfinder/v5748btpy8fvz		SOURCEDATE:2010-08



### Race Traits

Amazingly Ugly	KEY:Amazingly Ugly ~ OoG ~ Trait	CATEGORY:Special Ability	TYPE:Trait.RaceTrait	PREMULT:1,[PREABILITY:1,CATEGORY=Special Ability,Amazingly Ugly ~ OoG ~ Trait],[!PREABILITY:1,CATEGORY=Special Ability,TYPE.RaceTrait]	PRERACE:1,Orc,RACESUBTYPE=Orc	BONUS:SKILL|Intimidate|1|TYPE=Trait	CSKILL:Intimidate	DESC:Your skull is misshapen in a grotesque way. You receive a +1 trait bonus on Intimidate skill checks, and it becomes a class skill.
Beast Rider	KEY:Beast Rider ~ OoG ~ Trait		CATEGORY:Special Ability	TYPE:Trait.RaceTrait	PREMULT:1,[PREABILITY:1,CATEGORY=Special Ability,Beast Rider ~ OoG ~ Trait],[!PREABILITY:1,CATEGORY=Special Ability,TYPE.RaceTrait]	PRERACE:1,Orc,RACESUBTYPE=Orc	DESC:You have a knack for breaking animals to your will, though you know little of civilized training methods. You gain a +2 trait bonus on Ride checks, but should you ever be forcibly dismounted in combat, your mount attacks you to the best of its ability.	BONUS:SKILL|Ride|2|TYPE=Trait
Big Mouth	KEY:Big Mouth ~ OoG ~ Trait		CATEGORY:Special Ability	TYPE:Trait.RaceTrait	PREMULT:1,[PREABILITY:1,CATEGORY=Special Ability,Big Mouth ~ OoG ~ Trait],[!PREABILITY:1,CATEGORY=Special Ability,TYPE.RaceTrait]	PRERACE:1,Orc,RACESUBTYPE=Orc	DESC:You have an innate ability to weave stories about yourself that extol your might and prowess. You gain a +1 trait bonus on all Bluff, Intimidate, and Perform (oratory) checks made against orcs.

# Also in APG, but different version: http://paizo.com/pathfinderRPG/prd/advanced/advancedNewRules.html#half-orc-race-traits
Brute		KEY:Brute ~ OoG ~ OoG ~ Trait		CATEGORY:Special Ability	TYPE:Trait.RaceTrait	PREMULT:1,[PREABILITY:1,CATEGORY=Special Ability,Brute ~ OoG ~ Trait],[!PREABILITY:1,CATEGORY=Special Ability,TYPE.RaceTrait]	PRERACE:1,Orc,RACESUBTYPE=Orc	DESC:You are an especially large and hulking individual, and when you strike, you aim to deliver the maximum amount of pain. Whenever you score a critical threat, you add (but not multiply, in the case of a confirmed critical hit) an amount of damage equal to your weapon’s critical modifier.

Deadeye	KEY:Deadeye ~ OoG ~ Trait	CATEGORY:Special Ability	TYPE:Trait.RaceTrait	PREMULT:1,[PREABILITY:1,CATEGORY=Special Ability,Deadeye ~ OoG ~ Trait],[!PREABILITY:1,CATEGORY=Special Ability,TYPE.RaceTrait]	PRERACE:1,Orc,RACESUBTYPE=Orc	DESC:You have only one working eye, but that eye is especially keen. You receive a +2 trait bonus on all Perception checks involving sight.
Demented Inventor	KEY:Demented Inventor ~ OoG ~ Trait	CATEGORY:Special Ability	TYPE:Trait.RaceTrait	PREMULT:1,[PREABILITY:1,CATEGORY=Special Ability,Demented Inventor ~ OoG ~ Trait],[!PREABILITY:1,CATEGORY=Special Ability,TYPE.RaceTrait]	PRERACE:1,Orc,RACESUBTYPE=Orc	DESC:You adore crafting new and ever more creative weapons, and some of them even work. You gain a +2 trait bonus on Craft (weapons) checks, and it becomes a class skill.	CSKILL:Craft (weapons)	BONUS:SKILL|Craft (weapons)|2|TYPE=Trait

# Also in APG, but different version: http://paizo.com/pathfinderRPG/prd/advanced/advancedNewRules.html#combat-traits
Dirty Fighter	KEY:Dirty Fighter ~ Oog ~ Trait	CATEGORY:Special Ability	TYPE:Trait.RaceTrait	PREMULT:1,[PREABILITY:1,CATEGORY=Special Ability,Dirty Fighter ~ OoG ~ Trait],[!PREABILITY:1,CATEGORY=Special Ability,TYPE.RaceTrait]	PRERACE:1,Orc,RACESUBTYPE=Orc	DESC:You were raised to fight with every dirty trick in the book. You receive a +3 trait bonus on all attempts to feint in combat using your Bluff skill.

Mindlessly Cruel	KEY:Mindlessly Cruel ~ OoG ~ Trait	CATEGORY:Special Ability	TYPE:Trait.RaceTrait	PREMULT:1,[PREABILITY:1,CATEGORY=Special Ability,Mindlessly Cruel ~ OoG ~ Trait],[!PREABILITY:1,CATEGORY=Special Ability,TYPE.RaceTrait]	PRERACE:1,Orc,RACESUBTYPE=Orc	DESC:You take delight in delivering vicious blows with cruel weapons. Whenever you have a morale bonus on weapon attack rolls, you also receive a +1 trait bonus on weapon damage rolls.

# Already in APG: http://paizo.com/pathfinderRPG/prd/advanced/advancedNewRules.html#half-orc-race-traits
# Same version, so 
#Outcast

Rage of Storms	KEY:Rage of Storms ~ OoG ~ Trait	CATEGORY:Special Ability	TYPE:Trait.RaceTrait	PREMULT:1,[PREABILITY:1,CATEGORY=Special Ability,Rage of Storms ~ OoG ~ Trait],[!PREABILITY:1,CATEGORY=Special Ability,TYPE.RaceTrait]	PRERACE:1,Orc,RACESUBTYPE=Orc	DESC:Summoned creatures can inherit your ferocity. Once per day, a creature you summon creature can have the ferocity ability (Pathfinder RPG Bestiary 300).
Tribal	KEY:Tribal ~ OoG ~ Trait	CATEGORY:Special Ability	TYPE:Trait.RaceTrait	PREMULT:1,[PREABILITY:1,CATEGORY=Special Ability,Tribal ~ OoG ~ Trait],[!PREABILITY:1,CATEGORY=Special Ability,TYPE.RaceTrait]	PRERACE:1,Orc,RACESUBTYPE=Orc	DESC:You are especially devoted to your tribe, and within 60 feet of a tribal standard, you gain a +1 trait bonus on attack rolls and Will saves against fear effects, as if you were the recipient of a bless spell.
Tusked	KEY:Tusked ~ OoG ~ Trait	CATEGORY:Special Ability	TYPE:Trait.RaceTrait	PREMULT:1,[PREABILITY:1,CATEGORY=Special Ability,Tusked ~ OoG ~ Trait],[!PREABILITY:1,CATEGORY=Special Ability,TYPE.RaceTrait]	PRERACE:1,Orc,RACESUBTYPE=Orc	DESC:Huge, sharp tusks bulge from your mouth, and you receive a bite attack (1d4 damage for Medium characters). If used as part of a full attack action, the bite attack is made at your full base attack bonus -5.	NATURALATTACKS:Bite,Weapon.Natural.Melee.Finesseable.Bludgeoning.Piercing.Slashing,*1,1d4
Unbreakable Hate	KEY:Unbreakable Hate ~ OoG ~ Trait	CATEGORY:Special Ability	TYPE:Trait.RaceTrait	PREMULT:1,[PREABILITY:1,CATEGORY=Special Ability,Unbreakable Hate ~ OoG ~ Trait],[!PREABILITY:1,CATEGORY=Special Ability,TYPE.RaceTrait]	PRERACE:1,Orc,RACESUBTYPE=Orc	DESC:Your ferocity is focused into your spells, and it is harder to break your concentration. You receive a +2 trait bonus on all concentration checks.	BONUS:CONCENTRATION|ALLSPELLS|2|TYPE=Trait


### Regional Traits

Dominator (Belkzen)						KEY:Dominator ~ OoG ~ Trait		CATEGORY:Special Ability		TYPE:Trait.RegionalTrait	PREREGION:Belkzen			PREMULT:1,[PREABILITY:1,CATEGORY=Special Ability,Dominator ~ OoG ~ Trait],[!PREABILITY:1,CATEGORY=Special Ability,TYPE.RegionalTrait]
Linebreaker (Belkzen)						KEY:Linebreaker ~ OoG ~ Trait		CATEGORY:Special Ability		TYPE:Trait.RegionalTrait	PREREGION:Belkzen			PREMULT:1,[PREABILITY:1,CATEGORY=Special Ability,Linebreaker ~ OoG ~ Trait],[!PREABILITY:1,CATEGORY=Special Ability,TYPE.RegionalTrait]
Mammoth Master (Belkzen)					KEY:Mammoth Master B ~ OoG ~ Trait	CATEGORY:Special Ability		TYPE:Trait.RegionalTrait	PREREGION:Belkzen			PREMULT:1,[PREABILITY:1,CATEGORY=Special Ability,Mammoth Master B ~ OoG ~ Trait],[!PREABILITY:1,CATEGORY=Special Ability,TYPE.RegionalTrait]
Mammoth Master (Realm of the Mammoth Lords)			KEY:Mammoth Master M ~ OoG ~ Trait	CATEGORY:Special Ability		TYPE:Trait.RegionalTrait	PREREGION:Realm of the Mammoth Lords	PREMULT:1,[PREABILITY:1,CATEGORY=Special Ability,Mammoth Master M ~ OoG ~ Trait],[!PREABILITY:1,CATEGORY=Special Ability,TYPE.RegionalTrait]

# Leaving region open; there is no "any desert" region
Sun-Blasted (any desert)					KEY:Sun-Blasted ~ OoG ~ Trait		CATEGORY:Special Ability		TYPE:Trait.RegionalTrait						PREMULT:1,[PREABILITY:1,CATEGORY=Special Ability,Sun-Blasted ~ OoG ~ Trait],[!PREABILITY:1,CATEGORY=Special Ability,TYPE.RegionalTrait]
Unafraid (Ustalav)						KEY:Unafraid ~ OoG ~ Trait		CATEGORY:Special Ability		TYPE:Trait.RegionalTrait	PREREGION:Ustalav			PREMULT:1,[PREABILITY:1,CATEGORY=Special Ability,Unafraid ~ OoG ~ Trait],[!PREABILITY:1,CATEGORY=Special Ability,TYPE.RegionalTrait]
Water Brave (River Kingdoms)					KEY:Water Brave ~ OoG ~ Trait		CATEGORY:Special Ability		TYPE:Trait.RegionalTrait	PREREGION:River Kingdoms		PREMULT:1,[PREABILITY:1,CATEGORY=Special Ability,Water Brave ~ OoG ~ Trait],[!PREABILITY:1,CATEGORY=Special Ability,TYPE.RegionalTrait]


### Religion Traits

# NB: Zura is not in Orcs of Golarion, but in the Campaign Setting
# Not sure if I should add the Deity in these sources, since she is not in there
# Feat will be unselectable unless user adds the Campaign Setting or Inner Sea World Guide thingy.
# http://pathfinder.wikia.com/wiki/Zura
Blessing of the Feast (Zura)					KEY:Blessing of the Feast ~ OoG ~ Trait		CATEGORY:Special Ability		TYPE:Trait.ReligionTrait		PREDEITY:1,Zura		PREMULT:1,[PREABILITY:1,CATEGORY=Special Ability,Blessing of the Feast ~ OoG ~ Trait],[!PREABILITY:1,CATEGORY=Special Ability,TYPE.ReligionTrait]

Fury (Rovagug)							KEY:Fury ~ OoG ~ Trait				CATEGORY:Special Ability		TYPE:Trait.ReligionTrait		PREDEITY:1,Rovagug	PREMULT:1,[PREABILITY:1,CATEGORY=Special Ability,Fury ~ OoG ~ Trait],[!PREABILITY:1,CATEGORY=Special Ability,TYPE.ReligionTrait]
Mother's Rage (Lamashtu)					KEY:Mother's Rage ~ OoG ~ Trait			CATEGORY:Special Ability		TYPE:Trait.ReligionTrait		PREDEITY:1,Lamashtu	PREMULT:1,[PREABILITY:1,CATEGORY=Special Ability,Mother's Rage ~ OoG ~ Trait],[!PREABILITY:1,CATEGORY=Special Ability,TYPE.ReligionTrait]
Sacred Smasher (Rovagug)					KEY:Sacred Smasher ~ OoG ~ Trait		CATEGORY:Special Ability		TYPE:Trait.ReligionTrait		PREDEITY:1,Rovagug	PREMULT:1,[PREABILITY:1,CATEGORY=Special Ability,Sacred Smasher ~ OoG ~ Trait],[!PREABILITY:1,CATEGORY=Special Ability,TYPE.ReligionTrait]



