# CVS $Revision$ $Author$ -- Wed Mar 10 09:48:08 2010 -- reformated by prettylst.pl v1.39 (build 11455)
SOURCELONG:Pathfinder Chronicles: Campaign Setting	SOURCESHORT:PFCS	SOURCEWEB:http://paizo.com/store/downloads/pathfinder/pathfinderChronicles/35E/v5748btpy84eo&source=search	SOURCEDATE:2008-08


# Ability Name						Unique Key					Category of Ability		Type						Visible		Restricted Ability								Prohibited Feat			Var. Min. Value			Description																									Virtual Feat		Modify VAR			Source Page		Description of the Benefits
Point-Blank Shot						KEY:Point-Blank Shot ~ Monk		CATEGORY:Special Ability	TYPE:MonkBonusFeat			VISIBLE:DISPLAY												!PREFEAT:1,Point-Blank Shot	PREVARGTEQ:MonkBonusFeatLVL,1																											VFEAT:Point-Blank Shot
Rapid Shot							KEY:Rapid Shot ~ Monk			CATEGORY:Special Ability	TYPE:MonkBonusFeat			VISIBLE:DISPLAY												!PREFEAT:1,Rapid Shot		PREVARGTEQ:MonkBonusFeatLVL,6																											VFEAT:Rapid Shot
CATEGORY=Special Ability|Diseased Mercy.MOD																					!PREABILITY:1,CATEGORY=Special Ability,Light of Purity ~ Paladin
Enhanced Companion					KEY:Enhanced Companion ~ Ranger	CATEGORY:Special Ability	TYPE:SpecialQuality.Extraordinary																									DESC:Upon gaining an animal companion at 4th level, the ranger must choose a single type of animal. The ranger cannot call a different animal companion.					BONUS:VAR|CompLevel|1	SOURCEPAGE:p.48	BENEFIT:Upon gaining an animal companion at 4th level, the ranger must choose a single type of animal. The ranger cannot call a different animal companion. The ranger's effective druid level is equal to the ranger's level -2 (instead of the normal -3) for that type of animal. This animal must be on the basic list of companions that can be chosen at 4th level and cannot be changed.

###Block: Low Favored Enemy
# Ability Name				Unique Key								Category of Ability		Type					Visible		Define					Ability																							Modify VAR
Favored Enemy (Humanoid (Giant))	KEY:Low Templar Favored Enemy (Humanoid (Giant))	CATEGORY:Special Ability	TYPE:LowTemplarFavoredEnemy	VISIBLE:DISPLAY	DEFINE:LowTemplarFavoredEnemy|0	ABILITY:Special Ability|AUTOMATIC|Low Templar Enemy (Humanoid (Giant))|!PREABILITY:1,CATEGORY=Special Ability,Favored Enemy (Humanoid (Giant))	BONUS:VAR|FavoredHumanoidGiant|LowTemplarFavoredEnemy

###Block: Companion Advancement
# Ability Name					Category of Ability		Type			Visible		Required Race					Ability															Combat bonus						Adjust PC Size		Modify VAR															Natural Attacks
Companion Advancement (Centipede (Giant))	CATEGORY:Special Ability	TYPE:CompChoice	VISIBLE:DISPLAY	PRERACE:1,Companion (Centipede (Giant))	ABILITY:Special Ability|AUTOMATIC|Poison ~ Centipede Companion														BONUS:SIZEMOD|NUMBER|1	BONUS:VAR|PoisonDC|2|TYPE=Racial
Companion Advancement (Mantis (Giant))	CATEGORY:Special Ability	TYPE:CompChoice	VISIBLE:DISPLAY	PRERACE:1,Companion (Mantis (Giant))	ABILITY:Special Ability|AUTOMATIC|Grab|Lunge ~ Mantis Companion|Mandibles ~ Mantis Companion									BONUS:SIZEMOD|NUMBER|1																	NATURALATTACKS:Bite,Weapon.Natural.Melee.Finesseable.Bludgeoning.Piercing.Slashing,*1,1d6
Companion Advancement (Scorpion (Giant))	CATEGORY:Special Ability	TYPE:CompChoice	VISIBLE:DISPLAY	PRERACE:1,Companion (Scorpion (Giant))	ABILITY:Special Ability|AUTOMATIC|Constrict|Grab|Poison ~ Scorpion Companion				BONUS:COMBAT|AC|2|TYPE=NaturalArmor.REPLACE	BONUS:SIZEMOD|NUMBER|1	BONUS:VAR|ConstrictDieSize|6	BONUS:VAR|ConstrictDice|1	BONUS:VAR|ConstrictBonusDamage|4
Companion Advancement (Spider (Giant))	CATEGORY:Special Ability	TYPE:CompChoice	VISIBLE:DISPLAY	PRERACE:1,Companion (Spider (Giant))	ABILITY:Special Ability|AUTOMATIC|Poison ~ Spider Companion|Web						BONUS:COMBAT|AC|1|TYPE=NaturalArmor.REPLACE	BONUS:SIZEMOD|NUMBER|1	BONUS:VAR|PoisonSaveDC|2|TYPE=Racial
Companion Advancement (Wasp (Giant))	CATEGORY:Special Ability	TYPE:CompChoice	VISIBLE:DISPLAY	PRERACE:1,Companion (Wasp (Giant))		ABILITY:Special Ability|AUTOMATIC|Poison ~ Wasp Companion							BONUS:COMBAT|AC|2|TYPE=NaturalArmor.REPLACE	BONUS:SIZEMOD|NUMBER|1

###Block: Vermin Companion Abilities
# Ability Name	Unique Key						Category of Ability		Type						Visible	Define					Description																																																												Modify VAR														Source, Long Desc.					Source, Short Desc.	Source Page		Aspects
Lunge			KEY:Lunge ~ Mantis Companion			CATEGORY:Special Ability	TYPE:SpecialAttack.Extraordinary									DESC:A giant mantis's limbs are capable of reaching much farther than normal for a creature of its size. As a full-attack action, it can make a single attack with its claws at double its normal reach. When a giant mantis attacks with a claw in this manner, it gains a +4 bonus on its attack roll. A giant mantis cannot make attacks of opportunity with its lunge.																SOURCELONG:Pathfinder Roleplaying Game Bestiary	SOURCESHORT:PFB		SOURCEPAGE:p.200
Mandibles		KEY:Mandibles ~ Mantis Companion		CATEGORY:Special Ability	TYPE:SpecialAttack.Extraordinary									DESC:A giant mantis that grabs a foe can make a bite attack against that foe as a secondary attack.																																																												SOURCELONG:Pathfinder Roleplaying Game Bestiary	SOURCESHORT:PFB		SOURCEPAGE:p.200
Sudden Strike	KEY:Sudden Strike ~ Mantis Companion	CATEGORY:Special Ability	TYPE:SpecialAttack.Extraordinary									DESC:A giant mantis is particularly adept at moving quickly when its foes are surprised. During a surprise round, a giant mantis may act as if it had a full round to act, rather than just one standard action.																																										SOURCELONG:Pathfinder Roleplaying Game Bestiary	SOURCESHORT:PFB		SOURCEPAGE:p.200
Poison		KEY:Poison ~ Centipede Companion		CATEGORY:Special Ability	TYPE:SpecialAttack.Extraordinary	VISIBLE:YES	DEFINE:PoisonDC|10+(HD/2)+CON		DESC:Injury; Save Fort DC %1; Frequency 1/round for 6 rounds; Effect 1d3 Dex damage; Cure 1 save.|PoisonDC																																												BONUS:VAR|PoisonDC|2|PREFEAT:1,Ability Focus (Poison)							SOURCELONG:Pathfinder Roleplaying Game Bestiary	SOURCESHORT:PFB		SOURCEPAGE:p.43
Poison		KEY:Poison ~ Spider Companion			CATEGORY:Special Ability	TYPE:SpecialAttack.Extraordinary			DEFINE:PoisonSaveDC|10+(HD/2)+CON	DESC:Bite-injury; save Fort DC %1; frequency 1/round for 4 rounds; effect 1d2 Str damage; cure 1 save.|PoisonSaveDC																																										BONUS:VAR|PoisonSaveDC|2|PREFEAT:1,Ability Focus (Poison)						SOURCELONG:Pathfinder Roleplaying Game Bestiary	SOURCESHORT:PFB		SOURCEPAGE:p.258	ASPECT:Ability Benefit|(Fort DC %1;1/round for 4 rounds;1d2 Str;1 save)|PoisonSaveDC
Poison		KEY:Poison ~ Scorpion Companion		CATEGORY:Special Ability	TYPE:SpecialAttack.Extraordinary			DEFINE:10+(HD/2)+CON|0			DESC:Sting-injury; save Fort DC %1; frequency 1/round for 6 rounds; effect 1d2 Strength damage; cure 1 save.|PoisonDC																																										BONUS:VAR|PoisonDC|2|PREFEAT:1,Ability Focus (Poison)	BONUS:VAR|PoisonDC|2|TYPE=Racial	SOURCELONG:Pathfinder Roleplaying Game Bestiary	SOURCESHORT:PFB		SOURCEPAGE:p.242	ASPECT:Ability Benefit|(DC %1)|PoisonDC
Poison		KEY:Poison ~ Wasp Companion			CATEGORY:Special Ability	TYPE:SpecialAttack.Extraordinary			DEFINE:PoisonDC|10+(HD/2)+CON		DESC:Sting--injury; save Fort DC %1; frequency 1/round for 6 rounds; effect 1d2 Dexterity damage; cure 1 save.|PoisonDC																																										BONUS:VAR|PoisonDC|2|PREFEAT:1,Ability Focus (Poison)	BONUS:VAR|PoisonDC|2|TYPE=Racial	SOURCELONG:Pathfinder Roleplaying Game Bestiary	SOURCESHORT:PFB		SOURCEPAGE:p.275	ASPECT:Ability Benefit|(DC %1)|PoisonDC

###Block: Monk Bonus Feats
# Ability Name				Category of Ability		Type				Visible		Prohibited Feat						Required Text							Var. Min. Value			Virtual Feat
Blade Binder				CATEGORY:Special Ability	TYPE:MonkBonusFeat	VISIBLE:DISPLAY	!PREFEAT:1,Blade Binder														PREVARGTEQ:MonkBonusFeatLVL,6	VFEAT:Blade Binder
Hamatulatsu					CATEGORY:Special Ability	TYPE:MonkBonusFeat	VISIBLE:DISPLAY	!PREFEAT:1,Hamatulatsu														PREVARGTEQ:MonkBonusFeatLVL,2	VFEAT:Hamatulatsu
Secret of Steel-Shattering Spirit	CATEGORY:Special Ability	TYPE:MonkBonusFeat	VISIBLE:DISPLAY	!PREFEAT:1,Secret of Steel-Shattering Spirit	PRETEXT:trained at one of the Houses of Perfection	PREVARGTEQ:MonkBonusFeatLVL,6	VFEAT:Secret of Steel-Shattering Spirit

###Block: Alternate Ranger Combat Styles
# Ability Name	Unique Key				Category of Ability		Type				Visible		Required Ability						Prohibited Feat			Required Template						Var. Min. Value			Description																	Virtual Feat												Source Page
Parting Shot	KEY:Parting Shot ~ Ranger	CATEGORY:Special Ability	TYPE:RangerBonusFeat	VISIBLE:DISPLAY	PREABILITY:1,CATEGORY=Special Ability,Archery	!PREFEAT:1,Parting Shot		PRETEMPLATE:1,Regional Affinity (Nirmathas)	PREVARGTEQ:CombatStyleLVL,6	DESC:You are an expert skirmisher, able to rain missiles upon your enemies whether advancing or retreating.	VFEAT:Parting Shot|PREVARLT:var("COUNT[EQTYPE.ARMOR.EQUIPPED.IS.HEAVY]"),1		SOURCEPAGE:p.113
Crossbow Mastery						CATEGORY:Special Ability	TYPE:RangerBonusFeat	VISIBLE:DISPLAY	PREABILITY:1,CATEGORY=Special Ability,Archery	!PREFEAT:1,Crossbow Mastery									PREVARGTEQ:CombatStyleLVL,6	DESC:You can load crossbows with blinding speed and even fire them in melee with little fear of reprisal.	VFEAT:Crossbow Mastery|PREVARLT:var("COUNT[EQTYPE.ARMOR.EQUIPPED.IS.HEAVY]"),1	SOURCEPAGE:p.218

#
# End
#
