# CVS $Revision$ $Author$ -- Thu Feb 18 13:29:34 2010 -- reformated by prettylst.pl v1.39 (build 11455)
SOURCELONG:Pathfinder Chronicles: Campaign Setting	SOURCESHORT:PFCS	SOURCEWEB:http://paizo.com/store/downloads/pathfinder/pathfinderChronicles/35E/v5748btpy84eo&source=search	SOURCEDATE:2008-08


# Class Name
CLASS:Bard.MOD
SUBSTITUTIONCLASS:Bard - Specialized Training Pathfinder Varient
###Block: Specialized Training Pathfinder Varient
SUBSTITUTIONLEVEL:1	BONUS:ABILITYPOOL|Bard Specialized Training|1
###Block:Proficiencies
SUBSTITUTIONLEVEL:1	ABILITY:Special Ability|AUTOMATIC|All Automatic Proficiencies|Bard Weapon Proficiencies	AUTO:FEAT|Simple Weapon Proficiency
SUBSTITUTIONLEVEL:1																AUTO:FEAT|Armor Proficiency (Light)
SUBSTITUTIONLEVEL:1																AUTO:FEAT|Shield Proficiency
###Block: Level progression
SUBSTITUTIONLEVEL:1	CAST:0,1	KNOWN:4,2	BONUS:VAR|BardicKnowledgeLVL,BardicPerformanceLVL|CL	ABILITY:Special Ability|AUTOMATIC|Bardic Performance|Armored Casting|Cantrips ~ Bard


# Class Name
CLASS:Cleric.MOD
SUBSTITUTIONCLASS:Cleric - Holy Warrior Pathfinder Varient
###Block: Holy Warrior Pathfinder Varient
SUBSTITUTIONLEVEL:1	ABILITY:Special Ability|AUTOMATIC|Holy Warrior ~ Cleric	TEMPLATE:Holy Warrior Hit Dice
###Block:Proficiencies
SUBSTITUTIONLEVEL:1	ABILITY:Special Ability|AUTOMATIC|All Automatic Proficiencies|Cleric Weapon Proficiencies	AUTO:FEAT|Simple Weapon Proficiency
SUBSTITUTIONLEVEL:1																AUTO:FEAT|Armor Proficiency (Light)|Armor Proficiency (Medium)
SUBSTITUTIONLEVEL:1																AUTO:FEAT|Shield Proficiency
###Block: Aura strength
SUBSTITUTIONLEVEL:1	BONUS:VAR|AlignmentAuraLVL|CL	ABILITY:Special Ability|VIRTUAL|Aura of Chaos|PREDEITYALIGN:CG,CN,CE
SUBSTITUTIONLEVEL:1						ABILITY:Special Ability|VIRTUAL|Aura of Evil|PREDEITYALIGN:LE,NE,CE
SUBSTITUTIONLEVEL:1						ABILITY:Special Ability|VIRTUAL|Aura of Good|PREDEITYALIGN:LG,NG,CG
SUBSTITUTIONLEVEL:1						ABILITY:Special Ability|VIRTUAL|Aura of Law|PREDEITYALIGN:LG,LN,LE
###Block: Spell Alignment Restrictions
SUBSTITUTIONLEVEL:1	PROHIBITSPELL:ALIGNMENT.Good|PREALIGN:LE,NE,CE	PROHIBITSPELL:ALIGNMENT.Good|PREDEITYALIGN:LE,NE,CE
SUBSTITUTIONLEVEL:1	PROHIBITSPELL:ALIGNMENT.Evil|PREALIGN:LG,NG,CG	PROHIBITSPELL:ALIGNMENT.Evil|PREDEITYALIGN:LG,NG,CG
SUBSTITUTIONLEVEL:1	PROHIBITSPELL:ALIGNMENT.Lawful|PREALIGN:CG,CN,CE	PROHIBITSPELL:ALIGNMENT.Lawful|PREDEITYALIGN:CG,CN,CE
SUBSTITUTIONLEVEL:1	PROHIBITSPELL:ALIGNMENT.Chaotic|PREALIGN:LG,LN,LE	PROHIBITSPELL:ALIGNMENT.Chaotic|PREDEITYALIGN:LG,LN,LE
###Block: Level progression
SUBSTITUTIONLEVEL:1	CAST:3,1	BONUS:VAR|ChannelEnergyLVL|CL	ABILITY:Special Ability|AUTOMATIC|Channel Energy|Orisons ~ Cleric|Spontaneous Casting ~ Cleric


# Class Name
CLASS:Fighter.MOD
SUBSTITUTIONCLASS:Skilled Fighter - Pathfinder Varient
###Block: Skilled Fighter - Pathfinder Varient
SUBSTITUTIONLEVEL:1	BONUS:SKILLPOINTS|NUMBER|2	TEMPLATE:Skilled Fighter
###Block:Proficiencies
SUBSTITUTIONLEVEL:1	ABILITY:Special Ability|AUTOMATIC|All Automatic Proficiencies|All Martial Weapon Proficiencies	AUTO:FEAT|Simple Weapon Proficiency|Martial Weapon Proficiency
SUBSTITUTIONLEVEL:1																	AUTO:FEAT|Armor Proficiency (Light)|Armor Proficiency (Medium)|Armor Proficiency (Heavy)
SUBSTITUTIONLEVEL:1																	AUTO:FEAT|Shield Proficiency|Tower Shield Proficiency
###Block: Advanced Weapon Feat qualifications
SUBSTITUTIONLEVEL:1	BONUS:VAR|FighterLVL|CL	ABILITY:Special Ability|AUTOMATIC|Fighter Level Advanced Feat Tracker
SUBSTITUTIONLEVEL:1					ABILITY:Special Ability|AUTOMATIC|Weapon Specialization Qualify
SUBSTITUTIONLEVEL:1					ABILITY:Special Ability|AUTOMATIC|Disruptive Qualify
SUBSTITUTIONLEVEL:1					ABILITY:Special Ability|AUTOMATIC|Greater Shield Focus Qualify
SUBSTITUTIONLEVEL:1					ABILITY:Special Ability|AUTOMATIC|Greater Weapon Focus Qualify
SUBSTITUTIONLEVEL:1					ABILITY:Special Ability|AUTOMATIC|Spellbreaker Qualify
SUBSTITUTIONLEVEL:1					ABILITY:Special Ability|AUTOMATIC|Greater Weapon Specialization Qualify
SUBSTITUTIONLEVEL:1					ABILITY:Special Ability|AUTOMATIC|Penetrating Strike Qualify
SUBSTITUTIONLEVEL:1					ABILITY:Special Ability|AUTOMATIC|Critical Mastery Qualify
SUBSTITUTIONLEVEL:1					ABILITY:Special Ability|AUTOMATIC|Greater Penetrating Strike Qualify
###Block: Level progression
SUBSTITUTIONLEVEL:1	BONUS:ABILITYPOOL|Fighter Bonus Feat|CL/2


# Class Name
CLASS:Paladin.MOD
SUBSTITUTIONCLASS:Paladin - Light of Purity Pathfinder Varient
###Block: Light of Purity Pathfinder Varient
SUBSTITUTIONLEVEL:6	CAST:0,1	BONUS:VAR|Mercies|-1	ABILITY:Special Ability|AUTOMATIC|Light of Purity ~ Paladin


# Class Name
CLASS:Ranger.MOD
SUBSTITUTIONCLASS:Ranger - Enhanced Companion Pathfinder Varient
###Block: Enhanced Companion Pathfinder Varient
SUBSTITUTIONLEVEL:1	ABILITY:Special Ability|AUTOMATIC|Enhanced Companion ~ Ranger|PRECLASS:1,Ranger=4
###Block:Proficiencies
SUBSTITUTIONLEVEL:1	ABILITY:Special Ability|AUTOMATIC|All Automatic Proficiencies|All Martial Weapon Proficiencies	AUTO:FEAT|Simple Weapon Proficiency|Martial Weapon Proficiency
SUBSTITUTIONLEVEL:1																	AUTO:FEAT|Armor Proficiency (Light)|Armor Proficiency (Medium)
SUBSTITUTIONLEVEL:1																	AUTO:FEAT|Shield Proficiency
###Block: Favored Enemies and Terrains
SUBSTITUTIONLEVEL:1	BONUS:VAR|RangerFavoredEnemyLVL|CL		ABILITY:Special Ability|AUTOMATIC|Basic Favored Enemy|Ranger Favored Enemy
SUBSTITUTIONLEVEL:1	BONUS:VAR|RangerFavoredTerrainLVL|CL	ABILITY:Special Ability|AUTOMATIC|Basic Favored Terrain|Ranger Favored Terrain
###Block: Level progression
SUBSTITUTIONLEVEL:1	BONUS:VAR|WildEmpathy|CL	BONUS:VAR|TrackLVL|CL	ABILITY:Special Ability|AUTOMATIC|Track


# Class Name
CLASS:Sorcerer.MOD
SUBSTITUTIONCLASS:Sorcerer - Hidden Reserve Pathfinder Varient
###Block: Hidden Reserve Pathfinder Varient
SUBSTITUTIONLEVEL:1	ABILITY:Special Ability|AUTOMATIC|Hidden Reserve ~ Sorcerer
###Block:Proficiencies
SUBSTITUTIONLEVEL:1	ABILITY:Special Ability|AUTOMATIC|All Automatic Proficiencies	AUTO:FEAT|Simple Weapon Proficiency
###Block: Bloodline
SUBSTITUTIONLEVEL:1	BONUS:VAR|BloodlineLVL|CL	ABILITY:Special Ability|AUTOMATIC|Sorcerer Bloodline
###Block: Level progression
SUBSTITUTIONLEVEL:1	CAST:0,3	KNOWN:4,2	ABILITY:Special Ability|AUTOMATIC|Cantrips ~ Sorcerer


# Class Name
CLASS:Wizard.MOD
SUBSTITUTIONCLASS:Wizard - Arcane Duelist Pathfinder Varient
###Block: Arcane Duelist Pathfinder Varient
SUBSTITUTIONLEVEL:1	ABILITY:Special Ability|AUTOMATIC|Arcane Duelist ~ Wizard
###Block:Proficiencies
SUBSTITUTIONLEVEL:1	ABILITY:Special Ability|AUTOMATIC|Wizard Weapon Proficiencies|All Automatic Proficiencies
###Block: Wizard School
SUBSTITUTIONLEVEL:1	BONUS:VAR|ArcaneSchoolLVL|CL	ABILITY:Special Ability|AUTOMATIC|Arcane School
###Block: Level progression
SUBSTITUTIONLEVEL:1	CAST:3,1	BONUS:VAR|FMLevel|CL	ABILITY:Special Ability|AUTOMATIC|Arcane Bond|Cantrips ~ Wizard	DEFINE:SpellMasteryQualify|1


###Block: Prestige Classes
# Note: Class skills and skill prerequisites are different for each gameMode, I've MODed those separately to work around that.
# See the files pathfinder_campaign_setting_classes_35e.lst and pathfinder_campaign_setting_classes_pfrpg.lst for specifics.


# Class Name		Class Skill
CLASS:Harrower.MOD	CSKILL:Bluff|TYPE=Craft|Diplomacy|Knowledge (Arcana)|Knowledge (Local)|Knowledge (Planes)|TYPE=Perform|TYPE=Profession|Spellcraft


# Class Name		Required Skill
CLASS:Low Templar.MOD	PRESKILL:3,Bluff=4,Knowledge (Nobility)=4,Ride=4
# Class Name		Class Skill
CLASS:Low Templar.MOD	CSKILL:Appraise|Bluff|TYPE=Craft|Diplomacy|Disguise|Escape Artist|Linguistics|Handle Animal|Intimidate|Knowledge (Local)|Knowledge (Nobility)|Knowledge (Planes)|Ride|Sense Motive|Stealth|Survival


# Class Name			Required Skill
CLASS:Red Mantis Assassin.MOD	PRESKILL:2,Intimidate=2,Stealth=5
# Class Name			Class Skill
CLASS:Red Mantis Assassin.MOD	CSKILL:Appraise|Acrobatics|Bluff|Climb|Disguise|Escape Artist|Heal|Intimidate|Knowledge (Religion)|Perception|Stealth


# Class Name			Required Skill
CLASS:Shackles Pirate.MOD	PRESKILL:2,Appraise=5,Swim=5	PRESKILL:1,Profession (Boater)=5,Profession (Sailor)=5
# Class Name			Class Skill
CLASS:Shackles Pirate.MOD	CSKILL:Acrobatics|Appraise|Climb|TYPE=Craft|Diplomacy|Intimidate|Knowledge (Local)|TYPE=Profession|Perception|Stealth|Survival|Swim


###Block: Vermin Companion
# Class Name		Output Name		Hit Dice	Type				Max Level	Source Page		Levels per Feat	Ability																	Save checks bonus											Combat bonus					Template
CLASS:Vermin Companion	OUTPUTNAME:Vermin	HD:8		TYPE:Monster.Companion	MAXLEVEL:20	SOURCEPAGE:p.310	LEVELSPERFEAT:0	ABILITY:Special Ability|AUTOMATIC|Vermin Traits|PREVAREQ:NoTypeTraits,0	ABILITY:FEAT|AUTOMATIC|CMB Output	BONUS:CHECKS|BASE.Fortitude|CL/2+2	BONUS:CHECKS|BASE.Will,BASE.Reflex|CL/3	BONUS:COMBAT|BAB|CL*3/4|TYPE=Base.REPLACE	TEMPLATE:Mindless
# Class Name		Reg. Race Type
CLASS:Vermin Companion	PRERACETYPE:VerminCompanion
# Class Name		Skill Pts/Lvl	Add INT to Skill Points?
CLASS:Vermin Companion	STARTSKILLPTS:0	MODTOSKILLS:NO

#
# End
#
