SOURCELONG:Inner Sea World Guide	SOURCESHORT:ISWG	SOURCEWEB:http://paizo.com/store/games/roleplayingGames/p/pathfinderRPG/paizo/pathfinderChronicles/v5748btpy8ief	SOURCEDATE:2011-03
# Original Entry by: Paul Shipley

#Aluum
Immunity to Magic			KEY:Immunity to Magic ~ Aluum			CATEGORY:Special Ability	TYPE:SpecialQuality.Extraordinary		SOURCEPAGE:p.307	DESC:Immunity to Magic
Paralysis				KEY:Paralysis ~ Aluum				CATEGORY:Special Ability	TYPE:SpecialAttack.Supernatural		SOURCEPAGE:p.307	DESC:Paralysis
Soul Shriek				KEY:Soul Shriek ~ Aluum				CATEGORY:Special Ability	TYPE:SpecialAttack.Supernatural		SOURCEPAGE:p.307	DESC:Soul Shriek

#Calikang
Defensive Slam			KEY:Defensive Slam ~ Calikang			CATEGORY:Special Ability	TYPE:SpecialQuality.Extraordinary		SOURCEPAGE:p.308	DESC:Defensive Slam
Energy Absorption			KEY:Energy Absorption ~ Calikang		CATEGORY:Special Ability	TYPE:SpecialQuality.Supernatural		SOURCEPAGE:p.308	DESC:Energy Absorption
Breath Weapon			KEY:Breath Weapon ~ Calikang			CATEGORY:Special Ability	TYPE:SpecialAttack.Supernatural		SOURCEPAGE:p.308	DESC:Breath Weapon
Suspend Animation			KEY:Suspend Animation ~ Calikang		CATEGORY:Special Ability	TYPE:SpecialQuality.Supernatural		SOURCEPAGE:p.308	DESC:Suspend Animation

#Charau-ka
Shrieking Frenzy			KEY:Shrieking Frenzy ~ Charau-ka		CATEGORY:Special Ability	TYPE:SpecialAttack.Supernatural		SOURCEPAGE:p.309	DESC:Shrieking Frenzy
Thrown-Weapon Mastery		KEY:Thrown-Weapon Mastery ~ Charau-ka	CATEGORY:Special Ability	TYPE:SpecialAttack.Extraordinary		SOURCEPAGE:p.309	DESC:Thrown-Weapon Mastery

#Daughter of Urgathoa
Desecrate				KEY:Desecrate ~ Daughter of Urgathoa	CATEGORY:Special Ability	TYPE:SpecialQuality.SpellLike			SOURCEPAGE:p.310	DESC:Desecrate
Disease				KEY:Disease ~ Daughter of Urgathoa		CATEGORY:Special Ability	TYPE:SpecialQuality.Supernatural		SOURCEPAGE:p.310	DESC:Disease
Great Claw				KEY:Great Claw ~ Daughter of Urgathoa	CATEGORY:Special Ability	TYPE:SpecialQuality.Extraordinary		SOURCEPAGE:p.310	DESC:Great Claw
Spells				KEY:Spells ~ Daughter of Urgathoa		CATEGORY:Special Ability	TYPE:SpecialQuality				SOURCEPAGE:p.310	DESC:Spells

#Gillman
Enchantment Resistance		KEY:Enchantment Resistance ~ Gillman	CATEGORY:Special Ability	TYPE:SpecialQuality.Extraordinary		SOURCEPAGE:p.311	DESC:Enchantment Resistance
Water Dependent			KEY:Water Dependent ~ Gillman			CATEGORY:Special Ability	TYPE:SpecialQuality.Extraordinary		SOURCEPAGE:p.311	DESC:Water Dependent

#Sandpoint Devil
Bay					KEY:Bay ~ Sandpoint Devil			CATEGORY:Special Ability	TYPE:SpecialAttack.Supernatural		SOURCEPAGE:p.312	DESC:Bay
Hellfire Breath			KEY:Hellfire Breath ~ Sandpoint Devil	CATEGORY:Special Ability	TYPE:SpecialAttack.Supernatural		SOURCEPAGE:p.312	DESC:Hellfire Breath
Kick					KEY:Kick ~ Sandpoint Devil			CATEGORY:Special Ability	TYPE:SpecialAttack.Extraordinary		SOURCEPAGE:p.312	DESC:Kick

#Spine Dragon
Breath Weapon			KEY:Breath Weapon ~ Spine Dragon		CATEGORY:Special Ability	TYPE:SpecialAttack.Extraordinary		SOURCEPAGE:p.313	DESC:Breath Weapon
Ray Deflection			KEY:Ray Deflection ~ Spine Dragon		CATEGORY:Special Ability	TYPE:SpecialQuality.Supernatural		SOURCEPAGE:p.313	DESC:Ray Deflection
Spines				KEY:Spines ~ Spine Dragon			CATEGORY:Special Ability	TYPE:SpecialAttack.Extraordinary		SOURCEPAGE:p.313	DESC:Spines

#Strix
Hatred				KEY:Hatred ~ Strix				CATEGORY:Special Ability	TYPE:SpecialAttack.Extraordinary		SOURCEPAGE:p.313	DESC:Hatred
Nocturnal				KEY:Nocturnal ~ Strix				CATEGORY:Special Ability	TYPE:SpecialQuality.Extraordinary		SOURCEPAGE:p.313	DESC:Nocturnal

#Treerazer
Aura of Corruption		KEY:Aura of Corruption ~ Treerazer		CATEGORY:Special Ability	TYPE:SpecialQuality.Supernatural.Aura	SOURCEPAGE:p.314	DESC:Aura of Corruption
Defoliation				KEY:Defoliation ~ Treerazer			CATEGORY:Special Ability	TYPE:SpecialAttack.Supernatural		SOURCEPAGE:p.314	DESC:Defoliation
Nascent Demon Lord Traits	KEY:Nascent Demon Lord Traits ~ Treerazer	CATEGORY:Special Ability	TYPE:SpecialQuality				SOURCEPAGE:p.314	DESC:Nascent Demon Lord Traits

#
# End
#

