SOURCELONG:Eclipse II - The Libram Incarna	SOURCESHORT:EclipseII
#Original Entry By: Andrew Maitland

# Party Templates
#Party Template - Angbokor Guild	VISIBLE:DISPLAY	ABILITY:Special Ability|AUTOMATIC|PartyTemplate ~ Angbokor

###Block: Atheria Birthrights - Using Regions and Subrace to set
Order Birthright		SUBRACE:Order	REGION:Order
Elemental Birthright	SUBRACE:Elemental	REGION:Elemental
Lunar Birthright		SUBRACE:Lunar	REGION:Lunar


Lesser Outsider															LEVELADJUSTMENT:1																				BONUS:ABILITYPOOL|Innate Enchantment Choice|11200	BONUS:ABILITYPOOL|+4 Stat Choice|1																																							BONUS:STAT|CHA|2																																		ABILITY:Character Points|AUTOMATIC|Occult Sense ~ Darkvision|Occult Sense ~ Low light|Spell Resistance ~ Base	ABILITY:Innate Enchantment Choice|AUTOMATIC|TYPE=IELesserOutsider	ABILITY:Special Ability|AUTOMATIC|Innate Enchantment ~ Lesser Outsider|TYPE=LesserOutsider
Minimal Dragon															LEVELADJUSTMENT:1																																																																																																													ABILITY:Special Ability|AUTOMATIC|Minimal Dragon ~ Package

Atheria Campaign


Pureblooded		VISIBLE:EXPORT


# Eclipse II Stuff - Move to new set when made.
# no useWarbeasts ~ Modified					VISIBLE:DISPLAY				TEMPLATE:CHOOSE:Warbeast II ~ Walk|Warbeast II ~ Fly|Warbeast II ~ Swim|Warbeast II ~ Climb|Warbeast II ~ Burrow											PRETEMPLATE:1,Warbeasts																																														TEMPBONUS:PC|HP|CURRENTMAX|LIST																																						TEMPVALUE:MIN=1|MAX=8|TITLE=Roll 1d8 and pick a number for Upgraded Warbeast HD	ABILITY:Special Ability|AUTOMATIC|Growth|Upgraded Warbeast

#	Template - Warbeast Modified (+2 ECL / 95 CP)		+1 Level of Growth (48)		+2d8 HD (24)		+10' Move - Celerity(6)		+2 Perception (2)		! Mastery (Ride, Spot, Listen), Specialized/only while aiding their rider or owner, (3 CP).		! Opportunist/May take a free "aid another" action each round as long as it is working with it's owner/trainer . Specialized/such actions are restricted to Ride , Spot , Listen, or Attack checks (3 CP).

#! Proficient with Light and Medium Armor (9 CP).


### Companion Templates and Associated Stuff
# Warbeast Chooses a movement mode - supposed to the prime movement mode, I wonder if there is a way to prioritize movement modes?
Warbeasts							VISIBLE:DISPLAY				TEMPLATE:CHOOSE:Warbeast ~ Walk|Warbeast ~ Fly|Warbeast ~ Swim|Warbeast ~ Climb|Warbeast ~ Burrow																																																														TEMPBONUS:PC|HP|CURRENTMAX|LIST																			BONUS:STAT|STR|4|TYPE=Warbeast	BONUS:STAT|CON,WIS|2|TYPE=Warbeast								TEMPVALUE:MIN=1|MAX=8|TITLE=Roll 1d8 and pick a number for Warbeast HD		ABILITY:Special Ability|AUTOMATIC|Opportunist / Free Aid Another|Immunity (Training Time)|Mastery ~ Ride Spot and Listen|Armor ~ Light|Armor ~ Medium|Armor ~ Heavy
#
Warbeast ~ Walk						VISIBLE:DISPLAY																							PREMOVE:1,Walk=1																																																																																																																			ABILITY:Special Ability|AUTOMATIC|Celerity(Walk)
Warbeast ~ Fly						VISIBLE:DISPLAY																							PREMOVE:1,Fly=1																																																																																																																			ABILITY:Special Ability|AUTOMATIC|Celerity(Fly)
Warbeast ~ Swim						VISIBLE:DISPLAY																							PREMOVE:1,Swim=1																																																																																																																			ABILITY:Special Ability|AUTOMATIC|Celerity(Swim)
Warbeast ~ Climb						VISIBLE:DISPLAY																							PREMOVE:1,Climb=1																																																																																																																			ABILITY:Special Ability|AUTOMATIC|Celerity(Climb)
Warbeast ~ Burrow						VISIBLE:DISPLAY																							PREMOVE:1,Burrow=1																																																																																																																		ABILITY:Special Ability|AUTOMATIC|Celerity(Burrow)

Warbeasts ~ Upgraded					VISIBLE:DISPLAY				TEMPLATE:CHOOSE:Warbeast II ~ Walk|Warbeast II ~ Fly|Warbeast II ~ Swim|Warbeast II ~ Climb|Warbeast II ~ Burrow											PRETEMPLATE:1,Warbeasts																																														TEMPBONUS:PC|HP|CURRENTMAX|LIST																																						TEMPVALUE:MIN=1|MAX=8|TITLE=Roll 1d8 and pick a number for Upgraded Warbeast HD	ABILITY:Special Ability|AUTOMATIC|Growth|Upgraded Warbeast
#
Warbeast II ~ Walk					VISIBLE:DISPLAY																							PREMOVE:1,Walk=1								PRETEMPLATE:1,Warbeast ~ Walk																																																																																																							ABILITY:Special Ability|AUTOMATIC|Celerity ~ Improved(Walk)
Warbeast II ~ Fly						VISIBLE:DISPLAY																							PREMOVE:1,Fly=1								PRETEMPLATE:1,Warbeast ~ Fly																																																																																																							ABILITY:Special Ability|AUTOMATIC|Celerity ~ Improved(Fly)
Warbeast II ~ Swim					VISIBLE:DISPLAY																							PREMOVE:1,Swim=1								PRETEMPLATE:1,Warbeast ~ Swim																																																																																																							ABILITY:Special Ability|AUTOMATIC|Celerity ~ Improved(Swim)
Warbeast II ~ Climb					VISIBLE:DISPLAY																							PREMOVE:1,Climb=1								PRETEMPLATE:1,Warbeast ~ Climb																																																																																																						ABILITY:Special Ability|AUTOMATIC|Celerity ~ Improved(Climb)
Warbeast II ~ Burrow					VISIBLE:DISPLAY																							PREMOVE:1,Burrow=1							PRETEMPLATE:1,Warbeast ~ Burrow																																																																																																						ABILITY:Special Ability|AUTOMATIC|Celerity ~ Improved(Burrow)

# Votera - Example of Template from Web Blog
Wind Guardian Template								LEVELADJUSTMENT:2																																																																																						BONUS:MOVEADD|TYPE.Walk|20														BONUS:STAT|WIS|4																															ABILITY:Special Ability|AUTOMATIC|Shapeshift (Votera)|Damage Reduction ~ 8(All)|Cloaking (Votera)													MOVE:Fly,60	DESC:(95 CP/+2 ECL)

# Atherian Birthrights
The Dragon-Born																																															BONUS:ABILITYPOOL|Innate Enchantment Choice|12																																																						BONUS:SKILL|Knowledge (The Planes)|1															BONUS:VAR|CharacterPoints|6															ABILITY:Special Ability|AUTOMATIC|Fast Learner (+1)|Immunity ~ Natural Law (The restriction of Innate Enchantments to 12 CP in total)


# Thunderdwarf Stat Bonus Mechanism * Move to Web Blog/EII set
STR1TO20		VISIBLE:NO																																			PRESTAT:1,STR=1	!PRESTAT:1,STR=2																																																																											BONUS:STAT|STR|19
STR2TO20		VISIBLE:NO																																			PRESTAT:1,STR=2	!PRESTAT:1,STR=3																																																																											BONUS:STAT|STR|18
STR3TO20		VISIBLE:NO																																			PRESTAT:1,STR=3	!PRESTAT:1,STR=4																																																																											BONUS:STAT|STR|17
STR4TO20		VISIBLE:NO																																			PRESTAT:1,STR=4	!PRESTAT:1,STR=5																																																																											BONUS:STAT|STR|16
STR5TO20		VISIBLE:NO																																			PRESTAT:1,STR=5	!PRESTAT:1,STR=6																																																																											BONUS:STAT|STR|15
STR6TO20		VISIBLE:NO																																			PRESTAT:1,STR=6	!PRESTAT:1,STR=7																																																																											BONUS:STAT|STR|14
STR7TO20		VISIBLE:NO																																			PRESTAT:1,STR=7	!PRESTAT:1,STR=8																																																																											BONUS:STAT|STR|13
STR8TO20		VISIBLE:NO																																			PRESTAT:1,STR=8	!PRESTAT:1,STR=9																																																																											BONUS:STAT|STR|12
STR9TO20		VISIBLE:NO																																			PRESTAT:1,STR=9	!PRESTAT:1,STR=10																																																																											BONUS:STAT|STR|11
STR10TO20		VISIBLE:NO																																			PRESTAT:1,STR=10	!PRESTAT:1,STR=11																																																																											BONUS:STAT|STR|10
STR11TO20		VISIBLE:NO																																			PRESTAT:1,STR=11	!PRESTAT:1,STR=12																																																																											BONUS:STAT|STR|9
STR12TO20		VISIBLE:NO																																			PRESTAT:1,STR=12	!PRESTAT:1,STR=13																																																																											BONUS:STAT|STR|8
STR13TO20		VISIBLE:NO																																			PRESTAT:1,STR=13	!PRESTAT:1,STR=14																																																																											BONUS:STAT|STR|7
STR14TO20		VISIBLE:NO																																			PRESTAT:1,STR=14	!PRESTAT:1,STR=15																																																																											BONUS:STAT|STR|6
STR15TO20		VISIBLE:NO																																			PRESTAT:1,STR=15	!PRESTAT:1,STR=16																																																																											BONUS:STAT|STR|5
STR16TO20		VISIBLE:NO																																			PRESTAT:1,STR=16	!PRESTAT:1,STR=17																																																																											BONUS:STAT|STR|4
STR17TO20		VISIBLE:NO																																			PRESTAT:1,STR=17	!PRESTAT:1,STR=18																																																																											BONUS:STAT|STR|3
STR18TO20		VISIBLE:NO																																			PRESTAT:1,STR=18	!PRESTAT:1,STR=19																																																																											BONUS:STAT|STR|2
STR19TO20		VISIBLE:NO																																			PRESTAT:1,STR=19	!PRESTAT:1,STR=20																																																																											BONUS:STAT|STR|1

DEX1TO20		VISIBLE:NO																																			PRESTAT:1,DEX=1	!PRESTAT:1,DEX=2																																																																											BONUS:STAT|DEX|19
DEX2TO20		VISIBLE:NO																																			PRESTAT:1,DEX=2	!PRESTAT:1,DEX=3																																																																											BONUS:STAT|DEX|18
DEX3TO20		VISIBLE:NO																																			PRESTAT:1,DEX=3	!PRESTAT:1,DEX=4																																																																											BONUS:STAT|DEX|17
DEX4TO20		VISIBLE:NO																																			PRESTAT:1,DEX=4	!PRESTAT:1,DEX=5																																																																											BONUS:STAT|DEX|16
DEX5TO20		VISIBLE:NO																																			PRESTAT:1,DEX=5	!PRESTAT:1,DEX=6																																																																											BONUS:STAT|DEX|15
DEX6TO20		VISIBLE:NO																																			PRESTAT:1,DEX=6	!PRESTAT:1,DEX=7																																																																											BONUS:STAT|DEX|14
DEX7TO20		VISIBLE:NO																																			PRESTAT:1,DEX=7	!PRESTAT:1,DEX=8																																																																											BONUS:STAT|DEX|13
DEX8TO20		VISIBLE:NO																																			PRESTAT:1,DEX=8	!PRESTAT:1,DEX=9																																																																											BONUS:STAT|DEX|12
DEX9TO20		VISIBLE:NO																																			PRESTAT:1,DEX=9	!PRESTAT:1,DEX=10																																																																											BONUS:STAT|DEX|11
DEX10TO20		VISIBLE:NO																																			PRESTAT:1,DEX=10	!PRESTAT:1,DEX=11																																																																											BONUS:STAT|DEX|10
DEX11TO20		VISIBLE:NO																																			PRESTAT:1,DEX=11	!PRESTAT:1,DEX=12																																																																											BONUS:STAT|DEX|9
DEX12TO20		VISIBLE:NO																																			PRESTAT:1,DEX=12	!PRESTAT:1,DEX=13																																																																											BONUS:STAT|DEX|8
DEX13TO20		VISIBLE:NO																																			PRESTAT:1,DEX=13	!PRESTAT:1,DEX=14																																																																											BONUS:STAT|DEX|7
DEX14TO20		VISIBLE:NO																																			PRESTAT:1,DEX=14	!PRESTAT:1,DEX=15																																																																											BONUS:STAT|DEX|6
DEX15TO20		VISIBLE:NO																																			PRESTAT:1,DEX=15	!PRESTAT:1,DEX=16																																																																											BONUS:STAT|DEX|5
DEX16TO20		VISIBLE:NO																																			PRESTAT:1,DEX=16	!PRESTAT:1,DEX=17																																																																											BONUS:STAT|DEX|4
DEX17TO20		VISIBLE:NO																																			PRESTAT:1,DEX=17	!PRESTAT:1,DEX=18																																																																											BONUS:STAT|DEX|3
DEX18TO20		VISIBLE:NO																																			PRESTAT:1,DEX=18	!PRESTAT:1,DEX=19																																																																											BONUS:STAT|DEX|2
DEX19TO20		VISIBLE:NO																																			PRESTAT:1,DEX=19	!PRESTAT:1,DEX=20																																																																											BONUS:STAT|DEX|1

CON1TO20		VISIBLE:NO																																			PRESTAT:1,CON=1	!PRESTAT:1,CON=2																																																																											BONUS:STAT|CON|19
CON2TO20		VISIBLE:NO																																			PRESTAT:1,CON=2	!PRESTAT:1,CON=3																																																																											BONUS:STAT|CON|18
CON3TO20		VISIBLE:NO																																			PRESTAT:1,CON=3	!PRESTAT:1,CON=4																																																																											BONUS:STAT|CON|17
CON4TO20		VISIBLE:NO																																			PRESTAT:1,CON=4	!PRESTAT:1,CON=5																																																																											BONUS:STAT|CON|16
CON5TO20		VISIBLE:NO																																			PRESTAT:1,CON=5	!PRESTAT:1,CON=6																																																																											BONUS:STAT|CON|15
CON6TO20		VISIBLE:NO																																			PRESTAT:1,CON=6	!PRESTAT:1,CON=7																																																																											BONUS:STAT|CON|14
CON7TO20		VISIBLE:NO																																			PRESTAT:1,CON=7	!PRESTAT:1,CON=8																																																																											BONUS:STAT|CON|13
CON8TO20		VISIBLE:NO																																			PRESTAT:1,CON=8	!PRESTAT:1,CON=9																																																																											BONUS:STAT|CON|12
CON9TO20		VISIBLE:NO																																			PRESTAT:1,CON=9	!PRESTAT:1,CON=10																																																																											BONUS:STAT|CON|11
CON10TO20		VISIBLE:NO																																			PRESTAT:1,CON=10	!PRESTAT:1,CON=11																																																																											BONUS:STAT|CON|10
CON11TO20		VISIBLE:NO																																			PRESTAT:1,CON=11	!PRESTAT:1,CON=12																																																																											BONUS:STAT|CON|9
CON12TO20		VISIBLE:NO																																			PRESTAT:1,CON=12	!PRESTAT:1,CON=13																																																																											BONUS:STAT|CON|8
CON13TO20		VISIBLE:NO																																			PRESTAT:1,CON=13	!PRESTAT:1,CON=14																																																																											BONUS:STAT|CON|7
CON14TO20		VISIBLE:NO																																			PRESTAT:1,CON=14	!PRESTAT:1,CON=15																																																																											BONUS:STAT|CON|6
CON15TO20		VISIBLE:NO																																			PRESTAT:1,CON=15	!PRESTAT:1,CON=16																																																																											BONUS:STAT|CON|5
CON16TO20		VISIBLE:NO																																			PRESTAT:1,CON=16	!PRESTAT:1,CON=17																																																																											BONUS:STAT|CON|4
CON17TO20		VISIBLE:NO																																			PRESTAT:1,CON=17	!PRESTAT:1,CON=18																																																																											BONUS:STAT|CON|3
CON18TO20		VISIBLE:NO																																			PRESTAT:1,CON=18	!PRESTAT:1,CON=19																																																																											BONUS:STAT|CON|2
CON19TO20		VISIBLE:NO																																			PRESTAT:1,CON=19	!PRESTAT:1,CON=20																																																																											BONUS:STAT|CON|1

INT1TO20		VISIBLE:NO																																			PRESTAT:1,INT=1	!PRESTAT:1,INT=2																																																																											BONUS:STAT|INT|19
INT2TO20		VISIBLE:NO																																			PRESTAT:1,INT=2	!PRESTAT:1,INT=3																																																																											BONUS:STAT|INT|18
INT3TO20		VISIBLE:NO																																			PRESTAT:1,INT=3	!PRESTAT:1,INT=4																																																																											BONUS:STAT|INT|17
INT4TO20		VISIBLE:NO																																			PRESTAT:1,INT=4	!PRESTAT:1,INT=5																																																																											BONUS:STAT|INT|16
INT5TO20		VISIBLE:NO																																			PRESTAT:1,INT=5	!PRESTAT:1,INT=6																																																																											BONUS:STAT|INT|15
INT6TO20		VISIBLE:NO																																			PRESTAT:1,INT=6	!PRESTAT:1,INT=7																																																																											BONUS:STAT|INT|14
INT7TO20		VISIBLE:NO																																			PRESTAT:1,INT=7	!PRESTAT:1,INT=8																																																																											BONUS:STAT|INT|13
INT8TO20		VISIBLE:NO																																			PRESTAT:1,INT=8	!PRESTAT:1,INT=9																																																																											BONUS:STAT|INT|12
INT9TO20		VISIBLE:NO																																			PRESTAT:1,INT=9	!PRESTAT:1,INT=10																																																																											BONUS:STAT|INT|11
INT10TO20		VISIBLE:NO																																			PRESTAT:1,INT=10	!PRESTAT:1,INT=11																																																																											BONUS:STAT|INT|10
INT11TO20		VISIBLE:NO																																			PRESTAT:1,INT=11	!PRESTAT:1,INT=12																																																																											BONUS:STAT|INT|9
INT12TO20		VISIBLE:NO																																			PRESTAT:1,INT=12	!PRESTAT:1,INT=13																																																																											BONUS:STAT|INT|8
INT13TO20		VISIBLE:NO																																			PRESTAT:1,INT=13	!PRESTAT:1,INT=14																																																																											BONUS:STAT|INT|7
INT14TO20		VISIBLE:NO																																			PRESTAT:1,INT=14	!PRESTAT:1,INT=15																																																																											BONUS:STAT|INT|6
INT15TO20		VISIBLE:NO																																			PRESTAT:1,INT=15	!PRESTAT:1,INT=16																																																																											BONUS:STAT|INT|5
INT16TO20		VISIBLE:NO																																			PRESTAT:1,INT=16	!PRESTAT:1,INT=17																																																																											BONUS:STAT|INT|4
INT17TO20		VISIBLE:NO																																			PRESTAT:1,INT=17	!PRESTAT:1,INT=18																																																																											BONUS:STAT|INT|3
INT18TO20		VISIBLE:NO																																			PRESTAT:1,INT=18	!PRESTAT:1,INT=19																																																																											BONUS:STAT|INT|2
INT19TO20		VISIBLE:NO																																			PRESTAT:1,INT=19	!PRESTAT:1,INT=20																																																																											BONUS:STAT|INT|1

WIS1TO20		VISIBLE:NO																																			PRESTAT:1,WIS=1	!PRESTAT:1,WIS=2																																																																											BONUS:STAT|WIS|19
WIS2TO20		VISIBLE:NO																																			PRESTAT:1,WIS=2	!PRESTAT:1,WIS=3																																																																											BONUS:STAT|WIS|18
WIS3TO20		VISIBLE:NO																																			PRESTAT:1,WIS=3	!PRESTAT:1,WIS=4																																																																											BONUS:STAT|WIS|17
WIS4TO20		VISIBLE:NO																																			PRESTAT:1,WIS=4	!PRESTAT:1,WIS=5																																																																											BONUS:STAT|WIS|16
WIS5TO20		VISIBLE:NO																																			PRESTAT:1,WIS=5	!PRESTAT:1,WIS=6																																																																											BONUS:STAT|WIS|15
WIS6TO20		VISIBLE:NO																																			PRESTAT:1,WIS=6	!PRESTAT:1,WIS=7																																																																											BONUS:STAT|WIS|14
WIS7TO20		VISIBLE:NO																																			PRESTAT:1,WIS=7	!PRESTAT:1,WIS=8																																																																											BONUS:STAT|WIS|13
WIS8TO20		VISIBLE:NO																																			PRESTAT:1,WIS=8	!PRESTAT:1,WIS=9																																																																											BONUS:STAT|WIS|12
WIS9TO20		VISIBLE:NO																																			PRESTAT:1,WIS=9	!PRESTAT:1,WIS=10																																																																											BONUS:STAT|WIS|11
WIS10TO20		VISIBLE:NO																																			PRESTAT:1,WIS=10	!PRESTAT:1,WIS=11																																																																											BONUS:STAT|WIS|10
WIS11TO20		VISIBLE:NO																																			PRESTAT:1,WIS=11	!PRESTAT:1,WIS=12																																																																											BONUS:STAT|WIS|9
WIS12TO20		VISIBLE:NO																																			PRESTAT:1,WIS=12	!PRESTAT:1,WIS=13																																																																											BONUS:STAT|WIS|8
WIS13TO20		VISIBLE:NO																																			PRESTAT:1,WIS=13	!PRESTAT:1,WIS=14																																																																											BONUS:STAT|WIS|7
WIS14TO20		VISIBLE:NO																																			PRESTAT:1,WIS=14	!PRESTAT:1,WIS=15																																																																											BONUS:STAT|WIS|6
WIS15TO20		VISIBLE:NO																																			PRESTAT:1,WIS=15	!PRESTAT:1,WIS=16																																																																											BONUS:STAT|WIS|5
WIS16TO20		VISIBLE:NO																																			PRESTAT:1,WIS=16	!PRESTAT:1,WIS=17																																																																											BONUS:STAT|WIS|4
WIS17TO20		VISIBLE:NO																																			PRESTAT:1,WIS=17	!PRESTAT:1,WIS=18																																																																											BONUS:STAT|WIS|3
WIS18TO20		VISIBLE:NO																																			PRESTAT:1,WIS=18	!PRESTAT:1,WIS=19																																																																											BONUS:STAT|WIS|2
WIS19TO20		VISIBLE:NO																																			PRESTAT:1,WIS=19	!PRESTAT:1,WIS=20																																																																											BONUS:STAT|WIS|1

CHA1TO20		VISIBLE:NO																																			PRESTAT:1,CHA=1	!PRESTAT:1,CHA=2																																																																											BONUS:STAT|CHA|19
CHA2TO20		VISIBLE:NO																																			PRESTAT:1,CHA=2	!PRESTAT:1,CHA=3																																																																											BONUS:STAT|CHA|18
CHA3TO20		VISIBLE:NO																																			PRESTAT:1,CHA=3	!PRESTAT:1,CHA=4																																																																											BONUS:STAT|CHA|17
CHA4TO20		VISIBLE:NO																																			PRESTAT:1,CHA=4	!PRESTAT:1,CHA=5																																																																											BONUS:STAT|CHA|16
CHA5TO20		VISIBLE:NO																																			PRESTAT:1,CHA=5	!PRESTAT:1,CHA=6																																																																											BONUS:STAT|CHA|15
CHA6TO20		VISIBLE:NO																																			PRESTAT:1,CHA=6	!PRESTAT:1,CHA=7																																																																											BONUS:STAT|CHA|14
CHA7TO20		VISIBLE:NO																																			PRESTAT:1,CHA=7	!PRESTAT:1,CHA=8																																																																											BONUS:STAT|CHA|13
CHA8TO20		VISIBLE:NO																																			PRESTAT:1,CHA=8	!PRESTAT:1,CHA=9																																																																											BONUS:STAT|CHA|12
CHA9TO20		VISIBLE:NO																																			PRESTAT:1,CHA=9	!PRESTAT:1,CHA=10																																																																											BONUS:STAT|CHA|11
CHA10TO20		VISIBLE:NO																																			PRESTAT:1,CHA=10	!PRESTAT:1,CHA=11																																																																											BONUS:STAT|CHA|10
CHA11TO20		VISIBLE:NO																																			PRESTAT:1,CHA=11	!PRESTAT:1,CHA=12																																																																											BONUS:STAT|CHA|9
CHA12TO20		VISIBLE:NO																																			PRESTAT:1,CHA=12	!PRESTAT:1,CHA=13																																																																											BONUS:STAT|CHA|8
CHA13TO20		VISIBLE:NO																																			PRESTAT:1,CHA=13	!PRESTAT:1,CHA=14																																																																											BONUS:STAT|CHA|7
CHA14TO20		VISIBLE:NO																																			PRESTAT:1,CHA=14	!PRESTAT:1,CHA=15																																																																											BONUS:STAT|CHA|6
CHA15TO20		VISIBLE:NO																																			PRESTAT:1,CHA=15	!PRESTAT:1,CHA=16																																																																											BONUS:STAT|CHA|5
CHA16TO20		VISIBLE:NO																																			PRESTAT:1,CHA=16	!PRESTAT:1,CHA=17																																																																											BONUS:STAT|CHA|4
CHA17TO20		VISIBLE:NO																																			PRESTAT:1,CHA=17	!PRESTAT:1,CHA=18																																																																											BONUS:STAT|CHA|3
CHA18TO20		VISIBLE:NO																																			PRESTAT:1,CHA=18	!PRESTAT:1,CHA=19																																																																											BONUS:STAT|CHA|2
CHA19TO20		VISIBLE:NO																																			PRESTAT:1,CHA=19	!PRESTAT:1,CHA=20																																																																											BONUS:STAT|CHA|1
#



STR1TO16		VISIBLE:NO																																			PRESTAT:1,STR=1	!PRESTAT:1,STR=2																																																																											BONUS:STAT|STR|15
STR2TO16		VISIBLE:NO																																			PRESTAT:1,STR=2	!PRESTAT:1,STR=3																																																																											BONUS:STAT|STR|14
STR3TO16		VISIBLE:NO																																			PRESTAT:1,STR=3	!PRESTAT:1,STR=4																																																																											BONUS:STAT|STR|13
STR4TO16		VISIBLE:NO																																			PRESTAT:1,STR=4	!PRESTAT:1,STR=5																																																																											BONUS:STAT|STR|12
STR5TO16		VISIBLE:NO																																			PRESTAT:1,STR=5	!PRESTAT:1,STR=6																																																																											BONUS:STAT|STR|11
STR6TO16		VISIBLE:NO																																			PRESTAT:1,STR=6	!PRESTAT:1,STR=7																																																																											BONUS:STAT|STR|10
STR7TO16		VISIBLE:NO																																			PRESTAT:1,STR=7	!PRESTAT:1,STR=8																																																																											BONUS:STAT|STR|9
STR8TO16		VISIBLE:NO																																			PRESTAT:1,STR=8	!PRESTAT:1,STR=9																																																																											BONUS:STAT|STR|8
STR9TO16		VISIBLE:NO																																			PRESTAT:1,STR=9	!PRESTAT:1,STR=10																																																																											BONUS:STAT|STR|7
STR10TO16		VISIBLE:NO																																			PRESTAT:1,STR=10	!PRESTAT:1,STR=11																																																																											BONUS:STAT|STR|6
STR11TO16		VISIBLE:NO																																			PRESTAT:1,STR=11	!PRESTAT:1,STR=12																																																																											BONUS:STAT|STR|5
STR12TO16		VISIBLE:NO																																			PRESTAT:1,STR=12	!PRESTAT:1,STR=13																																																																											BONUS:STAT|STR|4
STR13TO16		VISIBLE:NO																																			PRESTAT:1,STR=13	!PRESTAT:1,STR=14																																																																											BONUS:STAT|STR|3
STR14TO16		VISIBLE:NO																																			PRESTAT:1,STR=14	!PRESTAT:1,STR=15																																																																											BONUS:STAT|STR|2
STR15TO16		VISIBLE:NO																																			PRESTAT:1,STR=15	!PRESTAT:1,STR=16																																																																											BONUS:STAT|STR|1

DEX1TO16		VISIBLE:NO																																			PRESTAT:1,DEX=1	!PRESTAT:1,DEX=2																																																																											BONUS:STAT|DEX|15
DEX2TO16		VISIBLE:NO																																			PRESTAT:1,DEX=2	!PRESTAT:1,DEX=3																																																																											BONUS:STAT|DEX|14
DEX3TO16		VISIBLE:NO																																			PRESTAT:1,DEX=3	!PRESTAT:1,DEX=4																																																																											BONUS:STAT|DEX|13
DEX4TO16		VISIBLE:NO																																			PRESTAT:1,DEX=4	!PRESTAT:1,DEX=5																																																																											BONUS:STAT|DEX|12
DEX5TO16		VISIBLE:NO																																			PRESTAT:1,DEX=5	!PRESTAT:1,DEX=6																																																																											BONUS:STAT|DEX|11
DEX6TO16		VISIBLE:NO																																			PRESTAT:1,DEX=6	!PRESTAT:1,DEX=7																																																																											BONUS:STAT|DEX|10
DEX7TO16		VISIBLE:NO																																			PRESTAT:1,DEX=7	!PRESTAT:1,DEX=8																																																																											BONUS:STAT|DEX|9
DEX8TO16		VISIBLE:NO																																			PRESTAT:1,DEX=8	!PRESTAT:1,DEX=9																																																																											BONUS:STAT|DEX|8
DEX9TO16		VISIBLE:NO																																			PRESTAT:1,DEX=9	!PRESTAT:1,DEX=10																																																																											BONUS:STAT|DEX|7
DEX10TO16		VISIBLE:NO																																			PRESTAT:1,DEX=10	!PRESTAT:1,DEX=11																																																																											BONUS:STAT|DEX|6
DEX11TO16		VISIBLE:NO																																			PRESTAT:1,DEX=11	!PRESTAT:1,DEX=12																																																																											BONUS:STAT|DEX|5
DEX12TO16		VISIBLE:NO																																			PRESTAT:1,DEX=12	!PRESTAT:1,DEX=13																																																																											BONUS:STAT|DEX|4
DEX13TO16		VISIBLE:NO																																			PRESTAT:1,DEX=13	!PRESTAT:1,DEX=14																																																																											BONUS:STAT|DEX|3
DEX14TO16		VISIBLE:NO																																			PRESTAT:1,DEX=14	!PRESTAT:1,DEX=15																																																																											BONUS:STAT|DEX|2
DEX15TO16		VISIBLE:NO																																			PRESTAT:1,DEX=15	!PRESTAT:1,DEX=16																																																																											BONUS:STAT|DEX|1

CON1TO16		VISIBLE:NO																																			PRESTAT:1,CON=1	!PRESTAT:1,CON=2																																																																											BONUS:STAT|CON|15
CON2TO16		VISIBLE:NO																																			PRESTAT:1,CON=2	!PRESTAT:1,CON=3																																																																											BONUS:STAT|CON|14
CON3TO16		VISIBLE:NO																																			PRESTAT:1,CON=3	!PRESTAT:1,CON=4																																																																											BONUS:STAT|CON|13
CON4TO16		VISIBLE:NO																																			PRESTAT:1,CON=4	!PRESTAT:1,CON=5																																																																											BONUS:STAT|CON|12
CON5TO16		VISIBLE:NO																																			PRESTAT:1,CON=5	!PRESTAT:1,CON=6																																																																											BONUS:STAT|CON|11
CON6TO16		VISIBLE:NO																																			PRESTAT:1,CON=6	!PRESTAT:1,CON=7																																																																											BONUS:STAT|CON|10
CON7TO16		VISIBLE:NO																																			PRESTAT:1,CON=7	!PRESTAT:1,CON=8																																																																											BONUS:STAT|CON|9
CON8TO16		VISIBLE:NO																																			PRESTAT:1,CON=8	!PRESTAT:1,CON=9																																																																											BONUS:STAT|CON|8
CON9TO16		VISIBLE:NO																																			PRESTAT:1,CON=9	!PRESTAT:1,CON=10																																																																											BONUS:STAT|CON|7
CON10TO16		VISIBLE:NO																																			PRESTAT:1,CON=10	!PRESTAT:1,CON=11																																																																											BONUS:STAT|CON|6
CON11TO16		VISIBLE:NO																																			PRESTAT:1,CON=11	!PRESTAT:1,CON=12																																																																											BONUS:STAT|CON|5
CON12TO16		VISIBLE:NO																																			PRESTAT:1,CON=12	!PRESTAT:1,CON=13																																																																											BONUS:STAT|CON|4
CON13TO16		VISIBLE:NO																																			PRESTAT:1,CON=13	!PRESTAT:1,CON=14																																																																											BONUS:STAT|CON|3
CON14TO16		VISIBLE:NO																																			PRESTAT:1,CON=14	!PRESTAT:1,CON=15																																																																											BONUS:STAT|CON|2
CON15TO16		VISIBLE:NO																																			PRESTAT:1,CON=15	!PRESTAT:1,CON=16																																																																											BONUS:STAT|CON|1

INT1TO16		VISIBLE:NO																																			PRESTAT:1,INT=1	!PRESTAT:1,INT=2																																																																											BONUS:STAT|INT|15
INT2TO16		VISIBLE:NO																																			PRESTAT:1,INT=2	!PRESTAT:1,INT=3																																																																											BONUS:STAT|INT|14
INT3TO16		VISIBLE:NO																																			PRESTAT:1,INT=3	!PRESTAT:1,INT=4																																																																											BONUS:STAT|INT|13
INT4TO16		VISIBLE:NO																																			PRESTAT:1,INT=4	!PRESTAT:1,INT=5																																																																											BONUS:STAT|INT|12
INT5TO16		VISIBLE:NO																																			PRESTAT:1,INT=5	!PRESTAT:1,INT=6																																																																											BONUS:STAT|INT|11
INT6TO16		VISIBLE:NO																																			PRESTAT:1,INT=6	!PRESTAT:1,INT=7																																																																											BONUS:STAT|INT|10
INT7TO16		VISIBLE:NO																																			PRESTAT:1,INT=7	!PRESTAT:1,INT=8																																																																											BONUS:STAT|INT|9
INT8TO16		VISIBLE:NO																																			PRESTAT:1,INT=8	!PRESTAT:1,INT=9																																																																											BONUS:STAT|INT|8
INT9TO16		VISIBLE:NO																																			PRESTAT:1,INT=9	!PRESTAT:1,INT=10																																																																											BONUS:STAT|INT|7
INT10TO16		VISIBLE:NO																																			PRESTAT:1,INT=10	!PRESTAT:1,INT=11																																																																											BONUS:STAT|INT|6
INT11TO16		VISIBLE:NO																																			PRESTAT:1,INT=11	!PRESTAT:1,INT=12																																																																											BONUS:STAT|INT|5
INT12TO16		VISIBLE:NO																																			PRESTAT:1,INT=12	!PRESTAT:1,INT=13																																																																											BONUS:STAT|INT|4
INT13TO16		VISIBLE:NO																																			PRESTAT:1,INT=13	!PRESTAT:1,INT=14																																																																											BONUS:STAT|INT|3
INT14TO16		VISIBLE:NO																																			PRESTAT:1,INT=14	!PRESTAT:1,INT=15																																																																											BONUS:STAT|INT|2
INT15TO16		VISIBLE:NO																																			PRESTAT:1,INT=15	!PRESTAT:1,INT=16																																																																											BONUS:STAT|INT|1

CHA1TO16		VISIBLE:NO																																			PRESTAT:1,CHA=1	!PRESTAT:1,CHA=2																																																																											BONUS:STAT|CHA|15
CHA2TO16		VISIBLE:NO																																			PRESTAT:1,CHA=2	!PRESTAT:1,CHA=3																																																																											BONUS:STAT|CHA|14
CHA3TO16		VISIBLE:NO																																			PRESTAT:1,CHA=3	!PRESTAT:1,CHA=4																																																																											BONUS:STAT|CHA|13
CHA4TO16		VISIBLE:NO																																			PRESTAT:1,CHA=4	!PRESTAT:1,CHA=5																																																																											BONUS:STAT|CHA|12
CHA5TO16		VISIBLE:NO																																			PRESTAT:1,CHA=5	!PRESTAT:1,CHA=6																																																																											BONUS:STAT|CHA|11
CHA6TO16		VISIBLE:NO																																			PRESTAT:1,CHA=6	!PRESTAT:1,CHA=7																																																																											BONUS:STAT|CHA|10
CHA7TO16		VISIBLE:NO																																			PRESTAT:1,CHA=7	!PRESTAT:1,CHA=8																																																																											BONUS:STAT|CHA|9
CHA8TO16		VISIBLE:NO																																			PRESTAT:1,CHA=8	!PRESTAT:1,CHA=9																																																																											BONUS:STAT|CHA|8
CHA9TO16		VISIBLE:NO																																			PRESTAT:1,CHA=9	!PRESTAT:1,CHA=10																																																																											BONUS:STAT|CHA|7
CHA10TO16		VISIBLE:NO																																			PRESTAT:1,CHA=10	!PRESTAT:1,CHA=11																																																																											BONUS:STAT|CHA|6
CHA11TO16		VISIBLE:NO																																			PRESTAT:1,CHA=11	!PRESTAT:1,CHA=12																																																																											BONUS:STAT|CHA|5
CHA12TO16		VISIBLE:NO																																			PRESTAT:1,CHA=12	!PRESTAT:1,CHA=13																																																																											BONUS:STAT|CHA|4
CHA13TO16		VISIBLE:NO																																			PRESTAT:1,CHA=13	!PRESTAT:1,CHA=14																																																																											BONUS:STAT|CHA|3
CHA14TO16		VISIBLE:NO																																			PRESTAT:1,CHA=14	!PRESTAT:1,CHA=15																																																																											BONUS:STAT|CHA|2
CHA15TO16		VISIBLE:NO																																			PRESTAT:1,CHA=15	!PRESTAT:1,CHA=16																																																																											BONUS:STAT|CHA|1






