# CVS $Revision: $ $Author: $ -- Thu Nov 29 22:57:25 2007 -- reformated by prettylst.pl v1.38 (build 4314)
SOURCELONG:Forged in Magic	SOURCESHORT:FiM	SOURCEWEB:http://www.paradigmconcepts.com
#AUTHOR:E. C. Smith (Maredudd), 2007

#Rods
# Equipment Name
Archaeologist’s Rod 93,160 gp
Duelist’s Rod 21,000 gp
Imperial Rod of Judgement 95,600 gp
Metamagic, Bind 75,000 gp
Metamagic, Bind, Greater 170,000 gp
Metamagic, Bind, Lesser 35,000 gp
Metamagic, Ghost 11,000 gp
Metamagic, Ghost, Greater 24,500 gp
Metamagic, Ghost, Lesser 3,000 gp
Metamagic, Nurturing 11,000 gp
Metamagic, Nurturing, Greater 24,500 gp
Metamagic, Nurturing, Lesser 3,000 gp
Metamagic, Postpone 32,500 gp
Metamagic, Postpone, Greater 75,000 gp
Metamagic, Postpone, Lesser 9,000 gp
Metamagic, Postpone, Greater 75,000 gp
Metamagic, Postpone, Greater, Greater 170,000 gp
Metamagic, Postpone, Greater, Lesser 35,000 gp
Metamagic, Postpone, Improved 54,000 gp
Metamagic, Postpone, Improved, Greater 121,500 gp
Metamagic, Postpone, Improved, Lesser 14,000 gp
Metamagic, Rapid Summoning 11,000 gp
Metamagic, Rapid Summoning, Greater 24,500 gp
Metamagic, Rapid Summoning, Lesser 3,000 gp
Metamagic, Ready 32,500 gp
Metamagic, Ready, Greater 73,000 gp
Metamagic, Ready, Lesser 9,000 gp
Metamagic, Ready, Greater 75,000 gp
Metamagic, Ready, Greater, Greater 170,000 gp
Metamagic, Ready, Greater, Lesser 35,000 gp
Metamagic, Reduce 32,500 gp
Metamagic, Reduce, Greater 73,000 gp
Metamagic, Reduce, Lesser 9,000 gp
Metamagic, Rending 11,000 gp
Metamagic, Rending, Greater 24,500 gp
Metamagic, Rending, Lesser 3,000 gp
Metamagic, Soften 11,000 gp
Metamagic, Soften, Greater 24,500 gp
Metamagic, Soften, lesser 3,000 gp
Metamagic, Suspend 54,000 gp
Metamagic, Suspend, Greater 121,500 gp
Metamagic, Suspend, Lesser 14,000 gp
Nawal’s Rod of Chieftainship 63,400 gp
Rod of the Reaper 114,960 gp
Rod of the Sky Kings 93,500 gp
