# CVS $Revision: $ $Author: $ -- Wed Apr 16 20:18:37 2008 -- reformated by prettylst.pl v1.38 (build 5580)
SOURCELONG:Forged in Magic	SOURCESHORT:FiM	SOURCEWEB:http://www.paradigmconcepts.com	SOURCEDATE:2006-06
#Original Entry:E. C. Smith (Maredudd), 2007; Andrew Maitland

###Block: Items of Power - Unique Weapons -------------------------------------------------------------------------
# Equipment Name				Output Name						Required Proficiency			Type																Alternative Type				Contains			Cost			Weight	Slot Needed	Critical Hit Multiplier	Critical Hit Range	Alternative Critical	Alternative Critical Range	Damage	Alternative Damage	Modifier										Alternative Modifier	Nb Hands	Wield Category	Range		Size		Source Page		Innate Spells									Bonus to skill															Stat bonus									Weapon prop. bonus			Special Property
Bandoleer of Foe Daggers															TYPE:Belt																									COST:1124480	WT:0																																										HANDS:0																																																							SPROP:Carries 1 of each ~ +1 Bane Daggers of Aberration, Animal, Magical Beast, Humanoid, Monstrous Humanoid, Ssethric. Non-magical Adamantine and Sarishan Dagger (eight daggers total)
Cradok Durass				OUTPUTNAME:Cradok Durass "Earthshaker"	PROFICIENCY:WEAPON|Maul			TYPE:Weapon.Melee.Bashing.Maul																					COST:0		WT:0																											EQMOD:PLUS3W													HANDS:0																																																							SPROP:Concussive Burst and Reaching
#+3 Concussive Burst Reaching Maul
#No Such EQMODS - Looked rsrd and arcanis - Concussive Burst or Reaching

Culdari					OUTPUTNAME:Culdari "Final Repose"		PROFICIENCY:WEAPON|Scythe		TYPE:Weapon.Melee.Light.Finesseable.Simple.Standard.Slashing.Sickle															COST:6		WT:2				CRITMULT:x2			CRITRANGE:1												DAMAGE:1d6					EQMOD:PLUS5W.LEGENDWD.KEEN.HOLY_M.FIM_NETHERIT_WEAP	EQMOD:STEEL					HANDS:0	WIELD:Light				SIZE:M																																																SPROP:Scythe of Precision
#+5 Legendary (+5)  SPROP:Scythe of Precision

#Dagger of Yig
Dagger of Yig (MW)										PROFICIENCY:WEAPON|Dagger		TYPE:Weapon.Melee.Finesseable.Ranged.Thrown.Simple.Standard.Piercing.Slashing.Unique.Dagger											COST:0		WT:1				CRITMULT:x2			CRITRANGE:2												DAMAGE:1d4					EQMOD:STEEL														HANDS:0	WIELD:Light		RANGE:10	SIZE:M
Dagger of Yig (+1 Dagger)									PROFICIENCY:WEAPON|Dagger		TYPE:Weapon.Melee.Finesseable.Ranged.Thrown.Simple.Standard.Piercing.Slashing.Unique.Dagger											COST:0		WT:1				CRITMULT:x2			CRITRANGE:2												DAMAGE:1d4					EQMOD:STEEL														HANDS:0	WIELD:Light		RANGE:10	SIZE:M																																BONUS:STAT|CHA|-1
Dagger of Yig (+1 Venomous)									PROFICIENCY:WEAPON|Dagger		TYPE:Weapon.Melee.Finesseable.Ranged.Thrown.Simple.Standard.Piercing.Slashing.Unique.Dagger											COST:0		WT:1				CRITMULT:x2			CRITRANGE:2												DAMAGE:1d4					EQMOD:STEEL														HANDS:0	WIELD:Light		RANGE:10	SIZE:M																																BONUS:STAT|STR,CHA|-1
Dagger of Yig (+2 Venomous)									PROFICIENCY:WEAPON|Dagger		TYPE:Weapon.Melee.Finesseable.Ranged.Thrown.Simple.Standard.Piercing.Slashing.Unique.Dagger											COST:0		WT:1				CRITMULT:x2			CRITRANGE:2												DAMAGE:1d4					EQMOD:STEEL														HANDS:0	WIELD:Light		RANGE:10	SIZE:M																																BONUS:STAT|CHA|-2	BONUS:STAT|STR,INT|-1
Dagger of Yig (+3 Venomous (2))								PROFICIENCY:WEAPON|Dagger		TYPE:Weapon.Melee.Finesseable.Ranged.Thrown.Simple.Standard.Piercing.Slashing.Unique.Dagger											COST:0		WT:1				CRITMULT:x2			CRITRANGE:2												DAMAGE:1d4					EQMOD:STEEL														HANDS:0	WIELD:Light		RANGE:10	SIZE:M																																BONUS:STAT|	BONUS:STAT|STR,INT,CHA|-2
Dagger of Yig (+3 Venomous (3))								PROFICIENCY:WEAPON|Dagger		TYPE:Weapon.Melee.Finesseable.Ranged.Thrown.Simple.Standard.Piercing.Slashing.Unique.Dagger											COST:0		WT:1				CRITMULT:x2			CRITRANGE:2												DAMAGE:1d4					EQMOD:STEEL														HANDS:0	WIELD:Light		RANGE:10	SIZE:M																																BONUS:STAT|INT|-3	BONUS:STAT|STR,CHA|-2	BONUS:STAT|WIS|-1
Dagger of Yig (+5 Venomous (5))								PROFICIENCY:WEAPON|Dagger		TYPE:Weapon.Melee.Finesseable.Ranged.Thrown.Simple.Standard.Piercing.Slashing.Unique.Dagger											COST:0		WT:1				CRITMULT:x2			CRITRANGE:2												DAMAGE:1d4					EQMOD:STEEL														HANDS:0	WIELD:Light		RANGE:10	SIZE:M																																BONUS:STAT|CHA,STR|-2	BONUS:STAT|WIS,INT|-4
#
Despair												PROFICIENCY:WEAPON|Scythe		TYPE:Weapon.Melee.Martial.Standard.Piercing.Slashing.Scythe																	COST:0		WT:10				CRITMULT:x4			CRITRANGE:1												DAMAGE:2d4					EQMOD:PLUS5W.UNHOLY_M.GMWORKW	EQMOD:STEEL											WIELD:TwoHanded			SIZE:M				SPELLS:Despair|TIMES=3|TIMEUNIT=Day|CASTERLEVEL=17|Contagion,23																																		SPROP:Continous Unholy Aura on wielder

###INCOMPLETE BELOW ---------------------
Doomherald												PROFICIENCY:WEAPON|Handaxe		TYPE:Weapon.Melee.Finesseable.Martial.Standard.Slashing.Axe																	COST:0		WT:3				CRITMULT:x3			CRITRANGE:1												DAMAGE:1d6					EQMOD:STEEL																WIELD:Light				SIZE:M																																																SPROP:+2 Keen Black Iron Hand Axe|!PRERACE:1,Dwarf%	SPROP:+2 Keen Returning black iron hand axe of throwing|PRERACE:1,Dwarf%
#
Flail of Kihuk Mak										PROFICIENCY:WEAPON|Flail		TYPE:Weapon.Melee.Martial.Standard.Bludgeoning.Flail																		COST:8		WT:5				CRITMULT:x2			CRITRANGE:1												DAMAGE:1d8					EQMOD:STEEL														HANDS:0	WIELD:OneHanded			SIZE:M																																																SPROP:+1 reaching viridiite heavy flail
#
Geraccio's Wonderous Hammer									PROFICIENCY:WEAPON|Warhammer		TYPE:Weapon.Melee.Martial.Standard.Bludgeoning.Hammer																		COST:12		WT:5				CRITMULT:x3			CRITRANGE:1												DAMAGE:1d8					EQMOD:STEEL														HANDS:0	WIELD:OneHanded			SIZE:M															BONUS:SKILL|Craft (Armorsmithing),Craft (Blacksmithing),Craft (Weaponsmithing)|10|TYPE=Competence																	SPROP:Light Hammer  +2 GMW
#Light Hammer ?? +2 GMW
Gladius of Glory											PROFICIENCY:WEAPON|Gladius		TYPE:Weapon.Melee.Gladius																						COST:0		WT:0				CRITMULT:xX			CRITRANGE:X																																	HANDS:0
Gladius of Light											PROFICIENCY:WEAPON|Gladius		TYPE:Weapon.Melee.Gladius																						COST:0		WT:0				CRITMULT:xX			CRITRANGE:X																																	HANDS:0
#
Harmony												PROFICIENCY:WEAPON|Longsword		TYPE:Weapon.Melee.Martial.Standard.Slashing.Sword																		COST:0		WT:4				CRITMULT:x2			CRITRANGE:2												DAMAGE:1d8					EQMOD:STEEL														HANDS:1	WIELD:OneHanded			SIZE:M															BONUS:SKILL|TYPE.Perform|5|TYPE=Competence|PREVARGTEQ:BardicMusic,1																						SPROP:+3 Greater Harmonizing GMW Altherian Steel Longsword of Grace
#+3 Greater Harmonizing GMW Altherian Steel Longsword of Grace	
Kelisar												PROFICIENCY:WEAPON|Longsword		TYPE:Weapon.Melee.Martial.Standard.Slashing.Sword																		COST:15		WT:4				CRITMULT:x2			CRITRANGE:2												DAMAGE:1d8					EQMOD:STEEL	EQMOD:STEEL												HANDS:1	WIELD:OneHanded			SIZE:M																																																SPROP:+5 Flaming Burst, Bane Ssethric Legendary (+5) Fervidite Longsword
#+5 Flaming Burst, Bane Ssethric Legendary (+5) Fervidite Longsword
Kingmaker (Assassin's Tongue)									PROFICIENCY:WEAPON|Dagger		TYPE:Weapon.Melee.Dagger																						COST:0		WT:0	WT:1			CRITMULT:x2			CRITRANGE:2												DAMAGE:1d4					EQMOD:STEEL														HANDS:1	WIELD:Light		RANGE:10	SIZE:M																																																SPROP:+2 Surreptitious dagger
#+2 Surreptitious dagger
Knowledge												PROFICIENCY:WEAPON|Warhammer		TYPE:Weapon.Melee.Martial.Standard.Bludgeoning.Hammer																		COST:0		WT:5				CRITMULT:x3			CRITRANGE:1												DAMAGE:1d8					EQMOD:STEEL																WIELD:OneHanded			SIZE:M				SPELLS:Knowledge|TIMES=3|TIMEUNIT=Day|CASTERLEVEL=20|Legend Lore	BONUS:SKILL|TYPE.Knowledge|10|TYPE=Competence																										SPROP:+5 Holy Legendary (+5) Altherian Steel Warhammer
#+5 Holy Legendary (+5) Altherian Steel Warhammer
Lautas Dallo											PROFICIENCY:WEAPON|Longsword		TYPE:Weapon.Melee.Martial.Standard.Slashing.Sword																		COST:0		WT:4				CRITMULT:x2			CRITRANGE:2												DAMAGE:1d8					EQMOD:STEEL														HANDS:1	WIELD:OneHanded			SIZE:M																																																SPROP:+2 Wounding Legendary (+3) Longsword
#+2 Wounding Legendary (+3) Longsword
Lion of Winter											PROFICIENCY:WEAPON|Longsword		TYPE:Weapon.Melee.Martial.Standard.Slashing.Sword																		COST:0		WT:4				CRITMULT:x2			CRITRANGE:2												DAMAGE:1d8					EQMOD:STEEL														HANDS:1	WIELD:OneHanded			SIZE:M																																																SPROP:+3 Clan-Bound, Icy Burst, Vorpal GMW Fluvium Longsword
#+3 Clan-Bound, Icy Burst, Vorpal GMW Fluvium Longsword
Mercy													PROFICIENCY:WEAPON|Quarterstaff	TYPE:Weapon.Melee..TwoHanded.Simple.Double.Standard.Bludgeoning.Quarterstaff				ALTTYPE:Weapon.Melee.Bludgeoning					COST:0		WT:4				CRITMULT:x2			CRITRANGE:1			ALTCRITMULT:x2		ALTCRITRANGE:1			DAMAGE:1d6	ALTDAMAGE:1d6		EQMOD:WOOD										ALTEQMOD:WOOD		HANDS:2	WIELD:TwoHanded			SIZE:M																																																SPROP:+5 Bane Undead Legendary (5) Quarterstaff
#+5 Bane Undead Legendary (5) Quarterstaff
Oathmaker												PROFICIENCY:WEAPON|Dagger		TYPE:Weapon.Melee.Dagger																						COST:0		WT:1				CRITMULT:x2			CRITRANGE:2												DAMAGE:1d4					EQMOD:STEEL														HANDS:0	WIELD:Light		RANGE:10	SIZE:M																																																SPROP:+5 Bane Infernal GMW Sarishan Steel Dagger	SPROP:Continous Protection from Evil
#+5 Bane Infernal GMW Sarishan Steel Dagger	
Pathfinder												PROFICIENCY:WEAPON|Shortspear		TYPE:Weapon.Melee.Ranged.Thrown.Simple.Standard.Piercing.Spear																COST:0		WT:3				CRITMULT:x3			CRITRANGE:1												DAMAGE:1d6					EQMOD:WOOD														HANDS:0	WIELD:OneHanded	RANGE:20	SIZE:M																																																SPROP:+5 Faithful (Saluwe), Opportunistic, Reaching Legendary (+5) Short Spear
#+5 Faithful (Saluwe), Opportunistic, Reaching Legendary (+5) Short Spear
Petrus Kafan				OUTPUTNAME:Petrus Kafan "Hope's Dart"	PROFICIENCY:WEAPON|Shortspear		TYPE:Weapon.Melee.Ranged.Thrown.Simple.Standard.Piercing.Spear																COST:0		WT:3				CRITMULT:x3			CRITRANGE:1												DAMAGE:1d6					EQMOD:WOOD														HANDS:0	WIELD:OneHanded	RANGE:20	SIZE:M
#

###Nothing Completed Below:
Silent Death											PROFICIENCY:WEAPON|Shortbow		TYPE:Weapon.Martial.Ranged.Standard.Piercing.Container.Projectile.Bow.Shortbow									CONTAINS:1|Arrow=1	COST:0		WT:2		SLOTS:2	CRITMULT:x3			CRITRANGE:1												DAMAGE:1d6					EQMOD:WOOD														HANDS:2	WIELD:TwoHanded	RANGE:60	SIZE:M	SOURCEPAGE:pg.																																							BONUS:WEAPON|DAMAGE|min(STR,0)
Spell Spinner											PROFICIENCY:WEAPON|Longsword		TYPE:Weapon.Melee.LongSword																						COST:0		WT:4				CRITMULT:x2			CRITRANGE:2												DAMAGE:1d8					EQMOD:STEEL														HANDS:1	WIELD:OneHanded			SIZE:M
Stalwart												PROFICIENCY:WEAPON|Longsword		TYPE:Weapon.Melee.LongSword																						COST:0		WT:4				CRITMULT:x2			CRITRANGE:2												DAMAGE:1d8					EQMOD:STEEL														HANDS:1	WIELD:OneHanded			SIZE:M
Staff of the Oceanwalker									PROFICIENCY:WEAPON|Quarterstaff	TYPE:Weapon.Melee.TwoHanded.Simple.Double.Standard.Bludgeoning.Quarterstaff				ALTTYPE:Weapon.Melee.Bludgeoning					COST:0		WT:4				CRITMULT:x2			CRITRANGE:1			ALTCRITMULT:x2		ALTCRITRANGE:1			DAMAGE:1d6	ALTDAMAGE:1d6		EQMOD:WOOD										ALTEQMOD:WOOD		HANDS:2	WIELD:TwoHanded			SIZE:M
Torment												PROFICIENCY:WEAPON|Dagger		TYPE:Weapon.Melee.Thrown																						COST:0		WT:1				CRITMULT:x2			CRITRANGE:2												DAMAGE:1d4					EQMOD:STEEL														HANDS:0	WIELD:Light		RANGE:10	SIZE:M
Wrath													PROFICIENCY:WEAPON|Greatsword		TYPE:Weapon.Melee.Martial.Standard.Slashing.Sword																		COST:0		WT:0				CRITMULT:x2			CRITRANGE:2												DAMAGE:2d6					EQMOD:STEEL														HANDS:2	WIELD:TwoHanded			SIZE:M
#
##EOF
#
