# CVS $Revision: $ $Author: $ -- Thu Nov 29 22:57:25 2007 -- reformated by prettylst.pl v1.38 (build 4314)
SOURCELONG:Forged in Magic	SOURCESHORT:FiM	SOURCEWEB:http://www.paradigmconcepts.com
#Original Entry:E. C. Smith (Maredudd), 2007; Andrew Maitland

#Potions
# Equipment Name
Potion (Greater Bloodwrath)					OUTPUTNAME:Potion of [NAME]	TYPE:Magic.Potion.Consumable	WT:0	SOURCEPAGE:pg.40	COST:2000
Potion (Lesser Bloodwrath)					OUTPUTNAME:Potion of [NAME]	TYPE:Magic.Potion.Consumable	WT:0	SOURCEPAGE:pg.40	COST:250
Potion (Draught of the Saddle Born)				OUTPUTNAME:Potion of [NAME]	TYPE:Magic.Potion.Consumable	WT:0	SOURCEPAGE:pg.41	COST:600
Potion (Elixir of the Oracle)					OUTPUTNAME:[NAME]			TYPE:Magic.Potion.Consumable	WT:0	SOURCEPAGE:pg.41	COST:10000
Potion (Elixir of the Valinor's Heart)			OUTPUTNAME:[NAME]			TYPE:Magic.Potion.Consumable	WT:0	SOURCEPAGE:pg.41	COST:800
Potion (Elixir of the Valinor's Heart ~ Greater)	OUTPUTNAME:[NAME]			TYPE:Magic.Potion.Consumable	WT:0	SOURCEPAGE:pg.41	COST:3200
Potion (Elixir of Water)					OUTPUTNAME:[NAME]			TYPE:Magic.Potion.Consumable	WT:0	SOURCEPAGE:pg.41	COST:150
Potion (Holy Tiger Draught)					OUTPUTNAME:[NAME]			TYPE:Magic.Potion.Consumable	WT:0	SOURCEPAGE:pg.42	COST:2500
Potion (Il'huan Ichor Draught)				OUTPUTNAME:[NAME]			TYPE:Magic.Potion.Consumable	WT:0	SOURCEPAGE:pg.42	COST:1200
Potion (Oil of Beast Repulsion)				OUTPUTNAME:[NAME]			TYPE:Magic.Potion.Consumable	WT:0	SOURCEPAGE:pg.42	COST:1650
Potion (Oil of Deflection)					OUTPUTNAME:[NAME]			TYPE:Magic.Potion.Consumable	WT:0	SOURCEPAGE:pg.42	COST:5400
Potion (Oil of Puissance)					OUTPUTNAME:[NAME]			TYPE:Magic.Potion.Consumable	WT:0	SOURCEPAGE:pg.42	COST:1500
Potion (Oil of Pyrotechnics)					OUTPUTNAME:[NAME]			TYPE:Magic.Potion.Consumable	WT:0	SOURCEPAGE:pg.42	COST:750
Potion (Oil of Scent Masking)					OUTPUTNAME:[NAME]			TYPE:Magic.Potion.Consumable	WT:0	SOURCEPAGE:pg.43	COST:250
Potion (Potion of Poison Spittle)				OUTPUTNAME:[NAME]			TYPE:Magic.Potion.Consumable	WT:0	SOURCEPAGE:pg.43	COST:4000
Potion (Potion of Putrescence)				OUTPUTNAME:[NAME]			TYPE:Magic.Potion.Consumable	WT:0	SOURCEPAGE:pg.43	COST:900
Potion (Potion of Satiety)					OUTPUTNAME:[NAME]			TYPE:Magic.Potion.Consumable	WT:0	SOURCEPAGE:pg.43	COST:1250
Potion (Potion of Satiety ~ Lesser)				OUTPUTNAME:[NAME]			TYPE:Magic.Potion.Consumable	WT:0	SOURCEPAGE:pg.43	COST:450
Potion (Potion of Steely Nerves)				OUTPUTNAME:[NAME]			TYPE:Magic.Potion.Consumable	WT:0	SOURCEPAGE:pg.43	COST:2250
Potion (Potion of Uncanny Alertness)			OUTPUTNAME:[NAME]			TYPE:Magic.Potion.Consumable	WT:0	SOURCEPAGE:pg.43	COST:250
Potion (Voei Troll-skin Salve)				OUTPUTNAME:[NAME]			TYPE:Magic.Potion.Consumable	WT:0	SOURCEPAGE:pg.44	COST:8000
Potion (Warpaints of the Skohir)				OUTPUTNAME:[NAME]			TYPE:Magic.Potion.Consumable	WT:0	SOURCEPAGE:pg.44	COST:1000

#EOF