# CVS $Revision: $ $Author: $ -- Sat Mar 22 23:29:52 2008 -- reformated by prettylst.pl v1.38 (build 5580)
SOURCELONG:Forged in Magic	SOURCESHORT:FiM	SOURCEWEB:http://www.paradigmconcepts.com
#AUTHOR:E. C. Smith (Maredudd), 2007

#Rings and Rods of Power
# Equipment Name						Product Identity?
Hussma Ring of Greater Regeneration			NAMEISPI:YES
Nihang's Ring of Protections from Tainted Kind	NAMEISPI:YES
Ring of Communion
Ring of Master Thievery
The Scepter of Man					NAMEISPI:YES
Uhxbractit’s Ring of Warding				NAMEISPI:YES
val'Virdan Ring of the Firm Mind			NAMEISPI:YES

#Staffs and Standards of Glory
Dolphin Banner of Naeraanth				NAMEISPI:YES
Legion Standard, Black Sun				NAMEISPI:YES
Legion Standard, Crimson Moon				NAMEISPI:YES
Legion Standard, Legio Lex Talionis			NAMEISPI:YES
Legion Standard, Legion of the Watchful Hunter	NAMEISPI:YES
Sskoreth;s Staff oh Doninion				NAMEISPI:YES
Staff of Wizardry

