# CVS $Revision: $ $Author: $ -- Thu Nov 29 22:57:25 2007 -- reformated by prettylst.pl v1.38 (build 4314)
SOURCELONG:Forged in Magic	SOURCESHORT:FiM	SOURCEWEB:http://www.paradigmconcepts.com
#Original Entry:E. C. Smith (Maredudd), 2007

###Block: Armor Attachments -----------------------------------------------------------------------
# Equipment Name
Altherian Horseman's Tabard		COST:24000	TYPE:ArmorAttachment.Specific	SOURCEPAGE:pg.12	SPROP:Use Mounted Combat twice a round, Gain Benefits from the Spirited Charge Feat while mounted	VFEAT:Spirited Charge|Mounted Combat
Beltine's Blessed Relief		COST:20000	TYPE:ArmorAttachment.Specific	SOURCEPAGE:pg.12	SPROP:Soul and Body preserved till raised; cannot become undead
Blessing of Neroth			COST:75000	TYPE:ArmorAttachment.Specific	SOURCEPAGE:pg.12	SPROP:Become Undead in Type, gaining immunities and vulnerabilities	
Centurion's Pin				COST:50000	TYPE:ArmorAttachment.Specific	SOURCEPAGE:pg.12	SPROP:Permanent magic circle against evil
Cuirass of the Hussar			COST:4660	TYPE:ArmorAttachment.Specific	SOURCEPAGE:pg.12	SPROP:Allows rider and mount to Jump as the spell 3/day [6th level] and +10 insight bonus to it's speed for 1 minute
Defender of the Woodlands Tabard	COST:63300	TYPE:ArmorAttachment.Specific	SOURCEPAGE:pg.12	SPROP:Empower one spell 1/day, +4 enhancement bonus to Wisdom; druids may wild shape 1 additional time, clerics may make two additional turn attempts	BONUS:VAR|TurnUndeadTimes|2	
Dolphin Tabard				COST:16500	TYPE:ArmorAttachment.Specific	SOURCEPAGE:pg.13	SPROP:Breath water, Swim of 20					BONUS:MOVEADD|TYPE.Swim|20
Legionnaire's Pin			COST:9000	TYPE:ArmorAttachment.Specific	SOURCEPAGE:pg.13	SPROP:Permanent protection from evil spell
Legionnaire's Plume			COST:16000	TYPE:ArmorAttachment.Specific	SOURCEPAGE:pg.13	SPROP:+4 luck bonus to saving throws and other checks made to resist fear effects.	BONUS:CHECKS|ALL|4|TYPE=Luck
Nier's Hart				COST:25500	TYPE:ArmorAttachment.Specific	SOURCEPAGE:pg.13	SPROP:Fire resistance 10 to fire, haste [free action] for five rounds each day
Pin of Sarish's Might			COST:15000	TYPE:ArmorAttachment.Specific	SOURCEPAGE:pg.13	SPROP:Infernal must make DC 23 Will save or be unable touch or attack wearer.
Plume of Righteous Victory		COST:22000	TYPE:ArmorAttachment.Specific	SOURCEPAGE:pg.13	SPROP:1/day message; telepathic bond [9th level] 1/day
Radiance of Illiir			COST:22500	TYPE:ArmorAttachment.Specific	SOURCEPAGE:pg.14	SPROP:Anyone attempting to lie to the wearer must make DC 20 Will, or be unable to lie for one hour
Sea Tabard				COST:30600	TYPE:ArmorAttachment.Specific	SOURCEPAGE:pg.14	SPROP:Command sea creatures as dominate monster spell [17th level] 1/day. Water walk 1/day
Surcoat of the Eldritch Defender	COST:30100	TYPE:ArmorAttachment.Specific	SOURCEPAGE:pg.14	SPROP:If you have the Battlemage ability of a spellblade you can make any weapon you wield into a +1 defending weapon. Gain a Deflection AC for 1 minute equal to Spell level cast into surcoat x1.5 (round down)
Tabard of the Reluctant Warrior		COST:50000	TYPE:ArmorAttachment.Specific	SOURCEPAGE:pg.14	SPROP:Gain +2 sacred bonus to AC, to hit and to damage for duration of encounter [in defense of those unable to defend themselves]
Tabard of Tenacity			COST:65000	TYPE:ArmorAttachment.Specific	SOURCEPAGE:pg.14	SPROP:Damage reduction 3/-, 50% chance to negate a critical hit or sneak attack.	DR:3/-
Tabard of Stealth			COST:39500	TYPE:ArmorAttachment.Specific	SOURCEPAGE:pg.14	SPROP:+10 competence bonus to all Hide and Move Silently checks. Activate Silent Invisibility 3/day for 30 minute duration each time.	BONUS:SKILL|Hide,Move Silently|10|TYPE=Competence
#
##EOF
#