




# Academics - 2 / 4 (Non-Immortals)
Biology
Earth Science
Linguistics
Occult
Theoretical Sciences
Social Sciences

# Actives - Base Cost 4
Animal Discipline
Evasion
Ground Vehicle
Gymnastics
Pilot
Shipboard
Sports
Survival

# Combat - Base Cost 4
Dodge
Blade Weapons
Bashing Weapon
Firearm
Military Weapon
Missile Weapon
Parrying Weapon
Polearm Weapon
Thrown Weapon
Unarmed Combat
Exotic Weapon

# Professional - Base Cost 4
Artistry
Business
Computer
Crafts
Investigation
Larceny
Medicine
Trades

# Social - Base Cost 4
Culture
Indoctrination
Performance
Persuasion

