# CVS $Revision: $ $Author: $ -- Wed Aug 10 23:25:54 2011 -- reformated by prettylst.pl v1.39 (build 15052)
SOURCELONG:Book of Drakes	SOURCESHORT:BoD	SOURCEWEB:http://www.koboldquarterly.com/k/front-page9778.php	SOURCEDATE:2011-06
# Original Entry by: Eric C. Smith

##
## Block: Class Templates
##
# Oracle Class Templates
# Template Name	Size		Visible	Source Page		Combat bonus				Stat bonus					Modify VAR				Ability											Move			Race Subtype		Vision				Natural Attacks											Description
Oracle Clawed Curse			VISIBLE:NO				NATURALATTACKS:Claws,Weapon.Natural.Melee.Finesseable.Bludgeoning.Slashing,*2,1d4				BONUS:WEAPONPROF=Claws|DAMAGESIZE|2|PRECLASS:1,Monk=15

##
##Block: Base Drake Templates
# Template Name			Visible	Template		Bonuses						Stat bonus

##
##Block: Drake Form Templates
##
# Template Name	Size		Visible	Source Page		Combat bonus				Stat bonus					Modify VAR				Ability											Move			Race Subtype		Vision				Natural Attacks											Description
Drake Form I	FACT:BaseSize|S	VISIBLE:YES				BONUS:VAR|AC_Natural_Armor|2|TYPE=Base	BONUS:STAT|DEX|4|TYPE=Size		BONUS:VAR|Maneuverability|2	ABILITY:Special Ability|AUTOMATIC|Flight Maneuverability|Telepathy	MOVE:Fly,40						VISION:Darkvision (60')		NATURALATTACKS:Bite,Weapon.Natural.Melee.Bludgeoning.Piercing.Slashing,1,1d6	DESC:You have taken the form of a Small lesser dragon.
#CHOOSE:ABILITY|Special Ability|TYPE=DrakeBreath BONUS:VAR|BreathWeaponDice|4	BONUS:VAR|BreathWeaponDamageDie|6	BONUS:VAR|BreathWeaponCone|20	BONUS:VAR|BreathWeaponLine|40	BONUS:VAR|BreathWeaponRechargeRateDie|4
#
Drake Form II	FACT:BaseSize|M	VISIBLE:YES				BONUS:VAR|AC_Natural_Armor|3|TYPE=Base	BONUS:STAT|STR,DEX,CON|2|TYPE=Size	BONUS:VAR|Maneuverability|2	ABILITY:Special Ability|AUTOMATIC|Flight Maneuverability|Telepathy	MOVE:Fly,60						VISION:Darkvision (60')		NATURALATTACKS:Bite,Weapon.Natural.Melee.Bludgeoning.Piercing.Slashing,1,1d8	DESC:You have taken the form of a Medium lesser dragon.
Drake Form III	FACT:BaseSize|L	VISIBLE:YES				BONUS:VAR|AC_Natural_Armor|4|TYPE=Base	BONUS:STAT|STR,CON|4|TYPE=Size	BONUS:VAR|Maneuverability|2	ABILITY:Special Ability|AUTOMATIC|Flight Maneuverability|Telepathy	MOVE:Fly,90						VISION:Darkvision (90')		NATURALATTACKS:Bite,Weapon.Natural.Melee.Bludgeoning.Piercing.Slashing,1,2d6	DESC:You have taken the form of a Large lesser dragon.
Drake Form IV	FACT:BaseSize|L	VISIBLE:YES				BONUS:VAR|AC_Natural_Armor|6|TYPE=Base	BONUS:STAT|STR,CON|6|TYPE=Size	BONUS:VAR|Maneuverability|2	ABILITY:Special Ability|AUTOMATIC|Flight Maneuverability|Telepathy	MOVE:Fly,120					VISION:Darkvision (120')	NATURALATTACKS:Claw,Weapon.Natural.Melee.Piercing.Slashing,*2,2d8		DESC:You have taken the form of a Large lesser dragon.

#--------------------------------------------------------------------------------------------------------------
##
##Block: Subtype Templates
##
# Template Name	Size		Visible	Source Page		Combat bonus				Stat bonus					Modify VAR				Ability											Move			Race Subtype		Vision				Natural Attacks											Description
Esoteric				VISIBLE:NO	SOURCEPAGE:p.5																																	RACESUBTYPE:Esoteric
Geographic				VISIBLE:NO	SOURCEPAGE:p.5																																	RACESUBTYPE:Geographic
Material				VISIBLE:NO	SOURCEPAGE:p.5																																	RACESUBTYPE:Material

###
### Block: Drake Natural Weapons
###
#Template NAME					VISIBLE			Prerequisite				Natural Attacks
Drake Natural Weapons (Tiny)	VISIBLE:NO		PRESIZEEQ:T					NATURALATTACKS:Bite,Weapon.Natural.Melee.Finesseable.Bludgeoning.Piercing.Slashing,*1,1d3		NATURALATTACKS:Claw,Weapon.Natural.Melee.Finesseable.Bludgeoning.Slashing,*2,1d2
Drake Natural Weapons (Small)	VISIBLE:NO		PRESIZEEQ:S					NATURALATTACKS:Bite,Weapon.Natural.Melee.Finesseable.Bludgeoning.Piercing.Slashing,*1,1d6		NATURALATTACKS:Claw,Weapon.Natural.Melee.Finesseable.Bludgeoning.Slashing,*2,1d4		BONUS:WIELDCATEGORY|TwoHanded|-1
Drake Natural Weapons (Medium)	VISIBLE:NO		PRESIZEEQ:M					NATURALATTACKS:Bite,Weapon.Natural.Melee.Finesseable.Bludgeoning.Piercing.Slashing,*1,1d6		NATURALATTACKS:Claw,Weapon.Natural.Melee.Finesseable.Bludgeoning.Slashing,*2,1d4		NATURALATTACKS:Wing,Weapon.Natural.Melee.Finesseable.Bludgeoning,*2,1d4		BONUS:WEAPONPROF=Wing|DAMAGE|-(STR/2)	BONUS:WEAPONPROF=Wing|TOHIT|-5	BONUS:WEAPONPROF=Wing|TOHIT|3|PREABILITY:1,CATEGORY=FEAT,Multiattack
Drake Natural Weapons (Large)	VISIBLE:NO		PRESIZEEQ:L					NATURALATTACKS:Bite,Weapon.Natural.Melee.Finesseable.Bludgeoning.Piercing.Slashing,*1,1d10		NATURALATTACKS:Claw,Weapon.Natural.Melee.Finesseable.Bludgeoning.Slashing,*2,1d6		NATURALATTACKS:Wing,Weapon.Natural.Melee.Finesseable.Bludgeoning,*2,1d6		NATURALATTACKS:Tail Slap,Weapon.Natural.Melee.Finesseable.Bludgeoning,*1,1d8		BONUS:WEAPONPROF=Wing|DAMAGE|-(STR/2)	BONUS:WEAPONPROF=Wing|TOHIT|-5	BONUS:WEAPONPROF=Wing|TOHIT|3|PREABILITY:1,CATEGORY=FEAT,Multiattack		BONUS:WEAPONPROF=Tail Slap|DAMAGE|-(STR/2)	BONUS:WEAPONPROF=Tail Slap|TOHIT|-5	BONUS:WEAPONPROF=Tail Slap|TOHIT|3|PREABILITY:1,CATEGORY=FEAT,Multiattack

###
###Block: Builder templates
###
## Tiny Drake Natural Attacks
# Template Name	Unique Key				Size		Visible	Required Size	Combat bonus																						Adjust PC Size							Stat bonus																Weapon prof. bonus																					Wield Category bonus				Natural Attacks														Temporary effect description
Bite			KEY:Bite ~ Tiny Drake				VISIBLE:NO	PRESIZEEQ:T																																																																																			NATURALATTACKS:Bite,Weapon.Natural.Melee.Finesseable.Bludgeoning.Piercing.Slashing,*1,1d3
Claws			KEY:Claw ~ Tiny Drake				VISIBLE:NO	PRESIZEEQ:T																																																																																			NATURALATTACKS:Claw,Weapon.Natural.Melee.Finesseable.Bludgeoning.Slashing,*2,1d2
Wings			KEY:Wing ~ Tiny Drake				VISIBLE:NO	PRESIZEEQ:T																																																				BONUS:WEAPONPROF=Wing|DAMAGE|-(STR/2)	BONUS:WEAPONPROF=Wing|TOHIT|-5	BONUS:WEAPONPROF=Wing|TOHIT|3|PREABILITY:1,CATEGORY=FEAT,Multiattack										NATURALATTACKS:Wing,Weapon.Natural.Melee.Finesseable.Bludgeoning,*2,1d2
Tail Slap		KEY:Tail Slap ~ Tiny Drake			VISIBLE:NO	PRESIZEEQ:T																																																				BONUS:WEAPONPROF=Tail Slap|DAMAGE|-(STR/2)	BONUS:WEAPONPROF=Tail Slap|TOHIT|-5	BONUS:WEAPONPROF=Tail Slap|TOHIT|3|PREABILITY:1,CATEGORY=FEAT,Multiattack								NATURALATTACKS:Tail Slap,Weapon.Natural.Melee.Finesseable.Bludgeoning,*1,1d3
Tentacles		KEY:Tentacle ~ Tiny Drake			VISIBLE:NO	PRESIZEEQ:T																																																				BONUS:WEAPONPROF=Tentacle|DAMAGE|-(STR/2)	BONUS:WEAPONPROF=Tentacle|TOHIT|-5	BONUS:WEAPONPROF=Tentacle|TOHIT|3|PREABILITY:1,CATEGORY=FEAT,Multiattack								NATURALATTACKS:Tentacle,Weapon.Natural.Melee.Finesseable.Bludgeoning,*2,1d2
Slam			KEY:Slam ~ Tiny Drake				VISIBLE:NO	PRESIZEEQ:T																																																																																			NATURALATTACKS:Slam,Weapon.Natural.Melee.Finesseable.Bludgeoning,*1,1d2
Sting			KEY:Sting ~ Tiny Drake				VISIBLE:NO	PRESIZEEQ:T																																																																																			NATURALATTACKS:Sting,Weapon.Natural.Melee.Finesseable.Piercing,*1,1d2
## Small Drake Natural Attacks
# Template Name	Unique Key				Size		Visible	Required Size	Combat bonus																						Adjust PC Size							Stat bonus																Weapon prof. bonus																					Wield Category bonus				Natural Attacks														Temporary effect description
Bite			KEY:Bite ~ Small Drake		SIZE:S	VISIBLE:NO	PRESIZEEQ:S																																																																																			NATURALATTACKS:Bite,Weapon.Natural.Melee.Finesseable.Bludgeoning.Piercing.Slashing,*1,1d4
Claws			KEY:Claw ~ Small Drake		SIZE:S	VISIBLE:NO	PRESIZEEQ:S																																																																																			NATURALATTACKS:Claw,Weapon.Natural.Melee.Finesseable.Bludgeoning.Slashing,*2,1d3
Wings			KEY:Wing ~ Small Drake		SIZE:S	VISIBLE:NO	PRESIZEEQ:S																																																				BONUS:WEAPONPROF=Wing|DAMAGE|-(STR/2)	BONUS:WEAPONPROF=Wing|TOHIT|-5	BONUS:WEAPONPROF=Wing|TOHIT|3|PREABILITY:1,CATEGORY=FEAT,Multiattack										NATURALATTACKS:Wing,Weapon.Natural.Melee.Finesseable.Bludgeoning,*2,1d3
Tail Slap		KEY:Tail Slap ~ Small Drake	SIZE:S	VISIBLE:NO	PRESIZEEQ:S																																																				BONUS:WEAPONPROF=Tail Slap|DAMAGE|-(STR/2)	BONUS:WEAPONPROF=Tail Slap|TOHIT|-5	BONUS:WEAPONPROF=Tail Slap|TOHIT|3|PREABILITY:1,CATEGORY=FEAT,Multiattack								NATURALATTACKS:Tail Slap,Weapon.Natural.Melee.Finesseable.Bludgeoning,*1,1d4
Tentacles		KEY:Tentacle ~ Small Drake	SIZE:S	VISIBLE:NO	PRESIZEEQ:S																																																				BONUS:WEAPONPROF=Tentacle|DAMAGE|-(STR/2)	BONUS:WEAPONPROF=Tentacle|TOHIT|-5	BONUS:WEAPONPROF=Tentacle|TOHIT|3|PREABILITY:1,CATEGORY=FEAT,Multiattack								NATURALATTACKS:Tentacle,Weapon.Natural.Melee.Finesseable.Bludgeoning,*2,1d3
Slam			KEY:Slam ~ Small Drake		SIZE:S	VISIBLE:NO	PRESIZEEQ:S																																																																																			NATURALATTACKS:Slam,Weapon.Natural.Melee.Finesseable.Bludgeoning,*2,1d3
Sting			KEY:Sting ~ Small Drake		SIZE:S	VISIBLE:NO	PRESIZEEQ:S																																																																																			NATURALATTACKS:Sting,Weapon.Natural.Melee.Finesseable.Piercing,*1,1d3
## Medium Drake Natural Attacks
# Template Name	Unique Key				Size		Visible	Required Size	Combat bonus																						Adjust PC Size							Stat bonus																Weapon prof. bonus																					Wield Category bonus				Natural Attacks														Temporary effect description
Bite			KEY:Bite ~ Medium Drake				VISIBLE:NO	PRESIZEEQ:M																																																																																			NATURALATTACKS:Bite,Weapon.Natural.Melee.Finesseable.Bludgeoning.Piercing.Slashing,*1,1d6
Claws			KEY:Claw ~ Medium Drake				VISIBLE:NO	PRESIZEEQ:M																																																																																			NATURALATTACKS:Claw,Weapon.Natural.Melee.Finesseable.Bludgeoning.Slashing,*2,1d4
Wings			KEY:Wing ~ Medium Drake				VISIBLE:NO	PRESIZEEQ:M																																																				BONUS:WEAPONPROF=Wing|DAMAGE|-(STR/2)	BONUS:WEAPONPROF=Wing|TOHIT|-5	BONUS:WEAPONPROF=Wing|TOHIT|3|PREABILITY:1,CATEGORY=FEAT,Multiattack										NATURALATTACKS:Wing,Weapon.Natural.Melee.Finesseable.Bludgeoning,*2,1d4
Tail Slap		KEY:Tail Slap ~ Medium Drake			VISIBLE:NO	PRESIZEEQ:M																																																				BONUS:WEAPONPROF=Tail Slap|DAMAGE|-(STR/2)	BONUS:WEAPONPROF=Tail Slap|TOHIT|-5	BONUS:WEAPONPROF=Tail Slap|TOHIT|3|PREABILITY:1,CATEGORY=FEAT,Multiattack								NATURALATTACKS:Tail Slap,Weapon.Natural.Melee.Finesseable.Bludgeoning,*1,1d6
Tentacles		KEY:Tentacle ~ Medium Drake			VISIBLE:NO	PRESIZEEQ:M																																																				BONUS:WEAPONPROF=Tentacle|DAMAGE|-(STR/2)	BONUS:WEAPONPROF=Tentacle|TOHIT|-5	BONUS:WEAPONPROF=Tentacle|TOHIT|3|PREABILITY:1,CATEGORY=FEAT,Multiattack								NATURALATTACKS:Tentacle,Weapon.Natural.Melee.Finesseable.Bludgeoning,*2,1d4
Slam			KEY:Slam ~ Medium Drake				VISIBLE:NO	PRESIZEEQ:M																																																																																			NATURALATTACKS:Slam,Weapon.Natural.Melee.Finesseable.Bludgeoning,*1,1d4
Sting			KEY:Sting ~ Medium Drake			VISIBLE:NO	PRESIZEEQ:M																																																																																			NATURALATTACKS:Sting,Weapon.Natural.Melee.Finesseable.Piercing,*1,1d4
## Large Drake Natural Attacks
# Template Name	Unique Key				Size		Visible	Required Size	Combat bonus																						Adjust PC Size							Stat bonus																Weapon prof. bonus																					Wield Category bonus				Natural Attacks														Temporary effect description
Bite			KEY:Bite ~ Large Drake				VISIBLE:NO	PRESIZEEQ:L																																																																																			NATURALATTACKS:Bite,Weapon.Natural.Melee.Finesseable.Bludgeoning.Piercing.Slashing,*1,1d8
Claws			KEY:Claw ~ Large Drake				VISIBLE:NO	PRESIZEEQ:L																																																																																			NATURALATTACKS:Claw,Weapon.Natural.Melee.Finesseable.Bludgeoning.Slashing,*2,1d6
Wings			KEY:Wing ~ Large Drake				VISIBLE:NO	PRESIZEEQ:L																																																				BONUS:WEAPONPROF=Wing|DAMAGE|-(STR/2)	BONUS:WEAPONPROF=Wing|TOHIT|-5	BONUS:WEAPONPROF=Wing|TOHIT|3|PREABILITY:1,CATEGORY=FEAT,Multiattack										NATURALATTACKS:Wing,Weapon.Natural.Melee.Finesseable.Bludgeoning,*2,1d6
Tail Slap		KEY:Tail Slap ~ Large Drake			VISIBLE:NO	PRESIZEEQ:L																																																				BONUS:WEAPONPROF=Tail Slap|DAMAGE|-(STR/2)	BONUS:WEAPONPROF=Tail Slap|TOHIT|-5	BONUS:WEAPONPROF=Tail Slap|TOHIT|3|PREABILITY:1,CATEGORY=FEAT,Multiattack								NATURALATTACKS:Tail Slap,Weapon.Natural.Melee.Finesseable.Bludgeoning,*1,1d8
Tentacles		KEY:Tentacle ~ Large Drake			VISIBLE:NO	PRESIZEEQ:L																																																				BONUS:WEAPONPROF=Tentacle|DAMAGE|-(STR/2)	BONUS:WEAPONPROF=Tentacle|TOHIT|-5	BONUS:WEAPONPROF=Tentacle|TOHIT|3|PREABILITY:1,CATEGORY=FEAT,Multiattack								NATURALATTACKS:Tentacle,Weapon.Natural.Melee.Finesseable.Bludgeoning,*2,1d6
Slam			KEY:Slam ~ Large Drake				VISIBLE:NO	PRESIZEEQ:L																																																																																			NATURALATTACKS:Slam,Weapon.Natural.Melee.Finesseable.Bludgeoning,*1,1d6
Sting			KEY:Sting ~ Large Drake				VISIBLE:NO	PRESIZEEQ:L																																																																																			NATURALATTACKS:Sting,Weapon.Natural.Melee.Finesseable.Piercing,*1,1d6
## Huge Drake Natural Attacks
# Template Name	Unique Key				Size		Visible	Required Size	Combat bonus																						Adjust PC Size							Stat bonus																Weapon prof. bonus																					Wield Category bonus				Natural Attacks														Temporary effect description
Bite			KEY:Bite ~ Huge Drake				VISIBLE:NO	PRESIZEEQ:L																																																																																			NATURALATTACKS:Bite,Weapon.Natural.Melee.Finesseable.Bludgeoning.Piercing.Slashing,*1,1d10
Tail Slap		KEY:Tail Slap ~ Huge Drake			VISIBLE:NO	PRESIZEEQ:L																																																				BONUS:WEAPONPROF=Tail Slap|DAMAGE|-(STR/2)	BONUS:WEAPONPROF=Tail Slap|TOHIT|-5	BONUS:WEAPONPROF=Tail Slap|TOHIT|3|PREABILITY:1,CATEGORY=FEAT,Multiattack								NATURALATTACKS:Tail Slap,Weapon.Natural.Melee.Finesseable.Bludgeoning,*1,1d10

Drake ~ Tiny				REACH:0		VISIBLE:NO	PRESIZEEQ:T		BONUS:WEAPONPROF=Bite|DAMAGE|max(0,STR/2)											ABILITY:Internal|AUTOMATIC|Companion Drake Build ~ Internal		MOVE:Fly,80		NATURALATTACKS:Bite,Weapon.Natural.Melee.Finesseable.Bludgeoning.Piercing.Slashing,*1,1d3	NATURALATTACKS:Claw,Weapon.Natural.Melee.Finesseable.Piercing.Slashing,*2,1d2
Drake ~ Small					REACH:5		VISIBLE:NO	PRESIZEEQ:S		BONUS:WEAPONPROF=Bite|DAMAGE|max(0,STR/2)											ABILITY:Internal|AUTOMATIC|Companion Drake Build ~ Internal		MOVE:Fly,100	NATURALATTACKS:Bite,Weapon.Natural.Melee.Finesseable.Bludgeoning.Piercing.Slashing,*1,1d6	NATURALATTACKS:Claw,Weapon.Natural.Melee.Finesseable.Piercing.Slashing,*2,1d4
Drake ~ Medium					REACH:5		VISIBLE:NO	PRESIZEEQ:M		BONUS:WEAPONPROF=Bite|DAMAGE|max(0,STR/2)											ABILITY:Internal|AUTOMATIC|Companion Drake Build ~ Internal		MOVE:Fly,100	NATURALATTACKS:Bite,Weapon.Natural.Melee.Finesseable.Bludgeoning.Piercing.Slashing,*1,1d6	NATURALATTACKS:Claw,Weapon.Natural.Melee.Finesseable.Piercing.Slashing,*2,1d4|Wings,Weapon.Natural.Melee.Finesseable.Bludgeoning.Piercing.Slashing,*2,1d4
Drake ~ Large					REACH:5		VISIBLE:NO	PRESIZEEQ:L		BONUS:WEAPONPROF=Bite|DAMAGE|max(0,STR/2)	BONUS:WEAPONPROF=Tail Slap|DAMAGE|STR	ABILITY:Internal|AUTOMATIC|Companion Drake Build ~ Internal		MOVE:Fly,150	NATURALATTACKS:Bite,Weapon.Natural.Melee.Finesseable.Bludgeoning.Piercing.Slashing,*1,1d10	NATURALATTACKS:Claw,Weapon.Natural.Melee.Finesseable.Piercing.Slashing,*2,1d6|Wings,Weapon.Natural.Melee.Finesseable.Bludgeoning.Piercing.Slashing,*2,1d6|Tail Slap,Weapon.Natural.Melee.Finesseable.Bludgeoning.Piercing.Slashing,*1,1d8


##
##Block: Drake Ability Templates
##
# Template Name	Unique Key				Size		Visible	Required Size	Combat bonus																						Adjust PC Size							Stat bonus																Weapon prof. bonus																					Wield Category bonus				Natural Attacks														Temporary effect description
Unfold (Enlarge)								VISIBLE:NO				TEMPBONUS:PC|COMBAT|DAMAGESIZE|1	TEMPBONUS:PC|COMBAT|TOHIT,AC|-1|TYPE=Size	TEMPBONUS:PC|COMBAT|TOHIT.GRAPPLE|5|TYPE=Size										TEMPBONUS:PC|STAT|STR|2|TYPE=Size	TEMPBONUS:PC|STAT|DEX|-1*(min(2,DEXSCORE-1))|TYPE=Size																									TEMPBONUS:PC|WIELDCATEGORY|ALL|1																	TEMPDESC:Applies the effects of increasing the drakes size.
Unfold (Reduce)								VISIBLE:NO				TEMPBONUS:PC|COMBAT|DAMAGESIZE|-1	TEMPBONUS:PC|COMBAT|TOHIT,AC|1|TYPE=Size										TEMPBONUS:PC|SIZEMOD|NUMBER|-1|TYPE=Temporary	TEMPBONUS:PC|STAT|STR|-1*(min(2,STRSCORE-1))|TYPE=Size	TEMPBONUS:PC|STAT|DEX|2|TYPE=Size																																																TEMPDESC:Applies the effects of reducing the drakes size.


##
##Block: Master of Drake Forms Ability Templates
##
# Template Name	Unique Key				Size		Visible	Required Size	Combat bonus																						Adjust PC Size							Stat bonus																Weapon prof. bonus																					Wield Category bonus				Natural Attacks														Temporary effect description
Drake Apotheosis Claw Attack								VISIBLE:NO																																																																																					NATURALATTACKS:Claws,Weapon.Natural.Melee.Finesseable.Bludgeoning.Slashing,*2,1d6
Drake Bite									VISIBLE:NO																																																																																					NATURALATTACKS:Bite,Weapon.Natural.Melee.Finesseable.Bludgeoning.Piercing.Slashing,*1,1d8
