# CVS $Revision: $ $Author: $ -- Wed Aug 10 23:25:54 2011 -- reformated by prettylst.pl v1.39 (build 15052)
SOURCELONG:Book of Drakes	SOURCESHORT:BoD	SOURCEWEB:http://www.koboldquarterly.com/k/front-page9778.php	SOURCEDATE:2011-06
# Original Entry by: Eric C. Smith

## ------------------------------------------------------------------------------------------------------------------------------------------------------------
## Block: Alternate Classes
## ------------------------------------------------------------------------------------------------------------------------------------------------------------

# Class Name	Hit Dice	Type			Abbreviation	Max Level	Source Page		Group of Prohibited Spells		Save checks bonus											Combat bonus
CLASS:Drake Tamer	HD:8		TYPE:Base.PC	ABB:DrTmr		MAXLEVEL:20	SOURCEPAGE:p.17	PROHIBITSPELL:DESCRIPTOR.Eidolon	BONUS:SAVE|BASE.Fortitude,BASE.Reflex|CL/3	BONUS:SAVE|BASE.Will|CL/2+2	BONUS:COMBAT|BASEAB|CL*3/4|TYPE=Base.REPLACE
# Class Name	Skill Pts/Lvl	Class Skill
CLASS:Drake Tamer	STARTSKILLPTS:4	CSKILL:Appraise|Bluff|Diplomacy|Handle Animal|Intimidate|Knowledge (Arcana)|Linguistics|Perception|Ride|Sense Motive
# Class Name	Spell Stat		Spell Type		Memorize	Caster level				Use Spell List
CLASS:Drake Tamer	SPELLSTAT:CHA	SPELLTYPE:Arcane	MEMORIZE:NO	BONUS:CASTERLEVEL|Drake Tamer|CL	SPELLLIST:1|Summoner
###Block:Proficiencies
1	ABILITY:Special Ability|AUTOMATIC|All Automatic Proficiencies	AUTO:FEAT|Simple Weapon Proficiency
1												AUTO:FEAT|Armor Proficiency (Light)
###Block: Class Features
1	BONUS:VAR|DrakeLevel|CL				ABILITY:Special Ability|AUTOMATIC|Cantrips ~ Drake Tamer
1	BONUS:VAR|DragonFriendBonus|CL/2	ABILITY:Special Ability|AUTOMATIC|Dragon Friend ~ Drake Tamer
1										ABILITY:Special Ability|AUTOMATIC|Drake Companion ~ Drake Tamer
1										ABILITY:Special Ability|AUTOMATIC|Share Spells ~ Drake Tamer
1										ABILITY:Special Ability|AUTOMATIC|Empathic Link ~ Drake Tamer
2										ABILITY:Special Ability|AUTOMATIC|Drake Flank ~ Drake Tamer
2										ABILITY:Special Ability|AUTOMATIC|Summon Drake ~ Drake Tamer
3										ABILITY:Special Ability|AUTOMATIC|Deliver Touch Spells ~ Drake Tamer
4	BONUS:VAR|DrakeFeatureBonus|2		ABILITY:Special Ability|AUTOMATIC|Drake Feature ~ Drake Tamer
6										ABILITY:Special Ability|AUTOMATIC|Drake Devotion ~ Drake Tamer
8										ABILITY:Special Ability|AUTOMATIC|Drake Apportation ~ Drake Tamer
10	BONUS:VAR|DrakeFeatureBonus|5
12										ABILITY:Special Ability|AUTOMATIC|Scry on Drake ~ Drake Tamer
14										ABILITY:Special Ability|AUTOMATIC|Drake Telepathy ~ Drake Tamer
16	BONUS:VAR|DrakeFeatureBonus|5		ABILITY:Special Ability|AUTOMATIC|Drake Diplomat ~ Drake Tamer
20										ABILITY:Special Ability|AUTOMATIC|Dual Drake ~ Drake Tamer
###Block: Spellcasting
1	CAST:0,1			KNOWN:4,2
2	CAST:0,2			KNOWN:5,3
3	CAST:0,3			KNOWN:6,4
4	CAST:0,3,1			KNOWN:6,4,2
5	CAST:0,4,2			KNOWN:6,4,3
6	CAST:0,4,3			KNOWN:6,4,4
7	CAST:0,4,3,1		KNOWN:6,5,4,2
8	CAST:0,4,4,2		KNOWN:6,5,4,3
9	CAST:0,5,4,3		KNOWN:6,5,4,4
10	CAST:0,5,4,3,1		KNOWN:6,5,5,4,2
11	CAST:0,5,4,4,2		KNOWN:6,6,5,4,3
12	CAST:0,5,5,4,3		KNOWN:6,6,5,4,4
13	CAST:0,5,5,4,3,1		KNOWN:6,6,5,5,4,2
14	CAST:0,5,5,4,4,2		KNOWN:6,6,6,5,4,3
15	CAST:0,5,5,5,4,3		KNOWN:6,6,6,5,4,4
16	CAST:0,5,5,5,4,3,1	KNOWN:6,6,6,5,5,4,2
17	CAST:0,5,5,5,4,4,2	KNOWN:6,6,6,6,5,4,3
18	CAST:0,5,5,5,5,4,3	KNOWN:6,6,6,6,5,4,4
19	CAST:0,5,5,5,5,5,4	KNOWN:6,6,6,6,5,5,4
20	CAST:0,5,5,5,5,5,5	KNOWN:6,6,6,6,6,5,5



## ------------------------------------------------------------------------------------------------------------------------------------------------------------
## Block: Master of Drake Forms Prestige Class
## ------------------------------------------------------------------------------------------------------------------------------------------------------------

# Class Name			Hit Dice	Type			Abbreviation	Max Level	Source Page		Save checks bonus													Combat bonus
CLASS:Master of Drake Forms	HD:6		TYPE:PC.Prestige	ABB:MoDF		MAXLEVEL:10	SOURCEPAGE:p.19	BONUS:SAVE|BASE.Fortitude,BASE.Reflex|(CL+1)/2	BONUS:SAVE|BASE.Will|(CL+1)/3	BONUS:COMBAT|BASEAB|CL*3/4|TYPE=Base.REPLACE
# Class Name			Required Skill					Required Text
CLASS:Master of Drake Forms	PRESKILL:2,Fly=4,Knowledge (Arcana)=5	PRETEXT:Must have shapechanged into a draconic form.
# Class Name			Skill Pts/Lvl	Class Skill
CLASS:Master of Drake Forms	STARTSKILLPTS:2	CSKILL:Bluff|Disguise|Fly|Intimidate|Knowledge (Arcana)|Perception|Sense Motive
###Block: Progression
1								BONUS:VAR|DrakeshapeTimes|1+(CL-1)/3	BONUS:VAR|DrakeshapeDuration|10*CL														ABILITY:Special Ability|AUTOMATIC|Dragon Tongue ~ Master of Drake Forms|Drakeshape ~ Master of Drake Forms
2	BONUS:ABILITYPOOL|Draconic Vision|1																												ABILITY:Special Ability|AUTOMATIC|Draconic Vision ~ Master of Drake Forms|Dragonhide ~ Master of Drake Forms|Familiar Downplay ~ Master of Drake Forms
3	BONUS:ABILITYPOOL|Drake Bonus Feat|1																											ABILITY:Special Ability|AUTOMATIC|Draconic Resistances ~ Master of Drake Forms
4								BONUS:VAR|DrakeBiteTimes|CL																						ABILITY:Special Ability|AUTOMATIC|Drake Bite ~ Master of Drake Forms|Two is Better Than One ~ Master of Drake Forms
5	BONUS:ABILITYPOOL|Drake Bonus Feat|1																											ABILITY:Special Ability|AUTOMATIC|Flight ~ Master of Drake Forms
6																																		ABILITY:Special Ability|AUTOMATIC|Breath Weapon ~ Master of Drake Forms
7	BONUS:ABILITYPOOL|Drake Bonus Feat|1
8	BONUS:ABILITYPOOL|Draconic Vision|1
9	BONUS:ABILITYPOOL|Drake Bonus Feat|1
10																					ADD:ABILITY|Special Ability|VIRTUAL|Apotheosis ~ Master of Drake Forms


## ------------------------------------------------------------------------------------------------------------------------------------------------------------
## Block: Drake Monster Class
## ------------------------------------------------------------------------------------------------------------------------------------------------------------
# Class Name							Hit Dice	Type			Max Level		Source Page		Ability																	Save checks bonus								Combat bonus
CLASS:Drake		SERVESAS:CLASS|Dragon	HD:12		TYPE:Monster	MAXLEVEL:NOLIMIT	SOURCEPAGE:p.307	ABILITY:Special Ability|AUTOMATIC|Dragon Traits|PREVAREQ:NoTypeTraits,0	ABILITY:FEAT|AUTOMATIC|CMB Output	BONUS:SAVE|BASE.Fortitude,BASE.Reflex,BASE.Will|CL/2+2	BONUS:COMBAT|BASEAB|CL|TYPE=Base.REPLACE
# Class Name	Reg. Race Type
CLASS:Drake	PRERACETYPE:Dragon
# Class Name	Skill Pts/Lvl	Add INT to Skill Points?	Class Skill
CLASS:Drake	STARTSKILLPTS:6	MODTOSKILLS:YES			CSKILL:Appraise|Bluff|Climb|TYPE=Craft|Diplomacy|Fly|Heal|Intimidate|TYPE=Knowledge|Linguistics|Perception|Sense Motive|Spellcraft|Stealth|Survival|Swim|Use Magic Device


## ------------------------------------------------------------------------------------------------------------------------------------------------------------
## Block: Drake Companion Class
## ------------------------------------------------------------------------------------------------------------------------------------------------------------
# Class Name		Output Name		Hit Dice	Type				Abbreviation	Max Level	Source Page		Ability											Save checks bonus								Combat bonus
#CLASS:Drake Companion	OUTPUTNAME:Drake	HD:12		TYPE:Monster.Companion		ABB:DC	MAXLEVEL:20	SOURCEPAGE:p.18	ABILITY:Special Ability|AUTOMATIC|Dragon Traits|PREVAREQ:NoTypeTraits,0	ABILITY:FEAT|AUTOMATIC|CMB Output	BONUS:SAVE|BASE.Fortitude,BASE.Reflex,BASE.Will|CL/2+2	BONUS:COMBAT|BASEAB|CL|TYPE=Base.REPLACE
# Class Name		Skill Pts/Lvl	Class Skill
#CLASS:Drake Companion	STARTSKILLPTS:6		MODTOSKILLS:YES		CSKILL:Appraise|Bluff|Climb|TYPE.Craft|Diplomacy|Fly|Heal|Intimidate|TYPE.Knowledge|Linguistics|Perception|Sense Motive|Spellcraft|Stealth|Survival|Swim|Use Magic Device
###Block: Level Advancement









## ------------------------------------------------------------------------------------------------------------------------------------------------------------
## Block: Core Class Modification
## ------------------------------------------------------------------------------------------------------------------------------------------------------------

CLASS:Wizard.MOD
1	DEFINE:DrakeFormITemplateActivate|0	DEFINE:DrakeFormIITemplateActivate|0	DEFINE:DrakeFormIIITemplateActivate|0	DEFINE:DrakeFormIVTemplateActivate|0	ABILITY:Special Ability|AUTOMATIC|Drake Form I Activate ~ Spell Ability|PREVARGTEQ:DrakeFormITemplateActivate,1
