SOURCELONG:Book of Drakes	SOURCESHORT:BoD	SOURCEWEB:http://www.koboldquarterly.com/k/front-page9778.php	SOURCEDATE:2011-06
# Original Entry by: Eric C. Smith

## ------------------------------------------------------------------------------------------------------------------------------------------------------------
## Block: Ranger's Favored Nemesis Archetype
## ------------------------------------------------------------------------------------------------------------------------------------------------------------

##Block: Ranger (Favored Nemesis) Architype
# Ability Name								Unique Key								Category of Ability		Type												Visible		Required Class		Prohibited Feat				Multiple Requirements																								Required Var. value				Var. Min. Value			Required Vision				Prohibited Vision				Define																			Description																																																																																																																																																																																																																																																																																	Multiple?	Choose							Template				Move		Virtual Feat			Ability																																										Automatic Languages	Bonus to Ability Pool						Save checks bonus				Combat bonus											Add to base move							Adjust PC Size		Stat bonus								Modify VAR																																												Add to vision			Allow Follower			Allowed Companions							Class Skill					Vision			Cost		Source Page		Description of the Benefits
Favored Nemesis				KEY:Ranger Archetype ~ Favored Nemesis				CATEGORY:Archetype	TYPE:Archetype.RangerFavoredTerrain		PRECLASS:1,Ranger=1		PREMULT:1,[PREABILITY:1,CATEGORY=Archetype,Ranger Archetype ~ Favored Nemesis],[!PREABILITY:1,CATEGORY=Archetype,TYPE.RangerFavoredTerrain]		DEFINE:RangerFavoredNemesisLVL|classlevel("Ranger")		DEFINE:FavoredNemesisPool|0		DEFINE:FavoredNemesisBase|2				BONUS:ABILITYPOOL|Favored Nemesis|FavoredNemesisPool|PREVARGTEQ:RangerFavoredNemesisLVL,3		BONUS:ABILITYPOOL|Favored Nemesis Bonus|max(0,FavoredNemesisPool-1)|PREVARGTEQ:RangerFavoredNemesisLVL,8			COST:0		SOURCEPAGE:pg.15														BONUS:VAR|FavoredNemesisPool|(RangerFavoredNemesisLVL+2)/5

## ------------------------------------------------------------------------------------------------------------------------------------------------------------
## Block: Ranger's Favored Nemesis Abilities Workaround
## ------------------------------------------------------------------------------------------------------------------------------------------------------------

##Block: Ranger (Favored Nemesis) Racial Type Abilities
# Ability Name			Category of Ability		Type									Visible	Define								Description																															Multiple?	Source Page		Aspects								Description of the Benefits
Favored Nemesis (Aberration)		CATEGORY:Special Ability	TYPE:SpecialQuality.Extraordinary.FavoredNemesis	PREMULT:2,[PREABILITY:1,CATEGORY=Special Ability,Favored Enemy (Aberration)],[!PREABILITY:1,CATEGORY=Special Ability,Favored Nemesis (Aberration)]		DEFINE:FavoredNemesisAberration|FavoredAberration+FavoredNemesisBase	MULT:YES	CHOOSE:RACE|RACETYPE=Aberration		DESC:You receive a +%1 bonus against a %2.|FavoredNemesisAberration|%CHOICE		SOURCEPAGE:pg.15	ASPECT:Ability Benefit|+%1|FavoredNemesisAberration
Favored Nemesis (Animal)		CATEGORY:Special Ability	TYPE:SpecialQuality.Extraordinary.FavoredNemesis	PREMULT:2,[PREABILITY:1,CATEGORY=Special Ability,Favored Enemy (Animal)],[!PREABILITY:1,CATEGORY=Special Ability,Favored Nemesis (Animal)]		DEFINE:FavoredNemesisAnimal|FavoredAnimal+FavoredNemesisBase	MULT:YES	CHOOSE:RACE|RACETYPE=Animal		DESC:You receive a +%1 bonus against a %2.|FavoredNemesisAnimal|%CHOICE		SOURCEPAGE:pg.15	ASPECT:Ability Benefit|+%1|FavoredNemesisAnimal
Favored Nemesis (Construct)		CATEGORY:Special Ability	TYPE:SpecialQuality.Extraordinary.FavoredNemesis	PREMULT:2,[PREABILITY:1,CATEGORY=Special Ability,Favored Enemy (Construct)],[!PREABILITY:1,CATEGORY=Special Ability,Favored Nemesis (Construct)]		DEFINE:FavoredNemesisConstruct|FavoredConstruct+FavoredNemesisBase	MULT:YES	CHOOSE:RACE|RACETYPE=Construct		DESC:You receive a +%1 bonus against a %2.|FavoredNemesisConstruct|%CHOICE		SOURCEPAGE:pg.15	ASPECT:Ability Benefit|+%1|FavoredNemesisConstruct
Favored Nemesis (Dragon)		CATEGORY:Special Ability	TYPE:SpecialQuality.Extraordinary.FavoredNemesis	PREMULT:2,[PREABILITY:1,CATEGORY=Special Ability,Favored Enemy (Dragon)],[!PREABILITY:1,CATEGORY=Special Ability,Favored Nemesis (Dragon)]		DEFINE:FavoredNemesisDragon|FavoredDragon+FavoredNemesisBase	MULT:YES	CHOOSE:RACE|RACETYPE=Dragon		DESC:You receive a +%1 bonus against a %2.|FavoredNemesisDragon|%CHOICE		SOURCEPAGE:pg.15	ASPECT:Ability Benefit|+%1|FavoredNemesisDragon
Favored Nemesis (Fey)		CATEGORY:Special Ability	TYPE:SpecialQuality.Extraordinary.FavoredNemesis	PREMULT:2,[PREABILITY:1,CATEGORY=Special Ability,Favored Enemy (Fey)],[!PREABILITY:1,CATEGORY=Special Ability,Favored Nemesis (Fey)]		DEFINE:FavoredNemesisFey|FavoredFey+FavoredNemesisBase	MULT:YES	CHOOSE:RACE|RACETYPE=Fey		DESC:You receive a +%1 bonus against a %2.|FavoredNemesisFey|%CHOICE		SOURCEPAGE:pg.15	ASPECT:Ability Benefit|+%1|FavoredNemesisFey
Favored Nemesis (Magical Beast)		CATEGORY:Special Ability	TYPE:SpecialQuality.Extraordinary.FavoredNemesis	PREMULT:2,[PREABILITY:1,CATEGORY=Special Ability,Favored Enemy (Magical Beast)],[!PREABILITY:1,CATEGORY=Special Ability,Favored Nemesis (Magical Beast)]		DEFINE:FavoredNemesisMagicalBeast|FavoredMagicalBeast+FavoredNemesisBase	MULT:YES	CHOOSE:RACE|RACETYPE=Magical Beast		DESC:You receive a +%1 bonus against a %2.|FavoredNemesisMagicalBeast|%CHOICE		SOURCEPAGE:pg.15	ASPECT:Ability Benefit|+%1|FavoredNemesisMagicalBeast
Favored Nemesis (Monsterous Humanoid)		CATEGORY:Special Ability	TYPE:SpecialQuality.Extraordinary.FavoredNemesis	PREMULT:2,[PREABILITY:1,CATEGORY=Special Ability,Favored Enemy (Monsterous Humanoid)],[!PREABILITY:1,CATEGORY=Special Ability,Favored Nemesis (Monsterous Humanoid)]		DEFINE:FavoredNemesisMonsterousHumanoid|FavoredMonsterousHumanoid+FavoredNemesisBase	MULT:YES	CHOOSE:RACE|RACETYPE=Monsterous Humanoid		DESC:You receive a +%1 bonus against a %2.|FavoredNemesisMonsterousHumanoid|%CHOICE		SOURCEPAGE:pg.15	ASPECT:Ability Benefit|+%1|FavoredNemesisMonsterousHumanoid
Favored Nemesis (Ooze)		CATEGORY:Special Ability	TYPE:SpecialQuality.Extraordinary.FavoredNemesis	PREMULT:2,[PREABILITY:1,CATEGORY=Special Ability,Favored Enemy (Ooze)],[!PREABILITY:1,CATEGORY=Special Ability,Favored Nemesis (Ooze)]		DEFINE:FavoredNemesisOoze|FavoredOoze+FavoredNemesisBase	MULT:YES	CHOOSE:RACE|RACETYPE=Ooze		DESC:You receive a +%1 bonus against a %2.|FavoredNemesisOoze|%CHOICE		SOURCEPAGE:pg.15	ASPECT:Ability Benefit|+%1|FavoredNemesisOoze
Favored Nemesis (Outsider)		CATEGORY:Special Ability	TYPE:SpecialQuality.Extraordinary.FavoredNemesis	PREMULT:2,[PREABILITY:1,CATEGORY=Special Ability,Favored Enemy (Outsider)],[!PREABILITY:1,CATEGORY=Special Ability,Favored Nemesis (Outsider)]		DEFINE:FavoredNemesisOutsider|FavoredOutsider+FavoredNemesisBase	MULT:YES	CHOOSE:RACE|RACETYPE=Outsider		DESC:You receive a +%1 bonus against a %2.|FavoredNemesisOutsider|%CHOICE		SOURCEPAGE:pg.15	ASPECT:Ability Benefit|+%1|FavoredNemesisOutsider
Favored Nemesis (Plant)		CATEGORY:Special Ability	TYPE:SpecialQuality.Extraordinary.FavoredNemesis	PREMULT:2,[PREABILITY:1,CATEGORY=Special Ability,Favored Enemy (Plant)],[!PREABILITY:1,CATEGORY=Special Ability,Favored Nemesis (Plant)]		DEFINE:FavoredNemesisPlant|FavoredPlant+FavoredNemesisBase	MULT:YES	CHOOSE:RACE|RACETYPE=Plant		DESC:You receive a +%1 bonus against a %2.|FavoredNemesisPlant|%CHOICE		SOURCEPAGE:pg.15	ASPECT:Ability Benefit|+%1|FavoredNemesisPlant
Favored Nemesis (Undead)		CATEGORY:Special Ability	TYPE:SpecialQuality.Extraordinary.FavoredNemesis	PREMULT:2,[PREABILITY:1,CATEGORY=Special Ability,Favored Enemy (Undead)],[!PREABILITY:1,CATEGORY=Special Ability,Favored Nemesis (Undead)]		DEFINE:FavoredNemesisUndead|FavoredUndead+FavoredNemesisBase	MULT:YES	CHOOSE:RACE|RACETYPE=Undead		DESC:You receive a +%1 bonus against a %2.|FavoredNemesisUndead|%CHOICE		SOURCEPAGE:pg.15	ASPECT:Ability Benefit|+%1|FavoredNemesisUndead
Favored Nemesis (Vermin)		CATEGORY:Special Ability	TYPE:SpecialQuality.Extraordinary.FavoredNemesis	PREMULT:2,[PREABILITY:1,CATEGORY=Special Ability,Favored Enemy (Vermin)],[!PREABILITY:1,CATEGORY=Special Ability,Favored Nemesis (Vermin)]		DEFINE:FavoredNemesisVermin|FavoredVermin+FavoredNemesisBase	MULT:YES	CHOOSE:RACE|RACETYPE=Vermin		DESC:You receive a +%1 bonus against a %2.|FavoredNemesisVermin|%CHOICE		SOURCEPAGE:pg.15	ASPECT:Ability Benefit|+%1|FavoredNemesisVermin

##Block: Ranger (Favored Nemesis) Bonus Abilities
# Ability Name			Category of Ability		Type									Visible	Define								Description																															Multiple?	Source Page		Aspects								Description of the Benefits
Favored Nemesis Bonus (Aberration)			CATEGORY:Special Ability	TYPE:FavoredNemesisBonus	VISIBLE:DISPLAY	PREABILITY:1,CATEGORY=Special Ability,Favored Nemesis (Aberration)			STACK:YES	MULT:YES	CHOOSE:NOCHOICE	BONUS:VAR|FavoredNemesisAberration|2
Favored Nemesis Bonus (Animal)			CATEGORY:Special Ability	TYPE:FavoredNemesisBonus	VISIBLE:DISPLAY	PREABILITY:1,CATEGORY=Special Ability,Favored Nemesis (Animal)			STACK:YES	MULT:YES	CHOOSE:NOCHOICE	BONUS:VAR|FavoredNemesisAnimal|2
Favored Nemesis Bonus (Construct)			CATEGORY:Special Ability	TYPE:FavoredNemesisBonus	VISIBLE:DISPLAY	PREABILITY:1,CATEGORY=Special Ability,Favored Nemesis (Construct)			STACK:YES	MULT:YES	CHOOSE:NOCHOICE	BONUS:VAR|FavoredNemesisConstruct|2
Favored Nemesis Bonus (Dragon)			CATEGORY:Special Ability	TYPE:FavoredNemesisBonus	VISIBLE:DISPLAY	PREABILITY:1,CATEGORY=Special Ability,Favored Nemesis (Dragon)			STACK:YES	MULT:YES	CHOOSE:NOCHOICE	BONUS:VAR|FavoredNemesisDragon|2
Favored Nemesis Bonus (Fey)			CATEGORY:Special Ability	TYPE:FavoredNemesisBonus	VISIBLE:DISPLAY	PREABILITY:1,CATEGORY=Special Ability,Favored Nemesis (Fey)			STACK:YES	MULT:YES	CHOOSE:NOCHOICE	BONUS:VAR|FavoredNemesisFey|2
Favored Nemesis Bonus (Magical Beast)			CATEGORY:Special Ability	TYPE:FavoredNemesisBonus	VISIBLE:DISPLAY	PREABILITY:1,CATEGORY=Special Ability,Favored Nemesis (Magical Beast)			STACK:YES	MULT:YES	CHOOSE:NOCHOICE	BONUS:VAR|FavoredNemesisMagicalBeast|2
Favored Nemesis Bonus (Monstrous Humanoid)			CATEGORY:Special Ability	TYPE:FavoredNemesisBonus	VISIBLE:DISPLAY	PREABILITY:1,CATEGORY=Special Ability,Favored Nemesis (Monstrous Humanoid)			STACK:YES	MULT:YES	CHOOSE:NOCHOICE	BONUS:VAR|FavoredNemesisMonstrousHumanoid|2
Favored Nemesis Bonus (Ooze)			CATEGORY:Special Ability	TYPE:FavoredNemesisBonus	VISIBLE:DISPLAY	PREABILITY:1,CATEGORY=Special Ability,Favored Nemesis (Ooze)			STACK:YES	MULT:YES	CHOOSE:NOCHOICE	BONUS:VAR|FavoredNemesisOoze|2
Favored Nemesis Bonus (Outsider)			CATEGORY:Special Ability	TYPE:FavoredNemesisBonus	VISIBLE:DISPLAY	PREABILITY:1,CATEGORY=Special Ability,Favored Nemesis (Outsider)			STACK:YES	MULT:YES	CHOOSE:NOCHOICE	BONUS:VAR|FavoredNemesisOutsider|2
Favored Nemesis Bonus (Plant)			CATEGORY:Special Ability	TYPE:FavoredNemesisBonus	VISIBLE:DISPLAY	PREABILITY:1,CATEGORY=Special Ability,Favored Nemesis (Plant)			STACK:YES	MULT:YES	CHOOSE:NOCHOICE	BONUS:VAR|FavoredNemesisPlant|2
Favored Nemesis Bonus (Undead)			CATEGORY:Special Ability	TYPE:FavoredNemesisBonus	VISIBLE:DISPLAY	PREABILITY:1,CATEGORY=Special Ability,Favored Nemesis (Undead)			STACK:YES	MULT:YES	CHOOSE:NOCHOICE	BONUS:VAR|FavoredNemesisUndead|2
Favored Nemesis Bonus (Vermin)			CATEGORY:Special Ability	TYPE:FavoredNemesisBonus	VISIBLE:DISPLAY	PREABILITY:1,CATEGORY=Special Ability,Favored Nemesis (Vermin)			STACK:YES	MULT:YES	CHOOSE:NOCHOICE	BONUS:VAR|FavoredNemesisVermin|2

## ------------------------------------------------------------------------------------------------------------------------------------------------------------
## Block: Ranger's Favored Nemesis, Monsters from the Bestiary I
## ------------------------------------------------------------------------------------------------------------------------------------------------------------

##Block: Ranger Favored Nemesis Racial Type Abilities - Aberrations
# Ability Name			Category of Ability		Type									Visible	Define								Description																															Multiple?	Source Page		Aspects								Description of the Benefits
Favored Nemesis (Aboleth)		CATEGORY:Special Ability	TYPE:SpecialQuality.Extraordinary.FavoredNemesis	PREMULT:2,[PREABILITY:1,CATEGORY=Special Ability,Favored Enemy (Aberation)],[!PREABILITY:1,CATEGORY=Special Ability,Favored Nemesis (Aboleth)]		DEFINE:FavoredNemesisAboleth|FavoredAboleth+FavoredNemesisBase	MULT:YES	CHOOSE:RACE|RACETYPE=Aberration		DESC:You receive a +%1 bonus against a %2.|FavoredNemesisAboleth|%CHOICE		SOURCEPAGE:pg.15	ASPECT:Ability Benefit|+%1|FavoredNemesisAboleth
Favored Nemesis (Choker)		CATEGORY:Special Ability	TYPE:SpecialQuality.Extraordinary.FavoredNemesis	PREMULT:2,[PREABILITY:1,CATEGORY=Special Ability,Favored Enemy (Aberration)],[!PREABILITY:1,CATEGORY=Special Ability,Favored Nemesis (Choker)]		DEFINE:FavoredNemesisChoker|FavoredChoker+FavoredNemesisBase	MULT:YES	CHOOSE:RACE|RACETYPE=Aberration		DESC:You receive a +%1 bonus against a %2.|FavoredNemesisChoker|%CHOICE		SOURCEPAGE:pg.15	ASPECT:Ability Benefit|+%1|FavoredNemesisChoker
Favored Nemesis (Chuul)		CATEGORY:Special Ability	TYPE:SpecialQuality.Extraordinary.FavoredNemesis	PREMULT:2,[PREABILITY:1,CATEGORY=Special Ability,Favored Enemy (Aberration)],[!PREABILITY:1,CATEGORY=Special Ability,Favored Nemesis (Chuul)]		DEFINE:FavoredNemesisChuul|FavoredChuul+FavoredNemesisBase	MULT:YES	CHOOSE:RACE|RACETYPE=Aberration		DESC:You receive a +%1 bonus against a %2.|FavoredNemesisChuul|%CHOICE		SOURCEPAGE:pg.15	ASPECT:Ability Benefit|+%1|FavoredNemesisChuul
Favored Nemesis (Cloaker)		CATEGORY:Special Ability	TYPE:SpecialQuality.Extraordinary.FavoredNemesis	PREMULT:2,[PREABILITY:1,CATEGORY=Special Ability,Favored Enemy (Aberration)],[!PREABILITY:1,CATEGORY=Special Ability,Favored Nemesis (Cloaker)]		DEFINE:FavoredNemesisCloaker|FavoredCloaker+FavoredNemesisBase	MULT:YES	CHOOSE:RACE|RACETYPE=Aberration		DESC:You receive a +%1 bonus against a %2.|FavoredNemesisCloaker|%CHOICE		SOURCEPAGE:pg.15	ASPECT:Ability Benefit|+%1|FavoredNemesisCloaker
Favored Nemesis (Drider)		CATEGORY:Special Ability	TYPE:SpecialQuality.Extraordinary.FavoredNemesis	PREMULT:2,[PREABILITY:1,CATEGORY=Special Ability,Favored Enemy (Aberration)],[!PREABILITY:1,CATEGORY=Special Ability,Favored Nemesis (Drider)]		DEFINE:FavoredNemesisDrider|FavoredADrider+FavoredNemesisBase	MULT:YES	CHOOSE:RACE|RACETYPE=Aberration		DESC:You receive a +%1 bonus against a %2.|FavoredNemesisDrider|%CHOICE		SOURCEPAGE:pg.15	ASPECT:Ability Benefit|+%1|FavoredNemesisDrider
Favored Nemesis (Ettercap)		CATEGORY:Special Ability	TYPE:SpecialQuality.Extraordinary.FavoredNemesis	PREMULT:2,[PREABILITY:1,CATEGORY=Special Ability,Favored Enemy (Aberration)],[!PREABILITY:1,CATEGORY=Special Ability,Favored Nemesis (Ettercap)]		DEFINE:FavoredNemesisEttercap|FavoredEttercap+FavoredNemesisBase	MULT:YES	CHOOSE:RACE|RACETYPE=Aberration		DESC:You receive a +%1 bonus against an %2.|FavoredNemesisEttercap|%CHOICE		SOURCEPAGE:pg.15	ASPECT:Ability Benefit|+%1|FavoredNemesisEttercap
Favored Nemesis (Froghemoth)		CATEGORY:Special Ability	TYPE:SpecialQuality.Extraordinary.FavoredNemesis	PREMULT:2,[PREABILITY:1,CATEGORY=Special Ability,Favored Enemy (Aberration)],[!PREABILITY:1,CATEGORY=Special Ability,Favored Nemesis (Aberration)]		DEFINE:FavoredNemesisAberration|FavoredAberration+FavoredNemesisBase	MULT:YES	CHOOSE:RACE|RACETYPE=Aberration		DESC:You receive a +%1 bonus against a %2.|FavoredNemesisAberration|%CHOICE		SOURCEPAGE:pg.15	ASPECT:Ability Benefit|+%1|FavoredNemesisAberration
Favored Nemesis (Gibbering Mouther)		CATEGORY:Special Ability	TYPE:SpecialQuality.Extraordinary.FavoredNemesis	PREMULT:2,[PREABILITY:1,CATEGORY=Special Ability,Favored Enemy (Aberration)],[!PREABILITY:1,CATEGORY=Special Ability,Favored Nemesis (Aberration)]		DEFINE:FavoredNemesisAberration|FavoredAberration+FavoredNemesisBase	MULT:YES	CHOOSE:RACE|RACETYPE=Aberration		DESC:You receive a +%1 bonus against a %2.|FavoredNemesisAberration|%CHOICE		SOURCEPAGE:pg.15	ASPECT:Ability Benefit|+%1|FavoredNemesisAberration
Favored Nemesis (Intellect Devourer)		CATEGORY:Special Ability	TYPE:SpecialQuality.Extraordinary.FavoredNemesis	PREMULT:2,[PREABILITY:1,CATEGORY=Special Ability,Favored Enemy (Aberration)],[!PREABILITY:1,CATEGORY=Special Ability,Favored Nemesis (Aberration)]		DEFINE:FavoredNemesisAberration|FavoredAberration+FavoredNemesisBase	MULT:YES	CHOOSE:RACE|RACETYPE=Aberration		DESC:You receive a +%1 bonus against a %2.|FavoredNemesisAberration|%CHOICE		SOURCEPAGE:pg.15	ASPECT:Ability Benefit|+%1|FavoredNemesisAberration
Favored Nemesis (Mimic)		CATEGORY:Special Ability	TYPE:SpecialQuality.Extraordinary.FavoredNemesis	PREMULT:2,[PREABILITY:1,CATEGORY=Special Ability,Favored Enemy (Aberration)],[!PREABILITY:1,CATEGORY=Special Ability,Favored Nemesis (Aberration)]		DEFINE:FavoredNemesisAberration|FavoredAberration+FavoredNemesisBase	MULT:YES	CHOOSE:RACE|RACETYPE=Aberration		DESC:You receive a +%1 bonus against a %2.|FavoredNemesisAberration|%CHOICE		SOURCEPAGE:pg.15	ASPECT:Ability Benefit|+%1|FavoredNemesisAberration
Favored Nemesis (Naga (Dark))		CATEGORY:Special Ability	TYPE:SpecialQuality.Extraordinary.FavoredNemesis	PREMULT:2,[PREABILITY:1,CATEGORY=Special Ability,Favored Enemy (Aberration)],[!PREABILITY:1,CATEGORY=Special Ability,Favored Nemesis (Naga (Dark))]		DEFINE:FavoredNemesisNaga (Dark)|FavoredDarkNaga+FavoredNemesisBase	MULT:YES	CHOOSE:RACE|RACETYPE=Anerration		DESC:You receive a +%1 bonus against a %2.|FavoredNemesisDarkNaga|%CHOICE		SOURCEPAGE:pg.15	ASPECT:Ability Benefit|+%1|FavoredNemesisDarkNaga
Favored Nemesis (Naga (Guardian))		CATEGORY:Special Ability	TYPE:SpecialQuality.Extraordinary.FavoredNemesis	PREMULT:2,[PREABILITY:1,CATEGORY=Special Ability,Favored Enemy (Aberration)],[!PREABILITY:1,CATEGORY=Special Ability,Favored Nemesis (Aberration)]		DEFINE:FavoredNemesisAberration|FavoredAberration+FavoredNemesisBase	MULT:YES	CHOOSE:RACE|RACETYPE=Aberration		DESC:You receive a +%1 bonus against a %2.|FavoredNemesisAberration|%CHOICE		SOURCEPAGE:pg.15	ASPECT:Ability Benefit|+%1|FavoredNemesisAberration
Favored Nemesis (Naga (Spirit))		CATEGORY:Special Ability	TYPE:SpecialQuality.Extraordinary.FavoredNemesis	PREMULT:2,[PREABILITY:1,CATEGORY=Special Ability,Favored Enemy (Aberration)],[!PREABILITY:1,CATEGORY=Special Ability,Favored Nemesis (Aberration)]		DEFINE:FavoredNemesisAberration|FavoredAberration+FavoredNemesisBase	MULT:YES	CHOOSE:RACE|RACETYPE=Aberration		DESC:You receive a +%1 bonus against a %2.|FavoredNemesisAberration|%CHOICE		SOURCEPAGE:pg.15	ASPECT:Ability Benefit|+%1|FavoredNemesisAberration
Favored Nemesis (Neothelid)		CATEGORY:Special Ability	TYPE:SpecialQuality.Extraordinary.FavoredNemesis	PREMULT:2,[PREABILITY:1,CATEGORY=Special Ability,Favored Enemy (Aberration)],[!PREABILITY:1,CATEGORY=Special Ability,Favored Nemesis (Aberration)]		DEFINE:FavoredNemesisAberration|FavoredAberration+FavoredNemesisBase	MULT:YES	CHOOSE:RACE|RACETYPE=Aberration		DESC:You receive a +%1 bonus against a %2.|FavoredNemesisAberration|%CHOICE		SOURCEPAGE:pg.15	ASPECT:Ability Benefit|+%1|FavoredNemesisAberration
Favored Nemesis (Otyugh)		CATEGORY:Special Ability	TYPE:SpecialQuality.Extraordinary.FavoredNemesis	PREMULT:2,[PREABILITY:1,CATEGORY=Special Ability,Favored Enemy (Aberration)],[!PREABILITY:1,CATEGORY=Special Ability,Favored Nemesis (Aberration)]		DEFINE:FavoredNemesisAberration|FavoredAberration+FavoredNemesisBase	MULT:YES	CHOOSE:RACE|RACETYPE=Aberration		DESC:You receive a +%1 bonus against a %2.|FavoredNemesisAberration|%CHOICE		SOURCEPAGE:pg.15	ASPECT:Ability Benefit|+%1|FavoredNemesisAberration
Favored Nemesis (Roper)		CATEGORY:Special Ability	TYPE:SpecialQuality.Extraordinary.FavoredNemesis	PREMULT:2,[PREABILITY:1,CATEGORY=Special Ability,Favored Enemy (Aberration)],[!PREABILITY:1,CATEGORY=Special Ability,Favored Nemesis (Aberration)]		DEFINE:FavoredNemesisAberration|FavoredAberration+FavoredNemesisBase	MULT:YES	CHOOSE:RACE|RACETYPE=Aberration		DESC:You receive a +%1 bonus against a %2.|FavoredNemesisAberration|%CHOICE		SOURCEPAGE:pg.15	ASPECT:Ability Benefit|+%1|FavoredNemesisAberration
Favored Nemesis (Rust Monster)		CATEGORY:Special Ability	TYPE:SpecialQuality.Extraordinary.FavoredNemesis	PREMULT:2,[PREABILITY:1,CATEGORY=Special Ability,Favored Enemy (Aberration)],[!PREABILITY:1,CATEGORY=Special Ability,Favored Nemesis (Aberration)]		DEFINE:FavoredNemesisAberration|FavoredAberration+FavoredNemesisBase	MULT:YES	CHOOSE:RACE|RACETYPE=Aberration		DESC:You receive a +%1 bonus against a %2.|FavoredNemesisAberration|%CHOICE		SOURCEPAGE:pg.15	ASPECT:Ability Benefit|+%1|FavoredNemesisAberration
Favored Nemesis (Will-o-Wisp)		CATEGORY:Special Ability	TYPE:SpecialQuality.Extraordinary.FavoredNemesis	PREMULT:2,[PREABILITY:1,CATEGORY=Special Ability,Favored Enemy (Aberration)],[!PREABILITY:1,CATEGORY=Special Ability,Favored Nemesis (Aberration)]		DEFINE:FavoredNemesisAberration|FavoredAberration+FavoredNemesisBase	MULT:YES	CHOOSE:RACE|RACETYPE=Aberration		DESC:You receive a +%1 bonus against a %2.|FavoredNemesisAberration|%CHOICE		SOURCEPAGE:pg.15	ASPECT:Ability Benefit|+%1|FavoredNemesisAberration

##Block: Ranger Favored Nemesis Racial Type Abilities - Animals
# Ability Name			Category of Ability		Type									Visible	Define								Description																															Multiple?	Source Page		Aspects								Description of the Benefits
Favored Nemesis Bonus (Animal)			CATEGORY:Special Ability	TYPE:FavoredNemesisBonus	VISIBLE:DISPLAY	PREABILITY:1,CATEGORY=Special Ability,Favored Nemesis (Animal)			STACK:YES	MULT:YES	CHOOSE:NOCHOICE	BONUS:VAR|FavoredNemesisAnimal|2

##Block: Ranger Favored Nemesis Racial Type Abilities - Construct
# Ability Name			Category of Ability		Type									Visible	Define								Description																															Multiple?	Source Page		Aspects								Description of the Benefits
Favored Nemesis Bonus (Construct)			CATEGORY:Special Ability	TYPE:FavoredNemesisBonus	VISIBLE:DISPLAY	PREABILITY:1,CATEGORY=Special Ability,Favored Nemesis (Construct)			STACK:YES	MULT:YES	CHOOSE:NOCHOICE	BONUS:VAR|FavoredNemesisConstruct|2

##Block: Ranger Favored Nemesis Racial Type Abilities - Dragon
# Ability Name			Category of Ability		Type									Visible	Define								Description																															Multiple?	Source Page		Aspects								Description of the Benefits
Favored Nemesis Bonus (Dragon (Black))			CATEGORY:Special Ability	TYPE:FavoredNemesisBonus	VISIBLE:DISPLAY	PREABILITY:1,CATEGORY=Special Ability,Favored Nemesis (Dragon)			STACK:YES	MULT:YES	CHOOSE:NOCHOICE	BONUS:VAR|FavoredNemesisDragon|2
Favored Nemesis Bonus (Dragon (Blue))			CATEGORY:Special Ability	TYPE:FavoredNemesisBonus	VISIBLE:DISPLAY	PREABILITY:1,CATEGORY=Special Ability,Favored Nemesis (Dragon)			STACK:YES	MULT:YES	CHOOSE:NOCHOICE	BONUS:VAR|FavoredNemesisDragon|2
Favored Nemesis Bonus (Dragon (Brass))			CATEGORY:Special Ability	TYPE:FavoredNemesisBonus	VISIBLE:DISPLAY	PREABILITY:1,CATEGORY=Special Ability,Favored Nemesis (Dragon)			STACK:YES	MULT:YES	CHOOSE:NOCHOICE	BONUS:VAR|FavoredNemesisDragon|2
Favored Nemesis Bonus (Dragon (Bronze))			CATEGORY:Special Ability	TYPE:FavoredNemesisBonus	VISIBLE:DISPLAY	PREABILITY:1,CATEGORY=Special Ability,Favored Nemesis (Dragon)			STACK:YES	MULT:YES	CHOOSE:NOCHOICE	BONUS:VAR|FavoredNemesisDragon|2
Favored Nemesis Bonus (Dragon (Copper))			CATEGORY:Special Ability	TYPE:FavoredNemesisBonus	VISIBLE:DISPLAY	PREABILITY:1,CATEGORY=Special Ability,Favored Nemesis (Dragon)			STACK:YES	MULT:YES	CHOOSE:NOCHOICE	BONUS:VAR|FavoredNemesisDragon|2
Favored Nemesis Bonus (Dragon (Gold))			CATEGORY:Special Ability	TYPE:FavoredNemesisBonus	VISIBLE:DISPLAY	PREABILITY:1,CATEGORY=Special Ability,Favored Nemesis (Dragon)			STACK:YES	MULT:YES	CHOOSE:NOCHOICE	BONUS:VAR|FavoredNemesisDragon|2
Favored Nemesis Bonus (Dragon (Green))			CATEGORY:Special Ability	TYPE:FavoredNemesisBonus	VISIBLE:DISPLAY	PREABILITY:1,CATEGORY=Special Ability,Favored Nemesis (Dragon)			STACK:YES	MULT:YES	CHOOSE:NOCHOICE	BONUS:VAR|FavoredNemesisDragon|2
Favored Nemesis Bonus (Dragon (Red))			CATEGORY:Special Ability	TYPE:FavoredNemesisBonus	VISIBLE:DISPLAY	PREABILITY:1,CATEGORY=Special Ability,Favored Nemesis (Dragon)			STACK:YES	MULT:YES	CHOOSE:NOCHOICE	BONUS:VAR|FavoredNemesisDragon|2
Favored Nemesis Bonus (Dragon (Silver))			CATEGORY:Special Ability	TYPE:FavoredNemesisBonus	VISIBLE:DISPLAY	PREABILITY:1,CATEGORY=Special Ability,Favored Nemesis (Dragon)			STACK:YES	MULT:YES	CHOOSE:NOCHOICE	BONUS:VAR|FavoredNemesisDragon|2
Favored Nemesis Bonus (Dragon (White))			CATEGORY:Special Ability	TYPE:FavoredNemesisBonus	VISIBLE:DISPLAY	PREABILITY:1,CATEGORY=Special Ability,Favored Nemesis (Dragon)			STACK:YES	MULT:YES	CHOOSE:NOCHOICE	BONUS:VAR|FavoredNemesisDragon|2
Favored Nemesis Bonus (Linnorm (Crag))			CATEGORY:Special Ability	TYPE:FavoredNemesisBonus	VISIBLE:DISPLAY	PREABILITY:1,CATEGORY=Special Ability,Favored Nemesis (Dragon)			STACK:YES	MULT:YES	CHOOSE:NOCHOICE	BONUS:VAR|FavoredNemesisDragon|2
Favored Nemesis Bonus (Linnorm (Ice))			CATEGORY:Special Ability	TYPE:FavoredNemesisBonus	VISIBLE:DISPLAY	PREABILITY:1,CATEGORY=Special Ability,Favored Nemesis (Dragon)			STACK:YES	MULT:YES	CHOOSE:NOCHOICE	BONUS:VAR|FavoredNemesisDragon|2
Favored Nemesis Bonus (Linnorm (Tarn))			CATEGORY:Special Ability	TYPE:FavoredNemesisBonus	VISIBLE:DISPLAY	PREABILITY:1,CATEGORY=Special Ability,Favored Nemesis (Dragon)			STACK:YES	MULT:YES	CHOOSE:NOCHOICE	BONUS:VAR|FavoredNemesisDragon|2
Favored Nemesis Bonus (Dracolisk)			CATEGORY:Special Ability	TYPE:FavoredNemesisBonus	VISIBLE:DISPLAY	PREABILITY:1,CATEGORY=Special Ability,Favored Nemesis (Dragon)			STACK:YES	MULT:YES	CHOOSE:NOCHOICE	BONUS:VAR|FavoredNemesisDragon|2
Favored Nemesis Bonus (Dragon Turtle)			CATEGORY:Special Ability	TYPE:FavoredNemesisBonus	VISIBLE:DISPLAY	PREABILITY:1,CATEGORY=Special Ability,Favored Nemesis (Dragon)			STACK:YES	MULT:YES	CHOOSE:NOCHOICE	BONUS:VAR|FavoredNemesisDragon|2
Favored Nemesis Bonus (Pseudodragon)			CATEGORY:Special Ability	TYPE:FavoredNemesisBonus	VISIBLE:DISPLAY	PREABILITY:1,CATEGORY=Special Ability,Favored Nemesis (Dragon)			STACK:YES	MULT:YES	CHOOSE:NOCHOICE	BONUS:VAR|FavoredNemesisDragon|2
Favored Nemesis Bonus (Wyvern)			CATEGORY:Special Ability	TYPE:FavoredNemesisBonus	VISIBLE:DISPLAY	PREABILITY:1,CATEGORY=Special Ability,Favored Nemesis (Dragon)			STACK:YES	MULT:YES	CHOOSE:NOCHOICE	BONUS:VAR|FavoredNemesisDragon|2

##Block: Ranger Favored Nemesis Racial Type Abilities - Fey
# Ability Name			Category of Ability		Type									Visible	Define								Description																															Multiple?	Source Page		Aspects								Description of the Benefits
Favored Nemesis Bonus (Fey)			CATEGORY:Special Ability	TYPE:FavoredNemesisBonus	VISIBLE:DISPLAY	PREABILITY:1,CATEGORY=Special Ability,Favored Nemesis (Fey)			STACK:YES	MULT:YES	CHOOSE:NOCHOICE	BONUS:VAR|FavoredNemesisFey|2

##Block: Ranger Favored Nemesis Racial Type Abilities - Magical Beast
# Ability Name			Category of Ability		Type									Visible	Define								Description																															Multiple?	Source Page		Aspects								Description of the Benefits
Favored Nemesis Bonus (Magical Beast)			CATEGORY:Special Ability	TYPE:FavoredNemesisBonus	VISIBLE:DISPLAY	PREABILITY:1,CATEGORY=Special Ability,Favored Nemesis (Magical Beast)			STACK:YES	MULT:YES	CHOOSE:NOCHOICE	BONUS:VAR|FavoredNemesisMagicalBeast|2

##Block: Ranger Favored Nemesis Racial Type Abilities - Monsterous Humanoid
# Ability Name			Category of Ability		Type									Visible	Define								Description																															Multiple?	Source Page		Aspects								Description of the Benefits
Favored Nemesis Bonus (Monstrous Humanoid)			CATEGORY:Special Ability	TYPE:FavoredNemesisBonus	VISIBLE:DISPLAY	PREABILITY:1,CATEGORY=Special Ability,Favored Nemesis (Monstrous Humanoid)			STACK:YES	MULT:YES	CHOOSE:NOCHOICE	BONUS:VAR|FavoredNemesisMonstrousHumanoid|2

##Block: Ranger Favored Nemesis Racial Type Abilities - Ooze
# Ability Name			Category of Ability		Type									Visible	Define								Description																															Multiple?	Source Page		Aspects								Description of the Benefits
Favored Nemesis Bonus (Ooze)			CATEGORY:Special Ability	TYPE:FavoredNemesisBonus	VISIBLE:DISPLAY	PREABILITY:1,CATEGORY=Special Ability,Favored Nemesis (Ooze)			STACK:YES	MULT:YES	CHOOSE:NOCHOICE	BONUS:VAR|FavoredNemesisOoze|2

##Block: Ranger Favored Nemesis Racial Type Abilities - Outsider
# Ability Name			Category of Ability		Type									Visible	Define								Description																															Multiple?	Source Page		Aspects								Description of the Benefits
Favored Nemesis Bonus (Outsider)			CATEGORY:Special Ability	TYPE:FavoredNemesisBonus	VISIBLE:DISPLAY	PREABILITY:1,CATEGORY=Special Ability,Favored Nemesis (Outsider)			STACK:YES	MULT:YES	CHOOSE:NOCHOICE	BONUS:VAR|FavoredNemesisOutsider|2

##Block: Ranger Favored Nemesis Racial Type Abilities - Plant
# Ability Name			Category of Ability		Type									Visible	Define								Description																															Multiple?	Source Page		Aspects								Description of the Benefits
Favored Nemesis Bonus (Plant)			CATEGORY:Special Ability	TYPE:FavoredNemesisBonus	VISIBLE:DISPLAY	PREABILITY:1,CATEGORY=Special Ability,Favored Nemesis (Plant)			STACK:YES	MULT:YES	CHOOSE:NOCHOICE	BONUS:VAR|FavoredNemesisPlant|2

##Block: Ranger Favored Nemesis Racial Type Abilities - Undead
# Ability Name			Category of Ability		Type									Visible	Define								Description																															Multiple?	Source Page		Aspects								Description of the Benefits
Favored Nemesis Bonus (Undead)			CATEGORY:Special Ability	TYPE:FavoredNemesisBonus	VISIBLE:DISPLAY	PREABILITY:1,CATEGORY=Special Ability,Favored Nemesis (Undead)			STACK:YES	MULT:YES	CHOOSE:NOCHOICE	BONUS:VAR|FavoredNemesisUndead|2

##Block: Ranger Favored Nemesis Racial Type Abilities - Vermin
# Ability Name			Category of Ability		Type									Visible	Define								Description																															Multiple?	Source Page		Aspects								Description of the Benefits
Favored Nemesis Bonus (Vermin)			CATEGORY:Special Ability	TYPE:FavoredNemesisBonus	VISIBLE:DISPLAY	PREABILITY:1,CATEGORY=Special Ability,Favored Nemesis (Vermin)			STACK:YES	MULT:YES	CHOOSE:NOCHOICE	BONUS:VAR|FavoredNemesisVermin|2



## ------------------------------------------------------------------------------------------------------------------------------------------------------------
## Block: Ranger's Favored Nemesis, Monsters from the Bestiary II
## ------------------------------------------------------------------------------------------------------------------------------------------------------------



## ------------------------------------------------------------------------------------------------------------------------------------------------------------
## Block: Ranger's Favored Nemesis, Drakes from the Book of Drakes
## ------------------------------------------------------------------------------------------------------------------------------------------------------------

