SOURCELONG:Advanced Player's Guide	SOURCESHORT:PFAPG	SOURCEWEB:http://paizo.com/store/downloads/pathfinder/pathfinderRPG/v5748btpy8fo1	SOURCEDATE:2010-08
# Original Entry by: Eric C. Smith (Maredudd)

###Block: Simple Weapons
# Equipment Name				Output Name				Required Weapon Proficiency		Type													Cost		Weight	Critical Hit Multiplier	Critical Hit Range	Damage	Modifier							Wield Category	Range		Size		Source Page		Ability								Innate Spells															Save checks bonus						Modify VAR						Weapon prop. bonus									Quality and value															Special Property
#------light---------
Spirit Blade									PROFICIENCY:WEAPON|Dagger			TYPE:Weapon.Melee.Light.Finesseable.Ranged.Thrown.Simple.Specific.Piercing.Slashing.Dagger.BladeLight								COST:48502	WT:1				CRITMULT:x2			CRITRANGE:2												DAMAGE:1d4					EQMOD:STEEL.PLUS3W.GHOST										WIELD:Light		RANGE:10						SIZE:M	SOURCEPAGE:p.291
## Needs Dispel Magic Once a Day added

#------One-Handed---------
Beaststrike Club										PROFICIENCY:WEAPON|Club			TYPE:Weapon.Melee.OneHanded.Ranged.Thrown.Simple.Specific.Bludgeoning.Club.Hammer											COST:7300	WT:3				CRITMULT:x2			CRITRANGE:1												DAMAGE:1d6					EQMOD:WOOD.PLUS1W										WIELD:OneHanded	RANGE:10						SIZE:M	SOURCEPAGE:p.289
Mace (Boulderhead)		OUTPUTNAME:Mace, Boulderhead	PROFICIENCY:WEAPON|Mace (Heavy)		TYPE:Weapon.Melee.OneHanded.Simple.Specific.Bludgeoning.Mace.Hammer													COST:6812	WT:8				CRITMULT:x2			CRITRANGE:1												DAMAGE:1d8					EQMOD:PLUS1W										WIELD:OneHanded								SIZE:M	SOURCEPAGE:p.290

#------Two-Handed---------

#------Ranged---------

###Block: Martial Weapons
# Equipment Name				Output Name				Required Weapon Proficiency		Type													Cost		Weight	Critical Hit Multiplier	Critical Hit Range	Damage	Modifier							Wield Category	Range		Size		Source Page		Ability								Innate Spells															Save checks bonus						Modify VAR						Weapon prop. bonus									Quality and value															Special Property
#------light---------
Guarding Blade											PROFICIENCY:WEAPON|Sword (Short)	TYPE:Weapon.Melee.Light.Finesseable.Martial.Specific.Piercing.Sword.BladeLight											COST:65310	WT:2				CRITMULT:x2			CRITRANGE:2												DAMAGE:1d6					EQMOD:STEEL.PLUS1W										WIELD:Light									SIZE:M	SOURCEPAGE:p.290
Ricochet Hammer											PROFICIENCY:WEAPON|Hammer (Light)		TYPE:Weapon.Melee.Light.Finesseable.Ranged.Thrown.Martial.Specific.Bludgeoning.Hammer										COST:20301	WT:2				CRITMULT:x2			CRITRANGE:1												DAMAGE:1d4					EQMOD:STEEL.PLUS1W.RETURN										WIELD:Light		RANGE:20						SIZE:M	SOURCEPAGE:p.290
Sparkwake Starknife									PROFICIENCY:WEAPON|Starknife			TYPE:Weapon.Melee.Light.Finesseable.Ranged.Thrown.Martial.Specific.Piercing.BladeLight										COST:21324	WT:3				CRITMULT:x3			CRITRANGE:1												DAMAGE:1d4					EQMOD:STEEL.PLUS1W										WIELD:Light		RANGE:20						SIZE:M	SOURCEPAGE:p.291

#------One-Handed---------

#------Two-Handed---------
Blade of Binding										PROFICIENCY:WEAPON|Greatsword	TYPE:Weapon.Melee.TwoHanded.Martial.Specific.Slashing.Sword.BladeHeavy													COST:12350	WT:8				CRITMULT:x2			CRITRANGE:2												DAMAGE:2d6					EQMOD:STEEL.PLUS1W										WIELD:TwoHanded								SIZE:M	SOURCEPAGE:p.289
Shieldsplitter Lance										PROFICIENCY:WEAPON|Lance			TYPE:Weapon.Melee.TwoHanded.Martial.Reach.Specific.Piercing.Lance.Spear													COST:18310	WT:10				CRITMULT:x3			CRITRANGE:1												DAMAGE:1d8					EQMOD:WOOD.PLUS1W.KEEN										WIELD:TwoHanded					REACHMULT:2		SIZE:M	SOURCEPAGE:p.290

#------Ranged---------

###Block: Exotic Weapons
# Equipment Name				Output Name				Required Weapon Proficiency		Type													Cost		Weight	Critical Hit Multiplier	Critical Hit Range	Damage	Modifier							Wield Category	Range		Size		Source Page		Ability								Innate Spells															Save checks bonus						Modify VAR						Weapon prop. bonus									Quality and value															Special Property
#------light---------

#------One-Handed---------

#------Two-Handed---------

#------Ranged---------

###Block: Ammunition
# Equipment Name			Output Name						Type								Cost		Weight	Base Quantity	Modifier		Requires Modification?	Source Page
Arrow (Searing)				OUTPUTNAME:Arrow, Searing		TYPE:Ammunition.Specific.Arrow.Individual		COST:1516	WT:0.15	BASEQTY:1		EQMOD:STEEL.WOOD.PLUS1W.FLAME				SOURCEPAGE:p.291
Arrow (Sizzling)			OUTPUTNAME:Arrow, Sizzling		TYPE:Ammunition.Specific.Arrow.Individual		COST:1516	WT:0.15	BASEQTY:1		EQMOD:STEEL.WOOD.PLUS1W				SOURCEPAGE:p.291
Bullet (Dustburst)			OUTPUTNAME:Bullet, [NAME]		TYPE:Ammunition.Specific.Bullet.Individual	COST:196	WT:0.5	BASEQTY:1		EQMOD:STEEL				SOURCEPAGE:p.290
