# CVS $Revision: 12862 $ $Author: maredudd800 $ -- Thu Jul 22 11:20:47 2010 -- reformated by prettylst.pl v1.39 (build 11455)
SOURCELONG:Advanced Player's Guide	SOURCESHORT:PFAPG	SOURCEWEB:http://paizo.com/store/downloads/pathfinder/pathfinderRPG/v5748btpy8fo1	SOURCEDATE:2010-08
# Original Entry by: 

##
## Block: Prestige Classes
##


###Block: Battle Herald (Test) --------------------------------------------------------------------------------------------------------------------------------------------

# Class Name			Hit Dice	Type				Abbreviation	Max Level		Source Page			Save checks bonus																	Combat bonus
CLASS:Battle Herald		HD:10		TYPE:PC.Prestige	ABB:BH			MAXLEVEL:10		SOURCEPAGE:p.260	BONUS:CHECKS|BASE.Fortitude,BASE.Will|(CL+1)/2	BONUS:CHECKS|BASE.Reflex|(CL+1)/3	BONUS:COMBAT|BAB|CL|TYPE=Base.REPLACE
# Class Name			Req. Att.		Required Skill																		Required Special Ability
CLASS:Battle Herald		PREATT:4		PRESKILL:4,Diplomacy=5,Intimidate=5,Perform (Oratory)=5,Profession(soldier)=2		PREABILITY:2,CATEGORY=Special Ability,Challenge,Inspire Courage
# Class Name			Skill Pts/Lvl		Class Skill
CLASS:Battle Herald		STARTSKILLPTS:4		CSKILL:Bluff|TYPE.Craft|Diplomacy|Handle Animal|Heal|Intimidate|Knowledge (Engineering)|Knowledge (History)|Knowledge (Local)|Knowledge (Nobility)|Perception|TYEPE.Profession|Ride|Sense Motive
##Block: Normal Level Progression
1	BONUS:VAR|InspiringCommandLVL|CL	ABILITY:Special Ability|AUTOMATIC|Inspiring Command ~ Battle Herald|Improved Leadership ~ Battle Herald|Improved Leadership ~ Battle Herald|Voice of Authority ~ Battle Herald							
2										ABILITY:Special Ability|AUTOMATIC|Easy March ~ Battle Herald
3
4										ABILITY:Special Ability|AUTOMATIC|Inspire Greatness ~ Battle Herald
5										ABILITY:Special Ability|AUTOMATIC|Banner ~ Battle Herald																													ADD:FEAT|1|Teamwork Feat
6										ABILITY:Special Ability|AUTOMATIC|Teamwork Feat ~ Battle Herald
7										ABILITY:Special Ability|AUTOMATIC|Demanding Challenge ~ Battle Herald
8										ABILITY:Special Ability|AUTOMATIC|Persistant Commands ~ Battle Herald
9										ABILITY:Special Ability|AUTOMATIC|Inspire Last Stand ~ Battle Herald
10										ABILITY:Special Ability|AUTOMATIC|Complex Commands ~ Battle Herald

###Block: Holy Vindicator (Test) --------------------------------------------------------------------------------------------------------------------------------------------

# Class Name			Hit Dice	Type				Abbreviation	Max Level		Source Page			Save checks bonus																									Combat bonus
CLASS:Holy Vindicator	HD:10		TYPE:PC.Prestige	ABB:HV			MAXLEVEL:10		SOURCEPAGE:p.263	BONUS:CHECKS|BASE.Fortitude|(CL+1)/2	BONUS:CHECKS|BASE.Reflex|(CL+1)/3	BONUS:CHECKS|BASE.Will|((CL-2)/3)+1		BONUS:COMBAT|BAB|CL|TYPE=Base.REPLACE
# Class Name			Req. Att.		Required Skill						Required Special Ability									Required Feat									Req. Spell TYPE
CLASS:Holy Vindicator	PREATT:5		PRESKILL:1,Knowledge (Religion)=5	PREABILITY:1,CATEGORY=Special Ability,Channel Energy		PREFEAT:1,Alignment Channel,Elemental Channel	PRESPELLTYPE:1,Divine=1
# Class Name			Skill Pts/Lvl		Class Skill
CLASS:Holy Vindicator	STARTSKILLPTS:2		CSKILL:Climb|Heal|Intimidate|Knowledge (Planes)|Knowledge (Religion)|Ride|Sense Motive|Spellcraft|Swim
###Block:  Weapon/Armor Proficiencies
1	ABILITY:Special Ability|AUTOMATIC|All Martial Weapon Proficiencies	AUTO:FEAT|Simple Weapon Proficiency|Martial Weapon Proficiency
1																		AUTO:FEAT|Armor Proficiency (Light)|Armor Proficiency (Medium)|Armor Proficiency (Heavy)
1																		AUTO:FEAT|Shield Proficiency
##Block: Normal Level Progression
1							BONUS:VAR|ChannelEnergyLVL|CL		ABILITY:Special Ability|AUTOMATIC|Channel Energy|Vindicator's Shield ~ Holy Vindicator
2	ADD:SPELLCASTER|Divine	BONUS:VAR|StigmataLVL|CL			ABILITY:Special Ability|AUTOMATIC|Stigmata ~ Holy Vindicator
3	ADD:SPELLCASTER|Divine	BONUS:VAR|Faith HealingLVL|CL		ABILITY:Special Ability|AUTOMATIC|Faith Healing ~ Holy Vindicator
4	ADD:SPELLCASTER|Divine										ABILITY:Special Ability|AUTOMATIC|Divine Wrath ~ Holy Vindicator
5																ABILITY:Special Ability|AUTOMATIC|Bloodfire ~ Holy Vindicator|Channel Smite ~ Holy Vindicator					AUTO:FEAT|Channel Smite
6	ADD:SPELLCASTER|Divine										ABILITY:Special Ability|AUTOMATIC|Versatile Channel ~ Holy Vindicator
7	ADD:SPELLCASTER|Divine										ABILITY:Special Ability|AUTOMATIC|Divine Judgment ~ Holy Vindicator
8	ADD:SPELLCASTER|Divine										
9																ABILITY:Special Ability|AUTOMATIC|Bloodrain ~ Holy Vindicator
10	ADD:SPELLCASTER|Divine										ABILITY:Special Ability|AUTOMATIC|Divine Retribution ~ Holy Vindicator

###Block: Horizon Walker (Test) --------------------------------------------------------------------------------------------------------------------------------------------

# Class Name			Hit Dice	Type				Abbreviation	Max Level		Source Page			Save checks bonus																		Combat bonus
CLASS:Horizon Walker	HD:10		TYPE:PC.Prestige	ABB:HW			MAXLEVEL:10		SOURCEPAGE:p.265	BONUS:CHECKS|BASE.Fortitude|(CL+1)/2	BONUS:CHECKS|BASE.Reflex,BASE.Will|(CL+1)/3		BONUS:COMBAT|BAB|CL|TYPE=Base.REPLACE
# Class Name			Required Feat			Required Skill
CLASS:Horizon Walker	PREFEAT:1,Endurance		PRESKILL:1,Knowledge (Georgraphy)=6
# Class Name			Skill Pts/Lvl		Class Skill
CLASS:Horizon Walker	STARTSKILLPTS:6		CSKILL:Climb|Diplomacy|Handle Animal|Knowledge (Geography)|Knowledge (Nature)|Knowledge (Planes)|Linguistics|Perception|Stealth|Survival|Swim
##Block: Normal Level Progression
1	BONUS:VAR|FavoredTerrainLVL|CL		ABILITY:Special Ability|AUTOMATIC|Favored Terrain ~ Horizon Walker
2	BONUS:VAR|TerrainMasteryLVL|CL		ABILITY:Special Ability|AUTOMATIC|Terrain Mastery ~ Horizon Walker
3	BONUS:VAR|TerrainDominanceLVL|CL	ABILITY:Special Ability|AUTOMATIC|Terrain Dominance ~ Horizon Walker
4
5
6
7
8
9
10										ABILITY:Special Ability|AUTOMATIC|Master Of All Lands ~ Horizon Walker


###Block: Master Chymist (Test) --------------------------------------------------------------------------------------------------------------------------------------------

# Class Name			Hit Dice	Type				Abbreviation	Max Level		Source Page			Save checks bonus																		Combat bonus
CLASS:Master Chymist	HD:10		TYPE:PC.Prestige	ABB:MC			MAXLEVEL:10		SOURCEPAGE:p.267	BONUS:CHECKS|BASE.Fortitude,BASE.Reflex|(CL+1)/2	BONUS:CHECKS|BASE.Will|(CL+1)/3		BONUS:COMBAT|BAB|CL|TYPE=Base.REPLACE
# Class Name			Req. Spells					Req. Special Ability
CLASS:Master Chymist	PRESPELLTYPE:1,Arcane=1		PREMULT:1,[PREABILITY:2,CATEGORY=Special Ability,Mutagen,Feral Mutagen],[PREABILITY:2,CATEGORY=Special Ability,Mutagen,Infuse Mutagen]
####I don't know syntax for the Master Chymist having 1 of 2 discoveries.
#Class Name				Skill Pts/Lvl		Class Skill
CLASS:Master Chymist	STARTSKILLPTS:2		CSKILL:Acrobatics|Climb|Escape Artist|Intimidate|Knowledge (Dungeoneering)|Sense Motive|Stealth|Swim
##Block: Normal Level Progression
1							BONUS:VAR|MutateLVL|CL			ABILITY:Special Ability|AUTOMATIC|Bomb-Thrower ~ Master Chymist|Mutagenic Form ~ Master Chymist|Mutate ~ Master Chymist
2	ADD:SPELLCASTER|Arcane	BONUS:VAR|AdvancedMutagenLVL|CL	ABILITY:Special Ability|AUTOMATIC|Advanced Mutagen ~ Master Chymist
3	ADD:SPELLCASTER|Arcane	BONUS:VAR|BrutalityLVL|CL		ABILITY:Special Ability|AUTOMATIC|Brutality ~ Master Chymist
4
5	ADD:SPELLCASTER|Arcane
6	ADD:SPELLCASTER|Arcane
7	ADD:SPELLCASTER|Arcane
8
9	ADD:SPELLCASTER|Arcane
10	ADD:SPELLCASTER|Arcane

###Block: Master Spy (Test) --------------------------------------------------------------------------------------------------------------------------------------------

# Class Name			Hit Dice	Type				Abbreviation	Max Level		Source Page			Save checks bonus																	Combat bonus
CLASS:Master Spy		HD:8		TYPE:PC.Prestige	ABB:MS			MAXLEVEL:10		SOURCEPAGE:p.270	BONUS:CHECKS|BASE.Reflex,BASE.Will|(CL+1)/2	BONUS:CHECKS|BASE.Fortitude|(CL+1)/3	BONUS:COMBAT|BAB|CL*3/4|TYPE=Base.REPLACE
# Class Name			Req. Feat 							Required Skill
CLASS:Master Spy		PREFEAT:2,Deceitful,Iron Will		PRESKILL:4,Bluff=7,Disguise=7,Perception=5,Sense Motive=5
# Class Name			Skill Pts/Lvl		Class Skill
CLASS:Master Spy		STARTSKILLPTS:4		CSKILL:Bluff|Diplomacy|Disable Device|Disguise|Escape Artist|Knowledge|Linguistics|Perception|Sense Motive|Sleight of Hand|Stealth|Use Magic Device
##Block: Normal Level Progression
1	BONUS:VAR|SneakAttack|(CL+1)/2			ABILITY:Special Ability|AUTOMATIC|Art of Deception ~ Master Spy|Master of Disguise ~ Master Spy|Sneak Attack ~ Master Spy
2									ABILITY:Special Ability|AUTOMATIC|Glib Lie ~ Master Spy|Mask Alignment ~ Master Spy
3									ABILITY:Special Ability|AUTOMATIC|Nonmagical Aura ~ Master Spy|Superficial Knowledge ~ Master Spy
4									ABILITY:Special Ability|AUTOMATIC|Concealed Thoughts ~ Master Spy|Quick Change ~ Master Spy
5									ABILITY:Special Ability|AUTOMATIC|Elude Detection ~ Master Spy|Slippery Mind ~ Master Spy
6									ABILITY:Special Ability|AUTOMATIC|Shift Alignment ~ Master Spy
7
8									ABILITY:Special Ability|AUTOMATIC|Death Attack ~ Master Spy|Fool Casting ~ Master Spy
9									ABILITY:Special Ability|AUTOMATIC|Hidden Mind ~ Master Spy
10									ABILITY:Special Ability|AUTOMATIC|Assumption ~ Master Spy

###Block: Nature Warden (Test) --------------------------------------------------------------------------------------------------------------------------------------------

# Class Name			Hit Dice	Type				Abbreviation	Max Level		Source Page			Save checks bonus																	Combat bonus
CLASS:Nature Warden		HD:8		TYPE:PC.Prestige	ABB:NW			MAXLEVEL:10		SOURCEPAGE:p.272	BONUS:CHECKS|BASE.Fortitude,BASE.Will|(CL+1)/2	BONUS:CHECKS|BASE.Reflex|(CL+1)/3	BONUS:COMBAT|BAB|CL|TYPE=Base.REPLACE
# Class Name			Req. Att.		Required Skill																		Req. Special Ability																	Req. SPELL TYPE
CLASS:Nature Warden		PREATT:4		PRESKILL:4,Handle Animal=5,Knowledge (Geography)=5,Knowledge (Nature)=5,Survival=5	PREABILITY:3,CATEGORY=Special Ability,Animal Companion,Favored Terrain,Wild Empathy		PRESPELLTYPE:1,Divine=2
# Class Name			Skill Pts/Lvl		Class Skill
CLASS:Nature Warden		STARTSKILLPTS:4		CSKILL:Handle Animal|Heal|Knowledge (Geography)|Knowledge (Nature)|Perception|Ride|Sense Motive|Survival|Swim
##Block: Normal Level Progression
1	BONUS:VAR|CompanionBondLVL|CL	BONUS:VAR|NaturalEmpathyLVL|CL						ABILITY:Special Ability|AUTOMATIC|Companion Bond ~ Nature Warden|Natural Empathy ~ Nature Warden
2																	ABILITY:Special Ability|AUTOMATIC|Mystic Harmony ~ Nature Warden|Wild Stride ~ Nature Warden
3																	ABILITY:Special Ability|AUTOMATIC|Animal Speech ~ Nature Warden
4																	ABILITY:Special Ability|AUTOMATIC|Silverclaw
5	BONUS:VAR|FavoredTerrainLVL|CL	BONUS:VAR|SurvivalistLVL|CL						ABILITY:Special Ability|AUTOMATIC|Favored Terrain ~ Nature Warden|Survivalist ~ Nature Warden
6																	ABILITY:Special Ability|AUTOMATIC|Woodforging ~ Nature Warden
7																	ABILITY:Special Ability|AUTOMATIC|Companion Walk ~ Nature Warden
8																	ABILITY:Special Ability|AUTOMATIC|Ironpaw ~ Nature Warden
9																	ABILITY:Special Ability|AUTOMATIC|Guarded Lands ~ Nature Warden
10																	ABILITY:Special Ability|AUTOMATIC|Companion Soul ~ Nature Warden

###Block: Rage Prophet (Test) --------------------------------------------------------------------------------------------------------------------------------------------

# Class Name			Hit Dice	Type				Abbreviation	Max Level		Source Page			Save checks bonus																	Combat bonus
CLASS:Rage Prophet		HD:10		TYPE:PC.Prestige	ABB:RP			MAXLEVEL:10		SOURCEPAGE:p.275	BONUS:CHECKS|BASE.Fortitude,BASE.Will|(CL+1)/2	BONUS:CHECKS|BASE.Reflex|(CL+1)/3	BONUS:COMBAT|BAB|CL*3/4|TYPE=Base.REPLACE
# Class Name			Req. Att.		Required Skill						Req. Special Ability
CLASS:Rage Prophet		PREATT:5		PRESKILL:1,Knowledge (Religion)=5	PREABILITY:2,CATEGORY=Special Ability,Oracle's Curse,Moment of Clarity
# Class Name			Skill Pts/Lvl		Class Skill
CLASS:Rage Prophet		STARTSKILLPTS:4		CSKILL:Climb|Heal|Intimidate|Knowledge (History)|Knowledge (Religion)|Sense Motive|Spellcraft|Swim
##Block: Normal Level Progression
1																ABILITY:Special Ability|AUTOMATIC|Savage Seer ~ Rage Prophet|Spirit Guide ~ Rage Prophet
2	ADD:SPELLCASTER|Divine	BONUS:VAR|RageProphetMysteryLVL|CL						ABILITY:Special Ability|AUTOMATIC|Rage Prophet Mystery ~ Rage Prophet|Raging Healer ~ Rage Prophet
3	ADD:SPELLCASTER|Divine												ABILITY:Special Ability|AUTOMATIC|Indomitable Caster ~ Rage Prophet
4	ADD:SPELLCASTER|Divine	BONUS:VAR|RagecasterLVL|CL							ABILITY:Special Ability|AUTOMATIC|Ragecaster ~ Rage Prophet
5																ABILITY:Special Ability|AUTOMATIC|Spirit Guardian ~ Rage Prophet
6	ADD:SPELLCASTER|Divine												ABILITY:Special Ability|AUTOMATIC|Enduring Rage ~ Rage Prophet
7	ADD:SPELLCASTER|Divine
8																ABILITY:Special Ability|AUTOMATIC|Raging Spellstrength ~ Rage Prophet
9	ADD:SPELLCASTER|Divine												ABILITY:Special Ability|AUTOMATIC|Spirit Warrior ~ Rage Prophet
10	ADD:SPELLCASTER|Divine												ABILITY:Special Ability|AUTOMATIC|Greater Rage ~ Rage Prophet

###Block: Stalwart Defender (Test) --------------------------------------------------------------------------------------------------------------------------------------------

# Class Name			Hit Dice	Type				Abbreviation	Max Level		Source Page			Save checks bonus																	Combat bonus							AC bonus
CLASS:Stalwart Defender		HD:12		TYPE:PC.Prestige	ABB:SD			MAXLEVEL:10		SOURCEPAGE:p.277	BONUS:CHECKS|BASE.Fortitude,BASE.Will|(CL+1)/2	BONUS:CHECKS|BASE.Reflex|(CL+1)/3	BONUS:COMBAT|BAB|CL|TYPE=Base.REPLACE
####I don't know how to add in AC Bonus
# Class Name			Req. Att.	Req. Feat
CLASS:Stalwart Defender	PREATT:7	PREFEAT:6,Dodge,Endurance,Toughness,Armor Proficiency (Light),Armor Proficiency (Medium),Shield Proficiency	
# Class Name			Skill Pts/Lvl		Class Skill
CLASS:Stalwart Defender	STARTSKILLPTS:2		CSKILL:Acrobatics|Climb|Intimidate|Perception|Sense Motive
##Block: Normal Level Progression
1										ABILITY:Special Ability|AUTOMATIC|Defensive Stance ~ Stalwart Defender
2	BONUS:VAR|DefensivePowerLVL|CL		ABILITY:Special Ability|AUTOMATIC|Defensive Power ~ Stalwart Defender
3										ABILITY:Special Ability|AUTOMATIC|Uncanny Dodge ~ Stalwart Defender
4
5	BONUS:VAR|DamageReductionLVL|CL		ABILITY:Special Ability|AUTOMATIC|Damage Reduction ~ Stalwart Defender
6
7										ABILITY:Special Ability|AUTOMATIC|Improved Uncanny Dodge ~ Stalwart Defender
8
9										ABILITY:Special Ability|AUTOMATIC|Mobile Defense ~ Stalwart Defender
10										ABILITY:Special Ability|AUTOMATIC|Last Word ~ Stalwart Defender
