SOURCELONG:Advanced Player's Guide	SOURCESHORT:PFAPG	SOURCEWEB:http://paizo.com/store/downloads/pathfinder/pathfinderRPG/v5748btpy8fo1	SOURCEDATE:2010-08
# Original Entry by: Eric C. Smith (Maredudd)


####Block: Simple Weapons
#------light---------
# Equipment Name		Output Name					Required Weapon Proficiency			Type																	Alternative Type					Cost		Weight	Slot Needed	Critical Hit Multiplier	Critical Hit Range	Alternative Critical	Alternative Critical Range	Damage	Alternative Damage	Modifier					Alternative Modifier		Wield Category	Range		Reach		Reach Multiplier	Size		Source Page		Bonus Equipment Modifiers																Weapon prop. bonus											Special Property
Battle Aspergillum
Cestus
Wooden Stake

#------two-handed---------
# Equipment Name		Output Name					Required Weapon Proficiency			Type																	Alternative Type					Cost		Weight	Slot Needed	Critical Hit Multiplier	Critical Hit Range	Alternative Critical	Alternative Critical Range	Damage	Alternative Damage	Modifier					Alternative Modifier		Wield Category	Range		Reach		Reach Multiplier	Size		Source Page		Bonus Equipment Modifiers																Weapon prop. bonus											Special Property
Bayonet
Spear (Boar)			OUTPUTNAME:Boar Spear		

####Block: Martial Weapons
#------one-handed---------
# Equipment Name		Output Name					Required Weapon Proficiency			Type																	Alternative Type					Cost		Weight	Slot Needed	Critical Hit Multiplier	Critical Hit Range	Alternative Critical	Alternative Critical Range	Damage	Alternative Damage	Modifier					Alternative Modifier		Wield Category	Range		Reach		Reach Multiplier	Size		Source Page		Bonus Equipment Modifiers																Weapon prop. bonus											Special Property
Sword Cane

#------two-handed---------
# Equipment Name		Output Name					Required Weapon Proficiency			Type																	Alternative Type					Cost		Weight	Slot Needed	Critical Hit Multiplier	Critical Hit Range	Alternative Critical	Alternative Critical Range	Damage	Alternative Damage	Modifier					Alternative Modifier		Wield Category	Range		Reach		Reach Multiplier	Size		Source Page		Bonus Equipment Modifiers																Weapon prop. bonus											Special Property
Bardiche
Bec de corbin
Bill
Glaive-guisarme
Lucern Hammer

####Block: Exotic Weapons
#------light---------
# Equipment Name		Output Name					Required Weapon Proficiency			Type																	Alternative Type					Cost		Weight	Slot Needed	Critical Hit Multiplier	Critical Hit Range	Alternative Critical	Alternative Critical Range	Damage	Alternative Damage	Modifier					Alternative Modifier		Wield Category	Range		Reach		Reach Multiplier	Size		Source Page		Bonus Equipment Modifiers																Weapon prop. bonus											Special Property
Dagger (Swordbreaker)

#------one-handed---------
# Equipment Name		Output Name					Required Weapon Proficiency			Type																	Alternative Type					Cost		Weight	Slot Needed	Critical Hit Multiplier	Critical Hit Range	Alternative Critical	Alternative Critical Range	Damage	Alternative Damage	Modifier					Alternative Modifier		Wield Category	Range		Reach		Reach Multiplier	Size		Source Page		Bonus Equipment Modifiers																Weapon prop. bonus											Special Property
Falcata
Khopesh
Sword (Temple)			OUTPUTNAME:Temple Sword

#------two-handed---------
# Equipment Name		Output Name					Required Weapon Proficiency			Type																	Alternative Type					Cost		Weight	Slot Needed	Critical Hit Multiplier	Critical Hit Range	Alternative Critical	Alternative Critical Range	Damage	Alternative Damage	Modifier					Alternative Modifier		Wield Category	Range		Reach		Reach Multiplier	Size		Source Page		Bonus Equipment Modifiers																Weapon prop. bonus											Special Property
Chain Spear
Mancatcher
