# CVS $Revision$ $Author$ -- Thu Jul 22 09:57:17 2010 -- reformated by prettylst.pl v1.39 (build 11455)
SOURCELONG:Advanced Player's Guide	SOURCESHORT:PFAPG	SOURCEWEB:http://paizo.com/store/downloads/pathfinder/pathfinderRPG/v5748btpy8fo1	SOURCEDATE:2010-08
# Original Entry by: Stefan Radermacher

# NO LONGER NEEDED - Placed new version in core to make this more seemless.


STARTPACK:Dwarf Default	VISIBLE:NO	APPLY:INSTANT
ABILITY:CATEGORY=Dwarven Defensive Training Alternatives|Defensive Training ~ Dwarf
ABILITY:CATEGORY=Dwarven Greed Alternatives|Greed
ABILITY:CATEGORY=Dwarven Hardy Alternatives|Hardy
ABILITY:CATEGORY=Dwarven Hatred Alternatives|Hatred ~ Dwarf
ABILITY:CATEGORY=Dwarven Stability Alternatives|Stability
ABILITY:CATEGORY=Dwarven Stonecunning Alternatives|Stonecunning

STARTPACK:Elf Default	VISIBLE:NO	APPLY:INSTANT
ABILITY:CATEGORY=Elven Racial Trait|Elven Magic
ABILITY:CATEGORY=Elven Racial Trait|Elven Immunities ~ Elf
ABILITY:CATEGORY=Elven Racial Trait|Weapon Familiarity ~ Elf

# 
STARTPACK:Eidolon (Quadruped)	TYPE:Companion	VISIBLE:NO
STAT:STR=10|DEX=10|CON=11|INT=11|WIS=10|CHA=11
TEMPLATE:Bite

STARTPACK:Eidolon (Biped)	TYPE:Companion	VISIBLE:NO
STAT:STR=10|DEX=10|CON=11|INT=11|WIS=10|CHA=11
TEMPLATE:Claws

STARTPACK:Eidolon (Serpentine)	TYPE:Companion	VISIBLE:NO
STAT:STR=10|DEX=10|CON=11|INT=11|WIS=10|CHA=11
TEMPLATE:Bite|Tail Slap





#
# End
#
