# CVS $Revision$ $Author$ -- Thu Jul 22 11:20:47 2010 -- reformated by prettylst.pl v1.39 (build 11455)
SOURCELONG:Advanced Player's Guide	SOURCESHORT:PFAPG	SOURCEWEB:http://paizo.com/store/downloads/pathfinder/pathfinderRPG/v5748btpy8fo1	SOURCEDATE:2010-08
# Original Entry by: Stefan Radermacher

# Race Name	Bonus to Ability Pool																																																	Ability																																																							Apply Kit
CLASS:Bard.MOD	
1	BONUS:ABILITYPOOL|Bard Archetypes|1
1	ABILITY:Special Ability|AUTOMATIC|.CLEAR.Bardic Knowledge
1	ABILITY:Special Ability|AUTOMATIC|.CLEAR.Countersong
1	ABILITY:Special Ability|AUTOMATIC|.CLEAR.Suggestion
1	ABILITY:Special Ability|AUTOMATIC|.CLEAR.Mass Suggestion
1	ABILITY:Special Ability|AUTOMATIC|.CLEAR.Versatile Performance
1	ABILITY:Special Ability|AUTOMATIC|.CLEAR.Well-Versed
1	ABILITY:Special Ability|AUTOMATIC|.CLEAR.Lore Master
1	ABILITY:Special Ability|AUTOMATIC|.CLEAR.Jack of All Trades


# Class Name	Hit Dice	Type			Abbreviation	Max Level	Source Page		Save checks bonus											Combat bonus
CLASS:Summoner	HD:8		TYPE:Base.PC	ABB:Sum		MAXLEVEL:20	SOURCEPAGE:p.30	BONUS:CHECKS|BASE.Will|CL/2+2	BONUS:CHECKS|BASE.Fortitude,BASE.Reflex|CL/3	BONUS:COMBAT|BAB|CL*3/4|TYPE=Base.REPLACE
# Class Name	Skill Pts/Lvl	Class Skill
CLASS:Summoner	STARTSKILLPTS:2	CSKILL:TYPE.Craft|Fly|Handle Animal|TYPE.Knowledge|Linguistics|TYPE.Profession|Ride|Spellcraft|Use Magic Device
# Class Name	Spell Stat		Spell Type		Caster level
CLASS:Summoner	SPELLSTAT:CHA	SPELLTYPE:Arcane	BONUS:CASTERLEVEL|Summoner|CL
###Block:Proficiencies
1																							ABILITY:Special Ability|AUTOMATIC|All Automatic Proficiencies		AUTO:FEAT|Simple Weapon Proficiency|Armor Proficiency (Light)
1									BONUS:VAR|EidolonLevel|CL										ABILITY:Special Ability|AUTOMATIC|Cantrips ~ Summoner|Eidolon|Life Link
1									BONUS:VAR|SMDuration|CL	BONUS:VAR|SMLevel|min(9,(CL+1)/2)	BONUS:VAR|SMTimes|CHA+3	ABILITY:Special Ability|AUTOMATIC|Summon Monster ~ Summoner
1	CAST:0,1			KNOWN:4,2
2	CAST:0,2			KNOWN:5,3																	ABILITY:Special Ability|AUTOMATIC|Bond Senses
3	CAST:0,3			KNOWN:6,4
4	CAST:0,3,1			KNOWN:6,4,2																	ABILITY:Special Ability|AUTOMATIC|Shield Ally
5	CAST:0,4,2			KNOWN:6,4,3
6	CAST:0,4,3			KNOWN:6,4,4																	ABILITY:Special Ability|AUTOMATIC|Maker's Call
7	CAST:0,4,3,1		KNOWN:6,5,4,2
8	CAST:0,4,4,2		KNOWN:6,5,4,3																ABILITY:Special Ability|AUTOMATIC|Transposition
9	CAST:0,5,4,3		KNOWN:6,5,4,4
10	CAST:0,5,4,3,1		KNOWN:6,5,5,4,2		BONUS:VAR|MasterLevel|CL										ABILITY:Special Ability|AUTOMATIC|Aspect
11	CAST:0,5,4,4,2		KNOWN:6,6,5,4,3
12	CAST:0,5,5,4,3		KNOWN:6,6,5,4,4																ABILITY:Special Ability|AUTOMATIC|Greater Shield Ally
13	CAST:0,5,5,4,3,1		KNOWN:6,6,5,5,4,2
14	CAST:0,5,5,4,4,2		KNOWN:6,6,6,5,4,3																ABILITY:Special Ability|AUTOMATIC|Life Bond
15	CAST:0,5,5,5,4,3		KNOWN:6,6,6,5,4,4
16	CAST:0,5,5,5,4,3,1	KNOWN:6,6,6,5,5,4,2															ABILITY:Special Ability|AUTOMATIC|Merge Forms
17	CAST:0,5,5,5,4,4,2	KNOWN:6,6,6,6,5,4,3
18	CAST:0,5,5,5,5,4,3	KNOWN:6,6,6,6,5,4,4															ABILITY:Special Ability|AUTOMATIC|Greater Aspect
19	CAST:0,5,5,5,5,5,4	KNOWN:6,6,6,6,5,5,4															ABILITY:Special Ability|AUTOMATIC|Gate ~ Summoner
20	CAST:0,5,5,5,5,5,5	KNOWN:6,6,6,6,6,5,5															ABILITY:Special Ability|AUTOMATIC|Twin Eidolon


# Class Name			Output Name			Hit Dice	Type				Max Level		Source Page		Ability					Save checks bonus											Combat bonus
CLASS:Eidolon (Fort/Ref)	OUTPUTNAME:Eidolon	HD:10		TYPE:Monster.Companion	MAXLEVEL:NOLIMIT	SOURCEPAGE:p.309	ABILITY:FEAT|AUTOMATIC|CMB Output	BONUS:CHECKS|BASE.Fortitude,BASE.Reflex|CL/2+2	BONUS:CHECKS|BASE.Will|CL/3	BONUS:COMBAT|BAB|CL|TYPE=Base.REPLACE
# Class Name			Reg. Race Type
CLASS:Eidolon (Fort/Ref)	PRERACETYPE:Eidolon
# Class Name			Skill Pts/Lvl	Add INT to Skill Points?	Class Skill
CLASS:Eidolon (Fort/Ref)	STARTSKILLPTS:6	MODTOSKILLS:YES			CSKILL:Bluff|TYPE.Craft|Knowledge (Planes)|Perception|Sense Motive|Stealth

# Class Name			Output Name			Hit Dice	Type				Max Level		Source Page		Ability					Save checks bonus											Combat bonus
CLASS:Eidolon (Fort/Will)	OUTPUTNAME:Eidolon	HD:10		TYPE:Monster.Companion	MAXLEVEL:NOLIMIT	SOURCEPAGE:p.309	ABILITY:FEAT|AUTOMATIC|CMB Output	BONUS:CHECKS|BASE.Fortitude,BASE.Will|CL/2+2	BONUS:CHECKS|BASE.Reflex|CL/3	BONUS:COMBAT|BAB|CL|TYPE=Base.REPLACE
# Class Name			Reg. Race Type
CLASS:Eidolon (Fort/Will)	PRERACETYPE:Eidolon
# Class Name			Skill Pts/Lvl	Add INT to Skill Points?	Class Skill
CLASS:Eidolon (Fort/Will)	STARTSKILLPTS:6	MODTOSKILLS:YES			CSKILL:Bluff|TYPE.Craft|Knowledge (Planes)|Perception|Sense Motive|Stealth

# Class Name			Output Name			Hit Dice	Type				Max Level		Source Page		Ability					Save checks bonus											Combat bonus
CLASS:Eidolon (Ref/Will)	OUTPUTNAME:Eidolon	HD:10		TYPE:Monster.Companion	MAXLEVEL:NOLIMIT	SOURCEPAGE:p.309	ABILITY:FEAT|AUTOMATIC|CMB Output	BONUS:CHECKS|BASE.Reflex,BASE.Will|CL/2+2	BONUS:CHECKS|BASE.Fortitude|CL/3	BONUS:COMBAT|BAB|CL|TYPE=Base.REPLACE
# Class Name			Reg. Race Type
CLASS:Eidolon (Ref/Will)	PRERACETYPE:Eidolon
# Class Name			Skill Pts/Lvl	Add INT to Skill Points?	Class Skill
CLASS:Eidolon (Ref/Will)	STARTSKILLPTS:6	MODTOSKILLS:YES			CSKILL:Bluff|TYPE.Craft|Knowledge (Planes)|Perception|Sense Motive|Stealth


