
#	KEY:Bard Archetype ~	CATEGORY:Archetype.	TYPE:Archetype	PREMULT:1,[PREABILITY:1,CATEGORY=Archetype,Bard Archetype ~ ],[!PREABILITY:1,CATEGORY=Archetype,TYPE.]




#Cleric: Instead of specific archetypes
each cleric can choose from a host of subdomains that focus on one aspect of their deity's power. Two or more subdomains are presented for each domain.

# Subdomains
Agathion Subdomain		PREMULT:1,[!PREDOMAIN:1,Good],[PREDOMAIN:1,Agathion Subdomain]	ABILITY:Special Ability|AUTOMATIC|Cleric Agathion Subdomain ~ Protective Aura

Replacement Power: The following granted power replaces the holy lance power of the Good domain. Agathions are a race of neutral good outsiders (see Pathfinder Bestiary II).

Protective Aura	KEY:Cleric Agathion Subdomain ~ Protective Aura	CATEGORY:Special Ability	TYPE:SpecialQuality.Supernatural	DESC:At 8th level, you can emit a 30-foot protective aura as a standard action. Allies in this aura receive a +2 def lection bonus to AC and a +2 resistance bonus on all saving throws. In addition, allies in the area gain the benefits of protection from evil (although the AC bonus and saving throw bonus do not stack with those granted by this effect). You can use this ability for a number of rounds per day equal to your cleric level. These rounds do not have to be consecutive.

			SPELLLEVEL:DOMAIN|Agathion Subdomain=1|Shield of Faith
			Agathion Subdomain=2|
			Agathion Subdomain=3|Tongues
			Agathion Subdomain=4|
			Agathion Subdomain=5|
			Agathion Subdomain=6|Planar Ally (Agathions Only)
			Agathion Subdomain=7|
			Agathion Subdomain=8|
			Agathion Subdomain=9|

# New Spells for Specialities:
Planar Ally (Agathions Only)


Ancestors Subdomain
Associated Domain: Repose.
Replacement Power: The following granted power replaces the ward against death power of the Repose domain.
Speak With Dead	KEY:Cleric Ancestors Subdomain ~ Speak With Dead	CATEGORY:Special Ability	TYPE:SpecialQuality.Supernatural	DESC:At 8th level, as a standard action, you can ask one question of a dead creature as if using speak with dead. The dead creature you are questioning does not gain a Will saving throw if your alignments are different. You can use this ability for a number of times per day equal to your cleric level.
Replacement Domain Spells: 4th-rest eternal*, 6th-geas/quest.

Arcane Subdomain
Associated Domain: Magic.
Replacement Power: The following granted power replaces the hand of the acolyte power of the Magic domain.
Arcane Beacon	KEY:Cleric Arcane Subdomain ~ Arcane Beacon	CATEGORY:Special Ability	TYPE:SpecialQuality.Supernatural	DESC:As a standard action you can become a beacon of arcane energy until the end of your next turn. The aura emanates 15 feet from you. All arcane spells cast within the aura either gain a +1 bonus to their caster level or increase their saving throw DC by +1. The caster chooses the benefit when she casts the spell. You can use this ability for a number of times per day equal to 3 + your Wisdom modifier.
Replacement Domain Spells: 1st level-magic aura, 4th-arcane eye, 6th-analyze dweomer.

Archon Subdomain
Associated Domains: Good, Law.
Replacement Power: The following granted power replaces the holy lance power of the Good domain or the staff of order power of the Law domain. Archons are a race of lawful good outsiders (Bestiary, 18).
Aura of Menace	KEY:Cleric Archon Subdomain ~ Aura of Menace	CATEGORY:Special Ability	TYPE:SpecialQuality.Supernatural	DESC:At 8th level, you can emit a 30-foot aura of menace as a standard action. Enemies in this aura take a -2 penalty to AC and on attacks and saves as long as they remain inside the aura. You can use this ability for a number of rounds per day equal to your cleric level. These rounds do not need to be consecutive.
Replacement Domain Spells: 1st-divine favor, 3rd- prayer, 6th-planar ally (archon only).

Ash Subdomain
Associated Domain: Fire.
Replacement Power: The following granted power replaces the fire resistance power of the Fire domain.
Wall of Ashes	KEY:Cleric Ash Subdomain ~ Wall of Ashes	CATEGORY:Special Ability	TYPE:SpecialQuality.Supernatural	DESC:At 8th level, you can create a wall of swirling ashes anywhere within 100 feet. This wall is up to 20 feet high and up to 10 feet long per cleric level you possess. The wall of ash blocks line of sight, and any creature passing through it must make a Fortitude save or be blinded for 1d4 rounds. The wall of ash reveals invisible creatures that are inside it or adjacent to it, although they become invisible again if they move away from the wall. You can use this ability for a number of minutes per day equal to your cleric level, but these minutes do not need to be consecutive.
Replacement Domain Spells: 7th-disintegrate, 9th- fiery body*.

Azata Subdomain
Associated Domains: Chaos, Good.
Replacement Power: The following granted power replaces the touch of chaos power of the Chaos domain or the touch of good power of the Good domain. Azatas are a race of lawful good outsiders (Bestiary 23).
Elysium's Call	KEY:Cleric Azata Subdomain ~ Elysium's Call	CATEGORY:Special Ability	TYPE:SpecialQuality.Supernatural	DESC:With a touch, you can imbue creatures with the spirit of Elysium, lifting their spirits and freeing them from bonds. The creatures touched can immediately reroll any failed saving throws against spells and spell-like abilities of the enchantment (charm) and enchantment (compulsion) subschools. In addition, targets receive a +2 sacred bonus on such saving throws and a +2 sacred bonus on CMB checks to escape a grapple. Finally, targets can ignore up to 5 feet of difficult terrain each round, as if they had the Nimble Moves feat. These bonuses last for a number of rounds equal to 1/2 your cleric level (minimum 1), although the saving throw reroll only applies when the creature is touched. You can use this ability for a number of rounds per day equal to 3 + your Wisdom modifier.
Replacement Domain Spells: 1st-expeditious retreat, 3rd-f ly, 6th-planar ally (azata only).

Blood Subdomain
Associated Domain: War.
Replacement Power: The following granted power replaces the weapon master power of the War domain.
Wounding Blade	KEY:Cleric Blood Subdomain ~ Wounding Blade	CATEGORY:Special Ability	TYPE:SpecialQuality.Supernatural	DESC:At 8th level, you can give a weapon that you touch the wounding special weapon quality for a number of rounds equal to 1/2 your cleric level. You can use this ability once per day at 8th level, and an additional time per day for every four levels beyond 8th.
Replacement Domain Spells: 3rd-vampiric touch, 5th- wall of thorns, 7th-inf lict serious wounds (mass).

Catastrophe Subdomain
Associated Domain: Destruction.
Replacement Power: The following granted power replaces the destructive aura power of the Destruction domain.
Deadly Weather	KEY:Cleric Catastrophe Subdomain ~ Deadly Weather	CATEGORY:Special Ability	TYPE:SpecialQuality.Supernatural	DESC:At 8th level, you can unleash a furious call to the heavens, summoning forth an everchanging storm of destruction for a number of rounds per day equal to your cleric level. This storm has a radius of 5 feet per cleric level. Each round, the storm has one of the following effects: driving rain (-4 on all Perception checks and ranged attack rolls), howling winds (-8 on Fly skill checks and ranged attack rolls), heavy snow (all terrain is considered difficult), or lightning bolt (as call lightning). Other effects depending on the weather might also apply (at the GM's discretion). You choose which effect takes place each round, but no effect may be repeated on the following round. These rounds do not need to be consecutive.
Replacement Domain Spells: 2nd-gust of wind, 3rd- call lightning, 7th-control weather.

Caves Subdomain
Associated Domain: Earth.
Replacement Power: The following granted power replaces the acid resistance power of the Earth domain.
Tunnel Runner	KEY:Cleric Caves Subdomain ~ Tunnel Runner	CATEGORY:Special Ability	TYPE:SpecialQuality.Supernatural	DESC:At 8th level, you can move through tunnels and caves with ease. Activating this ability is a standard action. You can move across any stone surface as if under the effects of spider climb. You can also see very well in darkness, gaining darkvision out to a range of 60 feet. If you already possess darkvision, extend the range by 60 feet. While underground, you also gain an insight bonus equal to your cleric level on Stealth skill checks and an insight bonus equal to your Wisdom modifier on initiative checks. You can use this ability for 1 minute per day per cleric level you possess. These minutes do not need to be consecutive, but they must be spent in 1-minute increments.
Replacement Domain Spells: 2nd-create pit*, 3rd- spiked pit*, 6th-hungry pit*.

Cloud Subdomain
Associated Domain: Air.
Replacement Power: The following granted power replaces the electricity resistance power of the Air domain.
Thundercloud	KEY:Cleric ~ Thundercloud	CATEGORY:Special Ability	TYPE:SpecialQuality.Supernatural	DESC:At 8th level, you can, as a standard action, summon a storm cloud. This power functions as fog cloud except that creatures inside the cloud are deafened and take 2d6 points of electricity damage each round from the f lashes of thunder and lightning. Once created, you can concentrate on the cloud to move it up to 30 feet each round. You can use this ability for a number of rounds per day equal to your cleric level. These rounds do not need to be consecutive.
Replacement Domain Spells: 4th-solid fog, 9th-storm of vengeance.

Construct Subdomain
Associated Domain: Artifice.
Replacement Power: The following granted power replaces the dancing weapon power of the Artifice domain.
Animate Servant	KEY:Cleric ~ Animate Servant	CATEGORY:Special Ability	TYPE:SpecialQuality.Supernatural	DESC:At 8th level, as a standard action, you can give life to inanimate objects. This ability functions as animate objects using your cleric level as the caster level. You can use this ability once per day at 8th level, and one additional time per day for every four levels beyond 8th.
Replacement Domain Spells: 7th-limited wish, 8th-polymorph any object.

Curse Subdomain
Associated Domain: Luck.
Replacement Power: The following granted power replaces the bit of luck power of the Luck domain.
Malign Eye	KEY:Cleric ~ Malign Eye	CATEGORY:Special Ability	TYPE:SpecialQuality.Supernatural	DESC:As a standard action, you can aff lict one target within 30 feet with your malign eye, causing it to take a -2 penalty on all saving throws against your spells. The effect lasts for 1 minute or until the target hits you with an attack. You can use this ability for a number of times per day equal to 3 + your Wisdom modifier.
Replacement Domain Spells: 1st level-bane, 3rd-bestow curse, 6th-eyebite.

Daemon Subdomain
Associated Domain: Evil.
Replacement Power: The following granted power replaces the scythe of evil power of the Evil domain.
Daemons are a race of neutral evil outsiders (see Pathfinder Bestiary II).
Whispering Evil	KEY:Cleric ~ Whispering Evil	CATEGORY:Special Ability	TYPE:SpecialQuality.Supernatural	DESC:At 8th level, as a standard action, you can whisper a hypnotizing litany of empty promises. Each enemy within a 30-foot emanation that can hear you must succeed on a Will saving throw or become fascinated for as long as you continue the litany. You can use this power a number of rounds per day equal to your cleric level, but these rounds do not need to be consecutive. This is a mindaffecting effect.
Replacement Domain Spells: 1st-cause fear, 3rd- vampiric touch, 6th-planar binding (daemons only).

Day Subdomain
Associated Domain: Sun.
Replacement Power: The following granted power replaces the nimbus of light power of the Sun domain.
Day's Resurgence	KEY:Cleric ~ Day's Resurgence	CATEGORY:Special Ability	TYPE:SpecialQuality.Supernatural	DESC:At 8th level, you can restore a single creature as if it had just completed 8 hours of rest. It takes 10 minutes to use this power. If the use of this power is disrupted, it must be restarted, but it is not lost. At the end of the 10 minutes, a single willing creature that you have touched regains hit points as if it had rested for the night and may make new saving throws against effects that require a save once per day. The target does not suffer any negative effects if such saving throws are failed, but success counts toward removing the aff liction (if possible). This ability does not allow a target to prepare spells an additional time per day. You can use this ability once per day at 8th level, plus one additional time per day for every 2 levels beyond 8th.
Replacement Domain Spells: 2nd level-continual f lame, 3rd-daylight.

Decay Subdomain
Associated Domain: Plant.
Replacement Power: The following granted power replaces the bramble armor power of the Plant domain.
Aura of Decay	KEY:Cleric ~ Aura of Decay	CATEGORY:Special Ability	TYPE:SpecialQuality.Supernatural	DESC:At 8th level, you can emit a 30-foot aura of decay as a standard action. Living creatures in this aura (except you) take 1d6 points of damage per round as their f lesh rots. They also take a cumulative -1 penalty to Strength each round they remain in the aura. Once outside the aura, the penalty fades at the rate of -1 per round, but it begins building again if they reenter the aura. Plant creatures take 2d6 points of damage per round. You can use this ability for a number of rounds per day equal to your cleric level. These rounds do not need to be consecutive.
Replacement Domain Spells: 3rd-contagion, 4th-poison, 6th-harm.

Deception Subdomain
Associated Domain: Trickery.
Replacement Power: The following granted power replaces the copycat power of the Trickery domain.
Sudden Shift	KEY:Cleric ~ Sudden Shift	CATEGORY:Special Ability	TYPE:SpecialQuality.SpellLike		DESC:In the blink of an eye, you can appear somewhere else. As an immediate action, after you are missed by a melee attack, you can teleport up to 10 feet to a space that you can see. This space must be inside the reach of the creature that attacked you. You can use this power a number of times each day equal to 3 + your Wisdom modifier.
Replacement Domain Spells: 2nd-mirror image, 7th- project image.

Defense Subdomain
Associated Domain: Protection.
Replacement Power: The following granted power replaces the resilient touch power of the Protection domain.
Deflection Aura	KEY:Cleric ~ Deflection Aura	CATEGORY:Special Ability	TYPE:SpecialQuality.Supernatural	DESC:Once each day, you can emit a 20- foot aura for a number of rounds equal to your cleric level. Allies within the aura gain a +2 def lection bonus to AC and combat maneuver defense.
Replacement Domain Spells: 1st-shield, 2nd-barkskin, 7th-def lection*.

Demon Subdomain
Associated Domains: Chaos, Evil.
Replacement Power: The following granted power replaces the touch of chaos power of the Chaos domain or the touch of evil power of the Evil domain. Demons are a race of chaotic evil outsiders (see Bestiary, page 56).
Fury of the Abyss	KEY:Cleric ~ Fury of the Abyss	CATEGORY:Special Ability	TYPE:SpecialQuality.Supernatural	DESC:As a swift action, you can give yourself an enhancement bonus equal to 1/2 your cleric level (minimum +1) on melee attacks, melee damage rolls, and combat maneuver checks. This bonus lasts for 1 round. During this round, you take a -2 penalty to AC. You can use this ability for a number of times per day equal to 3 + your Wisdom modifier.
Replacement Domain Spells: 1st-doom, 3rd-rage, 6th-planar binding (demons only).

Devil Subdomain
Associated Domains: Evil, Law.
Replacement Power: The following granted power replaces the touch of evil power of the Evil domain or the touch of law power of the Law domain. Devils are a race of lawful evil outsiders (see Bestiary, page 71).
Hell's Corruption	KEY:Cleric ~ Hell's Corruption	CATEGORY:Special Ability	TYPE:SpecialQuality.Supernatural	DESC:You can cause a creature to become more susceptible to corruption as a melee touch attack. Creatures touched take a -2 penalty on all saving throws and must roll all opposed skill checks twice, taking the worse result. This effect lasts for a number of rounds equal to 1/2 your cleric level (minimum 1). You can use this ability for a number of times per day equal to 3 + your Wisdom modifier.
Replacement Domain Spells: 1st-command, 3rd- suggestion, 6th-planar binding (devils only).

Divine Subdomain
Associated Domain: Magic.
Replacement Power: The following granted power replaces the hand of the acolyte power of the Magic domain.
Divine Vessel	KEY:Cleric ~ Divine Vessel	CATEGORY:Special Ability	TYPE:SpecialQuality.Supernatural	DESC:Whenever you are the target of a divine spell, you can, as a swift action, grant each ally within 15 feet of you a divine boon. This boon grants a +2 bonus on the next attack roll, skill check, or ability check made before the end of their next turn. You can use this ability a number of times per day equal to 3 + your Wisdom modifier.
Replacement Domain Spells: 2nd level-bless water, 5th-cleanse*, 7th-resurrection, 9th-miracle.

Exploration Subdomain
Associated Domain: Travel.
Replacement Power: The following granted power replaces the agile feet power of the Travel domain.
Door Sight	KEY:Cleric ~ Door Sight	CATEGORY:Special Ability	TYPE:SpecialQuality.Supernatural	DESC:You can lay your hand upon any surface and see what is on the other side, as if using clairvoyance. Using this power takes 1 minute, during which time you must be touching the surface you want to see through. You can keep looking for as long as 10 minutes with each use of this power, but must touch the surface and take no other action the entire time. The surface cannot be thicker than 6 inches plus 1 inch per cleric level you possess. You can use this power a number of times per day equal to 3 + your Wisdom modifier.
Replacement Domain Spells: 1st-expeditious retreat, 4th-locate creature, 6th-find the path, 9th-world wave*.

Family Subdomain
Associated Domain: Community.
Replacement Power: The following power replaces the calming touch power of the Family domain.
Binding Ties	KEY:Cleric ~ Binding Ties	CATEGORY:Special Ability	TYPE:SpecialQuality.Supernatural	DESC:As a standard action, you can touch an ally and remove one condition affecting the ally by transferring it to yourself. This transfer lasts a number of rounds equal to your cleric level, but you can end it as a free action on your turn. At the end of this effect, the condition reverts to the original creature, unless it has ended or is removed by another effect. While this power is in use, the target is immune to the transferred condition. You can use this ability a number of times per day equal to 3 + your Wisdom modifier.
Replacement Domain Spells: 2nd-calm emotions, 3rd- create food and water.

Fate Subdomain
Associated Domain: Luck.
Replacement Power: The following granted power replaces the good fortune power of the Luck domain.
Tugging Strands	KEY:Cleric ~ Tugging Strands	CATEGORY:Special Ability	TYPE:SpecialQuality.Supernatural	DESC:At 8th level, you can force a creature within line of sight to reroll any one roll that it has just made before the result of the roll is revealed. The result of the reroll must be taken, even if it is worse than the original roll. You can use this ability once per day at 8th level, and one additional time per day for every 6 levels beyond 8th.
Replacement Domain Spells: 2nd-augury, 3rd-borrow fortune*, 9th-miracle.

Feather Subdomain
Associated Domain: Animal.
Add Fly to your list of class skills. In addition, whenever you cast a spell that grants you a f ly speed, your maneuverability increases by one step (up to perfect).
Replacement Power: The following granted power replaces the speak with animals power of the Animal domain.
Eyes of the Hawk	KEY:Cleric ~ Eyes of the Hawk	CATEGORY:Special Ability	TYPE:SpecialQuality.Extraordinary	DESC:You gain a racial bonus on Perception checks equal to 1/2 your cleric level (minimum +1). In addition, if you can act during a surprise round, you receive a +2 racial bonus on your Initiative check.
Replacement Domain Spells: 2nd-feather fall, 3rd-f ly, 6th-f ly (mass)*.

Ferocity Subdomain
Associated Domain: Strength.
Replacement Power: The following granted power replaces the strength surge power of the Strength domain.
Ferocious Strike	KEY:Cleric ~ Ferocious Strike	CATEGORY:Special Ability	TYPE:SpecialQuality.Supernatural	DESC:Whenever you make a melee attack, you can designate that attack as a ferocious strike. If the attack hits, it deals additional damage equal to 1/2 your cleric level (minimum +1). You can use this ability a number of times per day equal to 3 + your Wisdom modifier.
Replacement Domain Spells: 3rd-rage, 6th-bull's strength (mass).

Freedom Subdomain
Associated Domain: Liberation.
Replacement Power: The following granted power replaces the liberation power of the Liberation domain.
Liberty's Blessing	KEY:Cleric ~ Liberty's Blessing	CATEGORY:Special Ability	TYPE:SpecialQuality.SpellLike		DESC:You touch a willing creature as a standard action, granting it a boon. A creature with this boon can, as a swift action, make a saving throw against a single spell or effect it is suffering from that grants a save. The DC of the saving throw is equal to the original DC of the spell or effect. If the saving throw is successful, the effect ends. This boon lasts for 1 minute or until successfully used to remove a spell or effect, whichever duration is shorter. You can use this ability for a number of times equal to 3 + your Wisdom modifier.
Replacement Domain Spells: 1st-sanctuary, 5th- plane shift.

Fur Subdomain
Associated Domain: Animal.
Replacement Power: The following granted power replaces the speak with animals power of the Animal domain.
Predator's Grace	KEY:Cleric ~ Predator's Grace	CATEGORY:Special Ability	TYPE:SpecialQuality.Supernatural	DESC:You can, as a swift action, grant yourself a +10-foot bonus to your base speed for 1 round. This bonus increases by 5 feet for every 5 cleric levels you possess. In addition, you gain low-light vision for 1 round. If you already possess low-light vision, the range of your sight becomes three times that of a human in dim light for 1 round. You can use this ability a number of times per day equal to 3 + your Wisdom modifier.
Replacement Domain Spells: 1st-magic fang, 3rd-beast shape I (animals only).

Growth Subdomain
Associated Domain: Plant.
Replacement Power: The following granted power replaces the wooden fist power of the Plant domain.
Enlarge	KEY:Cleric ~ Enlarge	CATEGORY:Special Ability	TYPE:SpecialQuality.Supernatural	DESC:As a swift action you can enlarge yourself, as if you were the target of the enlarge person spell. You can use this ability a number of times per day equal to 3 + your Wisdom modifier.
Replacement Domain Spells: 1st-enlarge person, 5th- righteous might.

Heroism Subdomain
Associated Domain: Glory.
Replacement Power: The following granted power replaces the divine presence power of the Glory domain.
Aura of Heroism	KEY:Cleric ~ Aura of Heroism	CATEGORY:Special Ability	TYPE:SpecialQuality.Supernatural	DESC:At 8th level, you can emit a 30-foot aura of heroism for a number of rounds per day equal to your cleric level. Using this ability is a swift action. Allies in the area are treated as if they were under the effects of heroism. These rounds do not need to be consecutive.
Replacement Domain Spells: 3rd-heroism, 6th-heroism (greater).

Home Subdomain
Associated Domain: Community.
Replacement Power: The following granted power replaces the unity power of the Community domain.
Guarded Hearth	KEY:Cleric ~ Guarded Hearth	CATEGORY:Special Ability	TYPE:SpecialQuality.Supernatural	DESC:At 8th level, you can create a ward that protects a specified area. Creating this ward takes 10 minutes of uninterrupted work. This ward has a maximum radius of 5 feet per 2 cleric levels you possess. When the ward is completed, you designate any number of creatures inside its area. Should any other creature enter the warded area, all of the selected creatures are immediately alerted (and awoken if they were asleep). The designated creatures also receive a sacred bonus equal to your Wisdom modifier on all saving throws and attack rolls while inside the warded area. This ward immediately ends if you leave the area. The ward lasts for 1 hour per cleric level. You can use this ability once per day.
Replacement Domain Spells: 1st-alarm, 3rd-glyph of warding, 7th-guards and wards.

Honor Subdomain
Associated Domain: Glory.
Replacement Power: The following granted power replaces the touch of glory power of the Glory domain.
Honor Bound	KEY:Cleric ~ Honor Bound	CATEGORY:Special Ability	TYPE:SpecialQuality.Supernatural	DESC:With a touch, you can remind a creature of its duties and responsibilities, granting it a new saving throw against each enchantment (charm) or enchantment (compulsion) effect that currently affects it. If the saving throw is successful, the enchantment effect is ended. This power only affects effects that allow a save. If you fail a save against such an effect, you can use this ability as an immediate action to grant yourself an additional save. Once the target (either you or a touched creature) has made one additional save per effect, this ability has no further effect on that particular enchantment effect. You can use this ability a number of times per day equal to 3 + your Wisdom modifier.
Replacement Domain Spells: 2nd-zone of truth, 6th-geas/quest.

Ice Subdomain
Associated Domain: Water.
Replacement Power: The following granted power replaces the cold resistance power of the Water domain.
Body of Ice	KEY:Cleric ~ Body of Ice	CATEGORY:Special Ability	TYPE:SpecialQuality.Supernatural	DESC:At 8th level, you can transmute your body and equipment to ice for a period of time. It takes a standard action to take on the form of ice, and you can end the transmutation with a free action on your turn. When you take on the form of ice, you are immune to cold and have DR 5/-, but you take twice the normal amount of damage from fire. You can take on the form of ice for a number of rounds per day equal to your cleric level. The rounds need not be consecutive.
Replacement Domain Spells: 7th-freezing sphere, 9th- polar ray.

Inevitable Subdomain
Associated Domain: Law.
Replacement Power: The following granted power replaces the touch of law power of the Law domain.
Inevitables are a race of lawful neutral outsiders (see Pathfinder Bestiary II).
Command	KEY:Cleric ~ Command	CATEGORY:Special Ability	TYPE:SpecialQuality.Supernatural	DESC:As a standard action, you can give a creature an emotionless yet undeniable order, as per the spell command. A Will save negates this effect. You cannot target a creature more than once per day with this ability. You can use this ability a number of times per day equal to 3 + your Wisdom modifier.
Replacement Domain Spells: 3rd-command undead, 5th- command (greater), 6th-planar binding (inevitables only).

Insanity Subdomain
Associated Domain: Madness.
Replacement Power: The following granted power replaces the visions of madness power of the Madness domain.
Insane Focus	KEY:Cleric ~ Insane Focus	CATEGORY:Special Ability	TYPE:SpecialQuality.Supernatural	DESC:You can touch a willing creature as a standard action, granting it a +4 bonus on all saving throws made against mind-affecting effects and immunity to confusion. This bonus lasts for 1 minute. If the creature fails a saving throw against a mindaffecting effect during this period, it loses its immunity to confusion and is immediately confused for one round. You can use this ability a number of times per day equal to 3 + your Wisdom modifier.
Replacement Domain Spells: 4th-moonstruck*, 6th- phantasmal web*.

Language Subdomain
Associated Domain: Rune.
Replacement Power: The following granted power replaces the spell rune power of the Rune domain.
Rune Shift	KEY:Cleric ~ Rune Shift	CATEGORY:Special Ability	TYPE:SpecialQuality.Supernatural	DESC:At 6th level, as a swift action, you can change the location of one of your blast runes. The rune must be within 30 feet. You can place the blast rune in any square adjacent to you, including one occupied by another creature.
Replacement Domain Spells: 1st-comprehend languages, 2nd-share language*, 3rd-tongues, 5th-telepathic bond.

Leadership Subdomain
Associated Domain: Nobility.
Replacement Power: The following granted power replaces the inspiring word power of the Nobility domain.
# MISSING
<Leadership Subdomain Missing Ability>	KEY:Cleric ~ 	CATEGORY:Special Ability	TYPE:SpecialQuality		DESC:can issue an inspiring command to your allies. The inspiring command affects one ally plus one additional ally for every three cleric levels you possess, who must all be within 30 feet of you. Affected allies gain a +2 insight bonus on attack rolls, AC, combat maneuver defense, and skill checks for 1 round. This is a language-dependant mind-affecting effect.
Replacement Domain Spells: 1st level-bless, 3rd-prayer, 6th-brilliant inspiration*.

Light Subdomain
Associated Domain: Sun.
Replacement Power: The following granted power replaces the sun's blessing power of the Sun domain.
Blinding Flash	KEY:Cleric ~ Blinding Flash	CATEGORY:Special Ability	TYPE:SpecialQuality.Supernatural	DESC:As a standard action, you can emit a f lash of light from your holy symbol or divine focus. The most powerful light emanates out 20 feet from you. Creatures with fewer Hit Dice than your cleric level within this area are blinded for 1d4 rounds unless they succeed at a Fortitude save. All creatures in this area are dazzled for a number of rounds equal to 1/2 your cleric level (minimum 1). You can use this ability a number of times per day equal to 3 + your Wisdom modifier
Replacement Domain Spells: 1st-faerie fire, 3rd-daylight.

Loss Subdomain
Associated Domain: Darkness.
Replacement Power: The following granted power replaces the eyes of darkness power of the Darkness domain.
Aura of Forgetfulness	KEY:Cleric ~ Aura of Forgetfulness	CATEGORY:Special Ability	TYPE:SpecialQuality.Supernatural	DESC:At 8th level, you can emit a 30- foot aura of forgetfulness for a number of rounds per day equal to your cleric level. Creatures you target in this area must make a Will save or have no memory of any time spent inside the area. In addition, spellcasters in the area lose one prepared spell or available spell slot per round spent in the area, starting with 1st-level spells and going up through higher-level spells. Spellcasters are allowed a save each round to negate this loss (this save is separate from the memory loss save). These rounds do not need to be consecutive.
Replacement Domain Spells: 5th-enervation, 6th- modify memory, 9th-energy drain.

Love Subdomain
Associated Domain: Charm.
Replacement Power: The following granted power replaces the dazing touch power of the Charm domain.
Adoration	KEY:Cleric ~ Adoration	CATEGORY:Special Ability	TYPE:SpecialQuality.Supernatural	DESC:As an immediate action, you can attempt to thwart a melee or ranged attack that targets you. This ability functions as sanctuary, but only against one individual attack. You must use the ability after the attack is declared but before the roll is made. The creature attacking you receives a Will save to negate this effect. If a creature has more than one attack, this ability only affects one of the attacks. You can use the ability a number of times per day equal to 3 + your Wisdom modifier. This is a mind-affecting effect.
Replacement Domain Spells: 2nd-enthrall, 8th- euphoric tranquility*.

Lust Subdomain
Associated Domain: Charm.
Replacement Power: The following granted power replaces the charming smile power of the Charm domain.
Anything to Please	KEY:Cleric ~ Anything to Please	CATEGORY:Special Ability	TYPE:SpecialQuality.Supernatural	DESC:At 8th level, you can compel a creature within 30 feet to attempt to please you as a standard action. The creature receives a Will save to negate this affect. If the save fails, the creature attacks your enemies for 1 round, gives you its most valuable item, or drops prone at your feet and grovels for 1d4 rounds (GM's choice). You can use this ability once per day at 8th level and one additional time per day for every four levels beyond 8th. This is a mind-affecting effect.
Replacement Domain Spells: 2nd-touch of idiocy, 4th-confusion.

Martyr Subdomain
Associated Domain: Nobility.
Replacement Power: The following granted power replaces the leadership power of the Nobility domain.
Sacrificial Bond 	KEY:Cleric ~ Sacrificial Bond	CATEGORY:Special Ability	TYPE:SpecialQuality.Supernatural		DESC:At 8th level, when an ally within 30 feet takes damage from an attack, you can, as an immediate action, transfer this damage to yourself. This power also transfers any effects that accompany the damage. The damage done to you cannot be reduced in any way. You can use this ability once per day at 8th level, plus on additional time per day at 14th level and 20th level.
Replacement Domain Spells: 2nd-shield other, 6th- sacrificial oath*.

Memory Subdomain
Associated Domain: Knowledge.
Replacement Power: The following granted power replaces the lore keeper power of the Knowledge domain.
Recall	KEY:Cleric ~ Recall	CATEGORY:Special Ability	TYPE:SpecialQuality.Supernatural	DESC:With a touch, you can cause a creature to recall some bit of forgotten lore or information. The creature can retry any Knowledge skill check it has made within the past minute, gaining a insight bonus on the check equal to your Wisdom modifier. You can use this ability a number times per day equal to 3 + your Wisdom modifier.
Replacement Domain Spells: 2nd-memory lapse*, 6th- modify memory, 8th-moment of prescience.

Metal Subdomain
Associated Domain: Earth.
Replacement Power: The following granted power replaces the acid dart power of the Earth domain.
Metal Fist	KEY:Cleric ~ Metal Fist	CATEGORY:Special Ability	TYPE:SpecialQuality.Supernatural	DESC:As a swift action, you can turn your fists into metal for 1 round, allowing you to make unarmed strikes that deal 1d6 points of bludgeoning damage plus your Strength modifier. These unarmed strikes do not provoke attacks of opportunity, but attacking with both uses the two-weapon fighting rules as normal. In addition, these unarmed strikes ignore the hardness of items with a hardness of 10 or less. You can use this ability a number of times per day equal to 3 + your Wisdom modifier.
Replacement Domain Spells: 2nd-heat metal, 6th-wall of iron, 8th-iron body.

Murder Subdomain
Associated Domain: Death.
Replacement Power: The following granted power replaces the death's embrace power of the Death domain.
Killing Blow	KEY:Cleric ~ Killing Blow	CATEGORY:Special Ability	TYPE:SpecialQuality.Supernatural	DESC:At 8th level, weapons you use become infused with the power of death. Whenever you confirm a critical hit with a melee or ranged weapon, your attack deals an additional amount of bleed damage equal to half your cleric level. You can use this ability once per day at 8th level, plus one additional time per day for every four levels beyond 8th.
Replacement Domain Spells: 3rd-keen edge, 5th- suffocation*, 9th-suffocation (mass)*.

Night Subdomain
Associated Domain: Darkness.
Replacement Power: The following granted power replaces the touch of darkness power of the Darkness domain.
Night Hunter	KEY:Cleric ~ Night Hunter	CATEGORY:Special Ability	TYPE:SpecialQuality.Supernatural	DESC:As a standard action, you can blend into the shadows of the night, becoming nearly invisible. As long as you are in an area of dim light or darkness, you are invisible (as per invisibility) to creatures without darkvision. This ability lasts for a number of rounds equal to 1/2 your cleric level (minimum 1). You can use this ability for a number of times per day equal to 3 + your Wisdom modifier.
Replacement Domain Spells: 1st-sleep, 6th-nightmare.

Nightmare Subdomain
Associated Domain: Madness.
Replacement Power: The following granted power replaces the vision of madness power of the Madness domain.
Fearful Touch	KEY:Cleric ~ Fearful Touch	CATEGORY:Special Ability	TYPE:SpecialQuality.Supernatural	DESC:As a standard action, you can make a melee touch attack against a creature, causing it to experience terrible hallucinations for 1 round. During this time, the creature loses any immunity to fear effects it might possess and takes a -2 penalty on attack rolls made against you. In addition, the creature takes a penalty on Will saves made against fear effects equal to 1/2 your cleric level (minimum -1). This power is a mindaffecting effect. You can use this ability for a number of times per day equal to 3 + your Wisdom modifier.
Replacement Domain Spells: 4th-phantasmal killer, 6th-nightmare, 9th-weird.

Oceans Subdomain
Associated Domain: Water.
Replacement Power: The following granted power replaces the icicle power of the Water domain.
Surge	KEY:Cleric ~ Surge	CATEGORY:Special Ability	TYPE:SpecialQuality.Supernatural	DESC:As a standard action, you can cause a mighty wave to appear that pushes or pulls a single creature. Make a combat maneuver check against the target, using your cleric level + your Wisdom modifier as your CMB. If successful, you may pull or push the creature as if using the bull rush or drag combat maneuver. You can use this ability a number of times per day equal to 3 + your Wisdom modifier.
Replacement Domain Spells: 2nd-slipstream*, 3rd- water walk, 9th-tsunami*.



#	KEY:Fighter Archetype ~ 	CATEGORY:Archetype	TYPE:Archetype	PRECLASS:1,Fighter=1	PREMULT:1,[PREABILITY:1,CATEGORY=Archetype,Fighter Archetype ~ ],[!PREABILITY:1,CATEGORY=Archetype,TYPE.]
#	ABILITY:Special Ability|AUTOMATIC|










# Sorcerer:  . Unlike other alternate class features a sorcerer may never have more than one bloodline.




Aquatic Bloodline		KEY:Bloodline ~ Aquatic Bloodline		TYPE:SpecialQuality.ClassSpecialization.SorcererBloodline	SOURCEPAGE:p.136	DESC:Your family traces its heritage back to the ocean depths, whether scions of undersea empires left in the wake of nomadic sea-tribes, or the spawn of creeping ichthyic infiltrators into remote seaside villages. The song of the sea hums in your blood, calling the waves and all those within to your command.
Boreal Bloodline		KEY:Bloodline ~ Boreal Bloodline		TYPE:SpecialQuality.ClassSpecialization.SorcererBloodline	SOURCEPAGE:p.136	DESC:Descended from inhabitants of the lands of ice and snow, you count among your ancestors giant-kin, troll-born, and frost-rimed spirits. Their savage and raw energies flow down through generations to infuse you to the marrow with the chill of the polar wind, crackling auroras, and the long winters night.
Deepearth Bloodline	KEY:Bloodline ~ Deepearth Bloodline		TYPE:SpecialQuality.ClassSpecialization.SorcererBloodline	SOURCEPAGE:p.	DESC:
Dreamspun Bloodline	KEY:Bloodline ~ Dreamspun Bloodline		TYPE:SpecialQuality.ClassSpecialization.SorcererBloodline	SOURCEPAGE:p.	DESC:
Protean Bloodline		KEY:Bloodline ~ Protean Bloodline		TYPE:SpecialQuality.ClassSpecialization.SorcererBloodline	SOURCEPAGE:p.	DESC:
Serpentine Bloodline	KEY:Bloodline ~ Serpentine Bloodline	TYPE:SpecialQuality.ClassSpecialization.SorcererBloodline	SOURCEPAGE:p.	DESC:
Shadow Bloodline		KEY:Bloodline ~ Shadow Bloodline		TYPE:SpecialQuality.ClassSpecialization.SorcererBloodline	SOURCEPAGE:p.	DESC:
Starsoul Bloodline	KEY:Bloodline ~ Starsoul Bloodline		TYPE:SpecialQuality.ClassSpecialization.SorcererBloodline	SOURCEPAGE:p.	DESC:
Stormborn Bloodline	KEY:Bloodline ~ Stormborn Bloodline		TYPE:SpecialQuality.ClassSpecialization.SorcererBloodline	SOURCEPAGE:p.	DESC:
Verdant Bloodline		KEY:Bloodline ~ Verdant Bloodline		TYPE:SpecialQuality.ClassSpecialization.SorcererBloodline	SOURCEPAGE:p.	DESC:




