# CVS $Revision$ $Author$ -- Tue May  6 00:48:27 2008 -- reformated by prettylst.pl v1.38 (build 5869)
SOURCELONG:Gaslight - Players Guide	SOURCESHORT:Gaslight	SOURCEWEB:www.battlefieldpress.com	SOURCEDATE:2008-05
#Original Entry: Andrew Maitland

#STARTPACK:Bat Default	VISIBLE:QUALIFY	EQUIPBUY:0	PREMULT:1,[!PRERACE:1,%],[PRERACE:1,Bat]
#STAT:STR=11|DEX=11|CON=10|INT=10|WIS=10|CHA=11
#RACE:Bat	!PRERACE:1,%
#NAME:Bat
#SKILL:Listen		RANK:3
#SKILL:Spot			RANK:3
#SKILL:Move Silently	RANK:4

STARTPACK:Wealth Roll	VISIBLE:YES
SELECT:roll("2d4")
ABILITY:CATEGORY=Wealth|Wealth Roll ~ 2	OPTION:2
ABILITY:CATEGORY=Wealth|Wealth Roll ~ 3	OPTION:3
ABILITY:CATEGORY=Wealth|Wealth Roll ~ 4	OPTION:4
ABILITY:CATEGORY=Wealth|Wealth Roll ~ 5	OPTION:5
ABILITY:CATEGORY=Wealth|Wealth Roll ~ 6	OPTION:6
ABILITY:CATEGORY=Wealth|Wealth Roll ~ 7	OPTION:7
ABILITY:CATEGORY=Wealth|Wealth Roll ~ 8	OPTION:8

#
# End
#
