# CVS $Revision: $ $Author: $ -- Mon Mar 26 09:04:21 2007 -- reformated by prettylst.pl v1.37 (build 2312)
SOURCELONG:Critical Feats	SOURCESHORT:CritFeat	SOURCEWEB:http://www.realitydeviants.net/content/critfeat.html

#CREATED BY: Paul W. King, Mar 2007
#EDITED BY: Paul W. King, Mar 2007

###BLOCK:Critical
# Feat Name				Type							Req. Att.	Required Domain			Required Feat																		Required Lvl	Required Race		Req. Special Ability			Required Skill				Required Stat		Special Ability										Define									Stackable?	Multiple?	Choose				Choose a Feat				Combat bonus									Modify VAR									Source Page
Arm Breaker				TYPE:General.Fighter.Critical.CriticalDC								PREFEAT:4,Improved Critical,Improved Sunder,Power Attack,Weapon Focus																												PRESTAT:1,STR=16		SA:Arm Breaker Fort DC %|ArmBreakerDC						DEFINE:ArmBreakerDC|0	DEFINE:BaseCriticalDC|0																													BONUS:VAR|ArmBreakerDC|BaseCriticalDC+10+TL/2+STR		SOURCEPAGE:p.4
Arterial Bleeding			TYPE:General.Fighter.Critical.CriticalDC								PREFEAT:4,Crippling Strike,Combat Expertise,Improved Critical,Weapon Focus																											PRESTAT:1,INT=13		SA:Arterial Bleeding Fort DC %|ArterialBleedingDC				DEFINE:ArterialBleedingDC|0	DEFINE:BaseCriticalDC|0																												BONUS:VAR|ArterialBleedingDC|BaseCriticalDC+10+TL/2+STR	SOURCEPAGE:p.4
Back Breaker			TYPE:General.Fighter.Critical.CriticalDC								PREFEAT:4,Improved Critical,Improved Sunder,Power Attack,Weapon Focus																												PRESTAT:1,STR=16		SA:Back Breaker Fort DC %|BackBreakerDC						DEFINE:BackBreakerDC|0	DEFINE:BaseCriticalDC|0																													BONUS:VAR|BackBreakerDC|BaseCriticalDC+10+TL/2+STR		SOURCEPAGE:p.4
Blackout				TYPE:General.Fighter.Critical.CriticalDC								PREFEAT:1,Power Attack																																				PRESTAT:1,STR=14		SA:Blackout Fort DC %|BlackoutDC							DEFINE:BlackoutDC|0	DEFINE:BaseCriticalDC|0																													BONUS:VAR|BlackoutDC|BaseCriticalDC+10+TL/2+STR			SOURCEPAGE:p.4
Brutal Uppercut			TYPE:General.Fighter.Critical.CriticalDC	PREATT:10						PREFEAT:5,Combat Expertise,First Blood,Improved Unarmed Strike,Mighty Strike,Power Attack																									PRESTAT:1,STR=17		SA:Brutal Uppercut Fort DC %|BrutalUppercutDC					DEFINE:BrutalUppercutDC|0	DEFINE:BaseCriticalDC|0																												BONUS:VAR|BrutalUppercutDC|BaseCriticalDC+10+TL/2+STR		SOURCEPAGE:p.5
Channelling Strike		TYPE:General.Fighter.Divine					PREDOMAIN:1,War,Good,Sun	PREFEAT:2,Turn Undead,Weapon Focus																												PRESKILL:1,Knowledge (Religion)=5	PRESTAT:1,CHA=17																																																												SOURCEPAGE:p.5
Concussing Blow			TYPE:General.Fighter.Critical.CriticalDC								PREFEAT:1,Weapon Focus																																				PRESTAT:1,STR=16		SA:Concussing Blow Fort DC %|ConcussingBlowDC					DEFINE:ConcussingBlowDC|0	DEFINE:BaseCriticalDC|0																												BONUS:VAR|ConcussingBlowDC|BaseCriticalDC+10+TL/2+STR		SOURCEPAGE:p.5
Conduit Spellstrike		TYPE:General.Fighter.Critical										PREFEAT:1,Spell Focus(Evocation),Spell Focus(Conjuration)	PREFEAT:2,Heighten Spell,Spell Penetration																																																																																				SOURCEPAGE:p.5
Critical Focus			TYPE:General.Fighter.Critical										PREFEAT:1,TYPE.CriticalDC																																																															MULT:YES	CHOOSE:FEAT=TYPE.CriticalDC|1	ADD:FEAT(TYPE=HiddenCriticalDC)																						SOURCEPAGE:p.5
Distracting Blow			TYPE:General.Fighter.Critical.CriticalDC								PREFEAT:3,Improved Sunder,Power Attack,Weapon Focus																															PRESTAT:1,STR=14		SA:Distracting Blow Fort DC %|DistractingBlowDC					DEFINE:BaseCriticalDC|0	DEFINE:DistractingBlowDC|0																												BONUS:VAR|DistractingBlowDC|BaseCriticalDC+10+TL/2+STR	SOURCEPAGE:p.6
Epic Strike				TYPE:General.Fighter.Critical.Epic																													PRELEVEL:21																																												STACK:YES	MULT:YES	CHOOSE:NOCHOICE																				BONUS:VAR|BaseCriticalDC|1						SOURCEPAGE:p.6
Eye Shot				TYPE:General.Fighter.Critical.CriticalDC	PREATT:12						PREFEAT:5,Far Shot,Point Blank Shot,Precise Shot,Weapon Focus,Weapon Specialization										PRERACE:1,Elf%														PRESTAT:1,DEX=19		SA:Eye Shot Ref DC %|EyeShotDC							DEFINE:BaseCriticalDC|0	DEFINE:EyeShotDC|0																													BONUS:VAR|EyeShotDC|BaseCriticalDC+15+DEX				SOURCEPAGE:p.6
First Blood				TYPE:General.Fighter.Critical			PREATT:1																																																																																																											SOURCEPAGE:p.6
Flat-Footed Strike		TYPE:General.Fighter.Critical										PREFEAT:1,Combat Reflexes																													PRESKILL:1,Bluff=6			PRESTAT:1,STR=13																																																												SOURCEPAGE:p.6
Giant Cutter			TYPE:General.Fighter.Critical.CriticalDC								PREFEAT:4,Favored Enemy (Giant),Improved Sunder,Power Attack,Weapon Focus(Battleaxe)									PRERACE:1,Dwarf%,Gnome%													PRESTAT:1,STR=16		SA:Giant Cutter Fort DC %|GiantCutterDC						DEFINE:BaseCriticalDC|0	DEFINE:GiantCutterDC|0																													BONUS:VAR|GiantCutterDC|BaseCriticalDC+10+TL/2+STR		SOURCEPAGE:p.7
Greater Shield Slam		TYPE:General.Fighter.Critical.CriticalDC								PREFEAT:6,Improved Bull Rush,Improved Shield Bash,Improved Shield Slam,Power Attack,Shield Proficiency,Shield Slam																				PRESTAT:1,STR=13		SA:Greater Shield Slam Fort DC %|GreaterShieldSlamDC				DEFINE:BaseCriticalDC|0	DEFINE:GreaterShieldSlamDC|0																												BONUS:VAR|GreaterShieldSlamDC|BaseCriticalDC+10+TL/2+STR	SOURCEPAGE:p.7
Gut Wrench				TYPE:General.Fighter.Critical.CriticalDC	PREATT:8						PREFEAT:4,Improved Critical,Weapon Finesse,Weapon Specialization,Weapon Focus																											PRESTAT:1,STR=17		SA:Gut Wrench Fort DC %|GutWrenchDC							DEFINE:BaseCriticalDC|0	DEFINE:GutWrenchDC|0																													BONUS:VAR|GutWrenchDC|BaseCriticalDC+10+TL/2+STR		SOURCEPAGE:p.7
Hamstring				TYPE:General.Fighter.Critical.CriticalDC	PREATT:14						PREFEAT:4,Crippling Strike,Combat Expertise,Improved Critical,Weapon Focus																											PRESTAT:1,INT=13		SA:Hamstring Fort DC %|HamstringDC							DEFINE:BaseCriticalDC|0	DEFINE:HamstringDC|0																													BONUS:VAR|HamstringDC|BaseCriticalDC+10+TL/2+STR		SOURCEPAGE:p.7
Improved Channelling Strike	TYPE:General.Fighter.Divine					PREDOMAIN:1,War,Good,Sun	PREFEAT:4,Turn Undead,Channelling Strike,Extra Turning,Weapon Focus																						PRESKILL:1,Knowledge (Religion)=5	PRESTAT:1,CHA=17																																																												SOURCEPAGE:p.7
Improved Multiple Strikes	TYPE:General.Fighter.Critical										PREFEAT:5,Cleave,Combat Reflexes,Improved Initiative,Multiple Strikes,Power Attack																										PRESTAT:1,DEX=16																																																												SOURCEPAGE:p.8
Improved Riposte			TYPE:General.Fighter				PREATT:3						PREFEAT:3,Combat Expertise,Dodge,Riposte																																	PRESTAT:2,DEX=13,INT=13																																																											SOURCEPAGE:p.8
Improved Shield Slam		TYPE:General.Fighter.Critical.CriticalDC								PREFEAT:5,Improved Bull Rush,Improved Shield Bash,Power Attack,Shield Proficiency,Shield Slam																								PRESTAT:1,STR=13		SA:Improved Shield Slam Fort DC %|ImprovedShieldSlamDC			DEFINE:BaseCriticalDC|0	DEFINE:ImprovedShieldSlamDC|0																												BONUS:VAR|ImprovedShieldSlamDC|BaseCriticalDC+10+TL/2+STR	SOURCEPAGE:p.8
Improved Weapon Finesse		TYPE:General.Fighter				PREATT:6						PREFEAT:1,Weapon Finesse																																																																												BONUS:COMBAT|DAMAGE.Finesseable|max(STR,DEX)-STR|TYPE=NotRanged											SOURCEPAGE:p.8
Iron Palm				TYPE:General.Fighter											PREFEAT:1,Improved Unarmed Strike																																																																																																SOURCEPAGE:p.8
Leg Breaker				TYPE:General.Fighter.Critical.CriticalDC								PREFEAT:4,Improved Critical,Improved Sunder,Power Attack,Weapon Focus																												PRESTAT:1,STR=16		SA:Leg Breaker Fort DC %|LegBreakerDC						DEFINE:BaseCriticalDC|0	DEFINE:LegBreakerDC|0																													BONUS:VAR|LegBreakerDC|BaseCriticalDC+10+TL/2+STR		SOURCEPAGE:p.8
Mighty Strike			TYPE:General.Fighter				PREATT:6						PREFEAT:2,Improved Unarmed Strike,Power Attack																																PRESTAT:1,STR=13																																																												SOURCEPAGE:p.9
Multiple Strikes			TYPE:General.Fighter.Critical										PREFEAT:4,Cleave,Combat Reflexes,Improved Initiative,Power Attack																													PRESTAT:1,DEX=16																																																												SOURCEPAGE:p.9
Multiple Strikes Mastery	TYPE:General.Fighter.Critical.CriticalDC								PREFEAT:7,Cleave,Combat Reflexes,Improved Critical,Improved Multiple Strikes,Multiple Strikes,Power Attack,Weapon Focus																				PRESTAT:2,STR=16,DEX=18	SA:Multiple Strikes Master Fort DC % + damage|MultipleStrikesMasteryDC	DEFINE:BaseCriticalDC|0	DEFINE:MultipleStrikesMasteryDC|0																											BONUS:VAR|MultipleStrikesMasteryDC|BaseCriticalDC+10		SOURCEPAGE:p.9
Nauseating Blow			TYPE:General.Fighter.Critical.CriticalDC	PREATT:6						PREFEAT:2,Improved Sunder,Power Attack																																	PRESTAT:1,STR=16		SA:Nauseating Blow Fort DC %|NauseatingBlowDC					DEFINE:BaseCriticalDC|0	DEFINE:NauseatingBlowDC|0																												BONUS:VAR|NauseatingBlowDC|BaseCriticalDC+10+TL/2|STR		SOURCEPAGE:p.9
Penetrate Defenses		TYPE:General.Fighter.Critical										PREFEAT:2,Improved Unarmed Strike,Iron Palm																				PRESA:1,Ki Strike (Su) (Magic)							PRESTAT:1,WIS=16																																																												SOURCEPAGE:p.9
Pinning Charge			TYPE:General.Fighter.Critical.CriticalDC								PREFEAT:4,Combat Expertise,Mounted Combat,Spirited Charge,Weapon Focus(Lance)																					PRESKILL:1,Ride=5				PRESTAT:1,INT=13		SA:Pinning Charge Ref DC %|PinningChargeDC					DEFINE:BaseCriticalDC|0	DEFINE:PinningChargeDC|0																												BONUS:VAR|PinningChargeDC|BaseCriticalDC+10+TL/2+STR		SOURCEPAGE:p.9
Puncture Lung			TYPE:General.Fighter.Critical.CriticalDC	PREATT:12						PREFEAT:5,Combat Expertise,Improved Critical,Improved Weapon Finesse,Weapon Finesse,Weapon Focus																							PRESTAT:1,INT=13		SA:Puncture Lung Fort DC %|PunctureLungDC						DEFINE:BaseCriticalDC|0	DEFINE:PunctureLungDC|0																													BONUS:VAR|PunctureLungDC|BaseCriticalDC+10+TL/2+STR		SOURCEPAGE:p.10
Rend Armor				TYPE:General.Fighter.Critical										PREFEAT:4,Combat Expertise,Multiple Strikes,Two Weapon Fighting,Weapon Focus																											PRESTAT:2,DEX=15,INT=13																																																											SOURCEPAGE:p.10
Ricochet Shot			TYPE:General.Fighter.Critical.CriticalDC								PREFEAT:2,Point Blank Shot,Precise Shot																	PRERACE:1,Halfling%													PRESTAT:1,DEX=13		SA:Ricochet Shot Fort DC %|RicochetShotDC						DEFINE:BaseCriticalDC|0	DEFINE:RicochetShotDC|0																													BONUS:VAR|RicochetShotDC|BaseCriticalDC+10+TL/2+DEX		SOURCEPAGE:p.10
Riposte				TYPE:General.Fighter				PREATT:1						PREFEAT:2,Combat Expertise,Dodge																																		PRESTAT:2,DEX=13,INT=13																																																											SOURCEPAGE:p.10
Shield Slam				TYPE:General.Fighter.Critical										PREFEAT:4,Improved Bull Rush,Improved Shield Bash,Power Attack,Shield Proficiency																										PRESTAT:1,STR=13																																																												SOURCEPAGE:p.11
Slice Tendon			TYPE:General.Fighter.Critical.CriticalDC	PREATT:8						PREFEAT:4,Crippling Strike,Combat Expertise,Improved Critical,Weapon Focus																											PRESTAT:1,INT=13		SA:Slice Tendon Fort DC %|SliceTendonDC						DEFINE:BaseCriticalDC|0	DEFINE:SliceTendonDC|0																													BONUS:VAR|SliceTendonDC|BaseCriticalDC+10+TL/2+STR		SOURCEPAGE:p.11
Strangle Shot			TYPE:General.Fighter.Critical.CriticalDC								PREFEAT:3,Exotic Weapon Proficiency(Bola),Point Blank Shot,Precise Shot																												PRESTAT:1,DEX=15		SA:Strangle Shot Fort DC %|StrangleShotDC						DEFINE:BaseCriticalDC|0	DEFINE:StrangleShotDC|0																													BONUS:VAR|StrangleShotDC|BaseCriticalDC+10+TL/2+DEX		SOURCEPAGE:p.11
Throat Ripper			TYPE:General.Fighter.Critical.CriticalDC	PREATT:11						PREFEAT:5,Deadly Precision,Improved Critical,Improved Weapon Finesse,Weapon Finesse,Weapon Focus																							PRESTAT:1,DEX=19		SA:Throat Ripper Fort DC %|ThroatRipperDC						DEFINE:BaseCriticalDC|0	DEFINE:ThroatRipperDC|0																													BONUS:VAR|ThroatRipperDC|BaseCriticalDC+10+TL/2+DEX		SOURCEPAGE:p.11
Vicious Riposte			TYPE:General.Fighter				PREATT:7						PREFEAT:4,Combat Expertise,Dodge,Improved Riposte,Riposte																														PRESTAT:2,DEX=13,INT=13																																																											SOURCEPAGE:p.11
Void Strike				TYPE:General.Fighter											PREFEAT:1,Psionic Hole																																				PRESTAT:1,CON=17																																																												SOURCEPAGE:p.12
Wounding Shot			TYPE:General.Fighter.Critical.CriticalDC	PREATT:8						PREFEAT:3,Deadly Precision,Point Blank Shot,Precise Shot																														PRESTAT:1,DEX=17		SA:Wounding Shot Ref DC %|WoundingShotDC						DEFINE:BaseCriticalDC|0	DEFINE:WoundingShotDC|0																													BONUS:VAR|WoundingShotDC|BaseCriticalDC+15+DEX			SOURCEPAGE:p.12
