# CVS $Revision: $ $Author: $ -- Fri Mar 23 16:54:25 2007 -- reformated by prettylst.pl v1.37 (build 2312)
SOURCELONG:Critical Feats	SOURCESHORT:CritFeat	SOURCEWEB:http://www.realitydeviants.net/content/critfeat.html

#CREATED BY: Paul W. King, Mar 2007
#EDITED BY: Paul W. King, Mar 2007

# Feat Name				Type				Visible	Required Feat				Modify VAR
Arm Breaker DC			TYPE:HiddenCriticalDC	VISIBLE:NO	PREABILITY:1,CATEGORY=FEAT,Arm Breaker			BONUS:VAR|ArmBreakerDC|2
Arterial Bleeding DC		TYPE:HiddenCriticalDC	VISIBLE:NO	PREABILITY:1,CATEGORY=FEAT,Arterial Bleeding		BONUS:VAR|ArterialBleedingDC|2
Back Breaker DC			TYPE:HiddenCriticalDC	VISIBLE:NO	PREABILITY:1,CATEGORY=FEAT,Back Breaker			BONUS:VAR|BackBreakerDC|2
Blackout DC				TYPE:HiddenCriticalDC	VISIBLE:NO	PREABILITY:1,CATEGORY=FEAT,Blackout			BONUS:VAR|BlackoutDC|2
Brutal Uppercut DC		TYPE:HiddenCriticalDC	VISIBLE:NO	PREABILITY:1,CATEGORY=FEAT,Brutal Uppercut		BONUS:VAR|BrutalUppercutDC|2
Concussing Blow DC		TYPE:HiddenCriticalDC	VISIBLE:NO	PREABILITY:1,CATEGORY=FEAT,Concussing Blow		BONUS:VAR|ConcussingBlowDC|2
Distracting Blow DC		TYPE:HiddenCriticalDC	VISIBLE:NO	PREABILITY:1,CATEGORY=FEAT,Distracting Blow		BONUS:VAR|DistractingBlowDC|2
Eye Shot DC				TYPE:HiddenCriticalDC	VISIBLE:NO	PREABILITY:1,CATEGORY=FEAT,Eye Shot			BONUS:VAR|EyeShotDC|2
Giant Cutter DC			TYPE:HiddenCriticalDC	VISIBLE:NO	PREABILITY:1,CATEGORY=FEAT,Giant Cutter			BONUS:VAR|GiantCutterDC|2
Greater Shield Slam DC		TYPE:HiddenCriticalDC	VISIBLE:NO	PREABILITY:1,CATEGORY=FEAT,Greater Shield Slam		BONUS:VAR|GreaterShieldSlamDC|2
Gut Wrench DC			TYPE:HiddenCriticalDC	VISIBLE:NO	PREABILITY:1,CATEGORY=FEAT,Gut Wrench			BONUS:VAR|GutWrenchDC|2
Hamstring DC			TYPE:HiddenCriticalDC	VISIBLE:NO	PREABILITY:1,CATEGORY=FEAT,Hamstring			BONUS:VAR|HamstringDC|2
Improved Shield Slam DC		TYPE:HiddenCriticalDC	VISIBLE:NO	PREABILITY:1,CATEGORY=FEAT,Improved Shield Slam	BONUS:VAR|ImprovedShieldSlamDC|2
Leg Breaker DC			TYPE:HiddenCriticalDC	VISIBLE:NO	PREABILITY:1,CATEGORY=FEAT,Leg Breaker			BONUS:VAR|LegBreakerDC|2
Multiple Strikes Mastery DC	TYPE:HiddenCriticalDC	VISIBLE:NO	PREABILITY:1,CATEGORY=FEAT,Multiple Strikes Mastery	BONUS:VAR|MultipleStrikesMasteryDC|2
Nauseating Blow DC		TYPE:HiddenCriticalDC	VISIBLE:NO	PREABILITY:1,CATEGORY=FEAT,Nauseating Blow		BONUS:VAR|NauseatingBlowDC|2
Pinning Charge DC			TYPE:HiddenCriticalDC	VISIBLE:NO	PREABILITY:1,CATEGORY=FEAT,Pinning Charge		BONUS:VAR|PinningChargeDC|2
Puncture Lung DC			TYPE:HiddenCriticalDC	VISIBLE:NO	PREABILITY:1,CATEGORY=FEAT,Puncture Lung			BONUS:VAR|PunctureLungDC|2
Ricochet Shot DC			TYPE:HiddenCriticalDC	VISIBLE:NO	PREABILITY:1,CATEGORY=FEAT,Ricochet Shot			BONUS:VAR|RicochetShotDC|2
Slice Tendon DC			TYPE:HiddenCriticalDC	VISIBLE:NO	PREABILITY:1,CATEGORY=FEAT,Slice Tendon			BONUS:VAR|SliceTendonDC|2
Strangle Shot DC			TYPE:HiddenCriticalDC	VISIBLE:NO	PREABILITY:1,CATEGORY=FEAT,Strangle Shot			BONUS:VAR|StrangleShotDC|2
Throat Ripper DC			TYPE:HiddenCriticalDC	VISIBLE:NO	PREABILITY:1,CATEGORY=FEAT,Throat Ripper			BONUS:VAR|ThroatRipperDC|2
Wounding Shot DC			TYPE:HiddenCriticalDC	VISIBLE:NO	PREABILITY:1,CATEGORY=FEAT,Wounding Shot			BONUS:VAR|WoundingShotDC|2
