# ==============================
# Hive Corruption
# ==============================

Hive							KEY:Corruption ~ Hive							CATEGORY:Special Ability	TYPE:CorruptionType													DEFINE:HiveCorruptionResistance|0					SOURCEPAGE:p.24		DESC:Your body is a vessel for an invasive otherworldly species that seek to spread across the stars and devour all other life.		DESC:You gain a +%1 circumstance bonus on saving throws related to the corruption progressing.|HiveCorruptionResistance|PREVARGTEQ:HiveCorruptionResistance,1		ABILITY:Special Ability|AUTOMATIC|Hive Corruption Counter
Hive Corruption Counter														CATEGORY:Internal																																	ABILITY:Special Ability|AUTOMATIC|Hive Corruption Stages	ABILITY:Special Ability|AUTOMATIC|Hive Manifestation Level	ABILITY:Special Ability|AUTOMATIC|Hive Manifestation Count

Hive Corruption Stages														CATEGORY:Special Ability	TYPE:SpecialQuality		CHOOSE:NUMBER|MIN=0|MAX=3|TITLE=Hive Corruption Stage			DEFINE:HiveCorruptionStage|0						SOURCEPAGE:p.24		TEMPBONUS:PC|VAR|HiveCorruptionStage|%CHOICE		DESC:Corruption Stage 0-You suffer no direct penalties due to your corruption as yet.     Corruption Stage 1-     Corruption Stage 2-     Corruption Stage 3-		ASPECT:Ability Benefit|Current Hive Corruption Stage %1|HiveCorruptionStage
Hive Manifestation Level													CATEGORY:Special Ability						CHOOSE:NUMBER|MIN=1|MAX=9|TITLE=Hive Manifestation Level		DEFINE:HiveManifestationLevel|0									TEMPBONUS:PC|VAR|HiveManifestationLevel|%CHOICE		DESC:Your Hive corruption is level %1.|HiveManifestationLevel
Hive Manifestation Count													CATEGORY:Special Ability						CHOOSE:NUMBER|MIN=1|MAX=9|TITLE=Hive Manifestation Count		DEFINE:HiveManifestationCount|0									TEMPBONUS:PC|VAR|HiveManifestationCount|%CHOICE		BONUS:ABILITYPOOL|Hive Manifestation Choice|HiveManifestationCount

#Hive ~ xxxxxx
xxxxxx			KEY:Hive Corruption ~ xxxxxx			CATEGORY:Special Ability	TYPE:HiveManifestation		PREVARGTEQ:HiveManifestationLevel,xx												SOURCEPAGE:p.xx		DESC:zzzzzzzzzzzzzzzzz		BONUS:ABILITYPOOL|Hive xxxxxx Gift Choice|1		BONUS:ABILITYPOOL|Hive xxxxxx Stain Choice|1

xxxxxx Gift		KEY:Hive Corruption ~ xxxxxx Gift			CATEGORY:Special Ability	TYPE:SpecialQuality.HivexxxxxxGift																	SOURCEPAGE:p.xx		DESC:
xxxxxx Resistance	KEY:Hive Corruption ~ xxxxxx Resistance		CATEGORY:Special Ability	TYPE:SpecialQuality.HivexxxxxxGift			PREABILITY:1,CATEGORY=Internal,Rules ~ Use Corruption (Vile)				SOURCEPAGE:p.xx		DESC:You have chosen to resist your corruption rather than embrace the gift of your manifestation.		BONUS:VAR|HiveCorruptionResistance|1
xxxxxx Stain		KEY:Hive Corruption ~ xxxxxx Stain			CATEGORY:Special Ability	TYPE:SpecialQuality.HivexxxxxxStain																	SOURCEPAGE:p.xx		DESC:
No xxxxxx Stain		KEY:Hive Corruption ~ No xxxxxx Stain		CATEGORY:Special Ability	TYPE:SpecialQuality.HivexxxxxxStain		PREABILITY:1,CATEGORY=Internal,Rules ~ Use Corruption (Useful)				SOURCEPAGE:p.xx		DESC:You have refused the stain of your manifestation.











#Hive ~ xxxxxx
xxxxxx			KEY:Hive Corruption ~ xxxxxx			CATEGORY:Special Ability	TYPE:HiveManifestation		PREVARGTEQ:HiveManifestationLevel,xx												SOURCEPAGE:p.xx		DESC:zzzzzzzzzzzzzzzzz		BONUS:ABILITYPOOL|Hive xxxxxx Gift Choice|1		BONUS:ABILITYPOOL|Hive xxxxxx Stain Choice|1

xxxxxx Gift		KEY:Hive Corruption ~ xxxxxx Gift			CATEGORY:Special Ability	TYPE:SpecialQuality.HivexxxxxxGift																	SOURCEPAGE:p.xx		DESC:
xxxxxx Resistance	KEY:Hive Corruption ~ xxxxxx Resistance		CATEGORY:Special Ability	TYPE:SpecialQuality.HivexxxxxxGift			PREABILITY:1,CATEGORY=Internal,Rules ~ Use Corruption (Vile)				SOURCEPAGE:p.xx		DESC:You have chosen to resist your corruption rather than embrace the gift of your manifestation.		BONUS:VAR|HiveCorruptionResistance|1
xxxxxx Stain		KEY:Hive Corruption ~ xxxxxx Stain			CATEGORY:Special Ability	TYPE:SpecialQuality.HivexxxxxxStain																	SOURCEPAGE:p.xx		DESC:
No xxxxxx Stain		KEY:Hive Corruption ~ No xxxxxx Stain		CATEGORY:Special Ability	TYPE:SpecialQuality.HivexxxxxxStain		PREABILITY:1,CATEGORY=Internal,Rules ~ Use Corruption (Useful)				SOURCEPAGE:p.xx		DESC:You have refused the stain of your manifestation.


|10+TL/2+xxxxxxManifestationLevel

# ==============================
# YYYYYY Corruption
# ==============================

YYYYYY						KEY:Corruption ~ YYYYYY					CATEGORY:Special Ability	TYPE:CorruptionType												DEFINE:YYYYYYCorruptionResistance|0			SOURCEPAGE:p.xx		DESC:		DESC:You gain a +%1 circumstance bonus on saving throws related to the corruption progressing.|YYYYYYCorruptionResistance|PREVARGTEQ:YYYYYYCorruptionResistance,1		ABILITY:Special Ability|AUTOMATIC|YYYYYY Corruption Counter	
YYYYYY Corruption Counter												CATEGORY:Internal																															ABILITY:Special Ability|AUTOMATIC|YYYYYY Corruption Stages	ABILITY:Special Ability|AUTOMATIC|YYYYYY Manifestation Level	ABILITY:Special Ability|AUTOMATIC|YYYYYY Manifestation Count

YYYYYY Corruption Stages												CATEGORY:Special Ability	TYPE:SpecialQuality		CHOOSE:NUMBER|MIN=0|MAX=3|TITLE=YYYYYY Corruption Stage			DEFINE:YYYYYYCorruptionStage|0		SOURCEPAGE:p.xx		TEMPBONUS:PC|VAR|YYYYYYCorruptionStage|%CHOICE		DESC:Corruption Stage 0-You suffer no direct penalties due to your corruption as yet.     Corruption Stage 1-     Corruption Stage 2-     Corruption Stage 3-		ASPECT:Ability Benefit|Current YYYYYY Corruption Stage %1|YYYYYYCorruptionStage
YYYYYY Manifestation Level												CATEGORY:Special Ability						CHOOSE:NUMBER|MIN=1|MAX=9|TITLE=YYYYYY Manifestation Level		DEFINE:YYYYYYManifestationLevel|0							TEMPBONUS:PC|VAR|YYYYYYManifestationLevel|%CHOICE		DESC:Your YYYYYY corruption is level %1.|YYYYYYManifestationLevel
YYYYYY Manifestation Count												CATEGORY:Special Ability						CHOOSE:NUMBER|MIN=1|MAX=9|TITLE=YYYYYY Manifestation Count		DEFINE:YYYYYYManifestationCount|0							TEMPBONUS:PC|VAR|YYYYYYManifestationCount|%CHOICE	BONUS:ABILITYPOOL|YYYYYY Manifestation ChoiceYYYYYYManifestationCount

#YYYYYY ~ xxxxxx
xxxxxx			KEY:YYYYYY Corruption ~ xxxxxx			CATEGORY:Special Ability	TYPE:YYYYYYManifestation		PREVARGTEQ:YYYYYYManifestationLevel,xx												SOURCEPAGE:p.xx		DESC:zzzzzzzzzzzzzzzzz		BONUS:ABILITYPOOL|YYYYYY xxxxxx Gift Choice|1		BONUS:ABILITYPOOL|YYYYYY xxxxxx Stain Choice|1

xxxxxx Gift		KEY:YYYYYY Corruption ~ xxxxxx Gift			CATEGORY:Special Ability	TYPE:SpecialQuality.YYYYYYxxxxxxGift																	SOURCEPAGE:p.xx		DESC:
xxxxxx Resistance	KEY:YYYYYY Corruption ~ xxxxxx Resistance		CATEGORY:Special Ability	TYPE:SpecialQuality.YYYYYYxxxxxxGift			PREABILITY:1,CATEGORY=Internal,Rules ~ Use Corruption (Vile)				SOURCEPAGE:p.xx		DESC:You have chosen to resist your corruption rather than embrace the gift of your manifestation.		BONUS:VAR|YYYYYYCorruptionResistance|1
xxxxxx Stain		KEY:YYYYYY Corruption ~ xxxxxx Stain			CATEGORY:Special Ability	TYPE:SpecialQuality.YYYYYYxxxxxxStain																	SOURCEPAGE:p.xx		DESC:
No xxxxxx Stain		KEY:YYYYYY Corruption ~ No xxxxxx Stain		CATEGORY:Special Ability	TYPE:SpecialQuality.YYYYYYxxxxxxStain		PREABILITY:1,CATEGORY=Internal,Rules ~ Use Corruption (Useful)				SOURCEPAGE:p.xx		DESC:You have refused the stain of your manifestation.


###############################################

BONUS:ABILITYPOOL|Hellbound Manifestation Choice						HellboundManifestation

BONUS:ABILITYPOOL|Hellbound Devil's Mark Gift Choice						HellboundDevilsMarkGift
BONUS:ABILITYPOOL|Hellbound Devil's Mark Stain Choice						HellboundDevilsMarkStain
BONUS:ABILITYPOOL|Hellbound Devil's Mark Spell							HellboundDevilsMarkSpell
Hellbound Diabolical Servitor Gift Choice								HellboundDiabolicalServitorGift
Hellbound Diabolical Servitor Stain Choice							HellboundDiabolicalServitorStain
Hellbound Fiendish Tutelage Gift Choice								HellboundFiendishTutelageGift
Hellbound Fiendish Tutelage Stain Choice								HellboundFiendishTutelageStain
Hellbound Murky Futures Gift Choice									HellboundMurkyFuturesGift
Hellbound Murky Futures Stain Choice								HellboundMurkyFuturesStain
Hellbound Passage through the Pit Gift Choice							HellboundPassageThroughPitGift
Hellbound Passage through the Pit Stain Choice							HellboundPassageThroughPitStain
Hellbound Serpent's Tongue Gift Choice								HellboundSerpentsTongueGift
Hellbound Serpent's Tongue Stain Choice								HellboundSerpentsTongueStain
Hellbound Tenuous Soul Gift Choice									HellboundTenuousSoulGift
Hellbound Tenuous Soul Stain Choice									HellboundTenuousSoulStain

Hive Manifestation Choice										HiveManifestation
