# CVS $Revision$ $Author$ -- Sat Jun  8 13:27:17 2013 -- reformated by prettylst.pl v1.50 (build 19967)
SOURCELONG:Untapped Potential: New Horizons in Psionics	SOURCESHORT:UTP	SOURCEWEB:http://www.dreamscarredpress.com

# Class Name	Hit Dice	Type				Subclass?		Source Page				Automatic Languages	Define			Save checks bonus											Combat bonus					Modify VAR
#CLASS:Devoted Psion		HD:4		TYPE:Base.Psionic.PC	HASSUBCLASS:YES	SOURCEPAGE:PsionicClasses.rtf	LANGAUTO:Literacy		DEFINE:PCrystalLevel|0	BONUS:SAVE|BASE.Will|CL/2+2	BONUS:SAVE|BASE.Fortitude,BASE.Reflex|CL/3	BONUS:COMBAT|BASEAB|CL/2|TYPE=Base.REPLACE	BONUS:VAR|PCrystalLevel|CL
## Class Name	Skill Pts/Lvl
#CLASS:Devoted Psion		STARTSKILLPTS:2
## Class Name	Spell Stat		Spell Type		Memorize	Caster level
#CLASS:Devoted Psion		SPELLSTAT:INT	SPELLTYPE:Psionic	MEMORIZE:NO		BONUS:CASTERLEVEL|Devoted Psion|CL
#
#SUBCLASS:Egoist		COST:0	PROHIBITCOST:0	CHOICE:Psychometabolism	SPELLLIST:2|Egoist|Psion		CSKILL:Concentration|TYPE.Craft|TYPE.Knowledge|TYPE.Profession|Psicraft|Autohypnosis|Balance|Heal
#SUBCLASS:Kineticist	COST:0	PROHIBITCOST:0	CHOICE:Psychokinesis	SPELLLIST:2|Kineticist|Psion	CSKILL:Concentration|TYPE.Craft|TYPE.Knowledge|TYPE.Profession|Psicraft|Autohypnosis|Disable Device|Intimidate
#SUBCLASS:Nomad		COST:0	PROHIBITCOST:0	CHOICE:Psychoportation	SPELLLIST:2|Nomad|Psion			CSKILL:Concentration|TYPE.Craft|TYPE.Knowledge|TYPE.Profession|Psicraft|Climb|Jump|Ride|Survival|Swim
#SUBCLASS:Seer		COST:0	PROHIBITCOST:0	CHOICE:Clairsentience	SPELLLIST:2|Seer|Psion			CSKILL:Concentration|TYPE.Craft|TYPE.Knowledge|TYPE.Profession|Psicraft|Gather Information|Listen|Spot
#SUBCLASS:Shaper		COST:0	PROHIBITCOST:0	CHOICE:Metacreativity	SPELLLIST:2|Shaper|Psion		CSKILL:Concentration|TYPE.Craft|TYPE.Knowledge|TYPE.Profession|Psicraft|Bluff|Disguise|Use Psionic Device
#SUBCLASS:Telepath	COST:0	PROHIBITCOST:0	CHOICE:Telepathy		SPELLLIST:2|Telepath|Psion		CSKILL:Concentration|TYPE.Craft|TYPE.Knowledge|TYPE.Profession|Psicraft|Bluff|Diplomacy|Gather Information|Sense Motive
#
####Block:Proficiencies
#1	FEATAUTO:Psion Weapon Proficiencies
####Block: Psionic subtype, BasePowerPoints, BonusPowerPoints
## TEMPLATE:Psionic qualifies the character for Psionic only items and feats and DEFINES base and bonus power points.
## due to the use of "BL=Psion" (which provides the bonus caster levels applied to Psion) there are no
## variables that need to be set or modified by PrC's to calculate correct points, it's all done here.
## Use ADD:SPELLCASTER(Psionic) in PrC's that add to manifester level.
## Code those that have KNOWN tags similar to this but change the VAR names, i.e. PsionML becomes WilderML,
## PsionBonusPP becomes WarmindBonusPP, alter the basepp bonus:var's to the correct values, etc.
#1	BONUS:VAR|PsionML|CL	BONUS:VAR|PsionML|var("BL=Devoted Psion")																											DEFINE:PsionML|0	TEMPLATE:Psionic
#1	BONUS:VAR|BasePowerPoints|2	BONUS:VAR|BasePowerPoints|4|PREVARGTEQ:PsionML,2	BONUS:VAR|BasePowerPoints|5|PREVARGTEQ:PsionML,3	BONUS:VAR|BasePowerPoints|6|PREVARGTEQ:PsionML,4
#1	BONUS:VAR|BasePowerPoints|8|PREVARGTEQ:PsionML,5	BONUS:VAR|BasePowerPoints|10|PREVARGTEQ:PsionML,6	BONUS:VAR|BasePowerPoints|11|PREVARGTEQ:PsionML,7	BONUS:VAR|BasePowerPoints|12|PREVARGTEQ:PsionML,8
#1	BONUS:VAR|BasePowerPoints|14|PREVARGTEQ:PsionML,9	BONUS:VAR|BasePowerPoints|16|PREVARGTEQ:PsionML,10	BONUS:VAR|BasePowerPoints|18|PREVARGTEQ:PsionML,11	BONUS:VAR|BasePowerPoints|20|PREVARGTEQ:PsionML,12
#1	BONUS:VAR|BasePowerPoints|21|PREVARGTEQ:PsionML,13	BONUS:VAR|BasePowerPoints|23|PREVARGTEQ:PsionML,14	BONUS:VAR|BasePowerPoints|25|PREVARGTEQ:PsionML,15	BONUS:VAR|BasePowerPoints|26|PREVARGTEQ:PsionML,16
#1	BONUS:VAR|BasePowerPoints|29|PREVARGTEQ:PsionML,17	BONUS:VAR|BasePowerPoints|30|PREVARGTEQ:PsionML,18	BONUS:VAR|BasePowerPoints|31|PREVARGTEQ:PsionML,19	BONUS:VAR|BasePowerPoints|32|PREVARGTEQ:PsionML,20
#1	BONUS:VAR|BonusPowerPoints|(INT*PsionML)/2|TYPE=PsionBonusPP
#
####Block: Class Info
#1	KNOWN:0,3				ADD:FEAT(TYPE=Psionic,TYPE=Metapsionic,TYPE=ItemCreation)
#2	KNOWN:0,5
#3	KNOWN:0,5,2
#4	KNOWN:0,5,4
#5	KNOWN:0,5,4,2			ADD:FEAT(TYPE=Psionic,TYPE=Metapsionic,TYPE=ItemCreation)
#6	KNOWN:0,5,4,4
#7	KNOWN:0,5,4,4,2
#8	KNOWN:0,5,4,4,4
#9	KNOWN:0,5,4,4,4,2
#10	KNOWN:0,5,4,4,4,4			ADD:FEAT(TYPE=Psionic,TYPE=Metapsionic,TYPE=ItemCreation)
#11	KNOWN:0,5,4,4,4,4,1
#12	KNOWN:0,5,4,4,4,4,3
#13	KNOWN:0,5,4,4,4,4,3,1
#14	KNOWN:0,5,4,4,4,4,3,3
#15	KNOWN:0,5,4,4,4,4,3,3,1		ADD:FEAT(TYPE=Psionic,TYPE=Metapsionic,TYPE=ItemCreation)
#16	KNOWN:0,5,4,4,4,4,3,3,3
#17	KNOWN:0,5,4,4,4,4,3,3,3,1
#18	KNOWN:0,5,4,4,4,4,3,3,3,3
#19	KNOWN:0,5,4,4,4,4,3,3,3,4
#20	KNOWN:0,5,4,4,4,4,3,3,3,6	ADD:FEAT(TYPE=Psionic,TYPE=Metapsionic,TYPE=ItemCreation)

#####
#Marksman

# Class Name	Hit Dice	Type				Abbreviation	Max Level	Source Page			Save checks bonus											Combat bonus					Modify VAR
CLASS:Marksman	HD:6		TYPE:Base.Psionic.PC	ABB:Mkn		MAXLEVEL:20	SOURCEPAGE:p.22	BONUS:SAVE|BASE.Reflex,BASE.Will|classlevel"(APPLIEDAS=NONEPIC")/2+2	BONUS:SAVE|BASE.Fortitude|classlevel"(APPLIEDAS=NONEPIC")/3	BONUS:COMBAT|BASEAB|classlevel"(APPLIEDAS=NONEPIC")|TYPE=Base.REPLACE	BONUS:VAR|PCrystalLevel|CL|PREABILITY:1,CATEGORY=FEAT,Psicrystal Affinity
# Class Name	Skill Pts/Lvl	Class Skill
CLASS:Marksman	STARTSKILLPTS:4	CSKILL:Balance|Climb|Concentration|TYPE.Craft|Escape Artist|Hide|Intimidate|Jump|Knowledge (Psionics)|Listen|TYPE.Perform|TYPE.Profession|Sense Motive|Spot|Survival|Use Psionic Device|Use Rope
# Class Name	Spell Stat		Spell Type		Memorize	Caster level
CLASS:Marksman	SPELLSTAT:WIS	SPELLTYPE:Psionic	MEMORIZE:NO	BONUS:CASTERLEVEL|Marksman|CL

#Proficiencies
1																																																												ABILITY:Special Ability|AUTOMATIC|Marksman Weapon Proficiencies|All Automatic Proficiencies					AUTO:FEAT|Simple Weapon Proficiency
1																																																												ABILITY:Special Ability|AUTOMATIC|Buckler Proficiency												AUTO:FEAT|Armor Proficiency (Light)

#
1											BONUS:VAR|MarksmanML|var("BL=Marksman")																																							DEFINE:MarksmanML|0	BONUS:VAR|MarksmanML|CL																		TEMPLATE:Psionic
1											BONUS:VAR|BasePowerPoints|1	BONUS:VAR|BasePowerPoints|1|PREVARGTEQ:MarksmanML,2	BONUS:VAR|BasePowerPoints|1|PREVARGTEQ:MarksmanML,3	BONUS:VAR|BasePowerPoints|1|PREVARGTEQ:MarksmanML,4
1											BONUS:VAR|BasePowerPoints|2|PREVARGTEQ:MarksmanML,5	BONUS:VAR|BasePowerPoints|2|PREVARGTEQ:MarksmanML,6	BONUS:VAR|BasePowerPoints|2|PREVARGTEQ:MarksmanML,7	BONUS:VAR|BasePowerPoints|2|PREVARGTEQ:MarksmanML,8
1											BONUS:VAR|BasePowerPoints|4|PREVARGTEQ:MarksmanML,9	BONUS:VAR|BasePowerPoints|4|PREVARGTEQ:MarksmanML,10	BONUS:VAR|BasePowerPoints|4|PREVARGTEQ:MarksmanML,11	BONUS:VAR|BasePowerPoints|4|PREVARGTEQ:MarksmanML,12	BONUS:VAR|BasePowerPoints|4|PREVARGTEQ:MarksmanML,13
1											BONUS:VAR|BasePowerPoints|8|PREVARGTEQ:MarksmanML,14	BONUS:VAR|BasePowerPoints|8|PREVARGTEQ:MarksmanML,15	BONUS:VAR|BasePowerPoints|8|PREVARGTEQ:MarksmanML,16	BONUS:VAR|BasePowerPoints|8|PREVARGTEQ:MarksmanML,17
1											BONUS:VAR|BasePowerPoints|12|PREVARGTEQ:MarksmanML,18	BONUS:VAR|BasePowerPoints|12|PREVARGTEQ:MarksmanML,19	BONUS:VAR|BasePowerPoints|12|PREVARGTEQ:MarksmanML,20
1											BONUS:VAR|BonusPowerPoints|(WIS*MarksmanML)/2|TYPE=MarksmanBonusPP

1											BONUS:VAR|WindReaderDuration|CL	BONUS:VAR|WindReaderBonus|WIS																																							ABILITY:Special Ability|AUTOMATIC|Wind Reader													AUTO:FEAT|Point Blank Shot
1											BONUS:VAR|MarksmanSignatureStyleTreeLVL|CL																																										ABILITY:Special Ability|AUTOMATIC|Marksman Signature Style Tree

2											BONUS:VAR|EvadeArrowsBonus|WIS/2|PREVARGTEQ:WIS,0																																									ABILITY:Special Ability|AUTOMATIC|Evade Arrows
4											BONUS:VAR|CoverFireDC|CL/2+DEX																																												ABILITY:Special Ability|AUTOMATIC|Cover Fire
5																																																												ABILITY:FEAT|AUTOMATIC|Psionic Meditation|PREMULT:2,[PRESTAT:1,WIS=13],[PRESKILL:1,Concentration=7]
8				BONUS:ABILITYPOOL|Marksman Feat|(CL-2)/6

1	KNOWN:0,0
2	KNOWN:0,1
3	KNOWN:0,2
5	KNOWN:0,2,1
6	KNOWN:0,2,2
7	KNOWN:0,2,3
9	KNOWN:0,2,3,1
10	KNOWN:0,2,3,2
11	KNOWN:0,2,3,3
13	KNOWN:0,2,3,3,1
14	KNOWN:0,2,3,3,2
15	KNOWN:0,2,3,3,3
17	KNOWN:0,2,3,3,3,1
18	KNOWN:0,2,3,3,3,2
19	KNOWN:0,2,3,3,3,3
20	KNOWN:0,2,3,3,3,4

1																																																																																						SPELLLEVEL:CLASS|Marksman=1|Astral Traveler,Bolt,Burst,Catfall,Chameleon,Conceal Thoughts,Detect Psionics,Dissolving Weapon,Elfsight,Far Hand,Float,Metaphysical Weapon,My Light,Precognition (Defensive),Precognition (Offensive),Prescience (Offensive),Prevenom Weapon,Vigor
1																																																																																						SPELLLEVEL:CLASS|Marksman=2|Body Adjustment,Body Equilibrium,Body Purification,Cloud Mind,Concealing Amorpha,Detect Hostile Intent,Ephemeral Bolt,Levitate (Psionic),Localized Windstorm,Psionic Scent,Share Pain,Sustenance,Wall Walker
1																																																																																						SPELLLEVEL:CLASS|Marksman=3|Concealing Amorpha (Greater),Control Air,Danger Sense,Darkvision (Psionic),Dimension Slide,Energy Adaptation (Specified),Escape Detection,Hustle,The Arrow Knows the Way,Touchsight,Ubiquitous Vision
1																																																																																						SPELLLEVEL:CLASS|Marksman=4|Aura Sight,Evade Burst,Freedom of Movement (Psionic),Keen Edge (Psionic),Mirror Shot,Physical Acceleration,Psychic Reformation,Steadfast Perception,Truevenom Weapon,Zealous Fury
1																																																																																						SPELLLEVEL:CLASS|Marksman=5|Adapt Body,Barrage,Cloud Mind (Mass),Inertial Barrier,Power Resistance,True Seeing (Psionic)


#####
#Society Mind

# Class Name		Hit Dice	Type				Abbreviation	Max Level	Source Page			Save checks bonus											Combat bonus					Modify VAR
CLASS:Society Mind	HD:6		TYPE:Base.Psionic.PC	ABB:Smd		MAXLEVEL:20	SOURCEPAGE:pages 29-36	BONUS:SAVE|BASE.Will|CL/2+2	BONUS:SAVE|BASE.Fortitude,BASE.Reflex|CL/3	BONUS:COMBAT|BASEAB|CL/2|TYPE=Base.REPLACE	BONUS:VAR|PCrystalLevel|CL|PREABILITY:1,CATEGORY=FEAT,Psicrystal Affinity
# Class Name		Skill Pts/Lvl	Class Skill
CLASS:Society Mind	STARTSKILLPTS:4	CSKILL:Autohypnosis|Bluff|TYPE.Craft|Concentration|Diplomacy|Gather Information|Heal|Intimidate|Knowledge (Psionics)|Knowledge (History)|Knowledge (Local)|Listen|TYPE.Perform|TYPE.Profession|Psicraft|Sense Motive|Speak Language|Survival
# Class Name		Spell Stat		Spell Type		Memorize		Automatically Known Spell Levels									Caster level
CLASS:Society Mind	SPELLSTAT:WIS	SPELLTYPE:Psionic	MEMORIZE:YES	KNOWNSPELLS:LEVEL=1|LEVEL=2|LEVEL=3|LEVEL=4|LEVEL=5|LEVEL=6|LEVEL=7|LEVEL=8|LEVEL=9	BONUS:CASTERLEVEL|Society Mind|CL

1																																																																		AUTO:FEAT|Simple Weapon Proficiency
1																																																																		AUTO:FEAT|Armor Proficiency (Light)
1						BONUS:VAR|SocietyMindML|var("BL=Society Mind")																																	DEFINE:SocietyMindML|0	BONUS:VAR|SocietyMindML|CL														TEMPLATE:Psionic
1						BONUS:VAR|BasePowerPoints|2	BONUS:VAR|BasePowerPoints|4|PREVARGTEQ:SocietyMindML,2	BONUS:VAR|BasePowerPoints|5|PREVARGTEQ:SocietyMindML,3	BONUS:VAR|BasePowerPoints|6|PREVARGTEQ:SocietyMindML,4
1						BONUS:VAR|BasePowerPoints|8|PREVARGTEQ:SocietyMindML,5	BONUS:VAR|BasePowerPoints|10|PREVARGTEQ:SocietyMindML,6	BONUS:VAR|BasePowerPoints|11|PREVARGTEQ:SocietyMindML,7	BONUS:VAR|BasePowerPoints|12|PREVARGTEQ:SocietyMindML,8
1						BONUS:VAR|BasePowerPoints|14|PREVARGTEQ:SocietyMindML,9	BONUS:VAR|BasePowerPoints|16|PREVARGTEQ:SocietyMindML,10	BONUS:VAR|BasePowerPoints|18|PREVARGTEQ:SocietyMindML,11	BONUS:VAR|BasePowerPoints|20|PREVARGTEQ:SocietyMindML,12
1						BONUS:VAR|BasePowerPoints|21|PREVARGTEQ:SocietyMindML,13	BONUS:VAR|BasePowerPoints|23|PREVARGTEQ:SocietyMindML,14	BONUS:VAR|BasePowerPoints|25|PREVARGTEQ:SocietyMindML,15	BONUS:VAR|BasePowerPoints|26|PREVARGTEQ:SocietyMindML,16
1						BONUS:VAR|BasePowerPoints|29|PREVARGTEQ:SocietyMindML,17	BONUS:VAR|BasePowerPoints|30|PREVARGTEQ:SocietyMindML,18	BONUS:VAR|BasePowerPoints|31|PREVARGTEQ:SocietyMindML,19	BONUS:VAR|BasePowerPoints|32|PREVARGTEQ:SocietyMindML,20
1						BONUS:VAR|BonusPowerPoints|(WIS*SocietyMindML)/2|TYPE=SocietyMindBonusPP

1						BONUS:VAR|NetRange|1	BONUS:VAR|NetLevel|CL																																					ABILITY:Special Ability|AUTOMATIC|Worldthought Network|Cooperative Healing
2																																																		ABILITY:Special Ability|AUTOMATIC|Social Insight|Spirit of Many
3						BONUS:VAR|SoulbindingGazeML|CL	BONUS:VAR|SoulbindingGazeDC|(CL/2)+CHA																																ABILITY:Special Ability|AUTOMATIC|Soulbinding Gaze|Telepathy (Worldthought)
4						BONUS:VAR|NetRange|1
5						BONUS:VAR|NetworkSenseBonus|CL/5																																							ABILITY:Special Ability|AUTOMATIC|Network Sense
7						BONUS:VAR|NetRange|1
8																																																		ABILITY:Special Ability|AUTOMATIC|Mystic Echo
10						BONUS:VAR|NetRange|1
11																																																		ABILITY:Special Ability|AUTOMATIC|Inner Language
13						BONUS:VAR|NetRange|1
14																																																		ABILITY:Special Ability|AUTOMATIC|Subconscious Gaze
16						BONUS:VAR|NetRange|1
17																																																		ABILITY:Special Ability|AUTOMATIC|Divert Concentration
19						BONUS:VAR|NetRange|1
20																																																		ABILITY:Special Ability|AUTOMATIC|Efficient Network


1	CAST:0,1
2	CAST:0,2
3	CAST:0,0,2
4	CAST:0,0,3
5	CAST:0,0,0,3
6	CAST:0,0,0,4
7	CAST:0,0,0,0,4
8	CAST:0,0,0,0,5
9	CAST:0,0,0,0,0,5
10	CAST:0,0,0,0,0,6
11	CAST:0,0,0,0,0,0,6
12	CAST:0,0,0,0,0,0,7
13	CAST:0,0,0,0,0,0,0,7
14	CAST:0,0,0,0,0,0,0,8
15	CAST:0,0,0,0,0,0,0,0,8
16	CAST:0,0,0,0,0,0,0,0,9
17	CAST:0,0,0,0,0,0,0,0,0,9
18	CAST:0,0,0,0,0,0,0,0,0,10
19	CAST:0,0,0,0,0,0,0,0,0,10
20	CAST:0,0,0,0,0,0,0,0,0,11


1																																																																								SPELLLEVEL:CLASS|Society Mind=1|Attraction,Call to Mind,Detect Psionics,Know Direction and Location,Missive,Precognition,Precognition (Defensive),Sense Link,Skills As One,Telempathic Projection,Unearthly Terror
1																																																																								SPELLLEVEL:CLASS|Society Mind=2|Aversion,Detect Hostile Intent,Dimension Swap,Disrupting Lash,Empathic Transfer,Feat Leech,Missive (Mass),Psychic Interference,Read Thoughts,Sense As One,Sense Link (Forced),Sensitivity to Psychic Impressions,Share Pain,Strength of My Enemy,Sustenance,Tongues (Psionic)
1																																																																								SPELLLEVEL:CLASS|Society Mind=3|Battlesense,Body Adjustment,Body Purification,Danger Sense,Empathic Adaptation,Empathic Transfer (Hostile),False Sensory Input,Fate Link,Guarded Sleep,Mind Trap,Share Pain (Forced),Solicit Psicrystal,Strike As One,Vampiric Blade,Withstand As One
1																																																																								SPELLLEVEL:CLASS|Society Mind=4|Alienation,Correspond,Empathic Feedback,Intellect Fortress,Mindlink (Thieving),Modify Memory (Psionic),Psychic Reformation,Psychic Vampire,Power Leech
1																																																																								SPELLLEVEL:CLASS|Society Mind=5|Adapt Body,Catapsi,Incarnate,Leech Field,Metaconcert,Prowess As One,Psionic Revivify,Psychofeedback,Second Chance,Shatter Mind Blank,Tower of Iron Will
1																																																																								SPELLLEVEL:CLASS|Society Mind=6|Aura Alteration,Contingency (Psionic),Dispelling Buffer,Restoration (Psionic),Technique As One
1																																																																								SPELLLEVEL:CLASS|Society Mind=7|Dream Travel,Mind Blank (Personal),Moment of Prescience (Psionic)
1																																																																								SPELLLEVEL:CLASS|Society Mind=8|Ability As One,Bend Reality,Hypercognition,Mind Blank (Psionic),True Metabolism
1																																																																								SPELLLEVEL:CLASS|Society Mind=9|Affinity Field,Assimilate,Psychic Chirurgery,Timeless Body





#####
#Class files are where each class is listed, given it's important information for the correct output and functioning of the
#class. Each class has 2 components to it: The main class line and the class level line. The class line begins with CLASS
#and the class level line begins with a level # (0, 1, 2, etc).
#
#The CLASS tag tells PCGen the class name and sets up the relationships with skills and spells. This line can be entered
#multiple times in a single class entry (appearing on separate lines) for purposes of making the lines easier to read in an
#editor (so as to not have to scroll forever to reach the end of the class line). THIS MUST BE THE FIRST TAG!!!
#
#The HD tag sets the Hit Die used to determine hit points at each level gained.
#
#The TYPE tag is used within the filters of PCGen to sort the classes by their respective types (makes it easier to find a
#specific class).
#
#The ABB tag can be used to hold a 3-5 letter abbreviation of the class name.
#
#The MAXLEVEL tag sets the maximum number of levels of the class you can add to a character. You can use MAXLEVEL:NOLIMIT in addition to a number.
#
#The SOURCEPAGE tag can be used to hold a reference to where you can find the class. This will be displayed in PCGen.
#
#The LANGAUTO tag is holding a list of languages that the character automatically gains.
#
#The BONUS tags are a group of similar tags, that grant some form of Bonus to another already existing tag. To read a description
#of them, look in the List File Tag Index under the topic "Bonus tags".
#
#The STARTSKILLPTS tag determines how many skill points a character gains per level.
#
#The CSKILL tag grants the listed skills as class skills. When used in a classes.lst, it grants the class skills only to the
#class it is actually in.
#
#The FEATAUTO tag holds a list of feats that the class automatically gets.
#
#The SA tag is holding a text that will be displayed as Special Ability on the output sheet.
#
#The ADD:FEAT tag will give the character a choice of one from the feats listed in the parentheses. If the feat being added
#has a chooser ADD:FEAT is the only tag which will activate it (VFEAT, MFEAT and FEATAUTO will not). Besides of ADD:FEAT, there
#is a multitude of ADD tags in PCGen. You can look them up in the List File Tag Index under the topic "ADD Tags".
