SOURCELONG:Dreamscarred Press - Untapped Potential: New Horizons in Psionics	SOURCESHORT:UTP	SOURCEWEB:http://www.DreamscarredPress.com

#
# Class Name	Hit Dice	Type					Abbreviation	Max Level	Source Page				Save checks bonus											Combat bonus					Modify VAR
CLASS:Maverick Voidshaper	HD:6		TYPE:PC.Prestige.Psionic	ABB:MVs		MAXLEVEL:10		BONUS:SAVE|BASE.Will|CL/2+2	BONUS:SAVE|BASE.Reflex,BASE.Fortitude|CL/3	BONUS:COMBAT|BASEAB|CL/2|TYPE=Base.REPLACE	BONUS:VAR|PCrystalLevel|CL
# Class Name	Req. Att.	Required Feat				Required Skill			Req. Spell Type
CLASS:Maverick Voidshaper		PREABILITY:2,CATEGORY=FEAT,Burrowing Power,Enlarge Power		PRESKILL:1,Psicraft=8	PRESPELL:1,Dimension Swap
# Class Name	Skill Pts/Lvl	Class Skill
CLASS:Maverick Voidshaper	STARTSKILLPTS:4	CSKILL:Autohypnosis|Balance|Climb|Concentration|TYPE.Craft|Disable Device|Escape Artist|Jump|Knowledge (Psionics)|TYPE.Profession|Psicraft|Search|Use Psionic Device|Use Rope
###Block: Psionic Variables
###Block: Class Info
1								SA:Psychoportive Evasion (Su) Expend Focus to teleport to any area within or adjacent to the effect that was evaded.	FEATAUTO:Evasion
2	ADD:SPELLCASTER(Psionic)	SA:Scorn Earth (Su)
3	ADD:SPELLCASTER(Psionic)	SA:Rend Space (Su) All powers Ranges shift to the next longer range and Long Range powers increase to 2x.
4	ADD:SPELLCASTER(Psionic)	SA:Bend Time (Su) All Psychoportation powers with a manifesting time of 1 round or less may be augmented for 6 power points to be manifested as an immediate action.
5	ADD:SPELLCASTER(Psionic)	SA:Voidburst Power (Su) Expend Focus and 2 extra power points on a Area Effect Power that requires a reflex save, on a failed save targets are ejected to the nearest edge, dealing 1d6 per 10', and knocked prone.
6	ADD:SPELLCASTER(Psionic)
7	ADD:SPELLCASTER(Psionic)	SA:Distend Power (Ex) Gain the Widen Power feat, or if already taken gain the ability to Widen powers without expending focus.	FEATAUTO:Widen Power
8	ADD:SPELLCASTER(Psionic)
9								SA:Psychoportive Navigator (Su) Use Personal or Self only psychoportation powers on willing targets, Range (Close))
10	ADD:SPELLCASTER(Psionic)	SA:Voidwell Power (Su) Expend Focus and 4 extra power points on a Area Effect Power that requires a reflex save, to increase the save DC by 3 and negate Evasion and Improved Evasion.
