

Human
	SIZE:M
	SOURCEPAGE:p.27	RACETYPE:Humanoid	TYPE:Humanoid.PC.Base
	RACESUBTYPE:Human
	
	FACT:RaceType|Humanoid
	MODIFY:RaceType|SET|"Humanoid"
	MODIFY:Size|SET|M
	MODIFY:Walk|Speed|SET|5
	MODIFY:Face|SET|5,5
	MODIFY:REACH|SET|5
	MODIFY:Legs|SET|2
	MODIFY:Hands|SET|2
	ABILITY:Internal|AUTOMATIC|Race ~ Human
#	MOVE:Walk,0
#	FACE:5
#	REACH:5
#	LEGS:2
#	HANDS:2





Dwarf
	SIZE:M
	SOURCEPAGE:p.27	RACETYPE:Humanoid	TYPE:Humanoid
	RACESUBTYPE:Dwarf
	MOVE:Walk,0
	FACE:5
	REACH:5
	LEGS:2
	HANDS:2
	ABILITY:Internal|AUTOMATIC|Race ~ Dwarf
Elf (Dark, High, Wood)
	SIZE:M
	SOURCEPAGE:p.27	RACETYPE:Humanoid	TYPE:Humanoid
	RACESUBTYPE:Elf
	MOVE:Walk,0
	FACE:5
	REACH:5
	LEGS:2
	HANDS:2
	ABILITY:Internal|AUTOMATIC|Race ~ Elf
Gnome
	SIZE:S
	SOURCEPAGE:p.28	RACETYPE:Humanoid	TYPE:Humanoid
	RACESUBTYPE:Gnome
	MOVE:Walk,0
	FACE:5
	REACH:5
	LEGS:2
	HANDS:2
	ABILITY:Internal|AUTOMATIC|Race ~ Gnome
Half-Elf
	SIZE:M
	SOURCEPAGE:p.29	RACETYPE:Humanoid	TYPE:Humanoid
	RACESUBTYPE:Human|Elf
	MOVE:Walk,0
	FACE:5
	REACH:5
	LEGS:2
	HANDS:2
	ABILITY:Internal|AUTOMATIC|Race ~ Half-Elf
Halfling
	SIZE:S
	SOURCEPAGE:p.29	RACETYPE:Humanoid	TYPE:Humanoid
	RACESUBTYPE:Halfling
	MOVE:Walk,0
	FACE:5
	REACH:5
	LEGS:2
	HANDS:2
	ABILITY:Internal|AUTOMATIC|Race ~ Halfling
Half-Orc
	SIZE:S
	SOURCEPAGE:p.29	RACETYPE:Humanoid	TYPE:Humanoid
	RACESUBTYPE:Orc|Human
	MOVE:Walk,0
	FACE:5
	REACH:5
	LEGS:2
	HANDS:2
	ABILITY:Internal|AUTOMATIC|Race ~ Half-Orc

Draconic (Dragonspawn)
	SIZE:S
	SOURCEPAGE:p.29	RACETYPE:Humanoid	TYPE:Humanoid
	RACESUBTYPE:Draconic
	MOVE:Walk,0
	FACE:5
	REACH:5
	LEGS:2
	HANDS:2
	ABILITY:Internal|AUTOMATIC|Race ~ Draconic
Holy One (Aasimar)
	SIZE:S
	SOURCEPAGE:p.29	RACETYPE:Humanoid	TYPE:Humanoid
	RACESUBTYPE:Holy One
	MOVE:Walk,0
	FACE:5
	REACH:5
	LEGS:2
	HANDS:2
	ABILITY:Internal|AUTOMATIC|Race ~ Holy One
Forgeborn (Dwarf-forged)
	SIZE:S
	SOURCEPAGE:p.29	RACETYPE:Humanoid	TYPE:Humanoid
	RACESUBTYPE:Forgeborn
	MOVE:Walk,0
	FACE:5
	REACH:5
	LEGS:2
	HANDS:2
	ABILITY:Internal|AUTOMATIC|Race ~ Forgeborn
Demontouched (Tiefling)
	SIZE:S
	SOURCEPAGE:p.29	RACETYPE:Humanoid	TYPE:Humanoid
	RACESUBTYPE:Demontouched
	MOVE:Walk,0
	FACE:5
	REACH:5
	LEGS:2
	HANDS:2
	ABILITY:Internal|AUTOMATIC|Race ~ Demontouched
