

#
# Race
#
Race ~ Human		CATEGORY:Internal				
	BONUS:VAR|RaceInitial_Str|1|TYPE=Base
	BONUS:VAR|RaceInitial_Dex|1|TYPE=Base
	BONUS:VAR|RaceInitial_Con|1|TYPE=Base
	BONUS:VAR|RaceInitial_Int|1|TYPE=Base
	BONUS:VAR|RaceInitial_Wis|1|TYPE=Base
	BONUS:VAR|RaceInitial_Cha|1|TYPE=Base





Race ~ Dwarf		CATEGORY:Internal		
	BONUS:VAR|RaceInitial_Con|1|TYPE=Base
	BONUS:VAR|RaceInitial_Wis|1|TYPE=Base
Race ~ Elf			CATEGORY:Internal		
Race ~ Gnome		CATEGORY:Internal		
	BONUS:VAR|RaceInitial_Dex|1|TYPE=Base
	BONUS:VAR|RaceInitial_Int|1|TYPE=Base
Race ~ Half-Elf		CATEGORY:Internal		
	BONUS:VAR|RaceInitial_Con|1|TYPE=Base
	BONUS:VAR|RaceInitial_Cha|1|TYPE=Base
Race ~ Halfling		CATEGORY:Internal		
	BONUS:VAR|RaceInitial_Con|1|TYPE=Base
	BONUS:VAR|RaceInitial_Dex|1|TYPE=Base
Race ~ Half-Orc		CATEGORY:Internal		
	BONUS:VAR|RaceInitial_Str|1|TYPE=Base
	BONUS:VAR|RaceInitial_Dex|1|TYPE=Base
Race ~ Dragonic		CATEGORY:Internal		
	BONUS:VAR|RaceInitial_Str|1|TYPE=Base
	BONUS:VAR|RaceInitial_Cha|1|TYPE=Base
Race ~ Holy One		CATEGORY:Internal		
	BONUS:VAR|RaceInitial_Cha|1|TYPE=Base
	BONUS:VAR|RaceInitial_Wis|1|TYPE=Base
Race ~ Forgeborn		CATEGORY:Internal		
	BONUS:VAR|RaceInitial_Con|1|TYPE=Base
	BONUS:VAR|RaceInitial_Str|1|TYPE=Base
Race ~ Demontouched	CATEGORY:Internal		
	BONUS:VAR|RaceInitial_Str|1|TYPE=Base
	BONUS:VAR|RaceInitial_Int|1|TYPE=Base

Elf Subrace ~ Dark	CATEGORY:Internal
	BONUS:VAR|RaceInitial_Dex|1|TYPE=Base
	BONUS:VAR|RaceInitial_Cha|1|TYPE=Base
Elf Subrace ~ High	CATEGORY:Internal
	BONUS:VAR|RaceInitial_Int|1|TYPE=Base
	BONUS:VAR|RaceInitial_Cha|1|TYPE=Base
Elf Subrace ~ Wood	CATEGORY:Internal
	BONUS:VAR|RaceInitial_Dex|1|TYPE=Base
	BONUS:VAR|RaceInitial_Wis|1|TYPE=Base


###Block: Class
Class ~ Barbarian
Class ~ Bard
Class ~ Chaos Mage
Class ~ Cleric
Class ~ Commander
Class ~ Druid
Class ~ Fighter
Class ~ Monk
Class ~ Necromancer
Class ~ Occultist
Class ~ Paladin
Class ~ Ranger
Class ~ Rogue
Class ~ Sorcerer
Class ~ Wizard










#
# Initial Ability Score from Race & Class
#

+2 Str	KEY:Race ~ +2 Str		CATEGORY:Ability Score	TYPE:Initial Score	PREVARGTEQ:RaceStrInitial,1	BONUS:STAT|STR|2
+2 Dex	KEY:Race ~ +2 Dex		CATEGORY:Ability Score	TYPE:Initial Score	PREVARGTEQ:RaceDexInitial,1	BONUS:STAT|STR|2
+2 Con	KEY:Race ~ +2 Con		CATEGORY:Ability Score	TYPE:Initial Score	PREVARGTEQ:RaceConInitial,1	BONUS:STAT|STR|2
+2 Int	KEY:Race ~ +2 Int		CATEGORY:Ability Score	TYPE:Initial Score	PREVARGTEQ:RaceIntInitial,1	BONUS:STAT|STR|2
+2 Wis	KEY:Race ~ +2 Wis		CATEGORY:Ability Score	TYPE:Initial Score	PREVARGTEQ:RaceWisInitial,1	BONUS:STAT|STR|2
+2 Cha	KEY:Race ~ +2 Cha		CATEGORY:Ability Score	TYPE:Initial Score	PREVARGTEQ:RaceChaInitial,1	BONUS:STAT|STR|2

+2 Str	KEY:Class ~ +2 Str	CATEGORY:Ability Score	TYPE:Initial Score	PREVARGTEQ:ClassStrInitial,1	BONUS:STAT|STR|2
+2 Dex	KEY:Class ~ +2 Dex	CATEGORY:Ability Score	TYPE:Initial Score	PREVARGTEQ:ClassDexInitial,1	BONUS:STAT|STR|2
+2 Con	KEY:Class ~ +2 Con	CATEGORY:Ability Score	TYPE:Initial Score	PREVARGTEQ:ClassConInitial,1	BONUS:STAT|STR|2
+2 Int	KEY:Class ~ +2 Int	CATEGORY:Ability Score	TYPE:Initial Score	PREVARGTEQ:ClassIntInitial,1	BONUS:STAT|STR|2
+2 Wis	KEY:Class ~ +2 Wis	CATEGORY:Ability Score	TYPE:Initial Score	PREVARGTEQ:ClassWisInitial,1	BONUS:STAT|STR|2
+2 Cha	KEY:Class ~ +2 Cha	CATEGORY:Ability Score	TYPE:Initial Score	PREVARGTEQ:ClassChaInitial,1	BONUS:STAT|STR|2

