SOURCELONG:Rise of the Runelords Anniversary Edition	SOURCESHORT:RotRAE	SOURCEWEB:http://paizo.com/products/btpy8tc0?Pathfinder-Adventure-Path-Rise-of-the-Runelords-Anniversary-Edition	SOURCEDATE:2012-07
# Original Entry by: Andrew Maitland

Anathema Archive	TYPE:Major Artifact.Artifact.Magic	SOURCEPAGE:p.420
Anima Focus		TYPE:Major Artifact.Artifact.Magic	SOURCEPAGE:p.420
Boots of the Mire	COST:3500	WT:1	TYPE:Boot.Footwear	SOURCEPAGE:p.420
# TODO: Add scimitar stats - +5 Keen Scimitar, damage as one size larger
Chellan, Sword of Greed	KEY:Chellen (Sword of Greed)	TYPE:Major Artifact.Artifact.Magic	SOURCEPAGE:p.420
Elixir of the Peaks	TYPE:Potion.Exilir	COST:2450	WT:0	SOURCEPAGE:p.421
# +1 Unholy Falchion
Fanged Falchion		COST:22375	WT:8	TYPE:Magic.Sword	SOURCEPAGE:p.421
Fog-Cutting Lenses	COST:8000	WT:1	TYPE:Magic.Eyewear.Face	SOURCEPAGE:p.421
Impaler of Thorns		COST:9000	WT:9	TYPE:Magic	SOURCEPAGE:p.421
Ioun Stone (Amber Spindle)		TYPE:Magic.Minor Artifact	SOURCEPAGE:p.421
Ioun Stone (Crimson Sphere)		TYPE:Magic.Minor Artifact	SOURCEPAGE:p.422
Ioun Stone (Emerald Ellipsoid)	TYPE:Magic.Minor Artifact	SOURCEPAGE:p.422
Ioun Stone (Onyx Rhomboid)		TYPE:Magic.Minor Artifact	SOURCEPAGE:p.422
Karzoug's Burning Glaive		TYPE:Magic.Major Artifact	SOURCEPAGE:p.422	WT:8
Medusa Mask	SOURCEPAGE:p.422	COST:10000	TYPE:Headgear.Magic	WT:1
Repear's Mask		SOURCEPAGE:p.422	TYPE:Headgear.Magic	COST:12000	WT:1
Revelation Quill	SOURCEPAGE:p.422		TYPE:Minor Artifact.Magic	WT:3
Robe of Runes	TYPE:Body.Robe.Magic	SOURCEPAGE:p.422	COST:44000	WT:1
Robes of Xin-Shalast	WT:1	COST:198000	TYPE:Body.Robe.Magic	SOURCEPAGE:p.423
Runechill Hatchet		COST:5312	WT:6	TYPE:Magic	SOURCEPAGE:p.423
Runeslave Cauldron	WT:900	SOURCEPAGE:p.424
Runewell (Minor)		WT:900	SOURCEPAGE:p.424
Runewell Amulet		WT:0		SOURCEPAGE:p.425
Runewell of Greed		WT:900	SOURCEPAGE:p.425
Sadist's Lash	PROFICIENCY:WEAPON|Whip		TYPE:Weapon.Melee.OneHanded.Exotic.Reach.Finesseable.Slashing.Flail	COST:22301	WT:1		CRITMULT:x2			CRITRANGE:1			DAMAGE:1d4	EQMOD:PLUS1W.WOUND	WIELD:Light		SIZE:M	SOURCEPAGE:p.425	SPROP:Deliver enchantment spells with range touch. Additionally, target DC 15 Will save or suffers -5 penalty on Will saves against all enchantment effects created by wielder.
Sihedron Medallion	SOURCEPAGE:p.426	TYPE:Neck.Amulet	COST:3500	WT:0
Sihedron Ring		SOURCEPAGE:p.426	TYPE:Magic.Ring	COST:35000	WT:0
Sihedron Tome		SOURCEPAGE:p.426	TYPE:Minor Artifact.Magic	WT:5
Skinsaw Mask		SOURCEPAGE:p.426	TYPE:Head.Headgear.Magic	WT:1	COST:1500
Snakeskin Tunic		SOURCEPAGE:p.426	COST:8000	TYPE:Chest.Shirt	WT:2
Soul Lens			SOURCEPAGE:p.426	WT:8	TYPE:Magic.Minor Artifact
Staff of Heaven and Earth	SOURCEPAGE:p.427	TYPE:Magic.Staff			COST:54000	WT:5
Staff of Hungry Shadows		SOURCEPAGE:p.427	TYPE:Magic.Staff			COST:102500	WT:5
Staff of Mithral Might		SOURCEPAGE:p.427	TYPE:Magic.Staff			COST:55850	WT:5
Stalker's Mask			SOURCEPAGE:p.427	TYPE:Magic.Head.Headgear	COST:3500	WT:1
Talons of Leng			SOURCEPAGE:p.427	TYPE:Magic.Glove.Hands		COST:67000	WT:1




