# CVS $Revision: $ $Author: $ -- Mon Sep 24 18:54:18 2007 -- reformated by prettylst.pl v1.38 (build 2788)
SOURCELONG:Bastion Press - Arms and Armor	SOURCESHORT:ArmsArmor	SOURCEWEB:www.bastionpress.com
#Original Entry By; Knightcrawler
# Equipment Name				Output Name					Required Proficiency			Type												Cost		Weight	Required Class		Critical Hit Multiplier	Critical Hit Range	Damage	Range		Size		Source Page		Bonus to skill					Weapon prop. bonus					Special Property
Battleaxe (Berserker)			OUTPUTNAME:Axe of the [NAME]		PROFICIENCY:WEAPON|Battleaxe			TYPE:Magic.Weapon.Martial.Melee.Slashing.Specific				COST:30310	WT:7						CRITMULT:x3			CRITRANGE:1			DAMAGE:1d8			SIZE:M	SOURCEPAGE:p.37								BONUS:WEAPON|DAMAGE,TOHIT|2|TYPE=Enhancement	SPROP:Increases strength during barbarian rage by 4, a +2 deflection bonus and no fatigue at end
Dagger (Picker Pick)			OUTPUTNAME:[NAME]				PROFICIENCY:WEAPON|Dagger			TYPE:Magic.Weapon.Simple.Melee.Ranged.Piercing.Specific			COST:22302	WT:1						CRITMULT:x2			CRITRANGE:2			DAMAGE:1d4	RANGE:10	SIZE:T	SOURCEPAGE:p.43								BONUS:WEAPON|DAMAGE,TOHIT|2|TYPE=Enhancement
Dagger (Silent)				OUTPUTNAME:[NAME] Dagger		PROFICIENCY:WEAPON|Dagger			TYPE:Magic.Weapon.Simple.Melee.Ranged.Piercing.Specific			COST:24300	WT:1						CRITMULT:x2			CRITRANGE:2			DAMAGE:1d4	RANGE:10	SIZE:T	SOURCEPAGE:p.43								BONUS:WEAPON|DAMAGE,TOHIT|2|TYPE=Enhancement
Dagger (Souls)				OUTPUTNAME:Dagger of [NAME]		PROFICIENCY:WEAPON|Dagger			TYPE:Magic.Weapon.Simple.Melee.Ranged.Piercing.Specific			COST:45502	WT:1						CRITMULT:x2			CRITRANGE:2			DAMAGE:1d4	RANGE:10	SIZE:T	SOURCEPAGE:p.45								BONUS:WEAPON|DAMAGE,TOHIT|1|TYPE=Enhancement
Exterminator (Short)			OUTPUTNAME:Exterminator			PROFICIENCY:WEAPON|Sword (Short)		TYPE:Magic.Weapon.Martial.Melee.Specific.Piercing.Metal			COST:57060	WT:3						CRITMULT:x2			CRITRANGE:2			DAMAGE:1d6			SIZE:S	SOURCEPAGE:p.49								BONUS:WEAPON|DAMAGE,TOHIT|2|TYPE=Enhacement
Gauntlets of the Master									PROFICIENCY:WEAPON|Unarmed Strike		TYPE:Weapon.Unarmed.Simple.Melee.Bludgeoning.Specific				COST:72000	WT:2						CRITMULT:x2			CRITRANGE:2			DAMAGE:1d3			SIZE:T	SOURCEPAGE:p.42								BONUS:WEAPON|DAMAGE,TOHIT|3|TYPE=Enhancement
Katana (Death Blade)			OUTPUTNAME:[NAME]				PROFICIENCY:WEAPON|Katana ([Hands])		TYPE:Magic.Weapon.Exotic.Melee.Slashing.Specific.Metal			COST:172320	WT:10						CRITMULT:x2			CRITRANGE:2			DAMAGE:1d10			SIZE:M	SOURCEPAGE:p.49								BONUS:WEAPON|TOHIT|1|TYPE=Enhancement
Longspear (Black Dragontooth)		OUTPUTNAME:[NAME] Longspear		PROFICIENCY:WEAPON|Longspear			TYPE:Magic.Weapon.Martial.Melee.Specific.Piercing.Wooden			COST:8605	WT:9						CRITMULT:x3			CRITRANGE:1			DAMAGE:1d8			SIZE:L	SOURCEPAGE:p.45								BONUS:WEAPON|TOHIT|1|TYPE=Enhancement		SPROP:1d4+1 acid damage
Longspear (Blue Dragontooth)		OUTPUTNAME:[NAME] Longspear		PROFICIENCY:WEAPON|Longspear			TYPE:Magic.Weapon.Martial.Melee.Specific.Piercing.Wooden			COST:8605	WT:9						CRITMULT:x3			CRITRANGE:1			DAMAGE:1d8			SIZE:L	SOURCEPAGE:p.45								BONUS:WEAPON|TOHIT|1|TYPE=Enhancement		SPROP:1d4 electricity damage
Longspear (Brass Dragontooth)		OUTPUTNAME:[NAME] Longspear		PROFICIENCY:WEAPON|Longspear			TYPE:Magic.Weapon.Martial.Melee.Specific.Piercing.Wooden			COST:8605	WT:9						CRITMULT:x3			CRITRANGE:1			DAMAGE:1d8			SIZE:L	SOURCEPAGE:p.45								BONUS:WEAPON|TOHIT|1|TYPE=Enhancement		SPROP:Sleep (Will DC 20) for 1d4 rounds
Longspear (Bronze Dragontooth)	OUTPUTNAME:[NAME] Longspear		PROFICIENCY:WEAPON|Longspear			TYPE:Magic.Weapon.Martial.Melee.Specific.Piercing.Wooden			COST:8605	WT:9						CRITMULT:x3			CRITRANGE:1			DAMAGE:1d8			SIZE:L	SOURCEPAGE:p.45								BONUS:WEAPON|TOHIT|1|TYPE=Enhancement		SPROP:Repulsion (Will DC 20) for 1d4 rounds
Longspear (Copper Dragontooth)	OUTPUTNAME:[NAME] Longspear		PROFICIENCY:WEAPON|Longspear			TYPE:Magic.Weapon.Martial.Melee.Specific.Piercing.Wooden			COST:8605	WT:9						CRITMULT:x3			CRITRANGE:1			DAMAGE:1d8			SIZE:L	SOURCEPAGE:p.45								BONUS:WEAPON|TOHIT|1|TYPE=Enhancement		SPROP:Slow (Will DC 20) for 1d4 rounds
Longspear (Gold Dragontooth)		OUTPUTNAME:[NAME] Longspear		PROFICIENCY:WEAPON|Longspear			TYPE:Magic.Weapon.Martial.Melee.Specific.Piercing.Wooden			COST:8605	WT:9						CRITMULT:x3			CRITRANGE:1			DAMAGE:1d8			SIZE:L	SOURCEPAGE:p.45								BONUS:WEAPON|TOHIT|1|TYPE=Enhancement		SPROP:-2 strength (Fort DC 20) for 1d4 rounds
Longspear (Green Dragontooth)		OUTPUTNAME:[NAME] Longspear		PROFICIENCY:WEAPON|Longspear			TYPE:Magic.Weapon.Martial.Melee.Specific.Piercing.Wooden			COST:8605	WT:9						CRITMULT:x3			CRITRANGE:1			DAMAGE:1d8			SIZE:L	SOURCEPAGE:p.45								BONUS:WEAPON|TOHIT|1|TYPE=Enhancement		SPROP:Noxious Vapor (Fort DC 20) stunned for 1d4 rounds
Longspear (Red Dragontooth)		OUTPUTNAME:[NAME] Longspear		PROFICIENCY:WEAPON|Longspear			TYPE:Magic.Weapon.Martial.Melee.Specific.Piercing.Wooden			COST:8605	WT:9						CRITMULT:x3			CRITRANGE:1			DAMAGE:1d8			SIZE:L	SOURCEPAGE:p.45								BONUS:WEAPON|TOHIT|1|TYPE=Enhancement		SPROP:1d4+1 fire damage
Longspear (Silver Dragontooth)	OUTPUTNAME:[NAME] Longspear		PROFICIENCY:WEAPON|Longspear			TYPE:Magic.Weapon.Martial.Melee.Specific.Piercing.Wooden			COST:8605	WT:9						CRITMULT:x3			CRITRANGE:1			DAMAGE:1d8			SIZE:L	SOURCEPAGE:p.45								BONUS:WEAPON|TOHIT|1|TYPE=Enhancement		SPROP:Paralyze (Fort DC 20) for 1d4 rounds
Longspear (White Dragontooth)		OUTPUTNAME:[NAME] Longspear		PROFICIENCY:WEAPON|Longspear			TYPE:Magic.Weapon.Martial.Melee.Specific.Piercing.Wooden			COST:8605	WT:9						CRITMULT:x3			CRITRANGE:1			DAMAGE:1d8			SIZE:L	SOURCEPAGE:p.45								BONUS:WEAPON|TOHIT|1|TYPE=Enhancement		SPROP:1d4 cold damage
Rapier of Quickness			OUTPUTNAME:[NAME]				PROFICIENCY:WEAPON|Rapier			TYPE:Magic.Weapon.Martial.Melee.Specific.Piercing.Finesseable.Metal	COST:33855	WT:3						CRITMULT:x2			CRITRANGE:3			DAMAGE:1d6			SIZE:M	SOURCEPAGE:p.49								BONUS:WEAPON|DAMAGE,TOHIT|2|TYPE=Enhacement
Scimitar (Stormcaller)			OUTPUTNAME:[NAME]				PROFICIENCY:WEAPON|Scimitar			TYPE:Magic.Weapon.Martial.Melee.Slashing.Specific				COST:27755	WT:4						CRITMULT:x2			CRITRANGE:3			DAMAGE:1d6			SIZE:M	SOURCEPAGE:p.41								BONUS:WEAPON|DAMAGE,TOHIT|2|TYPE=Enhancement	SPROP:In hands of a Druid can cast call lightning 3 times per day.
Soulcleanser (Great)			OUTPUTNAME:Soulcleanser			PROFICIENCY:WEAPON|Sword (Great)		TYPE:Magic.Weapon.Martial.Melee.Slashing.Specific				COST:147485	WT:15						CRITMULT:x2			CRITRANGE:2			DAMAGE:2d6			SIZE:L	SOURCEPAGE:p.42								BONUS:WEAPON|DAMAGE,TOHIT|1|TYPE=Enhancement
Soulcleanser (Long)			OUTPUTNAME:Soulcleanser			PROFICIENCY:WEAPON|Sword (Long)		TYPE:Magic.Weapon.Martial.Melee.Slashing.Specific				COST:147485	WT:4						CRITMULT:x2			CRITRANGE:2			DAMAGE:1d8			SIZE:M	SOURCEPAGE:p.42								BONUS:WEAPON|DAMAGE,TOHIT|1|TYPE=Enhancement
Soulcleanser (Bastard)			OUTPUTNAME:Soulcleanser			PROFICIENCY:WEAPON|Sword (Bastard/[Hands])	TYPE:Magic.Weapon.Martial.Melee.Slashing.Specific				COST:147485	WT:10						CRITMULT:x2			CRITRANGE:2			DAMAGE:1d10			SIZE:M	SOURCEPAGE:p.42								BONUS:WEAPON|DAMAGE,TOHIT|1|TYPE=Enhancement
Sword (Flute)				OUTPUTNAME:[NAME] Sword			PROFICIENCY:WEAPON|Sword (Long)		TYPE:Magic.Weapon.Martial.Melee.Slashing.Specific				COST:21130	WT:4		PRECLASS:1,Bard		CRITMULT:x2			CRITRANGE:2			DAMAGE:1d8			SIZE:M	SOURCEPAGE:p.37	BONUS:SKILL|Perform|5|TYPE=Enhancement	BONUS:WEAPON|DAMAGE,TOHIT|2|TYPE=Enhancement	SPROP:Can be transformed from a flute to a longsword
Sword of Power (Great)									PROFICIENCY:WEAPON|Sword (Great)		TYPE:Magic.Weapon.Martial.Melee.Slashing.Specific				COST:323480	WT:15						CRITMULT:x2			CRITRANGE:2			DAMAGE:2d6			SIZE:L	SOURCEPAGE:p.41								BONUS:WEAPON|DAMAGE,TOHIT|1|TYPE=Enhancement
Sword of Power (Long)									PROFICIENCY:WEAPON|Sword (Long)		TYPE:Magic.Weapon.Martial.Melee.Slashing.Specific				COST:323480	WT:4						CRITMULT:x2			CRITRANGE:2			DAMAGE:1d8			SIZE:M	SOURCEPAGE:p.41								BONUS:WEAPON|DAMAGE,TOHIT|1|TYPE=Enhancement
Sword of Power (Bastard)								PROFICIENCY:WEAPON|Sword (Bastard/[Hands])	TYPE:Magic.Weapon.Martial.Melee.Slashing.Specific				COST:323480	WT:10						CRITMULT:x2			CRITRANGE:2			DAMAGE:1d10			SIZE:M	SOURCEPAGE:p.41								BONUS:WEAPON|DAMAGE,TOHIT|1|TYPE=Enhancement
Sword (Trickle)				OUTPUTNAME:[NAME] Sword			PROFICIENCY:WEAPON|Sword (Long)		TYPE:Magic.Weapon.Martial.Melee.Slashing.Specific				COST:16315	WT:4						CRITMULT:x2			CRITRANGE:2			DAMAGE:1d8			SIZE:M	SOURCEPAGE:p.43								BONUS:WEAPON|DAMAGE,TOHIT|2|TYPE=Enhancement
Sword (Deep Fey +2)			OUTPUTNAME:[NAME] Sword			PROFICIENCY:WEAPON|Sword (Bastard/[Hands])	TYPE:Magic.Weapon.Exotic.Melee.Slashing.Specific.Metal			COST:16335	WT:10						CRITMULT:x2			CRITRANGE:2			DAMAGE:1d10			SIZE:M	SOURCEPAGE:p.49								BONUS:WEAPON|DAMAGE,TOHIT|2|TYPE=Enhacement
Sword (Deep Fey +3)			OUTPUTNAME:[NAME] Sword			PROFICIENCY:WEAPON|Sword (Bastard/[Hands])	TYPE:Magic.Weapon.Exotic.Melee.Slashing.Specific.Metal			COST:25335	WT:10						CRITMULT:x2			CRITRANGE:2			DAMAGE:1d10			SIZE:M	SOURCEPAGE:p.49								BONUS:WEAPON|DAMAGE,TOHIT|3|TYPE=Enhacement
Sword (Deep Fey +4)			OUTPUTNAME:[NAME] Sword			PROFICIENCY:WEAPON|Sword (Bastard/[Hands])	TYPE:Magic.Weapon.Exotic.Melee.Slashing.Specific.Metal			COST:36335	WT:10						CRITMULT:x2			CRITRANGE:2			DAMAGE:1d10			SIZE:M	SOURCEPAGE:p.49								BONUS:WEAPON|DAMAGE,TOHIT|4|TYPE=Enhacement
Sword (Serpentine)			OUTPUTNAME:[NAME] Sword			PROFICIENCY:WEAPON|Sword (Long)		TYPE:Magic.Weapon.Martial.Melee.Slashing.Specific				COST:11815	WT:4						CRITMULT:x2			CRITRANGE:2			DAMAGE:1d8			SIZE:M	SOURCEPAGE:p.49								BONUS:WEAPON|DAMAGE,TOHIT|2|TYPE=Enhacement
Sword (Tuning)				OUTPUTNAME:[NAME] Sword			PROFICIENCY:WEAPON|Sword (Great)		TYPE:Magic.Weapon.Martial.Melee.Slashing.Specific				COST:67350	WT:15						CRITMULT:x2			CRITRANGE:2			DAMAGE:2d6			SIZE:L	SOURCEPAGE:p.49								BONUS:WEAPON|DAMAGE,TOHIT|2|TYPE=Enhacement
War Fork (Elemental)			OUTPUTNAME:[NAME] Fork			PROFICIENCY:WEAPON|War Fork			TYPE:Magic.Weapon.Martial.Melee.Slashing.Piercing.Specific			COST:88960	WT:15						CRITMULT:x2			CRITRANGE:2			DAMAGE:1d12			SIZE:L	SOURCEPAGE:p.41								BONUS:WEAPON|DAMAGE,TOHIT|3|TYPE=Enhancement	SPROP:Empowers any elemental spell and casts protection from elements 3 times per day
Warhammer (Sun)				OUTPUTNAME:Hammer of the [NAME]	PROFICIENCY:WEAPON|Warhamer			TYPE:Weapon.Martial.Melee.Standard.Bludgeoning.Metal				COST:141712	WT:8		PRECLASS:1,Paladin=1	CRITMULT:x3			CRITRANGE:1			DAMAGE:1d8			SIZE:M	SOURCEPAGE:p.42								BONUS:WEAPON|DAMAGE.TOHIT|4|TYPE=Enhancement

