# CVS $Revision: $ $Author: $ -- Thu Jan 20 15:11:32 2005 -- reformated by prettylst.pl v1.34 (build 455)
SOURCELONG:Iron Kingdoms Character Guide	SOURCESHORT:IKCG	SOURCEWEB:http://www.ironkingdoms.com
# Original Entry by: Glen Murie

#Forget stuff that can't be used
# Feat Name						Type						Visible	Special Ability																																																																																																																																																																																																																																																																														Define																																												Spells																														Description				Multiple?	Choose							Bonus to HP			Bonus to skill		Stat bonus								Modify VAR																																																													Source Page
Two Weapon Fighting Combat Style.FORGET
Archery Combat Style.FORGET

######Block: Human optional trait selection
## Would adding PRERACE:Human (<subrace>) to the statblocks fix the problem with stats piling on top of one another?
#							Type						Visible		Characteristic Mod
Khard Optional Characteristics		TYPE:KhardCharMod				VISIBLE:NO																																																																																																																																																																																																																																																																																																																																																																																				BONUS:STAT|STR|2	BONUS:STAT|INT|-2
No Khard Optional Characteristics		TYPE:KhardCharMod				VISIBLE:NO
Kossite Optional Characteristics		TYPE:KossiteCharMod			VISIBLE:NO																																																																																																																																																																																																																																																																																																																																																																																				BONUS:STAT|CON|2	BONUS:STAT|INT|-2	BONUS:STAT|CHA|-2
No Kossite Optional Characteristics	TYPE:KossiteCharMod			VISIBLE:NO
Ryn Optional Characteristics			TYPE:RynCharMod				VISIBLE:NO																																																																																																																																																																																																																																																																																																																																																																																				BONUS:STAT|CHA|2	BONUS:STAT|WIS|-2
No Ryn Optional Characteristics		TYPE:RynCharMod				VISIBLE:NO
Skirov Optional Characteristics		TYPE:SkirovCharMod			VISIBLE:NO																																																																																																																																																																																																																																																																																																																																																																																				BONUS:STAT|CON|2	BONUS:STAT|INT|-2
No Skirov Optional Characteristics		TYPE:SkirovCharMod			VISIBLE:NO
Umbrean Optional Characteristics		TYPE:UmbreanCharMod			VISIBLE:NO																																																																																																																																																																																																																																																																																																																																																																																				BONUS:STAT|STR|2	BONUS:STAT|CHA|-2
No Umbrean Optional Characteristics	TYPE:UmbreanCharMod			VISIBLE:NO
Morridane Optional Characteristics		TYPE:MorridaneCharMod			VISIBLE:NO																																																																																																																																																																																																																																																																																																																																																																																				BONUS:STAT|DEX|2	BONUS:STAT|CHA|-2
No Morridane Optional Characteristics	TYPE:MorridaneCharMod			VISIBLE:NO
Thurian Optional Characteristics		TYPE:ThurianCharMod			VISIBLE:NO																																																																																																																																																																																																																																																																																																																																																																																				BONUS:STAT|INT|2	BONUS:STAT|WIS|-2
No Thurian Optional Characteristics	TYPE:ThurianCharMod			VISIBLE:NO
Caspian Optional Characteristics		TYPE:CaspianCharMod			VISIBLE:NO																																																																																																																																																																																																																																																																																																																																																																																				BONUS:STAT|WIS|2	BONUS:STAT|CHA|2	BONUS:STAT|DEX|-2
No Caspian Optional Characteristics	TYPE:CaspianCharMod			VISIBLE:NO
Sulese Optional Characteristics		TYPE:SuleseCharMod			VISIBLE:NO																																																																																																																																																																																																																																																																																																																																																																																				BONUS:STAT|WIS|2	BONUS:STAT|CHA|2	BONUS:STAT|DEX|-2
No Sulese Optional Characteristics		TYPE:SuleseCharMod			VISIBLE:NO
Idrian Optional Characteristics		TYPE:IdrianCharMod			VISIBLE:NO																																																																																																																																																																																																																																																																																																																																																																																				BONUS:STAT|DEX|2	BONUS:STAT|INT|-2
No Idrian Optional Characteristics		TYPE:IdrianCharMod			VISIBLE:NO
Scharde Optional Characteristics		TYPE:SchardeCharMod			VISIBLE:NO																																																																																																																																																																																																																																																																																																																																																																																				BONUS:STAT|CON|2	BONUS:STAT|CHA|-2
No Scharde Optional Characteristics	TYPE:SchardeCharMod			VISIBLE:NO

#######Block: Select optional use of Jingoistic and Socially Isolated for various races
Jingoistic						TYPE:JingoisticOption			VISIBLE:NO	SA:Jingistic, see IKCG pg.31
Not Jingoistic					TYPE:JingoisticOption			VISIBLE:NO
Socially Isolated					TYPE:SocialIsolationOption		VISIBLE:NO	SA:Socially Isolated, see IKCG pg.31
Not Socially Isolated				TYPE:SocialIsolationOption		VISIBLE:NO

######Block: Ogrun bonus hit points; there MUST be a way of getting PCGEN to handle the random die roll!
## Would adding PRERACE:Ogrun to each of these fix the fact that the bonus HP's stick when race is changed?
1st Level Hit Point +1				TYPE:TYPE.OgrunBonusHP			VISIBLE:NO																																																																																																																																																																																																																																																																																																																																																																												BONUS:HP|CURRENTMAX|1
1st Level Hit Point +2				TYPE:TYPE.OgrunBonusHP			VISIBLE:NO																																																																																																																																																																																																																																																																																																																																																																												BONUS:HP|CURRENTMAX|2
1st Level Hit Point +3				TYPE:TYPE.OgrunBonusHP			VISIBLE:NO																																																																																																																																																																																																																																																																																																																																																																												BONUS:HP|CURRENTMAX|3
1st Level Hit Point +4				TYPE:TYPE.OgrunBonusHP			VISIBLE:NO																																																																																																																																																																																																																																																																																																																																																																												BONUS:HP|CURRENTMAX|4
1st Level Hit Point +5				TYPE:TYPE.OgrunBonusHP			VISIBLE:NO																																																																																																																																																																																																																																																																																																																																																																												BONUS:HP|CURRENTMAX|5
1st Level Hit Point +6				TYPE:TYPE.OgrunBonusHP			VISIBLE:NO																																																																																																																																																																																																																																																																																																																																																																												BONUS:HP|CURRENTMAX|6
1st Level Hit Point +7				TYPE:TYPE.OgrunBonusHP			VISIBLE:NO																																																																																																																																																																																																																																																																																																																																																																												BONUS:HP|CURRENTMAX|7
1st Level Hit Point +8				TYPE:TYPE.OgrunBonusHP			VISIBLE:NO																																																																																																																																																																																																																																																																																																																																																																												BONUS:HP|CURRENTMAX|8

######Block: Cleric abilities
Dhunia's Balm											VISIBLE:NO	SA:+1 bonus per die to all healing spells
Dhunia's Wrath											VISIBLE:NO	SA:+1 bonus per die to all inflict spells
Turn Gremlins					TYPE:Special.Turning.TurnGremlins	VISIBLE:NO	SA:Turn Gremlins (Su) %/day (turn level %) (turn damage %d%+%)|TurnTimesGremlins|TurnLevelGremlins|TurnDiceGremlins|TurnDieSizeGremlins|TurnDamagePlusGremlins																																																																																																																																																																																																																																																						DEFINE:TurnTimesGremlins|TurnTimesBase	DEFINE:TurnLevelGremlins|TurnLevelBase	DEFINE:TurnDiceGremlins|TurnDiceBase	DEFINE:TurnDieSizeGremlins|TurnDieSizeBase	DEFINE:TurnDamagePlusGremlins|TurnDamagePlusBase	DEFINE:TurnCheckGremlins|TurnCheckBase																																																																																																																														SOURCEPAGE:p.237
Halt Construct					TYPE:Special.Turning.HaltConstruct	VISIBLE:NO	SA:Halt Construct (Su), refer to p. 237 of IKCG

######Block: Bodger abilities
# Feat Name						Type						Visible	Special Ability																																																																																																																																																																																																																																																																														Define																																												Spells																														Description				Multiple?	Choose							Bonus to HP			Bonus to skill		Stat bonus								Modify VAR																																																													Source Page
Demolish						TYPE:Special				VISIBLE:NO	SA:Demolish +%d%|DemolishAttack|DemolishAttackDie																																																																																																																																																																																																																																																																								DEFINE:DemolishAttackDie|6	DEFINE:DemolishAttack|0																																																																				DESC:Class Special Ability																																																																																										SOURCEPAGE:IKCG.pg.99
Master Bodger					TYPE:Special.BodgerAbilities		VISIBLE:NO	SA:Master Bodger																																																																																																																																																																																																																																																																																																																																																										DESC:Class Special Ability																																																																																										SOURCEPAGE:IKCG.pg.99
Precise Timing					TYPE:Special.BodgerAbilities		VISIBLE:NO	SA:Precise Timing																																																																																																																																																																																																																																																																																																																																																										DESC:Class Special Ability																																																																																										SOURCEPAGE:IKCG.pg.100
Wrench Tosser					TYPE:Special.BodgerAbilities		VISIBLE:NO	SA:Extra use of Toss a wrench at it																																																																																																																																																																																																																																																																																																																																																							DESC:Class Special Ability																																																																																										SOURCEPAGE:IKCG.pg.100

######Block: Fell Caller abilities
# Feat Name						Type						Visible	Special Ability																																																																																																																																																																																																																																																																														Define																																												Spells																														Description				Multiple?	Choose							Bonus to HP			Bonus to skill		Stat bonus								Modify VAR																																																													Source Page
Fell Calls						TYPE:Special				VISIBLE:NO	SA:Fell Calls %/day|FellCallTimes	SA:Countersong (Su)|PRESKILL:1,Perform (Sing)=3|PREVARGTEQ:FellCallLevel,1	SA:Fascinate (Sp) - can effect % creature|FellFascinate|PRESKILL:1,Perform (Sing)=3|PREVARGTEQ:FellCallLevel,1	SA:Inspire Courage (Su) +%|InspireCourage	SA:Inspire Competence (Su)|PRESKILL:1,Perform (Sing)=6|PREVARGTEQ:FellCallLevel,3	SA:Suggestion (Sp)|PRESKILL:1,Perform (Sing)=9|PREVARGTEQ:FellCallLevel,6	SA:Inspire Greatness (Su) - can affect % people|InspireGreat	SA:Song of Freedom (Su)|PRESKILL:1,Perform (Sing)=15|PREVARGTEQ:FellCallLevel,12	SA:Inspire Heroics (Su) - can affect % people|InspireHeroics|PREVARGTEQ:FellCallLevel,15	SA:Mass Suggestion (Sp)|PRESKILL:1,Perform (Sing)=21|PREVARGTEQ:FellCallLevel,18	SA:Fell Call|PRESKILL:1,Perform (Sing)=3|PRESKILL:1,Intimidate=1|PREVARGTEQ:FellCallLevel,1	SA:Signal Call|PRESKILL:1,Perform (Sing)=3|PREVARGTEQ:FellCallLevel,1	SA:Stay Death|PRESKILL:1,Perform (Sing)=4|PREVARGTEQ:FellCallLevel,1	SA:Stunning Blast|PRESKILL:1,Perform (Sing)=6|PREVARGTEQ:FellCallLevel,1	SA:Fell Howl|PRESKILL:1,Perform (Sing)=8|PRESKILL:1,Intimidate=8|PREVARGTEQ:FellCallLevel,1	SA:Sonic Blast|PRESKILL:1,Perform (Sing)=8|PRESKILL:1,Intimidate=5|PREVARGTEQ:FellCallLevel,7	SA:Confusion Call|PRESKILL:1,Perform (Sing)=9|PREVARGTEQ:FellCallLevel,7	SA:Chorus Call|PREVARGTEQ:FellCallLevel,9	SA:Dooms Quaking Call|PRESKILL:1,Perform (Sing)=12|PREVARGTEQ:FellCallLevel,10	SA:Greater Fell Call|PRESKILL:1,Perform (Sing)=15|PRESKILL:1,Intimidate=12|PREVARGTEQ:FellCallLevel,12	SA:Greater Chorus Call|PREVARGTEQ:FellCallLevel,15	DEFINE:FellCallTimes|0	DEFINE:FellFascinate|0	DEFINE:InspireCourage|0	DEFINE:InspireGreat|0	DEFINE:InspireHeroics|0																										SPELLS:Innate|TIMES=-1|Mass Suggestion|PRESKILL:1,Perform (Sing)=21|PREVARGTEQ:FellCallLevel,18	SPELLS:Innate|TIMES=-1|Suggestion|PRESKILL:1,Perform (Sing)=9|PREVARGTEQ:FellCallLevel,6																																	BONUS:VAR|FellFascinate|(FellCallLevel+2)/3	BONUS:VAR|InspireCourage|((FellCallLevel+4)/6.TRUNC)MAX1|PRESKILL:1,Perform (Sing)=3|PREVARGTEQ:FellCallLevel,1	BONUS:VAR|InspireGreat|(FellCallLevel-6)/3|PRESKILL:1,Perform (Sing)=12|PREVARGTEQ:FellCallLevel,9	BONUS:VAR|InspireHeroics|(FellCallLevel-12)/3|PRESKILL:1,Perform (Sing)=18|PREVARGTEQ:FellCallLevel,15

######Block: New turning abilities for Clerics of the Devourer and Cyriss, and eliminating unusable turns
Rebuke Beast					TYPE:Special.Turning.RebukeBeast	VISIBLE:NO	SA:Rebuke Beast (Su) %/day (turn level %) (turn damage %d%+%)|TurnTimesBeast|TurnLevelBeast|TurnDiceBeast|TurnDieSizeBeast|TurnDamagePlusBeast																																																																																																																																																																																																																																																									DEFINE:TurnTimesBeast|TurnTimesBase	DEFINE:TurnLevelBeast|TurnLevelBase	DEFINE:TurnDiceBeast|TurnDiceBase	DEFINE:TurnDieSizeBeast|TurnDieSizeBase	DEFINE:TurnDamagePlusBeast|TurnDamagePlusBase	DEFINE:TurnCheckBeast|TurnCheckBase																																																																																																																																				SOURCEPAGE:

#######Block: Pistoleer Abilities
Vital Shot						TYPE:Special				VISIBLE:NO	SA:Vital Shot +%d%|VitalShot|VitalShotDie																																																																																																																																																																																																																																																																										DEFINE:VitalShotDie|6	DEFINE:VitalShot|0																																																																					DESC:Class Special Ability																																																																																										SOURCEPAGE:pg.127

#######Block: Rifleman Abilities
Sniping Shot					TYPE:Special				VISIBLE:NO	SA:Sniping Shot (x% critical)|SnipingShot																																																																																																																																																																																																																																																																										DEFINE:SnipingShot|0																																																																									DESC:Class Special Ability																																																																																										SOURCEPAGE:pg.131

#######Block: Second Story Man Abilities									Special Ability					Skill Bonus
Always Prepared					TYPE:Special.SsmAbilities		VISIBLE:NO	SA:Always Prepared, see IKCG pg. 136
Expert Climber					TYPE:Special.SsmAbilities		VISIBLE:NO	SA:Expert Climber, see IKCG pg.136																																																																																																																																																																																																																																																																																																																																																																										BONUS:SKILL|Climb|10
Sure Footed						TYPE:Special.SsmAbilities		VISIBLE:NO	SA:Sure Footed, see IKCG pg.136																																																																																																																																																																																																																																																																																																																																																																										BONUS:SKILL|Balance|10

#######Block: Warcaster Abilities		Visible?		Type			Multiples	Choose
Warcaster Weapon Bonus				TYPE:Special				VISIBLE:NO																																																																																																																																																																																																																																																																																																																																																																		MULT:NO	CHOOSE:WEAPONPROF|2|TYPE.Simple,TYPE.Martial
#Warcaster Weapon Bonus				TYPE:Special				VISIBLE:NO																																																																																																																																																																																																																																																																																																																																																																		MULT:NO		WEAPONBONUS:TYPE.Simple|TYPE.Martial


######Block: Ranger "Scout" abilities.

###Block: Favored Enemies, need to modify the existant list in rsrd_feats_hidden.lst to refect IK monster categories.

###Block: Favored Terrains
# Feat Name					Type					Visible		Required Feat					Var. Min. Value				Special Ability							Define																																										Stackable?	Multiple?	Choose				Modify VAR		Source Page
Basic Favored Terrain			TYPE:Special			VISIBLE:NO																								DEFINE:FavoredTerrainBase|2	DEFINE:FavoredTerrainChoices|FavoredTerrains-COUNT[FEATTYPE=FavoredTerrain.ALL]	DEFINE:FavoredTBonusChoices|FavoredTBonuses-COUNT[FEATTYPE=FavoredTerrainBonus.ALL]	DEFINE:FavoredTerrains|0	DEFINE:FavoredTBonuses|0
Favored Terrain (Arctic)		TYPE:FavoredTerrain		VISIBLE:DISPLAY								PREVARGTEQ:FavoredTerrainChoices,1	SA:Favored Terrain (Arctic) +%|FavoredArctic		DEFINE:FavoredArctic|FavoredTerrainBase																																							MULT:NO									SOURCEPAGE:p.84
Favored Terrain (Desert)		TYPE:FavoredTerrain		VISIBLE:DISPLAY								PREVARGTEQ:FavoredTerrainChoices,1	SA:Favored Terrain (Desert) +%|FavoredDesert		DEFINE:FavoredDesert|FavoredTerrainBase																																							MULT:NO									SOURCEPAGE:p.84
Favored Terrain (Forest)		TYPE:FavoredTerrain		VISIBLE:DISPLAY								PREVARGTEQ:FavoredTerrainChoices,1	SA:Favored Terrain (Forest) +%|FavoredForest		DEFINE:FavoredForest|FavoredTerrainBase																																							MULT:NO									SOURCEPAGE:p.84
Favored Terrain (Hills)			TYPE:FavoredTerrain		VISIBLE:DISPLAY								PREVARGTEQ:FavoredTerrainChoices,1	SA:Favored Terrain (Dragon) +%|FavoredHills		DEFINE:FavoredHills|FavoredTerrainBase																																							MULT:NO									SOURCEPAGE:p.84
Favored Terrain (Jungle)		TYPE:FavoredTerrain		VISIBLE:DISPLAY								PREVARGTEQ:FavoredTerrainChoices,1	SA:Favored Terrain (Dragon) +%|FavoredJungle		DEFINE:FavoredJungle|FavoredTerrainBase																																							MULT:NO									SOURCEPAGE:p.84
Favored Terrain (Mountains)		TYPE:FavoredTerrain		VISIBLE:DISPLAY								PREVARGTEQ:FavoredTerrainChoices,1	SA:Favored Terrain (Mountains) +%|FavoredMountains	DEFINE:FavoredMountains|FavoredTerrainBase																																						MULT:NO									SOURCEPAGE:p.84
Favored Terrain (Plains)		TYPE:FavoredTerrain		VISIBLE:DISPLAY								PREVARGTEQ:FavoredTerrainChoices,1	SA:Favored Terrain (Plains) +%|FavoredPlains		DEFINE:FavoredPlains|FavoredTerrainBase																																							MULT:NO									SOURCEPAGE:p.84
Favored Terrain (Scrub)			TYPE:FavoredTerrain		VISIBLE:DISPLAY								PREVARGTEQ:FavoredTerrainChoices,1	SA:Favored Terrain (Scrub) +%|FavoredScrub		DEFINE:FavoredScrub|FavoredTerrainBase																																							MULT:NO									SOURCEPAGE:p.84
Favored Terrain (Swamp)			TYPE:FavoredTerrain		VISIBLE:DISPLAY								PREVARGTEQ:FavoredTerrainChoices,1	SA:Favored Terrain (Swamp) +%|FavoredSwamp		DEFINE:FavoredSwamp|FavoredTerrainBase																																							MULT:NO									SOURCEPAGE:p.84

#Favored TerrainBonuses
# Feat Name					Type					Visible		Required Feat					Var. Min. Value				Special Ability							Define																																										Stackable?	Multiple?	Choose				Modify VAR		Source Page
Favored Terrain Bonus__Aberration	TYPE:FavoredTerrainBonus	VISIBLE:DISPLAY	PREABILITY:1,CATEGORY=FEAT,Favored Terrain (Aberration)	PREVARGTEQ:FavoredTBonusChoices,1																																																					STACK:YES	MULT:YES	CHOOSE:FavoredAberration	BONUS:VAR|LIST|2	SOURCEPAGE:p.84
Favored Terrain Bonus__Arctic		TYPE:FavoredTerrainBonus	VISIBLE:DISPLAY	PREABILITY:1,CATEGORY=FEAT,Favored Terrain (Arctic)		PREVARGTEQ:FavoredTBonusChoices,1																																																					STACK:YES	MULT:YES	CHOOSE:FavoredArctic		BONUS:VAR|LIST|2	SOURCEPAGE:p.84
Favored Terrain Bonus__Desert		TYPE:FavoredTerrainBonus	VISIBLE:DISPLAY	PREABILITY:1,CATEGORY=FEAT,Favored Terrain (Desert)		PREVARGTEQ:FavoredTBonusChoices,1																																																					STACK:YES	MULT:YES	CHOOSE:FavoredDesert		BONUS:VAR|LIST|2	SOURCEPAGE:p.84
Favored Terrain Bonus__Forest		TYPE:FavoredTerrainBonus	VISIBLE:DISPLAY	PREABILITY:1,CATEGORY=FEAT,Favored Terrain (Forest)		PREVARGTEQ:FavoredTBonusChoices,1																																																					STACK:YES	MULT:YES	CHOOSE:FavoredForest		BONUS:VAR|LIST|2	SOURCEPAGE:p.84
Favored Terrain Bonus__Hills		TYPE:FavoredTerrainBonus	VISIBLE:DISPLAY	PREABILITY:1,CATEGORY=FEAT,Favored Terrain (Hills)		PREVARGTEQ:FavoredTBonusChoices,1																																																					STACK:YES	MULT:YES	CHOOSE:FavoredHills		BONUS:VAR|LIST|2	SOURCEPAGE:p.84
Favored Terrain Bonus__Jungle		TYPE:FavoredTerrainBonus	VISIBLE:DISPLAY	PREABILITY:1,CATEGORY=FEAT,Favored Terrain (Jungle)		PREVARGTEQ:FavoredTBonusChoices,1																																																					STACK:YES	MULT:YES	CHOOSE:FavoredJungle		BONUS:VAR|LIST|2	SOURCEPAGE:p.84
Favored Terrain Bonus__Mountains	TYPE:FavoredTerrainBonus	VISIBLE:DISPLAY	PREABILITY:1,CATEGORY=FEAT,Favored Terrain (Mountains)	PREVARGTEQ:FavoredTBonusChoices,1																																																					STACK:YES	MULT:YES	CHOOSE:FavoredMountains		BONUS:VAR|LIST|2	SOURCEPAGE:p.84
Favored Terrain Bonus__Plains		TYPE:FavoredTerrainBonus	VISIBLE:DISPLAY	PREABILITY:1,CATEGORY=FEAT,Favored Terrain (Plains)		PREVARGTEQ:FavoredTBonusChoices,1																																																					STACK:YES	MULT:YES	CHOOSE:FavoredPlains		BONUS:VAR|LIST|2	SOURCEPAGE:p.84
Favored Terrain Bonus__Scrub		TYPE:FavoredTerrainBonus	VISIBLE:DISPLAY	PREABILITY:1,CATEGORY=FEAT,Favored Terrain (Scrub)		PREVARGTEQ:FavoredTBonusChoices,1																																																					STACK:YES	MULT:YES	CHOOSE:FavoredScrub		BONUS:VAR|LIST|2	SOURCEPAGE:p.84
Favored Terrain Bonus__Swamp		TYPE:FavoredTerrainBonus	VISIBLE:DISPLAY	PREABILITY:1,CATEGORY=FEAT,Favored Terrain (Swamp)		PREVARGTEQ:FavoredTBonusChoices,1																																																					STACK:YES	MULT:YES	CHOOSE:FavoredSwamp		BONUS:VAR|LIST|2	SOURCEPAGE:p.84

## Greylord weapon profs --Rax
GreylordFirearm				TYPE:Special	VISIBLE:NO	MULT:NO	CHOOSE:SmallArm
GreylordMartial				TYPE:Special	VISIBLE:NO	MULT:NO	CHOOSE:Martial

