# CVS $Revision: $ $Author: $ -- Wed Jan 19 21:04:03 2005 -- reformated by prettylst.pl v1.33 (build 421)
#Created by Glen Murie
SOURCELONG:Iron Kingdoms Character Guide	SOURCESHORT:IKCG	SOURCEWEB:http://www.ironkingdoms.com
#Original Entry by: Glen Murie

#Replacing the SRD ranger with entirely new version called a 'scout' in the IK setting.

# Class Name
CLASS:Ranger.FORGET

# Class Name
CLASS:Bard.FORGET

# Class Name
CLASS:Monk.FORGET

###################

#Changes made for IK Game setting. Cannot take firearm or mechanica skills or prof until 2nd level.
#All "advanced craft skills" (Direct quote from book) are cross class, so I've created them as their
#own skill category rather than subclassed under Craft. I still need to ban TYPE.AdvancedCraft skills
#and mechanika feats at 1st level, and then allow them at 2nd level. For now players can break the
#rules by taking those skills and feats at first level.
#I need to add the following logic:
# If 1st character level AND 1st Barbarian level then prohibit Advanced Craft skills and the feat "Exotic Weapon Proficiency (Small Arms)" among others
# If 2nd level Barbarian then clear the prohibition from 1st level.

# Class Name		Prohibited Race
CLASS:Barbarian.MOD	!PRERACE:Elf (Iosan)

###################

# Class Name
CLASS:Cleric.MOD
1	ADD:.CLEAR


#######################

#  I'll add a formula for the extended lifespan ability at some later date.

# Class Name	Clear Prereq.	Required AL		Prohibited Race
CLASS:Druid.MOD	PRE:.CLEAR		PREALIGN:3,4,5,7	!PRERACE:Dwarf (IK)
# Class Name	Class Skill
CLASS:Druid.MOD	CSKILL:Intimidate
#Changed Weapon Profs and additional special abilities
1	SA:Extended Lifespan	SA:Superstitious Dread	AUTO:WEAPONPROF|Greatclub|Handaxe|Shortbow|TYPE=Spear	AUTO:WEAPONPROF:.CLEAR|Dart|Scimitar|Shortspear	FEATAUTO:.CLEAR.Shield Proficiency|Armor Proficiency (Medium)

# Class Name
CLASS:Ex Druid.MOD
1	AUTO:WEAPONPROF|Greatclub|Handaxe|Shortbow|TYPE=Spear	AUTO:WEAPONPROF:.CLEAR|Dart|Scimitar|Shortspear	FEATAUTO:.CLEAR.Shield Proficiency|Armor Proficiency (Medium)

#######################

#Class Name	Skill Pts/Lvl	Class Skill

# Class Name	Class Skill
CLASS:Fighter.MOD	CSKILL:Craft (Cannoneer)|Craft (Demolitions)|Craft (Small Arms)
1	SA:Military benefit on armor purchase

#########################

# Class Name	Hit Dice	Type			Abbreviation	Subclass?		Source Page		Automatic Languages	Define			Save checks bonus									Combat bonus
CLASS:Monk (IK)	HD:8		TYPE:Base.PC	ABB:Mnk		HASSUBCLASS:YES	SOURCEPAGE:p.83	LANGAUTO:Literacy		DEFINE:FlurryOfBlows|1	BONUS:SAVE|BASE.Fortitude,BASE.Reflex,BASE.Willpower|CL/2+2	BONUS:COMBAT|BASEAB|CL*3/4|TYPE=Base.REPLACE
# Class Name	Required AL
CLASS:Monk (IK)	PREALIGN:0,1,2
# Class Name	Skill Pts/Lvl
CLASS:Monk (IK)	STARTSKILLPTS:4
###Block: Monk AC
1	BONUS:VAR|MonkACLvl|CL=Monk (IK)	FEATAUTO:Monk AC
1	BONUS:VAR|MonkMoveLvl|CL=Monk (IK)	FEATAUTO:Monk Movement
###Block:Subclasses
SUBCLASS:Order of Keeping	PREALIGN:0,1
SUBCLASSLEVEL:1																																													AUTO:WEAPONPROF|Crossbow (Light)|Crossbow (Heavy)|Dagger|Halberd|Katrena's Hook|Mace (Light)|Longsword|Quarterstaff|Sword (Short)|Unarmed Strike
SUBCLASSLEVEL:1															CSKILL:Balance|Concentration|TYPE.Craft|Diplomacy|Heal|Jump|Knowledge (History)|Knowledge (Religion)|Listen|Move Silently|TYPE.Profession|Ride|Search|Sense Motive|Spot|Swim|Tumble
SUBCLASSLEVEL:1	SA:Flurry of Blows works with Katrena's Hook, Light Mace, and Short Sword (Ex)
SUBCLASS:Order of the Fist				PRERACE:Human
SUBCLASSLEVEL:1																																													AUTO:WEAPONPROF|Chain (Light)|Club|Dagger|Handaxe|Menoth's Sting|Quarterstaff|Sickle|Unarmed Strike
SUBCLASSLEVEL:1															CSKILL:Balance|Concentration|TYPE.Craft|Hide|Intimidate|Jump|Knowledge (Religion)|Listen|Move Silently|TYPE.Profession|Ride|Search|Sense Motive|Spot|Swim|Tumble
SUBCLASSLEVEL:1	SA:Flurry of Blows works with club, light chain, or sickle. (Ex)
###Block: Level progression
1	UDAM:1d1,1d2,1d3,1d4,1d6,1d8,2d6,3d6,4d6		UMULT:2																													DEFINE:MonkLvl|CL=Monk (IK)					ADD:VFEAT(Improved Grapple,Stunning Fist)1					FEATAUTO:Improved Unarmed Strike
2	UDAM:1d1,1d2,1d3,1d4,1d6,1d8,2d6,3d6,4d6																																									ADD:VFEAT(Combat Reflexes,Deflect Arrows)1					FEATAUTO:Evasion
3	UDAM:1d1,1d2,1d3,1d4,1d6,1d8,2d6,3d6,4d6												SA:Still Mind (Ex)
4	UDAM:1d2,1d3,1d4,1d6,1d8,2d6,3d6,4d6,6d6												SA:Ki Strike (Magic)	SA:Slow Fall (%)|SlowFall				BONUS:VAR|SlowFall|((CL=Monk (IK))/2).TRUNC*10	DEFINE:SlowFall|0
5	UDAM:1d2,1d3,1d4,1d6,1d8,2d6,3d6,4d6,6d6												SA:Purity of Body (Ex)
6	UDAM:1d2,1d3,1d4,1d6,1d8,2d6,3d6,4d6,6d6																																									ADD:VFEAT(Improved Disarm,Improved Trip)1
7	UDAM:1d2,1d3,1d4,1d6,1d8,2d6,3d6,4d6,6d6												SA:Wholeness of Body (Su) % hp/day|WholenessBody				BONUS:VAR|WholenessBody|CL=Monk (IK)*2		DEFINE:WholenessBody|0
8	UDAM:1d3,1d4,1d6,1d8,1d10,2d8,3d8,4d8,6d8
9	UDAM:1d3,1d4,1d6,1d8,1d10,2d8,3d8,4d8,6d8																																																					FEATAUTO:Improved Evasion
10	UDAM:1d3,1d4,1d6,1d8,1d10,2d8,3d8,4d8,6d8								SA:.CLEAR.Ki Strike	SA:Ki Strike (Magic and Lawful)
11	UDAM:1d3,1d4,1d6,1d8,1d10,2d8,3d8,4d8,6d8												SA:Diamond Body (Su)
12	UDAM:1d4,1d6,1d8,1d10,2d6,3d6,4d6,6d6,8d6												SA:Abundant Step (Su)
13	UDAM:1d4,1d6,1d8,1d10,2d6,3d6,4d6,6d6,8d6				SR:10+CL=Monk (IK)					SA:Diamond Soul (Ex)
14	UDAM:1d4,1d6,1d8,1d10,2d6,3d6,4d6,6d6,8d6
15	UDAM:1d4,1d6,1d8,1d10,2d6,3d6,4d6,6d6,8d6												SA:Quivering Palm (Su) %/week (DC %)|QuiveringPalm|QuiveringPalmDC	BONUS:VAR|QuiveringPalmDC|CL=Monk (IK)/2+WIS	DEFINE:QuiveringPalm|1	DEFINE:QuiveringPalmDC|10
16	UDAM:1d6,1d8,1d10,2d6,2d8,3d8,4d8,6d8,8d8								SA:.CLEAR.Ki Strike	SA:Ki Strike (Magic and Lawful and Adamantine)
17	UDAM:1d6,1d8,1d10,2d6,2d8,3d8,4d8,6d8,8d8												SA:Timeless Body (Ex)	SA:Tongue of the Sun and Moon
18	UDAM:1d6,1d8,1d10,2d6,2d8,3d8,4d8,6d8,8d8
19	UDAM:1d6,1d8,1d10,2d6,2d8,3d8,4d8,6d8,8d8												SA:Empty Body (Su) % rounds/day|EmptyBody						BONUS:VAR|EmptyBody|CL=Monk (IK)			DEFINE:EmptyBody|0
20	UDAM:1d8,1d10,2d6,2d8,2d10,4d8,6d8,8d8,12d8							SA:.CLEAR.Slow Fall	SA:Perfect Self (Su)	SA:Slow Fall (Any Distance)																													TEMPLATE:Monk Outsider



######################

#Dwarves are banned from being this type of Paladin.

# Class Name	Prohibited Race
CLASS:Paladin.MOD	!PRERACE:Dwarf
# Class Name	Class Skill
CLASS:Paladin.MOD	CSKILL:Craft (Cannoneer)|Craft (Demolitions)|Craft (Small Arms)|Spot

#####################

# Class Name		Class Skill
CLASS:Ex Paladin.MOD	CSKILL:Craft (Cannoneer)|Craft (Demolitions)|Craft (Small Arms)|Spot
####################

# Class Name	Class Skill
CLASS:Rogue.MOD	CSKILL:Craft (Small Arms)

####################

# Class Name		Prohibited Race
CLASS:Sorcerer.MOD	!PRERACE:Ogrun
# Class Name		Class Skill
CLASS:Sorcerer.MOD	CSKILL:Diplomacy|Hide

#######################

# Class Name	Prohibited Race
CLASS:Wizard.MOD	!PRERACE:Ogrun
# Class Name	Class Skill
CLASS:Wizard.MOD	CSKILL:Craft (Mechanika)|Creature Lore


#####################
#### New Classes ####
#####################

# Class Name		Hit Dice	Type			Abbreviation	Source Page			Automatic Languages	Define		Save checks bonus												Combat bonus					Modify VAR
CLASS:Arcane Mechanik	HD:6		TYPE:Base.PC	ABB:Amk		SOURCEPAGE:IKCG.pg.90	LANGAUTO:Literacy		DEFINE:FMLevel|0	BONUS:SAVE|BASE.Willpower|CL/2+2	BONUS:SAVE|BASE.Fortitude,BASE.Reflex|CL/3	BONUS:COMBAT|BASEAB|CL/2|TYPE=Base.REPLACE	BONUS:VAR|FMLevel|CL
# Class Name		Skill Pts/Lvl	Class Skill
CLASS:Arcane Mechanik	STARTSKILLPTS:6	CSKILL:Appraise|Craft (Clockwork)|Craft (Mechanika)|Craft (Small Arms)|Craft (Steam Engine)|Climb|Concentration|TYPE.Craft|Disable Device|Jack Handling|Knowledge (Arcana)|Knowledge (Mechanika)|Profession (Mechanik)|Search|Spellcraft|Use Rope
# Class Name		Spell Stat		Spell Type		Automaticaly Known Spell Levels	Spellbook		Caster level					Use Spell List
CLASS:Arcane Mechanik	SPELLSTAT:INT	SPELLTYPE:Arcane	KNOWNSPELLS:LEVEL=0			SPELLBOOK:YES	BONUS:CASTERLEVEL|Arcane Mechanik|CL	SPELLLIST:2|Wizard|Arcane Mechanik
# Proficiencies
1	AUTO:WEAPONPROF|Club|Dagger|Crossbow (Heavy)|Crossbow (Light)|Hammer (Light)|Handaxe|Mace (Heavy)|Pick (Heavy)|Shortspear|Sword (Short)|Quarterstaff|Warhammer	FEATAUTO:Armor Proficiency (Light)|Armor Proficiency (Medium)|Shield Proficiency
###Block: Normal Progression
1	CAST:2,			SA:Summon Familiar														FEATAUTO:Scribe Scroll|All Automatic Proficiencies
2	CAST:3,0			SA:Mechanika Familiarity
3	CAST:3,1																				FEATAUTO:Craft Wondrous Item
4	CAST:3,2,0			SA:Charge Accumulator
5	CAST:3,3,1
6	CAST:3,3,2			SA:Create Mechanikal Familiar
7	CAST:3,3,2,0
8	CAST:3,3,3,1								ADD:FEAT(TYPE=ItemCreation,TYPE=Metamagic,TYPE=ArcaneMechanik)
9	CAST:3,3,3,2
10	CAST:3,3,3,2,0
11	CAST:3,3,3,3,1
12	CAST:3,3,3,3,2								ADD:FEAT(TYPE=ItemCreation,TYPE=Metamagic,TYPE=ArcaneMechanik)
13	CAST:3,3,3,3,2,0
14	CAST:4,3,3,3,3,1
15	CAST:4,4,3,3,3,2
16	CAST:4,4,4,3,3,2,0	SA:Mechanikal Innovation
17	CAST:4,4,4,4,3,3,1
18	CAST:4,4,4,4,4,3,2
19	CAST:4,4,4,4,4,4,3
20	CAST:4,4,4,4,4,4,4	SA:Second Mechanikal Innovation

############################

# Class Name		Hit Dice	Type			Abbreviation	Source Page			Automatic Languages	Save checks bonus												Combat bonus
CLASS:Bard (War-Bard)	HD:6		TYPE:Base.PC	ABB:Brd		SOURCEPAGE:ClassesI.rtf	LANGAUTO:Literacy		BONUS:SAVE|BASE.Fortitude|CL/3	BONUS:SAVE|BASE.Reflex,BASE.Willpower|CL/2+2	BONUS:COMBAT|BASEAB|CL*3/4|TYPE=Base.REPLACE
# Class Name		Required AL
CLASS:Bard (War-Bard)	PREALIGN:0,1,2,3,4,5,6
# Class Name		Skill Pts/Lvl	Class Skill
CLASS:Bard (War-Bard)	STARTSKILLPTS:6	CSKILL:Craft (Small Arms)|Craft (Steam Engines)|Bluff|Climb|Concentration|TYPE.Craft|Creature Lore|Decipher Script|Diplomacy|Gather Information|Handle Animal|Jump|TYPE.Knowledge|Listen|TYPE.Perform|TYPE.Profession|Ride|Search|Sense Motive|Speak Language|Spellcraft|Spot|Use Magic Device
# Class Name		Spell Stat		Spell Type		Memorize	Caster level					Use Spell List
CLASS:Bard (War-Bard)	SPELLSTAT:CHA	SPELLTYPE:Arcane	MEMORIZE:NO	BONUS:CASTERLEVEL|Bard (War-Bard)|CL	SPELLLIST:1|Bard
###Block: Proficiencies
1						FEATAUTO:Armor Proficiency (Light)|Shield Proficiency|All Automatic Proficiencies
1	AUTO:WEAPONPROF|TYPE.Martial	FEATAUTO:Simple Weapon Proficiency|Martial Weapon Proficiency
###Block: Bardic abilities level definitions.
1	BONUS:VAR|BardicKnowledgeLevel|CL=Bard (War-Bard)	BONUS:VAR|BardicKnowledge|BardicKnowledgeLevel	DEFINE:BardicKnowledgeLevel|0	FEATAUTO:Bardic Knowledge
1	BONUS:VAR|BardicMusicLevel|CL=Bard (War-Bard)	BONUS:VAR|BardicMusicTimes|BardicMusicLevel		DEFINE:BardicMusicLevel|0	FEATAUTO:Bardic Music
###Block: Level progression
1	CAST:2			KNOWN:4			SA:May wear light armor without incurring the normal arcane spell failure chance.
2	CAST:3,0			KNOWN:5,2
3	CAST:3,1			KNOWN:6,3
4	CAST:3,2,0			KNOWN:6,3,2
5	CAST:3,3,1			KNOWN:6,4,3
6	CAST:3,3,2			KNOWN:6,4,3
7	CAST:3,3,2,0		KNOWN:6,4,4,2
8	CAST:3,3,3,1		KNOWN:6,4,4,3
9	CAST:3,3,3,2		KNOWN:6,4,4,3
10	CAST:3,3,3,2,0		KNOWN:6,4,4,4,2
11	CAST:3,3,3,3,1		KNOWN:6,4,4,4,3
12	CAST:3,3,3,3,2		KNOWN:6,4,4,4,3
13	CAST:3,3,3,3,2,0		KNOWN:6,4,4,4,4,2
14	CAST:4,3,3,3,3,1		KNOWN:6,4,4,4,4,3
15	CAST:4,4,3,3,3,2		KNOWN:6,4,4,4,4,3
16	CAST:4,4,4,3,3,2,0	KNOWN:6,5,4,4,4,4,2
17	CAST:4,4,4,4,3,3,1	KNOWN:6,5,5,4,4,4,3
18	CAST:4,4,4,4,4,3,2	KNOWN:6,5,5,5,4,4,3
19	CAST:4,4,4,4,4,4,3	KNOWN:6,5,5,5,5,4,4
20	CAST:4,4,4,4,4,4,4	KNOWN:6,5,5,5,5,5,4

########################################3

# Class Name	Hit Dice	Type			Abbreviation	Source Page			Automatic Languages	Save checks bonus												Combat bonus
CLASS:Bodger	HD:8		TYPE:Base.PC	ABB:Bdg		SOURCEPAGE:IKCG.pg.96	LANGAUTO:Literacy		BONUS:SAVE|BASE.Reflex,BASE.Fortitude|CL/2+2	BONUS:SAVE|BASE.Willpower|CL/3	BONUS:COMBAT|BASEAB|CL*3/4|TYPE=Base.REPLACE
# Class Name	Skill Pts/Lvl	Class Skill
CLASS:Bodger	STARTSKILLPTS:6	CSKILL:Craft (Clockwork)|Craft (Mechanika)|Craft (Small Arms)|Craft (Steam Engine)|Appraise,Climb|TYPE.Craft|Disable Device|Jump,Knowledge (Local)|Knowledge (Mechanika)|Open Lock|Profession (Mechanik)|Search|Spot|Use Rope
1	FEATAUTO:Armor Proficiency (Light)	FEATAUTO:Simple Weapon Proficiency|All Automatic Proficiencies
###Block:Demolish
1	BONUS:VAR|DemolishAttack|(CL=Bodger+3)/3	FEATAUTO:Demolish
###Block:Normal Progression
1	SA:Bodging	SA:Jackwrench
2	SA:Tinkering (2nd level)					ADD:FEAT(Evasion)
5	SA:Tinkering (5th level)	SA:Give it a good kick
8	SA:Toss a hammer at it
10	SA:Tinkering (10th level)
11										ADD:FEAT(TYPE=BodgerAbilities,TYPE=General,TYPE=Metamagic,TYPE=ItemCreation,Improved Evasion,Skill Mastery)
14										ADD:FEAT(TYPE=BodgerAbilities,TYPE=General,TYPE=Metamagic,TYPE=ItemCreation,Improved Evasion,Skill Mastery)
17										ADD:FEAT(TYPE=BodgerAbilities,TYPE=General,TYPE=Metamagic,TYPE=ItemCreation,Improved Evasion,Skill Mastery)
20										ADD:FEAT(TYPE=BodgerAbilities,TYPE=General,TYPE=Metamagic,TYPE=ItemCreation,Improved Evasion,Skill Mastery)

################################

#To multiclass and get a level of fell caller after 1st level requires having a feat called "Bragg's Gift". This restriction is not yet implemented.

# Class Name	Hit Dice	Type			Abbreviation	Source Page			Automatic Languages	Save checks bonus												Combat bonus
CLASS:Fell Caller	HD:8		TYPE:Base.PC	ABB:FlClr		SOURCEPAGE:IKCG.pg.102	LANGAUTO:Literacy		BONUS:SAVE|BASE.Fortitude|CL/2+2	BONUS:SAVE|BASE.Reflex,BASE.Willpower|CL/3	BONUS:COMBAT|BASEAB|CL*3/4|TYPE=Base.REPLACE
# Class Name	Required AL			Required Race
CLASS:Fell Caller	PREALIGN:3,4,5,6,7,8	PRERACE:Trollkin
# Class Name	Skill Pts/Lvl	Class Skill
CLASS:Fell Caller	STARTSKILLPTS:4	CSKILL:Climb|Concentration|TYPE.Craft|Intimidate|Jump|TYPE.Knowledge|Listen|TYPE.Perform|Ride|Spot|Survival|Swim
###Block: Proficiencies
1	AUTO:WEAPONPROF|TYPE.Martial	FEATAUTO:Simple Weapon Proficiency|Martial Weapon Proficiency|All Automatic Proficiencies
1						FEATAUTO:Armor Proficiency (Light)|Armor Proficiency (Medium)
1						FEATAUTO:Shield Proficiency
###Block: Fell Caller abilities level definitions.
1	BONUS:VAR|FellCallLevel|CL=Fell Caller	BONUS:VAR|FellCallTimes|FellCallLevel*2	DEFINE:FellCallLevel|0	FEATAUTO:Fell Calls
###Block: Level progression
4	ADD:FEAT(TYPE=Fighter)
8	ADD:FEAT(TYPE=Fighter)
12	ADD:FEAT(TYPE=Fighter)
16	ADD:FEAT(TYPE=Fighter)
20	ADD:FEAT(TYPE=Fighter)

####################################

# Class Name	Hit Dice	Type			Abbreviation	Source Page		Automatic Languages	Save checks bonus												Combat bonus
CLASS:Gun Mage	HD:6		TYPE:Base.PC	ABB:Gmb		SOURCEPAGE:Pg.107	LANGAUTO:Literacy		BONUS:SAVE|BASE.Reflex|CL/2+2	BONUS:SAVE|BASE.Reflex,BASE.Fortitude|CL/3	BONUS:COMBAT|BASEAB|CL*3/4|TYPE=Base.REPLACE
# Class Name	Skill Pts/Lvl	Class Skill
CLASS:Gun Mage	STARTSKILLPTS:2	CSKILL:Craft (Small Arms)|Bluff|Climb|Concentration|TYPE.Craft|Intimidate|Jump|Knowledge (Arcana)|Listen|Spellcraft|Spot|Swim
# Class Name	Spell Stat		Spell Type		Memorize	Caster level
CLASS:Gun Mage	SPELLSTAT:CHA	SPELLTYPE:Arcane	MEMORIZE:NO	BONUS:CASTERLEVEL|Gun Mage|CL
1	AUTO:WEAPONPROF|Pistol	FEATAUTO:Simple Weapon Proficiency|All Automatic Proficiencies
1					FEATAUTO:Armor Proficiency (Light)
## TODO: Bonded Magelock acts like familiar, need to add DEFIINES for it and work out xxxcompanionmod.lst
###Block: Level progression
1	CAST:2			KNOWN:4			SA:Arcane Focus through pistol, see text.	SA:Bond with Magelock Pistol, see text.	SA:Cast Rune Bullets, see text.	SA:Reinforcing Runes, see text.
2	CAST:3,0			KNOWN:5,2
3	CAST:3,1			KNOWN:6,3
4	CAST:4,2,0			KNOWN:6,3,2
5	CAST:4,3,1			KNOWN:6,4,3																													ADD:FEAT(TYPE=Metamagic,TYPE=GunMage,Exotic Weapon Proficiency (Small Arms),Skill Focus (Craft (Small Arms),Weapon Focus (Pistol))
6	CAST:4,3,2			KNOWN:6,4,3
7	CAST:5,4,2,0		KNOWN:6,4,4,2
8	CAST:5,4,3,1		KNOWN:6,4,4,3
9	CAST:5,5,3,2		KNOWN:6,4,4,3
10	CAST:6,5,4,2,0		KNOWN:6,4,4,4,2																												ADD:FEAT(TYPE=Metamagic,TYPE=GunMage,Exotic Weapon Proficiency (Small Arms),Skill Focus (Craft (Small Arms),Weapon Focus (Pistol))
11	CAST:6,5,4,3,1		KNOWN:6,4,4,4,3
12	CAST:6,5,4,3,2		KNOWN:6,4,4,4,3
13	CAST:6,6,5,4,2,0		KNOWN:6,4,4,4,4,2
14	CAST:6,6,5,4,3,1		KNOWN:6,4,4,4,4,3
15	CAST:6,6,5,4,3,2		KNOWN:6,4,4,4,4,3																												ADD:FEAT(TYPE=Metamagic,TYPE=GunMage,Exotic Weapon Proficiency (Small Arms),Skill Focus (Craft (Small Arms),Weapon Focus (Pistol))
16	CAST:6,6,6,5,4,2,0	KNOWN:6,5,4,4,4,4,2
17	CAST:6,6,6,5,4,3,1	KNOWN:6,5,5,4,4,4,3
18	CAST:6,6,6,5,5,3,2	KNOWN:6,5,5,5,4,4,3
19	CAST:6,6,6,6,5,4,3	KNOWN:6,5,5,5,5,4,4
20	CAST:6,6,6,6,5,4,4	KNOWN:6,5,5,5,5,5,4																											ADD:FEAT(TYPE=Metamagic,TYPE=GunMage,Exotic Weapon Proficiency (Small Arms),Skill Focus (Craft (Small Arms),Weapon Focus (Pistol))
####################################

# Class Name		Hit Dice	Type			Abbreviation	Ex Class			Source Page		Automatic Languages	Define		Save checks bonus												Combat bonus					Modify VAR
CLASS:Paladin (Dwarf)	HD:10		TYPE:Base.PC	ABB:Pld		EXCLASS:Ex Paladin	SOURCEPAGE:pg.84	LANGAUTO:Literacy		DEFINE:SMLevel|0	BONUS:SAVE|BASE.Fortitude|CL/2+2	BONUS:SAVE|BASE.Reflex,BASE.Willpower|CL/3	BONUS:COMBAT|BASEAB|CL|TYPE=Base.REPLACE	BONUS:VAR|SMLevel|CL
# Class Name		Required AL	Required Race
CLASS:Paladin (Dwarf)	PREALIGN:0	PRERACE:Dwarf
# Class Name		Skill Pts/Lvl	Class Skill
CLASS:Paladin (Dwarf)	STARTSKILLPTS:2	CSKILL:Craft (Cannoneer)|Craft (Demolitions)|Craft (Small Arms)|Concentration|TYPE.Craft|Diplomacy|Handle Animal|Heal|Knowledge (Nobility and Royalty)|Knowledge (Religion)|Knowledge (Law)|TYPE.Profession|Search|Sense Motive|Spot
# Class Name		Spell Stat		Spell Type		Automaticaly Known Spell Levels				Craft Level Mult.	Caster level										Use Spell List
CLASS:Paladin (Dwarf)	SPELLSTAT:WIS	SPELLTYPE:Divine	KNOWNSPELLS:LEVEL=0|LEVEL=1|LEVEL=2|LEVEL=3|LEVEL=4	ITEMCREATE:0.5	BONUS:CASTERLEVEL|Paladin (Dwarf)|CL/2|PRECLASS:1,Paladin (Dwarf)=4	SPELLLIST:1|Paladin
1	AUTO:WEAPONPROF|TYPE.Martial	FEATAUTO:Simple Weapon Proficiency|Martial Weapon Proficiency|All Automatic Proficiencies
1						FEATAUTO:Armor Proficiency (Light)|Armor Proficiency (Medium)|Armor Proficiency (Heavy)
1						FEATAUTO:Shield Proficiency
###Block: Smite Evil #IK NOTE: I'm too dumb to figure out a formula for one smite at 1st, two at fifth, and an extra every three after.
1	FEATAUTO:Smite Evil
###Block: Turn Undead stuff
4	BONUS:VAR|TurnTimesBase|3+CHA|TYPE=NoStack		DEFINE:AllowImprovedTurning|1	ADD:FEAT(TYPE=TurnUndead)	FEATAUTO:Basic Turning
4	BONUS:VAR|TurnLevelBase|CL=Paladin (Dwarf)-3		DEFINE:AllowExtraTurning|1
4	BONUS:VAR|TurnDamagePlusBase|CL=Paladin (Dwarf)-3
4	BONUS:VAR|TurnCheckBase|CHA|TYPE=NoStack
###Block: Level progression
1				SA:Aura of Good									BONUS:VAR|SmiteEvil|1														DEFINE:AllowHolyAvenger|1						SPELLS:Innate|TIMES=-1|CASTERLEVEL=(CL=Paladin (Dwarf)),11+WIS|Detect Evil
2				SA:Divine Grace (Su)	SA:Lay on Hands (Su) % hp/day|LayOnHands	BONUS:VAR|LayOnHands|(CHAMAX0)*CL=Paladin (Dwarf)	BONUS:SAVE|Fortitude,Reflex,Willpower|CHAMAX0	DEFINE:LayOnHands|0
3				SA:Aura of Courage (Su)	SA:Divine Health (Ex)
4	CAST:0,0
5	CAST:0,0													BONUS:VAR|SmiteEvil|1																			ADD:FEAT(TYPE=DwarfPaladin)
6	CAST:0,1		SA:Remove Disease (Sp) %/week|RemoveDisease				BONUS:VAR|RemoveDisease|CL=Paladin (Dwarf)/3-1										DEFINE:RemoveDisease|0
7	CAST:0,1
8	CAST:0,1,0													BONUS:VAR|SmiteEvil|1
9	CAST:0,1,0
10	CAST:0,1,1																																			ADD:FEAT(TYPE=DwarfPaladin)
11	CAST:0,1,1,0												BONUS:VAR|SmiteEvil|1
12	CAST:0,1,1,1
13	CAST:0,1,1,1
14	CAST:0,2,1,1,0												BONUS:VAR|SmiteEvil|1
15	CAST:0,2,1,1,1																																		ADD:FEAT(TYPE=DwarfPaladin)
16	CAST:0,2,2,1,1
17	CAST:0,2,2,2,1												BONUS:VAR|SmiteEvil|1
18	CAST:0,3,2,2,1
19	CAST:0,3,3,3,2
20	CAST:0,3,3,3,3												BONUS:VAR|SmiteEvil|1

#############################

#IK Note, the Ranger in the PHB doesn't exist in the IK, there is instead the Scout. This is a mod of the Ranger class.

# Class Name	Hit Dice	Type			Abbreviation	Source Page			Automatic Languages	Define			Save checks bonus												Combat bonus
CLASS:Scout		HD:8		TYPE:Base.PC	ABB:Rgr		SOURCEPAGE:IKCG pg.84	LANGAUTO:Literacy		DEFINE:CompLevel|0	BONUS:SAVE|BASE.Fortitude,BASE.Reflex|CL/2+2	BONUS:SAVE|BASE.Willpower|CL/3	BONUS:COMBAT|BASEAB|CL|TYPE=Base.REPLACE
# Class Name	Skill Pts/Lvl	Class Skill
CLASS:Scout		STARTSKILLPTS:6	CSKILL:Craft (Cannoneer)|Craft (Demolitions)|Craft (Small Arms)|Climb|TYPE.Craft|Creature Lore|Handle Animal|Hide|Jump|Knowledge (Geography)|Knowledge (Nature)|Knowledge (Tactics)|Listen|Move Silently|TYPE.Profession|Ride|Search|Spot|Survival|Swim|Use Rope
###Block:Proficiencies
1	AUTO:WEAPONPROF|TYPE.Martial	FEATAUTO:Simple Weapon Proficiency|Martial Weapon Proficiency|All Automatic Proficiencies
1						FEATAUTO:Armor Proficiency (Light)|Armor Proficiency (Medium)
1						FEATAUTO:Shield Proficiency
###Block: Favored Enemy level stacking, shamelessly plagarized from rsrd. =)
1	BONUS:VAR|RangerFavoredEnemyLVL|CL				DEFINE:RangerFavoredEnemyLVL|0	FEATAUTO:Basic Favored Enemy
1	BONUS:VAR|FavoredEnemies|RangerFavoredEnemyLVL/5+1
1	BONUS:VAR|FavoredEBonuses|RangerFavoredEnemyLVL/5
###Block: Favored Terrain level stacking, shamelessly plagarized from rsrd. =)
2											FEATAUTO:Basic Favored Terrain
2	BONUS:VAR|FavoredTerrains|1	BONUS:VAR|FavoredTBonuses|0
9	BONUS:VAR|FavoredTerrains|1	BONUS:VAR|FavoredTBonuses|1
17	BONUS:VAR|FavoredTerrains|1	BONUS:VAR|FavoredTBonuses|1
###Block: Level progression
1						BONUS:VAR|WildEmpathy|CL=Scout	ADD:FEAT(TYPE.FavoredEnemy)	ADD:FEAT(TYPE.FavoredEnemyBonus)																FEATAUTO:Wild Empathy	FEATAUTO:Track
2												ADD:FEAT(TYPE.FavoredEnemy)	ADD:FEAT(TYPE.FavoredEnemyBonus)	ADD:FEAT(TYPE.FavoredTerrain)	ADD:FEAT(TYPE.FavoredTerrainBonus)
3												ADD:FEAT(TYPE.FavoredEnemy)	ADD:FEAT(TYPE.FavoredEnemyBonus)	ADD:FEAT(TYPE.FavoredTerrain)	ADD:FEAT(TYPE.FavoredTerrainBonus)					FEATAUTO:Alertness
4												ADD:FEAT(TYPE.FavoredEnemy)	ADD:FEAT(TYPE.FavoredEnemyBonus)	ADD:FEAT(TYPE.FavoredTerrain)	ADD:FEAT(TYPE.FavoredTerrainBonus)	ADD:FEAT(TYPE=Scout)
5												ADD:FEAT(TYPE.FavoredEnemy)	ADD:FEAT(TYPE.FavoredEnemyBonus)	ADD:FEAT(TYPE.FavoredTerrain)	ADD:FEAT(TYPE.FavoredTerrainBonus)
6												ADD:FEAT(TYPE.FavoredEnemy)	ADD:FEAT(TYPE.FavoredEnemyBonus)	ADD:FEAT(TYPE.FavoredTerrain)	ADD:FEAT(TYPE.FavoredTerrainBonus)					FEATAUTO:Endurance
7	SA:Woodland Stride (Ex)								ADD:FEAT(TYPE.FavoredEnemy)	ADD:FEAT(TYPE.FavoredEnemyBonus)	ADD:FEAT(TYPE.FavoredTerrain)	ADD:FEAT(TYPE.FavoredTerrainBonus)
8												ADD:FEAT(TYPE.FavoredEnemy)	ADD:FEAT(TYPE.FavoredEnemyBonus)	ADD:FEAT(TYPE.FavoredTerrain)	ADD:FEAT(TYPE.FavoredTerrainBonus)					FEATAUTO:Evasion
9												ADD:FEAT(TYPE.FavoredEnemy)	ADD:FEAT(TYPE.FavoredEnemyBonus)	ADD:FEAT(TYPE.FavoredTerrain)	ADD:FEAT(TYPE.FavoredTerrainBonus)	ADD:FEAT(TYPE=Scout)
10												ADD:FEAT(TYPE.FavoredEnemy)	ADD:FEAT(TYPE.FavoredEnemyBonus)	ADD:FEAT(TYPE.FavoredTerrain)	ADD:FEAT(TYPE.FavoredTerrainBonus)
11	SA:Swift Tracker (Ex)								ADD:FEAT(TYPE.FavoredEnemy)	ADD:FEAT(TYPE.FavoredEnemyBonus)	ADD:FEAT(TYPE.FavoredTerrain)	ADD:FEAT(TYPE.FavoredTerrainBonus)
12												ADD:FEAT(TYPE.FavoredEnemy)	ADD:FEAT(TYPE.FavoredEnemyBonus)	ADD:FEAT(TYPE.FavoredTerrain)	ADD:FEAT(TYPE.FavoredTerrainBonus)
13	SA:Camouflage (Ex)								ADD:FEAT(TYPE.FavoredEnemy)	ADD:FEAT(TYPE.FavoredEnemyBonus)	ADD:FEAT(TYPE.FavoredTerrain)	ADD:FEAT(TYPE.FavoredTerrainBonus)
14												ADD:FEAT(TYPE.FavoredEnemy)	ADD:FEAT(TYPE.FavoredEnemyBonus)	ADD:FEAT(TYPE.FavoredTerrain)	ADD:FEAT(TYPE.FavoredTerrainBonus)	ADD:FEAT(TYPE=Scout)
15												ADD:FEAT(TYPE.FavoredEnemy)	ADD:FEAT(TYPE.FavoredEnemyBonus)	ADD:FEAT(TYPE.FavoredTerrain)	ADD:FEAT(TYPE.FavoredTerrainBonus)
16												ADD:FEAT(TYPE.FavoredEnemy)	ADD:FEAT(TYPE.FavoredEnemyBonus)	ADD:FEAT(TYPE.FavoredTerrain)	ADD:FEAT(TYPE.FavoredTerrainBonus)
17												ADD:FEAT(TYPE.FavoredEnemy)	ADD:FEAT(TYPE.FavoredEnemyBonus)	ADD:FEAT(TYPE.FavoredTerrain)	ADD:FEAT(TYPE.FavoredTerrainBonus)
18	SA:Hide in Plain Sight (Ex)							ADD:FEAT(TYPE.FavoredEnemy)	ADD:FEAT(TYPE.FavoredEnemyBonus)	ADD:FEAT(TYPE.FavoredTerrain)	ADD:FEAT(TYPE.FavoredTerrainBonus)
19												ADD:FEAT(TYPE.FavoredEnemy)	ADD:FEAT(TYPE.FavoredEnemyBonus)	ADD:FEAT(TYPE.FavoredTerrain)	ADD:FEAT(TYPE.FavoredTerrainBonus)	ADD:FEAT(TYPE=Scout)
20												ADD:FEAT(TYPE.FavoredEnemy)	ADD:FEAT(TYPE.FavoredEnemyBonus)	ADD:FEAT(TYPE.FavoredTerrain)	ADD:FEAT(TYPE.FavoredTerrainBonus)

