# CVS $Revision: $ $Author: $ -- Wed Jan 19 21:04:03 2005 -- reformated by prettylst.pl v1.33 (build 421)
SOURCELONG:Iron Kingdoms Character Guide	SOURCESHORT:IKCG	SOURCEWEB:http://www.ironkingdoms.com

# Language		Type
Cygnaran		NAMEISPI:YES	TYPE:Spoken.Written.Read
Khadoran		NAMEISPI:YES	TYPE:Spoken.Written.Read
Llaelese		TYPE:Spoken.Written.Read
Ordic			NAMEISPI:YES	TYPE:Spoken.Written.Read
Aeric			NAMEISPI:YES	TYPE:Spoken.Written.Read
Five Cant		TYPE:Spoken.Written.Read
Sharde Tongue		TYPE:Spoken.Written.Read
Sulese			NAMEISPI:YES	TYPE:Spoken.Written.Read
Swampie			TYPE:Spoken.Written.Read
Idrian			NAMEISPI:YES	TYPE:Spoken.Written.Read
Urnyak			NAMEISPI:YES	TYPE:Spoken.Written.Read
Molgur			NAMEISPI:YES	TYPE:Spoken.Written.Read
Gobberish		TYPE:Spoken.Written.Read
Molgur-Og		NAMEISPI:YES	TYPE:Spoken.Written.Read
Molgur-Trul		NAMEISPI:YES	TYPE:Spoken.Written.Read
High Tordoris		TYPE:Spoken.Written.Read
# Requires one rank for each of literacy and spoken
Rhulic			NAMEISPI:YES	TYPE:Spoken.Written.Read
Miner Rhulic		NAMEISPI:YES	TYPE:Spoken.Written.Read
# Rquires two rankz for spoken and one for literacy. How do I do this?
Shyr			NAMEISPI:YES	TYPE:Spoken.Shyr-Literacy
Dreggi			NAMEISPI:YES	TYPE:Spoken
Farrow			NAMEISPI:YES	TYPE:Spoken.Written.Read
Infernal(Nokiri)	TYPE:Spoken.Written.Read
Quor			NAMEISPI:YES	TYPE:Spoken
Sealaan			NAMEISPI:YES	TYPE:Spoken.Written.Read
Satyxi			NAMEISPI:YES	TYPE:Spoken.Written.Read
Tharn			NAMEISPI:YES	TYPE:Spoken
Thrallspeak		TYPE:Spoken
Zunus			NAMEISPI:YES	TYPE:Spoken.Written.Read
Caspian			NAMEISPI:YES	TYPE:Spoken.Written.Read
Dohl-Rhul		NAMEISPI:YES	TYPE:Spoken.Written.Read
Khurzic			NAMEISPI:YES	TYPE:Spoken.Written.Read
Orgoth			NAMEISPI:YES	TYPE:Spoken.Written.Read
Skorne			NAMEISPI:YES	TYPE:Spoken.Written.Read
Telgesh			NAMEISPI:YES	TYPE:Spoken.Written.Read
Tkra			NAMEISPI:YES	TYPE:Spoken.Written.Read
