SOURCELONG:Iron Kingdoms Character Guide	SOURCESHORT:IKCG	SOURCEWEB:http://www.ironkingdoms.com
## Original Entry by: Rax the Grey

## Further modified (rewritten) by Glen 'ringsnake' Murie
## Abandoned because a test with Human (Khard) didn't work. -- Glen Murie

AGESET:0|Adulthood
RACENAME:Human (Khard)			CLASS:Barbarian,Bodger,Gun Mage,Rogue,Sorcerer[BASEAGEADD:1d4]|Bard (War-Bard),Fighter,Paladin,Scout[BASEAGEADD:1d6]|Arcane Mechanik,Cleric,Druid,Monk (IK),Wizard[BASEAGEADD:2d6]
RACENAME:Human (Khard)			SEX:Male[BASEHTBASEWT::64|HTDIEROLL:2d10|150|WTDIEROLL:2d4|TOTALWT:BASEWT+(HTDIEROLL*WTDIEROLL)]Female[BASEHT:59|HTDIEROLL:2d10|BASEWT:110|WTDIEROLL:2d4|TOTALWT:BASEWT+(HTDIEROLL*WTDIEROLL)]
RACENAME:Human (Khard)			BASEAGE:16	MAXAGE:34	AGEDIEROLL:0d1

RACENAME:Human (Kossite)		CLASS:Barbarian,Bodger,Gun Mage,Rogue,Sorcerer[BASEAGEADD:1d4]|Bard (War-Bard),Fighter,Paladin,Scout[BASEAGEADD:1d6]|Arcane Mechanik,Cleric,Druid,Monk (IK),Wizard[BASEAGEADD:2d6]
RACENAME:Human (Kossite)		SEX:Male[BASEHT:67|HTDIEROLL:2d10|BASEWT:155|WTDIEROLL:2d4|TOTALWT:BASEWT+(HTDIEROLL*WTDIEROLL)]Female[BASEHT:61|HTDIEROLL:2d10|BASEWT:105|WTDIEROLL:2d4|TOTALWT:BASEWT+(HTDIEROLL*WTDIEROLL)]
RACENAME:Human (Kossite)		BASEAGE:16	MAXAGE:34	AGEDIEROLL:0d1

RACENAME:Human (Ryn)			CLASS:Barbarian,Bodger,Gun Mage,Rogue,Sorcerer[BASEAGEADD:1d4]|Bard (War-Bard),Fighter,Paladin,Scout[BASEAGEADD:1d6]|Arcane Mechanik,Cleric,Druid,Monk (IK),Wizard[BASEAGEADD:2d6]
RACENAME:Human (Ryn)			SEX:Male[BASEHT:59|HTDIEROLL:2d10|BASEWT:95|WTDIEROLL:2d4|TOTALWT:BASEWT+(HTDIEROLL*WTDIEROLL)]Female[BASEHT:53|HTDIEROLL:2d10|BASEWT:55|WTDIEROLL:2d4|TOTALWT:BASEWT+(HTDIEROLL*WTDIEROLL)]
RACENAME:Human (Ryn)			BASEAGE:16	MAXAGE:34	AGEDIEROLL:0d1

RACENAME:Human (Skirov)			CLASS:Barbarian,Bodger,Gun Mage,Rogue,Sorcerer[BASEAGEADD:1d4]|Bard (War-Bard),Fighter,Paladin,Scout[BASEAGEADD:1d6]|Arcane Mechanik,Cleric,Druid,Monk (IK),Wizard[BASEAGEADD:2d6]
RACENAME:Human (Skirov)			SEX:Male[BASEHT:62|HTDIEROLL:2d10|BASEWT:140|WTDIEROLL:2d4|TOTALWT:BASEWT+(HTDIEROLL*WTDIEROLL)]Female[BASEHT:56|HTDIEROLL:2d10|BASEWT:105|WTDIEROLL:2d4|TOTALWT:BASEWT+(HTDIEROLL*WTDIEROLL)]
RACENAME:Human (Skirov)			BASEAGE:16	MAXAGE:34	AGEDIEROLL:0d1

RACENAME:Human (Umbrean)		CLASS:Barbarian,Bodger,Gun Mage,Rogue,Sorcerer[BASEAGEADD:1d4]|Bard (War-Bard),Fighter,Paladin,Scout[BASEAGEADD:1d6]|Arcane Mechanik,Cleric,Druid,Monk (IK),Wizard[BASEAGEADD:2d6]
RACENAME:Human (Umbrean)		SEX:Male[BASEHT:63|HTDIEROLL:2d10|BASEWT:140|WTDIEROLL:2d4|TOTALWT:BASEWT+(HTDIEROLL*WTDIEROLL)]Female[BASEHT:57|HTDIEROLL:2d10|BASEWT:100|WTDIEROLL:2d4|TOTALWT:BASEWT+(HTDIEROLL*WTDIEROLL)]
RACENAME:Human (Umbrean)		BASEAGE:16	MAXAGE:34	AGEDIEROLL:0d1

RACENAME:Human (Midlunder)		CLASS:Barbarian,Bodger,Gun Mage,Rogue,Sorcerer[BASEAGEADD:1d4]|Bard (War-Bard),Fighter,Paladin,Scout[BASEAGEADD:1d6]|Arcane Mechanik,Cleric,Druid,Monk (IK),Wizard[BASEAGEADD:2d6]
RACENAME:Human (Midlunder)		SEX:Male[BASEHT:60|HTDIEROLL:2d10|BASEWT:130|WTDIEROLL:2d4|TOTALWT:BASEWT+(HTDIEROLL*WTDIEROLL)]Female[BASEHT:54|HTDIEROLL:2d10|BASEWT:80|WTDIEROLL:2d4|TOTALWT:BASEWT+(HTDIEROLL*WTDIEROLL)]
RACENAME:Human (Midlunder)		BASEAGE:16	MAXAGE:34	AGEDIEROLL:0d1

RACENAME:Human (Morridane)		CLASS:Barbarian,Bodger,Gun Mage,Rogue,Sorcerer[BASEAGEADD:1d4]|Bard (War-Bard),Fighter,Paladin,Scout[BASEAGEADD:1d6]|Arcane Mechanik,Cleric,Druid,Monk (IK),Wizard[BASEAGEADD:2d6]
RACENAME:Human (Morridane)		SEX:Male[BASEHT:55|HTDIEROLL:2d10|BASEWT:90|WTDIEROLL:2d4|TOTALWT:BASEWT+(HTDIEROLL*WTDIEROLL)]Female[BASEHT:49|HTDIEROLL:2d10|BASEWT:55|WTDIEROLL:2d4|TOTALWT:BASEWT+(HTDIEROLL*WTDIEROLL)]
RACENAME:Human (Morridane)		BASEAGE:16	MAXAGE:34	AGEDIEROLL:0d1

RACENAME:Human (Thurian)		CLASS:Barbarian,Bodger,Gun Mage,Rogue,Sorcerer[BASEAGEADD:1d4]|Bard (War-Bard),Fighter,Paladin,Scout[BASEAGEADD:1d6]|Arcane Mechanik,Cleric,Druid,Monk (IK),Wizard[BASEAGEADD:2d6]
RACENAME:Human (Thurian)		SEX:Male[BASEHT:63|HTDIEROLL:2d10|BASEWT:120|WTDIEROLL:2d4|TOTALWT:BASEWT+(HTDIEROLL*WTDIEROLL)]Female[BASEHT:56|HTDIEROLL:2d10|BASEWT:70|WTDIEROLL:2d4|TOTALWT:BASEWT+(HTDIEROLL*WTDIEROLL)]
RACENAME:Human (Thurian)		BASEAGE:16	MAXAGE:34	AGEDIEROLL:0d1

RACENAME:Human (Tordoran)		CLASS:Barbarian,Bodger,Gun Mage,Rogue,Sorcerer[BASEAGEADD:1d4]|Bard (War-Bard),Fighter,Paladin,Scout[BASEAGEADD:1d6]|Arcane Mechanik,Cleric,Druid,Monk (IK),Wizard[BASEAGEADD:2d6]
RACENAME:Human (Tordoran)		SEX:Male[BASEHT:59|HTDIEROLL:2d10|BASEWT:105|WTDIEROLL:2d4|TOTALWT:BASEWT+(HTDIEROLL*WTDIEROLL)]Female[BASEHT:53|HTDIEROLL:2d10|BASEWT:80|WTDIEROLL:2d4|TOTALWT:BASEWT+(HTDIEROLL*WTDIEROLL)]
RACENAME:Human (Tordoran)		BASEAGE:16	MAXAGE:34	AGEDIEROLL:0d1

RACENAME:Human (Caspian)		CLASS:Barbarian,Bodger,Gun Mage,Rogue,Sorcerer[BASEAGEADD:1d4]|Bard (War-Bard),Fighter,Paladin,Scout[BASEAGEADD:1d6]|Arcane Mechanik,Cleric,Druid,Monk (IK),Wizard[BASEAGEADD:2d6]
RACENAME:Human (Caspian)		SEX:Male[BASEHT:59|HTDIEROLL:2d10|BASEWT:105|WTDIEROLL:2d4|TOTALWT:BASEWT+(HTDIEROLL*WTDIEROLL)]Female[BASEHT:53|HTDIEROLL:2d10|BASEWT:75|WTDIEROLL:2d4|TOTALWT:BASEWT+(HTDIEROLL*WTDIEROLL)]
RACENAME:Human (Caspian)		BASEAGE:16	MAXAGE:34	AGEDIEROLL:0d1

RACENAME:Human (Sulese)			CLASS:Barbarian,Bodger,Gun Mage,Rogue,Sorcerer[BASEAGEADD:1d4]|Bard (War-Bard),Fighter,Paladin,Scout[BASEAGEADD:1d6]|Arcane Mechanik,Cleric,Druid,Monk (IK),Wizard[BASEAGEADD:2d6]
RACENAME:Human (Sulese)			SEX:Male[BASEHT:59|HTDIEROLL:2d10|BASEWT:105|WTDIEROLL:2d4|TOTALWT:BASEWT+(HTDIEROLL*WTDIEROLL)]Female[BASEHT:53|HTDIEROLL:2d10|BASEWT:75|WTDIEROLL:2d4|TOTALWT:BASEWT+(HTDIEROLL*WTDIEROLL)]
RACENAME:Human (Sulese)			BASEAGE:16	MAXAGE:34	AGEDIEROLL:0d1

RACENAME:Human (Idrian)			CLASS:Barbarian,Bodger,Gun Mage,Rogue,Sorcerer[BASEAGEADD:1d4]|Bard (War-Bard),Fighter,Paladin,Scout[BASEAGEADD:1d6]|Arcane Mechanik,Cleric,Druid,Monk (IK),Wizard[BASEAGEADD:2d6]
RACENAME:Human (Idrian)			SEX:Male[BASEHT:58|HTDIEROLL:2d10|BASEWT:100|WTDIEROLL:2d4|TOTALWT:BASEWT+(HTDIEROLL*WTDIEROLL)]Female[BASEHT:56|HTDIEROLL:2d10|BASEWT:85|WTDIEROLL:2d4|TOTALWT:BASEWT+(HTDIEROLL*WTDIEROLL)]
RACENAME:Human (Idrian)			BASEAGE:16	MAXAGE:34	AGEDIEROLL:0d1

RACENAME:Human (Scharde)		CLASS:Barbarian,Bodger,Gun Mage,Rogue,Sorcerer[BASEAGEADD:1d4]|Bard (War-Bard),Fighter,Paladin,Scout[BASEAGEADD:1d6]|Arcane Mechanik,Cleric,Druid,Monk (IK),Wizard[BASEAGEADD:2d6]
RACENAME:Human (Scharde)		SEX:Male[BASEHT:62|HTDIEROLL:2d10|BASEWT:135|WTDIEROLL:2d4|TOTALWT:BASEWT+(HTDIEROLL*WTDIEROLL)]Female[BASEHT:56|HTDIEROLL:2d10|BASEWT:100|WTDIEROLL:2d4|TOTALWT:BASEWT+(HTDIEROLL*WTDIEROLL)]
RACENAME:Human (Scharde)		BASEAGE:16	MAXAGE:34	AGEDIEROLL:0d1

RACENAME:Half-Elf				CLASS:Barbarian,Bodger,Gun Mage,Rogue,Sorcerer[BASEAGEADD:1d4]|Bard (War-Bard),Fighter,Paladin,Scout[BASEAGEADD:1d6]|Arcane Mechanik,Cleric,Druid,Monk (IK),Wizard[BASEAGEADD:2d6]
RACENAME:Half-Elf				SEX:Male[BASEHT:64|HTDIEROLL:2d10|BASEWT:150|WTDIEROLL:2d4|TOTALWT:BASEWT+(HTDIEROLL*WTDIEROLL)]Female[BASEHT:59|HTDIEROLL:2d10|BASEWT:110|WTDIEROLL:2d4|TOTALWT:BASEWT+(HTDIEROLL*WTDIEROLL)]
RACENAME:Half-Elf				BASEAGE:16	MAXAGE:49	AGEDIEROLL:0d1

RACENAME:Dwarf (IK)			CLASS:Barbarian,Bodger,Gun Mage,Rogue,Sorcerer[BASEAGEADD:1d4]|Bard (War-Bard),Fighter,Paladin (Dwarf),Scout[BASEAGEADD:1d6]|Arcane Mechanik,Cleric,Druid,Monk (IK),Wizard[BASEAGEADD:2d6]
RACENAME:Dwarf (IK)			SEX:Male[BASEHT:48|HTDIEROLL:2d4|BASEWT:150|WTDIEROLL:2d4|TOTALWT:BASEWT+(HTDIEROLL*WTDIEROLL)]Female[BASEHT:49|HTDIEROLL:2d4|BASEWT:105|WTDIEROLL:2d4|TOTALWT:BASEWT+(HTDIEROLL*WTDIEROLL)]
RACENAME:Dwarf (IK)			BASEAGE:20	MAXAGE:59	AGEDIEROLL:0d1

RACENAME:Goblin (Gobber)		CLASS:Barbarian,Bodger,Gun Mage,Rogue,Sorcerer[BASEAGEADD:1d4]|Bard (War-Bard),Fighter,Paladin,Scout[BASEAGEADD:1d6]|Arcane Mechanik,Cleric,Druid,Monk (IK),Wizard[BASEAGEADD:2d6]
RACENAME:Goblin (Gobber)		SEX:Male[BASEHT:32|HTDIEROLL:2d4|BASEWT:30|WTDIEROLL:1d1|TOTALWT:BASEWT+(HTDIEROLL*WTDIEROLL)]Female[BASEHT:31|HTDIEROLL:2d4|BASEWT:27|WTDIEROLL:1d1|TOTALWT:BASEWT+(HTDIEROLL*WTDIEROLL)]
RACENAME:Goblin (Gobber)		BASEAGE:14	MAXAGE:24	AGEDIEROLL:0d1

RACENAME:Goblin (Bogrin)		CLASS:Barbarian,Bodger,Gun Mage,Rogue,Sorcerer[BASEAGEADD:1d4]|Bard (War-Bard),Fighter,Paladin,Scout[BASEAGEADD:1d6]|Arcane Mechanik,Cleric,Druid,Monk (IK),Wizard[BASEAGEADD:2d6]
RACENAME:Goblin (Bogrin)		SEX:Male[BASEHT:43|HTDIEROLL:2d4|BASEWT:50|WTDIEROLL:1d1|TOTALWT:BASEWT+(HTDIEROLL*WTDIEROLL)]Female[BASEHT:38|HTDIEROLL:2d4|BASEWT:40|WTDIEROLL:2d4|TOTALWT:BASEWT+(HTDIEROLL*WTDIEROLL)]
RACENAME:Goblin (Bogrin)		BASEAGE:14	MAXAGE:24	AGEDIEROLL:0d1

RACENAME:Elf (Iosan)			CLASS:Barbarian,Bodger,Gun Mage,Rogue,Sorcerer[BASEAGEADD:1d4]|Bard (War-Bard),Fighter,Paladin,Scout[BASEAGEADD:1d6]|Arcane Mechanik,Cleric,Druid,Monk (IK),Wizard[BASEAGEADD:2d6]
RACENAME:Elf (Iosan)			SEX:Male[BASEHT:63|HTDIEROLL:2d8|BASEWT:118|WTDIEROLL:1d6|TOTALWT:BASEWT+(HTDIEROLL*WTDIEROLL)]Female[BASEHT:58|HTDIEROLL:2d8|BASEWT:78|WTDIEROLL:1d6|TOTALWT:BASEWT+(HTDIEROLL*WTDIEROLL)]
RACENAME:Elf (Iosan)			BASEAGE:23	MAXAGE:109	AGEDIEROLL:0d1

RACENAME:Elf (Nyss)			CLASS:Barbarian,Bodger,Gun Mage,Rogue,Sorcerer[BASEAGEADD:1d4]|Bard (War-Bard),Fighter,Paladin,Scout[BASEAGEADD:1d6]|Arcane Mechanik,Cleric,Druid,Monk (IK),Wizard[BASEAGEADD:2d6]
RACENAME:Elf (Nyss)			SEX:Male[BASEHT:65|HTDIEROLL:2d8|BASEWT:143|WTDIEROLL:1d6|TOTALWT:BASEWT+(HTDIEROLL*WTDIEROLL)]Female[BASEHT:59|HTDIEROLL:2d8|BASEWT:83|WTDIEROLL:1d6|TOTALWT:BASEWT+(HTDIEROLL*WTDIEROLL)]
RACENAME:Elf (Nyss)			BASEAGE:25	MAXAGE:134	AGEDIEROLL:0d1

RACENAME:Ogrun				CLASS:Barbarian,Bodger,Gun Mage,Rogue,Sorcerer[BASEAGEADD:1d4]|Bard (War-Bard),Fighter,Paladin,Scout[BASEAGEADD:1d6]|Arcane Mechanik,Cleric,Druid,Monk (IK),Wizard[BASEAGEADD:2d6]
RACENAME:Ogrun				SEX:Male[BASEHT:91|HTDIEROLL:2d6|BASEWT:400|WTDIEROLL:2d6|TOTALWT:BASEWT+(HTDIEROLL*WTDIEROLL)]Female[BASEHT:83|HTDIEROLL:2d6|BASEWT:280|WTDIEROLL:2d6|TOTALWT:BASEWT+(HTDIEROLL*WTDIEROLL)]
RACENAME:Ogrun				BASEAGE:15	MAXAGE:29	AGEDIEROLL:0d1

RACENAME:Trollkin				CLASS:Barbarian,Bodger,Gun Mage,Rogue,Sorcerer[BASEAGEADD:1d4]|Bard (War-Bard),Fell Caller,Fighter,Paladin,Scout[BASEAGEADD:1d6]|Arcane Mechanik,Cleric,Druid,Monk (IK),Wizard[BASEAGEADD:2d6]
RACENAME:Trollkin				SEX:Male[BASEHT:71|HTDIEROLL:2d10|BASEWT:250|WTDIEROLL:2d6|TOTALWT:BASEWT+(HTDIEROLL*WTDIEROLL)]Female[BASEHT:63|HTDIEROLL:2d10|BASEWT:150|WTDIEROLL:2d6|TOTALWT:BASEWT+(HTDIEROLL*WTDIEROLL)]
RACENAME:Trollkin				BASEAGE:17	MAXAGE:54	AGEDIEROLL:0d1

RACENAME:Trollkin Sorcerer		CLASS:Barbarian,Bodger,Gun Mage,Rogue,Sorcerer[BASEAGEADD:1d4]|Bard (War-Bard),Fell Caller,Fighter,Paladin,Scout[BASEAGEADD:1d6]|Arcane Mechanik,Cleric,Druid,Monk (IK),Wizard[BASEAGEADD:2d6]
RACENAME:Trollkin Sorcerer		SEX:Male[BASEHT:60|HTDIEROLL:2d10|BASEWT:165|WTDIEROLL:2d6|TOTALWT:BASEWT+(HTDIEROLL*WTDIEROLL)]Female[BASEHT:52|HTDIEROLL:2d10|BASEWT:85|WTDIEROLL:2d6|TOTALWT:BASEWT+(HTDIEROLL*WTDIEROLL)]
RACENAME:Trollkin Sorcerer		BASEAGE:17	MAXAGE:54	AGEDIEROLL:0d1

AGESET:1|Middle Age			BONUS:STAT|STR,CON,DEX|-1	BONUS:STAT|INT,WIS,CHA|1
RACENAME:Human (Khard)			BASEAGE:35	MAXAGE:52	AGEDIEROLL:0d1
RACENAME:Human (Kossite)		BASEAGE:35	MAXAGE:52	AGEDIEROLL:0d1
RACENAME:Human (Ryn)			BASEAGE:35	MAXAGE:52	AGEDIEROLL:0d1
RACENAME:Human (Skirov)			BASEAGE:35	MAXAGE:52	AGEDIEROLL:0d1
RACENAME:Human (Umbrean)		BASEAGE:35	MAXAGE:52	AGEDIEROLL:0d1
RACENAME:Human (Midlunder)		BASEAGE:35	MAXAGE:52	AGEDIEROLL:0d1
RACENAME:Human (Morridane)		BASEAGE:35	MAXAGE:52	AGEDIEROLL:0d1
RACENAME:Human (Thurian)		BASEAGE:35	MAXAGE:52	AGEDIEROLL:0d1
RACENAME:Human (Tordoran)		BASEAGE:35	MAXAGE:52	AGEDIEROLL:0d1
RACENAME:Human (Caspian)		BASEAGE:35	MAXAGE:52	AGEDIEROLL:0d1
RACENAME:Human (Sulese)			BASEAGE:35	MAXAGE:52	AGEDIEROLL:0d1
RACENAME:Human (Idrian)			BASEAGE:35	MAXAGE:52	AGEDIEROLL:0d1
RACENAME:Human (Scharde)		BASEAGE:35	MAXAGE:52	AGEDIEROLL:0d1
RACENAME:Half-Elf				BASEAGE:50	MAXAGE:74	AGEDIEROLL:0d1
RACENAME:Dwarf (IK)			BASEAGE:60	MAXAGE:89	AGEDIEROLL:0d1
RACENAME:Goblin (Gobber)		BASEAGE:25	MAXAGE:37	AGEDIEROLL:0d1
RACENAME:Goblin (Bogrin)		BASEAGE:25	MAXAGE:37	AGEDIEROLL:0d1
RACENAME:Elf (Iosan)			BASEAGE:110	MAXAGE:164	AGEDIEROLL:0d1
RACENAME:Elf (Nyss)			BASEAGE:135	MAXAGE:202	AGEDIEROLL:0d1
RACENAME:Ogrun				BASEAGE:30	MAXAGE:44	AGEDIEROLL:0d1
RACENAME:Trollkin				BASEAGE:55	MAXAGE:82	AGEDIEROLL:0d1
RACENAME:Trollkin Sorcerer		BASEAGE:55	MAXAGE:82	AGEDIEROLL:0d1

AGESET:2|Old				BONUS:STAT|STR,CON,DEX|-3	BONUS:STAT|INT,WIS,CHA|2
RACENAME:Human (Khard)			BASEAGE:53	MAXAGE:69	AGEDIEROLL:0d1
RACENAME:Human (Kossite)		BASEAGE:53	MAXAGE:69	AGEDIEROLL:0d1
RACENAME:Human (Ryn)			BASEAGE:53	MAXAGE:69	AGEDIEROLL:0d1
RACENAME:Human (Skirov)			BASEAGE:53	MAXAGE:69	AGEDIEROLL:0d1
RACENAME:Human (Umbrean)		BASEAGE:53	MAXAGE:69	AGEDIEROLL:0d1
RACENAME:Human (Midlunder)		BASEAGE:53	MAXAGE:69	AGEDIEROLL:0d1
RACENAME:Human (Morridane)		BASEAGE:53	MAXAGE:69	AGEDIEROLL:0d1
RACENAME:Human (Thurian)		BASEAGE:53	MAXAGE:69	AGEDIEROLL:0d1
RACENAME:Human (Tordoran)		BASEAGE:53	MAXAGE:69	AGEDIEROLL:0d1
RACENAME:Human (Caspian)		BASEAGE:53	MAXAGE:69	AGEDIEROLL:0d1
RACENAME:Human (Sulese)			BASEAGE:53	MAXAGE:69	AGEDIEROLL:0d1
RACENAME:Human (Idrian)			BASEAGE:53	MAXAGE:69	AGEDIEROLL:0d1
RACENAME:Human (Scharde)		BASEAGE:53	MAXAGE:69	AGEDIEROLL:0d1
RACENAME:Half-Elf				BASEAGE:75	MAXAGE:99	AGEDIEROLL:0d1
RACENAME:Dwarf (IK)			BASEAGE:90	MAXAGE:119	AGEDIEROLL:0d1
RACENAME:Goblin (Gobber)		BASEAGE:38	MAXAGE:50	AGEDIEROLL:0d1
RACENAME:Goblin (Bogrin)		BASEAGE:38	MAXAGE:50	AGEDIEROLL:0d1
RACENAME:Elf (Iosan)			BASEAGE:165	MAXAGE:219	AGEDIEROLL:0d1
RACENAME:Elf (Nyss)			BASEAGE:203	MAXAGE:269	AGEDIEROLL:0d1
RACENAME:Ogrun				BASEAGE:45	MAXAGE:59	AGEDIEROLL:0d1
RACENAME:Trollkin				BASEAGE:83	MAXAGE:109	AGEDIEROLL:0d1
RACENAME:Trollkin Sorcerer		BASEAGE:83	MAXAGE:109	AGEDIEROLL:0d1

AGESET:3|Venerable			BONUS:STAT|STR,CON,DEX|-6	BONUS:STAT|INT,WIS,CHA|3
RACENAME:Human (Khard)			BASEAGE:70	MAXAGE:110	AGEDIEROLL:0d1
RACENAME:Human (Kossite)		BASEAGE:70	MAXAGE:110	AGEDIEROLL:0d1
RACENAME:Human (Ryn)			BASEAGE:70	MAXAGE:110	AGEDIEROLL:0d1
RACENAME:Human (Skirov)			BASEAGE:70	MAXAGE:110	AGEDIEROLL:0d1
RACENAME:Human (Umbrean)		BASEAGE:70	MAXAGE:110	AGEDIEROLL:0d1
RACENAME:Human (Midlunder)		BASEAGE:70	MAXAGE:110	AGEDIEROLL:0d1
RACENAME:Human (Morridane)		BASEAGE:70	MAXAGE:110	AGEDIEROLL:0d1
RACENAME:Human (Thurian)		BASEAGE:70	MAXAGE:110	AGEDIEROLL:0d1
RACENAME:Human (Tordoran)		BASEAGE:70	MAXAGE:110	AGEDIEROLL:0d1
RACENAME:Human (Caspian)		BASEAGE:70	MAXAGE:110	AGEDIEROLL:0d1
RACENAME:Human (Sulese)			BASEAGE:70	MAXAGE:110	AGEDIEROLL:0d1
RACENAME:Human (Idrian)			BASEAGE:70	MAXAGE:110	AGEDIEROLL:0d1
RACENAME:Human (Scharde)		BASEAGE:70	MAXAGE:110	AGEDIEROLL:0d1
RACENAME:Half-Elf				BASEAGE:100	MAXAGE:140	AGEDIEROLL:0d1
RACENAME:Dwarf (IK)			BASEAGE:120	MAXAGE:170	AGEDIEROLL:0d1
RACENAME:Goblin (Gobber)		BASEAGE:50	MAXAGE:80	AGEDIEROLL:0d1
RACENAME:Goblin (Bogrin)		BASEAGE:50	MAXAGE:80	AGEDIEROLL:0d1
RACENAME:Elf (Iosan)			BASEAGE:220	MAXAGE:320	AGEDIEROLL:0d1
RACENAME:Elf (Nyss)			BASEAGE:270	MAXAGE:430	AGEDIEROLL:0d1
RACENAME:Ogrun				BASEAGE:60	MAXAGE:90	AGEDIEROLL:0d1
RACENAME:Trollkin				BASEAGE:110	MAXAGE:170	AGEDIEROLL:0d1
RACENAME:Trollkin Sorcerer		BASEAGE:110	MAXAGE:170	AGEDIEROLL:0d1

