# CVS $Revision: $ $Author: $ -- Wed Jan 19 21:04:03 2005 -- reformated by prettylst.pl v1.33 (build 421)
SOURCELONG:Iron Kingdoms Character Guide	SOURCESHORT:IKCG	SOURCEWEB:http://www.ironkingdoms.com
## Original Entry by: Rax the Grey

## NOTE: Gear
# Equipment Name				Type							Cost		Weight	Source Page				Bonus to skill																					Special Property
Ascendant Figurine			TYPE:Goods.DivineFocus				COST:4	WT:1		SOURCEPAGE:pg. 202
Ascendant Talisman			TYPE:Goods.DivineFocus				COST:.5	WT:.5		SOURCEPAGE:pg. 198
Bandolier (Ammunition)			TYPE:Goods.Container.Resizable		COST:.5	WT:1		SOURCEPAGE:pg. 198												CONTAINS:-1|Round=12
Boots (Mechaniks')			TYPE:Goods.Boot.Resizable			COST:3	WT:2		SOURCEPAGE:pg. 198
Field Glass					TYPE:Goods						COST:20	WT:1		SOURCEPAGE:pg. 198
Flintstriker				TYPE:Goods						COST:6	WT:.1		SOURCEPAGE:pg. 198
Gobber Bellows				TYPE:Goods						COST:0	WT:25		SOURCEPAGE:pg. 199
Goggles					TYPE:Goods.Clothing.Resizable			COST:4	WT:1		SOURCEPAGE:pg. 199		BONUS:SKILL|Spot|-2	SPROP:Immune to Glitterdust spell blindness & +4 vs. other blindness effects
##Per IKCG the Gunner's Kit has room to store completed rounds but no number is specified.  I guessed. -- Rax
Gunner's Kit				TYPE:Goods						COST:100	WT:15		SOURCEPAGE:pg. 199	CONTAINS:-1|Round=10
Hand-pump					TYPE:Goods						COST:5	WT:2		SOURCEPAGE:pg. 199
## TODO: Add holster mods. --Rax
Holster					TYPE:Goods						COST:4	WT:.5		SOURCEPAGE:pg. 199	CONTAINS:-1|Pistol (Small)=1|Pistol (Military)=1
Holster (Wrist-loader)			TYPE:Goods						COST:30	WT:1		SOURCEPAGE:pg. 200	CONTAINS:-1|Pistol (Small)=1
Inflatable Raft Pack			TYPE:Goods						COST:55	WT:11		SOURCEPAGE:pg. 200
Ladder (Collapsing)			TYPE:Goods						COST:7	WT:12		SOURCEPAGE:pg. 200
Lantern (Magnified Bullseye)		TYPE:Goods						COST:15	WT:3		SOURCEPAGE:pg. 200
Launching Flare				TYPE:Goods						COST:8	WT:1		SOURCEPAGE:pg. 200	DAMAGE:2d4	WIELD:OneHanded	RANGE:20
Liber Mechanika				TYPE:Goods.Tools					COST:15	WT:3		SOURCEPAGE:pg. 93
Morrow Statue				NAMEISPI:YES	TYPE:Goods.DivineFocus				COST:10	WT:3		SOURCEPAGE:pg. 202
Oar (Collapsible)				TYPE:Goods						COST:15	WT:2		SOURCEPAGE:pg. 200
Parka (Bog Trog)				TYPE:Goods.Clothing.Resizable			COST:50	WT:2		SOURCEPAGE:pg. 201	BONUS:SKILL|Hide|4|TYPE=Circumstance	ACCHECK:-1
Pocket Watch				TYPE:Goods						COST:150	WT:.5		SOURCEPAGE:pg. 201
Poncho (Gobber)				TYPE:Goods.Clothing.Resizable			COST:100	WT:1		SOURCEPAGE:pg. 201
Portable Flare Launcher			TYPE:Goods						COST:6	WT:6		SOURCEPAGE:pg. 201	DAMAGE:2d4	WIELD:OneHanded	RANGE:20
## The number in the contains tag is a guess. --Rax
Pouch (Ammunition)			TYPE:Goods						COST:2	WT:.5		SOURCEPAGE:pg. 202	CONTAINS:-1|Round=20
Saw (Collapsing)				TYPE:Goods						COST:8	WT:3		SOURCEPAGE:pg. 202
Scion Figurine				TYPE:Goods.DivineFocus				COST:15	WT:1		SOURCEPAGE:pg. 202
Shovel (Collapsing)			TYPE:Goods						COST:8	WT:7		SOURCEPAGE:pg. 202											PROFICIENCY:Club					TYPE:Weapon.Melee.Simple.Bludgeoning												CRITMULT:x2			CRITRANGE:1												DAMAGE:1d6							WIELD:OneHanded		SIZE:M	BONUS:WEAPON|TOHIT|-2
Slip Dagger Harness			TYPE:Goods						COST:15	WT:.1		SOURCEPAGE:pg. 202
Spyglass					TYPE:Goods						COST:10	WT:1		SOURCEPAGE:pg. 202
Spyglass (Collapsing)			TYPE:Goods						COST:35	WT:1		SOURCEPAGE:pg. 202
Thamar Statue				NAMEISPI:YES	TYPE:Goods.DivineFocus				COST:25	WT:1		SOURCEPAGE:pg. 202

## Block: Mechanika
## Block:  Accumulators
Light Accumulator				TYPE:Mechanikal.Accumulator			COST:250	WT:1	EQMOD:ACCUMULATOR_CHARGE_5|CHARGES[5]
Standard Accumulator			TYPE:Mechanikal.Accumulator			COST:500	WT:2	EQMOD:ACCUMULATOR_CHARGE_10|CHARGES[10]
Heavy Accumulator				TYPE:Mechanikal.Accumulator			COST:1000	WT:5	EQMOD:ACCUMULATOR_CHARGE_20|CHARGES[20]

