# CVS $Revision: $ $Author: $ -- Wed Jan 19 21:04:03 2005 -- reformated by prettylst.pl v1.33 (build 421)
SOURCELONG:Iron Kingdoms Character Guide	SOURCESHORT:IKCG	SOURCEWEB:http://www.ironkingdoms.com
## Original Entry by: Paul Grosse

###Block:Alchemical Stuff and Liquids
#Acid					TYPE:Goods.Alchemical.Liquid				COST:9.97	WT:1.00		SOURCEPAGE:Equipment.rtf
# Equipment Name			Type							Cost		Weight		Source Page
###Acids
Bone Stripper				TYPE:Goods.Alchemical.Acid.Consumable			COST:8		WT:1		SOURCEPAGE:p.303
Carrok's Sure-fire Etcher		TYPE:Goods.Alchemical.Acid.Consumable			COST:40		WT:1		SOURCEPAGE:p.304	NAMEISPI:YES
Carvalo's Wound Cleaner			TYPE:Goods.Alchemical.Acid.Consumable			COST:250	WT:1		SOURCEPAGE:p.304	NAMEISPI:YES
Dragon Bile				TYPE:Goods.Alchemical.Acid.Consumable			COST:300	WT:1		SOURCEPAGE:p.304
Vitrol (green)				TYPE:Goods.Alchemical.Acid.Consumable			COST:18		WT:1		SOURCEPAGE:p.304
Buzzard beetle tenderizer		TYPE:Goods.Alchemical.Acid.Consumable			COST:30		WT:1		SOURCEPAGE:p.305
Crypt spider acid			TYPE:Goods.Alchemical.Acid.Consumable			COST:45		WT:1		SOURCEPAGE:p.305
Lemax spittle				TYPE:Goods.Alchemical.Acid.Consumable			COST:36		WT:1		SOURCEPAGE:p.305

###Antitoxins
Bile Brew				TYPE:Goods.Alchemical.Antitoxin.Consumable			COST:30		WT:.05		SOURCEPAGE:p.304
Blood Polyp Draught			TYPE:Goods.Alchemical.Antitoxin.Consumable			COST:20		WT:.05		SOURCEPAGE:p.305
Chain Breaker				TYPE:Goods.Alchemical.Antitoxin.Consumable			COST:300	WT:.05		SOURCEPAGE:p.305
Scorik's Soother			TYPE:Goods.Alchemical.Antitoxin.Consumable			COST:900	WT:.05		SOURCEPAGE:p.305	NAMEISPI:YES
Dire Troll antitoxin			TYPE:Goods.Alchemical.Antitoxin.Consumable			COST:200	WT:.05		SOURCEPAGE:p.306
Tatzywurm antitoxin			TYPE:Goods.Alchemical.Antitoxin.Consumable			COST:80		WT:.05		SOURCEPAGE:p.306
Troll antitoxin				TYPE:Goods.Alchemical.Antitoxin.Consumable			COST:120	WT:.05		SOURCEPAGE:p.306

###Curatives
Ansleigh's Wound Seal			TYPE:Goods.Alchemical.Curative.Consumable			COST:20		WT:0		SOURCEPAGE:p.305	NAMEISPI:YES
Blackroot Balm				TYPE:Goods.Alchemical.Curative.Consumable			COST:90		WT:0		SOURCEPAGE:p.306
Corben's Esential Elixir		TYPE:Goods.Alchemical.Curative.Consumable			COST:450	WT:0		SOURCEPAGE:p.306	NAMEISPI:YES
Corbon's Invigorating Elixir		TYPE:Goods.Alchemical.Curative.Consumable			COST:180	WT:0		SOURCEPAGE:p.306	NAMEISPI:YES
Corbon's Healing Elixir			TYPE:Goods.Alchemical.Curative.Consumable			COST:750	WT:0		SOURCEPAGE:p.306	NAMEISPI:YES
Corbon's Wound Closer			TYPE:Goods.Alchemical.Curative.Consumable			COST:30		WT:0		SOURCEPAGE:p.306	NAMEISPI:YES
Cure-all Cream				TYPE:Goods.Alchemical.Curative.Consumable			COST:20		WT:1		SOURCEPAGE:p.306
Doc Petrok's Rejuvenator		TYPE:Goods.Alchemical.Curative.Consumable			COST:15		WT:0		SOURCEPAGE:p.306	NAMEISPI:YES
Solovin's Seal				TYPE:Goods.Alchemical.Curative.Consumable			COST:150	WT:0		SOURCEPAGE:p.307	NAMEISPI:YES

###General items
Balelight				TYPE:Goods.Alchemical.Consumable				COST:8		WT:1		SOURCEPAGE:p.307
Baron's Voratchik's Clawed Grip		TYPE:Goods.Alchemical.Consumable				COST:225	WT:1		SOURCEPAGE:p.307	NAMEISPI:YES
# Blade resins cost is the poison cost + 30gp can't think of how to create this other than making one for every known poison
Blade Resin				TYPE:Goods.Alchemical.Consumable				COST:30		WT:1		SOURCEPAGE:p.307			SA:requires the purchase of a poison component
Common glue (watersoluble)		TYPE:Goods.Alchemical.Consumable				Cost:.05	WT:.01		SOURCEPAGE:p.307
Blasting Powder (Rifler)		TYPE:Goods.Alchemical.Consumable				COST:50		WT:2		SOURCEPAGE:p.308
Blasting Powder (Keg)			TYPE:Goods.Alchemical.Consumable				COST:1000	WT:20		SOURCEPAGE:p.308
Blood Polyp Incense			TYPE:Goods.Alchemical.Consumable				COST:2		WT:0		SOURCEPAGE:p.308
Burning Powder				TYPE:Goods.Alchemical.Consumable				COST:75		WT:0		SOURCEPAGE:p.309
Cane Leech Repellant (liquid)		TYPE:Goods.Alchemical.Consumable				COST:6		WT:.5		SOURCEPAGE:p.309
Cane Leech Repellant (jelly)		TYPE:Goods.Alchemical.Consumable				COST:6		WT:.5		SOURCEPAGE:p.309
Clear Mind				TYPE:Goods.Alchemical.Consumable				COST:150	WT:1		SOURCEPAGE:p.309
Dust of Dizziness			TYPE:Goods.Alchemical.Consumable				COST:75		WT:1		SOURCEPAGE:p.309
Earrings of Fire			TYPE:Goods.Alchemical.Consumable				COST:50		WT:0		SOURCEPAGE:p.309
Embalming Fluid				TYPE:Goods.Alchemical.Consumable				COST:20		WT:1.5		SOURCEPAGE:p.309
Exaulted Incense			TYPE:Goods.Alchemical.Consumable				COST:12		WT:0		SOURCEPAGE:p.309
Flame Ward (1 full garment)		TYPE:Goods.Alchemical.Consumable				COST:30		WT:2		SOURCEPAGE:p.310
Flame Ward (1 story building)		TYPE:Goods.Alchemical.Consumable				COST:3000	WT:50		SOURCEPAGE:p.310
Gobber Sticksand			TYPE:Goods.Alchemical.Consumable				COST:75		WT:.1		SOURCEPAGE:p.310			SA:Never willing sold to outsiders
Hot Grease (flask)			TYPE:Goods.Alchemical.Consumable				COST:200	WT:1.2		SOURCEPAGE:p.310
Ivona's Bonding Resin			TYPE:Goods.Alchemical.Consumable				COST:10		WT:.05		SOURCEPAGE:p.308
Leatherskin				TYPE:Goods.Alchemical.Consumable				COST:180	WT:5		SOURCEPAGE:p.310
Liniment of Insulation			TYPE:Goods.Alchemical.Consumable				COST:300	WT:1		SOURCEPAGE:p.310
Menoth's Fury (liquid)			TYPE:Goods.Alchemical.Consumable				COST:350	WT:20		SOURCEPAGE:p.311	NAMEISPI:YES	SA:only source is Protectorate of Menoth military
Menoth's Fury (grenade)			TYPE:Goods.Alchemical.Consumable				COST:300	WT:1		SOURCEPAGE:p.311	NAMEISPI:YES	SA:only source is Protectorate of Menoth military
Mist Piercer				TYPE:Goods.Alchemical.Consumable				COST:300	WT:.1		SOURCEPAGE:p.311
Marrow's Hand Oil			TYPE:Goods.Alchemical.Consumable				COST:9		WT:0		SOURCEPAGE:p.311	NAMEISPI:YES
Mufflefoot				TYPE:Goods.Alchemical.Consumable				COST:75		WT:0		SOURCEPAGE:p.311
Muting Mist				TYPE:Goods.Alchemical.Consumable				COST:200	WT:1		SOURCEPAGE:p.311
Quicksilver Tonic			TYPE:Goods.Alchemical.Consumable				COST:600	WT:2.5		SOURCEPAGE:p.311
Sambertine				TYPE:Goods.Alchemical.Consumable				COST:180	WT:0		SOURCEPAGE:p.312
Sharpsalve				TYPE:Goods.Alchemical.Consumable				COST:40		WT:1		SOURCEPAGE:p.312
Sleep Gas				TYPE:Goods.Alchemical.Consumable				COST:200	WT:.01		SOURCEPAGE:p.312
Spark Powder				TYPE:Goods.Alchemical.Consumable				COST:5		WT:0		SOURCEPAGE:p.312
Spirit Wax				TYPE:Goods.Alchemical.Consumable				COST:300	WT:0		SOURCEPAGE:p.312
Stinging Dust				TYPE:Goods.Alchemical.Consumable				COST:60		WT:.01		SOURCEPAGE:p.312
Tearjerker				TYPE:Goods.Alchemical.Consumable				COST:500	WT:.01		SOURCEPAGE:p.313
Tracer Oil				TYPE:Goods.Alchemical.Consumable				COST:150	WT:0		SOURCEPAGE:p.313
