# CVS $Revision: $ $Author: $ -- Thu Feb 10 08:18:07 2005 -- reformated by prettylst.pl v1.34 (build 455)
SOURCELONG:Legends of the Samurai - Bushido Handbook|SOURCESHORT:LoS-B|SOURCEWEB:http://www.rpgobjects.com/index.php?page=pro&product_id=66

# Skill Name						Key Stat	Untrained?		Type					!PRESA		Bonus to skill						Source Page
Knowledge (Astrology ~ Temmon)			KEYSTAT:INT	USEUNTRAINED:NO	TYPE:Intelligence.Knowledge												SOURCEPAGE:p.37
Knowledge (Calligraphy ~ Sho)				KEYSTAT:INT	USEUNTRAINED:NO	TYPE:Intelligence.Knowledge	!PRESA:Illiterate									SOURCEPAGE:p.37
Knowledge (Chinese Classics ~ Myokyo)		KEYSTAT:INT	USEUNTRAINED:NO	TYPE:Intelligence.Knowledge	!PRESA:Illiterate									SOURCEPAGE:p.37
Knowledge (Chinese Poetry ~ Shigaku)		KEYSTAT:INT	USEUNTRAINED:NO	TYPE:Intelligence.Knowledge	!PRESA:Illiterate									SOURCEPAGE:p.37
Knowledge (Composition and Rhetoric ~ Monjo)	KEYSTAT:INT	USEUNTRAINED:NO	TYPE:Intelligence.Knowledge	!PRESA:Illiterate									SOURCEPAGE:p.37
Knowledge (Divination ~ In Yo)			KEYSTAT:INT	USEUNTRAINED:NO	TYPE:Intelligence.Knowledge												SOURCEPAGE:p.37
Knowledge (Japanese Poetry ~ Kagaku)		KEYSTAT:INT	USEUNTRAINED:NO	TYPE:Intelligence.Knowledge	!PRESA:Illiterate									SOURCEPAGE:p.37
Knowledge (Law ~ Myoho)					KEYSTAT:INT	USEUNTRAINED:NO	TYPE:Intelligence.Knowledge	!PRESA:Illiterate									SOURCEPAGE:p.37
Knowledge (Mathematics ~ San)				KEYSTAT:INT	USEUNTRAINED:NO	TYPE:Intelligence.Knowledge	!PRESA:Illiterate									SOURCEPAGE:p.37
Knowledge (Medicine ~ Tenyaku)			KEYSTAT:INT	USEUNTRAINED:NO	TYPE:Intelligence.Knowledge												SOURCEPAGE:p.37
Knowledge (Politics ~ Shinshi)			KEYSTAT:INT	USEUNTRAINED:NO	TYPE:Intelligence.Knowledge	!PRESA:Illiterate									SOURCEPAGE:p.37
Knowledge (Tactics ~ Shusai)				KEYSTAT:INT	USEUNTRAINED:NO	TYPE:Intelligence.Knowledge												SOURCEPAGE:p.37
Perform (Flower Arranging)				KEYSTAT:CHA	USEUNTRAINED:NO	TYPE:Charisma.Perform													SOURCEPAGE:p.37
Perform (Kabuki ~ Drama)				KEYSTAT:CHA	USEUNTRAINED:NO	TYPE:Charisma.Perform													SOURCEPAGE:p.37
Perform (Noh ~ Poetry/Drama)				KEYSTAT:CHA	USEUNTRAINED:NO	TYPE:Charisma.Perform													SOURCEPAGE:p.37
Perform (Tea Ceremony)					KEYSTAT:CHA	USEUNTRAINED:NO	TYPE:Charisma.Perform													SOURCEPAGE:p.37
Pressure Points						KEYSTAT:WIS	USEUNTRAINED:NO	TYPE:Wisdom							BONUS:SKILL|Heal|2|PRESKILL:1,Pressure Points=5	SOURCEPAGE:p.37
