# CVS $Revision: $ $Author: $ -- Tue Feb 22 10:35:50 2005 -- reformated by prettylst.pl v1.34 (build 455)
SOURCELONG:Legends of the Samurai - Bushido Handbook|SOURCESHORT:LoS-B|SOURCEWEB:http://www.rpgobjects.com/index.php?page=pro&product_id=66

###Block: Agricultural Weapons
# Equipment Name	Output Name			Type									Cost		Weight	Critical Hit Multiplier	Critical Hit Range	Damage	Wield Category	Range		Size		Source Page		Special Property
Kama							TYPE:Weapon.Melee.Agricultural.Piercing			COST:2	WT:2		CRITMULT:x2			CRITRANGE:1			DAMAGE:1d6	WIELD:Light				SIZE:M	SOURCEPAGE:p.55
Kama Yari		OUTPUTNAME:Kama-Yari	TYPE:Weapon.Melee.Agricultural.Piercing			COST:3	WT:3		CRITMULT:x2			CRITRANGE:1			DAMAGE:1d6	WIELD:OneHanded			SIZE:M	SOURCEPAGE:p.55
Kiseru						TYPE:Weapon.Melee.Agricultural.Bludgeoning		COST:1	WT:1		CRITMULT:x2			CRITRANGE:1			DAMAGE:1d4	WIELD:Light				SIZE:M	SOURCEPAGE:p.55
Nunchaku						TYPE:Weapon.Melee.Agricultural.Bludgeoning		COST:2	WT:2		CRITMULT:x2			CRITRANGE:1			DAMAGE:1d6	WIELD:Light				SIZE:M	SOURCEPAGE:p.55
Sai							TYPE:Weapon.Melee.Agricultural.Bludgeoning.Ranged	COST:1	WT:1		CRITMULT:x2			CRITRANGE:1			DAMAGE:1d4	WIELD:Light		RANGE:10	SIZE:M	SOURCEPAGE:p.55	SPROP:+2 on disarm rolls
Scythe						TYPE:Weapon.Melee.Agricultural.Piercing			COST:3	WT:3		CRITMULT:x2			CRITRANGE:1			DAMAGE:1d8	WIELD:TwoHanded			SIZE:M	SOURCEPAGE:p.55
Tonfa							TYPE:Weapon.Melee.Agricultural.Bludgeoning		COST:1	WT:1		CRITMULT:x2			CRITRANGE:1			DAMAGE:1d6	WIELD:Light				SIZE:M	SOURCEPAGE:p.55	SPROP:+2 on blocking rolls

###Block: Bows
# Equipment Name		Output Name				Type								Cost		Weight	Base Quantity	Critical Hit Multiplier	Critical Hit Range	Damage	Wield Category	Range		Size		Source Page		BONUS:DC			Special Property
O Yumi			OUTPUTNAME:O-Yummi		TYPE:Weapon.Ranged.Bows.Piercing			COST:30	WT:2					CRITMULT:x3			CRITRANGE:1			DAMAGE:1d8	WIELD:OneHanded	RANGE:80	SIZE:M	SOURCEPAGE:p.56
Dokyu									TYPE:Weapon.Ranged.Bows.Piercing			COST:300	WT:6					CRITMULT:x3			CRITRANGE:1			DAMAGE:1d8	WIELD:OneHanded	RANGE:60	SIZE:M	SOURCEPAGE:p.56
Hankyu								TYPE:Weapon.Ranged.Bows.Piercing			COST:30	WT:8					CRITMULT:x3			CRITRANGE:1			DAMAGE:1d6	WIELD:TwoHanded	RANGE:60	SIZE:M	SOURCEPAGE:p.56
Azusa Yumi			OUTPUTNAME:Azusa-Yumi		TYPE:Weapon.Ranged.Bows.Piercing			COST:100	WT:1					CRITMULT:x2			CRITRANGE:1			DAMAGE:1d4	WIELD:TwoHanded	RANGE:40	SIZE:M	SOURCEPAGE:p.56	BONUS:DC|TYPE.Arcane|1
Daikyu								TYPE:Weapon.Ranged.Bows.Piercing.Composite	COST:100	WT:2					CRITMULT:x3			CRITRANGE:1			DAMAGE:1d8	WIELD:TwoHanded	RANGE:110	SIZE:M	SOURCEPAGE:p.56
Arrow {Willow Leaf/10}	OUTPUTNAME:Willow Leaf Arrow	TYPE:Ammunition.Standard.Arrow			COST:1	WT:.5		BASEQTY:10																			SOURCEPAGE:p.56					SPROP:+1 damage, -2 penalty to attack against armored opponents
Arrow {Pear Head/10}	OUTPUTNAME:Pear Head Arrow	TYPE:Ammunition.Standard.Arrow			COST:.1	WT:.5		BASEQTY:10																			SOURCEPAGE:p.56
Arrow {Pointed/10}	OUTPUTNAME:Pointed Arrow	TYPE:Ammunition.Standard.Arrow			COST:1	WT:.5		BASEQTY:10																			SOURCEPAGE:p.56					SPROP:+2 circumstance bonus against armored opponent
Arrow {Barbed/10}		OUTPUTNAME:Barbed Arrow		TYPE:Ammunition.Standard.Arrow			COST:5	WT:.5		BASEQTY:10																			SOURCEPAGE:p.56
Arrow {Whistling/10}	OUTPUTNAME:Whistling Arrow	TYPE:Ammunition.Standard.Arrow			COST:1	WT:.5		BASEQTY:10																			SOURCEPAGE:p.56
Arrow {Fire}		OUTPUTNAME:Fire Arrow		TYPE:Ammunition.Standard.Arrow			COST:20	WT:1		BASEQTY:10																			SOURCEPAGE:p.56

###Block: Knives
# Equipment Name	Output Name			Type							Cost		Weight	Critical Hit Multiplier	Critical Hit Range	Damage	Wield Category	Range		Size		Source Page		Special Property
Tanto							TYPE:Weapon.Melee.Piercing.Thrown.Knives	COST:5	WT:1		CRITMULT:x2			CRITRANGE:2			DAMAGE:1d4	WIELD:Light		RANGE:10	SIZE:M	SOURCEPAGE:p.57
Aikuchi						TYPE:Weapon.Melee.Piercing.Thrown.Knives	COST:3	WT:1		CRITMULT:x2			CRITRANGE:1			DAMAGE:1d4	WIELD:Light		RANGE:15	SIZE:M	SOURCEPAGE:p.57	SPROP:Can't be used for blocking
Yoroi Toshi		OUTPUTNAME:Yoroi-Toshi	TYPE:Weapon.Melee.Piercing.Knives		COST:10	WT:2		CRITMULT:x3			CRITRANGE:1			DAMAGE:1d4	WIELD:Light				SIZE:M	SOURCEPAGE:p.57	SPROP:+2 attack bonus against armored opponents
Himo Gatana		OUTPUTNAME:Himo-Gatana	TYPE:Weapon.Melee.Piercing.Thrown.Knives	COST:25	WT:1		CRITMULT:x4			CRITRANGE:2			DAMAGE:1d4	WIELD:Light		RANGE:10	SIZE:M	SOURCEPAGE:p.57	SPROP:Can't be used for blocking
Kogai							TYPE:Weapon.Melee.Piercing.Thrown.Knives	COST:2	WT:.25	CRITMULT:x2			CRITRANGE:1			DAMAGE:1d3	WIELD:Light		RANGE:10	SIZE:M	SOURCEPAGE:p.57	SPROP:Can't be used for blocking

###Block: Ninja
# Equipment Name		Output Name				Type									Alternative Type				Cost		Weight	Base Quantity	Critical Hit Multiplier	Critical Hit Range	Alternative Critical	Alternative Critical Range	Damage	Alternative Damage	Wield Category	Range		Size		Source Page		Bonus to skill		Special Property
Ashiko								TYPE:Weapon.Melee.Piercing.Ninja										COST:10	WT:1																												WIELD:Light				SIZE:M	SOURCEPAGE:p.57	BONUS:SKILL|Climb|2	SPROP:+2 to kick damage and -2 to Move Silently checks if worn indoors
Blowgun								TYPE:Weapon.Ranged.Piercing.Ninja										COST:2	WT:1					CRITMULT:x2			CRITRANGE:1												DAMAGE:1d2					WIELD:TwoHanded	RANGE:20	SIZE:M	SOURCEPAGE:p.57
Hankyu {collapsible}						TYPE:Weapon.Ranged.Piercing.Ninja										COST:45	WT:.5					CRITMULT:x2			CRITRANGE:1												DAMAGE:1d6					WIELD:TwoHanded	RANGE:40	SIZE:M	SOURCEPAGE:p.57
Kusari Gama			OUTPUTNAME:Kusari-Gama		TYPE:Weapon.Melee.Piercing.TwoHanded.Double.Ninja	ALTTYPE:Weapon.Melee.Bludgeoning	COST:5	WT:4					CRITMULT:x2			CRITRANGE:1			ALTCRITICAL:x2		ALTCRITRANGE:1			DAMAGE:1d6	ALTDAMAGE:1d6		WIELD:TwoHanded			SIZE:M	SOURCEPAGE:p.57					SPROP:+2 on grapple and trip attacks
Kyuketsu Shoge		OUTPUTNAME:Kyuketsu-Shoge	TYPE:Weapon.Melee.Piercing.TwoHanded.Double.Ninja	ALTTYPE:Weapon.Melee.Bludgeoning	COST:10	WT:3					CRITMULT:x2			CRITRANGE:1			ALTCRITICAL:x2		ALTCRITRANGE:1			DAMAGE:1d4	ALTDAMAGE:1d4		WIELD:TwoHanded			SIZE:M	SOURCEPAGE:p.57					SPROP:+2 to grapple, trip and disarm rolls
Nage Gama			OUTPUTNAME:Nage-Gama		TYPE:Weapon.Melee.Bludgeoning.TwoHanded.Double.Ninja	ALTTYPE:Weapon.Melee.Bludgeoning	COST:3	WT:2					CRITMULT:x2			CRITRANGE:1			ALTCRITICAL:x2		ALTCRITRANGE:1			DAMAGE:1d6	ALTDAMAGE:1d6		WIELD:TwoHanded			SIZE:M	SOURCEPAGE:p.57					SPROP:+2 to grapple trip attacks
Ninja To			OUTPUTNAME:Ninja-To		TYPE:Weapon.Melee.Slashing.Ninja										COST:2	WT:2					CRITMULT:x2			CRITRANGE:1												DAMAGE:1d6					WIELD:OneHanded			SIZE:M	SOURCEPAGE:p.57
Shuriken								TYPE:Weapon.Melee.Piercing.Ranged.Ninja									COST:10	WT:1		BASEQTY:9		CRITMULT:x2			CRITRANGE:1												DAMAGE:1d4					WIELD:OneHanded	RANGE:10	SIZE:M	SOURCEPAGE:p.57					SPROP:+2 to Bluff checks tso create a diversion to hide
Tekko									TYPE:Weapon.Melee.Piercing.Ninja										COST:10	WT:1																												WIELD:OneHanded			SIZE:M	SOURCEPAGE:p.57	BONUS:SKILL|Climb|2	SPROP:+2 to punch damage and -2 to weapon attack rolls

###Block: Spears and Staves
# Equipment Name	Output Name				Type										Alternative Type				Cost		Weight	Critical Hit Multiplier	Critical Hit Range	Alternative Critical	Alternative Critical Range	Damage	Alternative Damage	Wield Category	Range		Size		Source Page		Special Property
Yari								TYPE:Weapon.Melee.SpearsStaves.Piercing										COST:2	WT:4		CRITMULT:x3			CRITRANGE:1												DAMAGE:1d8					WIELD:TwoHanded	RANGE:20	SIZE:M	SOURCEPAGE:p.58
Naginata							TYPE:Weapon.Melee.SpearsStaves.Slashing.Reach									COST:5	WT:6		CRITMULT:x3			CRITRANGE:1												DAMAGE:1d10					WIELD:TwoHanded			SIZE:M	SOURCEPAGE:p.58
Uchi Ne		OUTPUTNAME:Uchi-Ne		TYPE:Weapon.Melee.SpearsStaves.Piercing										COST:1	WT:1		CRITMULT:x2			CRITRANGE:1												DAMAGE:1d6					WIELD:OneHanded	RANGE:40	SIZE:M	SOURCEPAGE:p.58
Shakujo Yari	OUTPUTNAME:Shakujo-Yari		TYPE:Weapon.Melee.SpearsStaves.Piercing.TwoHanded.Double	ALTTYPE:Weapon.Melee.Bludgeoning	COST:5	WT:4		CRITMULT:x3			CRITRANGE:1			ALTCRITICAL:x3		ALTCRITRANGE:1			DAMAGE:1d8	ALTDAMAGE:1d6		WIELD:TwoHanded	RANGE:20	SIZE:M	SOURCEPAGE:p.58
Futamata Yari	OUTPUTNAME:Futamata-Yari	TYPE:Weapon.Melee.SpearsStaves.Piercing										COST:3	WT:5		CRITMULT:x3			CRITRANGE:1												DAMAGE:1d8					WIELD:TwoHanded	RANGE:20	SIZE:M	SOURCEPAGE:p.58	SPROP:+2 to blocking and disarm rolls
Bo Staff							TYPE:Weapon.Melee.SpearsStaves.Bludgeoning.TwoHanded.Double	ALTTYPE:Weapon.Melee.Bludgeoning	COST:1	WT:2		CRITMULT:x2			CRITRANGE:1			ALTCRITICAL:x2		ALTCRITRANGE:1			DAMAGE:1d6	ALTDAMAGE:1d6		WIELD:TwoHanded			SIZE:M	SOURCEPAGE:p.58	SPROP:+2 to blocking rolls
Jo Staff							TYPE:Weapon.Melee.SpearsStaves.Bludgeoning									COST:1	WT:1		CRITMULT:x2			CRITRANGE:1												DAMAGE:1d4					WIELD:Light				SIZE:M	SOURCEPAGE:p.58
Shakujo							TYPE:Weapon.Melee.SpearsStaves.Bludgeoning.TwoHanded.Double	ALTTYPE:Weapon.Melee.Bludgeoning	COST:300	WT:4		CRITMULT:x2			CRITRANGE:1			ALTCRITICAL:x2		ALTCRITRANGE:1			DAMAGE:1d6	ALTDAMAGE:1d6		WIELD:TwoHanded			SIZE:M	SOURCEPAGE:p.58
Tetsubo							TYPE:Weapon.Melee.SpearsStaves.Bludgeoning.TwoHanded.Double	ALTTYPE:Weapon.Melee.Bludgeoning	COST:5	WT:5		CRITMULT:x2			CRITRANGE:1			ALTCRITICAL:x2		ALTCRITRANGE:1			DAMAGE:1d6	ALTDAMAGE:1d6		WIELD:TwoHanded			SIZE:M	SOURCEPAGE:p.58	SPROP:+2 to grapple checks

###Block: Swords
# Equipment Name	Type							Cost		Weight	Critical Hit Multiplier	Critical Hit Range	Damage	Modifier		Wield Category	Source Page
Daito			TYPE:Weapon.Melee.Swords.Slashing		COST:50	WT:6		CRITMULT:x2			CRITRANGE:3			DAMAGE:2d6	EQMOD:MWORKW	WIELD:TwoHanded	SOURCEPAGE:p.59
Katan			TYPE:Weapon.Melee.Swords.Slashing		COST:30	WT:4		CRITMULT:x2			CRITRANGE:2			DAMAGE:1d10	EQMOD:MWORKW	WIELD:OneHanded	SOURCEPAGE:p.59
Wakizashi		TYPE:Weapon.Melee.Swords.Slashing		COST:10	WT:3		CRITMULT:x2			CRITRANGE:2			DAMAGE:1d8	EQMOD:MWORKW	WIELD:OneHanded	SOURCEPAGE:p.59
Ken			TYPE:Weapon.Melee.Swords.Piercing		COST:15	WT:2		CRITMULT:x2			CRITRANGE:2			DAMAGE:1d6				WIELD:Light		SOURCEPAGE:p.59
Bokken		TYPE:Weapon.Melee.Swords.Bludgeoning	COST:3	WT:2		CRITMULT:x2			CRITRANGE:1			DAMAGE:1d6				WIELD:OneHanded	SOURCEPAGE:p.59

###Block: Exotic
# Equipment Name	Output Name				Type								Cost		Weight	Critical Hit Multiplier	Critical Hit Range	Damage	Wield Category	Source Page
Gunsen							TYPE:Weapon.Melee.Exotic.Bludgeoning		COST:1	WT:1		CRITMULT:x2			CRITRANGE:1			DAMAGE:1d2	WIELD:Light		SOURCEPAGE:p.60
Manriki Gusari	OUTPUTNAME:Manriki-Gusari	TYPE:Weapon.Melee.Exotic.Bludgeoning.Reach	COST:5	WT:3		CRITMULT:x3			CRITRANGE:1			DAMAGE:1d8	WIELD:TwoHanded	SOURCEPAGE:p.60
Tessen							TYPE:Weapon.Melee.Exotic.Bludgeoning		COST:3	WT:1		CRITMULT:x2			CRITRANGE:1			DAMAGE:1d4	WIELD:Light		SOURCEPAGE:p.60
Vajra								TYPE:Weapon.Melee.Exotic.Piercing			COST:10	WT:1		CRITMULT:x2			CRITRANGE:1			DAMAGE:1d4	WIELD:Light		SOURCEPAGE:p.60
