
For Use with Companion Pack  --- Need to figure best method to employ.
Options:
A) GM Policing
B) Overly Zealous Coding
C) Category Stuff
D) PRECLASS stuff



	FOLLOWERS:Companion Pack|9	COMPANIONLIST:Companion Pack|Badger
	FOLLOWERS:Companion Pack|9	COMPANIONLIST:Companion Pack|Camel
	FOLLOWERS:Companion Pack|9	COMPANIONLIST:Companion Pack|Dire Rat
	FOLLOWERS:Companion Pack|9	COMPANIONLIST:Companion Pack|Dog
	FOLLOWERS:Companion Pack|9	COMPANIONLIST:Companion Pack|Dog (Riding)
	FOLLOWERS:Companion Pack|9	COMPANIONLIST:Companion Pack|Eagle
	FOLLOWERS:Companion Pack|9	COMPANIONLIST:Companion Pack|Fox
	FOLLOWERS:Companion Pack|9	COMPANIONLIST:Companion Pack|Hawk
	FOLLOWERS:Companion Pack|9	COMPANIONLIST:Companion Pack|Horse
	FOLLOWERS:Companion Pack|9	COMPANIONLIST:Companion Pack|Owl
	FOLLOWERS:Companion Pack|9	COMPANIONLIST:Companion Pack|Pony
	FOLLOWERS:Companion Pack|9	COMPANIONLIST:Companion Pack|Snake (Small Viper),Snake (Medium Viper)
	FOLLOWERS:Companion Pack|9	COMPANIONLIST:Companion Pack|Wolf


	FOLLOWERS:Companion Pack|8	COMPANIONLIST:Companion Pack|Ape
	FOLLOWERS:Companion Pack|8	COMPANIONLIST:Companion Pack|Bear (Black)
	FOLLOWERS:Companion Pack|8	COMPANIONLIST:Companion Pack|Bison
	FOLLOWERS:Companion Pack|8	COMPANIONLIST:Companion Pack|Boar
	FOLLOWERS:Companion Pack|8	COMPANIONLIST:Companion Pack|Cheetah
	FOLLOWERS:Companion Pack|8	COMPANIONLIST:Companion Pack|Crocodile
	FOLLOWERS:Companion Pack|8	COMPANIONLIST:Companion Pack|Dire Badger
	FOLLOWERS:Companion Pack|8	COMPANIONLIST:Companion Pack|Dire Bat
	FOLLOWERS:Companion Pack|8	COMPANIONLIST:Companion Pack|Dire Fox
	FOLLOWERS:Companion Pack|8	COMPANIONLIST:Companion Pack|Dire Mongoose
	FOLLOWERS:Companion Pack|8	COMPANIONLIST:Companion Pack|Dire Weasel
	FOLLOWERS:Companion Pack|8	COMPANIONLIST:Companion Pack|Leopard
	FOLLOWERS:Companion Pack|8	COMPANIONLIST:Companion Pack|Lizard (Giant)
	FOLLOWERS:Companion Pack|8	COMPANIONLIST:Companion Pack|Shark (Large)
	FOLLOWERS:Companion Pack|8	COMPANIONLIST:Companion Pack|Snake (Constrictor)
	FOLLOWERS:Companion Pack|8	COMPANIONLIST:Companion Pack|Snake (Large Viper)
	FOLLOWERS:Companion Pack|8	COMPANIONLIST:Companion Pack|Wolverine


	FOLLOWERS:Companion Pack|7	COMPANIONLIST:Companion Pack|Bear (Brown)
	FOLLOWERS:Companion Pack|7	COMPANIONLIST:Companion Pack|Crocodile (Giant)
	FOLLOWERS:Companion Pack|7	COMPANIONLIST:Companion Pack|Deinonychus
	FOLLOWERS:Companion Pack|7	COMPANIONLIST:Companion Pack|Dire Ape
	FOLLOWERS:Companion Pack|7	COMPANIONLIST:Companion Pack|Dire Boar
	FOLLOWERS:Companion Pack|7	COMPANIONLIST:Companion Pack|Dire Wolf
	FOLLOWERS:Companion Pack|7	COMPANIONLIST:Companion Pack|Dire Wolverine
	FOLLOWERS:Companion Pack|7	COMPANIONLIST:Companion Pack|Elasmosaurus
	FOLLOWERS:Companion Pack|7	COMPANIONLIST:Companion Pack|Lion
	FOLLOWERS:Companion Pack|7	COMPANIONLIST:Companion Pack|Rhinoceros
	FOLLOWERS:Companion Pack|7	COMPANIONLIST:Companion Pack|Snake (Huge Viper)
	FOLLOWERS:Companion Pack|7	COMPANIONLIST:Companion Pack|Tiger


	FOLLOWERS:Companion Pack|5	COMPANIONLIST:Companion Pack|Bear (Polar)
	FOLLOWERS:Companion Pack|5	COMPANIONLIST:Companion Pack|Dire Lion
	FOLLOWERS:Companion Pack|5	COMPANIONLIST:Companion Pack|Megaraptor
	FOLLOWERS:Companion Pack|5	COMPANIONLIST:Companion Pack|Octopus (Giant)
	FOLLOWERS:Companion Pack|5	COMPANIONLIST:Companion Pack|Shark (Huge)
	FOLLOWERS:Companion Pack|5	COMPANIONLIST:Companion Pack|Snake (Giant Constrictor)
	FOLLOWERS:Companion Pack|5	COMPANIONLIST:Companion Pack|Whale (Orca)


	FOLLOWERS:Companion Pack|3	COMPANIONLIST:Companion Pack|Dire Bear
	FOLLOWERS:Companion Pack|3	COMPANIONLIST:Companion Pack|Elephant


	FOLLOWERS:Companion Pack|1	COMPANIONLIST:Companion Pack|Dire Shark
	FOLLOWERS:Companion Pack|1	COMPANIONLIST:Companion Pack|Dire Tiger
	FOLLOWERS:Companion Pack|1	COMPANIONLIST:Companion Pack|Squid (Giant)
	FOLLOWERS:Companion Pack|1	COMPANIONLIST:Companion Pack|Triceratops
	FOLLOWERS:Companion Pack|1	COMPANIONLIST:Companion Pack|Tyrannosaurus
	

