###Block:Animal Champion ~ (Ape/Dire Ape)
Ape's Agile Clamering		CATEGORY:FEAT	TYPE:Class.Hidden	VISIBLE:NO	SAB:Ape's Agile Clamering (Ex)	BONUS:SKILL|Climb|4|TYPE=Competence
Ape's Mimicry			CATEGORY:FEAT	TYPE:Class.Hidden	VISIBLE:NO	SAB:Ape's Mimicry (Ex)	BONUS:SKILL|Disguise|4|TYPE=Competence
Ape's Muteness			CATEGORY:FEAT	TYPE:Class.Hidden	VISIBLE:NO	SAB:Ape's Muteness (Sp)	SPELLS:Class|CASTERLEVEL=9|True Seeing

###Block:Animal Champion ~ (Badger/Dire Badger)
Badger's Fury	CATEGORY:FEAT	TYPE:Class.Hidden	VISIBLE:NO	SAB:Badger's Fury (Ex)	BONUS:STAT|STR,CON|4|PREAPPLY:PC	BONUS:COMBAT|AC|-2|PREAPPLY:PC
Badger's Luck	CATEGORY:FEAT	TYPE:Class.Hidden	VISIBLE:NO	SAB:Badger's Luck (Sp)
Badger's Tenacity	CATEGORY:FEAT	TYPE:Class.Hidden	VISIBLE:NO	SAB:Badger's Tenacity (Ex)	BONUS:CHECKS|ALL|2|TYPE=Morale|PREAPPLY:PC	BONUS:COMBAT|TOHIT|2|TYPE=Morale|PREAPPLY:PC

###Block:Animal Champion ~ (Dire Bat)
Blindsight			CATEGORY:FEAT	TYPE:Class.Hidden	VISIBLE:NO	SAB:Blindsight (Ex)	VISION:Blindsight	BONUS:VISION|Blindsight|BlindsightRange	DEFINE:BlindsightRange|0	
Improved Blindsight	CATEGORY:FEAT	TYPE:Class.Hidden	VISIBLE:NO	SAB:Improved Blindsight (Ex)	BONUS:SKILL|Spot,Listen|4|TYPE=Innate
Bat's Uncanny Travel	CATEGORY:FEAT	TYPE:Class.Hidden	VISIBLE:NO	SAB:Bat's Uncanny Travel (Sp)	SPELLS:Class|TIMEUNIT=Month|Ethereal Jaunt

###Block:Animal Champion ~ (Bear)
Bearhug	CATEGORY:FEAT	TYPE:Class.Hidden	VISIBLE:NO	SAB:Bearhug (Ex)
Bearpaw's Nourishment	CATEGORY:FEAT	TYPE:Class.Hidden	VISIBLE:NO	SAB:Bearpaw's Nourishment (Su)	
Bear's Loyalty	CATEGORY:FEAT	TYPE:Class.Hidden	VISIBLE:NO	SAB:Bear's Loyalty (Ex)

###Block:Animal Champion ~ (Bison)
Bison's Rush	CATEGORY:FEAT	TYPE:Class.Hidden	VISIBLE:NO	SAB:Bison's Rush (Ex)
Bison's Sharp Ears	CATEGORY:FEAT	TYPE:Class.Hidden	VISIBLE:NO	SAB:Bison's Sharp Ears (Ex)	BONUS:SKILL|Listen|4|TYPE=Innate
Bison Dance	CATEGORY:FEAT	TYPE:Class.Hidden	VISIBLE:NO	SAB:Bison Dance (Sp)

###Block:Animal Champion ~ (Boar/Dire Boar)	PREFEAT:Improved Overrun
Boar's Ferocity	CATEGORY:FEAT	TYPE:Class.Hidden	VISIBLE:NO	SAB:Boar's Ferocity (Ex)
Boar's Charge	CATEGORY:FEAT	TYPE:Class.Hidden	VISIBLE:NO	SAB:Boar's Charge (Ex)
Boar's Cunning	CATEGORY:FEAT	TYPE:Class.Hidden	VISIBLE:NO	SAB:Boar's Cunning (Sp)	SPELLS:Class|TIMES=2|True Strike

###Block:Animal Champion ~ (Camel)	PREFEAT:1,Endurance
Camel's Wilful Fortitude	CATEGORY:FEAT	TYPE:Class.Hidden	VISIBLE:NO	SAB:Camel's Wilful Fortitude (Ex)	BONUS:CHECKS|Fortitude|min(WIS),0
Camel's Fortified Will		CATEGORY:FEAT	TYPE:Class.Hidden	VISIBLE:NO	SAB:Camel's Fortified Will (Ex)	BONUS:CHECKS|Will|min(CON),0
Camel's Hardiness			CATEGORY:FEAT	TYPE:Class.Hidden	VISIBLE:NO	SAB:Camel's Hardiness (Ex)

###Block:Animal Champion ~ (Cheetah)	PREFEAT:1,Run
Cheetah's Run	CATEGORY:FEAT	TYPE:Class.Hidden	VISIBLE:NO	SAB:Cheetah's Run (Ex)		BONUS:MOVEADD|TYPE.Walk|10|TYPE=FastMovement|PREVAREQ:var("COUNT[EQTYPE.ARMOR.EQUIPPED.IS.MEDIUM]"),0,var("COUNT[EQTYPE.ARMOR.EQUIPPED.IS.HEAVY]"),0
#bonus:moveadd|10 only if in no or light armor, no med or hvy load, not culm w/ fast movement from other classes
Cheetah's Sprint	CATEGORY:FEAT	TYPE:Class.Hidden	VISIBLE:NO	SAB:Cheetah's Sprint (Ex)
Pounce		CATEGORY:FEAT	TYPE:Class.Hidden	VISIBLE:NO	SAB:Pounce (Ex)	BONUS:SKILL|Jump|4|TYPE=Innate

###Block:Animal Champion ~ (Croodile)	PREFEAT:1,Toughness
Crocodile's Ambush	CATEGORY:FEAT	TYPE:Class.Hidden	VISIBLE:NO	SAB:Crocodile's Ambush (Ex)
Crocodile's Scales	CATEGORY:FEAT	TYPE:Class.Hidden	VISIBLE:NO	SAB:Crocodile's Scales (Ex)	BONUS:COMBAT|AC|2|TYPE=NaturalArmor
Crocodile Tears	CATEGORY:FEAT	TYPE:Class.Hidden	VISIBLE:NO	SAB:Crocodile Tears (Ex)

###Block:Animal Champion ~ (Dinosaur)	PREMULT:2,[PREFEAT:1,Power Attack],[PREFEAT:2,Improved Sunder,Sunder]
Dinosaur Sunder	CATEGORY:FEAT	TYPE:Class.Hidden	VISIBLE:NO	SAB:Dinosaur Sunder (Ex)
Dinosaur Strength	CATEGORY:FEAT	TYPE:Class.Hidden	VISIBLE:NO	SAB:Dinosaur Strength (Ex)
Terrible Lizard	CATEGORY:FEAT	TYPE:Class.Hidden	VISIBLE:NO	SAB:Terrible Lizard (Ex)	

###Block:Animal Champion ~ (Dog/Riding Dog)	PREFEAT:1,Track
Dog's Nose		CATEGORY:FEAT	TYPE:Class.Hidden	VISIBLE:NO	SAB:Dog's Nose (Ex)	BONUS:SKILL|Search|2|TYPE=Innate
Doggedness		CATEGORY:FEAT	TYPE:Class.Hidden	VISIBLE:NO	SAB:Doggedness (Ex)	BONUS:CHECKS|Fortitude|2|TYPE=Innate
Dog Guardian	CATEGORY:FEAT	TYPE:Class.Hidden	VISIBLE:NO	SAB:Dog Guardian (Ex)

###Block:Animal Champion ~ (Eagle)			PREFEAT:1,Alertness
Eagle's Eyes	CATEGORY:FEAT	TYPE:Class.Hidden	VISIBLE:NO	SAB:Eagle's Eyes (Ex)
Eagle Strike	CATEGORY:FEAT	TYPE:Class.Hidden	VISIBLE:NO	SAB:Eagle Strike (Su)	BONUS:SKILL|TYPE.Charisma|1|TYPE=Innate
Eagle's Cry	CATEGORY:FEAT	TYPE:Class.Hidden	VISIBLE:NO	SAB:Eagle's Cry (Sp)	SPELLS:Class|TIMEUNIT=Month|Finger of Death
#Need casterlevel and DC  10+CHA+Spell Level

###Block:Animal Champion ~ (Elephant)	PREFEAT:1,Skill Focus(Diplomacy)
Elephant's Nobility	CATEGORY:FEAT	TYPE:Class.Hidden	VISIBLE:NO	SAB:Elephant's Nobility (Ex)	BONUS:SKILL|Diplomacy|4|TYPE=Competence
Elephant's Memory	CATEGORY:FEAT	TYPE:Class.Hidden	VISIBLE:NO	SAB:Elephant's Memory(Ex)	BONUS:SKILL|TYPE.Knowledge|2|TYPE=Competence
Elephant's Blessing	CATEGORY:FEAT	TYPE:Class.Hidden	VISIBLE:NO	SAB:Elephant's Blessing (Sp)	SPELLS:Class|Righteous Blessing

###Block:Animal Champion ~ (Fox)	PREFEAT:1,Skill Focus(Bluff)
Fox's Cunning	CATEGORY:FEAT	TYPE:Class.Hidden	VISIBLE:NO	SAB:Fox's Cunning	BONUS:SKILL|Bluff,Gather Information|3|TYPE=Competence
Foxtongue		CATEGORY:FEAT	TYPE:Class.Hidden	VISIBLE:NO	SAB:Foxtongue (Sp)
Foxtail Flight	CATEGORY:FEAT	TYPE:Class.Hidden	VISIBLE:NO	SAB:Foxtail Flight (Sp)	SPELLS:Class|TIMES=3|Foxtail Flight

###Block:Animal Champion ~ (Hawk)	PREFEAT:1,Skill Focus
Hawkeye			CATEGORY:FEAT	TYPE:Class.Hidden	VISIBLE:NO	SAB:Hawkeye	BONUS:SKILL|Spot|4|TYPE=Competence
Sunhawk			CATEGORY:FEAT	TYPE:Class.Hidden	VISIBLE:NO	SAB:Sunhawk (Sp)	SPELLS:Class|TIMES=3|Searing Light
Sunhawk (Fire Shield)	CATEGORY:FEAT	TYPE:Class.Hidden	VISIBLE:NO				SPELLS:Class|TIMES=3|Fire Shield

###Block:Animal Champion ~ (Horse/Pony)		PREFEAT:1,Skill Focus(Ride)
Horse's Surefootedness	CATEGORY:FEAT	TYPE:Class.Hidden	VISIBLE:NO	SAB:Horse's Surefootedness
Born to the Saddle	CATEGORY:FEAT	TYPE:Class.Hidden	VISIBLE:NO	SAB:Born to the Saddle	BONUS:SKILL|Ride|2|TYPE=Circumstance|PREAPPLY:PC	BONUS:COMBAT|TOHIT,DAMAGE|2|TYPE=Competence|PREAPPLY:PC
Horse and Hattock		CATEGORY:FEAT	TYPE:Class.Hidden	VISIBLE:NO	SAB:Horse and Hattock (Sp)	SPELLS:Class|Dimension Door

###Block:Animal Champion ~ (Leopard/Wildcat/Dire Wildcat/Lynx/Caracal)	PREFEAT:1,Stealthy
Camouflage	CATEGORY:FEAT	TYPE:Class.Hidden	VISIBLE:NO	SAB:Camouflage (Ex)
Hide in Plain Sight	CATEGORY:FEAT	TYPE:Class.Hidden	VISIBLE:NO	SAB:Hide in Plain Sight
#Pounce

###Block:Animal Champion ~ (Lion/Dire Lion)	PREFEAT:2,Skill Focus(Intimidate),Wild Empathy
#Pounce
Lion's Roar	CATEGORY:FEAT	TYPE:Class.Hidden	VISIBLE:NO	SAB:Lion's Roar (Sp)	SPELLS:Class|TIMES=3|Fear
Lion's Regal Bearing	CATEGORY:FEAT	TYPE:Class.Hidden	VISIBLE:NO	SAB:Lion's Regal Bearing (Ex)	BONUS:SKILL|Diplomacy,Intimidate|3|TYPE=Competence		BONUS:VAR|WildEmpathy|2

###Block:Animal Champion ~ (Giant Lizard)
Lizard's Tongue	CATEGORY:FEAT	TYPE:Class.Hidden	VISIBLE:NO	SAB:Lizard's Tongue (Ex)	BONUS:SKILL|Search|4|TYPE=Competence
Lizard's Sunbeam	CATEGORY:FEAT	TYPE:Class.Hidden	VISIBLE:NO	SAB:Lizard's Sunbeam (Sp)	SPELLS:Class|Sunbeam
Lizard's Regeneration	CATEGORY:FEAT	TYPE:Class.Hidden	VISIBLE:NO	SAB:Lizard's Regeneration (Ex)	

###Block:Animal Champion ~ (Dire Mongoose)	PREFEAT:1,Improved Initiative
Mongoose's Quickness	CATEGORY:FEAT	TYPE:Class.Hidden	VISIBLE:NO	SAB:Mongoose's Quickness (Ex)	BONUS:COMBAT|INITIATIVE|4|TYPE=Competence
Mongoose's Stubbornness	CATEGORY:FEAT	TYPE:Class.Hidden	VISIBLE:NO	SAB:Mongoose's Stubbornness (Ex)
Mongoose's Retaliation	CATEGORY:FEAT	TYPE:Class.Hidden	VISIBLE:NO	SAB:Mongoose's Retaliation (Ex)	BONUS:COMBAT|TOHIT,DAMAGE|INT|PREAPPLY:PC

###Block:Animal Champion ~ (Octopus/Giant Squid)
Water Breathing	CATEGORY:FEAT	TYPE:Class.Hidden	VISIBLE:NO	SAB:Water Breathing (Sp)	SPELLS:Class|TIMES=3|Water Breathing
#Camouflage
Darkness		CATEGORY:FEAT	TYPE:Class.Hidden	VISIBLE:NO	SAB:Darkness (Sp)	SPELLS:Class|TIMES=3|Darkness

###Block:Animal Champion ~ (Owl)	PREFEAT:1,Skill Focus(Knowledge%)
Owl's Insight	CATEGORY:FEAT	TYPE:Class.Hidden	VISIBLE:NO	SAB:Owl's Insight (Su)	BONUS:COMBAT|AC|INT|TYPE=Insight
Owl's Cry		CATEGORY:FEAT	TYPE:Class.Hidden	VISIBLE:NO	SAB:Owl's Cry (Sp)	SPELLS:Class|TIMES=3|Bestow Curse
Owl's Knowledge	CATEGORY:FEAT	TYPE:Class.Hidden	VISIBLE:NO	SAB:Owl's Knowledge (Sp)	SPELLS:Class|TIMEUNIT=Week|Legend Lore

###Block:Animal Champion ~ (Dire Rat)	PREFEAT:1,Skill Focus(Disarm Device),Skill Focus(Disable Device)
#Trap Sense +2	CATEGORY:FEAT	TYPE:Class.Hidden	VISIBLE:NO	SAB:Trap Sense (Ex)	
#Trap Sense +4	CATEGORY:FEAT	TYPE:Class.Hidden	VISIBLE:NO	SAB:
Diseased Weapons	CATEGORY:FEAT	TYPE:Class.Hidden	VISIBLE:NO	SAB:Diseased Weapons (Ex)

###Block:Animal Champion ~ (Rhinoceros)	PREFEAT:1,Improved Overrun
Rhino's Charge		CATEGORY:FEAT	TYPE:Class.Hidden	VISIBLE:NO	SAB:Rhino's Charge (Ex)	
Rhino's Purifying Horn	CATEGORY:FEAT	TYPE:Class.Hidden	VISIBLE:NO	SAB:Rhino's Purifying Horn (Sp)	SPELLS:Class|TIMES=3|Neuralize Poison
Rhino's Healing Horn	CATEGORY:FEAT	TYPE:Class.Hidden	VISIBLE:NO	SAB:Rhino's Healing Horn (Sp)	SPELLS:Class|TIMES=3|Cure Critical

###Block:Animal Champion ~ (Shark any)
Water Breathing	CATEGORY:FEAT	TYPE:Class.Hidden	VISIBLE:NO	SAB:
Shark's Skin	CATEGORY:FEAT	TYPE:Class.Hidden	VISIBLE:NO	SAB:Shark's Skin (Ex)	BONUS:COMBAT|AC|1|TYPE=NaturalArmor	BONUS:SKILL|Swim|1|TYPE=Innate
Shark's Tracking	CATEGORY:FEAT	TYPE:Class.Hidden	VISIBLE:NO	SAB:Shark's Tracking (Ex)

###Block:Animal Champion ~ (Snake any)	PREFEAT:1,Persuasive
Snake's Forked Tongue	CATEGORY:FEAT	TYPE:Class.Hidden	VISIBLE:NO	SAB:Snake's Forked Tongue (Ex)	BONUS:SKILL|Bluff|4|TYPE=Innate
Snake Eyes			CATEGORY:FEAT	TYPE:Class.Hidden	VISIBLE:NO	SAB:Snake Eyes (Sp)	SPELLS:Class|TIMES=ATWILL|Hold Animal	SPELLS:Class|Hold Person|Hold Monster
Snake's Healing Slough	CATEGORY:FEAT	TYPE:Class.Hidden	VISIBLE:NO	SAB:Snake's Healing Slough (Sp)	SPELLS:Class|Heal	

###Block:Animal Champion ~ (Tiger/Dire Tiger)	PREFEAT:1,Skill Focus(Move Silently)
#Pounce
#Camouflage
Tiger's Fearful Symmetry	CATEGORY:FEAT	TYPE:Class.Hidden	VISIBLE:NO	SAB:Tiger's Fearful Symmetry (Sp)	SPELLS:Class|TIMES=3|Phantasmal Killer

###Block:Animal Champion ~ (Dire Weasel)	PREFEAT:2,Skill Focus(Appraise),Skill Focus(Sleight of Hand)
Weasel's Gaze		CATEGORY:FEAT	TYPE:Class.Hidden	VISIBLE:NO	SAB:Weasel's Gaze (Ex)	CSKILL:Appraise|Sleight of Hand
Weasel's Sneakiness	CATEGORY:FEAT	TYPE:Class.Hidden	VISIBLE:NO	SAB:Weasel's Sneakiness (Ex)	ABILITY:FEAT|AUTOMATIC|Sneak Attack		BONUS:VAR|SneakAttack|2
Weasel's Acumen		CATEGORY:FEAT	TYPE:Class.Hidden	VISIBLE:NO	SAB:Weasel's Acumen (Ex)	BONUS:SKILL|Appraise|2|TYPE=Competence

###Block:Animal Champion ~ (Whale)
Aquatic Adaptation	CATEGORY:FEAT	TYPE:Class.Hidden	VISIBLE:NO	SAB:Aquatic Adaptation (Ex)
Smooth Waters	CATEGORY:FEAT	TYPE:Class.Hidden	VISIBLE:NO	SAB:Smooth Waters (Sp)	SPELLS:Class|Control Weather
Whale's Archives	CATEGORY:FEAT	TYPE:Class.Hidden	VISIBLE:NO	SAB:Whale's Archives (Sp)	SPELLS:Class|Commune|Commune with Nature

###Block:Animal Champion ~ (Wolf/Dire Wolf)	PREFEAT:1,Improved Trip
Wolf Trip	CATEGORY:FEAT	TYPE:Class.Hidden	VISIBLE:NO	SAB:Wolf Trip (Ex)
Wolf Lope	CATEGORY:FEAT	TYPE:Class.Hidden	VISIBLE:NO	SAB:Wolf Lope (Ex)	BONUS:MOVEADD|TYPE.Walk|10|TYPE=FastMovement
#Not stackable with Fast Movement CLass Features - Using Class to add to any other Bonus moves.
Wolf Growl	CATEGORY:FEAT	TYPE:Class.Hidden	VISIBLE:NO	SAB:Wolf Growl (Su)

###Block:Animal Champion ~ (Wolverive)	PREFEAT:2,Iron Will,Skill Focus(Bluff)
Wolverine's Steadfastness	CATEGORY:FEAT	TYPE:Class.Hidden	VISIBLE:NO	SAB:Wolverine's Steadfastness (Ex)	
Wolverine's Tricks	CATEGORY:FEAT	TYPE:Class.Hidden	VISIBLE:NO	SAB:Wolverine's Tricks (Sp)	SPELLS:Class|TIMES=ATWILL|Ghost Sound	SPELLS:Class|TIMES=3|Ventriloquism|Change Self	SPELLS:Class|Mirror Image|Minor Image
Wolverine's Fearlessness	CATEGORY:FEAT	TYPE:Class.Hidden	VISIBLE:NO	SAB:Wolverine's Fearlessness (Ex)

