# CVS $Revision: 8900 $ $Author: eddyanthony $ -- Tue Apr  2 11:36:27 2013 -- reformated by prettylst.pl v1.50 (build 19790)
SOURCELONG:Stolen Land	SOURCESHORT:PF31	SOURCEWEB:http://paizo.com/pathfinder/adventurePath/kingmaker/v5748btpy8dhc	SOURCEDATE:2010-03
# Original Entry by: Stefan Radermacher

STARTPACK:Dragon (Faerie) Default	TYPE:DefaultMonster.Dragon	VISIBLE:QUALIFY	EQUIPBUY:0	PREMULT:1,[!PRERACE:1,%],[PRERACE:1,Dragon (Faerie)]	SOURCEPAGE:p.9
STAT:STR=11|DEX=11|CON=11|INT=10|WIS=10|CHA=10
RACE:Dragon (Faerie)	!PRERACE:1,%
NAME:Faerie Dragon
ALIGN:CG
SKILL:Acrobatics		RANK:3
SKILL:Bluff			RANK:3
SKILL:Diplomacy		RANK:3
SKILL:Fly			RANK:3
SKILL:Perception		RANK:3
SKILL:Sense Motive	RANK:3
SKILL:Stealth		RANK:3
SKILL:Swim			RANK:3
SKILL:Use Magic Device	RANK:3
ABILITY:CATEGORY=FEAT|Acrobatic
ABILITY:CATEGORY=FEAT|Dodge
SPELLS:SPELLBOOK=Known Spells|CLASS=Sorcerer|Grease|Silent Image|Sleep
SPELLS:SPELLBOOK=Known Spells|CLASS=Sorcerer|Dancing Lights|Flare|Ghost Sound|Mage Hand|Open/Close


STARTPACK:NPC (Davik Nettles)	TYPE:NPC	VISIBLE:QUALIFY	EQUIPBUY:0	PREMULT:1,[!PRERACE:1,%],[PRERACE:1,Davik Nettles]	SOURCEPAGE:p.26	NAMEISPI:YES
RACE:Unique (Davik Nettles)	!PRERACE:1,%
GENDER:Male
NAME:Davik Nettles
ALIGN:NE
STAT:STR=11|DEX=11|CON=10|INT=11|WIS=10|CHA=10
SKILL:Climb		RANK:4
SKILL:Perception	RANK:4
SKILL:Swim		RANK:4
ABILITY:CATEGORY=FEAT|Ability Focus (Fear Gaze)
ABILITY:CATEGORY=FEAT|Power Attack
GEAR:Ranseur	LOCATION:Both Hands	EQMOD:PLUS1W


STARTPACK:Carbuncle Default	TYPE:DefaultMonster.Dragon	VISIBLE:QUALIFY	EQUIPBUY:0	PREMULT:1,[!PRERACE:1,%],[PRERACE:1,Carbuncle]	SOURCEPAGE:p.9
STAT:STR=11|DEX=11|CON=10|INT=10|WIS=11|CHA=10
RACE:Carbuncle	!PRERACE:1,%
NAME:Carbuncle
ALIGN:TN
SKILL:Survival	RANK:2
ABILITY:CATEGORY=FEAT|Iron Will

#
# End
#
