# CVS $Revision: $ $Author: $ -- Thu Jul 14 17:45:41 2011 -- reformated by prettylst.pl v1.39 (build )
# Spell Name			Classes of caster									School			Sub-School			Spell Descriptors
Parsing all SRD entries
Acidic Spray			CLASSES:Magus,Sorcerer,Wizard=5						SCHOOL:Conjuration	SUBSCHOOL:Creation	DESCRIPTOR:Acid
Acute Senses			CLASSES:Alchemist,Bard,Inquisitor,Ranger=2				SCHOOL:Transmutation
Age Resistance			CLASSES:Alchemist=4|Druid,Sorcerer,Witch,Wizard=6			SCHOOL:Transmutation
Age Resistance (Greater)	CLASSES:Alchemist=5|Druid,Sorcerer,Witch,Wizard=7			SCHOOL:Transmutation
Age Resistance (Lesser)		CLASSES:Alchemist=3|Druid,Sorcerer,Witch,Wizard=4			SCHOOL:Transmutation
Agonize				CLASSES:Cleric,Summoner=3|Sorcerer,Wizard=4				SCHOOL:Evocation						DESCRIPTOR:Evil|Pain
Allegro				CLASSES:Bard=2									SCHOOL:Transmutation
Animate Dead (Lesser)		CLASSES:Cleric=2|Sorcerer,Wizard=3						SCHOOL:Necromancy						DESCRIPTOR:Evil
Anthropomorphic Animal		CLASSES:Druid,Sorcerer,Witch,Wizard=3					SCHOOL:Transmutation	SUBSCHOOL:Polymorph
Anticipate Peril			CLASSES:Alchemist,Bard,Ranger,Sorcerer,Wizard=1				SCHOOL:Divination
Arboreal Hammer			CLASSES:Druid=4									SCHOOL:Transmutation
Arcana Theft			CLASSES:Magus=4									SCHOOL:Abjuration
Archon's Aura			CLASSES:Cleric,Paladin=3							SCHOOL:Evocation						DESCRIPTOR:Good|Lawful
Arrow of Law			CLASSES:Cleric,Paladin=2							SCHOOL:Evocation						DESCRIPTOR:Lawful
Ash Storm				CLASSES:Druid,Sorcerer,Witch,Wizard=3					SCHOOL:Conjuration	SUBSCHOOL:Creation	DESCRIPTOR:Fire
Astral Projection (Lesser)	CLASSES:Cleric,Sorcerer,Wizard=5						SCHOOL:Necromancy
Atavism				CLASSES:Druid=4									SCHOOL:Transmutation
Atavism (Mass)			CLASSES:Druid=8									SCHOOL:Transmutation
Aura of Doom			CLASSES:Cleric=4									SCHOOL:Necromancy						DESCRIPTOR:Emotion|Fear|Mind-Affecting
Badger's Ferocity			CLASSES:Ranger,Sorcerer,Wizard=2|Cleric,Druid=3				SCHOOL:Transmutation
Battlemind Link			CLASSES:Inquisitor=4|Sorcerer,Wizard=6					SCHOOL:Divination						DESCRIPTOR:Mind-Affecting
Bestow Grace of the Champion	CLASSES:Paladin=4|Cleric=7							SCHOOL:Transmutation					DESCRIPTOR:Good|Law
Blade of Bright Victory		CLASSES:Paladin=3									SCHOOL:Transmutation					DESCRIPTOR:Good
Blade of Dark Triumph		CLASSES:Antipaladin=3								SCHOOL:Transmutation					DESCRIPTOR:Evil
Blessing of the Mole		CLASSES:Cleric,Inquisitor,Paladin,Ranger=3				SCHOOL:Transmutation
Blood Crow Strike			CLASSES:Cleric=4									SCHOOL:Evocation						DESCRIPTOR:Evil|Fire
Blood Mist				CLASSES:Druid=8									SCHOOL:Conjuration	SUBSCHOOL:Creation	DESCRIPTOR:Poison
Blood Transcription		CLASSES:Alchemist,Magus,Witch,Wizard=2					SCHOOL:Divination						DESCRIPTOR:Evil
Boiling Blood			CLASSES:Bard,Cleric,Sorcerer,Witch,Wizard=2				SCHOOL:Transmutation
Bungle				CLASSES:Sorcerer,Witch,Wizard=1						SCHOOL:Enchantment	SUBSCHOOL:Compulsion
Burrow				CLASSES:Alchemist,Druid,Ranger,Sorcerer,Wizard=3			SCHOOL:Transmutation
Burst of Nettles			CLASSES:Druid=3									SCHOOL:Conjuration					DESCRIPTOR:Acid
Cackling Skull			CLASSES:Witch=3									SCHOOL:Illusion		SUBSCHOOL:Glamer
Call Construct			CLASSES:Cleric,Sorcerer,Wizard=8						SCHOOL:Conjuration	SUBSCHOOL:Teleportation
Cape of Wasps			CLASSES:Druid,Witch=4								SCHOOL:Conjuration	SUBSCHOOL:Summoning
Caustic Eruption			CLASSES:Sorcerer,Wizard=7							SCHOOL:Conjuration	SUBSCHOOL:Creation	DESCRIPTOR:Acid
Chord of Shards			CLASSES:Bard=1									SCHOOL:Evocation
Circle of Clarity			CLASSES:Cleric,Sorcerer,Wizard=7						SCHOOL:Abjuration
Cold Ice Strike			CLASSES:Cleric,Sorcerer,Wizard=6						SCHOOL:Evocation						DESCRIPTOR:Cold
Compassionate Ally		CLASSES:Sorcerer,Wizard=2|Bard=2;						SCHOOL:Enchantment	SUBSCHOOL:Compulsion	DESCRIPTOR:Emotion|Mind-Affecting
Conjure Black Pudding		CLASSES:Summoner=5|Sorcerer,Wizard=6					SCHOOL:Conjuration	SUBSCHOOL:Summoning	DESCRIPTOR:Acid
Contagion (Greater)		CLASSES:Cleric,Druid,Witch=5|Sorcerer,Wizard=6				SCHOOL:Necromancy						DESCRIPTOR:Disease|Evil
Control Construct			CLASSES:Sorcerer,Wizard=7							SCHOOL:Transmutation
Control Summoned Creature	CLASSES:Bard,Summoner=3|Cleric,Sorcerer,Wizard=4			SCHOOL:Enchantment	SUBSCHOOL:Compulsion	DESCRIPTOR:Mind-Affecting
Corrosive Consumption		CLASSES:Magus,Sorcerer,Wizard=5						SCHOOL:Conjuration	SUBSCHOOL:Creation	DESCRIPTOR:Acid
Corrosive Touch			CLASSES:Magus,Sorcerer,Summoner,Wizard=1					SCHOOL:Conjuration	SUBSCHOOL:Creation	DESCRIPTOR:Acid
Countless Eyes			CLASSES:Alchemist,Inquisitor,Sorcerer,Witch,Wizard=3			SCHOOL:Transmutation
Create Demiplane			CLASSES:Summoner=6|Cleric,Sorcerer,Witch,Wizard=8			SCHOOL:Conjuration	SUBSCHOOL:Creation
Create Demiplane (Greater)	CLASSES:Cleric,Sorcerer,Witch,Wizard=9					SCHOOL:Conjuration	SUBSCHOOL:Creation
Create Demiplane (Lesser)	CLASSES:Summoner=5|Cleric,Sorcerer,Witch,Wizard=7			SCHOOL:Conjuration	SUBSCHOOL:Creation
Curse (Major)			CLASSES:Cleric,Witch=5|Sorcerer,Wizard=6					SCHOOL:Necromancy						DESCRIPTOR:Curse
Curse of Disgust			CLASSES:Bard=3|Sorcerer,Witch,Wizard=5					SCHOOL:Enchantment					DESCRIPTOR:Compulsion|Curse|Emotion|Mind-Affecting
Curse of Magic Negation		CLASSES:Inquisitor,Sorcerer,Witch,Wizard=4|Cleric=5			SCHOOL:Abjuration						DESCRIPTOR:Curse
Cursed Earth			CLASSES:Cleric,Sorcerer,Witch,Wizard=9					SCHOOL:Necromancy						DESCRIPTOR:Curse|Evil
Cushioning Bands			CLASSES:Sorcerer,Summoner,Wizard=2						SCHOOL:Conjuration	SUBSCHOOL:Creation	DESCRIPTOR:Force
Dance of a Hundred Cuts		CLASSES:Bard=4									SCHOOL:Transmutation
Dance of a Thousand Cuts	CLASSES:Bard=6									SCHOOL:Transmutation
Darkvision (Greater)		CLASSES:Alchemist,Antipaladin,Ranger,Sorcerer,Wizard=4		SCHOOL:Transmutation
Daze (Mass)				CLASSES:Bard,Inquisitor,Sorcerer,Summoner,Witch,Wizard=4		SCHOOL:Enchantment	SUBSCHOOL:Compulsion	DESCRIPTOR:Mind-Affecting
Defensive Shock			CLASSES:Alchemist,Magus,Sorcerer,Wizard=2					SCHOOL:Evocation						DESCRIPTOR:Electricity
Delay Pain				CLASSES:Bard,Cleric,Inquisitor,Sorcerer,Witch,Wizard=2		SCHOOL:Enchantment					DESCRIPTOR:Emotion
Delusional Pride			CLASSES:Bard,Sorcerer,Witch,Wizard=1					SCHOOL:Enchantment	SUBSCHOOL:Compulsion	DESCRIPTOR:Emotion|Mind-Affecting
Disfiguring Touch			CLASSES:Cleric,Sorcerer,Witch,Wizard=2					SCHOOL:Transmutation					DESCRIPTOR:Curse
Disguise Other			CLASSES:Bard,Inquisitor,Sorcerer,Wizard=2					SCHOOL:Illusion		SUBSCHOOL:Glamer
Distracting Cacophony		CLASSES:Bard=2|Sorcerer,Wizard=3						SCHOOL:Evocation						DESCRIPTOR:Sonic
Distressing Tone			CLASSES:Bard,Inquisitor=2							SCHOOL:Evocation						DESCRIPTOR:Sonic
Divine Pursuit			CLASSES:Inquisitor=5								SCHOOL:Transmutation
Dread Bolt				CLASSES:Cleric=2									SCHOOL:Evocation						DESCRIPTOR:Evil
Eagle Aerie				CLASSES:Druid,Summoner=6							SCHOOL:Conjuration	SUBSCHOOL:Summoning	DESCRIPTOR:Good
Ear-Piercing Scream		CLASSES:Bard,Inquisitor,Sorcerer,Witch,Wizard=1				SCHOOL:Evocation						DESCRIPTOR:Sonic
Echolocation			CLASSES:Alchemist,Bard,Druid=4|Sorcerer,Wizard=5			SCHOOL:Transmutation					DESCRIPTOR:Sonic
Eldritch Fever			CLASSES:Inquisitor,Sorcerer,Witch,Wizard=3				SCHOOL:Necromancy						DESCRIPTOR:Curse|Disease|Evil
Envious Urge			CLASSES:Bard=4|Sorcerer,Wizard=6						SCHOOL:Enchantment	SUBSCHOOL:Compulsion	DESCRIPTOR:Emotion|Mind-Affecting
Epidemic				CLASSES:Cleric,Druid,Witch=6|Sorcerer,Wizard=7				SCHOOL:Necromancy						DESCRIPTOR:Disease|Evil
Eruptive Pustules			CLASSES:Alchemist,Sorcerer,Witch,Wizard=3					SCHOOL:Transmutation					DESCRIPTOR:Acid
Excruciating Deformation	CLASSES:Sorcerer,Witch,Wizard=3						SCHOOL:Transmutation	SUBSCHOOL:Polymorph	DESCRIPTOR:Evil|Pain
Exquisite Accompaniment		CLASSES:Bard=3									SCHOOL:Illusion		SUBSCHOOL:Shadow		DESCRIPTOR:Shadow
False Life (Greater)		CLASSES:Alchemist,Sorcerer,Witch,Wizard=4					SCHOOL:Necromancy
Familiar Melding			CLASSES:Sorcerer,Witch,Wizard=4						SCHOOL:Necromancy
Fickle Winds			CLASSES:Ranger=3|Cleric,Druid,Sorcerer,Wizard=5				SCHOOL:Transmutation					DESCRIPTOR:Air
Fleshworm Infestation		CLASSES:Cleric,Inquisitor,Sorcerer,Witch,Wizard=4			SCHOOL:Conjuration	SUBSCHOOL:Summoning	DESCRIPTOR:Evil
Forbid Action (Greater)		CLASSES:Cleric,Inquisitor=5							SCHOOL:Enchantment	SUBSCHOOL:Compulsion	DESCRIPTOR:Language-Dependent|Mind-Affecting
Force Hook Charge			CLASSES:Magus=3									SCHOOL:Evocation						DESCRIPTOR:Force
Force Punch				CLASSES:Magus,Sorcerer,Wizard=3						SCHOOL:Evocation						DESCRIPTOR:Force
Forced Quiet			CLASSES:Bard,Inquisitor,Sorcerer,Witch,Wizard=1				SCHOOL:Transmutation					DESCRIPTOR:Sonic
Frigid Touch			CLASSES:Druid,Magus,Sorcerer,Wizard=2					SCHOOL:Evocation						DESCRIPTOR:Cold
Frostbite				CLASSES:Druid,Magus,Witch=1							SCHOOL:Transmutation					DESCRIPTOR:Cold
Fumbletongue			CLASSES:Bard,Witch=1								SCHOOL:Enchantment	SUBSCHOOL:Compulsion	DESCRIPTOR:Mind-Affecting
Fungal Infestation		CLASSES:Druid=3									SCHOOL:Necromancy						DESCRIPTOR:Disease
Ghostly				CLASSES:Alchemist,Bard,Inquisitor,Sorcerer,Witch,Wizard=2		SCHOOL:Illusion		SUBSCHOOL:Glamer
Haunting Choir			CLASSES:Bard=3									SCHOOL:Necromancy						DESCRIPTOR:Mind-Affecting|Pain
Haunting Mists			CLASSES:Bard,Sorcerer,Witch,Wizard=2					SCHOOL:Illusion		SUBSCHOOL:Figment		DESCRIPTOR:Fear|Shadow
Hex Ward				CLASSES:Inquisitor,Witch=1							SCHOOL:Abjuration
Holy Ice				CLASSES:Cleric=5									SCHOOL:Transmutation					DESCRIPTOR:Cold|Good|Water
Holy Shield				CLASSES:Paladin=2									SCHOOL:Abjuration
Horn of Pursuit			CLASSES:Bard,Inquisitor,Paladin,Ranger=1					SCHOOL:Evocation						DESCRIPTOR:Sonic
Howling Agony			CLASSES:Inquisitor=2|Sorcerer,Witch,Wizard=3				SCHOOL:Necromancy						DESCRIPTOR:Death|Pain
Ice Body				CLASSES:Sorcerer,Witch,Wizard=7						SCHOOL:Transmutation					DESCRIPTOR:Cold
Ice Crystal Teleport		CLASSES:Summoner=5|Sorcerer,Witch,Wizard=6				SCHOOL:Conjuration	SUBSCHOOL:Teleportation	DESCRIPTOR:Cold
Icicle Dagger			CLASSES:Sorcerer,Summoner,Witch,Wizard=1					SCHOOL:Conjuration	SUBSCHOOL:Creation	DESCRIPTOR:Cold
Icy Prison				CLASSES:Sorcerer,Wizard=5							SCHOOL:Evocation						DESCRIPTOR:Cold
Icy Prison (Mass)			CLASSES:Sorcerer,Wizard=9							SCHOOL:Evocation						DESCRIPTOR:Cold
Imbue with Aura			CLASSES:Cleric=2									SCHOOL:Transmutation
Interplanetary Teleport		CLASSES:Cleric,Sorcerer,Wizard=9						SCHOOL:Conjuration	SUBSCHOOL:Teleportation
Interrogation			CLASSES:Inquisitor=4								SCHOOL:Necromancy						DESCRIPTOR:Evil|Pain
Joyful Rapture			CLASSES:Bard=5|Cleric=6|Sorcerer,Wizard=7					SCHOOL:Conjuration	SUBSCHOOL:Healing		DESCRIPTOR:Emotion
Ki Arrow				CLASSES:Bard,Sorcerer,Witch,Wizard=1					SCHOOL:Conjuration
Ki Leech				CLASSES:Cleric,Sorcerer,Witch,Wizard=3					SCHOOL:Necromancy						DESCRIPTOR:Evil
Ki Shout				CLASSES:Bard=5|Sorcerer,Wizard=7						SCHOOL:Evocation						DESCRIPTOR:Sonic
Leashed Shackles			CLASSES:Inquisitor=4|Sorcerer,Wizard=6					SCHOOL:Evocation						DESCRIPTOR:Force
Lend Judgment			CLASSES:Inquisitor=1								SCHOOL:Divination
Lend Judgment (Greater)		CLASSES:Inquisitor=5								SCHOOL:Divination
Lightning Arc			CLASSES:Sorcerer,Wizard=5							SCHOOL:Evocation						DESCRIPTOR:Electricity
Loathsome Veil			CLASSES:Sorcerer,Witch,Wizard=3						SCHOOL:Illusion		SUBSCHOOL:Pattern		DESCRIPTOR:Mind-Affecting
Lunar Veil				CLASSES:Cleric,Sorcerer,Witch,Wizard=7					SCHOOL:Illusion		SUBSCHOOL:Shadow		DESCRIPTOR:Darkness|Shadow
Mad Hallucination			CLASSES:Bard,Sorcerer,Witch,Wizard=2					SCHOOL:Illusion		SUBSCHOOL:Phantasm
Mad Monkeys				CLASSES:Bard,Druid,Sorcerer,Summoner,Wizard=3				SCHOOL:Conjuration	SUBSCHOOL:Summoning
Malfunction				CLASSES:Sorcerer,Wizard=4							SCHOOL:Transformation
Malicious Spite			CLASSES:Bard=3|Sorcerer,Wizard=4						SCHOOL:Enchantment	SUBSCHOOL:Compulsion	DESCRIPTOR:Emotion|Mind-Affecting
Marionette Possession		CLASSES:Alchemist,Sorcerer,Summoner,Witch,Wizard=3			SCHOOL:Necromancy
Masterwork Transformation	CLASSES:Bard,Cleric,Druid,Sorcerer,Witch,Wizard=2			SCHOOL:Transmutation
Miserable Pity			CLASSES:Bard,Sorcerer,Witch,Wizard=2					SCHOOL:Abjuration						DESCRIPTOR:Emotion|Mind-Affecting
Monstrous Physique I		CLASSES:Alchemist,Magus,Sorcerer,Wizard=3					SCHOOL:Transmutation	SUBSCHOOL:Polymorph
Monstrous Physique II		CLASSES:Alchemist,Magus,Sorcerer,Wizard=4					SCHOOL:Transmutation	SUBSCHOOL:Polymorph
Monstrous Physique III		CLASSES:Alchemist,Magus,Sorcerer,Wizard=5					SCHOOL:Transmutation	SUBSCHOOL:Polymorph
Monstrous Physique IV		CLASSES:Alchemist,Magus,Sorcerer,Wizard=6					SCHOOL:Transmutation	SUBSCHOOL:Polymorph
Oppressive Boredom		CLASSES:Bard,Sorcerer,Wizard=2						SCHOOL:Enchantment	SUBSCHOOL:Compulsion	DESCRIPTOR:Emotion|Mind-Affecting
Oracle's Vessel			CLASSES:Oracle=4									SCHOOL:Transmutation
Orb of the Void			CLASSES:Cleric,Sorcerer,Wizard=8						SCHOOL:Necromancy
Overwhelming Grief		CLASSES:Bard=3|Sorcerer,Wizard=4						SCHOOL:Enchantment	SUBSCHOOL:Compulsion	DESCRIPTOR:Emotion|Mind-Affecting
Overwhelming Presence		CLASSES:Bard,Inquisitor=6|Cleric,Sorcerer,Wizard=9			SCHOOL:Enchantment	SUBSCHOOL:Compulsion	DESCRIPTOR:Emotion|Mind-Affecting
Pernicious Poison			CLASSES:Antipaladin,Druid,Sorcerer,Witch,Wizard=2			SCHOOL:Necromancy						DESCRIPTOR:Poison
Persuasive Goad			CLASSES:Inquisitor=1								SCHOOL:Necromancy						DESCRIPTOR:Pain
Piercing Shriek			CLASSES:Bard=2									SCHOOL:Evocation						DESCRIPTOR:Pain|Sonic
Plague Carrier			CLASSES:Cleric,Druid=4|Sorcerer,Witch,Wizard=5				SCHOOL:Necromancy						DESCRIPTOR:Disease|Evil
Plague Storm			CLASSES:Cleric,Druid,Witch=6|Sorcerer,Wizard=7				SCHOOL:Necromancy						DESCRIPTOR:Disease|Evil
Play Instrument			CLASSES:Bard=1									SCHOOL:Divination
Polar Midnight			CLASSES:Cleric,Druid,Witch=9							SCHOOL:Transmutation					DESCRIPTOR:Cold|Darkness
Polypurpose Panacea		CLASSES:Alchemist,Sorcerer,Wizard=1						SCHOOL:Transmutation
Possess Object			CLASSES:Sorcerer,Witch,Wizard=5						SCHOOL:Necromancy
Prediction of Failure		CLASSES:Sorcerer,Witch,Wizard=8						SCHOOL:Divination						DESCRIPTOR:Curse|Fear|Mind-Affecting
Primal Scream			CLASSES:Bard=4									SCHOOL:Abjuration						DESCRIPTOR:Mind-Affecting|Sonic
Protective Penumbra		CLASSES:Cleric,Sorcerer,Witch,Wizard=2					SCHOOL:Evocation						DESCRIPTOR:Darkness
Rain of Frogs			CLASSES:Bard,Druid,Sorcerer,Summoner,Witch,Wizard=3			SCHOOL:Conjuration	SUBSCHOOL:Summoning
Raise Animal Companion		CLASSES:Paladin,Ranger=4|Druid=5						SCHOOL:Conjuration	SUBSCHOOL:Healing
Rapid Repair			CLASSES:Cleric,Sorcerer,Wizard=5						SCHOOL:Transmutation
Reckless Infatuation		CLASSES:Bard=2|Sorcerer,Witch,Wizard=3					SCHOOL:Enchantment	SUBSCHOOL:Compulsion	DESCRIPTOR:Emotion|Mind-Affecting
Reprobation				CLASSES:Inquisitor,Paladin=4|Cleric,Druid=5				SCHOOL:Transmutation					DESCRIPTOR:Curse
Resonating Word			CLASSES:Bard=5|Sorcerer,Wizard=7						SCHOOL:Transmutation					DESCRIPTOR:Sonic
Restore Eidolon			CLASSES:Summoner=3								SCHOOL:Conjuration	SUBSCHOOL:Healing
Restore Eidolon (Lesser)	CLASSES:Summoner=2								SCHOOL:Conjuration	SUBSCHOOL:Healing
Ride The Waves			CLASSES:Cleric,Druid,Sorcerer,Witch,Wizard=4				SCHOOL:Transmutation					DESCRIPTOR:Water
Ride the Lightning		CLASSES:Sorcerer,Wizard=9							SCHOOL:Evocation						DESCRIPTOR:Electricity
Sands of Time			CLASSES:Cleric,Sorcerer,Witch,Wizard=3					SCHOOL:Necromancy
Scouring Winds			CLASSES:Druid,Sorcerer,Witch,Wizard=7					SCHOOL:Evocation						DESCRIPTOR:Air|Earth
Sculpt Simulacrum			CLASSES:Sorcerer,Wizard=2							SCHOOL:Transmutation
Serenity				CLASSES:Bard=4|Cleric=5|Sorcerer,Wizard=6					SCHOOL:Enchantment	SUBSCHOOL:Compulsion	DESCRIPTOR:Emotion|Mind-Affecting
Shadow Step				CLASSES:Bard,Sorcerer,Witch,Wizard=4					SCHOOL:Illusion		SUBSCHOOL:Shadow		DESCRIPTOR:Shadow
Shadow Weapon			CLASSES:Sorcerer,Witch,Wizard=1						SCHOOL:Illusion		SUBSCHOOL:Shadow		DESCRIPTOR:Shadow
Shadowbard				CLASSES:Bard=5									SCHOOL:Illusion		SUBSCHOOL:Shadow		DESCRIPTOR:Shadow
Shard of Chaos			CLASSES:Cleric=2									SCHOOL:Evocation						DESCRIPTOR:Chaos
Share Memory			CLASSES:Bard,Sorcerer,Witch,Wizard=2					SCHOOL:Divination
Silk To Steel			CLASSES:Bard,Sorcerer,Witch,Wizard=2					SCHOOL:Transmutation
Simulacrum (Lesser)		CLASSES:Sorcerer,Wizard=4							SCHOOL:Illusion		SUBSCHOOL:Shadow
Skinsend				CLASSES:Alchemist,Sorcerer,Witch,Wizard=2					SCHOOL:Necromancy
Smug Narcissism			CLASSES:Bard=3|Sorcerer,Witch,Wizard=5					SCHOOL:Enchantment	SUBSCHOOL:Compulsion	DESCRIPTOR:Emotion|Mind-Affecting
Snapdragon Fireworks		CLASSES:Sorcerer,Wizard=1|Bard=2						SCHOOL:Transmutation					DESCRIPTOR:Fire|Light
Sonic Thrust			CLASSES:Bard=4|Sorcerer,Wizard=5						SCHOOL:Evocation						DESCRIPTOR:Sonic
Soothe Construct			CLASSES:Cleric=4|Sorcerer,Wizard=5						SCHOOL:Abjuration
Spear of Purity			CLASSES:Cleric=2									SCHOOL:Evocation						DESCRIPTOR:Good
Spit Venom				CLASSES:Druid,Witch=3|Cleric=4						SCHOOL:Transmutation					DESCRIPTOR:Poison
Steal Voice				CLASSES:Bard,Sorcerer,Witch,Wizard=2					SCHOOL:Necromancy
Strangling Hair			CLASSES:Sorcerer,Witch,Wizard=3						SCHOOL:Transmutation
Summon Elder Worm			CLASSES:Druid=9									SCHOOL:Conjuration	SUBSCHOOL:Summoning
Summon Froghemoth			CLASSES:Druid=9									SCHOOL:Conjuration	SUBSCHOOL:Summoning
Summon Minor Ally			CLASSES:Druid,Ranger=1								SCHOOL:Conjuration	SUBSCHOOL:Summoning
Surmount Affliction		CLASSES:Cleric,Inquisitor=2							SCHOOL:Abjuration
Symbol of Healing			CLASSES:Cleric=3|Paladin,Witch=4						SCHOOL:Conjuration	SUBSCHOOL:Healing
Symbol of Mirroring		CLASSES:Sorcerer,Witch,Wizard=2						SCHOOL:Illusion		SUBSCHOOL:Figment
Symbol of Revelation		CLASSES:Cleric,Sorcerer,Witch,Wizard=4					SCHOOL:Divination
Symbol of Scrying			CLASSES:Cleric,Sorcerer,Witch,Wizard=5					SCHOOL:Divination		SUBSCHOOL:Scrying
Symbol of Sealing			CLASSES:Cleric,Sorcerer,Witch,Wizard=6					SCHOOL:Abjuration						DESCRIPTOR:Force
Symbol of Slowing			CLASSES:Cleric,Sorcerer,Witch,Wizard=4					SCHOOL:Transmutation
Symbol of Strife			CLASSES:Cleric,Sorcerer,Witch,Wizard=9					SCHOOL:Enchantment	SUBSCHOOL:Compulsion	DESCRIPTOR:Mind-Affecting
Symbol of Vulnerability		CLASSES:Cleric,Sorcerer,Witch,Wizard=9					SCHOOL:Abjuration
Tar Ball				CLASSES:Druid=2									SCHOOL:Transmutation
Temporary Resurrection		CLASSES:Sorcerer,Witch,Wizard=7						SCHOOL:Necromancy
Terrible Remorse			CLASSES:Bard,Inquisitor=3|Cleric,Sorcerer,Wizard=4			SCHOOL:Enchantment	SUBSCHOOL:Compulsion	DESCRIPTOR:Emotion|Mind-Affecting
Touch of Slime			CLASSES:Alchemist,Druid,Sorcerer,Witch,Wizard=4				SCHOOL:Conjuration	SUBSCHOOL:Creation	DESCRIPTOR:Disease
Toxic Gift				CLASSES:Antipaladin=2|Sorcerer,Wizard=3					SCHOOL:Necromancy						DESCRIPTOR:Poison
Transmute Blood To Acid		CLASSES:Sorcerer,Wizard=9							SCHOOL:Transmutation					DESCRIPTOR:Acid|Pain
Unadulterated Loathing		CLASSES:Antipaladin,Bard=2|Sorcerer,Witch,Wizard=3			SCHOOL:Enchantment	SUBSCHOOL:Compulsion	DESCRIPTOR:Emotion|Mind-Affecting
Unbreakable Construct		CLASSES:Sorcerer,Wizard=5							SCHOOL:Abjuration
Undead Anatomy I			CLASSES:Alchemist,Magus,Sorcerer,Wizard=3					SCHOOL:Transmutation	SUBSCHOOL:Polymorph
Undead Anatomy II			CLASSES:Alchemist,Magus,Sorcerer,Wizard=5					SCHOOL:Transmutation	SUBSCHOOL:Polymorph
Undead Anatomy III		CLASSES:Alchemist,Magus,Sorcerer,Wizard=6					SCHOOL:Transmutation	SUBSCHOOL:Polymorph
Undead Anatomy IV			CLASSES:Sorcerer,Wizard=8							SCHOOL:Transmutation	SUBSCHOOL:Polymorph
Unholy Ice				CLASSES:Cleric=5									SCHOOL:Transmutation					DESCRIPTOR:Cold|Evil|Water
Unholy Sword			CLASSES:Antipaladin=4								SCHOOL:Evocation						DESCRIPTOR:Evil
Unnatural Lust			CLASSES:Bard=1|Sorcerer,Witch,Wizard=2					SCHOOL:Enchantment	SUBSCHOOL:Compulsion	DESCRIPTOR:Emotion|Mind-Affecting
Unprepared Combatant		CLASSES:Bard,Sorcerer,Witch,Wizard=1					SCHOOL:Enchantment	SUBSCHOOL:Compulsion	DESCRIPTOR:Emotion|Mind-Affecting
Unshakable Chill			CLASSES:Druid,Sorcerer,Witch,Wizard=2					SCHOOL:Necromancy						DESCRIPTOR:Cold
Utter Contempt			CLASSES:Antipaladin=3|Bard=4|Sorcerer,Wizard=6				SCHOOL:Enchantment					DESCRIPTOR:Emotion
Vengeful Outrage			CLASSES:Bard=5|Sorcerer,Witch,Wizard=6					SCHOOL:Enchantment	SUBSCHOOL:Compulsion	DESCRIPTOR:Emotion|Language-Dependent|Mind-Affecting
Vermin Shape I			CLASSES:Druid,Witch=4|Alchemist,Magus,Sorcerer,Wizard=5		SCHOOL:Transmutation	SUBSCHOOL:Polymorph
Vestment of the Champion	CLASSES:Antipaladin,Paladin=2							SCHOOL:Abjuration
Virtuoso Performance		CLASSES:Bard=4									SCHOOL:Transmutation
Vision of Hell			CLASSES:Bard,Cleric,Sorcerer,Witch,Wizard=3				SCHOOL:Illusion		SUBSCHOOL:Glamer		DESCRIPTOR:Evil|Fear
Vitriolic Mist			CLASSES:Alchemist,Sorcerer,Summoner,Wizard=4				SCHOOL:Evocation						DESCRIPTOR:Acid
Vocal Alteration			CLASSES:Alchemist,Bard,Inquisitor,Sorcerer,Witch,Wizard=1		SCHOOL:Transmutation
Volcanic Storm			CLASSES:Druid,Sorcerer,Witch,Wizard=4					SCHOOL:Evocation						DESCRIPTOR:Fire
Wall of Sound			CLASSES:Bard,Magus=4|Sorcerer,Wizard=5					SCHOOL:Evocation						DESCRIPTOR:Sonic
Wartrain Mount			CLASSES:Antipaladin,Inquisitor,Paladin,Ranger=1|Bard,Druid=2	SCHOOL:Enchantment	SUBSCHOOL:Compulsion	DESCRIPTOR:Mind-Affecting
Waves of Ecstasy			CLASSES:Bard=6|Cleric,Sorcerer,Witch,Wizard=7				SCHOOL:Enchantment	SUBSCHOOL:Compulsion	DESCRIPTOR:Emotion|Mind-Affecting
Web Shelter				CLASSES:Cleric,Druid,Ranger,Sorcerer,Summoner,Witch,Wizard=2	SCHOOL:Conjuration	SUBSCHOOL:Creation
Witness				CLASSES:Bard,Inquisitor,Witch=3						SCHOOL:Divination		SUBSCHOOL:Scrying
Wooden Phalanx			CLASSES:Cleric,Sorcerer,Wizard=9						SCHOOL:Conjuration	SUBSCHOOL:Creation
Word of Resolve			CLASSES:Paladin=1									SCHOOL:Abjuration
Youthful Appearance		CLASSES:Alchemist,Bard,Sorcerer,Witch,Wizard=1				SCHOOL:Transmutation	SUBSCHOOL:Polymorph
# CVS $Revision: $ $Author: $ -- Sun May  1 11:44:47 2011 -- reformated by prettylst.pl v1.39 (build 11455)
SOURCELONG:Ultimate Magic	SOURCESHORT:PFUM	SOURCEWEB:http://paizo.com/pathfinderRPG/v5748btpy8g7s	SOURCEDATE:2011-05
# Original Entry by: Stefan Radermacher

###Block: Main Spell List
# Spell Name		Classes of caster									School			Sub-School			Spell Descriptors						Type				Components		Casting Time			Range			Target Area or Effect						Duration							Save Info						Spell Resistance		Description									Source Page
Decompose Corpse		CLASSES:Cleric,Druid,Sorcerer,Wizard,Witch=1				SCHOOL:Necromancy														TYPE:Arcane.Divine	COMPS:V, S, M	CASTTIME:1 standard action	RANGE:Touch		TARGETAREA:One corpse or corporeal Undead			DURATION:Instantaneous or 1 minute; see text	SAVEINFO:Fortitude negates (object)		SPELLRES:Yes (object)	DESC:Turn corpse into clean skeleton.				SOURCEPAGE:p.216
Diagnose Disease		CLASSES:Cleric,Druid,Paladin,Ranger,Witch=1				SCHOOL:Divination														TYPE:Arcane.Divine	COMPS:V, S		CASTTIME:1 standard action	RANGE:Close		TARGETAREA:One creature, one object, or a 5-ft. cube	DURATION:Instantaneous					SAVEINFO:None					SPELLRES:No			DESC:Detect and identify diseases.					SOURCEPAGE:p.216
Forbid Action		CLASSES:Cleric,Inquisitor=1							SCHOOL:Enchantment	SUBSCHOOL:Compulsion	DESCRIPTOR:Language-Dependent|Mind-Affecting	TYPE:Divine			COMPS:V		CASTTIME:1 standard action	RANGE:Close		TARGETAREA:One creature						DURATION:1 round						SAVEINFO:Will negates				SPELLRES:Yes		DESC:Target obeys your command to not do something.		SOURCEPAGE:p.220
Know the Enemy		CLASSES:Cleric,Inquisitor,Paladin,Ranger=1				SCHOOL:Divination														TYPE:Divine			COMPS:V, S, DF	CASTTIME:1 minute			RANGE:Personal	TARGETAREA:You							DURATION:Instantaneous																DESC:Gain +10 on a monster Knowledge check.			SOURCEPAGE:p.226
Murderous Command		CLASSES:Antipaladin,Cleric=1							SCHOOL:Enchantment	SUBSCHOOL:Compulsion	DESCRIPTOR:Mind-Affecting				TYPE:Divine			COMPS:V		CASTTIME:1 standard action	RANGE:Close		TARGETAREA:One living creature				DURATION:1 round						SAVEINFO:Will negates				SPELLRES:Yes		DESC:Target is compelled to kill its ally.			SOURCEPAGE:p.230
Ray of Sickening		CLASSES:Cleric,Druid,Sorcerer,Wizard,Summoner,Witch=1			SCHOOL:Necromancy														TYPE:Arcane.Divine	COMPS:V, S, M	CASTTIME:1 standard action	RANGE:Close		TARGETAREA:Ray							DURATION:(CASTERLEVEL) minutes			SAVEINFO:Fortitude partial; see text	SPELLRES:Yes		DESC:Ray makes the subject sickened.				SOURCEPAGE:p.234
Remove Sickness		CLASSES:Cleric,Druid,Witch=1							SCHOOL:Conjuration	SUBSCHOOL:Healing										TYPE:Arcane.Divine	COMPS:V, S		CASTTIME:1 standard action	RANGE:Close		TARGETAREA:One creature						DURATION:(CASTERLVEL*10) minutes			SAVEINFO:Fortitude negates (harmless)	SPELLRES:Yes (Harmless)	DESC:Suppress disease, nausea, and the sickened condition.	SOURCEPAGE:p.234
Restore Corpse		CLASSES:Cleric,Druid,Sorcerer,Wizard,Witch=1				SCHOOL:Necromancy														TYPE:Arcane.Divine	COMPS:V, S		CASTTIME:1 standard action	RANGE:Touch		TARGETAREA:Corpse touched					DURATION:Instantaneous					SAVEINFO:None					SPELLRES:No			DESC:Skeletal corpse grows flesh.					SOURCEPAGE:p.235
Sanctify Corpse		CLASSES:Cleric,Inquisitor,Paladin,Witch=1					SCHOOL:Evocation						DESCRIPTOR:Good						TYPE:Arcane.Divine	COMPS:V, S,DF, M	CASTTIME:1 standard action	RANGE:Touch		TARGETAREA:Corpse touched					DURATION:24 hours						SAVEINFO:None					SPELLRES:No			DESC:Prevent a corpse from becoming an undead creature.	SOURCEPAGE:p.236
Summon Minor Monster	CLASSES:Antipaladin,Bard,Cleric,Sorcerer,Wizard,Summoner,Witch=1	SCHOOL:Conjuration	SUBSCHOOL:Summoning									TYPE:Arcane.Divine	COMPS:V, S, F/DF	CASTTIME:1 round			RANGE:Close		TARGETAREA:1d3 summoned creatures				DURATION:(CASTERLEVEL) rounds [D]			SAVEINFO:None					SPELLRES:No			DESC:Summon 1d3 Tiny animals						SOURCEPAGE:p.241

#
# End
#
