23:02:17.187 INFO main Main:150 Starting PCGen v6.01.00-dev
23:02:17.498 INFO main LanguageBundle:131 Initialising language bundle with locale en_US.
23:02:30.703 INFO Thread-6 SourceFileLoader:520 Loading game Pathfinder_RPG and sources [Paizo - Pathfinder Roleplaying Game Core Rulebook, Paizo - Pathfinder Roleplaying Game Advanced Player's Guide, Paizo - Pathfinder Roleplaying Game Bestiary, Paizo - Pathfinder Roleplaying Game Ultimate Combat, Paizo - Pathfinder Roleplaying Game Advanced Race Guide].
23:02:31.473 SEVERE Thread-6 LstObjectFileLoader:242 WARNING: Duplicate object name: Spider Step
Original: file:/D:/pcgen/pcgen_dev/Trunk/pcgen/data/d20ogl/paizo/pathfinder_rpg/advanced_players_guide/pfapg_feats.lst
Duplicate: file:/D:/pcgen/pcgen_dev/Trunk/content/notfordistribution/paizo/pathfinder_rpg/advanced_race_guide/pfarg_feats_races_featured.lst
WARNING: Not loading duplicate.
23:02:31.479 SEVERE Thread-6 LstUtils:141 Invalid Token - does not contain a colon: 'PRERACE=1,Ifrit,Oread,Sylph,Undine' in Ability Elemental Jaunt of Campaign: Paizo - Pathfinder Roleplaying Game Advanced Race Guide; SourceFile: file:/D:/pcgen/pcgen_dev/Trunk/content/notfordistribution/paizo/pathfinder_rpg/advanced_race_guide/pfarg_feats_races_featured.lst
23:02:35.192 SEVERE Thread-6 LstUtils:141 Invalid Token - does not contain a colon: 'CATEGORY=Special Ability' in Ability Celestial Crusader of Campaign: Paizo - Pathfinder Roleplaying Game Advanced Race Guide; SourceFile: file:/D:/pcgen/pcgen_dev/Trunk/content/notfordistribution/paizo/pathfinder_rpg/advanced_race_guide/pfarg_abilities_racial_featured.lst
23:02:35.193 SEVERE Thread-6 LstUtils:141 Invalid Token - does not contain a colon: 'CATEGORY=Special Ability' in Ability Deathless Spirit of Campaign: Paizo - Pathfinder Roleplaying Game Advanced Race Guide; SourceFile: file:/D:/pcgen/pcgen_dev/Trunk/content/notfordistribution/paizo/pathfinder_rpg/advanced_race_guide/pfarg_abilities_racial_featured.lst
23:02:35.347 LSTERROR Thread-6 LstUtils:168 Cannot find Ability Category: Special Abilit (Source: file:/D:/pcgen/pcgen_dev/Trunk/content/notfordistribution/paizo/pathfinder_rpg/advanced_race_guide/pfarg_abilities_racial_uncommon.lst)
23:02:35.347 LSTERROR Thread-6 LstUtils:168 Illegal Token 'CATEGORY' 'Special Abilit' for pcgen.core.Ability Low-Light Vision in file:/D:/pcgen/pcgen_dev/Trunk/content/notfordistribution/paizo/pathfinder_rpg/advanced_race_guide/pfarg_abilities_racial_uncommon.lst
23:02:43.484 SEVERE Thread-6 CategoryToken:82 Ability Acute Darkvision did not have a Category specified.  A Category is required for an Ability
23:02:43.490 SEVERE Thread-6 CategoryToken:82 Ability Celestial Crusader ~ Aasimar did not have a Category specified.  A Category is required for an Ability
23:02:43.491 SEVERE Thread-6 CategoryToken:82 Ability Deathless Spirit ~ Aasimar did not have a Category specified.  A Category is required for an Ability
23:02:43.491 SEVERE Thread-6 CategoryToken:82 Ability Low-Light Vision ~ Vishkanya did not have a Category specified.  A Category is required for an Ability
23:02:44.12 SEVERE Thread-6 AbstractReferenceManufacturer:930 More than one Ability Category FEAT with key/name Spider Step was built
23:02:44.13 SEVERE Thread-6 AbstractReferenceManufacturer:940 Sources: file:/D:/pcgen/pcgen_dev/Trunk/pcgen/data/d20ogl/paizo/pathfinder_rpg/advanced_players_guide/pfapg_feats.lst, file:/D:/pcgen/pcgen_dev/Trunk/content/notfordistribution/paizo/pathfinder_rpg/advanced_race_guide/pfarg_feats_races_featured.lst
23:02:44.208 SEVERE Thread-6 CDOMFactory:124 Unconstructed Reference: WeaponProf Helmet (Dwarven Boulder)
23:02:44.235 SEVERE Thread-6 TrackingReferenceContext:143   Was used in file:/D:/pcgen/pcgen_dev/Trunk/content/notfordistribution/paizo/pathfinder_rpg/advanced_race_guide/pfarg_equip.lst in tokens: [plugin.lsttokens.equipment.ProficiencyToken]
23:02:44.236 SEVERE Thread-6 CDOMFactory:124 Unconstructed Reference: WeaponProf Longaxe (Dwarven)
23:02:44.237 SEVERE Thread-6 TrackingReferenceContext:143   Was used in file:/D:/pcgen/pcgen_dev/Trunk/content/notfordistribution/paizo/pathfinder_rpg/advanced_race_guide/pfarg_equip.lst in tokens: [plugin.lsttokens.equipment.ProficiencyToken]
23:02:44.238 SEVERE Thread-6 CDOMFactory:124 Unconstructed Reference: WeaponProf Longhammer (Dwarven)
23:02:44.238 SEVERE Thread-6 TrackingReferenceContext:143   Was used in file:/D:/pcgen/pcgen_dev/Trunk/content/notfordistribution/paizo/pathfinder_rpg/advanced_race_guide/pfarg_equip.lst in tokens: [plugin.lsttokens.equipment.ProficiencyToken]
23:02:44.246 SEVERE Thread-6 CDOMFactory:124 Unconstructed Reference: WeaponProf Waraxe (Dwarven Double)
23:02:44.247 SEVERE Thread-6 TrackingReferenceContext:143   Was used in file:/D:/pcgen/pcgen_dev/Trunk/content/notfordistribution/paizo/pathfinder_rpg/advanced_race_guide/pfarg_equip.lst in tokens: [plugin.lsttokens.equipment.ProficiencyToken]
23:02:44.259 SEVERE Thread-6 AbstractReferenceManufacturer:308 Error: No WeaponProf objects of TYPE=Eastern were loaded but were referred to in the data
23:02:44.260 SEVERE Thread-6 TrackingReferenceContext:143   Was used in file:/D:/pcgen/pcgen_dev/Trunk/content/notfordistribution/paizo/pathfinder_rpg/advanced_race_guide/pfarg_abilities_racial_featured.lst in tokens: [plugin.lsttokens.choose.WeaponProficiencyToken]
23:02:46.644 SEVERE Thread-6 AbilityCategory:679 Unconstructed Reference: Ability Category Vishkanya Racial Trait Low-Light Vision ~ Vishkanya
23:02:46.645 SEVERE Thread-6 TrackingReferenceContext:143   Was used in file:/D:/pcgen/pcgen_dev/Trunk/content/notfordistribution/paizo/pathfinder_rpg/advanced_race_guide/pfarg_abilities_racial_uncommon.lst in tokens: [plugin.lsttokens.AbilityLst]
