# CVS $Revision: $ $Author: $ -- Thu Aug  2 19:19:21 2012 -- reformated by prettylst.pl v1.39 (build )
SOURCELONG:Advanced Race Guide	SOURCESHORT:PFARG	SOURCEWEB:http://paizo.com/products/btpy8rv2?Pathfinder-Roleplaying-Game-Advanced-Race-Guide	SOURCEDATE:2012-06
# ORIGINAL ENTRY: Douglas Limmer
# ORIGINAL ENTRY DATE: 2012/09/03

Changeling	STARTFEATS:1	SIZE:M	MOVE:Walk,30		FACE:5	REACH:5	LANGAUTO:Common					LANGBONUS:Aklo,Draconic,Dwarven,Elven,Giant,Gnoll,Goblin,Orc				BONUS:STAT|WIS,CHA|2	BONUS:STAT|CON|-2					RACETYPE:Humanoid	TYPE:Base.PC.Uncommon	RACESUBTYPE:Changeling			CR:1/2		SOURCEPAGE:p.184	PREGENDER:F	BONUS:LANGUAGES|NUMBER|1	
Gillman	STARTFEATS:1	SIZE:M	MOVE:Walk,30		FACE:5	REACH:5	LANGAUTO:Common,Aboleth				LANGBONUS:Aklo,Aquan,Draconic,Elven									BONUS:STAT|CON,CHA|2	BONUS:STAT|WIS|-2					RACETYPE:Humanoid	TYPE:Base.PC.Uncommon							CR:1/2		SOURCEPAGE:p.188
# COMMENT: Bonus languages include "any human language".
Kitsune	STARTFEATS:1	SIZE:M	MOVE:Walk,30		FACE:5	REACH:5	LANGAUTO:Common,Sylvan				LANGBONUS:Aklo,Celestial,Elven,Gnome,Tengu							BONUS:STAT|DEX,CHA|2	BONUS:STAT|STR|-2					RACETYPE:Humanoid	TYPE:Base.PC.Uncommon	RACESUBTYPE:Kitsune|Shapechanger	CR:1/2		SOURCEPAGE:p.192
Nagaji	STARTFEATS:1	SIZE:M	MOVE:Walk,30		FACE:5	REACH:5	LANGAUTO:Common,Draconic			LANGBONUS:Abyssal,Aklo,Celestial,Draconic,Giant,Infernal,Sylvan				BONUS:STAT|STR,CHA|2	BONUS:STAT|INT|-2					RACETYPE:Humanoid	TYPE:Base.PC.Uncommon	RACESUBTYPE:Reptilian			CR:1/2		SOURCEPAGE:p.196
# COMMENT: Bonus languages include "any human language".
# COMMENT: Bonus languages include Nagaji; not even the Nagaji speak Nagaji.  Removed from list until further clarification.
Samsaran	STARTFEATS:1	SIZE:M	MOVE:Walk,30		FACE:5	REACH:5	LANGAUTO:Common,Samsaran			LANGBONUS:Abyssal,Aquan,Auran,Celestial,Draconic,Giant,Ignan,Infernal,Tengu,Terran	BONUS:STAT|WIS,CHA|2								RACETYPE:Humanoid	TYPE:Base.PC.Uncommon	RACESUBTYPE:Samsaran			CR:1/2		SOURCEPAGE:p.198
Strix		STARTFEATS:1	SIZE:M	MOVE:Walk,30,Fly,60	FACE:5	REACH:5	LANGAUTO:Strix					LANGBONUS:Auran,Common,Draconic,Giant,Gnome,Goblin,Infernal					BONUS:STAT|DEX|2	BONUS:STAT|CHA|-2						RACETYPE:Humanoid	TYPE:Base.PC.Uncommon	RACESUBTYPE:Strix				CR:1/2		SOURCEPAGE:p.200	ABILITY:Special Ability|AUTOMATIC|Flight Maneuverability	DEFINE:Maneuverability|3
Suli		STARTFEATS:1	SIZE:M	MOVE:Walk,30		FACE:5	REACH:5	LANGAUTO:Common					LANGBONUS:Aquan,Auran,Draconic,Ignan,Terran							BONUS:STAT|STR,CHA|2	BONUS:STAT|INT|-2					RACETYPE:Outsider	TYPE:Base.PC.Uncommon	RACESUBTYPE:Native			CR:1/2		SOURCEPAGE:p.202
Vanara	STARTFEATS:1	SIZE:M	MOVE:Walk,30		FACE:5	REACH:5	LANGAUTO:Common,Vanaran				LANGBONUS:Aklo,Celestial,Elven,Gnome,Goblin,Sylvan						BONUS:STAT|DEX,WIS|2	BONUS:STAT|CHA|-2					RACETYPE:Humanoid	TYPE:Base.PC.Uncommon	RACESUBTYPE:Vanara			CR:1/2		SOURCEPAGE:p.206
Vishkanya	STARTFEATS:1	SIZE:M	MOVE:Walk,30		FACE:5	REACH:5	LANGAUTO:Common,Vishkanya			LANGBONUS:Aklo,Draconic,Elven,Goblin,Sylvan,Undercommon					BONUS:STAT|DEX,CHA|2	BONUS:STAT|WIS|-2					RACETYPE:Humanoid	TYPE:Base.PC.Uncommon	RACESUBTYPE:Vishkanya			CR:1/2		SOURCEPAGE:p.208
# COMMENT: Bonus languages include Nagaji; not even the Nagaji speak Nagaji.  Removed from list until further clarification.
Wayang	STARTFEATS:1	SIZE:S	MOVE:Walk,20		FACE:5	REACH:5	LANGAUTO:Common,Wayang				LANGBONUS:Abyssal,Aklo,Draconic,Goblin,Infernal,Samsaran,Tengu				BONUS:STAT|DEX,INT|2	BONUS:STAT|WIS|-2					RACETYPE:Humanoid	TYPE:Base.PC.Uncommon	RACESUBTYPE:Wayang			CR:1/2		SOURCEPAGE:p.210

# Bestiary I Creatures
#Duergar	STARTFEATS:1	SIZE:M	MOVE:Walk,20		FACE:5	REACH:5	LANGAUTO:Common,Dwarven,Undercommon		LANGBONUS:Aklo,Draconic,Giant,Goblin,Orc,Terran							BONUS:STAT|CON,WIS|2	BONUS:STAT|CHA|-4					RACETYPE:Humanoid	TYPE:Base.PC.Uncommon	RACESUBTYPE:Dwarf				CR:1/2		SOURCEPAGE:p.186
#Merfolk	STARTFEATS:1	SIZE:M	MOVE:Walk,5,Swim,50	FACE:5	REACH:5	LANGAUTO:Common,Aquan				LANGBONUS:Aboleth,Aklo,Draconic,Elven,Sylvan							BONUS:STAT|DEX,CON,CHA|2	LEGS:0					RACETYPE:Humanoid	TYPE:Base.PC.Uncommon	RACESUBTYPE:Aquatic			CR:1/2		SOURCEPAGE:p.194
#Svirfneblin	STARTFEATS:1	SIZE:S	MOVE:Walk,20		FACE:5	REACH:5	LANGAUTO:Gnome,Undercommon			LANGBONUS:Aklo,Common,Draconic,Dwarven,Elven,Giant,Goblin,Orc,Terran			BONUS:STAT|DEX,WIS|2	BONUS:STAT|STR|-2	BONUS:STAT|CHA|-4		RACETYPE:Humanoid	TYPE:Base.PC.Uncommon	RACESUBTYPE:Gnome				CR:1/2		SOURCEPAGE:p.204
# COMMENT: No movement rate given for svirfneblin.  Bestiary 1 gives 20 feet.
#Grippli	STARTFEATS:1	SIZE:S	MOVE:Walk,30,Climb,20	FACE:5	REACH:5	LANGAUTO:Common,Grippli				LANGBONUS:Boggard,Draconic,Elven,Gnome,Goblin,Sylvan						BONUS:STAT|DEX,WIS|2	BONUS:STAT|STR|-2					RACETYPE:Humanoid	TYPE:Base.PC.Uncommon	RACESUBTYPE:Grippli			CR:1/2		SOURCEPAGE:p.190
#
# End
#
