# CVS $Revision: $ $Author: $ -- Thu Aug  2 19:19:21 2012 -- reformated by prettylst.pl v1.39 (build )
SOURCELONG:Advanced Race Guide	SOURCESHORT:ARG	SOURCEWEB:http://paizo.com/products/btpy8rv2?Pathfinder-Roleplaying-Game-Advanced-Race-Guide	SOURCEDATE:2012-06
# ORIGINAL ENTRY: Andrew Maitland
# ORIGINAL ENTRY DATE: Nov 25, 2012

###Block: Dwarven Weapons
# Light
Helmet (Dwarven Boulder)	WIELD:Light	PROFICIENCY:WEAPON|Helmet (Dwarven Boulder)	OUTPUTNAME:Helmet, Dwarven Boulder	COST:20	DAMAGE:1d4	CRITMULT:x2	CRITRANGE:1	WT:10	TYPE:Headgear.Weapon.Melee.Dwarven.Bludgeoning.Exotic	SPROP:This heavy, reinforced helmet can be used to make melee attacks. The wearer may also use the helmet when attempting bull rush maneuvers, granting a +2 circumstance bonus on the check, but after completing the maneuver (whether successful or not), the wearer is staggered until the end of his next turn. In addition, the helmet grants a +2 circumstance bonus to the wearer's AC against critical hit confirmation rolls. A dwarven boulder helmet adds 20%% to the wearer's arcane spell failure chance. It occupies the head slot and is made of metal, not stone, meaning that it can be crafted from unusual materials as a metal weapon. A dwarven boulder helmet can be enchanted as a weapon (not as armor, despite providing some protection).|PRERULE:1,DisplayWeaponDetails	SPELLFAILURE:20
# One Handed
Waraxe (Dwarven Double)		WIELD:OneHanded	PROFICIENCY:WEAPON|Waraxe (Dwarven Double)	OUTPUTNAME:Waraxe, Dwarven Double	COST:60	DAMAGE:1d10	CRITMULT:x3	CRITRANGE:1	WT:10	TYPE:Weapon.Melee.Dwarven.Slashing.Exotic	SPROP:This hefty waraxe is similar to the common dwarven waraxe, but its recurved blade spans forward and back from its head like a deadly butterf ly. A dwarven double waraxe grants a +1 bonus on all attack rolls after the first when using Cleave or Great Cleave.|PRERULE:1,DisplayWeaponDetails
# Two Handed
Longaxe (Dwarven)			WIELD:TwoHanded	PROFICIENCY:WEAPON|Longaxe (Dwarven)		OUTPUTNAME:Longaxe, Dwarven		COST:50	DAMAGE:1d12	CRITMULT:x3	CRITRANGE:1	WT:14	TYPE:Weapon.Melee.Dwarven.Slashing.Exotic		SPROP:These ornate and heavy blades are mounted atop a long, steel-shod haft for greater reach. They are rare among cave-dwelling dwarves but common in mountain dwarf clans that commonly feud with giants.|PRERULE:1,DisplayWeaponDetails
Longhammer (Dwarven)		WIELD:TwoHanded	PROFICIENCY:WEAPON|Longhammer (Dwarven)		OUTPUTNAME:Longhammer, Dwarven	COST:70	DAMAGE:2d6	CRITMULT:x3	CRITRANGE:1	WT:20	TYPE:Weapon.Melee.Dwarven.Bludgeoning.Exotic.Hammer	SPROP:These heavy-headed bludgeons are often carved or cast with monstrous faces or drilled with tiny holes to create a menacing whistling as they are swung through the air.|PRERULE:1,DisplayWeaponDetails

###Block: Elven Equipment
Arcane Family Workbook
	TYPE:Goods.Tools.Racial.Elven
	COST:300
	WT:3
	SOURCEPAGE:p.26
	SPROP:When used as a reference (an action that typically takes 1d4 full rounds of searching the text), an arcane family workbook grants a +2 circumstance bonus on a Spellcraft checks. This bonus increases to +4 if 1d4 hours are spent referencing the book.
Artificer's Lab (Portable)
	OUTPUTNAME:Artificer's Lab, Portable
	TYPE:Goods.Tools.Elven.Racial.Artisan
	COST:300
	WT:40
	SOURCEPAGE:p.27
	SPROP:This lab allows the artificer to spend 4 hours crafting each night while out adventuring, and net 3 hours’ worth of work.  However,the skill check to complete a magic item that had any of its work done using a portable lab takes a –5 penalty.
Bag (Bear)
	OUTPUTNAME:Bag, Bear	
	TYPE:Goods.Container.General.Racial.Elven
	COST:2
	WT:3
	CONTAINS:UNLIM|Any
	SOURCEPAGE:p.27
	SPROP:Includes a 20-ft long rope for suspending from a tree limb.
Spellbook (Compact)
	DISPLAYNAME:Spellbook, Compact
	TYPE:Goods.Tools.Spellbook.Racial.Elven
	NUMPAGES:70
	COST:50
	WT:1
	SOURCEPAGE:p.27
Tent (Hanging)
	DISPLAYNAME:Tent, Hanging
	TYPE:Goods.General.Resizable.Racial.Elven
	COST:20
	WT:15
	SOURCEPAGE:p.27
	SPROP:A small tent with a teardrop shape which hangs from a sturdy anchor rope.  Climbing in or out of a hanging tent is a full-round action that requires a DC 10 Climb check. Failure by 5 or more indicates the camper has fallen from the tent.
	
###Block: Gnome Equipment
Dilettante’s Outfit
	TYPE:Goods.Clothing.Resizable.Racial.Gnome
	SIZE:Small
	COST:20
	WT:8
	SOURCEPAGE:p.36
	SPROP:Grants a +2 circumstance bonus on Sleight of Hand checks made to conceal a small object on the body.
	BONUS:SKILL|Sleight of Hand (Conceal Small Object)|2|TYPE=Circumstance
Hound's Blood
	TYPE:Goods.Alchemical.Consumable.Vial.Racial.Gnome
	COST:110
	SOURCEPAGE:p.36
	SPROP:Greatly enhances sense of smell
	BONUS:SKILL|Perception|2|TYPE=Circumstance
	ABILITY:Special Ability|AUTOMATIC|Scent|PRERACE:1,Gnome
Moonrod
	TYPE:Goods.Alchemical.Consumable.LightSource.Racial.Gnome
	COST:10
	WT:1
	SOURCEPAGE:p.37
	SPROP:Light is particularly easy to see for creatues with low-light vision.
	QUALITY:Shadowy Illumination|30 ft.
	QUALITY:Low-light Illumination|60 ft.
	QUALITY:Duration|6 hr.
Obsession Log
	TYPE:Goods.General.Racial.Gnome
	COST:25
	WT:1
	SOURCEPAGE:p.
	SPROP:When a gnome consults her obsession log (taking 1 minute), she gains a +2 circumstance bonus on the next Craft or Profession check she makes, as long as that skill was the one chosen for her obsessive racial trait.
Scentbane Incense
	TYPE:Goods.Alchemical.Consumable.Racial.Gnome
	COST:80
	SOURCEPAGE:p.37
	SPROP:A form of smokestick that also blocks most scents. As long as the smoke lasts, creatures with the scent ability must make Perception checks, opposed by the Stealth checks of any creatures within the smoke, to use scent to locate creatures within the smoke. If a creature remains in scentbane incense for 5 rounds or more, the smoke clings to it for 1 round after it leaves,
Sheriff's Whistle
	TYPE:Goods.General.Racial.Gnome
	COST:1
	SOURCEPAGE:p.37
	SPROP:Gives off a piercing shriek that can easily be heard up to 1,000 feet away. Can only be heard by badgers, dogs, and gnomes.

###Half-Elf Equipment
Golden Maple Leaves
	TYPE:Goods.Alchemical.Consumable.Racial.Halfelven
	COST:50
	WT:.5
	SOURCEPAGE:p.46
	SPROP:Can be ground into a fine powder, requiring a DC 15 Knowledge (nature) or Profession (herbalist) check. When used in conjunction with the Craft (alchemy) skill, reduce the Craft DC by 5 and add +1 to the DC of any save required by the alchemical item. 1 leaf Augments crafting of 3 alchemical items.
Star Charts
	TYPE:Goods.Tools.Racial.Halfelven
	COST:200
	WT:.5
	SOURCEPAGE:p.46
	SPROP:Anyone referencing one of these charts on a clear night can attempt a DC 20 Knowledge (geography) check to determine her approximate location and the month. In addition, these charts grant a +2 circumstance bonus on Survival checks made to avoid getting lost at night with a clear sky.
	BONUS:SKILL|Survival (Avoid Getting Lost)|2|TYPE=Circumstance

###Block: Half-Orc Equipment
Black Fester
	TYPE:Goods.Alchemical.Consumable.Vial.Racial.Halforc
	COST:30
	SOURCEPAGE:p.56
	SPROP:A creature exposed to black fester resists magical healing; a creature trying to magically heal the target must make a DC 10 caster level check to restore any hit points to the target.
Half-Orc Disguise Kit
	TYPE:Goods.Tools.Artisan.Racial.Halforc
	COST:75
	WT:1
	SOURCEPAGE:p.56
	SPROP:Using this kit on a half-orc grants a +3 bonus on Disguise checks to appear human.
	BONUS:SKILL|Disguise (Appear Human)|3|TYPE=Circumstance

###Block: Halfling Equipment
Alchemical Preserves
	TYPE:Goods.Alchemical.Consumable.Racial.Halfling
	COST:50
	SOURCEPAGE:p.65
	SPROP:Halflings who eat the preserves recover from fatigue. Non-halflings who eat alchemical preserves become sickened for 1 round.
Billow Cape
	TYPE:Goods.Clothing.Racial.Halfling
	COST:100
	WT:4
	SIZE:Small
	SOURCEPAGE:p.65
	SPROP:When falling, a creature wearing a billow cape is treated as if he had deliberately jumped from the height. In areas of strong wind, the wearer treats all terrain as difficult terrain and takes a –4 penalty on Fly checks.
Halfling Jugglesticks
	TYPE:Goods.Tools.Racial.Halfing
	COST:25
	WT:1
	SOURCEPAGE:p.66
	SPROP:Halflings can use these four colored sticks to gain +2 circumstance bonus on Perform (Comedy) checks
	BONUS:SKILL|Perform (Comedy)|2|TYPE=Circumstance
Roar Cord
	TYPE:Goods.Tools.Instrument.String.Racial.Halfling
	COST:15
	WT:1
	SOURCEPAGE:p.66
	SPROP:When used, any creature within 60 feet of the roar cord takes a –2 penalty on Perception checks that rely on sound and a –1 penalty on saving throws against fear effects.  When played as a bardic instrument (string instrument), the bard receives a +2 bonus on Perform checks when using the countersong bardic performance.
	
###Block: Human Equipment
Training Harness
	TYPE:Goods.Tools.Mount.Racial.Human
	COST:10
	WT:10
	SOURCEPAGE:p.76
	SPROP:A training harness provides a +2 bonus on Handle Animal checks made with an animal wearing it.
	BONUS:SKILL|Handle Animal|2
Whip (Training)
	DISPLAYNAME:Whip, Training
	TYPE:Goods.Tools.Mount.Racial.Human
	COST:5
	WT:2
	SOURCEPAGE:p.76
	SPROP:When using the whip to demoralize a trained animal, the wielder may choose to fascinate the animal rather than causing it to become shaken for the same duration as the shaken condition, but the fascinate effect ends if line of sight between the wielder and the animal is broken.
	BONUS:SKILL|Handle Animal (Push Animal),Intimidate (Demoralize Animal)|2|TYPE=Circumstance

###Block: Aasimar Equipment
Ambrosia
	TYPE:Goods.Alchemical.Consumable.Vial.Racial.Aasimar
	COST:100
	WT:1
	SOURCEPAGE:p.87
	SPROP:grants a +2 sacred bonus on saving throws against negative energy, energy drain, and death effects for 1 hour, affects undead and evil outsiders as holy water.
Anointing Oil
	TYPE:Goods.Alchemical.Consumable.Vial.Racial.Aasimar
	COST:25
	WT:1
	SOURCEPAGE:p.87
	SPROP:May be applied to a creature while casting a harmless divine spell with a range of touch, increasing the casting time to a full round action but also increasing the caster’s effective caster level by +1 for that spell.
Celestial Censer
	TYPE:Goods.Tools.Racial.Aasimar
	COST:50
	WT:3
	SOURCEPAGE:p.87
 	SPROP:If a smokestick is added to the incense in the censer while it burns, creatures with the evil subtype are dazzled for as long as they remain within the area of the resulting smoke.
Celestial Lamp
	TYPE:Goods.General.Lightsource.Racial.Aasimar
	COST:300
	WT:2
	SOURCEPAGE:p.87
	SPROP:Contains a continual flame. If filled with holy water, adds a +1 bonus to the save DC of channeled positive energy for 24 hours.
	QUALITY:Bright Illumination|15 ft.	QUALITY:Shadowy Illumination|30 ft.
Incense
	TYPE:Goods.General.Racial.Aasimar
	COST:10
	WT:1
	SOURCEPAGE:p.87
	SPROP:Burns for 1 hour
	
###Block: Catfolk Equipment

	TYPE:
	COST:
	WT:
	SOURCEPAGE:p.
	SPROP:

	TYPE:
	COST:
	WT:
	SOURCEPAGE:p.
	SPROP:

	TYPE:
	COST:
	WT:
	SOURCEPAGE:p.
	SPROP:

		
###Block: Kobold Tail Attachments
Tail Attachment (Long Lash) 					WIELD:Light		PROFICIENCY:WEAPON|KoboldTailAttachment		OUTPUTNAME:Tail Attachment, Long Lash	COST:15		DAMAGE:1d6		CRITMULT:x2		CRITRANGE:1		WT:1	TYPE:Weapon.Melee.Light.KoboldTailAttachment.Slashing.Reach.Finessable		SPROP:This slender cord has tiny bits of glass and stone embedded in its length.|PRERULE:1,DisplayWeaponDetails
Tail Attachment (Pounder) 					WIELD:Light		PROFICIENCY:WEAPON|KoboldTailAttachment		OUTPUTNAME:Tail Attachment, Pounder		COST:1		DAMAGE:1d8		CRITMULT:x2		CRITRANGE:1		WT:4	TYPE:Weapon.Melee.Light.KoboldTailAttachment.Bludgeoning.Finessable		SPROP:This squat ball is made from some sort of dull metal.|PRERULE:1,DisplayWeaponDetails
Tail Attachment (Razored) 					WIELD:Light		PROFICIENCY:WEAPON|KoboldTailAttachment		OUTPUTNAME:Tail Attachment, Razored		COST:3		DAMAGE:1d8		CRITMULT:x2		CRITRANGE:2		WT:2	TYPE:Weapon.Melee.Light.KoboldTailAttachment.Slashing.Finessable			SPROP:This metal wedge has a prickly edge on one of its sides.|PRERULE:1,DisplayWeaponDetails
Tail Attachment (Spiked) 						WIELD:Light		PROFICIENCY:WEAPON|KoboldTailAttachment		OUTPUTNAME:Tail Attachment, Spiked		COST:3		DAMAGE:1d8		CRITMULT:x3		CRITRANGE:1		WT:2	TYPE:Weapon.Melee.Light.KoboldTailAttachment.Piercing.Finessable			SPROP:This narrow spike tapers to a sharp point.|PRERULE:1,DisplayWeaponDetails
Tail Attachment (Sweeper) 					WIELD:Light		PROFICIENCY:WEAPON|KoboldTailAttachment		OUTPUTNAME:Tail Attachment, Sweeper		COST:7		DAMAGE:1d6		CRITMULT:x2		CRITRANGE:1		WT:3	TYPE:Weapon.Melee.Light.KoboldTailAttachment.Bludgeoning.Trip.Finessable	SPROP:When properly used, this sharply curved piece of metal can knock opponents off their feet. Unlike most trip weapons, you cannot drop it if you are tripped during your own trip attempt.|PRERULE:1,DisplayWeaponDetails
