# CVS $Revision$ $Author$ -- Sat Jul 17 14:04:38 2010 -- reformated by prettylst.pl v1.39 (build 11455)
SOURCELONG:Dark Markets: A Guide to Katapesh	SOURCESHORT:DM	SOURCEWEB:http://paizo.com/pathfinder/campaignSetting/35E/v5748btpy87ut	SOURCEDATE:2009-04
# Original Entry by: Terry Milnes

###Block: Clothing
# Equipment Name	Output Name				Type							Cost		Weight	Source Page
Outfit (Kaftan)	OUTPUTNAME:[NAME] Outfit	TYPE:Goods.Clothing.Resizable.Starting	COST:50	WT:4		SOURCEPAGE:p.3

###Block:Abadaran services
# Equipment Name					Type			Cost		Source Page
Abadaran Simple contract			TYPE:Service	COST:5	SOURCEPAGE:p.29
Abadaran Complex contract			TYPE:Service	COST:10	SOURCEPAGE:p.29
Abadaran Notarization of documents		TYPE:Service	COST:1	SOURCEPAGE:p.29
Abadaran Identify spell				TYPE:Service	COST:125	SOURCEPAGE:p.29
Abadaran Document a magic item's power	TYPE:Service	COST:10	SOURCEPAGE:p.29
Abadaran Business license			TYPE:Service	COST:5	SOURCEPAGE:p.29
Abadaran Scale certification			TYPE:Service	COST:10	SOURCEPAGE:p.29

###Block:Food, Drink, and Lodging
# Equipment Name			Type				Cost		Weight	Source Page
Blood Ale				TYPE:Goods.Liquid.Food	COST:0.04	WT:1		SOURCEPAGE:p.32
Cinnamon Stout			TYPE:Goods.Liquid.Food	COST:0.04	WT:1		SOURCEPAGE:p.32
Fish Oil Whisky			TYPE:Goods.Liquid.Food	COST:0.1	WT:1		SOURCEPAGE:p.32
Goblin Turpentine			TYPE:Goods.Liquid.Food	COST:0.04	WT:1		SOURCEPAGE:p.32
Hair of the Dog			TYPE:Goods.Liquid.Food	COST:0.05	WT:1		SOURCEPAGE:p.32
Hammer Head				TYPE:Goods.Liquid.Food	COST:0.1	WT:1		SOURCEPAGE:p.32
Jerikal's Private Reserve	TYPE:Goods.Liquid.Food	COST:0.1	WT:1		SOURCEPAGE:p.32
Orange Peel Ale			TYPE:Goods.Liquid.Food	COST:0.05	WT:1		SOURCEPAGE:p.32
Morning Constitutional		TYPE:Goods.Liquid.Food	COST:0.04	WT:1		SOURCEPAGE:p.32
Pesh Brandy				TYPE:Goods.Liquid.Food	COST:0.2	WT:1		SOURCEPAGE:p.32
Purple Dragon Spit		TYPE:Goods.Liquid.Food	COST:0.1	WT:1		SOURCEPAGE:p.32
Rabid Squirrel			TYPE:Goods.Liquid.Food	COST:0.08	WT:1		SOURCEPAGE:p.32
Thileu Lager			TYPE:Goods.Liquid.Food	COST:0.15	WT:1		SOURCEPAGE:p.32
Wolfberry Wine			TYPE:Goods.Liquid.Food	COST:0.1	WT:1		SOURCEPAGE:p.32

###Block: Poisons
# Equipment Name				Output Name		Type					Cost		Weight	Source Page		Special Property
Poison (Purple Pesh)			OUTPUTNAME:[NAME]	TYPE:Goods.Poison.Consumable	COST:200	WT:0		SOURCEPAGE:p.40	SPROP:Ingested; Fort DC 18; Initial Effect 1d2 Con and Str damage; Secondary Effect unconsciousness for 1 hour; Cure 1 save
Poison (Dhabba Spittle)			OUTPUTNAME:[NAME]	TYPE:Goods.Poison.Consumable	COST:50	WT:0		SOURCEPAGE:p.40	SPROP:Injury; Fort DC 12; Initial Effect 1d6 acid damage and nauseated; Secondary Effect 1d4 Dex damage; Cure 1 save
Poison (Insanity Pill)			OUTPUTNAME:[NAME]	TYPE:Goods.Poison.Consumable	COST:1500	WT:0		SOURCEPAGE:p.40	SPROP:Ingested; Fort DC 14; Effect confusion spell for 1 minute; Cure 1 save
Poison (Flayleaf Spider Venom)	OUTPUTNAME:[NAME]	TYPE:Goods.Poison.Consumable	COST:100	WT:0		SOURCEPAGE:p.40	SPROP:Injury; Fort DC 11; Initial Effect 1d3 Con damage; Secondary Effect 1d3 Con damage; Cure 1 save
Poison (Mage Bane)			OUTPUTNAME:[NAME]	TYPE:Goods.Poison.Consumable	COST:500	WT:0		SOURCEPAGE:p.40	SPROP:Contact; Fort DC 20; Initial Effect +10 to all Concentration DCs for 1 hour; Secondary Effect +10 to all Concentration DCs for 1 hour; Cure 1 save

###Block: Armor
# Equipment Name		Required Armor Proficiency	Type							Cost		Weight	AC Penalty Check	Modifier				Maximum DEX Bonus	Source Page		% of Spell Failure	Combat bonus
Blink Dog Hide		PROFICIENCY:ARMOR|Leather	TYPE:Armor.Light.Suit.Specific.Nonmetal	COST:0	WT:15		ACCHECK:0		EQMOD:MWORKA.MAGIC_COST|-125	MAXDEX:6		SOURCEPAGE:p.30	SPELLFAILURE:10		BONUS:COMBAT|AC|2|TYPE=Armor.REPLACE
Bone Mail			PROFICIENCY:ARMOR|Scale Mail	TYPE:Armor.Medium.Suit.Specific.Nonmetal	COST:0	WT:30		ACCHECK:-4		EQMOD:MWORKA.MAGIC_COST|-75	MAXDEX:3		SOURCEPAGE:p.30	SPELLFAILURE:25		BONUS:COMBAT|AC|4|TYPE=Armor.REPLACE
Giant Scorpion Shell	PROFICIENCY:ARMOR|Breastplate	TYPE:Armor.Medium.Suit.Specific.Nonmetal	COST:100	WT:30		ACCHECK:-4		EQMOD:MWORKA			MAXDEX:3		SOURCEPAGE:p.30	SPELLFAILURE:25		BONUS:COMBAT|AC|5|TYPE=Armor.REPLACE
Gorgon Hide			PROFICIENCY:ARMOR|Banded Mail	TYPE:Armor.Heavy.Suit.Specific.Nonmetal	COST:200	WT:35		ACCHECK:-6		EQMOD:MWORKA			MAXDEX:1		SOURCEPAGE:p.30	SPELLFAILURE:35		BONUS:COMBAT|AC|6|TYPE=Armor.REPLACE
Gray Render Hide		PROFICIENCY:ARMOR|Hide		TYPE:Armor.Medium.Suit.Specific.Nonmetal	COST:0	WT:25		ACCHECK:-3		EQMOD:MWORKA.MAGIC_COST|-100	MAXDEX:4		SOURCEPAGE:p.30	SPELLFAILURE:20		BONUS:COMBAT|AC|3|TYPE=Armor.REPLACE
Naga Scale			PROFICIENCY:ARMOR|Chain Shirt	TYPE:Armor.Light.Suit.Specific.Nonmetal	COST:50	WT:25		ACCHECK:-2		EQMOD:MWORKA			MAXDEX:4		SOURCEPAGE:p.30	SPELLFAILURE:20		BONUS:COMBAT|AC|4|TYPE=Armor.REPLACE
Turtle Shell		PROFICIENCY:ARMOR|Half-Plate	TYPE:Armor.Heavy.Suit.Specific.Nonmetal	COST:1850	WT:50		ACCHECK:-7		EQMOD:MWORKA			MAXDEX:0		SOURCEPAGE:p.30	SPELLFAILURE:40		BONUS:COMBAT|AC|7|TYPE=Armor.REPLACE
Wood Lamellar		PROFICIENCY:ARMOR|Splint Mail	TYPE:Armor.Heavy.Suit.Specific.Nonmetal	COST:100	WT:45		ACCHECK:-7		EQMOD:MWORKA			MAXDEX:0		SOURCEPAGE:p.30	SPELLFAILURE:40		BONUS:COMBAT|AC|6|TYPE=Armor.REPLACE
Wyvern Hide			PROFICIENCY:ARMOR|Chainmail	TYPE:Armor.Medium.Suit.Specific.Nonmetal	COST:100	WT:40		ACCHECK:-5		EQMOD:MWORKA			MAXDEX:2		SOURCEPAGE:p.30	SPELLFAILURE:30		BONUS:COMBAT|AC|5|TYPE=Armor.REPLACE

###Block: Melee Weapons
# Equipment Name	Required Weapon Proficiency	Type									Cost		Weight	Critical Hit Multiplier	Critical Hit Range	Damage	Modifier				Wield Category	Size		Source Page		Virtual Feat	Special Property
The Brazen Claw	PROFICIENCY:WEAPON|Scimitar	TYPE:Weapon.Melee.Martial.Specific.Slashing.Sword	COST:15	WT:4		CRITMULT:x2			CRITRANGE:3			DAMAGE:1d6	EQMOD:STEEL.PLUS2W.VICIOU	WIELD:OneHanded	SIZE:M	SOURCEPAGE:p.17	VFEAT:Cleave	SPROP:If a gnoll wields the brazen claw, he takes no damage from the sword's vicious ability.

###Block: Potions
# Equipment Name	Type					Cost		Weight	Source Page		Special Property
Acolyte Ale		TYPE:Magic.Potion.Consumable	COST:250	WT:1		SOURCEPAGE:p.32	SPROP:Cures 1d8+1 points of damage, 5 doses
Little Bishop	TYPE:Magic.Potion.Consumable	COST:900	WT:1		SOURCEPAGE:p.32	SPROP:Frees target from temporary paralysis or related magical effects, 3 doses
Blue Priest		TYPE:Magic.Potion.Consumable	COST:1500	WT:1		SOURCEPAGE:p.32	SPROP:Cures 2d8+3 points of damage, 5 doses
Night Light Stout	TYPE:Magic.Potion.Consumable	COST:250	WT:1		SOURCEPAGE:p.32	SPROP:Suppresses existing fear effect, +4 morale bonus on saves against fear, or for 10 minutes, 5 doses
Red Cardinal Wine	TYPE:Magic.Potion.Consumable	COST:3750	WT:1		SOURCEPAGE:p.32	SPROP:Cures 3d8+5 points of damage, 5 doses
Shelyn's Nectar	TYPE:Magic.Potion.Consumable	COST:2250	WT:1		SOURCEPAGE:p.32	SPROP:Removes curses with a caster level check at +5, 3 doses

###Block: Wondrous Items
# Equipment Name		Type					Cost		Weight	Source Page		Special Property
Charm of Aluum Control	TYPE:Magic.Wondrous.Amulet	COST:20000	WT:0		SOURCEPAGE:p.59	SPROP:You may give orders to any generic aluum within 100 feet; the construct obeys you as if you were using dominate person on a humanoid creature-

#
# End
#
