# CVS $Revision$ $Author$ -- Sun Jul  6 13:51:18 2008 -- reformated by prettylst.pl v1.38 (build 6887)
SOURCELONG:Curse of the Crimson Throne: Edge of Anarchy	SOURCESHORT:CotCT:EoA	SOURCEWEB:http://paizo.com/pathfinder/v5748btpy81xw	SOURCEDATE:2008-03


STARTPACK:NPC (Yargin Balko)	VISIBLE:QUALIFY	EQUIPBUY:0	PREMULT:1,[!PRERACE:1,%],[PRERACE:1,Human]	SOURCEPAGE:p. 16
RACE:Human	!PRERACE:1,%
NAME:Yargin Balko
ALIGN:LE
TEMPLATE:Yargin Balko's Skills
CLASS:Expert	LEVEL:2
LEVELABILITY:Expert=1	ABILITY:PROMPT:CLASSSKILLS(ANY)|CHOICE:Appraise|CHOICE:Craft (Alchemy)|CHOICE:Disable Device|CHOICE:Forgery|CHOICE:Knowledge (Arcana)|CHOICE:Search|CHOICE:Spellcraft|CHOICE:Use Magic Device|CHOICE:Bluff|CHOICE:Craft (Trapmaking)
STAT:STR=10|DEX=12|CON=13|INT=11|WIS=9|CHA=8
SKILL:Appraise		RANK:5
SKILL:Craft (Alchemy)	RANK:5
SKILL:Disable Device	RANK:5
SKILL:Forgery		RANK:5
SKILL:Search		RANK:5
SKILL:Spellcraft		RANK:5
SKILL:Use Magic Device	RANK:5
FEAT:Point Blank Shot
FEAT:Skill Focus(Use Magic Device)
GEAR:Dagger					LOCATION:Primary Hand
GEAR:Wand					LOCATION:Carried		EQMOD:SPL_CHRG|SPELLNAME[Acid Splash]CASTER[Wizard]SPELLTYPE[Arcane]SPELLLEVEL[0]CASTERLEVEL[1]CHARGES[28]
GEAR:Thunderstone				LOCATION:Carried
GEAR:Tanglefoot Bag		QTY:3	LOCATION:Carried
GEAR:Acid (Flask)			QTY:3	LOCATION:Carried
GEAR:Leather				LOCATION:Equipped
GEAR:Crossbow (Light)			LOCATION:Carried
GEAR:Bolts (Crossbow/10)		LOCATION:Carried
GEAR:Garnet (Red)				LOCATION:Carried


STARTPACK:NPC (Lamm's Lambs)	VISIBLE:QUALIFY	EQUIPBUY:0	PREMULT:1,[!PRERACE:1,%],[PRERACE:1,Human]	SOURCEPAGE:p. 16
RACE:Human	!PRERACE:1,%
NAME:Lamm's Lambs
ALIGN:TN
STAT:STR=7|DEX=15|CON=10|INT=9|WIS=8|CHA=10
TEMPLATE:Lamm's Lambs Skills
CLASS:Expert	LEVEL:1
LEVELABILITY:Expert=1	ABILITY:PROMPT:CLASSSKILLS(ANY)|CHOICE:Balance|CHOICE:Bluff|CHOICE:Climb|CHOICE:Escape Artist|CHOICE:Sleight of Hand|CHOICE:Tumble|CHOICE:Spot|CHOICE:Search|CHOICE:Hide|CHOICE:Listen]|ABILITY:[PROMPT:CLASSSKILLS(ANY)|CHOICE:Appraise|CHOICE:Craft (Alchemy)|CHOICE:Disable Device|CHOICE:Forgery|CHOICE:Knowledge (Arcana)|CHOICE:Search|CHOICE:Spellcraft|CHOICE:Use Magic Device|CHOICE:Bluff|CHOICE:Craft (Trapmaking)]|ABILITY:[PROMPT:CLASSSKILLS(ANY)|CHOICE:Appraise|CHOICE:Craft (Alchemy)|CHOICE:Disable Device|CHOICE:Forgery|CHOICE:Knowledge (Arcana)|CHOICE:Search|CHOICE:Spellcraft|CHOICE:Use Magic Device|CHOICE:Bluff|CHOICE:Craft (Trapmaking)]|PRESTAT:STR=-3|PRESTAT:DEX=5|PRESTAT:INT=-1|PRESTAT:WIS=-2|SKILLSGAINED:28|SKILLSREMAINING:4
SKILL:Balance		RANK:4
SKILL:Bluff			RANK:4
SKILL:Climb			RANK:4
SKILL:Escape Artist	RANK:4
SKILL:Sleight of Hand	RANK:4
SKILL:Tumble		RANK:4
FEAT:Agile
FEAT:Skill Focus(Sleight of Hand)
GEAR:Dagger	SIZE:S	LOCATION:Primary Hand


STARTPACK:NPC (Hookshanks Gruller)	VISIBLE:QUALIFY	EQUIPBUY:0	PREMULT:1,[!PRERACE:1,%],[PRERACE:1,Gnome]	SOURCEPAGE:p. 17
RACE:Gnome	!PRERACE:1,%
NAME:Hookshanks Gruller
ALIGN:NE
CLASS:Rogue	LEVEL:1
STAT:STR=13|DEX=15|CON=12|INT=10|WIS=14|CHA=8
SKILL:Bluff			RANK:4
SKILL:Climb			RANK:3
SKILL:Disguise		RANK:4
SKILL:Hide			RANK:3
SKILL:Intimidate		RANK:4
SKILL:Knowledge (Local)	RANK:4
SKILL:Move Silently	RANK:3
SKILL:Sleight of Hand	RANK:3
FEAT:Martial Weapon Proficiency(Kukri)
GEAR:Kukri			SIZE:S	LOCATION:Primary Hand
GEAR:Sap			SIZE:S	LOCATION:Secondary Hand
GEAR:Studded Leather	SIZE:S	LOCATION:Equipped
GEAR:Disguise Kit		SIZE:S	LOCATION:Carried


STARTPACK:NPC (Giggles)	VISIBLE:QUALIFY	EQUIPBUY:0	PREMULT:1,[!PRERACE:1,%],[PRERACE:1,Half-Orc]	SOURCEPAGE:p. 18
RACE:Half-Orc	!PRERACE:1,%
NAME:Giggles
ALIGN:CE
CLASS:Fighter	LEVEL:1
STAT:STR=15|DEX=13|CON=14|INT=8|WIS=12|CHA=10
SKILL:Intimidate	RANK:4
FEAT:Weapon Focus(Flail)
GEAR:Studded Leather		LOCATION:Equipped
GEAR:Shield (Light/Wood)	LOCATION:Equipped
GEAR:Flail				LOCATION:Primary Hand


STARTPACK:NPC (Gaedren Lamm)	VISIBLE:QUALIFY	EQUIPBUY:0	PREMULT:1,[!PRERACE:1,%],[PRERACE:1,Human]	SOURCEPAGE:p. 20
RACE:Human	!PRERACE:1,%
NAME:Gaedren Lamm
ALIGN:NE
STAT:STR=5|DEX=13|CON=7|INT=16|WIS=14|CHA=15
TEMPLATE:Gaedren Lamm's Skills
CLASS:Expert	LEVEL:4
LEVELABILITY:Expert=1	ABILITY:PROMPT:CLASSSKILLS(ANY)|CHOICE:Appraise|CHOICE:Bluff|CHOICE:Forgery|CHOICE:Handle Animal|CHOICE:Intimidate|CHOICE:Knowledge (Local)|CHOICE:Open Lock|CHOICE:Sleight of Hand|CHOICE:Spot|CHOICE:Listen]|SKILLSGAINED:40
CLASS:Rogue		LEVEL:2
SKILL:Appraise		RANK:9
SKILL:Bluff			RANK:9
SKILL:Forgery		RANK:9
SKILL:Handle Animal	RANK:7
SKILL:Intimidate		RANK:9
SKILL:Knowledge (Local)	RANK:9
SKILL:Open Lock		RANK:9
SKILL:Sleight of Hand	RANK:9
SKILL:Spot			RANK:6
FEAT:Combat Expertise
FEAT:Improved Initiative
FEAT:Skill Focus(Bluff)
FEAT:Weapon Finesse
GEAR:Dagger				LOCATION:Carried		EQMOD:MWORKW
GEAR:Crossbow (Hand)		LOCATION:Primary Hand	EQMOD:MWORKW
GEAR:Bolts (Crossbow/10)	LOCATION:Carried


#
# End
#
