SOURCELONG:Psionics Expanded	SOURCESHORT:PsiEx	SOURCEWEB:http://dreamscarredpress.com/dragonfly/index.php	SOURCEDATE:2012-07
# ORIGINAL ENTRY: Douglas Limmer
# ORIGINAL ENTRY DATE: 2013/07/05

###Block: Astral suits
# NEEDS CODE/DATA WORK: Astral Armor and Astral Juggernaut should override
# NEEDS CODE/DATA WORK:   other worn armor.  Right now, they take a slot.
Astral Skin															PROFICIENCY:ARMOR|Astral Suit	TYPE:Skin.AstralSuit					COST:0	WT:0																							SOURCEPAGE:p.3					ABILITY:Special Ability|AUTOMATIC|Astral Skin ~ Aegis|PREABILITY:1,CATEGORY=Special Ability,Form Astral Suit ~ Aegis
Astral Armor														PROFICIENCY:ARMOR|Astral Suit	TYPE:Armor.Medium.Suit.AstralSuit			COST:-150	WT:40		ACCHECK:-5												EQMOD:MWORKA	MAXDEX:2				SOURCEPAGE:p.3	SPELLFAILURE:30		ABILITY:Special Ability|AUTOMATIC|Astral Armor ~ Aegis|PREABILITY:1,CATEGORY=Special Ability,Form Astral Suit ~ Aegis		BONUS:COMBAT|AC|6|TYPE=Armor											BONUS:EQM|WEIGHTADD|-10|PREVARGT:AstralSuitLVL,7	BONUS:EQMARMOR|ACCHECK|1|PREVARGT:AstralSuitLVL,7	BONUS:EQMARMOR|ACCHECK|1|PREABILITY:1,CATEGORY=Special Ability,Flexible Suit ~ Aegis	BONUS:EQMARMOR|MAXDEX|1|PREVARGT:AstralSuitLVL,7	BONUS:EQMARMOR|SPELLFAILURE|-5|PREVARGT:AstralSuitLVL,7
Astral Juggernaut														PROFICIENCY:ARMOR|Astral Suit	TYPE:Armor.Heavy.Suit.AstralSuit			COST:-150	WT:50		ACCHECK:-7												EQMOD:MWORKA	MAXDEX:0				SOURCEPAGE:p.4	SPELLFAILURE:40		ABILITY:Special Ability|AUTOMATIC|Astral Juggernaut ~ Aegis|PREABILITY:1,CATEGORY=Special Ability,Form Astral Suit ~ Aegis	BONUS:COMBAT|AC|8|TYPE=Armor	BONUS:COMBAT|AC|1|TYPE=Armor.STACK|PREVARGT:AstralSuitLVL,6										BONUS:EQMARMOR|ACCHECK|1|PREVARGT:AstralSuitLVL,6	BONUS:EQMARMOR|ACCHECK|1|PREABILITY:1,CATEGORY=Special Ability,Flexible Suit ~ Aegis	BONUS:EQMARMOR|MAXDEX|1|PREVARGT:AstralSuitLVL,6	BONUS:EQMARMOR|SPELLFAILURE|-5|PREVARGT:AstralSuitLVL,6

###Block: Astral suit weapons
Astral Suit Ranged Attack				PROFICIENCY:WEAPON|Astral Suit Ranged Attack						TYPE:Weapon.Ranged.Standard.Piercing.Projectile	COST:0	WT:0					CRITMULT:x2			CRITRANGE:1			DAMAGE:1d8							RANGE:30	SOURCEPAGE:p.6
Astral Suit Ram 1			OUTPUTNAME:Ram	PROFICIENCY:WEAPON|Astral Suit Ram								TYPE:Weapon.Melee.Standard.Bludgeoning.Ram	COST:0	WT:0					CRITMULT:x2			CRITRANGE:1			DAMAGE:2d6									SOURCEPAGE:p.8
Astral Suit Ram 2			OUTPUTNAME:Ram	PROFICIENCY:WEAPON|Astral Suit Ram								TYPE:Weapon.Melee.Standard.Bludgeoning.Ram	COST:0	WT:0					CRITMULT:x2			CRITRANGE:1			DAMAGE:3d6									SOURCEPAGE:p.8
Astral Suit Ram 3			OUTPUTNAME:Ram	PROFICIENCY:WEAPON|Astral Suit Ram								TYPE:Weapon.Melee.Standard.Bludgeoning.Ram	COST:0	WT:0					CRITMULT:x2			CRITRANGE:1			DAMAGE:4d6									SOURCEPAGE:p.8
Astral Suit Ram 4			OUTPUTNAME:Ram	PROFICIENCY:WEAPON|Astral Suit Ram								TYPE:Weapon.Melee.Standard.Bludgeoning.Ram	COST:0	WT:0					CRITMULT:x2			CRITRANGE:1			DAMAGE:5d6									SOURCEPAGE:p.8

###Block: Deadly Fist
Deadly Fist			PROFICIENCY:WEAPON|Deadly Fist	TYPE:Weapon.Melee.Special.Unarmed.Monk.Bludgeoning.Piercing.Slashing.Finesseable.Close	COST:0	WT:0		CRITMULT:x2			CRITRANGE:1			DAMAGE:1d6	WIELD:Light	SIZE:M	SOURCEPAGE:p.8

###Block: The Soul Archer's Mind Arrow
# COMMENT: Necessary free hand simulated by requiring 1 hand "slot".
Mind Arrow	PROFICIENCY:WEAPON|Mind Blade	TYPE:Weapon.Ranged.Projectile.Piercing.MindArrow	COST:0	WT:0	SLOTS:1	CRITMULT:x3	CRITRANGE:1	DAMAGE:1d8	EQMOD:PSIBLADE	RANGE:110	SIZE:M	SOURCEPAGE:p.46	BONUS:WEAPON|DAMAGE|WIS

###Block: Mind bolts
Mind Bolt (Long Range Bludgeoning)		OUTPUTNAME:Mind Bolt, Long Range Bludgeoning	PROFICIENCY:WEAPON|Mind Bolt	TYPE:Weapon.Ranged.Projectile.Bludgeoning.MindBolt	COST:0	WT:0		SLOTS:0	CRITMULT:x2			CRITRANGE:2			DAMAGE:1d6	EQMOD:PSIBLADE	RANGE:100	SIZE:M	SOURCEPAGE:p.8
Mind Bolt (Long Range Piercing)		OUTPUTNAME:Mind Bolt, Long Range Piercing		PROFICIENCY:WEAPON|Mind Bolt	TYPE:Weapon.Ranged.Projectile.Piercing.MindBolt		COST:0	WT:0		SLOTS:0	CRITMULT:x2			CRITRANGE:2			DAMAGE:1d6	EQMOD:PSIBLADE	RANGE:100	SIZE:M	SOURCEPAGE:p.8
Mind Bolt (Long Range Slashing)		OUTPUTNAME:Mind Bolt, Long Range Slashing		PROFICIENCY:WEAPON|Mind Bolt	TYPE:Weapon.Ranged.Projectile.Slashing.MindBolt		COST:0	WT:0		SLOTS:0	CRITMULT:x2			CRITRANGE:2			DAMAGE:1d6	EQMOD:PSIBLADE	RANGE:100	SIZE:M	SOURCEPAGE:p.8
Mind Bolt (Medium Range Bludgeoning)	OUTPUTNAME:Mind Bolt, Medium Range Bludgeoning	PROFICIENCY:WEAPON|Mind Bolt	TYPE:Weapon.Ranged.Projectile.Bludgeoning.MindBolt	COST:0	WT:0		SLOTS:1	CRITMULT:x2			CRITRANGE:2			DAMAGE:1d8	EQMOD:PSIBLADE	RANGE:60	SIZE:M	SOURCEPAGE:p.8
Mind Bolt (Medium Range Piercing)		OUTPUTNAME:Mind Bolt, Medium Range Piercing	PROFICIENCY:WEAPON|Mind Bolt	TYPE:Weapon.Ranged.Projectile.Piercing.MindBolt		COST:0	WT:0		SLOTS:1	CRITMULT:x2			CRITRANGE:2			DAMAGE:1d8	EQMOD:PSIBLADE	RANGE:60	SIZE:M	SOURCEPAGE:p.8
Mind Bolt (Medium Range Slashing)		OUTPUTNAME:Mind Bolt, Medium Range Slashing	PROFICIENCY:WEAPON|Mind Bolt	TYPE:Weapon.Ranged.Projectile.Slashing.MindBolt		COST:0	WT:0		SLOTS:1	CRITMULT:x2			CRITRANGE:2			DAMAGE:1d8	EQMOD:PSIBLADE	RANGE:60	SIZE:M	SOURCEPAGE:p.8
Mind Bolt (Short Range Bludgeoning)		OUTPUTNAME:Mind Bolt, Short Range Bludgeoning	PROFICIENCY:WEAPON|Mind Bolt	TYPE:Weapon.Ranged.Projectile.Bludgeoning.MindBolt	COST:0	WT:0		SLOTS:2	CRITMULT:x2			CRITRANGE:2			DAMAGE:1d10	EQMOD:PSIBLADE	RANGE:20	SIZE:M	SOURCEPAGE:p.8
Mind Bolt (Short Range Piercing)		OUTPUTNAME:Mind Bolt, Short Range Piercing	PROFICIENCY:WEAPON|Mind Bolt	TYPE:Weapon.Ranged.Projectile.Piercing.MindBolt		COST:0	WT:0		SLOTS:2	CRITMULT:x2			CRITRANGE:2			DAMAGE:1d10	EQMOD:PSIBLADE	RANGE:20	SIZE:M	SOURCEPAGE:p.8
Mind Bolt (Short Range Slashing)		OUTPUTNAME:Mind Bolt, Short Range Slashing	PROFICIENCY:WEAPON|Mind Bolt	TYPE:Weapon.Ranged.Projectile.Slashing.MindBolt		COST:0	WT:0		SLOTS:2	CRITMULT:x2			CRITRANGE:2			DAMAGE:1d10	EQMOD:PSIBLADE	RANGE:20	SIZE:M	SOURCEPAGE:p.8

###Block: Mind armor
Mind Armor (Light)	PROFICIENCY:ARMOR|Mind Armor	TYPE:Armor.Light.Suit.Standard	COST:0	WT:25		SLOTS:1	ACCHECK:-1	MAXDEX:4	SOURCEPAGE:p.7	SPELLFAILURE:20	BONUS:COMBAT|AC|4|TYPE=Armor
Mind Armor (Medium)	PROFICIENCY:ARMOR|Mind Armor	TYPE:Armor.Medium.Suit.Standard	COST:0	WT:40		SLOTS:1	ACCHECK:-4	MAXDEX:2	SOURCEPAGE:p.7	SPELLFAILURE:30	BONUS:COMBAT|AC|6|TYPE=Armor
Mind Armor (Heavy)	PROFICIENCY:ARMOR|Mind Armor	TYPE:Armor.Heavy.Suit.Standard	COST:0	WT:45		SLOTS:1	ACCHECK:-6	MAXDEX:0	SOURCEPAGE:p.7	SPELLFAILURE:40	BONUS:COMBAT|AC|7|TYPE=Armor
# NEEDS DATA WORK: How does one use the Armor magic item slot, without being counted as armor?
Improved Mind Armor (Light)	PROFICIENCY:ARMOR|Improved Mind Armor	TYPE:Armor.None.Standard				COST:0	WT:0		SLOTS:1	ACCHECK:0			SOURCEPAGE:p.11				BONUS:COMBAT|AC|4|TYPE=Armor
Improved Mind Armor (Medium)	PROFICIENCY:ARMOR|Improved Mind Armor	TYPE:Armor.Medium.Suit.Standard.Masterwork	COST:0	WT:30		SLOTS:1	ACCHECK:-3	MAXDEX:3	SOURCEPAGE:p.11	SPELLFAILURE:25	BONUS:COMBAT|AC|6|TYPE=Armor
Improved Mind Armor (Heavy)	PROFICIENCY:ARMOR|Improved Mind Armor	TYPE:Armor.Heavy.Suit.Standard.Masterwork		COST:0	WT:50		SLOTS:1	ACCHECK:-5	MAXDEX:1	SOURCEPAGE:p.11	SPELLFAILURE:35	BONUS:COMBAT|AC|9|TYPE=Armor

###Block: Mind shield
Mind Shield (Heavy)	PROFICIENCY:SHIELD|Mind Shield	TYPE:Shield.Heavy.Standard.Close	COST:0	WT:0		SLOTS:1	ACCHECK:0	SOURCEPAGE:p.8	BONUS:COMBAT|AC|2|TYPE=Shield	CRITMULT:x2	CRITRANGE:1	DAMAGE:1d4	WIELD:OneHanded	SIZE:M
Mind Shield (Tower)	PROFICIENCY:SHIELD|Mind Shield	TYPE:Shield.Tower.Standard.Close	COST:0	WT:0		SLOTS:1	MAXDEX:2	ACCHECK:-9	SOURCEPAGE:p.8	BONUS:COMBAT|AC|4|TYPE=Shield	SIZE:M	SPELLFAILURE:50		SPROP:can grant full cover

###Block: Flurry weapons
Flurry of Fists		PROFICIENCY:WEAPON|Unarmed Strike	TYPE:Weapon.Melee.Special.Unarmed.Monk.Bludgeoning.Finesseable.Close		COST:0	WT:0		CRITMULT:x2			CRITRANGE:1			DAMAGE:1d3	WIELD:Light		MODS:NO			SIZE:M	SOURCEPAGE:p.57	BONUS:WEAPON|ATTACKS|FlurryOfFistsExtraAttacks	BONUS:WEAPON|TOHIT|-2
Flurry of Strikes	PROFICIENCY:WEAPON|Unarmed Strike	TYPE:Weapon.Melee.Special.Unarmed.Monk.Bludgeoning.Finesseable.Close		COST:0	WT:0		CRITMULT:x2			CRITRANGE:1			DAMAGE:1d3	WIELD:Light		MODS:NO			SIZE:M	SOURCEPAGE:p.19	BONUS:WEAPON|WEAPONBAB|MeditantFlurryBABBonus	BONUS:WEAPON|ATTACKS|MeditantFlurryExtraAttacks	BONUS:WEAPON|TOHIT|-2

###Block: Astral Warrior weapons
Astral Warrior Weapon (Bludgeoning)	PROFICIENCY:WEAPON|Astral Warrior Weapon		TYPE:Weapon.Melee.OneHanded.Finesseable.Standard.Bludgeoning	COST:0	WT:0	CRITMULT:x2		CRITRANGE:1	DAMAGE:1d8	EQMOD:MWORKW	WIELD:OneHanded	SIZE:M	SOURCEPAGE:p.12
Astral Warrior Weapon (Piercing)	PROFICIENCY:WEAPON|Astral Warrior Weapon		TYPE:Weapon.Melee.OneHanded.Finesseable.Standard.Piercing		COST:0	WT:0	CRITMULT:x2		CRITRANGE:1	DAMAGE:1d8	EQMOD:MWORKW	WIELD:OneHanded	SIZE:M	SOURCEPAGE:p.12
Astral Warrior Weapon (Slashing)	PROFICIENCY:WEAPON|Astral Warrior Weapon		TYPE:Weapon.Melee.OneHanded.Finesseable.Standard.Slashing		COST:0	WT:0	CRITMULT:x2		CRITRANGE:1	DAMAGE:1d8	EQMOD:MWORKW	WIELD:OneHanded	SIZE:M	SOURCEPAGE:p.12

###Block: Crystal Shard from Metacreative Talent trait
Crystal Shard	PROFICIENCY:WEAPON|Crystal Shard	TYPE:Weapon.Ranged.Standard.Slashing.Thrown	COST:0	WT:0		CRITMULT:x2			CRITRANGE:1			DAMAGE:1d2	RANGE:10	SOURCEPAGE:p.35

###Block: Mundane items
Xephyr Knife	PROFICIENCY:WEAPON|Xephyr Knife	TYPE:Weapon.Melee.Light.Finesseable.Ranged.Thrown.Exotic.Standard.Piercing.Slashing.BladeLight	COST:15	WT:1		CRITMULT:x2			CRITRANGE:3			DAMAGE:1d6	SOURCEPAGE:p.33


###Block: Universal psionic items
# COMMENT: Decide on Wondrous vs Universal
# NEEDS DATA WORK: Requires a change in the Nomad's Step ability
Aura Monocle (Good/Evil)	TYPE:Psionic.Universal.Eyes	COST:23520	WT:0.5	SOURCEPAGE:p.47	SPROP:Discern good/evil alignment 3/day
Aura Monocle (Law/Chaos)	TYPE:Psionic.Universal.Eyes	COST:23520	WT:0.5	SOURCEPAGE:p.47	SPROP:Discern lawful/chaotic alignment 3/day
Aura Monocle (Greater)		TYPE:Psionic.Universal.Eyes	COST:47040	WT:0.5	SOURCEPAGE:p.48	SPROP:Discern good/evil and lawful/chaotic alignment 3/day	OUTPUTNAME:Aura Monocle, Greater
Boots of Gravity Binding																TYPE:Psionic.Universal.Boot					COST:18000	WT:1		SLOTS:2																		SOURCEPAGE:p.26	SPELLS:Boots of Gravity Binding|TIMES=3|CASTERLEVEL=5|Gravitational Anchor
Boots of the Beast (1d3)			TYPE:Psionic.Universal.Boot	COST:625	WT:0.5	SOURCEPAGE:p.22
Boots of the Beast (1d4)			TYPE:Psionic.Universal.Boot	COST:1000	WT:0.5	SOURCEPAGE:p.22
Boots of the Beast (1d6)			TYPE:Psionic.Universal.Boot	COST:3000	WT:0.5	SOURCEPAGE:p.22
Boots of the Beast (1d8)			TYPE:Psionic.Universal.Boot	COST:5000	WT:0.5	SOURCEPAGE:p.22
Boots of the Beast (2d6)			TYPE:Psionic.Universal.Boot	COST:7000	WT:0.5	SOURCEPAGE:p.22
Boots of the Beast (3d6)			TYPE:Psionic.Universal.Boot	COST:11000	WT:0.5	SOURCEPAGE:p.22
Boots of the Beast (4d6)			TYPE:Psionic.Universal.Boot	COST:15000	WT:0.5	SOURCEPAGE:p.22
Boots of the Beast (5d6)			TYPE:Psionic.Universal.Boot	COST:19000	WT:0.5	SOURCEPAGE:p.22
Boots of the Beast (6d6)			TYPE:Psionic.Universal.Boot	COST:22000	WT:0.5	SOURCEPAGE:p.22
Boots of the Nomad									TYPE:Psionic.Wondrous.Boot		COST:10000	WT:1		SLOTS:2	SOURCEPAGE:p.42	ABILITY:Special Ability|AUTOMATIC|Nomad's Step ~ Psychoportation	BONUS:VAR|NomadsStepLVL|4																														SPROP:Gain Nomad's Step as 4th-level Nomad, or add 4 to Nomad level for Nomad's Step
Bracers of Disruption		TYPE:Psionic.Universal.Bracer	COST:20000	WT:0		SOURCEPAGE:p.48	BONUS:VAR|EnhancedDisruptionDice|2	SLOTS:2
Cacophonous Bell			TYPE:Psionic.Universal		COST:10500	WT:3		SOURCEPAGE:p.48	SPROP:Bardic performance more difficult when rung
Charm of Perservation		TYPE:Psionic.Universal.Consumable	COST:250	WT:0		SOURCEPAGE:p.48	SPROP:Allows psionic revivify to be used up to a week later
Circlet of the Sheltered Mind								TYPE:Psionic.Wondrous.Headgear	COST:7500	WT:2				SOURCEPAGE:p.42												BONUS:VAR|PsychicEnervationPercent|-5																												SPROP:Reduce enervation chance by 5%
Coin of Brotherhood		TYPE:Psionic.Universal		COST:5000	WT:0		SOURCEPAGE:p.48	SPROP:Gain +10 bonus on Diplomacy
Earring of Resistance +1	TYPE:Psionic.Universal		COST:700	WT:0		SOURCEPAGE:p.48	SPROP:+1 competence bonus on save against a single psionic power
Earring of Resistance +2	TYPE:Psionic.Universal		COST:2800	WT:0		SOURCEPAGE:p.48	SPROP:+2 competence bonus on save against a single psionic power
Earring of Resistance +3	TYPE:Psionic.Universal		COST:6300	WT:0		SOURCEPAGE:p.48	SPROP:+3 competence bonus on save against a single psionic power
Earring of Resistance +4	TYPE:Psionic.Universal		COST:12200	WT:0		SOURCEPAGE:p.48	SPROP:+4 competence bonus on save against a single psionic power
Earring of Resistance +5	TYPE:Psionic.Universal		COST:17500	WT:0		SOURCEPAGE:p.48	SPROP:+5 competence bonus on save against a single psionic power
Empathic Monocle			TYPE:Psionic.Universal.Eyes	COST:1750	WT:0.5	SOURCEPAGE:p.49	SPROP:Expend focus for bonus to Diplomacy and Sense Motive
Empathic Monocle (Greater)	TYPE:Psionic.Universal.Eyes	COST:8400	WT:0.5	SOURCEPAGE:p.49	SPROP:Learn surface thoughts of creature (Will DC 12 negates)	OUTPUTNAME:Empathic Monocle, Greater
Gladiator's Gauze			TYPE:Psionic.Universal.Consumable	COST:35	WT:0.5	SOURCEPAGE:p.49	SPROP:Stabilizes and stops bleed effects
Gloves of the Beast (1d3)			TYPE:Psionic.Universal.Glove	COST:625	WT:0.5	SOURCEPAGE:p.22
Gloves of the Beast (1d4)			TYPE:Psionic.Universal.Glove	COST:1000	WT:0.5	SOURCEPAGE:p.22
Gloves of the Beast (1d6)			TYPE:Psionic.Universal.Glove	COST:3000	WT:0.5	SOURCEPAGE:p.22
Gloves of the Beast (1d8)			TYPE:Psionic.Universal.Glove	COST:5000	WT:0.5	SOURCEPAGE:p.22
Gloves of the Beast (2d6)			TYPE:Psionic.Universal.Glove	COST:7000	WT:0.5	SOURCEPAGE:p.22
Gloves of the Beast (3d6)			TYPE:Psionic.Universal.Glove	COST:11000	WT:0.5	SOURCEPAGE:p.22
Gloves of the Beast (4d6)			TYPE:Psionic.Universal.Glove	COST:15000	WT:0.5	SOURCEPAGE:p.22
Gloves of the Beast (5d6)			TYPE:Psionic.Universal.Glove	COST:19000	WT:0.5	SOURCEPAGE:p.22
Gloves of the Beast (6d6)			TYPE:Psionic.Universal.Glove	COST:22000	WT:0.5	SOURCEPAGE:p.22
Goggles of Far Sight																	TYPE:Psionic.Universal.Eyegear				COST:4000	WT:0																					SOURCEPAGE:p.26														BONUS:COMBAT|AC|-1	SPROP:Ignore first ranged increment penalty
# NEEDS DATA WORK: Need to see how collectives interact before adding vitalist to item																			SPROP:Gain Nomad's Step as 4th-level Nomad, or add 4 to Nomad level for Nomad's Step
Headband of the Great Village (1 creature)	TYPE:Psionic.Wondrous.Headband	COST:3000	WT:0.5	SLOTS:1	SOURCEPAGE:p.30	BONUS:VAR|TacticianCollectiveMinds|1	SPROP:Mindlink with 1 creature within 30 ft.	SPROP:Add one to size of collective|PREVARGT:TacticianCollectiveMinds,0
Headband of the Great Village (2 creatures)	TYPE:Psionic.Wondrous.Headband	COST:12000	WT:0.5	SLOTS:1	SOURCEPAGE:p.30	BONUS:VAR|TacticianCollectiveMinds|2	SPROP:Mindlink with 2 creatures within 30 ft.	SPROP:Add two to size of collective|PREVARGT:TacticianCollectiveMinds,0
Headband of the Great Village (3 creatures)	TYPE:Psionic.Wondrous.Headband	COST:27000	WT:0.5	SLOTS:1	SOURCEPAGE:p.30	BONUS:VAR|TacticianCollectiveMinds|3	SPROP:Mindlink with 3 creatures within 30 ft.	SPROP:Add three to size of collective|PREVARGT:TacticianCollectiveMinds,0
# NEEDS CODE/DATA WORK: Can't pick a power to add to the item
Ioun Stone (Green and White)			OUTPUTNAME:Ioun Stone, [NAME]	TYPE:Psionic.Wondrous.Ioun		COST:12000	WT:0				SOURCEPAGE:p.42																																														SPROP:Grants an additional power known.
Mender's Vestments (extra time)		TYPE:Psionic.Universal.Robe	COST:3750	WT:1		SOURCEPAGE:p.22	BONUS:VAR|TransferWoundsTimes|1
Mender's Vestments (extra 1d6)		TYPE:Psionic.Universal.Robe	COST:4000	WT:1		SOURCEPAGE:p.22	BONUS:VAR|TransferWoundsDice|1
Mender's Vestments (extra time and 1d6)	TYPE:Psionic.Universal.Robe	COST:10000	WT:1		SOURCEPAGE:p.22	BONUS:VAR|TransferWoundsTimes|1	BONUS:VAR|TransferWoundsDice|1
Pattern Breaker's Gloves	TYPE:Psionic.Universal.Glove	COST:2000	WT:1		SOURCEPAGE:p.49	SPROP:Use disrupt pattern with unarmed strikes or natural attacks	SLOTS:2
Shimmering Vest			TYPE:Psionic.Universal.Shirt	COST:12500	WT:0.5	SOURCEPAGE:p.49	SPROP:Gives or enhances light-bending pattern insight
Shimmering Vest (Greater)	TYPE:Psionic.Universal.Shirt	COST:25000	WT:0.5	SOURCEPAGE:p.49	SPROP:Gives or enhances light-bending pattern insight	OUTPUTNAME:Shimmering Vest, Greater
Student's Robes										TYPE:Psionic.Wondrous.Robe		COST:13000	WT:1				SOURCEPAGE:p.42												BONUS:VAR|PsychometabolismDisciplineLVL,PsychokinesisDisciplineLVL,PsychoportationDisciplineLVL,ClairsentienceDisciplineLVL,MetacreativityDisciplineLVL,TelepathyDisciplineLVL,GeneralistDisciplineLVL|5	SPROP:Psion level treated as five higher for discipline abilities.
Survivor's Sleeping Bag		TYPE:Psionic.Universal		COST:1400	WT:3		SOURCEPAGE:p.50	SPROP:No harm from hot or cold environments
# NEEDS DATA WORK: Warrior's paths would each need their own LVL variable.
# COMMENT: Each new Warrior's Path needs a new item.
# COMMENT: Allowing a CHOOSE in an item would avoid this.
Warrior's Bracer (Ascetic Path)							TYPE:Psionic.Wondrous.Bracer		COST:15000	WT:0		SLOTS:1	SOURCEPAGE:p.42																																														SPROP:Treat level as 4 higher for trance and maneuver for specific warrior's path, or can use the trance and maneuver 3/day for 1 minute if path is not known.
Warrior's Bracer (Assassin's Path)							TYPE:Psionic.Wondrous.Bracer		COST:15000	WT:0		SLOTS:1	SOURCEPAGE:p.42																																														SPROP:Treat level as 4 higher for trance and maneuver for specific warrior's path, or can use the trance and maneuver 3/day for 1 minute if path is not known.
Warrior's Bracer (Brawling Path)							TYPE:Psionic.Wondrous.Bracer		COST:15000	WT:0		SLOTS:1	SOURCEPAGE:p.42																																														SPROP:Treat level as 4 higher for trance and maneuver for specific warrior's path, or can use the trance and maneuver 3/day for 1 minute if path is not known.
Warrior's Bracer (Feral Warrior Path)						TYPE:Psionic.Wondrous.Bracer		COST:15000	WT:0		SLOTS:1	SOURCEPAGE:p.42																																														SPROP:Treat level as 4 higher for trance and maneuver for specific warrior's path, or can use the trance and maneuver 3/day for 1 minute if path is not known.
Warrior's Bracer (Mind Knight Path)							TYPE:Psionic.Wondrous.Bracer		COST:15000	WT:0		SLOTS:1	SOURCEPAGE:p.42																																														SPROP:Treat level as 4 higher for trance and maneuver for specific warrior's path, or can use the trance and maneuver 3/day for 1 minute if path is not known.
Warrior's Bracer (Weaponmaster Path)						TYPE:Psionic.Wondrous.Bracer		COST:15000	WT:0		SLOTS:1	SOURCEPAGE:p.42																																														SPROP:Treat level as 4 higher for trance and maneuver for specific warrior's path, or can use the trance and maneuver 3/day for 1 minute if path is not known.
Warrior's Bracer (Archer Path)							TYPE:Psionic.Wondrous.Bracer		COST:15000	WT:0		SLOTS:1	SOURCEPAGE:p.42																																														SPROP:Treat level as 4 higher for trance and maneuver for specific warrior's path, or can use the trance and maneuver 3/day for 1 minute if path is not known.
Warrior's Bracer (Infiltrator Path)							TYPE:Psionic.Wondrous.Bracer		COST:15000	WT:0		SLOTS:1	SOURCEPAGE:p.42																																														SPROP:Treat level as 4 higher for trance and maneuver for specific warrior's path, or can use the trance and maneuver 3/day for 1 minute if path is not known.
Warrior's Bracer (Survivor Path)							TYPE:Psionic.Wondrous.Bracer		COST:15000	WT:0		SLOTS:1	SOURCEPAGE:p.42																																														SPROP:Treat level as 4 higher for trance and maneuver for specific warrior's path, or can use the trance and maneuver 3/day for 1 minute if path is not known.
Warrior's Scabbard		TYPE:Psionic.Universal		COST:1000	WT:1		SOURCEPAGE:p.50	SPROP:Gain +1 insight bonus on attack rolls for 1 turn

###Block: Psionic rings
Ring of Altered Perception	TYPE:Psionic.Universal.Ring	COST:12000	WT:0		SOURCEPAGE:p.49	SPROP:Give false information to clairsentience powers
Ring of Missile Protection																TYPE:Psionic.Ring							COST:2000	WT:0																					SOURCEPAGE:p.26																		SPROP:DR 10/magic vs. ranged attacks, inert for 24 hours after 50 damage avoided

###Block: Crystalline foci
Crystal Bow +1	TYPE:Psionic.CrystallineFocus	COST:11200	WT:2	SOURCEPAGE:p.41	SPROP:enhancement of mind bolt is increased by +1, up to +5
Crystal Bow +2	TYPE:Psionic.CrystallineFocus	COST:44800	WT:2	SOURCEPAGE:p.41	SPROP:enhancement of mind bolt is increased by +2, up to +5
Crystal Bow +3	TYPE:Psionic.CrystallineFocus	COST:100800	WT:2	SOURCEPAGE:p.41	SPROP:enhancement of mind bolt is increased by +3, up to +5
Crystal Gauntlets +1	TYPE:Psionic.CrystallineFocus	COST:11200	WT:2	SOURCEPAGE:p.41	SPROP:enhancement of empowered unarmed strikes is increased by +1, up to +5
Crystal Gauntlets +2	TYPE:Psionic.CrystallineFocus	COST:44800	WT:2	SOURCEPAGE:p.41	SPROP:enhancement of empowered unarmed strikes is increased by +2, up to +5
Crystal Gauntlets +3	TYPE:Psionic.CrystallineFocus	COST:100800	WT:2	SOURCEPAGE:p.41	SPROP:enhancement of empowered unarmed strikes is increased by +3, up to +5
Crystal Grip +1	TYPE:Psionic.CrystallineFocus	COST:5600	WT:2	SOURCEPAGE:p.41	SPROP:enhancement of mind shield is increased by +1, up to +5
Crystal Grip +2	TYPE:Psionic.CrystallineFocus	COST:22400	WT:2	SOURCEPAGE:p.41	SPROP:enhancement of mind shield is increased by +2, up to +5
Crystal Grip +3	TYPE:Psionic.CrystallineFocus	COST:50400	WT:2	SOURCEPAGE:p.41	SPROP:enhancement of mind shield is increased by +3, up to +5
Crystal Hilt (Light) +1	TYPE:Psionic.CrystallineFocus	COST:11200	WT:2	SOURCEPAGE:p.41	SPROP:enhancement of mind blade is increased by +1, up to +5
Crystal Hilt (Light) +2	TYPE:Psionic.CrystallineFocus	COST:44800	WT:2	SOURCEPAGE:p.41	SPROP:enhancement of mind blade is increased by +2, up to +5
Crystal Hilt (Light) +3	TYPE:Psionic.CrystallineFocus	COST:100800	WT:2	SOURCEPAGE:p.41	SPROP:enhancement of mind blade is increased by +3, up to +5
Crystal Hilt (One-Handed) +1	TYPE:Psionic.CrystallineFocus	COST:11200	WT:2	SOURCEPAGE:p.41	SPROP:enhancement of mind blade is increased by +1, up to +5
Crystal Hilt (One-Handed) +2	TYPE:Psionic.CrystallineFocus	COST:44800	WT:2	SOURCEPAGE:p.41	SPROP:enhancement of mind blade is increased by +2, up to +5
Crystal Hilt (One-Handed) +3	TYPE:Psionic.CrystallineFocus	COST:100800	WT:2	SOURCEPAGE:p.41	SPROP:enhancement of mind blade is increased by +3, up to +5
Crystal Hilt (Two-Handed) +1	TYPE:Psionic.CrystallineFocus	COST:11200	WT:2	SOURCEPAGE:p.41	SPROP:enhancement of mind blade is increased by +1, up to +5
Crystal Hilt (Two-Handed) +2	TYPE:Psionic.CrystallineFocus	COST:44800	WT:2	SOURCEPAGE:p.41	SPROP:enhancement of mind blade is increased by +2, up to +5
Crystal Hilt (Two-Handed) +3	TYPE:Psionic.CrystallineFocus	COST:100800	WT:2	SOURCEPAGE:p.41	SPROP:enhancement of mind blade is increased by +3, up to +5
Crystal Spaulders +1	TYPE:Psionic.CrystallineFocus	COST:5600	WT:2	SOURCEPAGE:p.41	SPROP:enhancement of mind armor is increased by +1, up to +5
Crystal Spaulders +2	TYPE:Psionic.CrystallineFocus	COST:22400	WT:2	SOURCEPAGE:p.41	SPROP:enhancement of mind armor is increased by +2, up to +5
Crystal Spaulders +3	TYPE:Psionic.CrystallineFocus	COST:50400	WT:2	SOURCEPAGE:p.41	SPROP:enhancement of mind armor is increased by +3, up to +5
