
#SA
Authority (Cop)
Charis. Leadership (Rocker)


ATTR
Personal Gromming
Wardrobe & Style

# BODY
Endurance
Strength Feat
Swimming

# COOL/WILL
Interrogation
Intimidate
Oratory
Resist Torture/Drugs
Streetwise

# EMPATHY
Human Perception
Interview
Leadership
Seduction
Social
Persuasion & Fast Talk
Perform

# INT
Accounting
Anthropology
Awareness/Notice
Biology
Botany
Chemistry
Composition
Diagnose Illness
Education & Gen. Know.
Expert
Gamble
Geology
Hide/Evade
History
Know Language
Library Search
Mathematics
Physics
Programming
Shadow/Track
Stock Market
System Knowledge
Teaching
Wilderness Survival
Zoology

# REF
Archery
Athletics
Brawling
Dance
Dodge & Escape
Driving
Fencing
Handgun
Heavy Weapons
Martial Art
Melee
Motorcycle
Operate Heavy Machinery
Pilot (Gyro)
Pilot (Fixed Wing)
Pilot (Dirigible)
Pilot (Vect. Thrust Vehicle)
Rifle
Stealth
Submachinegun

# TECH
Aero Tech
AV Tech
Basic Tech
Cryotank Operation
Cyberdeck Design
CyberTech
Demolitions
Disguise
Electornics
Elect. Security
First Aid
Forgery
Gyro Tech
Paint or Draw
Photo & Film
Pharmaceuticals
Pick Lock
Pick Pocket
Play Instrument
Weaponsmith





