SOURCELONG:Psionics Expanded - Master the Battle	SOURCESHORT:PEMB	SOURCEWEB:http://dreamscarredpress.com/dragonfly/index.php	SOURCEDATE:2012-03
# ORIGINAL ENTRY: Douglas Limmer
# ORIGINAL ENTRY DATE: 2013/01/15

###Block: Dread

# Class Name	Hit Dice	Type				Max Level	Source Page		Save checks bonus											Combat bonus
CLASS:Dread	HD:8		TYPE:Base.Psionic.PC	MAXLEVEL:20	SOURCEPAGE:p.2	BONUS:CHECKS|BASE.Reflex,BASE.Will|CL/2+2	BONUS:CHECKS|BASE.Fortitude|CL/3	BONUS:COMBAT|BAB|CL*3/4|TYPE=Base.REPLACE	BONUS:VAR|PCrystalLevel|CL|PREFEAT:1,Psicrystal Affinity
CLASS:Dread		SPELLSTAT:CHA	SPELLTYPE:Psionic	MEMORIZE:NO	BONUS:CASTERLEVEL|Dread|CL
# Class Name	Skill Pts/Lvl	Class Skill
CLASS:Dread		STARTSKILLPTS:6	CSKILL:Acrobatics|Autohypnosis|Bluff|Climb|TYPE.Craft|Escape Artist|Intimidate|Knowledge (Psionics)|Perception|TYPE.Profession|Sense Motive|Spellcraft|Swim

#Block: Proficiencies
1	ABILITY:Special Ability|AUTOMATIC|All Automatic Proficiencies
1	ABILITY:Special Ability|AUTOMATIC|All Martial Weapon Proficiencies|!PREABILITY:1,CATEGORY=Archetype,TYPE.DreadMartialWeaponProficiency	AUTO:FEAT|Martial Weapon Proficiency Output|!PREABILITY:1,CATEGORY=Archetype,TYPE.DreadMartialWeaponProficiency
1	AUTO:FEAT|Simple Weapon Proficiency|!PREABILITY:1,CATEGORY=Archetype,TYPE.DreadSimpleWeaponProficiency	AUTO:FEAT|Armor Proficiency (Light)|!PREABILITY:1,CATEGORY=Archetype,TYPE.DreadShieldProficiency

#Block: Psionic Ability
1	BONUS:VAR|IsPsionic|1																								DEFINE:IsPsionic|0							ABILITY:Special Ability|AUTOMATIC|Psionic
1	BONUS:VAR|DreadLVL|CL																								DEFINE:DreadLVL|0
1	BONUS:VAR|DreadPL|DreadLVL	BONUS:VAR|DreadPL|var("BL=Dread")																	DEFINE:DreadPL|0
1	DEFINE:DreadPrimeStat|CHA
1	BONUS:VAR|BasePowerPoints|1	BONUS:VAR|BasePowerPoints|1|PREVARGTEQ:DreadPL,2	BONUS:VAR|BasePowerPoints|2|PREVARGTEQ:DreadPL,3
1	BONUS:VAR|BasePowerPoints|2|PREVARGTEQ:DreadPL,4	BONUS:VAR|BasePowerPoints|2|PREVARGTEQ:DreadPL,5	BONUS:VAR|BasePowerPoints|4|PREVARGTEQ:DreadPL,6
1	BONUS:VAR|BasePowerPoints|4|PREVARGTEQ:DreadPL,7	BONUS:VAR|BasePowerPoints|4|PREVARGTEQ:DreadPL,8	BONUS:VAR|BasePowerPoints|4|PREVARGTEQ:DreadPL,9
1	BONUS:VAR|BasePowerPoints|4|PREVARGTEQ:DreadPL,10	BONUS:VAR|BasePowerPoints|8|PREVARGTEQ:DreadPL,11	BONUS:VAR|BasePowerPoints|8|PREVARGTEQ:DreadPL,12
1	BONUS:VAR|BasePowerPoints|8|PREVARGTEQ:DreadPL,13	BONUS:VAR|BasePowerPoints|8|PREVARGTEQ:DreadPL,14	BONUS:VAR|BasePowerPoints|8|PREVARGTEQ:DreadPL,15
1	BONUS:VAR|BasePowerPoints|12|PREVARGTEQ:DreadPL,16	BONUS:VAR|BasePowerPoints|12|PREVARGTEQ:DreadPL,17	BONUS:VAR|BasePowerPoints|12|PREVARGTEQ:DreadPL,18
1	BONUS:VAR|BasePowerPoints|12|PREVARGTEQ:DreadPL,19	BONUS:VAR|BasePowerPoints|12|PREVARGTEQ:DreadPL,20
1	BONUS:VAR|BonusPowerPoints|(DreadPrimeStat*DreadPL)/2|TYPE=DreadBonusPP

1	BONUS:VAR|DreadCL|DreadLVL	BONUS:VAR|DreadCL|var("BL=Dread")																	DEFINE:DreadCL|0

#Block: Powers Known
1	KNOWN:2,1
2	KNOWN:2,2
3	KNOWN:2,3
4	KNOWN:2,3,1
5	KNOWN:2,3,2
6	KNOWN:2,3,3
7	KNOWN:2,3,3,1
8	KNOWN:2,3,3,2
9	KNOWN:2,3,3,3
10	KNOWN:2,3,3,3,1
11	KNOWN:2,3,3,3,2
12	KNOWN:2,3,3,3,3
13	KNOWN:2,3,3,3,3,1
14	KNOWN:2,3,3,3,3,2
15	KNOWN:2,3,3,3,3,3
16	KNOWN:2,3,3,3,3,3,1
17	KNOWN:2,3,3,3,3,3,2
18	KNOWN:2,3,3,3,3,3,3
19	KNOWN:2,3,3,3,3,3,4
20	KNOWN:2,3,3,3,3,3,5

#Block: Class Info
1	ABILITY:Special Ability|AUTOMATIC|Fearsome Insight ~ Dread|!PREABILITY:1,CATEGORY=Archetype,TYPE.DreadFearsomeInsight
1	ABILITY:Special Ability|AUTOMATIC|Devastating Touch ~ Dread|!PREABILITY:1,CATEGORY=Archetype,TYPE.DreadDevastatingTouch
2	ABILITY:Special Ability|AUTOMATIC|Terror ~ Dread|!PREABILITY:1,CATEGORY=Archetype,TYPE.DreadTerror	BONUS:ABILITYPOOL|Terror|floor(CL/2)|!PREABILITY:1,CATEGORY=Archetype,TYPE.DreadTerror
3	ABILITY:Special Ability|AUTOMATIC|Aura of Fear ~ Dread|!PREABILITY:1,CATEGORY=Archetype,TYPE.DreadAuraOfFear
3	ABILITY:Special Ability|AUTOMATIC|Channel Terror ~ Dread|!PREABILITY:1,CATEGORY=Archetype,TYPE.DreadChannelTerror
5	BONUS:ABILITYPOOL|Dread Bonus Feat|1|!PREABILITY:1,CATEGORY=Archetype,TYPE.DreadBonusFeat5
7	ABILITY:Special Ability|AUTOMATIC|Immersed in Fear ~ Dread|!PREABILITY:1,CATEGORY=Archetype,TYPE.DreadImmersedInFear
9	BONUS:ABILITYPOOL|Dread Bonus Feat|1|!PREABILITY:1,CATEGORY=Archetype,TYPE.DreadBonusFeat9
11	ABILITY:Special Ability|AUTOMATIC|Shadow Twin ~ Dread|!PREABILITY:1,CATEGORY=Archetype,TYPE.DreadShadowTwin
11	ABILITY:Special Ability|AUTOMATIC|Twin Fear ~ Dread|!PREABILITY:1,CATEGORY=Archetype,TYPE.DreadTwinFear
13	BONUS:ABILITYPOOL|Dread Bonus Feat|1|!PREABILITY:1,CATEGORY=Archetype,TYPE.DreadBonusFeat13
15	ABILITY:Internal|AUTOMATIC|Shadow Twin 100 ~ Dread|!PREABILITY:1,CATEGORY=Archetype,TYPE.DreadShadowTwin100
15	ABILITY:Internal|AUTOMATIC|Twin Fear Form of Doom ~ Dread|!PREABILITY:1,CATEGORY=Archetype,TYPE.DreadTwinFearFormOfDoom
17	BONUS:ABILITYPOOL|Dread Bonus Feat|1|!PREABILITY:1,CATEGORY=Archetype,TYPE.DreadBonusFeat17
19	ABILITY:Internal|AUTOMATIC|Shadow Twin 400 ~ Dread|!PREABILITY:1,CATEGORY=Archetype,TYPE.DreadShadowTwin400
20	ABILITY:Special Ability|AUTOMATIC|Fear Incarnate ~ Dread|!PREABILITY:1,CATEGORY=Archetype,TYPE.DreadFearIncarnate


###Block: Psion Advanced Disciplines
#Block: Insight Advanced Discipline
#CLASS:Psion.MOD
#SUBCLASS:Insight	COST:0	PROHIBITCOST:0	SPELLLIST:2|Seer|Psion	CSKILL:Autohypnosis|TYPE.Craft|TYPE.Knowledge|TYPE.Profession|Spellcraft|Diplomacy|Perception
#SUBCLASSLEVEL:1	BONUS:VAR|ClairsentienceDisciplineLVL|CL	ABILITY:Special Ability|AUTOMATIC|Insight Advanced Discipline

#Block:Jaunting Advanced Discipline
#SUBCLASS:Jaunting	COST:0	PROHIBITCOST:0	SPELLLIST:2|Nomad|Psion		CSKILL:Autohypnosis|TYPE.Craft|TYPE.Knowledge|TYPE.Profession|Spellcraft|Climb|Fly|Survival|Swim
#SUBCLASSLEVEL:1	BONUS:VAR|PsychoportationDisciplineLVL|CL		ABILITY:Special Ability|AUTOMATIC|Jaunting Advanced Discipline


###Block: Sighted Seeker prestige class
#CLASS:Sighted Seeker	HD:8		TYPE:PC.Prestige.Psionic	MAXLEVEL:10	SOURCEPAGE:p.27	BONUS:CHECKS|BASE.Reflex,BASE.Will|(CL+1)/2	BONUS:CHECKS|BASE.Fortitude|(CL+1)/3	BONUS:COMBAT|BAB|(CL*3)/4|TYPE=Base.REPLACE	BONUS:VAR|PCrystalLevel|CL|PREFEAT:1,Psicrystal Affinity
#CLASS:Sighted Seeker	SPELLSTAT:WIS	SPELLTYPE:Psionic	MEMORIZE:NO	BONUS:CASTERLEVEL|Sighted Seeker|CL
#CLASS:Sighted Seeker	PREMULT:1,[PREFEAT:1,Skill Focus(Survival)],[PREABILITY:1,CATEGORY=Special Ability,Track]	PRESKILL:3,Diplomacy=2,Perception=5,Survival=2	PREVARGT:TotalPowerPoints,0	PREATT:4
#CLASS:Sighted Seeker	STARTSKILLPTS:6	CSKILL:Diplomacy|Knowledge (Local)|Knowledge (Nature)|Knowledge (Psionics)|Perception|Sense Motive|Spellcraft|Stealth|Survival
#CLASS:Sighted Seeker	ALLOWBASECLASS:NO

#SUBCLASS:Sighted Seeker (Own Manifesting)	COST:0	PROHIBITCOST:0
#	SPELLLIST:1|Sighted Seeker
#SUBCLASS:Sighted Seeker (Own Manifesting)	SPELLSTAT:WIS	SPELLTYPE:Psionic	MEMORIZE:NO	BONUS:CASTERLEVEL|Sighted Seeker (Own Manifesting)|CL

#Block: Psionic Ability
#SUBCLASSLEVEL:1	BONUS:VAR|IsPsionic|1																								DEFINE:IsPsionic|0							ABILITY:Special Ability|AUTOMATIC|Psionic
#SUBCLASSLEVEL:1	BONUS:VAR|SightedSeekerLVL|CL																								DEFINE:SightedSeekerLVL|0
#SUBCLASSLEVEL:1	BONUS:VAR|SightedSeekerPL|SightedSeekerLVL	BONUS:VAR|SightedSeekerPL|var("BL=Sighted Seeker")																	DEFINE:SightedSeekerPL|0
#SUBCLASSLEVEL:1	BONUS:VAR|BasePowerPoints|2	BONUS:VAR|BasePowerPoints|3|PREVARGTEQ:SightedSeekerPL,2	BONUS:VAR|BasePowerPoints|4|PREVARGTEQ:SightedSeekerPL,3
#SUBCLASSLEVEL:1	BONUS:VAR|BasePowerPoints|5|PREVARGTEQ:SightedSeekerPL,4	BONUS:VAR|BasePowerPoints|8|PREVARGTEQ:SightedSeekerPL,5	BONUS:VAR|BasePowerPoints|8|PREVARGTEQ:SightedSeekerPL,6
#SUBCLASSLEVEL:1	BONUS:VAR|BasePowerPoints|12|PREVARGTEQ:SightedSeekerPL,7	BONUS:VAR|BasePowerPoints|12|PREVARGTEQ:SightedSeekerPL,8	BONUS:VAR|BasePowerPoints|16|PREVARGTEQ:SightedSeekerPL,9
#SUBCLASSLEVEL:1	BONUS:VAR|BasePowerPoints|16|PREVARGTEQ:SightedSeekerPL,10
#SUBCLASSLEVEL:1	BONUS:VAR|BonusPowerPoints|(WIS*SightedSeekerPL)/2|TYPE=SightedSeekerBonusPP

#SUBCLASSLEVEL:1	BONUS:VAR|SightedSeekerCL|SightedSeekerLVL	BONUS:VAR|SightedSeekerCL|var("BL=Sighted Seeker")																	DEFINE:SightedSeekerCL|0

#Block: Powers Known
#SUBCLASSLEVEL:1	KNOWN:0,1
#SUBCLASSLEVEL:2	KNOWN:0,3
#SUBCLASSLEVEL:3	KNOWN:0,4
#SUBCLASSLEVEL:4	KNOWN:0,4,1
#SUBCLASSLEVEL:5	KNOWN:0,4,2
#SUBCLASSLEVEL:6	KNOWN:0,4,3
#SUBCLASSLEVEL:7	KNOWN:0,4,3,1
#SUBCLASSLEVEL:8	KNOWN:0,4,3,3
#SUBCLASSLEVEL:9	KNOWN:0,4,3,3,1
#SUBCLASSLEVEL:10	KNOWN:0,4,3,3,2

#SUBCLASS:Sighted Seeker (Advance Manifesting)	COST:0	PROHIBITCOST:0
#SUBCLASSLEVEL:2	ADD:SPELLCASTER|Psionic	BONUS:VAR|MndBladeLVL|1
#SUBCLASSLEVEL:3	ADD:SPELLCASTER|Psionic	BONUS:VAR|MndBladeLVL|1
#SUBCLASSLEVEL:4	ADD:SPELLCASTER|Psionic	BONUS:VAR|MndBladeLVL|1
#SUBCLASSLEVEL:6	ADD:SPELLCASTER|Psionic	BONUS:VAR|MndBladeLVL|1
#SUBCLASSLEVEL:7	ADD:SPELLCASTER|Psionic	BONUS:VAR|MndBladeLVL|1
#SUBCLASSLEVEL:8	ADD:SPELLCASTER|Psionic	BONUS:VAR|MndBladeLVL|1
#SUBCLASSLEVEL:10	ADD:SPELLCASTER|Psionic	BONUS:VAR|MndBladeLVL|1

#1	ABILITY:Special Ability|AUTOMATIC|Favored Prey ~ Sighted Seeker
#1	ABILITY:Internal|AUTOMATIC|Urban Tracking ~ Sighted Seeker|Weapon and Armor Proficiencies ~ Sighted Seeker
#2	ABILITY:Special Ability|AUTOMATIC|Passive Seeking ~ Sighted Seeker
#3	ABILITY:Special Ability|AUTOMATIC|Mark Prey ~ Sighted Seeker
#4	ABILITY:Special Ability|AUTOMATIC|Prescient Tactics ~ Sighted Seeker
#5	ABILITY:Special Ability|AUTOMATIC|Seeker's Analysis ~ Sighted Seeker
#7	ABILITY:Special Ability|AUTOMATIC|Sighted Analysis ~ Sighted Seeker
#8	ABILITY:Internal|AUTOMATIC|Hypercognition ~ Sighted Seeker
#9	ABILITY:Special Ability|AUTOMATIC|The Sight ~ Sighted Seeker
#10	ABILITY:Internal|AUTOMATIC|Metafaculty ~ Sighted Seeker

#
# End
#