
###Block: Parent Categories
ABILITYCATEGORY:Race			CATEGORY:Race		VISIBLE:NO
ABILITYCATEGORY:Racial Trait		CATEGORY:Racial Trait	VISIBLE:NO


#ABILITYCATEGORY:Class			CATEGORY:Class		VISIBLE:NO
#ABILITYCATEGORY:Class Feature		CATEGORY:Class Feature	VISIBLE:NO
#ABILITYCATEGORY:Internal		CATEGORY:Internal		VISIBLE:NO
#ABILITYCATEGORY:Proficiency		CATEGORY:PROFICIENCY	VISIBLE:NO
#ABILITYCATEGORY:Archetype		CATEGORY:Archetype	VISIBLE:NO
#ABILITYCATEGORY:Theme			CATEGORY:Theme		VISIBLE:NO
#ABILITYCATEGORY:Weapon			CATEGORY:Weapon		VISIBLE:NO


#ABILITYCATEGORY:Feat			CATEGORY:Feat					DISPLAYLOCATION:Character





ABILITYCATEGORY:Special Ability	CATEGORY:Special Ability	VISIBLE:NO

# Special Ability is for displayed abilities
# Race is a base ability to allow quick add-on to a race
# Class is a base ability to allow quick add-on to a class
# Internal is a catch-all for non-displayed internal items
#





# Racial Traits
ABILITYCATEGORY:Barathu Racial Trait		CATEGORY:Racial Trait	TYPE:Barathu Racial Trait		VISIBLE:QUALIFY	DISPLAYLOCATION:Character	EDITABLE:YES	EDITPOOL:NO
ABILITYCATEGORY:Contemplative Racial Trait		CATEGORY:Racial Trait	TYPE:Contemplative Racial Trait		VISIBLE:QUALIFY	DISPLAYLOCATION:Character	EDITABLE:YES	EDITPOOL:NO
ABILITYCATEGORY:Draelik Racial Trait		CATEGORY:Racial Trait	TYPE:Draelik Racial Trait		VISIBLE:QUALIFY	DISPLAYLOCATION:Character	EDITABLE:YES	EDITPOOL:NO
ABILITYCATEGORY:Dragonkin Racial Trait		CATEGORY:Racial Trait	TYPE:Dragonkin Racial Trait		VISIBLE:QUALIFY	DISPLAYLOCATION:Character	EDITABLE:YES	EDITPOOL:NO
ABILITYCATEGORY:Drow Racial Trait		CATEGORY:Racial Trait	TYPE:Drow Racial Trait		VISIBLE:QUALIFY	DISPLAYLOCATION:Character	EDITABLE:YES	EDITPOOL:NO
ABILITYCATEGORY:Formian Racial Trait		CATEGORY:Racial Trait	TYPE:Formian Racial Trait		VISIBLE:QUALIFY	DISPLAYLOCATION:Character	EDITABLE:YES	EDITPOOL:NO
ABILITYCATEGORY:Space_Goblin Racial Trait		CATEGORY:Racial Trait	TYPE:Space_Goblin Racial Trait		VISIBLE:QUALIFY	DISPLAYLOCATION:Character	EDITABLE:YES	EDITPOOL:NO
ABILITYCATEGORY:Gray Racial Trait		CATEGORY:Racial Trait	TYPE:Gray Racial Trait		VISIBLE:QUALIFY	DISPLAYLOCATION:Character	EDITABLE:YES	EDITPOOL:NO
ABILITYCATEGORY:Haan Racial Trait		CATEGORY:Racial Trait	TYPE:Haan Racial Trait		VISIBLE:QUALIFY	DISPLAYLOCATION:Character	EDITABLE:YES	EDITPOOL:NO
ABILITYCATEGORY:Ikeshti Racial Trait		CATEGORY:Racial Trait	TYPE:Ikeshti Racial Trait		VISIBLE:QUALIFY	DISPLAYLOCATION:Character	EDITABLE:YES	EDITPOOL:NO
ABILITYCATEGORY:Kalo Racial Trait		CATEGORY:Racial Trait	TYPE:Kalo Racial Trait		VISIBLE:QUALIFY	DISPLAYLOCATION:Character	EDITABLE:YES	EDITPOOL:NO
ABILITYCATEGORY:Maraquoi Racial Trait		CATEGORY:Racial Trait	TYPE:Maraquoi Racial Trait		VISIBLE:QUALIFY	DISPLAYLOCATION:Character	EDITABLE:YES	EDITPOOL:NO
ABILITYCATEGORY:Nuar Racial Trait		CATEGORY:Racial Trait	TYPE:Nuar Racial Trait		VISIBLE:QUALIFY	DISPLAYLOCATION:Character	EDITABLE:YES	EDITPOOL:NO
ABILITYCATEGORY:Reptoid Racial Trait		CATEGORY:Racial Trait	TYPE:Reptoid Racial Trait		VISIBLE:QUALIFY	DISPLAYLOCATION:Character	EDITABLE:YES	EDITPOOL:NO
ABILITYCATEGORY:Ryphorian Racial Trait		CATEGORY:Racial Trait	TYPE:Ryphorian Racial Trait		VISIBLE:QUALIFY	DISPLAYLOCATION:Character	EDITABLE:YES	EDITPOOL:NO
ABILITYCATEGORY:Sarcesian Racial Trait		CATEGORY:Racial Trait	TYPE:Sarcesian Racial Trait		VISIBLE:QUALIFY	DISPLAYLOCATION:Character	EDITABLE:YES	EDITPOOL:NO
ABILITYCATEGORY:Shobhad Racial Trait		CATEGORY:Racial Trait	TYPE:Shobhad Racial Trait		VISIBLE:QUALIFY	DISPLAYLOCATION:Character	EDITABLE:YES	EDITPOOL:NO
ABILITYCATEGORY:Skittermander Racial Trait		CATEGORY:Racial Trait	TYPE:Skittermander Racial Trait		VISIBLE:QUALIFY	DISPLAYLOCATION:Character	EDITABLE:YES	EDITPOOL:NO
ABILITYCATEGORY:Urog Racial Trait		CATEGORY:Racial Trait	TYPE:Urog Racial Trait		VISIBLE:QUALIFY	DISPLAYLOCATION:Character	EDITABLE:YES	EDITPOOL:NO
ABILITYCATEGORY:Verthani Racial Trait		CATEGORY:Racial Trait	TYPE:Verthani Racial Trait		VISIBLE:QUALIFY	DISPLAYLOCATION:Character	EDITABLE:YES	EDITPOOL:NO
ABILITYCATEGORY:Witchwyrd Racial Trait		CATEGORY:Racial Trait	TYPE:Witchwyrd Racial Trait		VISIBLE:QUALIFY	DISPLAYLOCATION:Character	EDITABLE:YES	EDITPOOL:NO
ABILITYCATEGORY:Wrikreechee Racial Trait		CATEGORY:Racial Trait	TYPE:Wrikreechee Racial Trait		VISIBLE:QUALIFY	DISPLAYLOCATION:Character	EDITABLE:YES	EDITPOOL:NO

#Theme


# Class


# Archetype


# Class Specific Pools



###
