SOURCELONG:War for the Crown Player's Guide
SOURCESHORT:WftCPG
SOURCEWEB:https://paizo.com/products/btpya08v
SOURCEDATE:2018-02
# Original Entry by: Marc Bower

###Block: Variant Feat

Noble Scion ~ War for the Crown		KEY:WFTC_NOBLE_SCION			CATEGORY:FEAT		TYPE:Campaign.General.FirstLevelOnly	PRELEVELMAX:1		PREMULT:1,[PRESTAT:1,CHA=13],[PREABILITY:1,CATEGORY=Special Ability,Trait ~ Child of Oppara]		DESC:You are a member of one of the significant noble families of Oppara, whether or not you remain in good standing with your family. +2 on Knowledge (nobility) plus gain a nobility-related boon.		BONUS:ABILITYPOOL|Noble Scion War for the Crown Family|1	BONUS:SKILL|Knowledge (Nobility)|2		CSKILL:Knowledge (Nobility)		SOURCEPAGE:p.10

# Selection
Noble Scion Family ~ Basri							KEY:WFTCNS_Basri			CATEGORY:Special Ability		VISIBLE:YES		TYPE:SpecialQuality.NobleScionWFTC		BONUS:ABILITYPOOL|Noble Scion of Basri Language|1	BONUS:ABILITYPOOL|Noble Scion of Basri Proficiency|1											DESC:Select one of the following as a bonus starting language: Celestial, Elven, Gnome, Sylvan. You gain proficiency in one of the following weapons: longbow (including composite), longsword, rapier, or shortbow (including composite). If you gain proficiency in all martial weapons at 1st level, you can instead select elven curve blade.
Noble Scion Family ~ Clement						KEY:WFTCNS_Clement			CATEGORY:Special Ability		VISIBLE:YES		TYPE:SpecialQuality.NobleScionWFTC		BONUS:SKILL|Diplomacy|(max(CHA,WIS)-CHA)																											DESC:You can substitute your Wisdom modifier for your Charisma modifier when attempting Diplomacy skill checks.
Noble Scion Family ~ Corcina						KEY:WFTCNS_Corcina			CATEGORY:Special Ability		VISIBLE:YES		TYPE:SpecialQuality.NobleScionWFTC		BONUS:SKILL|Climb,Escape Artist|1	BONUS:SITUATION|Survival=Navigate|2																				DESC:You gain a +1 bonus on Climb and Escape Artist checks, and a +2 bonus on Survival checks to navigate.
Noble Scion Family ~ Karthis						KEY:WFTCNS_Karthis			CATEGORY:Special Ability		VISIBLE:YES		TYPE:SpecialQuality.NobleScionWFTC		BONUS:COMBAT|INITIATIVE|(max(CHA,DEX)-DEX)																											DESC:You can apply your Charisma modifier instead of your Dexterity modifier to Initiative checks.
Noble Scion Family ~ Kastner						KEY:WFTCNS_Kastner			CATEGORY:Special Ability		VISIBLE:YES		TYPE:SpecialQuality.NobleScionWFTC		BONUS:ABILITYPOOL|Noble Scion of Kastner Bonus|1																									DESC:You gain one additional use per day of channel energy, lay on hands, or mesmerist tricks, or 3 additional rounds of bardic music per day. You gain only one of these benefits, even if you later acquire a second class that provides one of the other class features listed.
Noble Scion Family ~ Lotheed						KEY:WFTCNS_Lotheed			CATEGORY:Special Ability		VISIBLE:YES		TYPE:SpecialQuality.NobleScionWFTC		PRESTAT:1,INT=11																																	DESC:If your Intelligence is 11 or higher, you gain the following spell-like abilities: 1/day—dancing lights, prestidigitation, read magic, unseen servant. The caster level for these effects is equal to one-half your class level.
Noble Scion Family ~ Merosett						KEY:WFTCNS_Merosett			CATEGORY:Special Ability		VISIBLE:YES		TYPE:SpecialQuality.NobleScionWFTC		BONUS:SITUATION|Bluff=Send Secret Message|5		BONUS:SITUATION|Sense Motive=Discern Secret Message|5												DESC:You gain a +5 bonus on Bluff checks to send secret messages and Sense Motive checks to discern secret messages. You halve the time required to search through archives, navigate government offices, review contracts, or otherwise work with the complex bureaucracies your family has mastered for generations.
Noble Scion Family ~ Stavian						KEY:WFTCNS_Stavian			CATEGORY:Special Ability		VISIBLE:YES		TYPE:SpecialQuality.NobleScionWFTC		ASPECT:SaveBonus|+2 Fort v. Poison; +2 Will v. Charm, Compulsion spells																				DESC:You gain a +2 bonus on Fortitude saves against poison and on Will saves against enchantment spells of the charm and compulsion subschools.
Noble Scion Family ~ Talbot							KEY:WFTCNS_Talbot			CATEGORY:Special Ability		VISIBLE:YES		TYPE:SpecialQuality.NobleScionWFTC		SELECT:1	MULT:YES	CHOOSE:SKILL|TYPE=Profession		BONUS:SKILL|LIST|2	ASPECT:SkillBonus|1/day use Profession in place of Knowledge		DESC:You gain a +2 bonus on one Profession skill of your choice. Once per day, you can use this Profession skill in place of a single Knowledge skill check.
Noble Scion Family ~ Varima							KEY:WFTCNS_Varima			CATEGORY:Special Ability		VISIBLE:YES		TYPE:SpecialQuality.NobleScionWFTC		ASPECT:SkillBonus|When using Diplomacy to influence crowd/room roll twice and take higher															DESC:Whenever you use Diplomacy to influence a crowd or a room (but not individuals), you can roll twice and use the better result.
Noble Scion Family ~ Vernisant						KEY:WFTCNS_Vernisant		CATEGORY:Special Ability		VISIBLE:YES		TYPE:SpecialQuality.NobleScionWFTC		ABILITY:Special Ability|AUTOMATIC|Vernisant ~ Arcana|Vernisant ~ Dungeoneering|Vernisant ~ Engineering|Vernisant ~ Geography|Vernisant ~ History|Vernisant ~ Local|Vernisant ~ Nature|Vernisant ~ Nobility|Vernisant ~ Planes|Vernisant ~ Religion		DESC:You gain a +1 bonus on all Knowledge skills in which you have at least 1 rank.
Vernisant ~ Arcana																CATEGORY:Special Ability						TYPE:Internal							BONUS:SKILL|Knowledge (Arcana)|1|PRESKILL:1,Knowledge (Arcana)=1
Vernisant ~ Dungeoneering														CATEGORY:Special Ability						TYPE:Internal							BONUS:SKILL|Knowledge (Dungeoneering)|1|PRESKILL:1,Knowledge (Dungeoneering)=1
Vernisant ~ Engineering															CATEGORY:Special Ability						TYPE:Internal							BONUS:SKILL|Knowledge (Engineering)|1|PRESKILL:1,Knowledge (Engineering)=1
Vernisant ~ Geography															CATEGORY:Special Ability						TYPE:Internal							BONUS:SKILL|Knowledge (Geography)|1|PRESKILL:1,Knowledge (Geography)=1
Vernisant ~ History																CATEGORY:Special Ability						TYPE:Internal							BONUS:SKILL|Knowledge (History)|1|PRESKILL:1,Knowledge (History)=1
Vernisant ~ Local																CATEGORY:Special Ability						TYPE:Internal							BONUS:SKILL|Knowledge (Local)|1|PRESKILL:1,Knowledge (Local)=1
Vernisant ~ Nature																CATEGORY:Special Ability						TYPE:Internal							BONUS:SKILL|Knowledge (Nature)|1|PRESKILL:1,Knowledge (Nature)=1
Vernisant ~ Nobility															CATEGORY:Special Ability						TYPE:Internal							BONUS:SKILL|Knowledge (Nobility)|1|PRESKILL:1,Knowledge (Nobility)=1
Vernisant ~ Planes																CATEGORY:Special Ability						TYPE:Internal							BONUS:SKILL|Knowledge (Planes)|1|PRESKILL:1,Knowledge (Planes)=1
Vernisant ~ Religion															CATEGORY:Special Ability						TYPE:Internal							BONUS:SKILL|Knowledge (Religion)|1|PRESKILL:1,Knowledge (Religion)=1
Noble Scion Family ~ Vinmark						KEY:WFTCNS_Vinmark			CATEGORY:Special Ability		VISIBLE:YES		TYPE:SpecialQuality.NobleScionWFTC		ASPECT:SkillBonus|1/day Sense Motive roll twice and take higher																						DESC:Once per day when rolling a Sense Motive check, you may roll two dice and use the better result.
Noble Scion Family ~ Zespire						KEY:WFTCNS_Zespire			CATEGORY:Special Ability		VISIBLE:YES		TYPE:SpecialQuality.NobleScionWFTC		ASPECT:SkillBonus|+2 Diplomacy and Perform when dealing with commoners and low nobles																DESC:You gain a +2 bonus on Diplomacy and Perform checks when dealing with common citizens and with nobles whose titles are limited to Lord, Lady, Knight, or Dame.

#Noble Scion of Basri Language
Noble Scion Language ~ Celestial					KEY:BasriCelestial			CATEGORY:Special Ability		VISIBLE:YES		TYPE:SpecialQuality.NobleScionBasriLang		AUTO:LANG|Celestial
Noble Scion Language ~ Elven						KEY:BasriElven				CATEGORY:Special Ability		VISIBLE:YES		TYPE:SpecialQuality.NobleScionBasriLang		AUTO:LANG|Elven
Noble Scion Language ~ Gnome						KEY:BasriGnome				CATEGORY:Special Ability		VISIBLE:YES		TYPE:SpecialQuality.NobleScionBasriLang		AUTO:LANG|Gnome
Noble Scion Language ~ Sylvan						KEY:BasriSylvan				CATEGORY:Special Ability		VISIBLE:YES		TYPE:SpecialQuality.NobleScionBasriLang		AUTO:LANG|Sylvan

#Noble Scion of Basri Proficiency
Noble Scion Proficiency ~ Longbow					KEY:BasriLongbow			CATEGORY:Special Ability		VISIBLE:YES		TYPE:SpecialQuality.NobleScionBasriWP		AUTO:WEAPONPROF|Longbow
Noble Scion Proficiency ~ Longsword					KEY:BasriLongsword			CATEGORY:Special Ability		VISIBLE:YES		TYPE:SpecialQuality.NobleScionBasriWP		AUTO:WEAPONPROF|Longsword
Noble Scion Proficiency ~ Rapier					KEY:BasriRapier				CATEGORY:Special Ability		VISIBLE:YES		TYPE:SpecialQuality.NobleScionBasriWP		AUTO:WEAPONPROF|Rapier
Noble Scion Proficiency ~ Short Bow					KEY:BasriShortbow			CATEGORY:Special Ability		VISIBLE:YES		TYPE:SpecialQuality.NobleScionBasriWP		AUTO:WEAPONPROF|Shortbow
Noble Scion Proficiency ~ Curve Blade (Elven)		KEY:BasriCurveBlade			CATEGORY:Special Ability		VISIBLE:YES		TYPE:SpecialQuality.NobleScionBasriWP		AUTO:WEAPONPROF|Curve Blade (Elven)	PREABILITY:1,CATEGORY=Internal,Weapon Prof ~ Martial

#Noble Scion of Kastner Bonus
Noble Scion ~ Additional Channel					KEY:KastnerChannel			CATEGORY:Special Ability		VISIBLE:YES		TYPE:SpecialQuality.NobleScionKastner		DESC:One additional use per day of channel energy
Noble Scion ~ Additional Lay On Hands				KEY:KastnerLayHands			CATEGORY:Special Ability		VISIBLE:YES		TYPE:SpecialQuality.NobleScionKastner		DESC:One additional use per day of lay on hands
Noble Scion ~ Additional Mesmerist Trick			KEY:KastnerTrick			CATEGORY:Special Ability		VISIBLE:YES		TYPE:SpecialQuality.NobleScionKastner		DESC:One additional use per day of mesmerist tricks
Noble Scion ~ Additional Bardic Music				KEY:KastnerBard				CATEGORY:Special Ability		VISIBLE:YES		TYPE:SpecialQuality.NobleScionKastner		DESC:Three additional rounds of bardic music per day
