
###########
# Arcana
###########

###Block
CLASS:Arclord of Nex		HD:4		TYPE:PC.Prestige	CLASSTYPE:PC	ABB:AoN		MAXLEVEL:10	SOURCEPAGE:p.6	DEFINE:ArclordOfNexLVL|0	DEFINE:NonEpicArclordOfNexLVL|0	BONUS:VAR|ArclordOfNexLVL|CL	BONUS:VAR|NonEpicArclordOfNexLVL|classlevel("APPLIEDAS=NONEPIC")	BONUS:COMBAT|BASEAB|NonEpicArclordOfNexLVL/2|TYPE=Base.REPLACE	BONUS:SAVE|BASE.Fortitude|(NonEpicArclordOfNexLVL+1)/3	BONUS:SAVE|BASE.Reflex|(NonEpicArclordOfNexLVL+1)/3	BONUS:SAVE|BASE.Will|(NonEpicArclordOfNexLVL+1)/2	DESC:Formally trained Nexian diviner
###Block
CLASS:Arclord of Nex		
###Block
CLASS:Arclord of Nex		STARTSKILLPTS:2	CSKILL:Diplomacy|Linguistics|Sense Motive|Use Magic Device

1	ABILITY:Class|AUTOMATIC|Arclord of Nex ~ Class

###Block: Spell Improvement
1	ADD:SPELLCASTER|ANY
2	ADD:SPELLCASTER|ANY
3	ADD:SPELLCASTER|ANY
4	ADD:SPELLCASTER|ANY
5	ADD:SPELLCASTER|ANY
6	ADD:SPELLCASTER|ANY
7	ADD:SPELLCASTER|ANY
8	ADD:SPELLCASTER|ANY
9	ADD:SPELLCASTER|ANY
10	ADD:SPELLCASTER|ANY

###Block
CLASS:Blackfire Adept		HD:6		TYPE:PC.Prestige	CLASSTYPE:PC	ABB:BlAd	MAXLEVEL:10	SOURCEPAGE:p.12	DEFINE:BlackfireAdeptLVL|0	DEFINE:NonEpicBlackfireAdeptLVL|0	BONUS:VAR|BlackfireAdeptLVL|CL	BONUS:VAR|NonEpicBlackfireAdeptLVL|classlevel("APPLIEDAS=NONEPIC")	BONUS:COMBAT|BASEAB|NonEpicBlackfireAdeptLVL/2|TYPE=Base.REPLACE	BONUS:SAVE|BASE.Fortitude|(NonEpicBlackfireAdeptLVL+1)/3	BONUS:SAVE|BASE.Reflex|(NonEpicBlackfireAdeptLVL+1)/3	BONUS:SAVE|BASE.Will|(NonEpicBlackfireAdeptLVL+1)/2	DESC:Evil summoner of fiends			
###Block
CLASS:Blackfire Adept		
###Block
CLASS:Blackfire Adept		STARTSKILLPTS:4	CSKILL:Bluff|Intimidate|Knowledge (arcana)|Knowledge (planes)|Sense Motive|Spellcraft

1	ABILITY:Class|AUTOMATIC|Blackfire Adept ~ Class

###Block: Spell Improvement
2	ADD:SPELLCASTER|ANY
3	ADD:SPELLCASTER|ANY
4	ADD:SPELLCASTER|ANY
6	ADD:SPELLCASTER|ANY
7	ADD:SPELLCASTER|ANY
8	ADD:SPELLCASTER|ANY
10	ADD:SPELLCASTER|ANY

###Block
CLASS:Magaambyan Arcanist	HD:6		TYPE:PC.Prestige	CLASSTYPE:PC	ABB:MagAr		MAXLEVEL:10	SOURCEPAGE:p.34	DEFINE:MagaambyanArcanistLVL|0	DEFINE:NonEpicMagaambyanArcanistLVL|0	BONUS:VAR|MagaambyanArcanistLVL|CL	BONUS:VAR|NonEpicMagaambyanArcanistLVL|classlevel("APPLIEDAS=NONEPIC")	BONUS:COMBAT|BASEAB|NonEpicMagaambyanArcanistLVL/2|TYPE=Base.REPLACE	BONUS:SAVE|BASE.Fortitude|(NonEpicMagaambyanArcanistLVL+1)/3	BONUS:SAVE|BASE.Reflex|(NonEpicMagaambyanArcanistLVL+1)/3	BONUS:SAVE|BASE.Will|(NonEpicMagaambyanArcanistLVL+1)/2	DESC:Benevolent student of Old-Mage Jatembe
###Block
CLASS:Magaambyan Arcanist	
###Block
CLASS:Magaambyan Arcanist	STARTSKILLPTS:2	CSKILL:Perception|Ride|Stealth|Survival	CSKILL:Diplomacy|Handle Animal|Heal|TYPE=Knowledge|Ride|Spellcraft|Survival

1	ABILITY:Class|AUTOMATIC|Magaambyan Arcanist ~ Class

###Block: Spell Improvement
1	ADD:SPELLCASTER|Arcane
2	ADD:SPELLCASTER|Arcane
3	ADD:SPELLCASTER|Arcane
4	ADD:SPELLCASTER|Arcane
5	ADD:SPELLCASTER|Arcane
6	ADD:SPELLCASTER|Arcane
7	ADD:SPELLCASTER|Arcane
8	ADD:SPELLCASTER|Arcane
9	ADD:SPELLCASTER|Arcane
10	ADD:SPELLCASTER|Arcane

###Block
CLASS:Razmiran Priest		HD:8		TYPE:PC.Prestige	CLASSTYPE:PC	ABB:RazPr	MAXLEVEL:10	SOURCEPAGE:p.44	DEFINE:RazmiranPriestLVL|0	DEFINE:NonEpicRazmiranPriestLVL|0	BONUS:VAR|RazmiranPriestLVL|CL	BONUS:VAR|NonEpicRazmiranPriestLVL|classlevel("APPLIEDAS=NONEPIC")	BONUS:COMBAT|BASEAB|NonEpicRazmiranPriestLVL*3/4|TYPE=Base.REPLACE	BONUS:SAVE|BASE.Fortitude|(NonEpicRazmiranPriestLVL+1)/3	BONUS:SAVE|BASE.Reflex|(NonEpicRazmiranPriestLVL+1)/3	BONUS:SAVE|BASE.Will|(NonEpicRazmiranPriestLVL+1)/2	DESC:False divine caster of Razmir		
###Block
CLASS:Razmiran Priest		
###Block
CLASS:Razmiran Priest		STARTSKILLPTS:4	CSKILL:Bluff|Diplomacy|Intimidate|Knowledge (religion)|Sense Motive|Use Magic Device

1	ABILITY:Class|AUTOMATIC|Razmiran Priest ~ Class

###Block: Spell Improvement
2	ADD:SPELLCASTER|Arcane
3	ADD:SPELLCASTER|Arcane
4	ADD:SPELLCASTER|Arcane
6	ADD:SPELLCASTER|Arcane
7	ADD:SPELLCASTER|Arcane
8	ADD:SPELLCASTER|Arcane
10	ADD:SPELLCASTER|Arcane

###Block
CLASS:Riftwarden			HD:8		TYPE:PC.Prestige	CLASSTYPE:PC	ABB:Rif		MAXLEVEL:10	SOURCEPAGE:p.46	DEFINE:RiftwardenLVL|0	DEFINE:NonEpicRiftwardenLVL|0	BONUS:VAR|RiftwardenLVL|CL	BONUS:VAR|NonEpicRiftwardenLVL|classlevel("APPLIEDAS=NONEPIC")	BONUS:COMBAT|BASEAB|NonEpicRiftwardenLVL*3/4|TYPE=Base.REPLACE	BONUS:SAVE|BASE.Fortitude|(NonEpicRiftwardenLVL+1)/2	BONUS:SAVE|BASE.Reflex|(NonEpicRiftwardenLVL+1)/3	BONUS:SAVE|BASE.Will|(NonEpicRiftwardenLVL+1)/2	DESC:Sealer of extraplanar portals	
###Block
CLASS:Riftwarden			
###Block
CLASS:Riftwarden			STARTSKILLPTS:4	CSKILL:Intimidate|Knowledge (arcana)|Knowledge (planes)|Knowledge (religion)|Sense Motive|Spellcraft

1	ABILITY:Class|AUTOMATIC|Riftwarden ~ Class

###Block: Spell Improvement
2	ADD:SPELLCASTER|ANY
3	ADD:SPELLCASTER|ANY
4	ADD:SPELLCASTER|ANY
6	ADD:SPELLCASTER|ANY
7	ADD:SPELLCASTER|ANY
8	ADD:SPELLCASTER|ANY
10	ADD:SPELLCASTER|ANY

###Block
CLASS:Tattooed Mystic		HD:6		TYPE:PC.Prestige	CLASSTYPE:PC	ABB:Arc		MAXLEVEL:10	SOURCEPAGE:p.56	DEFINE:TatooedMysticLVL|0	DEFINE:NonEpicTatooedMysticLVL|0	BONUS:VAR|TatooedMysticLVL|CL	BONUS:VAR|NonEpicTatooedMysticLVL|classlevel("APPLIEDAS=NONEPIC")	BONUS:COMBAT|BASEAB|NonEpicTatooedMysticLVL/2|TYPE=Base.REPLACE	BONUS:SAVE|BASE.Fortitude|(NonEpicTatooedMysticLVL+1)/3	BONUS:SAVE|BASE.Reflex|(NonEpicTatooedMysticLVL+1)/3	BONUS:SAVE|BASE.Will|(NonEpicTatooedMysticLVL+1)/2	DESC:Wandering Varisian magician		
###Block
CLASS:Tattooed Mystic		
###Block
CLASS:Tattooed Mystic		STARTSKILLPTS:2	CSKILL:Knowledge (arcana)|Knowledge (history)|Linguistics|Spellcraft	

1	ABILITY:Class|AUTOMATIC|Tatooed Mystic ~ Class

###Block: Spell Improvement
2	ADD:SPELLCASTER|ANY
3	ADD:SPELLCASTER|ANY
4	ADD:SPELLCASTER|ANY
6	ADD:SPELLCASTER|ANY
7	ADD:SPELLCASTER|ANY
8	ADD:SPELLCASTER|ANY
10	ADD:SPELLCASTER|ANY

###Block
CLASS:Veiled Illusionist	HD:6		TYPE:PC.Prestige	CLASSTYPE:PC	ABB:TatM	MAXLEVEL:10	SOURCEPAGE:p.60	DEFINE:VeiledIllusionistLVL|0	DEFINE:NonEpicVeiledIllusionistLVL|0	BONUS:VAR|VeiledIllusionistLVL|CL	BONUS:VAR|NonEpicVeiledIllusionistLVL|classlevel("APPLIEDAS=NONEPIC")	BONUS:COMBAT|BASEAB|NonEpicVeiledIllusionistLVL/2|TYPE=Base.REPLACE	BONUS:SAVE|BASE.Fortitude|(NonEpicVeiledIllusionistLVL+1)/3	BONUS:SAVE|BASE.Reflex|(NonEpicVeiledIllusionistLVL+1)/3	BONUS:SAVE|BASE.Will|(NonEpicVeiledIllusionistLVL+1)/2	DESC:Shadowy shapechanger			
###Block
CLASS:Veiled Illusionist	
###Block
CLASS:Veiled Illusionist	STARTSKILLPTS:2	CSKILL:Bluff|Disguise|Knowledge (arcana)|Knowledge (religion)|Spellcraft|Stealth	

1	ABILITY:Class|AUTOMATIC|Veiled Illusionist ~ Class

###Block: Spell Improvement
1	ADD:SPELLCASTER|ANY
2	ADD:SPELLCASTER|ANY
3	ADD:SPELLCASTER|ANY
4	ADD:SPELLCASTER|ANY
5	ADD:SPELLCASTER|ANY
6	ADD:SPELLCASTER|ANY
7	ADD:SPELLCASTER|ANY
8	ADD:SPELLCASTER|ANY
9	ADD:SPELLCASTER|ANY
10	ADD:SPELLCASTER|ANY

###Block
CLASS:Winter Witch		HD:6		TYPE:PC.Prestige	CLASSTYPE:PC	ABB:WW		MAXLEVEL:10	SOURCEPAGE:p.62	DEFINE:WinterWitchLVL|0	DEFINE:NonEpicWinterWitchLVL|0	BONUS:VAR|WinterWitchLVL|CL	BONUS:VAR|NonEpicWinterWitchLVL|classlevel("APPLIEDAS=NONEPIC")	BONUS:COMBAT|BASEAB|NonEpicWinterWitchLVL/2|TYPE=Base.REPLACE	BONUS:SAVE|BASE.Fortitude|(NonEpicWinterWitchLVL+1)/3	BONUS:SAVE|BASE.Reflex|(NonEpicWinterWitchLVL+1)/3	BONUS:SAVE|BASE.Will|(NonEpicWinterWitchLVL+1)/2	DESC:Master of ice and snow			
###Block
CLASS:Winter Witch		
###Block
CLASS:Winter Witch		STARTSKILLPTS:4	CSKILL:Bluff|Intimidate|Knowledge (arcana)|Knowledge (nobility)|Survival|Use Magic Device

1	ABILITY:Class|AUTOMATIC|Winter Witch ~ Class

###Block: Spell Improvement
2	ADD:SPELLCASTER|Witch
3	ADD:SPELLCASTER|Witch
4	ADD:SPELLCASTER|Witch
5	ADD:SPELLCASTER|Witch
6	ADD:SPELLCASTER|Witch
7	ADD:SPELLCASTER|Witch
8	ADD:SPELLCASTER|Witch
9	ADD:SPELLCASTER|Witch
10	ADD:SPELLCASTER|Witch


###########
Brawn
###########


###Block
CLASS:Aldori Swordlord		HD:10		TYPE:PC.Prestige	CLASSTYPE:PC	ABB:Arc		MAXLEVEL:10	SOURCEPAGE:p.4	DEFINE:AldoriSwordlordLVL|0	DEFINE:NonEpicAldoriSwordlordLVL|0	BONUS:VAR|AldoriSwordlordLVL|CL	BONUS:VAR|NonEpicAldoriSwordlordLVL|classlevel("APPLIEDAS=NONEPIC")	BONUS:COMBAT|BASEAB|NonEpicAldoriSwordlordLVL|TYPE=Base.REPLACE	BONUS:SAVE|BASE.Fortitude|(NonEpicAldoriSwordlordLVL+1)/2	BONUS:SAVE|BASE.Reflex|(NonEpicAldoriSwordlordLVL+1)/2	BONUS:SAVE|BASE.Will|(NonEpicAldoriSwordlordLVL+1)/3	DESC:Disciplined duelist from Brevoy	
###Block
CLASS:Aldori Swordlord	
###Block
CLASS:Aldori Swordlord		STARTSKILLPTS:4	CSKILL:Perception|Ride|Stealth|Survival	

1	ABILITY:Class|AUTOMATIC|Aldori Swordlord ~ Class

###Block
CLASS:Brother of the Seal	HD:10		TYPE:PC.Prestige	CLASSTYPE:PC	ABB:Arc		MAXLEVEL:10	SOURCEPAGE:p.14	DEFINE:BrotherOfTheSealLVL|0	DEFINE:NonEpicBrotherOfTheSealLVL|0	BONUS:VAR|BrotherOfTheSealLVL|CL	BONUS:VAR|NonEpicBrotherOfTheSealLVL|classlevel("APPLIEDAS=NONEPIC")	BONUS:COMBAT|BASEAB|NonEpicBrotherOfTheSealLVL|TYPE=Base.REPLACE	BONUS:SAVE|BASE.Fortitude|(NonEpicBrotherOfTheSealLVL+1)/2	BONUS:SAVE|BASE.Reflex|(NonEpicBrotherOfTheSealLVL+1)/2	BONUS:SAVE|BASE.Will|(NonEpicBrotherOfTheSealLVL+1)/3	DESC:Guardian of ancient secrets		
###Block
CLASS:Brother of the Seal
###Block
CLASS:Brother of the Seal	STARTSKILLPTS:4	CSKILL:Perception|Ride|Stealth|Survival

1	ABILITY:Class|AUTOMATIC|Brother of the Seal ~ Class

###Block
CLASS:Golden Legionnaire	HD:10		TYPE:PC.Prestige	CLASSTYPE:PC	ABB:Arc		MAXLEVEL:10	SOURCEPAGE:p.22	DEFINE:GoldenLegionnaireLVL|0	DEFINE:NonEpicGoldenLegionnaireLVL|0	BONUS:VAR|GoldenLegionnaireLVL|CL	BONUS:VAR|NonEpicGoldenLegionnaireLVL|classlevel("APPLIEDAS=NONEPIC")	BONUS:COMBAT|BASEAB|NonEpicGoldenLegionnaireLVL|TYPE=Base.REPLACE	BONUS:SAVE|BASE.Fortitude|(NonEpicGoldenLegionnaireLVL+1)/2	BONUS:SAVE|BASE.Reflex|(NonEpicGoldenLegionnaireLVL+1)/2	BONUS:SAVE|BASE.Will|(NonEpicGoldenLegionnaireLVL+1)/3	DESC:High-ranking protector of Andoran	
###Block
CLASS:Golden Legionnaire
###Block
CLASS:Golden Legionnaire	STARTSKILLPTS:4	CSKILL:Perception|Ride|Stealth|Survival

1	ABILITY:Class|AUTOMATIC|Golden Legionnaire ~ Class

###Block
CLASS:Knight of Ozem		HD:10		TYPE:PC.Prestige	CLASSTYPE:PC	ABB:Arc		MAXLEVEL:10	SOURCEPAGE:p.30	DEFINE:KnightOfOzemLVL|0	DEFINE:NonEpicKnightOfOzemLVL|0	BONUS:VAR|KnightOfOzemLVL|CL	BONUS:VAR|NonEpicKnightOfOzemLVL|classlevel("APPLIEDAS=NONEPIC")	BONUS:COMBAT|BASEAB|NonEpicKnightOfOzemLVL|TYPE=Base.REPLACE	BONUS:SAVE|BASE.Fortitude|(NonEpicKnightOfOzemLVL+1)/2	BONUS:SAVE|BASE.Reflex|(NonEpicKnightOfOzemLVL+1)/2	BONUS:SAVE|BASE.Will|(NonEpicKnightOfOzemLVL+1)/3	DESC:Zealous destroyer of undead		
###Block
CLASS:Knight of Ozem	
###Block
CLASS:Knight of Ozem		STARTSKILLPTS:4	CSKILL:Perception|Ride|Stealth|Survival

1	ABILITY:Class|AUTOMATIC|Knight of Ozem ~ Class

###Block
CLASS:Lantern Bearer		HD:10		TYPE:PC.Prestige	CLASSTYPE:PC	ABB:Arc		MAXLEVEL:10	SOURCEPAGE:p.32	DEFINE:LanternBearerLVL|0	DEFINE:NonEpicLanternBearerLVL|0	BONUS:VAR|LanternBearerLVL|CL	BONUS:VAR|NonEpicLanternBearerLVL|classlevel("APPLIEDAS=NONEPIC")	BONUS:COMBAT|BASEAB|NonEpicLanternBearerLVL|TYPE=Base.REPLACE	BONUS:SAVE|BASE.Fortitude|(NonEpicLanternBearerLVL+1)/2	BONUS:SAVE|BASE.Reflex|(NonEpicLanternBearerLVL+1)/2	BONUS:SAVE|BASE.Will|(NonEpicLanternBearerLVL+1)/3	DESC:Elven eradicator of drow			
###Block
CLASS:Lantern Bearer	
###Block
CLASS:Lantern Bearer		STARTSKILLPTS:4	CSKILL:Perception|Ride|Stealth|Survival	

1	ABILITY:Class|AUTOMATIC|Lantern Bearer ~ Class

###Block
CLASS:Mammoth Rider		HD:10		TYPE:PC.Prestige	CLASSTYPE:PC	ABB:Arc		MAXLEVEL:10	SOURCEPAGE:p.36	DEFINE:MammothRiderLVL|0	DEFINE:NonEpicMammothRiderLVL|0	BONUS:VAR|MammothRiderLVL|CL	BONUS:VAR|NonEpicMammothRiderLVL|classlevel("APPLIEDAS=NONEPIC")	BONUS:COMBAT|BASEAB|NonEpicMammothRiderLVL|TYPE=Base.REPLACE	BONUS:SAVE|BASE.Fortitude|(NonEpicMammothRiderLVL+1)/2	BONUS:SAVE|BASE.Reflex|(NonEpicMammothRiderLVL+1)/2	BONUS:SAVE|BASE.Will|(NonEpicMammothRiderLVL+1)/3	DESC:Tamer of beasts in the northern wilds
###Block
CLASS:Mammoth Rider	
###Block
CLASS:Mammoth Rider		STARTSKILLPTS:4	CSKILL:Perception|Ride|Stealth|Survival

1	ABILITY:Class|AUTOMATIC|Mammoth Rider ~ Class

###Block
CLASS:Pit Fighter			HD:10		TYPE:PC.Prestige	CLASSTYPE:PC	ABB:Arc		MAXLEVEL:10	SOURCEPAGE:p.40	DEFINE:PitFighterLVL|0	DEFINE:NonEpicPitFighterLVL|0	BONUS:VAR|PitFighterLVL|CL	BONUS:VAR|NonEpicPitFighterLVL|classlevel("APPLIEDAS=NONEPIC")	BONUS:COMBAT|BASEAB|NonEpicPitFighterLVL|TYPE=Base.REPLACE	BONUS:SAVE|BASE.Fortitude|(NonEpicPitFighterLVL+1)/2	BONUS:SAVE|BASE.Reflex|(NonEpicPitFighterLVL+1)/2	BONUS:SAVE|BASE.Will|(NonEpicPitFighterLVL+1)/3	DESC:Gladiatorial brawler and performer	
###Block
CLASS:Pit Fighter		
###Block
CLASS:Pit Fighter			STARTSKILLPTS:4	CSKILL:Perception|Ride|Stealth|Survival	

1	ABILITY:Class|AUTOMATIC|Pit Fighter ~ Class

###Block
CLASS:Shieldmarshal		HD:10		TYPE:PC.Prestige	CLASSTYPE:PC	ABB:Arc		MAXLEVEL:10	SOURCEPAGE:p.48	DEFINE:ShieldmarshalLVL|0	DEFINE:NonEpicShieldmarshalLVL|0	BONUS:VAR|ShieldmarshalLVL|CL	BONUS:VAR|NonEpicShieldmarshalLVL|classlevel("APPLIEDAS=NONEPIC")	BONUS:COMBAT|BASEAB|NonEpicShieldmarshalLVL|TYPE=Base.REPLACE	BONUS:SAVE|BASE.Fortitude|(NonEpicShieldmarshalLVL+1)/2	BONUS:SAVE|BASE.Reflex|(NonEpicShieldmarshalLVL+1)/2	BONUS:SAVE|BASE.Will|(NonEpicShieldmarshalLVL+1)/3	DESC:Gun-wielding officer of Alkenstar	
###Block
CLASS:Shieldmarshal	
###Block
CLASS:Shieldmarshal		STARTSKILLPTS:4	CSKILL:Perception|Ride|Stealth|Survival	

1	ABILITY:Class|AUTOMATIC|Shieldmarshal ~ Class

###Block
CLASS:Skyseeker			HD:10		TYPE:PC.Prestige	CLASSTYPE:PC	ABB:Arc		MAXLEVEL:10	SOURCEPAGE:p.50	DEFINE:SkyseekerLVL|0	DEFINE:NonEpicSkyseekerLVL|0	BONUS:VAR|SkyseekerLVL|CL	BONUS:VAR|NonEpicSkyseekerLVL|classlevel("APPLIEDAS=NONEPIC")	BONUS:COMBAT|BASEAB|NonEpicSkyseekerLVL|TYPE=Base.REPLACE	BONUS:SAVE|BASE.Fortitude|(NonEpicSkyseekerLVL+1)/2	BONUS:SAVE|BASE.Reflex|(NonEpicSkyseekerLVL+1)/2	BONUS:SAVE|BASE.Will|(NonEpicSkyseekerLVL+1)/3	DESC:Excavator of dwarven Sky Citadels	
###Block
CLASS:Skyseeker		
###Block
CLASS:Skyseeker			STARTSKILLPTS:4	CSKILL:Perception|Ride|Stealth|Survival	

1	ABILITY:Class|AUTOMATIC|Skyseeker ~ Class

###########
Guile
###########

###Block
CLASS:Aspis Agent			HD:10		TYPE:PC.Prestige	CLASSTYPE:PC	ABB:Arc		MAXLEVEL:10	SOURCEPAGE:p.8	DEFINE:AspisAgentLVL|0	DEFINE:NonEpicAspisAgentLVL|0	BONUS:VAR|AspisAgentLVL|CL	BONUS:VAR|NonEpicAspisAgentLVL|classlevel("APPLIEDAS=NONEPIC")	BONUS:COMBAT|BASEAB|NonEpicAspisAgentLVL|TYPE=Base.REPLACE	BONUS:SAVE|BASE.Fortitude|(NonEpicAspisAgentLVL+1)/2	BONUS:SAVE|BASE.Reflex|(NonEpicAspisAgentLVL+1)/2	BONUS:SAVE|BASE.Will|(NonEpicAspisAgentLVL+1)/3	DESC:Unscrupulous mercenary treasure hunter	
###Block
CLASS:Aspis Agent			
###Block
CLASS:Aspis Agent			STARTSKILLPTS:4	CSKILL:Perception|Ride|Stealth|Survival	

1	ABILITY:Class|AUTOMATIC|Aspis Agent ~ Class

###Block
CLASS:Bellflower			HD:10		TYPE:PC.Prestige	CLASSTYPE:PC	ABB:Arc		MAXLEVEL:10	SOURCEPAGE:p.10	DEFINE:BellflowerLVL|0	DEFINE:NonEpicBellflowerLVL|0	BONUS:VAR|BellflowerLVL|CL	BONUS:VAR|NonEpicBellflowerLVL|classlevel("APPLIEDAS=NONEPIC")	BONUS:COMBAT|BASEAB|NonEpicBellflowerLVL|TYPE=Base.REPLACE	BONUS:SAVE|BASE.Fortitude|(NonEpicBellflowerLVL+1)/2	BONUS:SAVE|BASE.Reflex|(NonEpicBellflowerLVL+1)/2	BONUS:SAVE|BASE.Will|(NonEpicBellflowerLVL+1)/3	DESC:Tiller Halfling freedom fighter of Cheliax
###Block
CLASS:Bellflower			
###Block
CLASS:Bellflower			STARTSKILLPTS:4	CSKILL:Perception|Ride|Stealth|Survival	

1	ABILITY:Class|AUTOMATIC|Bellflower ~ Class

###Block
CLASS:Daggermark			HD:10		TYPE:PC.Prestige	CLASSTYPE:PC	ABB:Arc		MAXLEVEL:10	SOURCEPAGE:p.18	DEFINE:DaggermarkLVL|0	DEFINE:NonEpicDaggermarkLVL|0	BONUS:VAR|DaggermarkLVL|CL	BONUS:VAR|NonEpicDaggermarkLVL|classlevel("APPLIEDAS=NONEPIC")	BONUS:COMBAT|BASEAB|NonEpicDaggermarkLVL|TYPE=Base.REPLACE	BONUS:SAVE|BASE.Fortitude|(NonEpicDaggermarkLVL+1)/2	BONUS:SAVE|BASE.Reflex|(NonEpicDaggermarkLVL+1)/2	BONUS:SAVE|BASE.Will|(NonEpicDaggermarkLVL+1)/3	DESC:Poisoner Devious and crafty toxicologist	
###Block
CLASS:Daggermark			
###Block
CLASS:Daggermark			STARTSKILLPTS:4	CSKILL:Perception|Ride|Stealth|Survival	

1	ABILITY:Class|AUTOMATIC|Daggermark ~ Class

###Block
CLASS:Gray Gardener		HD:10		TYPE:PC.Prestige	CLASSTYPE:PC	ABB:Arc		MAXLEVEL:10	SOURCEPAGE:p.24	DEFINE:GrayGardenerLVL|0	DEFINE:NonEpicGrayGardenerLVL|0	BONUS:VAR|GrayGardenerLVL|CL	BONUS:VAR|NonEpicGrayGardenerLVL|classlevel("APPLIEDAS=NONEPIC")	BONUS:COMBAT|BASEAB|NonEpicGrayGardenerLVL|TYPE=Base.REPLACE	BONUS:SAVE|BASE.Fortitude|(NonEpicGrayGardenerLVL+1)/2	BONUS:SAVE|BASE.Reflex|(NonEpicGrayGardenerLVL+1)/2	BONUS:SAVE|BASE.Will|(NonEpicGrayGardenerLVL+1)/3	DESC:Deadly agent of the Revolutionary Council	
###Block
CLASS:Gray Gardener		
###Block
CLASS:Gray Gardener		STARTSKILLPTS:4	CSKILL:Perception|Ride|Stealth|Survival

1	ABILITY:Class|AUTOMATIC|Gray Gardener ~ Class

###Block
CLASS:Noble Scion			HD:10		TYPE:PC.Prestige	CLASSTYPE:PC	ABB:Arc		MAXLEVEL:10	SOURCEPAGE:p.38	DEFINE:NobleScionLVL|0	DEFINE:NonEpicNobleScionLVL|0	BONUS:VAR|NobleScionLVL|CL	BONUS:VAR|NonEpicNobleScionLVL|classlevel("APPLIEDAS=NONEPIC")	BONUS:COMBAT|BASEAB|NonEpicNobleScionLVL|TYPE=Base.REPLACE	BONUS:SAVE|BASE.Fortitude|(NonEpicNobleScionLVL+1)/2	BONUS:SAVE|BASE.Reflex|(NonEpicNobleScionLVL+1)/2	BONUS:SAVE|BASE.Will|(NonEpicNobleScionLVL+1)/3	DESC:Resource-laden member of foreign royalty	
###Block
CLASS:Noble Scion			
###Block
CLASS:Noble Scion			STARTSKILLPTS:4	CSKILL:Perception|Ride|Stealth|Survival	

1	ABILITY:Class|AUTOMATIC|Noble Scion ~ Class

###Block
CLASS:Sleepless Detective	HD:10		TYPE:PC.Prestige	CLASSTYPE:PC	ABB:Arc		MAXLEVEL:10	SOURCEPAGE:p.52	DEFINE:SleeplessDetectiveLVL|0	DEFINE:NonEpicSleeplessDetectiveLVL|0	BONUS:VAR|SleeplessDetectiveLVL|CL	BONUS:VAR|NonEpicSleeplessDetectiveLVL|classlevel("APPLIEDAS=NONEPIC")	BONUS:COMBAT|BASEAB|NonEpicSleeplessDetectiveLVL|TYPE=Base.REPLACE	BONUS:SAVE|BASE.Fortitude|(NonEpicSleeplessDetectiveLVL+1)/2	BONUS:SAVE|BASE.Reflex|(NonEpicSleeplessDetectiveLVL+1)/2	BONUS:SAVE|BASE.Will|(NonEpicSleeplessDetectiveLVL+1)/3	DESC:Expert urban sleuthhound			
###Block
CLASS:Sleepless Detective
###Block
CLASS:Sleepless Detective	STARTSKILLPTS:4	CSKILL:Perception|Ride|Stealth|Survival

1	ABILITY:Class|AUTOMATIC|Sleepless Detective ~ Class

###########
Piety
###########

###Block
CLASS:Champion of Irori		HD:10		TYPE:PC.Prestige	CLASSTYPE:PC	ABB:Arc		MAXLEVEL:10	SOURCEPAGE:p.16	DEFINE:ChampionOfIroriLVL|0	DEFINE:NonEpicChampionOfIroriLVL|0	BONUS:VAR|ChampionOfIroriLVL|CL	BONUS:VAR|NonEpicChampionOfIroriLVL|classlevel("APPLIEDAS=NONEPIC")	BONUS:COMBAT|BASEAB|NonEpicChampionOfIroriLVL|TYPE=Base.REPLACE	BONUS:SAVE|BASE.Fortitude|(NonEpicChampionOfIroriLVL+1)/2	BONUS:SAVE|BASE.Reflex|(NonEpicChampionOfIroriLVL+1)/2	BONUS:SAVE|BASE.Will|(NonEpicChampionOfIroriLVL+1)/3	DESC:Devout hand-to-hand master		
###Block
CLASS:Champion of Irori	
###Block
CLASS:Champion of Irori		STARTSKILLPTS:4	CSKILL:Perception|Ride|Stealth|Survival	

1	ABILITY:Class|AUTOMATIC|Champion of Irori ~ Class

###Block
CLASS:Dawnflower Dissident	HD:10		TYPE:PC.Prestige	CLASSTYPE:PC	ABB:Arc		MAXLEVEL:10	SOURCEPAGE:p.20	DEFINE:DawnflowerDissidentLVL|0	DEFINE:NonEpicDawnflowerDissidentLVL|0	BONUS:VAR|DawnflowerDissidentLVL|CL	BONUS:VAR|NonEpicDawnflowerDissidentLVL|classlevel("APPLIEDAS=NONEPIC")	BONUS:COMBAT|BASEAB|NonEpicDawnflowerDissidentLVL|TYPE=Base.REPLACE	BONUS:SAVE|BASE.Fortitude|(NonEpicDawnflowerDissidentLVL+1)/2	BONUS:SAVE|BASE.Reflex|(NonEpicDawnflowerDissidentLVL+1)/2	BONUS:SAVE|BASE.Will|(NonEpicDawnflowerDissidentLVL+1)/3	DESC:Secretive emissary of Sarenrae	
###Block
CLASS:Dawnflower Dissident
###Block
CLASS:Dawnflower Dissident	STARTSKILLPTS:4	CSKILL:Perception|Ride|Stealth|Survival	

###Block: Spell Improvement
1	ADD:SPELLCASTER|ANY
2	ADD:SPELLCASTER|ANY
3	ADD:SPELLCASTER|ANY
4	ADD:SPELLCASTER|ANY
5	ADD:SPELLCASTER|ANY
6	ADD:SPELLCASTER|ANY
7	ADD:SPELLCASTER|ANY
8	ADD:SPELLCASTER|ANY
9	ADD:SPELLCASTER|ANY
10	ADD:SPELLCASTER|ANY

1	ABILITY:Class|AUTOMATIC|Dawnflower Dissident ~ Class

###Block
CLASS:Green Faith Acolyte	HD:10		TYPE:PC.Prestige	CLASSTYPE:PC	ABB:Arc		MAXLEVEL:10	SOURCEPAGE:p.26	DEFINE:GreenFaithAcolyteLVL|0	DEFINE:NonEpicGreenFaithAcolyteLVL|0	BONUS:VAR|GreenFaithAcolyteLVL|CL	BONUS:VAR|NonEpicGreenFaithAcolyteLVL|classlevel("APPLIEDAS=NONEPIC")	BONUS:COMBAT|BASEAB|NonEpicGreenFaithAcolyteLVL|TYPE=Base.REPLACE	BONUS:SAVE|BASE.Fortitude|(NonEpicGreenFaithAcolyteLVL+1)/2	BONUS:SAVE|BASE.Reflex|(NonEpicGreenFaithAcolyteLVL+1)/2	BONUS:SAVE|BASE.Will|(NonEpicGreenFaithAcolyteLVL+1)/3	DESC:Talented member of a druidic order	
###Block
CLASS:Green Faith Acolyte
###Block
CLASS:Green Faith Acolyte	STARTSKILLPTS:4	CSKILL:Perception|Ride|Stealth|Survival

###Block: Spell Improvement
1	ADD:SPELLCASTER|Divine
2	ADD:SPELLCASTER|Divine
3	ADD:SPELLCASTER|Divine
4	ADD:SPELLCASTER|Divine
5	ADD:SPELLCASTER|Divine
6	ADD:SPELLCASTER|Divine
7	ADD:SPELLCASTER|Divine
8	ADD:SPELLCASTER|Divine
9	ADD:SPELLCASTER|Divine
10	ADD:SPELLCASTER|Divine

1	ABILITY:Class|AUTOMATIC|Green Faith Acolyte ~ Class

###Block
CLASS:Hellknight Signifer	HD:10		TYPE:PC.Prestige	CLASSTYPE:PC	ABB:Arc		MAXLEVEL:10	SOURCEPAGE:p.28	DEFINE:HellknightSigniferLVL|0	DEFINE:NonEpicHellknightSigniferLVL|0	BONUS:VAR|HellknightSigniferLVL|CL	BONUS:VAR|NonEpicHellknightSigniferLVL|classlevel("APPLIEDAS=NONEPIC")	BONUS:COMBAT|BASEAB|NonEpicHellknightSigniferLVL|TYPE=Base.REPLACE	BONUS:SAVE|BASE.Fortitude|(NonEpicHellknightSigniferLVL+1)/2	BONUS:SAVE|BASE.Reflex|(NonEpicHellknightSigniferLVL+1)/2	BONUS:SAVE|BASE.Will|(NonEpicHellknightSigniferLVL+1)/3	DESC:Masked, magic-wielding Hellknight	
###Block
CLASS:Hellknight Signifer
###Block
CLASS:Hellknight Signifer	STARTSKILLPTS:4	CSKILL:Perception|Ride|Stealth|Survival

###Block: Spell Improvement
1	ADD:SPELLCASTER|ANY
2	ADD:SPELLCASTER|ANY
3	ADD:SPELLCASTER|ANY
4	ADD:SPELLCASTER|ANY
5	ADD:SPELLCASTER|ANY
6	ADD:SPELLCASTER|ANY
7	ADD:SPELLCASTER|ANY
8	ADD:SPELLCASTER|ANY
9	ADD:SPELLCASTER|ANY
10	ADD:SPELLCASTER|ANY

1	ABILITY:Class|AUTOMATIC|Hellknight Signifer ~ Class

###Block
CLASS:Prophet of Kalistrade	HD:10		TYPE:PC.Prestige	CLASSTYPE:PC	ABB:Arc		MAXLEVEL:10	SOURCEPAGE:p.42	DEFINE:ProphetOfKalistradeLVL|0	DEFINE:NonEpicProphetOfKalistradeLVL|0	BONUS:VAR|ProphetOfKalistradeLVL|CL	BONUS:VAR|NonEpicProphetOfKalistradeLVL|classlevel("APPLIEDAS=NONEPIC")	BONUS:COMBAT|BASEAB|NonEpicProphetOfKalistradeLVL|TYPE=Base.REPLACE	BONUS:SAVE|BASE.Fortitude|(NonEpicProphetOfKalistradeLVL+1)/2	BONUS:SAVE|BASE.Reflex|(NonEpicProphetOfKalistradeLVL+1)/2	BONUS:SAVE|BASE.Will|(NonEpicProphetOfKalistradeLVL+1)/3	DESC:Savvy mercantile spellcaster		
###Block
CLASS:Prophet of Kalistrade
###Block
CLASS:Prophet of Kalistrade	STARTSKILLPTS:4	CSKILL:Perception|Ride|Stealth|Survival	

1	ABILITY:Class|AUTOMATIC|Prophet of Kalistrade ~ Class

###Block
CLASS:Storm Kindler		HD:10		TYPE:PC.Prestige	CLASSTYPE:PC	ABB:Arc		MAXLEVEL:10	SOURCEPAGE:p.54	DEFINE:StormKindlerLVL|0	DEFINE:NonEpicStormKindlerLVL|0	BONUS:VAR|StormKindlerLVL|CL	BONUS:VAR|NonEpicStormKindlerLVL|classlevel("APPLIEDAS=NONEPIC")	BONUS:COMBAT|BASEAB|NonEpicStormKindlerLVL|TYPE=Base.REPLACE	BONUS:SAVE|BASE.Fortitude|(NonEpicStormKindlerLVL+1)/2	BONUS:SAVE|BASE.Reflex|(NonEpicStormKindlerLVL+1)/2	BONUS:SAVE|BASE.Will|(NonEpicStormKindlerLVL+1)/3	DESC:Gozreh-worshiping hurricane hunter	
###Block
CLASS:Storm Kindler	
###Block
CLASS:Storm Kindler		STARTSKILLPTS:4	CSKILL:Perception|Ride|Stealth|Survival	

###Block: Spell Improvement
2	ADD:SPELLCASTER|ANY
3	ADD:SPELLCASTER|ANY
4	ADD:SPELLCASTER|ANY
6	ADD:SPELLCASTER|ANY
7	ADD:SPELLCASTER|ANY
8	ADD:SPELLCASTER|ANY
10	ADD:SPELLCASTER|ANY

1	ABILITY:Class|AUTOMATIC|Storm Kindler ~ Class

###Block
CLASS:Umbral Court		HD:10		TYPE:PC.Prestige	CLASSTYPE:PC	ABB:Arc		MAXLEVEL:10	SOURCEPAGE:p.58	DEFINE:UmbralCourtLVL|0	DEFINE:NonEpicUmbralCourtLVL|0	BONUS:VAR|UmbralCourtLVL|CL	BONUS:VAR|NonEpicUmbralCourtLVL|classlevel("APPLIEDAS=NONEPIC")	BONUS:COMBAT|BASEAB|NonEpicUmbralCourtLVL|TYPE=Base.REPLACE	BONUS:SAVE|BASE.Fortitude|(NonEpicUmbralCourtLVL+1)/2	BONUS:SAVE|BASE.Reflex|(NonEpicUmbralCourtLVL+1)/2	BONUS:SAVE|BASE.Will|(NonEpicUmbralCourtLVL+1)/3	DESC:Agent Nidalese shadow saboteur	
###Block
CLASS:Umbral Court	
###Block
CLASS:Umbral Court		STARTSKILLPTS:4	CSKILL:Perception|Ride|Stealth|Survival	

1	ABILITY:Class|AUTOMATIC|Umbral Court ~ Class

###Block: Spell Improvement
2	ADD:SPELLCASTER|ANY
3	ADD:SPELLCASTER|ANY
4	ADD:SPELLCASTER|ANY
6	ADD:SPELLCASTER|ANY
7	ADD:SPELLCASTER|ANY
8	ADD:SPELLCASTER|ANY
10	ADD:SPELLCASTER|ANY

