
###Block
Aldori Swordlord		CATEGORY:Class	KEY:Aldori Swordlord ~ Class	DEFINE:Aldori_Swordlord_CFP_Level|0		BONUS:VAR|Aldori_Swordlord_CFP_Level|AldoriSwordlordLVL	BONUS:COMBAT|BASEAB|NonEpicAldoriSwordlordLVL|TYPE=Base.REPLACE	BONUS:SAVE|BASE.Fortitude|(NonEpicAldoriSwordlordLVL+1)/2	BONUS:SAVE|BASE.Reflex|(NonEpicAldoriSwordlordLVL+1)/2	BONUS:SAVE|BASE.Will|(NonEpicAldoriSwordlordLVL+1)/3

### Block Class Feature Progression
CATEGORY=Class|Aldori Swordlord ~ Class.MOD	ABILITY:Special Ability|AUTOMATIC|Aldori Swordlord ~ Aldori Dueling Mastery|PREVARGTEQ:Aldori_Swordlord_CFP_Level|1
CATEGORY=Class|Aldori Swordlord ~ Class.MOD	ABILITY:Special Ability|AUTOMATIC|Aldori Swordlord ~ Deft Strike|PREVARGTEQ:Aldori_Swordlord_CFP_Level|1
CATEGORY=Class|Aldori Swordlord ~ Class.MOD	ABILITY:Special Ability|AUTOMATIC|Aldori Swordlord ~ Display Weapon prowess|PREVARGTEQ:Aldori_Swordlord_CFP_Level|2
CATEGORY=Class|Aldori Swordlord ~ Class.MOD	ABILITY:Special Ability|AUTOMATIC|Aldori Swordlord ~ Defensive Parry|PREVARGTEQ:Aldori_Swordlord_CFP_Level|3
CATEGORY=Class|Aldori Swordlord ~ Class.MOD	ABILITY:Special Ability|AUTOMATIC|Aldori Swordlord ~ Adaptive Tactics|PREVARGTEQ:Aldori_Swordlord_CFP_Level|4
CATEGORY=Class|Aldori Swordlord ~ Class.MOD	ABILITY:Special Ability|AUTOMATIC|Aldori Swordlord ~ Shatter Confidence|PREVARGTEQ:Aldori_Swordlord_CFP_Level|5
CATEGORY=Class|Aldori Swordlord ~ Class.MOD	ABILITY:Special Ability|AUTOMATIC|Aldori Swordlord ~ Saving Slash|PREVARGTEQ:Aldori_Swordlord_CFP_Level|6
CATEGORY=Class|Aldori Swordlord ~ Class.MOD	ABILITY:Special Ability|AUTOMATIC|Aldori Swordlord ~ Dexterous Duelist|PREVARGTEQ:Aldori_Swordlord_CFP_Level|7
CATEGORY=Class|Aldori Swordlord ~ Class.MOD	ABILITY:Special Ability|AUTOMATIC|Aldori Swordlord ~ Greater Saving Slash|PREVARGTEQ:Aldori_Swordlord_CFP_Level|9
CATEGORY=Class|Aldori Swordlord ~ Class.MOD	ABILITY:Special Ability|AUTOMATIC|Aldori Swordlord ~ Confounding Duelist|PREVARGTEQ:Aldori_Swordlord_CFP_Level|10

# Todo tweak weapon prowess to actaully grant the bonuses

###Block Class Features

Aldori Dueling Mastery	CATEGORY:Special Ability	KEY:Aldori Swordlord ~ Aldori Dueling Mastery	DESC:You gain Aldori Dueling Mastery as a bonus feat.	ABILITY:FEAT|AUTOMATIC|Aldori Dueling Mastery
Deft Strike			CATEGORY:Special Ability	KEY:Aldori Swordlord ~ Deft Strike	DESC:You can add your Dexterity bonus (if any) on damage rolls made with an Aldori dueling sword instead of your Strength bonus. This bonus on damage rolls applies whether you are wielding an Aldori dueling sword one-handed or twohanded, though you do not apply 1-1/2 times your Dexterity bonus on damage rolls while fighting twohanded.  You cannot use this ability if you are wielding a shield or an off-hand weapon, including armor spikes, unarmed strikes, or natural weapons.
Display Weapon Prowess	CATEGORY:Special Ability	KEY:Aldori Swordlord ~ Display Weapon Prowess	DEFINE:AldoriSwordlordWeaponProwessLVL|0		BONUS:VAR|AldoriSwordlordWeaponProwessLVL|AldoriSwordlordLVL/2	DESC:You add a +%1 bonus on Intimidate checks made while using Dazzling Display with an Aldori dueling sword. You also gain a +1 competence bonus on these Intimidate checks for each of the following feats you possesses with the Aldori dueling sword: Greater Weapon Focus, Greater Weapon Specialization, Improved Critical, Weapon Focus, Weapon Specialization.  When involved in a duel, your mastery of elaborate strokes and stances grants a +%1 bonus on performance combat checks. These tricks are not merely for show, however, and are of great help in countering an enemy during a duel, granting a bonus of +%1 on rolls to make a dueling parry or use dueling resolve.|AldoriSwordlordWeaponProwessLVL
Defensive Parry		CATEGORY:Special Ability	KEY:Aldori Swordlord ~ Defensive Parry
Adaptive Tactics		CATEGORY:Special Ability	KEY:Aldori Swordlord ~ Adaptive Tactics
Shatter Confidence	CATEGORY:Special Ability	KEY:Aldori Swordlord ~ Shatter Confidence
Saving Slash		CATEGORY:Special Ability	KEY:Aldori Swordlord ~ Saving Slash
Dexterous Duelist		CATEGORY:Special Ability	KEY:Aldori Swordlord ~ Dexterous Duelist
Greater Saving Slash	CATEGORY:Special Ability	KEY:Aldori Swordlord ~ Greater Saving Slash
Confounding Duelist	CATEGORY:Special Ability	KEY:Aldori Swordlord ~ Confounding Duelist



###Block
Arclord of Nex		CATEGORY:Class	KEY:Arclord of Nex ~ Class	BONUS:COMBAT|BASEAB|NonEpicArclordOfNexLVL/2|TYPE=Base.REPLACE	BONUS:SAVE|BASE.Fortitude|(NonEpicArclordOfNexLVL+1)/3	BONUS:SAVE|BASE.Reflex|(NonEpicArclordOfNexLVL+1)/3	BONUS:SAVE|BASE.Will|(NonEpicArclordOfNexLVL+1)/2	DESC:Formally trained Nexian diviner	DEFINE:Arclord_of_Nex_CFP_Level|0	BONUS:VAR|Arclord_of_Nex_CFP_Level|ArclordOfNexLVL

### Block Class Feature Progression

###Block Class Features

###Block
Aspis Agent			CATEGORY:Class	KEY:Aspis Agent ~ Class	BONUS:COMBAT|BASEAB|NonEpicAspisAgentLVL|TYPE=Base.REPLACE	BONUS:SAVE|BASE.Fortitude|(NonEpicAspisAgentLVL+1)/2	BONUS:SAVE|BASE.Reflex|(NonEpicAspisAgentLVL+1)/2	BONUS:SAVE|BASE.Will|(NonEpicAspisAgentLVL+1)/3	DEFINE:Aspis_Agent_CFP_Level|0			BONUS:VAR|Aspis_Agent_CFP_Level|AspisAgentLVL

### Block Class Feature Progression

###Block Class Features

###Block
Bellflower			CATEGORY:Class	KEY:Bellflower ~ Class	BONUS:COMBAT|BASEAB|NonEpicBellflowerLVL|TYPE=Base.REPLACE	BONUS:SAVE|BASE.Fortitude|(NonEpicBellflowerLVL+1)/2	BONUS:SAVE|BASE.Reflex|(NonEpicBellflowerLVL+1)/2	BONUS:SAVE|BASE.Will|(NonEpicBellflowerLVL+1)/3	DEFINE:Bellflower_CFP_Level|0	BONUS:VAR|Bellflower_CFP_Level|BellflowerLVL

### Block Class Feature Progression

###Block Class Features

###Block
Blackfire Adept		CATEGORY:Class	KEY:Blackfire Adept ~ Class	BONUS:COMBAT|BASEAB|NonEpicBlackfireAdeptLVL/2|TYPE=Base.REPLACE	BONUS:SAVE|BASE.Fortitude|(NonEpicBlackfireAdeptLVL+1)/3	BONUS:SAVE|BASE.Reflex|(NonEpicBlackfireAdeptLVL+1)/3	BONUS:SAVE|BASE.Will|(NonEpicBlackfireAdeptLVL+1)/2	DEFINE:Blackfire_Adept_CFP_Level|0		BONUS:VAR|Blackfire_Adept_CFP_Level|BlackfireAdeptLVL/2

### Block Class Feature Progression

###Block Class Features

###Block
Brother of the Seal	CATEGORY:Class	KEY:Brother of the Seal ~ Class	BONUS:COMBAT|BASEAB|NonEpicBrotherOfTheSealLVL|TYPE=Base.REPLACE	BONUS:SAVE|BASE.Fortitude|(NonEpicBrotherOfTheSealLVL+1)/2	BONUS:SAVE|BASE.Reflex|(NonEpicBrotherOfTheSealLVL+1)/2	BONUS:SAVE|BASE.Will|(NonEpicBrotherOfTheSealLVL+1)/3	DEFINE:Brother_of_the_Seal_CFP_Level|0		BONUS:VAR|Brother_of_the_Seal_CFP_Level|BrotherOfTheSealLVL

### Block Class Feature Progression

###Block Class Features

###Block
Champion of Irori		CATEGORY:Class	KEY:Champion of Irori ~ Class	BONUS:COMBAT|BASEAB|NonEpicChampionOfIroriLVL|TYPE=Base.REPLACE	BONUS:SAVE|BASE.Fortitude|(NonEpicChampionOfIroriLVL+1)/2	BONUS:SAVE|BASE.Reflex|(NonEpicChampionOfIroriLVL+1)/2	BONUS:SAVE|BASE.Will|(NonEpicChampionOfIroriLVL+1)/3	DEFINE:Champion_of_Irori_CFP_Level|0		BONUS:VAR|Champion_of_Irori_CFP_Level|ChampionOfIroriLVL

### Block Class Feature Progression

###Block Class Features

###Block
Daggermark			CATEGORY:Class	KEY:Daggermark ~ Class	BONUS:COMBAT|BASEAB|NonEpicDaggermarkLVL|TYPE=Base.REPLACE	BONUS:SAVE|BASE.Fortitude|(NonEpicDaggermarkLVL+1)/2	BONUS:SAVE|BASE.Reflex|(NonEpicDaggermarkLVL+1)/2	BONUS:SAVE|BASE.Will|(NonEpicDaggermarkLVL+1)/3	DEFINE:Daggermark_CFP_Level|0			BONUS:VAR|Daggermark_CFP_Level|DaggermarkLVL

### Block Class Feature Progression

###Block Class Features

###Block
Dawnflower Dissident	CATEGORY:Class	KEY:Dawnflower Dissident ~ Class	BONUS:COMBAT|BASEAB|NonEpicDawnflowerDissidentLVL|TYPE=Base.REPLACE	BONUS:SAVE|BASE.Fortitude|(NonEpicDawnflowerDissidentLVL+1)/2	BONUS:SAVE|BASE.Reflex|(NonEpicDawnflowerDissidentLVL+1)/2	BONUS:SAVE|BASE.Will|(NonEpicDawnflowerDissidentLVL+1)/3	DEFINE:Dawnflower_Dissident_CFP_Level|0	BONUS:VAR|Dawnflower_Dissident_CFP_Level|DawnflowerDissidentLVL

### Block Class Feature Progression

###Block Class Features

###Block
Golden Legionnaire	CATEGORY:Class	KEY:Golden Legionnaire ~ Class	BONUS:COMBAT|BASEAB|NonEpicGoldenLegionnaireLVL|TYPE=Base.REPLACE	BONUS:SAVE|BASE.Fortitude|(NonEpicGoldenLegionnaireLVL+1)/2	BONUS:SAVE|BASE.Reflex|(NonEpicGoldenLegionnaireLVL+1)/2	BONUS:SAVE|BASE.Will|(NonEpicGoldenLegionnaireLVL+1)/3	DEFINE:Golden_Legionnaire_CFP_Level|0		BONUS:VAR|Golden_Legionnaire_CFP_Level|GoldenLegionnaireLVL

### Block Class Feature Progression

###Block Class Features

###Block
Gray Gardener		CATEGORY:Class	KEY:Gray Gardener ~ Class	BONUS:COMBAT|BASEAB|NonEpicGrayGardenerLVL|TYPE=Base.REPLACE	BONUS:SAVE|BASE.Fortitude|(NonEpicGrayGardenerLVL+1)/2	BONUS:SAVE|BASE.Reflex|(NonEpicGrayGardenerLVL+1)/2	BONUS:SAVE|BASE.Will|(NonEpicGrayGardenerLVL+1)/3	DEFINE:Gray_Gardener_CFP_Level|0		BONUS:VAR|Gray_Gardener_CFP_Level|GrayGardenerLVL

### Block Class Feature Progression

###Block Class Features

###Block
Green Faith Acolyte	CATEGORY:Class	KEY:Green Faith Acolyte ~ Class	BONUS:COMBAT|BASEAB|NonEpicGreenFaithAcolyteLVL|TYPE=Base.REPLACE	BONUS:SAVE|BASE.Fortitude|(NonEpicGreenFaithAcolyteLVL+1)/2	BONUS:SAVE|BASE.Reflex|(NonEpicGreenFaithAcolyteLVL+1)/2	BONUS:SAVE|BASE.Will|(NonEpicGreenFaithAcolyteLVL+1)/3	DEFINE:Green_Faith_Acolyte_CFP_Level|0		BONUS:VAR|Green_Faith_Acolyte_CFP_Level|GreenFaithAcolyteLVL

### Block Class Feature Progression

###Block Class Features

###Block
Hellknight Signifer	CATEGORY:Class	KEY:Hellknight Signifer ~ Class	BONUS:COMBAT|BASEAB|NonEpicHellknightSigniferLVL|TYPE=Base.REPLACE	BONUS:SAVE|BASE.Fortitude|(NonEpicHellknightSigniferLVL+1)/2	BONUS:SAVE|BASE.Reflex|(NonEpicHellknightSigniferLVL+1)/2	BONUS:SAVE|BASE.Will|(NonEpicHellknightSigniferLVL+1)/3	DEFINE:Hellknight_Signifer_CFP_Level|0	BONUS:VAR|Hellknight_Signifer_CFP_Level|HellknightSigniferLVL

### Block Class Feature Progression

###Block Class Features

###Block
Knight of Ozem		CATEGORY:Class	KEY:Knight of Ozem ~ Class	BONUS:COMBAT|BASEAB|NonEpicKnightOfOzemLVL|TYPE=Base.REPLACE	BONUS:SAVE|BASE.Fortitude|(NonEpicKnightOfOzemLVL+1)/2	BONUS:SAVE|BASE.Reflex|(NonEpicKnightOfOzemLVL+1)/2	BONUS:SAVE|BASE.Will|(NonEpicKnightOfOzemLVL+1)/3	DEFINE:Knight_of_Ozem_CFP_Level|0		BONUS:VAR|Knight_of_Ozem_CFP_Level|KnightOfOzemLVL

### Block Class Feature Progression

###Block Class Features

###Block
Lantern Bearer		CATEGORY:Class	KEY:Lantern Bearer ~ Class	BONUS:COMBAT|BASEAB|NonEpicLanternBearerLVL|TYPE=Base.REPLACE	BONUS:SAVE|BASE.Fortitude|(NonEpicLanternBearerLVL+1)/2	BONUS:SAVE|BASE.Reflex|(NonEpicLanternBearerLVL+1)/2	BONUS:SAVE|BASE.Will|(NonEpicLanternBearerLVL+1)/3	DEFINE:Lantern_Bearer_CFP_Level|0		BONUS:VAR|Lantern_Bearer_CFP_Level|LanternBearerLVL

### Block Class Feature Progression

###Block Class Features

###Block
Magaambyan Arcanist	CATEGORY:Class	KEY:Magaambyan Arcanist ~ Class	BONUS:COMBAT|BASEAB|NonEpicMagaambyanArcanistLVL/2|TYPE=Base.REPLACE	BONUS:SAVE|BASE.Fortitude|(NonEpicMagaambyanArcanistLVL+1)/3	BONUS:SAVE|BASE.Reflex|(NonEpicMagaambyanArcanistLVL+1)/3	BONUS:SAVE|BASE.Will|(NonEpicMagaambyanArcanistLVL+1)/2	DEFINE:Magaambyan_Arcanist_CFP_Level|0	BONUS:VAR|Magaambyan_Arcanist_CFP_Level|MagaambyanArcanistLVL/2

### Block Class Feature Progression

###Block Class Features

###Block
Mammoth Rider		CATEGORY:Class	KEY:Mammoth Rider ~ Class	BONUS:COMBAT|BASEAB|NonEpicMammothRiderLVL|TYPE=Base.REPLACE	BONUS:SAVE|BASE.Fortitude|(NonEpicMammothRiderLVL+1)/2	BONUS:SAVE|BASE.Reflex|(NonEpicMammothRiderLVL+1)/2	BONUS:SAVE|BASE.Will|(NonEpicMammothRiderLVL+1)/3	DEFINE:Mammoth_Rider_CFP_Level|0		BONUS:VAR|Mammoth_Rider_CFP_Level|MammothRiderLVL

### Block Class Feature Progression

###Block Class Features

###Block
Noble Scion			CATEGORY:Class	KEY:Noble Scion ~ Class	BONUS:COMBAT|BASEAB|NonEpicNobleScionLVL|TYPE=Base.REPLACE	BONUS:SAVE|BASE.Fortitude|(NonEpicNobleScionLVL+1)/2	BONUS:SAVE|BASE.Reflex|(NonEpicNobleScionLVL+1)/2	BONUS:SAVE|BASE.Will|(NonEpicNobleScionLVL+1)/3	DEFINE:Noble_Scion_CFP_Level|0			BONUS:VAR|Noble_Scion_CFP_Level|NobleScionLVL

### Block Class Feature Progression

###Block Class Features

###Block
Pit Fighter			CATEGORY:Class	KEY:Pit Fighter ~ Class	BONUS:COMBAT|BASEAB|NonEpicPitFighterLVL|TYPE=Base.REPLACE	BONUS:SAVE|BASE.Fortitude|(NonEpicPitFighterLVL+1)/2	BONUS:SAVE|BASE.Reflex|(NonEpicPitFighterLVL+1)/2	BONUS:SAVE|BASE.Will|(NonEpicPitFighterLVL+1)/3	DEFINE:Pit_Fighter_CFP_Level|0			BONUS:VAR|Pit_Fighter_CFP_Level|PitFighterLVL

### Block Class Feature Progression

###Block Class Features

###Block
Prophet of Kalistrade	CATEGORY:Class	KEY:Prophet of Kalistrade ~ Class	BONUS:COMBAT|BASEAB|NonEpicProphetOfKalistradeLVL|TYPE=Base.REPLACE	BONUS:SAVE|BASE.Fortitude|(NonEpicProphetOfKalistradeLVL+1)/2	BONUS:SAVE|BASE.Reflex|(NonEpicProphetOfKalistradeLVL+1)/2	BONUS:SAVE|BASE.Will|(NonEpicProphetOfKalistradeLVL+1)/3	DEFINE:Prophet_of_Kalistrade_CFP_Level|0	BONUS:VAR|Prophet_of_Kalistrade_CFP_Level|ProphetOfKalistradeLVL

### Block Class Feature Progression

###Block Class Features

###Block
Razmiran Priest		CATEGORY:Class	KEY:Razmiran Priest ~ Class	BONUS:COMBAT|BASEAB|NonEpicRazmiranPriestLVL*3/4|TYPE=Base.REPLACE	BONUS:SAVE|BASE.Fortitude|(NonEpicRazmiranPriestLVL+1)/3	BONUS:SAVE|BASE.Reflex|(NonEpicRazmiranPriestLVL+1)/3	BONUS:SAVE|BASE.Will|(NonEpicRazmiranPriestLVL+1)/2	DEFINE:Razmiran_Priest_CFP_Level|0		BONUS:VAR|Razmiran_Priest_CFP_Level|RazmiranPriestLVL*3/4

### Block Class Feature Progression

###Block Class Features

###Block
Riftwarden			CATEGORY:Class	KEY:Riftwarden ~ Class	BONUS:COMBAT|BASEAB|NonEpicRiftwardenLVL*3/4|TYPE=Base.REPLACE	BONUS:SAVE|BASE.Fortitude|(NonEpicRiftwardenLVL+1)/2	BONUS:SAVE|BASE.Reflex|(NonEpicRiftwardenLVL+1)/3	BONUS:SAVE|BASE.Will|(NonEpicRiftwardenLVL+1)/2	DEFINE:Riftwarden_CFP_Level|0			BONUS:VAR|Riftwarden_CFP_Level|RiftwardenLVL*3/4

### Block Class Feature Progression

###Block Class Features

###Block
Shieldmarshal		CATEGORY:Class	KEY:Shieldmarshal ~ Class	BONUS:COMBAT|BASEAB|NonEpicShieldmarshalLVL|TYPE=Base.REPLACE	BONUS:SAVE|BASE.Fortitude|(NonEpicShieldmarshalLVL+1)/2	BONUS:SAVE|BASE.Reflex|(NonEpicShieldmarshalLVL+1)/2	BONUS:SAVE|BASE.Will|(NonEpicShieldmarshalLVL+1)/3	DEFINE:Shieldmarshal_CFP_Level|0		BONUS:VAR|Shieldmarshal_CFP_Level|ShieldmarshalLVL

### Block Class Feature Progression

###Block Class Features

###Block
Skyseeker			CATEGORY:Class	KEY:Skyseeker ~ Class	BONUS:COMBAT|BASEAB|NonEpicSkyseekerLVL|TYPE=Base.REPLACE	BONUS:SAVE|BASE.Fortitude|(NonEpicSkyseekerLVL+1)/2	BONUS:SAVE|BASE.Reflex|(NonEpicSkyseekerLVL+1)/2	BONUS:SAVE|BASE.Will|(NonEpicSkyseekerLVL+1)/3	DEFINE:Skyseeker_CFP_Level|0			BONUS:VAR|Skyseeker_CFP_Level|SkyseekerLVL

### Block Class Feature Progression

###Block Class Features

###Block
Sleepless Detective	CATEGORY:Class	KEY:Sleepless Detective ~ Class	BONUS:COMBAT|BASEAB|NonEpicSleeplessDetectiveLVL|TYPE=Base.REPLACE	BONUS:SAVE|BASE.Fortitude|(NonEpicSleeplessDetectiveLVL+1)/2	BONUS:SAVE|BASE.Reflex|(NonEpicSleeplessDetectiveLVL+1)/2	BONUS:SAVE|BASE.Will|(NonEpicSleeplessDetectiveLVL+1)/3	DEFINE:Sleepless_Detective_CFP_Level|0	BONUS:VAR|Sleepless_Detective_CFP_Level|SleeplessDetectiveLVL

### Block Class Feature Progression

###Block Class Features

###Block
Storm Kindler		CATEGORY:Class	KEY:Storm Kindler ~ Class	BONUS:COMBAT|BASEAB|NonEpicStormKindlerLVL|TYPE=Base.REPLACE	BONUS:SAVE|BASE.Fortitude|(NonEpicStormKindlerLVL+1)/2	BONUS:SAVE|BASE.Reflex|(NonEpicStormKindlerLVL+1)/2	BONUS:SAVE|BASE.Will|(NonEpicStormKindlerLVL+1)/3	DEFINE:Storm_Kindler_CFP_Level|0		BONUS:VAR|Storm_Kindler_CFP_Level|StormKindlerLVL

### Block Class Feature Progression

###Block Class Features

###Block
Tatooed Mystic		CATEGORY:Class	KEY:Tatooed Mystic ~ Class	BONUS:COMBAT|BASEAB|NonEpicTatooedMysticLVL/2|TYPE=Base.REPLACE	BONUS:SAVE|BASE.Fortitude|(NonEpicTatooedMysticLVL+1)/3	BONUS:SAVE|BASE.Reflex|(NonEpicTatooedMysticLVL+1)/3	BONUS:SAVE|BASE.Will|(NonEpicTatooedMysticLVL+1)/2	DEFINE:Tatooed_Mystic_CFP_Level|0		BONUS:VAR|Tatooed_Mystic_CFP_Level|TatooedMysticLVL/2

### Block Class Feature Progression

###Block Class Features

###Block
Umbral Court		CATEGORY:Class	KEY:Umbral Court ~ Class	BONUS:COMBAT|BASEAB|NonEpicUmbralCourtLVL|TYPE=Base.REPLACE	BONUS:SAVE|BASE.Fortitude|(NonEpicUmbralCourtLVL+1)/2	BONUS:SAVE|BASE.Reflex|(NonEpicUmbralCourtLVL+1)/2	BONUS:SAVE|BASE.Will|(NonEpicUmbralCourtLVL+1)/3	DEFINE:Umbral_Court_CFP_Level|0			BONUS:VAR|Umbral_Court_CFP_Level|UmbralCourtLVL

### Block Class Feature Progression

###Block Class Features

###Block
Veiled Illusionist	CATEGORY:Class	KEY:Veiled Illusionist ~ Class	BONUS:COMBAT|BASEAB|NonEpicVeiledIllusionistLVL/2|TYPE=Base.REPLACE	BONUS:SAVE|BASE.Fortitude|(NonEpicVeiledIllusionistLVL+1)/3	BONUS:SAVE|BASE.Reflex|(NonEpicVeiledIllusionistLVL+1)/3	BONUS:SAVE|BASE.Will|(NonEpicVeiledIllusionistLVL+1)/2	DEFINE:Veiled_Illusionist_CFP_Level|0		BONUS:VAR|Veiled_Illusionist_CFP_Level|VeiledIllusionistLVL/2

### Block Class Feature Progression

###Block Class Features

###Block
Winter Witch		CATEGORY:Class	KEY:Winter Witch ~ Class	BONUS:COMBAT|BASEAB|NonEpicWinterWitchLVL/2|TYPE=Base.REPLACE	BONUS:SAVE|BASE.Fortitude|(NonEpicWinterWitchLVL+1)/3	BONUS:SAVE|BASE.Reflex|(NonEpicWinterWitchLVL+1)/3	BONUS:SAVE|BASE.Will|(NonEpicWinterWitchLVL+1)/2	DEFINE:Winter_Witch_CFP_Level|0			BONUS:VAR|Winter_Witch_CFP_Level|WinterWitchLVL/2

### Block Class Feature Progression

###Block Class Features

