SOURCELONG:Paths of Power	SOURCESHORT:PoP
# Original Entry: Andrew Maitland
# Original Entry Date: 2011/09/11

CLASS:Internal Magic	HD:0	VISIBLE:NO	SPELLSTAT:NONE	SPELLTYPE:Arcane	SPELLBOOK:YES	BONUS:CASTERLEVEL|Internal Magic|CL
1	CAST:1,1,1,1,1,1,1,1,1,1,1,1,1,1,1,1,1,1,1,1,1,1,1
# COMMENT: It's my hope that this will work to add all the spells to and be useful.


# COMMENT: To Implement the Caster Choice of Int, Wis or Cha and allow them to be advanced according to a chart
CLASS:Arcane Caster (INT)	HD:0	VISIBLE:NO	SPELLSTAT:INT	SPELLTYPE:Arcane	SPELLBOOK:YES	BONUS:CASTERLEVEL|Arcane Caster (INT)|TL	SPELLLIST:1|Internal Magic
1	CAST:ArcaneCasterLvlZero,ArcaneCasterLvlOne,ArcaneCasterLvlTwo,ArcaneCasterLvlThree,ArcaneCasterLvlFour,ArcaneCasterLvlFive,ArcaneCasterLvlSix,ArcaneCasterLvlSeven,ArcaneCasterLvlEight,ArcaneCasterLvlNine

CLASS:Arcane Caster (WIS)	HD:0	VISIBLE:NO	SPELLSTAT:WIS	SPELLTYPE:Arcane	SPELLBOOK:YES	BONUS:CASTERLEVEL|Arcane Caster (WIS)|TL	SPELLLIST:1|Internal Magic
1	CAST:ArcaneCasterLvlZero,ArcaneCasterLvlOne,ArcaneCasterLvlTwo,ArcaneCasterLvlThree,ArcaneCasterLvlFour,ArcaneCasterLvlFive,ArcaneCasterLvlSix,ArcaneCasterLvlSeven,ArcaneCasterLvlEight,ArcaneCasterLvlNine

CLASS:Arcane Caster (CHA)	HD:0	VISIBLE:NO	SPELLSTAT:CHA	SPELLTYPE:Arcane	SPELLBOOK:YES	BONUS:CASTERLEVEL|Arcane Caster (CHA)|TL	SPELLLIST:1|Internal Magic
1	CAST:ArcaneCasterLvlZero,ArcaneCasterLvlOne,ArcaneCasterLvlTwo,ArcaneCasterLvlThree,ArcaneCasterLvlFour,ArcaneCasterLvlFive,ArcaneCasterLvlSix,ArcaneCasterLvlSeven,ArcaneCasterLvlEight,ArcaneCasterLvlNine

# COMMENT: To Implement the Divine Caster Choices
CLASS:Divine Caster (INT)	HD:0	VISIBLE:NO	SPELLSTAT:INT	SPELLTYPE:Divine	SPELLBOOK:YES	BONUS:CASTERLEVEL|Divine Caster (INT)|TL	SPELLLIST:1|Internal Magic
1	CAST:DivineCasterLvlZero,DivineCasterLvlOne,DivineCasterLvlTwo,DivineCasterLvlThree,DivineCasterLvlFour,DivineCasterLvlFive,DivineCasterLvlSix,DivineCasterLvlSeven,DivineCasterLvlEight,DivineCasterLvlNine

CLASS:Divine Caster (WIS)	HD:0	VISIBLE:NO	SPELLSTAT:WIS	SPELLTYPE:Divine	SPELLBOOK:YES	BONUS:CASTERLEVEL|Divine Caster (WIS)|TL	SPELLLIST:1|Internal Magic
1	CAST:DivineCasterLvlZero,DivineCasterLvlOne,DivineCasterLvlTwo,DivineCasterLvlThree,DivineCasterLvlFour,DivineCasterLvlFive,DivineCasterLvlSix,DivineCasterLvlSeven,DivineCasterLvlEight,DivineCasterLvlNine

CLASS:Divine Caster (CHA)	HD:0	VISIBLE:NO	SPELLSTAT:CHA	SPELLTYPE:Divine	SPELLBOOK:YES	BONUS:CASTERLEVEL|Divine Caster (CHA)|TL	SPELLLIST:1|Internal Magic
1	CAST:DivineCasterLvlZero,DivineCasterLvlOne,DivineCasterLvlTwo,DivineCasterLvlThree,DivineCasterLvlFour,DivineCasterLvlFive,DivineCasterLvlSix,DivineCasterLvlSeven,DivineCasterLvlEight,DivineCasterLvlNine




CLASS:Psionic (INT)	HD:0	VISIBLE:NO	SPELLSTAT:INT	SPELLTYPE:Psionic	SPELLBOOK:YES	BONUS:CASTERLEVEL|Psionic (INT)|TL	SPELLLIST:1|Internal Magic

CLASS:Psionic (WIS)	HD:0	VISIBLE:NO	SPELLSTAT:WIS	SPELLTYPE:Psionic	SPELLBOOK:YES	BONUS:CASTERLEVEL|Psionic (WIS)|TL	SPELLLIST:1|Internal Magic

CLASS:Psionic (CHA)	HD:0	VISIBLE:NO	SPELLSTAT:CHA	SPELLTYPE:Psionic	SPELLBOOK:YES	BONUS:CASTERLEVEL|Psionic (CHA)|TL	SPELLLIST:1|Internal Magic