#SOURCELONG:Blood of Fiends	SOURCESHORT:PFBOF	SOURCEWEB:http://paizo.com/store/downloads/pathfinder/pathfinderRPG/v5748btpy8auu	SOURCEDATE:2012-04

ABILITYCATEGORY:Asura Spawn Racial Trait		PLURAL:Asura Spawn Racial Traits			TYPE:AsuraSpawnRacialTrait			VISIBLE:QUALIFY		EDITABLE:YES		EDITPOOL:NO		FRACTIONALPOOL:NO		CATEGORY:Special Ability		DISPLAYLOCATION:Racial Abilities
ABILITYCATEGORY:Daemon Spawn Racial Trait		PLURAL:Daemon Spawn Racial Traits			TYPE:DaemonSpawnRacialTrait			VISIBLE:QUALIFY		EDITABLE:YES		EDITPOOL:NO		FRACTIONALPOOL:NO		CATEGORY:Special Ability		DISPLAYLOCATION:Racial Abilities
ABILITYCATEGORY:Demodand Spawn Racial Trait	PLURAL:Demodand Spawn Racial Traits			TYPE:DemodandSpawnRacialTrait		VISIBLE:QUALIFY		EDITABLE:YES		EDITPOOL:NO		FRACTIONALPOOL:NO		CATEGORY:Special Ability		DISPLAYLOCATION:Racial Abilities
ABILITYCATEGORY:Demon Spawn Racial Trait		PLURAL:Demon Spawn Racial Traits			TYPE:DemonSpawnRacialTrait			VISIBLE:QUALIFY		EDITABLE:YES		EDITPOOL:NO		FRACTIONALPOOL:NO		CATEGORY:Special Ability		DISPLAYLOCATION:Racial Abilities
ABILITYCATEGORY:Devil Spawn Racial Trait		PLURAL:Devil Spawn Racial Traits			TYPE:DevilSpawnRacialTrait			VISIBLE:QUALIFY		EDITABLE:YES		EDITPOOL:NO		FRACTIONALPOOL:NO		CATEGORY:Special Ability		DISPLAYLOCATION:Racial Abilities
ABILITYCATEGORY:Div Spawn Racial Trait		PLURAL:Div Spawn Racial Traits			TYPE:DivSpawnRacialTrait			VISIBLE:QUALIFY		EDITABLE:YES		EDITPOOL:NO		FRACTIONALPOOL:NO		CATEGORY:Special Ability		DISPLAYLOCATION:Racial Abilities
ABILITYCATEGORY:Kyton Spawn Racial Trait		PLURAL:Kyton Spawn Racial Traits			TYPE:KytonSpawnRacialTrait			VISIBLE:QUALIFY		EDITABLE:YES		EDITPOOL:NO		FRACTIONALPOOL:NO		CATEGORY:Special Ability		DISPLAYLOCATION:Racial Abilities
ABILITYCATEGORY:Oni Spawn Racial Trait		PLURAL:Oni Spawn Racial Traits			TYPE:OniSpawnRacialTrait			VISIBLE:QUALIFY		EDITABLE:YES		EDITPOOL:NO		FRACTIONALPOOL:NO		CATEGORY:Special Ability		DISPLAYLOCATION:Racial Abilities
ABILITYCATEGORY:Qlippoth Spawn Racial Trait	PLURAL:Qlippoth Spawn Racial Traits			TYPE:QlippothSpawnRacialTrait			VISIBLE:QUALIFY		EDITABLE:YES		EDITPOOL:NO		FRACTIONALPOOL:NO		CATEGORY:Special Ability		DISPLAYLOCATION:Racial Abilities
ABILITYCATEGORY:Rakshasa Spawn Racial Trait	PLURAL:Rakshasa Spawn Racial Traits			TYPE:RakshasaSpawnRacialTrait			VISIBLE:QUALIFY		EDITABLE:YES		EDITPOOL:NO		FRACTIONALPOOL:NO		CATEGORY:Special Ability		DISPLAYLOCATION:Racial Abilities

ABILITYCATEGORY:Tiefling Race Trait			PLURAL:Tiefling Race Traits				TYPE:TieflingRaceTrait				VISIBLE:QUALIFY		EDITABLE:YES		EDITPOOL:NO		FRACTIONALPOOL:NO		CATEGORY:Special Ability		DISPLAYLOCATION:Race Abilities
ABILITYCATEGORY:Asura Spawn Race Trait		PLURAL:Asura Spawn Race Traits			TYPE:AsuraSpawnRaceTrait			VISIBLE:QUALIFY		EDITABLE:YES		EDITPOOL:NO		FRACTIONALPOOL:NO		CATEGORY:Special Ability		DISPLAYLOCATION:Race Abilities
ABILITYCATEGORY:Daemon Spawn Race Trait		PLURAL:Daemon Spawn Race Traits			TYPE:DaemonSpawnRaceTrait			VISIBLE:QUALIFY		EDITABLE:YES		EDITPOOL:NO		FRACTIONALPOOL:NO		CATEGORY:Special Ability		DISPLAYLOCATION:Race Abilities
ABILITYCATEGORY:Demodand Spawn Race Trait		PLURAL:Demodand Spawn Race Traits			TYPE:DemodandSpawnRaceTrait			VISIBLE:QUALIFY		EDITABLE:YES		EDITPOOL:NO		FRACTIONALPOOL:NO		CATEGORY:Special Ability		DISPLAYLOCATION:Race Abilities
ABILITYCATEGORY:Demon Spawn Race Trait		PLURAL:Demon Spawn Race Traits			TYPE:DemonSpawnRaceTrait			VISIBLE:QUALIFY		EDITABLE:YES		EDITPOOL:NO		FRACTIONALPOOL:NO		CATEGORY:Special Ability		DISPLAYLOCATION:Race Abilities
ABILITYCATEGORY:Devil Spawn Race Trait		PLURAL:Devil Spawn Race Traits			TYPE:DevilSpawnRaceTrait			VISIBLE:QUALIFY		EDITABLE:YES		EDITPOOL:NO		FRACTIONALPOOL:NO		CATEGORY:Special Ability		DISPLAYLOCATION:Race Abilities
ABILITYCATEGORY:Div Spawn Race Trait		PLURAL:Div Spawn Race Traits				TYPE:DivSpawnRaceTrait				VISIBLE:QUALIFY		EDITABLE:YES		EDITPOOL:NO		FRACTIONALPOOL:NO		CATEGORY:Special Ability		DISPLAYLOCATION:Race Abilities
ABILITYCATEGORY:Kyton Spawn Race Trait		PLURAL:Kyton Spawn Race Traits			TYPE:KytonSpawnRaceTrait			VISIBLE:QUALIFY		EDITABLE:YES		EDITPOOL:NO		FRACTIONALPOOL:NO		CATEGORY:Special Ability		DISPLAYLOCATION:Race Abilities
ABILITYCATEGORY:Oni Spawn Race Trait		PLURAL:Oni Spawn Race Traits				TYPE:OniSpawnRaceTrait				VISIBLE:QUALIFY		EDITABLE:YES		EDITPOOL:NO		FRACTIONALPOOL:NO		CATEGORY:Special Ability		DISPLAYLOCATION:Race Abilities
ABILITYCATEGORY:Qlippoth Spawn Race Trait		PLURAL:Qlippoth Spawn Race Traits			TYPE:QlippothSpawnRaceTrait			VISIBLE:QUALIFY		EDITABLE:YES		EDITPOOL:NO		FRACTIONALPOOL:NO		CATEGORY:Special Ability		DISPLAYLOCATION:Race Abilities
ABILITYCATEGORY:Rakshasa Spawn Race Trait		PLURAL:Rakshasa Spawn Race Traits			TYPE:RakshasaSpawnRaceTrait			VISIBLE:QUALIFY		EDITABLE:YES		EDITPOOL:NO		FRACTIONALPOOL:NO		CATEGORY:Special Ability		DISPLAYLOCATION:Race Abilities
