# CVS $Revision$ $Author$ -- Sun Dec 28 00:34:02 2008 -- reformated by prettylst.pl v1.38 (build 8180)
SOURCELONG:D1.5: Revenge of the Kobold King	SOURCESHORT:PFMD1-5	SOURCEWEB:http://paizo.com/store/paizoExclusives/v5748btpy83w1	SOURCEDATE:2008-06

##
## Block: Azlanti Chariot Beetle
##
STARTPACK:Azlanti Chariot Beetle Default	TYPE:DefaultMonster	VISIBLE:YES	EQUIPBUY:0	PREMULT:1,[!PRERACE:1,%],[PRERACE:1,Azlanti Chariot Beetle]
STAT:STR=10|DEX=10|CON=10|INT=10|WIS=10|CHA=10
RACE:Azlanti Chariot Beetle	!PRERACE:1,%
ALIGN:TN
SKILL:Acrobatics		RANK:3
SKILL:Perception		RANK:3
ABILITY:CATEGORY=FEAT|Improved Initiative
ABILITY:CATEGORY=FEAT|Improved Natural Attack(Bite)
ABILITY:CATEGORY=FEAT|Weapon Focus(Bite)

##
## Block: Payday's Regulators
##
STARTPACK:Payday's Regulator Default	TYPE:Default Monster.Humanoid	VISIBLE:QUALIFY	EQUIPBUY:0	PREMULT:1,[!PRERACE:1,%],[PRERACE:1,Human]	SOURCEPAGE:p.114
RACE:Human	!PRERACE:1,%
NAME:Payday's Regulator
ALIGN:NE
STAT:STR=18|DEX=14|CON=12|INT=8|WIS=10|CHA=11
CLASS:Fighter	LEVEL:1
CLASS:Rogue		LEVEL:1
ABILITY:CATEGORY=Favored Class|Fighter
ABILITY:CATEGORY=Favored Class Bonus|Favored Class Bonus ~ Hit Point
SKILL:Bluff			RANK:1
SKILL:Acrobatics	RANK:1
SKILL:Escape Artist	RANK:1
SKILL:Intimidate	RANK:1
SKILL:Perception	RANK:1
SKILL:Stealth		RANK:1
ABILITY:CATEGORY=FEAT|Dodge
ABILITY:CATEGORY=FEAT|Two-Weapon Fighting
ABILITY:CATEGORY=Fighter Bonus Feat|Weapon Focus(Sword (Short))
GEAR:Studded Leather				SIZE:M	LOCATION:Equipped			EQMOD:Special Quality ~ Masterwork ~ Armor
GEAR:Sword (Short)					SIZE:M	LOCATION:Primary Hand		EQMOD:Special Quality ~ Masterwork ~ Weapon
GEAR:Sword (Short)					SIZE:M	LOCATION:Secondary Hand		EQMOD:Special Quality ~ Masterwork ~ Weapon
GEAR:Crossbow (Light)				SIZE:M	LOCATION:Carried			EQMOD:Special Quality ~ Masterwork ~ Weapon
GEAR:Bolt (Crossbow)		QTY:10			LOCATION:Carried
GEAR:Potion of Bull's Strength				LOCATION:Carried
GEAR:Potion of Cure Light Wounds	QTY:2	LOCATION:Carried