#  Sun Aug  5 21:24:58 2018 -- reformated by PCGen PrettyLST v6.06.00

# Master Categories
# Ability Category							Visible		Editable?		Change Pool?	Base Pool number			Category of Object		Type of Object				Specific choices list									Display Location
ABILITYCATEGORY:Ability							VISIBLE:NO													CATEGORY:Ability
ABILITYCATEGORY:Rule							VISIBLE:NO													CATEGORY:Rule
ABILITYCATEGORY:Trait							VISIBLE:NO													CATEGORY:Trait
ABILITYCATEGORY:Ancestry						VISIBLE:NO													CATEGORY:Ancestry
ABILITYCATEGORY:Background						VISIBLE:NO													CATEGORY:Background
ABILITYCATEGORY:Proficiency						VISIBLE:NO													CATEGORY:Proficiency
ABILITYCATEGORY:Class							VISIBLE:NO													CATEGORY:Class
ABILITYCATEGORY:Class Feature						VISIBLE:NO													CATEGORY:Class Feature
ABILITYCATEGORY:Class Feat						VISIBLE:NO													CATEGORY:Class Feat
ABILITYCATEGORY:Skill							VISIBLE:NO													CATEGORY:Skill
ABILITYCATEGORY:Special Ability					VISIBLE:NO													CATEGORY:Special Ability
ABILITYCATEGORY:Ancestry Feat						VISIBLE:NO														CATEGORY:Ancestry Feat
ABILITYCATEGORY:Language						VISIBLE:NO													CATEGORY:Language
ABILITYCATEGORY:Unarmed Strike					VISIBLE:NO													CATEGORY:Unarmed Strike



# ABILITYCATEGORY:FEAT			VISIBLE:YES		EDITABLE:YES	EDITPOOL:YES	FRACTIONALPOOL:NO		CATEGORY:FEAT	PLURAL:Feats	DISPLAYLOCATION:Feats
# ABILITYCATEGORY:Internal		VISIBLE:NO		EDITABLE:NO		EDITPOOL:NO		FRACTIONALPOOL:NO		CATEGORY:Internal
# ABILITYCATEGORY:Natural Attack	VISIBLE:NO		EDITABLE:NO		EDITPOOL:NO		FRACTIONALPOOL:NO		CATEGORY:Natural Attack





# Children Pools
ABILITYCATEGORY:Ability Boost						VISIBLE:QUALIFY	EDITABLE:YES	EDITPOOL:NO							CATEGORY:Ability			TYPE:Ability Boost															DISPLAYLOCATION:Character


ABILITYCATEGORY:Ancestry Ability Boost				VISIBLE:QUALIFY	EDITABLE:YES	EDITPOOL:NO							CATEGORY:Ability			TYPE:Ancestry Ability Boost														DISPLAYLOCATION:Character
ABILITYCATEGORY:Ancestry Ability Flaw				VISIBLE:QUALIFY	EDITABLE:YES	EDITPOOL:NO							CATEGORY:Ability			TYPE:Ancestry Ability Flaw														DISPLAYLOCATION:Character
ABILITYCATEGORY:Class Ability Boost					VISIBLE:QUALIFY	EDITABLE:YES	EDITPOOL:NO							CATEGORY:Ability			TYPE:Class Ability Boost														DISPLAYLOCATION:Character
ABILITYCATEGORY:Background Ability Boost				VISIBLE:QUALIFY	EDITABLE:YES	EDITPOOL:NO							CATEGORY:Ability			TYPE:Background Ability Boost														DISPLAYLOCATION:Character

ABILITYCATEGORY:Level 01 Ability Boost				VISIBLE:QUALIFY	EDITABLE:YES	EDITPOOL:NO		POOL:PoolLevel01AbilityBoost	CATEGORY:Ability			TYPE:Level 01 Ability Boost														DISPLAYLOCATION:Character
ABILITYCATEGORY:Level 05 Ability Boost				VISIBLE:QUALIFY	EDITABLE:YES	EDITPOOL:NO		POOL:PoolLevel05AbilityBoost	CATEGORY:Ability			TYPE:Level 05 Ability Boost														DISPLAYLOCATION:Character
ABILITYCATEGORY:Level 10 Ability Boost				VISIBLE:QUALIFY	EDITABLE:YES	EDITPOOL:NO		POOL:PoolLevel10AbilityBoost	CATEGORY:Ability			TYPE:Level 10 Ability Boost														DISPLAYLOCATION:Character
ABILITYCATEGORY:Level 15 Ability Boost				VISIBLE:QUALIFY	EDITABLE:YES	EDITPOOL:NO		POOL:PoolLevel15AbilityBoost	CATEGORY:Ability			TYPE:Level 15 Ability Boost														DISPLAYLOCATION:Character
ABILITYCATEGORY:Level 20 Ability Boost				VISIBLE:QUALIFY	EDITABLE:YES	EDITPOOL:NO		POOL:PoolLevel20AbilityBoost	CATEGORY:Ability			TYPE:Level 20 Ability Boost														DISPLAYLOCATION:Character

ABILITYCATEGORY:Game Rules						VISIBLE:YES		EDITABLE:YES	EDITPOOL:NO							CATEGORY:Rule			TYPE:Rules																	DISPLAYLOCATION:Rules


ABILITYCATEGORY:Dwarf Ancestry Feat					VISIBLE:QUALIFY	EDITABLE:YES	EDITPOOL:NO							CATEGORY:Ancestry Feat		TYPE:Dwarf Ancestry Feat														DISPLAYLOCATION:Character

ABILITYCATEGORY:Ancestry Feats					VISIBLE:QUALIFY	EDITABLE:YES	EDITPOOL:NO							CATEGORY:Ancestry Feat		TYPE:Ancestry Feat															DISPLAYLOCATION:Character
ABILITYCATEGORY:Backgrounds						VISIBLE:QUALIFY	EDITABLE:YES	EDITPOOL:NO							CATEGORY:Background		TYPE:Background																DISPLAYLOCATION:Character
ABILITYCATEGORY:Trained Skills					VISIBLE:QUALIFY	EDITABLE:YES	EDITPOOL:NO							CATEGORY:Proficiency		TYPE:Trained Skill Proficiency													DISPLAYLOCATION:Character
ABILITYCATEGORY:Human Ethnicity					VISIBLE:QUALIFY	EDITABLE:YES	EDITPOOL:NO							CATEGORY:Ancestry			TYPE:Human Ethnicity															DISPLAYLOCATION:Character

ABILITYCATEGORY:Class Feat						VISIBLE:QUALIFY	EDITABLE:YES	EDITPOOL:NO							CATEGORY:Class Feat		TYPE:Class Feat																DISPLAYLOCATION:Character
ABILITYCATEGORY:Skill Feat						VISIBLE:QUALIFY	EDITABLE:YES	EDITPOOL:NO							CATEGORY:Feat			TYPE:Skill																	DISPLAYLOCATION:Character






ABILITYCATEGORY:Dexterity or Strength Class Ability Boost	VISIBLE:QUALIFY	EDITABLE:YES	EDITPOOL:NO							CATEGORY:Ability									ABILITYLIST:Class Ability Boost ~ Str +2|Class Ability Boost ~ Dex +2	DISPLAYLOCATION:Character

ABILITYCATEGORY:Exotic Weapon Choice				VISIBLE:QUALIFY	EDITABLE:YES	EDITPOOL:NO							CATEGORY:Proficiency								ABILITYLIST:Exotic Weapon								DISPLAYLOCATION:Character

ABILITYCATEGORY:Expert Weapon Group Selection			VISIBLE:QUALIFY	EDITABLE:YES	EDITPOOL:NO							CATEGORY:Proficiency		TYPE:Expert Weapon Group Selection													DISPLAYLOCATION:Character
ABILITYCATEGORY:Paladin Weapon Group Selection			VISIBLE:QUALIFY	EDITABLE:YES	EDITPOOL:NO							CATEGORY:Proficiency		TYPE:Paladin Weapon Group Selection													DISPLAYLOCATION:Character


ABILITYCATEGORY:Skill Proficiency					VISIBLE:QUALIFY	EDITABLE:YES	EDITPOOL:NO							CATEGORY:Proficiency		TYPE:Skill Proficiency															DISPLAYLOCATION:Character

ABILITYCATEGORY:Ancestry Bonus Language				VISIBLE:QUALIFY	EDITABLE:YES	EDITPOOL:NO							CATEGORY:Language		TYPE:Ancestry Bonus Language															DISPLAYLOCATION:Character
ABILITYCATEGORY:Bonus Language					VISIBLE:QUALIFY	EDITABLE:YES	EDITPOOL:NO							CATEGORY:Language		TYPE:Bonus Language															DISPLAYLOCATION:Character

# Class Feature
ABILITYCATEGORY:Alchemist Class Feature				VISIBLE:QUALIFY	EDITABLE:YES	EDITPOOL:NO							CATEGORY:Class Feature		TYPE:Alchemist Class Feature														DISPLAYLOCATION:Character
ABILITYCATEGORY:Barbarian Class Feature				VISIBLE:QUALIFY	EDITABLE:YES	EDITPOOL:NO							CATEGORY:Class Feature		TYPE:Barbarian Class Feature														DISPLAYLOCATION:Character
ABILITYCATEGORY:Bard Class Feature					VISIBLE:QUALIFY	EDITABLE:YES	EDITPOOL:NO							CATEGORY:Class Feature		TYPE:Bard Class Feature															DISPLAYLOCATION:Character
ABILITYCATEGORY:Cleric Class Feature				VISIBLE:QUALIFY	EDITABLE:YES	EDITPOOL:NO							CATEGORY:Class Feature		TYPE:Cleric Class Feature														DISPLAYLOCATION:Character
ABILITYCATEGORY:Druid Class Feature					VISIBLE:QUALIFY	EDITABLE:YES	EDITPOOL:NO							CATEGORY:Class Feature		TYPE:Druid Class Feature														DISPLAYLOCATION:Character
ABILITYCATEGORY:Fighter Class Feature				VISIBLE:QUALIFY	EDITABLE:YES	EDITPOOL:NO							CATEGORY:Class Feature		TYPE:Fighter Class Feature														DISPLAYLOCATION:Character
ABILITYCATEGORY:Monk Class Feature					VISIBLE:QUALIFY	EDITABLE:YES	EDITPOOL:NO							CATEGORY:Class Feature		TYPE:Monk Class Feature															DISPLAYLOCATION:Character
ABILITYCATEGORY:Paladin Class Feature				VISIBLE:QUALIFY	EDITABLE:YES	EDITPOOL:NO							CATEGORY:Class Feature		TYPE:Paladin Class Feature														DISPLAYLOCATION:Character
ABILITYCATEGORY:Ranger Class Feature				VISIBLE:QUALIFY	EDITABLE:YES	EDITPOOL:NO							CATEGORY:Class Feature		TYPE:Ranger Class Feature														DISPLAYLOCATION:Character
ABILITYCATEGORY:Rogue Class Feature					VISIBLE:QUALIFY	EDITABLE:YES	EDITPOOL:NO							CATEGORY:Class Feature		TYPE:Rogue Class Feature														DISPLAYLOCATION:Character
ABILITYCATEGORY:Sorcerer Class Feature				VISIBLE:QUALIFY	EDITABLE:YES	EDITPOOL:NO							CATEGORY:Class Feature		TYPE:Sorcerer Class Feature														DISPLAYLOCATION:Character
ABILITYCATEGORY:Wizard Class Feature				VISIBLE:QUALIFY	EDITABLE:YES	EDITPOOL:NO							CATEGORY:Class Feature		TYPE:Wizard Class Feature														DISPLAYLOCATION:Character

# Class Specific Pools
ABILITYCATEGORY:Bard Muses						VISIBLE:QUALIFY	EDITABLE:YES	EDITPOOL:NO							CATEGORY:Class Feature		TYPE:Bard Muses														DISPLAYLOCATION:Character

ABILITYCATEGORY:Specialized Companion					VISIBLE:QUALIFY	EDITABLE:YES	EDITPOOL:NO							CATEGORY:Ancestry		TYPE:Specialized Companion														DISPLAYLOCATION:Character


# Familiar
ABILITYCATEGORY:Familiar Initial Move				VISIBLE:QUALIFY	EDITABLE:YES	EDITPOOL:NO	CATEGORY:Special Ability		TYPE:Familiar Initial Move														DISPLAYLOCATION:Character
ABILITYCATEGORY:Familiar Ability					VISIBLE:QUALIFY	EDITABLE:YES	EDITPOOL:NO	CATEGORY:Special Ability		TYPE:Familiar Ability														DISPLAYLOCATION:Character
ABILITYCATEGORY:Familiar Master Ability				VISIBLE:QUALIFY	EDITABLE:YES	EDITPOOL:NO	CATEGORY:Special Ability		TYPE:Familiar Master Ability														DISPLAYLOCATION:Character

