#  Sun Aug  5 21:24:58 2018 -- reformated by PCGen PrettyLST v6.06.00

# Generic Ability Boost
# Ability Name				SORTKEY	Category of Ability	Type										Multiple Requirements																					Var. Min. Value		Var. Must Be Lower	Var. Max. Value		Stackable?	Multiple?	Choose		Stat bonus				Bonus
Ability Boost ~ Str +2			SORTKEY:1a	CATEGORY:Ability		TYPE:Ability Boost																																			PREVARLT:STRSCORE,18					STACK:YES	MULT:YES	CHOOSE:NOCHOICE	BONUS:STAT|STR|2			BONUS:LOCKEDSTAT|STR|2
Ability Boost ~ Dex +2			SORTKEY:2a	CATEGORY:Ability		TYPE:Ability Boost																																			PREVARLT:DEXSCORE,18					STACK:YES	MULT:YES	CHOOSE:NOCHOICE	BONUS:STAT|DEX|2			BONUS:LOCKEDSTAT|DEX|2
Ability Boost ~ Con +2			SORTKEY:3a	CATEGORY:Ability		TYPE:Ability Boost																																			PREVARLT:CONSCORE,18					STACK:YES	MULT:YES	CHOOSE:NOCHOICE	BONUS:STAT|CON|2			BONUS:LOCKEDSTAT|CON|2
Ability Boost ~ Int +2			SORTKEY:4a	CATEGORY:Ability		TYPE:Ability Boost																																			PREVARLT:INTSCORE,18					STACK:YES	MULT:YES	CHOOSE:NOCHOICE	BONUS:STAT|INT|2			BONUS:LOCKEDSTAT|INT|2
Ability Boost ~ Wis +2			SORTKEY:5a	CATEGORY:Ability		TYPE:Ability Boost																																			PREVARLT:WISSCORE,18					STACK:YES	MULT:YES	CHOOSE:NOCHOICE	BONUS:STAT|WIS|2			BONUS:LOCKEDSTAT|WIS|2
Ability Boost ~ Cha +2			SORTKEY:6a	CATEGORY:Ability		TYPE:Ability Boost																																			PREVARLT:CHASCORE,18					STACK:YES	MULT:YES	CHOOSE:NOCHOICE	BONUS:STAT|CHA|2			BONUS:LOCKEDSTAT|CHA|2
Ability Boost ~ Str +1			SORTKEY:1b	CATEGORY:Ability		TYPE:Ability Boost																															PREVARGTEQ:STRSCORE,18									STACK:YES	MULT:YES	CHOOSE:NOCHOICE	BONUS:STAT|STR|1			BONUS:LOCKEDSTAT|STR|1
Ability Boost ~ Dex +1			SORTKEY:2b	CATEGORY:Ability		TYPE:Ability Boost																															PREVARGTEQ:DEXSCORE,18									STACK:YES	MULT:YES	CHOOSE:NOCHOICE	BONUS:STAT|DEX|1			BONUS:LOCKEDSTAT|DEX|1
Ability Boost ~ Con +1			SORTKEY:3b	CATEGORY:Ability		TYPE:Ability Boost																															PREVARGTEQ:CONSCORE,18									STACK:YES	MULT:YES	CHOOSE:NOCHOICE	BONUS:STAT|CON|1			BONUS:LOCKEDSTAT|CON|1
Ability Boost ~ Int +1			SORTKEY:4b	CATEGORY:Ability		TYPE:Ability Boost																															PREVARGTEQ:INTSCORE,18									STACK:YES	MULT:YES	CHOOSE:NOCHOICE	BONUS:STAT|INT|1			BONUS:LOCKEDSTAT|INT|1
Ability Boost ~ Wis +1			SORTKEY:5b	CATEGORY:Ability		TYPE:Ability Boost																															PREVARGTEQ:WISSCORE,18									STACK:YES	MULT:YES	CHOOSE:NOCHOICE	BONUS:STAT|WIS|1			BONUS:LOCKEDSTAT|WIS|1
Ability Boost ~ Cha +1			SORTKEY:6b	CATEGORY:Ability		TYPE:Ability Boost																															PREVARGTEQ:CHASCORE,18									STACK:YES	MULT:YES	CHOOSE:NOCHOICE	BONUS:STAT|CHA|1			BONUS:LOCKEDSTAT|CHA|1

Ability Flaw ~ Str -2			SORTKEY:1a	CATEGORY:Ability		TYPE:Ability Flaw																																												STACK:YES	MULT:YES	CHOOSE:NOCHOICE	BONUS:STAT|STR|-2			BONUS:LOCKEDSTAT|STR|-2
Ability Flaw ~ Dex -2			SORTKEY:2a	CATEGORY:Ability		TYPE:Ability Flaw																																												STACK:YES	MULT:YES	CHOOSE:NOCHOICE	BONUS:STAT|DEX|-2			BONUS:LOCKEDSTAT|DEX|-2
Ability Flaw ~ Con -2			SORTKEY:3a	CATEGORY:Ability		TYPE:Ability Flaw																																												STACK:YES	MULT:YES	CHOOSE:NOCHOICE	BONUS:STAT|CON|-2			BONUS:LOCKEDSTAT|CON|-2
Ability Flaw ~ Int -2			SORTKEY:4a	CATEGORY:Ability		TYPE:Ability Flaw																																												STACK:YES	MULT:YES	CHOOSE:NOCHOICE	BONUS:STAT|INT|-2			BONUS:LOCKEDSTAT|INT|-2
Ability Flaw ~ Wis -2			SORTKEY:5a	CATEGORY:Ability		TYPE:Ability Flaw																																												STACK:YES	MULT:YES	CHOOSE:NOCHOICE	BONUS:STAT|WIS|-2			BONUS:LOCKEDSTAT|WIS|-2
Ability Flaw ~ Cha -2			SORTKEY:6a	CATEGORY:Ability		TYPE:Ability Flaw																																												STACK:YES	MULT:YES	CHOOSE:NOCHOICE	BONUS:STAT|CHA|-2			BONUS:LOCKEDSTAT|CHA|-2

# Ancestry Group
Ancestry Ability Boost ~ Str +2	SORTKEY:1a	CATEGORY:Ability		TYPE:Ancestry Ability Boost.Ancestry Ability Boost Str	PREMULT:1,[!PREABILITY:1,CATEGORY=Ability,TYPE.Ancestry Ability Boost Str],[PREABILITY:1,CATEGORY=Ability,Ancestry Ability Boost ~ Str +2]					PREVARLT:STRSCORE,17					STACK:YES	MULT:YES	CHOOSE:NOCHOICE	BONUS:STAT|STR|2|TYPE=Race	BONUS:LOCKEDSTAT|STR|2|TYPE=Race
Ancestry Ability Boost ~ Dex +2	SORTKEY:2a	CATEGORY:Ability		TYPE:Ancestry Ability Boost.Ancestry Ability Boost Dex	PREMULT:1,[!PREABILITY:1,CATEGORY=Ability,TYPE.Ancestry Ability Boost Dex],[PREABILITY:1,CATEGORY=Ability,Ancestry Ability Boost ~ Dex +2]					PREVARLT:DEXSCORE,17					STACK:YES	MULT:YES	CHOOSE:NOCHOICE	BONUS:STAT|DEX|2|TYPE=Race	BONUS:LOCKEDSTAT|DEX|2|TYPE=Race
Ancestry Ability Boost ~ Con +2	SORTKEY:3a	CATEGORY:Ability		TYPE:Ancestry Ability Boost.Ancestry Ability Boost Con	PREMULT:1,[!PREABILITY:1,CATEGORY=Ability,TYPE.Ancestry Ability Boost Con],[PREABILITY:1,CATEGORY=Ability,Ancestry Ability Boost ~ Con +2]					PREVARLT:CONSCORE,17					STACK:YES	MULT:YES	CHOOSE:NOCHOICE	BONUS:STAT|CON|2|TYPE=Race	BONUS:LOCKEDSTAT|CON|2|TYPE=Race
Ancestry Ability Boost ~ Int +2	SORTKEY:4a	CATEGORY:Ability		TYPE:Ancestry Ability Boost.Ancestry Ability Boost Int	PREMULT:1,[!PREABILITY:1,CATEGORY=Ability,TYPE.Ancestry Ability Boost Int],[PREABILITY:1,CATEGORY=Ability,Ancestry Ability Boost ~ Int +2]					PREVARLT:INTSCORE,17					STACK:YES	MULT:YES	CHOOSE:NOCHOICE	BONUS:STAT|INT|2|TYPE=Race	BONUS:LOCKEDSTAT|INT|2|TYPE=Race
Ancestry Ability Boost ~ Wis +2	SORTKEY:5a	CATEGORY:Ability		TYPE:Ancestry Ability Boost.Ancestry Ability Boost Wis	PREMULT:1,[!PREABILITY:1,CATEGORY=Ability,TYPE.Ancestry Ability Boost Wis],[PREABILITY:1,CATEGORY=Ability,Ancestry Ability Boost ~ Wis +2]					PREVARLT:WISSCORE,17					STACK:YES	MULT:YES	CHOOSE:NOCHOICE	BONUS:STAT|WIS|2|TYPE=Race	BONUS:LOCKEDSTAT|WIS|2|TYPE=Race
Ancestry Ability Boost ~ Cha +2	SORTKEY:6a	CATEGORY:Ability		TYPE:Ancestry Ability Boost.Ancestry Ability Boost Cha	PREMULT:1,[!PREABILITY:1,CATEGORY=Ability,TYPE.Ancestry Ability Boost Cha],[PREABILITY:1,CATEGORY=Ability,Ancestry Ability Boost ~ Cha +2]					PREVARLT:CHASCORE,17					STACK:YES	MULT:YES	CHOOSE:NOCHOICE	BONUS:STAT|CHA|2|TYPE=Race	BONUS:LOCKEDSTAT|CHA|2|TYPE=Race
Ancestry Ability Boost ~ Str +1	SORTKEY:1b	CATEGORY:Ability		TYPE:Ancestry Ability Boost.Ancestry Ability Boost Str	PREMULT:1,[!PREABILITY:1,CATEGORY=Ability,TYPE.Ancestry Ability Boost Str],[PREABILITY:1,CATEGORY=Ability,Ancestry Ability Boost ~ Str +1]									PREVARLTEQ:STRSCORE,17	STACK:YES	MULT:YES	CHOOSE:NOCHOICE	BONUS:STAT|STR|1|TYPE=Race	BONUS:LOCKEDSTAT|STR|1|TYPE=Race
Ancestry Ability Boost ~ Dex +1	SORTKEY:2b	CATEGORY:Ability		TYPE:Ancestry Ability Boost.Ancestry Ability Boost Dex	PREMULT:1,[!PREABILITY:1,CATEGORY=Ability,TYPE.Ancestry Ability Boost Dex],[PREABILITY:1,CATEGORY=Ability,Ancestry Ability Boost ~ Dex +1]									PREVARLTEQ:DEXSCORE,17	STACK:YES	MULT:YES	CHOOSE:NOCHOICE	BONUS:STAT|DEX|1|TYPE=Race	BONUS:LOCKEDSTAT|DEX|1|TYPE=Race
Ancestry Ability Boost ~ Con +1	SORTKEY:3b	CATEGORY:Ability		TYPE:Ancestry Ability Boost.Ancestry Ability Boost Con	PREMULT:1,[!PREABILITY:1,CATEGORY=Ability,TYPE.Ancestry Ability Boost Con],[PREABILITY:1,CATEGORY=Ability,Ancestry Ability Boost ~ Con +1]									PREVARLTEQ:CONSCORE,17	STACK:YES	MULT:YES	CHOOSE:NOCHOICE	BONUS:STAT|CON|1|TYPE=Race	BONUS:LOCKEDSTAT|CON|1|TYPE=Race
Ancestry Ability Boost ~ Int +1	SORTKEY:4b	CATEGORY:Ability		TYPE:Ancestry Ability Boost.Ancestry Ability Boost Int	PREMULT:1,[!PREABILITY:1,CATEGORY=Ability,TYPE.Ancestry Ability Boost Int],[PREABILITY:1,CATEGORY=Ability,Ancestry Ability Boost ~ Int +1]									PREVARLTEQ:INTSCORE,17	STACK:YES	MULT:YES	CHOOSE:NOCHOICE	BONUS:STAT|INT|1|TYPE=Race	BONUS:LOCKEDSTAT|INT|1|TYPE=Race
Ancestry Ability Boost ~ Wis +1	SORTKEY:5b	CATEGORY:Ability		TYPE:Ancestry Ability Boost.Ancestry Ability Boost Wis	PREMULT:1,[!PREABILITY:1,CATEGORY=Ability,TYPE.Ancestry Ability Boost Wis],[PREABILITY:1,CATEGORY=Ability,Ancestry Ability Boost ~ Wis +1]									PREVARLTEQ:WISSCORE,17	STACK:YES	MULT:YES	CHOOSE:NOCHOICE	BONUS:STAT|WIS|1|TYPE=Race	BONUS:LOCKEDSTAT|WIS|1|TYPE=Race
Ancestry Ability Boost ~ Cha +1	SORTKEY:6b	CATEGORY:Ability		TYPE:Ancestry Ability Boost.Ancestry Ability Boost Cha	PREMULT:1,[!PREABILITY:1,CATEGORY=Ability,TYPE.Ancestry Ability Boost Cha],[PREABILITY:1,CATEGORY=Ability,Ancestry Ability Boost ~ Cha +1]									PREVARLTEQ:CHASCORE,17	STACK:YES	MULT:YES	CHOOSE:NOCHOICE	BONUS:STAT|CHA|1|TYPE=Race	BONUS:LOCKEDSTAT|CHA|1|TYPE=Race

Ancestry Ability Flaw ~ Str -2	SORTKEY:1a	CATEGORY:Ability		TYPE:Ancestry Ability Flaw																																																	BONUS:STAT|STR|-2|TYPE=Race	BONUS:LOCKEDSTAT|STR|-2|TYPE=Race
Ancestry Ability Flaw ~ Dex -2	SORTKEY:2a	CATEGORY:Ability		TYPE:Ancestry Ability Flaw																																																	BONUS:STAT|DEX|-2|TYPE=Race	BONUS:LOCKEDSTAT|DEX|-2|TYPE=Race
Ancestry Ability Flaw ~ Con -2	SORTKEY:3a	CATEGORY:Ability		TYPE:Ancestry Ability Flaw																																																	BONUS:STAT|CON|-2|TYPE=Race	BONUS:LOCKEDSTAT|CON|-2|TYPE=Race
Ancestry Ability Flaw ~ Int -2	SORTKEY:4a	CATEGORY:Ability		TYPE:Ancestry Ability Flaw																																																	BONUS:STAT|INT|-2|TYPE=Race	BONUS:LOCKEDSTAT|INT|-2|TYPE=Race
Ancestry Ability Flaw ~ Wis -2	SORTKEY:5a	CATEGORY:Ability		TYPE:Ancestry Ability Flaw																																																	BONUS:STAT|WIS|-2|TYPE=Race	BONUS:LOCKEDSTAT|WIS|-2|TYPE=Race
Ancestry Ability Flaw ~ Cha -2	SORTKEY:5a	CATEGORY:Ability		TYPE:Ancestry Ability Flaw																																																	BONUS:STAT|WIS|-2|TYPE=Race	BONUS:LOCKEDSTAT|CHA|-2|TYPE=Race

###Block: Background Ability Boost
# Ability Name				SORTKEY	Category of Ability	Type										Multiple Requirements																					Var. Must Be Lower	Var. Max. Value		Stat bonus		Bonus
Background Ability Boost ~ Str +2	SORTKEY:1a	CATEGORY:Ability		TYPE:Background Ability Boost.Background Ability Boost Str	PREMULT:1,[!PREABILITY:1,CATEGORY=Ability,TYPE.Background Ability Boost Str],[PREABILITY:1,CATEGORY=Ability,Background Ability Boost ~ Str +2]	PREVARLT:STRSCORE,17					BONUS:STAT|STR|2	BONUS:LOCKEDSTAT|STR|2
Background Ability Boost ~ Dex +2	SORTKEY:2a	CATEGORY:Ability		TYPE:Background Ability Boost.Background Ability Boost Dex	PREMULT:1,[!PREABILITY:1,CATEGORY=Ability,TYPE.Background Ability Boost Dex],[PREABILITY:1,CATEGORY=Ability,Background Ability Boost ~ Dex +2]	PREVARLT:DEXSCORE,17					BONUS:STAT|DEX|2	BONUS:LOCKEDSTAT|DEX|2
Background Ability Boost ~ Con +2	SORTKEY:3a	CATEGORY:Ability		TYPE:Background Ability Boost.Background Ability Boost Con	PREMULT:1,[!PREABILITY:1,CATEGORY=Ability,TYPE.Background Ability Boost Con],[PREABILITY:1,CATEGORY=Ability,Background Ability Boost ~ Con +2]	PREVARLT:CONSCORE,17					BONUS:STAT|CON|2	BONUS:LOCKEDSTAT|CON|2
Background Ability Boost ~ Int +2	SORTKEY:4a	CATEGORY:Ability		TYPE:Background Ability Boost.Background Ability Boost Int	PREMULT:1,[!PREABILITY:1,CATEGORY=Ability,TYPE.Background Ability Boost Int],[PREABILITY:1,CATEGORY=Ability,Background Ability Boost ~ Int +2]	PREVARLT:INTSCORE,17					BONUS:STAT|INT|2	BONUS:LOCKEDSTAT|INT|2
Background Ability Boost ~ Wis +2	SORTKEY:5a	CATEGORY:Ability		TYPE:Background Ability Boost.Background Ability Boost Wis	PREMULT:1,[!PREABILITY:1,CATEGORY=Ability,TYPE.Background Ability Boost Wis],[PREABILITY:1,CATEGORY=Ability,Background Ability Boost ~ Wis +2]	PREVARLT:WISSCORE,17					BONUS:STAT|WIS|2	BONUS:LOCKEDSTAT|WIS|2
Background Ability Boost ~ Cha +2	SORTKEY:6a	CATEGORY:Ability		TYPE:Background Ability Boost.Background Ability Boost Cha	PREMULT:1,[!PREABILITY:1,CATEGORY=Ability,TYPE.Background Ability Boost Cha],[PREABILITY:1,CATEGORY=Ability,Background Ability Boost ~ Cha +2]	PREVARLT:CHASCORE,17					BONUS:STAT|CHA|2	BONUS:LOCKEDSTAT|CHA|2
Background Ability Boost ~ Str +1	SORTKEY:1b	CATEGORY:Ability		TYPE:Background Ability Boost.Background Ability Boost Str	PREMULT:1,[!PREABILITY:1,CATEGORY=Ability,TYPE.Background Ability Boost Str],[PREABILITY:1,CATEGORY=Ability,Background Ability Boost ~ Str +1]					PREVARLTEQ:STRSCORE,17	BONUS:STAT|STR|1	BONUS:LOCKEDSTAT|STR|1
Background Ability Boost ~ Dex +1	SORTKEY:2b	CATEGORY:Ability		TYPE:Background Ability Boost.Background Ability Boost Dex	PREMULT:1,[!PREABILITY:1,CATEGORY=Ability,TYPE.Background Ability Boost Dex],[PREABILITY:1,CATEGORY=Ability,Background Ability Boost ~ Dex +1]					PREVARLTEQ:DEXSCORE,17	BONUS:STAT|DEX|1	BONUS:LOCKEDSTAT|DEX|1
Background Ability Boost ~ Con +1	SORTKEY:3b	CATEGORY:Ability		TYPE:Background Ability Boost.Background Ability Boost Con	PREMULT:1,[!PREABILITY:1,CATEGORY=Ability,TYPE.Background Ability Boost Con],[PREABILITY:1,CATEGORY=Ability,Background Ability Boost ~ Con +1]					PREVARLTEQ:CONSCORE,17	BONUS:STAT|CON|1	BONUS:LOCKEDSTAT|CON|1
Background Ability Boost ~ Int +1	SORTKEY:4b	CATEGORY:Ability		TYPE:Background Ability Boost.Background Ability Boost Int	PREMULT:1,[!PREABILITY:1,CATEGORY=Ability,TYPE.Background Ability Boost Int],[PREABILITY:1,CATEGORY=Ability,Background Ability Boost ~ Int +1]					PREVARLTEQ:INTSCORE,17	BONUS:STAT|INT|1	BONUS:LOCKEDSTAT|INT|1
Background Ability Boost ~ Wis +1	SORTKEY:5b	CATEGORY:Ability		TYPE:Background Ability Boost.Background Ability Boost Wis	PREMULT:1,[!PREABILITY:1,CATEGORY=Ability,TYPE.Background Ability Boost Wis],[PREABILITY:1,CATEGORY=Ability,Background Ability Boost ~ Wis +1]					PREVARLTEQ:WISSCORE,17	BONUS:STAT|WIS|1	BONUS:LOCKEDSTAT|WIS|1
Background Ability Boost ~ Cha +1	SORTKEY:6b	CATEGORY:Ability		TYPE:Background Ability Boost.Background Ability Boost Cha	PREMULT:1,[!PREABILITY:1,CATEGORY=Ability,TYPE.Background Ability Boost Cha],[PREABILITY:1,CATEGORY=Ability,Background Ability Boost ~ Cha +1]					PREVARLTEQ:CHASCORE,17	BONUS:STAT|CHA|1	BONUS:LOCKEDSTAT|CHA|1

###Block: Class Ability Boost
# Ability Name			SORTKEY	Category of Ability	Type					Var. Must Be Lower	Var. Max. Value		Stat bonus		Bonus
Class Ability Boost ~ Str +2	SORTKEY:1a	CATEGORY:Ability		TYPE:Class Ability Boost	PREVARLT:STRSCORE,17					BONUS:STAT|STR|2	BONUS:LOCKEDSTAT|STR|2
Class Ability Boost ~ Dex +2	SORTKEY:2a	CATEGORY:Ability		TYPE:Class Ability Boost	PREVARLT:DEXSCORE,17					BONUS:STAT|DEX|2	BONUS:LOCKEDSTAT|DEX|2
Class Ability Boost ~ Con +2	SORTKEY:3a	CATEGORY:Ability		TYPE:Class Ability Boost	PREVARLT:CONSCORE,17					BONUS:STAT|CON|2	BONUS:LOCKEDSTAT|CON|2
Class Ability Boost ~ Int +2	SORTKEY:4a	CATEGORY:Ability		TYPE:Class Ability Boost	PREVARLT:INTSCORE,17					BONUS:STAT|INT|2	BONUS:LOCKEDSTAT|INT|2
Class Ability Boost ~ Wis +2	SORTKEY:5a	CATEGORY:Ability		TYPE:Class Ability Boost	PREVARLT:WISSCORE,17					BONUS:STAT|WIS|2	BONUS:LOCKEDSTAT|WIS|2
Class Ability Boost ~ Cha +2	SORTKEY:6a	CATEGORY:Ability		TYPE:Class Ability Boost	PREVARLT:CHASCORE,17					BONUS:STAT|CHA|2	BONUS:LOCKEDSTAT|CHA|2
Class Ability Boost ~ Str +1	SORTKEY:1b	CATEGORY:Ability		TYPE:Class Ability Boost					PREVARLTEQ:STRSCORE,17	BONUS:STAT|STR|1	BONUS:LOCKEDSTAT|STR|1
Class Ability Boost ~ Dex +1	SORTKEY:2b	CATEGORY:Ability		TYPE:Class Ability Boost					PREVARLTEQ:DEXSCORE,17	BONUS:STAT|DEX|1	BONUS:LOCKEDSTAT|DEX|1
Class Ability Boost ~ Con +1	SORTKEY:3b	CATEGORY:Ability		TYPE:Class Ability Boost					PREVARLTEQ:CONSCORE,17	BONUS:STAT|CON|1	BONUS:LOCKEDSTAT|CON|1
Class Ability Boost ~ Int +1	SORTKEY:4b	CATEGORY:Ability		TYPE:Class Ability Boost					PREVARLTEQ:INTSCORE,17	BONUS:STAT|INT|1	BONUS:LOCKEDSTAT|INT|1
Class Ability Boost ~ Wis +1	SORTKEY:5b	CATEGORY:Ability		TYPE:Class Ability Boost					PREVARLTEQ:WISSCORE,17	BONUS:STAT|WIS|1	BONUS:LOCKEDSTAT|WIS|1
Class Ability Boost ~ Cha +1	SORTKEY:6b	CATEGORY:Ability		TYPE:Class Ability Boost					PREVARLTEQ:CHASCORE,17	BONUS:STAT|CHA|1	BONUS:LOCKEDSTAT|CHA|1

###Block: Level 1
# Ability Name				SORTKEY	Category of Ability	Type									Multiple Requirements																					Var. Must Be Lower	Var. Max. Value		Stat bonus		Bonus
Level 01 Ability Boost ~ Str +2	SORTKEY:1a	CATEGORY:Ability		TYPE:Level 01 Ability Boost.Level 1 Ability Boost Str	PREMULT:1,[!PREABILITY:1,CATEGORY=Ability,TYPE.Level 01 Ability Boost Str],[PREABILITY:1,CATEGORY=Ability,Level 01 Ability Boost ~ Str +2]	PREVARLT:STRSCORE,17					BONUS:STAT|STR|2	BONUS:LOCKEDSTAT|STR|2
Level 01 Ability Boost ~ Dex +2	SORTKEY:2a	CATEGORY:Ability		TYPE:Level 01 Ability Boost.Level 1 Ability Boost Dex	PREMULT:1,[!PREABILITY:1,CATEGORY=Ability,TYPE.Level 01 Ability Boost Dex],[PREABILITY:1,CATEGORY=Ability,Level 01 Ability Boost ~ Dex +2]	PREVARLT:DEXSCORE,17					BONUS:STAT|DEX|2	BONUS:LOCKEDSTAT|DEX|2
Level 01 Ability Boost ~ Con +2	SORTKEY:3a	CATEGORY:Ability		TYPE:Level 01 Ability Boost.Level 1 Ability Boost Con	PREMULT:1,[!PREABILITY:1,CATEGORY=Ability,TYPE.Level 01 Ability Boost Con],[PREABILITY:1,CATEGORY=Ability,Level 01 Ability Boost ~ Con +2]	PREVARLT:CONSCORE,17					BONUS:STAT|CON|2	BONUS:LOCKEDSTAT|CON|2
Level 01 Ability Boost ~ Int +2	SORTKEY:4a	CATEGORY:Ability		TYPE:Level 01 Ability Boost.Level 1 Ability Boost Int	PREMULT:1,[!PREABILITY:1,CATEGORY=Ability,TYPE.Level 01 Ability Boost Int],[PREABILITY:1,CATEGORY=Ability,Level 01 Ability Boost ~ Int +2]	PREVARLT:INTSCORE,17					BONUS:STAT|INT|2	BONUS:LOCKEDSTAT|INT|2
Level 01 Ability Boost ~ Wis +2	SORTKEY:5a	CATEGORY:Ability		TYPE:Level 01 Ability Boost.Level 1 Ability Boost Wis	PREMULT:1,[!PREABILITY:1,CATEGORY=Ability,TYPE.Level 01 Ability Boost Wis],[PREABILITY:1,CATEGORY=Ability,Level 01 Ability Boost ~ Wis +2]	PREVARLT:WISSCORE,17					BONUS:STAT|WIS|2	BONUS:LOCKEDSTAT|WIS|2
Level 01 Ability Boost ~ Cha +2	SORTKEY:6a	CATEGORY:Ability		TYPE:Level 01 Ability Boost.Level 1 Ability Boost Cha	PREMULT:1,[!PREABILITY:1,CATEGORY=Ability,TYPE.Level 01 Ability Boost Cha],[PREABILITY:1,CATEGORY=Ability,Level 01 Ability Boost ~ Cha +2]	PREVARLT:CHASCORE,17					BONUS:STAT|CHA|2	BONUS:LOCKEDSTAT|CHA|2
Level 01 Ability Boost ~ Str +1	SORTKEY:1b	CATEGORY:Ability		TYPE:Level 01 Ability Boost.Level 1 Ability Boost Str	PREMULT:1,[!PREABILITY:1,CATEGORY=Ability,TYPE.Level 01 Ability Boost Str],[PREABILITY:1,CATEGORY=Ability,Level 01 Ability Boost ~ Str +1]					PREVARLTEQ:STRSCORE,17	BONUS:STAT|STR|1	BONUS:LOCKEDSTAT|STR|1
Level 01 Ability Boost ~ Dex +1	SORTKEY:2b	CATEGORY:Ability		TYPE:Level 01 Ability Boost.Level 1 Ability Boost Dex	PREMULT:1,[!PREABILITY:1,CATEGORY=Ability,TYPE.Level 01 Ability Boost Dex],[PREABILITY:1,CATEGORY=Ability,Level 01 Ability Boost ~ Dex +1]					PREVARLTEQ:DEXSCORE,17	BONUS:STAT|DEX|1	BONUS:LOCKEDSTAT|DEX|1
Level 01 Ability Boost ~ Con +1	SORTKEY:3b	CATEGORY:Ability		TYPE:Level 01 Ability Boost.Level 1 Ability Boost Con	PREMULT:1,[!PREABILITY:1,CATEGORY=Ability,TYPE.Level 01 Ability Boost Con],[PREABILITY:1,CATEGORY=Ability,Level 01 Ability Boost ~ Con +1]					PREVARLTEQ:CONSCORE,17	BONUS:STAT|CON|1	BONUS:LOCKEDSTAT|CON|1
Level 01 Ability Boost ~ Int +1	SORTKEY:4b	CATEGORY:Ability		TYPE:Level 01 Ability Boost.Level 1 Ability Boost Int	PREMULT:1,[!PREABILITY:1,CATEGORY=Ability,TYPE.Level 01 Ability Boost Int],[PREABILITY:1,CATEGORY=Ability,Level 01 Ability Boost ~ Int +1]					PREVARLTEQ:INTSCORE,17	BONUS:STAT|INT|1	BONUS:LOCKEDSTAT|INT|1
Level 01 Ability Boost ~ Wis +1	SORTKEY:5b	CATEGORY:Ability		TYPE:Level 01 Ability Boost.Level 1 Ability Boost Wis	PREMULT:1,[!PREABILITY:1,CATEGORY=Ability,TYPE.Level 01 Ability Boost Wis],[PREABILITY:1,CATEGORY=Ability,Level 01 Ability Boost ~ Wis +1]					PREVARLTEQ:WISSCORE,17	BONUS:STAT|WIS|1	BONUS:LOCKEDSTAT|WIS|1
Level 01 Ability Boost ~ Cha +1	SORTKEY:6b	CATEGORY:Ability		TYPE:Level 01 Ability Boost.Level 1 Ability Boost Cha	PREMULT:1,[!PREABILITY:1,CATEGORY=Ability,TYPE.Level 01 Ability Boost Cha],[PREABILITY:1,CATEGORY=Ability,Level 01 Ability Boost ~ Cha +1]					PREVARLTEQ:CHASCORE,17	BONUS:STAT|CHA|1	BONUS:LOCKEDSTAT|CHA|1

###Block: Level 5
# Ability Name				SORTKEY	Category of Ability	Type									Multiple Requirements																					Var. Min. Value		Var. Must Be Lower	Stat bonus		Bonus
Level 05 Ability Boost ~ Str +2	SORTKEY:1a	CATEGORY:Ability		TYPE:Level 05 Ability Boost.Level 5 Ability Boost Str	PREMULT:1,[!PREABILITY:1,CATEGORY=Ability,TYPE.Level 05 Ability Boost Str],[PREABILITY:1,CATEGORY=Ability,Level 05 Ability Boost ~ Str +2]					PREVARLT:STRSCORE,18	BONUS:STAT|STR|2	BONUS:LOCKEDSTAT|STR|2
Level 05 Ability Boost ~ Dex +2	SORTKEY:2a	CATEGORY:Ability		TYPE:Level 05 Ability Boost.Level 5 Ability Boost Dex	PREMULT:1,[!PREABILITY:1,CATEGORY=Ability,TYPE.Level 05 Ability Boost Dex],[PREABILITY:1,CATEGORY=Ability,Level 05 Ability Boost ~ Dex +2]					PREVARLT:DEXSCORE,18	BONUS:STAT|DEX|2	BONUS:LOCKEDSTAT|DEX|2
Level 05 Ability Boost ~ Con +2	SORTKEY:3a	CATEGORY:Ability		TYPE:Level 05 Ability Boost.Level 5 Ability Boost Con	PREMULT:1,[!PREABILITY:1,CATEGORY=Ability,TYPE.Level 05 Ability Boost Con],[PREABILITY:1,CATEGORY=Ability,Level 05 Ability Boost ~ Con +2]					PREVARLT:CONSCORE,18	BONUS:STAT|CON|2	BONUS:LOCKEDSTAT|CON|2
Level 05 Ability Boost ~ Int +2	SORTKEY:4a	CATEGORY:Ability		TYPE:Level 05 Ability Boost.Level 5 Ability Boost Int	PREMULT:1,[!PREABILITY:1,CATEGORY=Ability,TYPE.Level 05 Ability Boost Int],[PREABILITY:1,CATEGORY=Ability,Level 05 Ability Boost ~ Int +2]					PREVARLT:INTSCORE,18	BONUS:STAT|INT|2	BONUS:LOCKEDSTAT|INT|2
Level 05 Ability Boost ~ Wis +2	SORTKEY:5a	CATEGORY:Ability		TYPE:Level 05 Ability Boost.Level 5 Ability Boost Wis	PREMULT:1,[!PREABILITY:1,CATEGORY=Ability,TYPE.Level 05 Ability Boost Wis],[PREABILITY:1,CATEGORY=Ability,Level 05 Ability Boost ~ Wis +2]					PREVARLT:WISSCORE,18	BONUS:STAT|WIS|2	BONUS:LOCKEDSTAT|WIS|2
Level 05 Ability Boost ~ Cha +2	SORTKEY:6a	CATEGORY:Ability		TYPE:Level 05 Ability Boost.Level 5 Ability Boost Cha	PREMULT:1,[!PREABILITY:1,CATEGORY=Ability,TYPE.Level 05 Ability Boost Cha],[PREABILITY:1,CATEGORY=Ability,Level 05 Ability Boost ~ Cha +2]					PREVARLT:CHASCORE,18	BONUS:STAT|CHA|2	BONUS:LOCKEDSTAT|CHA|2
Level 05 Ability Boost ~ Str +1	SORTKEY:1b	CATEGORY:Ability		TYPE:Level 05 Ability Boost.Level 5 Ability Boost Str	PREMULT:1,[!PREABILITY:1,CATEGORY=Ability,TYPE.Level 05 Ability Boost Str],[PREABILITY:1,CATEGORY=Ability,Level 05 Ability Boost ~ Str +1]	PREVARGTEQ:STRSCORE,18					BONUS:STAT|STR|1	BONUS:LOCKEDSTAT|STR|1
Level 05 Ability Boost ~ Dex +1	SORTKEY:2b	CATEGORY:Ability		TYPE:Level 05 Ability Boost.Level 5 Ability Boost Dex	PREMULT:1,[!PREABILITY:1,CATEGORY=Ability,TYPE.Level 05 Ability Boost Dex],[PREABILITY:1,CATEGORY=Ability,Level 05 Ability Boost ~ Dex +1]	PREVARGTEQ:DEXSCORE,18					BONUS:STAT|DEX|1	BONUS:LOCKEDSTAT|DEX|1
Level 05 Ability Boost ~ Con +1	SORTKEY:3b	CATEGORY:Ability		TYPE:Level 05 Ability Boost.Level 5 Ability Boost Con	PREMULT:1,[!PREABILITY:1,CATEGORY=Ability,TYPE.Level 05 Ability Boost Con],[PREABILITY:1,CATEGORY=Ability,Level 05 Ability Boost ~ Con +1]	PREVARGTEQ:CONSCORE,18					BONUS:STAT|CON|1	BONUS:LOCKEDSTAT|CON|1
Level 05 Ability Boost ~ Int +1	SORTKEY:4b	CATEGORY:Ability		TYPE:Level 05 Ability Boost.Level 5 Ability Boost Int	PREMULT:1,[!PREABILITY:1,CATEGORY=Ability,TYPE.Level 05 Ability Boost Int],[PREABILITY:1,CATEGORY=Ability,Level 05 Ability Boost ~ Int +1]	PREVARGTEQ:INTSCORE,18					BONUS:STAT|INT|1	BONUS:LOCKEDSTAT|INT|1
Level 05 Ability Boost ~ Wis +1	SORTKEY:5b	CATEGORY:Ability		TYPE:Level 05 Ability Boost.Level 5 Ability Boost Wis	PREMULT:1,[!PREABILITY:1,CATEGORY=Ability,TYPE.Level 05 Ability Boost Wis],[PREABILITY:1,CATEGORY=Ability,Level 05 Ability Boost ~ Wis +1]	PREVARGTEQ:WISSCORE,18					BONUS:STAT|WIS|1	BONUS:LOCKEDSTAT|WIS|1
Level 05 Ability Boost ~ Cha +1	SORTKEY:6b	CATEGORY:Ability		TYPE:Level 05 Ability Boost.Level 5 Ability Boost Cha	PREMULT:1,[!PREABILITY:1,CATEGORY=Ability,TYPE.Level 05 Ability Boost Cha],[PREABILITY:1,CATEGORY=Ability,Level 05 Ability Boost ~ Cha +1]	PREVARGTEQ:CHASCORE,18					BONUS:STAT|CHA|1	BONUS:LOCKEDSTAT|CHA|1

###Block: Level 10
# Ability Name				SORTKEY	Category of Ability	Type										Multiple Requirements																					Var. Min. Value		Var. Must Be Lower	Stat bonus		Bonus
Level 10 Ability Boost ~ Str +2	SORTKEY:1a	CATEGORY:Ability		TYPE:Level 10 Ability Boost.Level 10 Ability Boost Str	PREMULT:1,[!PREABILITY:1,CATEGORY=Ability,TYPE.Level 10 Ability Boost Str],[PREABILITY:1,CATEGORY=Ability,Level 10 Ability Boost ~ Str +2]					PREVARLT:STRSCORE,18	BONUS:STAT|STR|2	BONUS:LOCKEDSTAT|STR|2
Level 10 Ability Boost ~ Dex +2	SORTKEY:2a	CATEGORY:Ability		TYPE:Level 10 Ability Boost.Level 10 Ability Boost Dex	PREMULT:1,[!PREABILITY:1,CATEGORY=Ability,TYPE.Level 10 Ability Boost Dex],[PREABILITY:1,CATEGORY=Ability,Level 10 Ability Boost ~ Dex +2]					PREVARLT:DEXSCORE,18	BONUS:STAT|DEX|2	BONUS:LOCKEDSTAT|DEX|2
Level 10 Ability Boost ~ Con +2	SORTKEY:3a	CATEGORY:Ability		TYPE:Level 10 Ability Boost.Level 10 Ability Boost Con	PREMULT:1,[!PREABILITY:1,CATEGORY=Ability,TYPE.Level 10 Ability Boost Con],[PREABILITY:1,CATEGORY=Ability,Level 10 Ability Boost ~ Con +2]					PREVARLT:CONSCORE,18	BONUS:STAT|CON|2	BONUS:LOCKEDSTAT|CON|2
Level 10 Ability Boost ~ Int +2	SORTKEY:4a	CATEGORY:Ability		TYPE:Level 10 Ability Boost.Level 10 Ability Boost Int	PREMULT:1,[!PREABILITY:1,CATEGORY=Ability,TYPE.Level 10 Ability Boost Int],[PREABILITY:1,CATEGORY=Ability,Level 10 Ability Boost ~ Int +2]					PREVARLT:INTSCORE,18	BONUS:STAT|INT|2	BONUS:LOCKEDSTAT|INT|2
Level 10 Ability Boost ~ Wis +2	SORTKEY:5a	CATEGORY:Ability		TYPE:Level 10 Ability Boost.Level 10 Ability Boost Wis	PREMULT:1,[!PREABILITY:1,CATEGORY=Ability,TYPE.Level 10 Ability Boost Wis],[PREABILITY:1,CATEGORY=Ability,Level 10 Ability Boost ~ Wis +2]					PREVARLT:WISSCORE,18	BONUS:STAT|WIS|2	BONUS:LOCKEDSTAT|WIS|2
Level 10 Ability Boost ~ Cha +2	SORTKEY:6a	CATEGORY:Ability		TYPE:Level 10 Ability Boost.Level 10 Ability Boost Cha	PREMULT:1,[!PREABILITY:1,CATEGORY=Ability,TYPE.Level 10 Ability Boost Cha],[PREABILITY:1,CATEGORY=Ability,Level 10 Ability Boost ~ Cha +2]					PREVARLT:CHASCORE,18	BONUS:STAT|CHA|2	BONUS:LOCKEDSTAT|CHA|2
Level 10 Ability Boost ~ Str +1	SORTKEY:1b	CATEGORY:Ability		TYPE:Level 10 Ability Boost.Level 10 Ability Boost Str	PREMULT:1,[!PREABILITY:1,CATEGORY=Ability,TYPE.Level 10 Ability Boost Str],[PREABILITY:1,CATEGORY=Ability,Level 10 Ability Boost ~ Str +1]	PREVARGTEQ:STRSCORE,18					BONUS:STAT|STR|1	BONUS:LOCKEDSTAT|STR|1
Level 10 Ability Boost ~ Dex +1	SORTKEY:2b	CATEGORY:Ability		TYPE:Level 10 Ability Boost.Level 10 Ability Boost Dex	PREMULT:1,[!PREABILITY:1,CATEGORY=Ability,TYPE.Level 10 Ability Boost Dex],[PREABILITY:1,CATEGORY=Ability,Level 10 Ability Boost ~ Dex +1]	PREVARGTEQ:DEXSCORE,18					BONUS:STAT|DEX|1	BONUS:LOCKEDSTAT|DEX|1
Level 10 Ability Boost ~ Con +1	SORTKEY:3b	CATEGORY:Ability		TYPE:Level 10 Ability Boost.Level 10 Ability Boost Con	PREMULT:1,[!PREABILITY:1,CATEGORY=Ability,TYPE.Level 10 Ability Boost Con],[PREABILITY:1,CATEGORY=Ability,Level 10 Ability Boost ~ Con +1]	PREVARGTEQ:CONSCORE,18					BONUS:STAT|CON|1	BONUS:LOCKEDSTAT|CON|1
Level 10 Ability Boost ~ Int +1	SORTKEY:4b	CATEGORY:Ability		TYPE:Level 10 Ability Boost.Level 10 Ability Boost Int	PREMULT:1,[!PREABILITY:1,CATEGORY=Ability,TYPE.Level 10 Ability Boost Int],[PREABILITY:1,CATEGORY=Ability,Level 10 Ability Boost ~ Int +1]	PREVARGTEQ:INTSCORE,18					BONUS:STAT|INT|1	BONUS:LOCKEDSTAT|INT|1
Level 10 Ability Boost ~ Wis +1	SORTKEY:5b	CATEGORY:Ability		TYPE:Level 10 Ability Boost.Level 10 Ability Boost Wis	PREMULT:1,[!PREABILITY:1,CATEGORY=Ability,TYPE.Level 10 Ability Boost Wis],[PREABILITY:1,CATEGORY=Ability,Level 10 Ability Boost ~ Wis +1]	PREVARGTEQ:WISSCORE,18					BONUS:STAT|WIS|1	BONUS:LOCKEDSTAT|WIS|1
Level 10 Ability Boost ~ Cha +1	SORTKEY:6b	CATEGORY:Ability		TYPE:Level 10 Ability Boost.Level 10 Ability Boost Cha	PREMULT:1,[!PREABILITY:1,CATEGORY=Ability,TYPE.Level 10 Ability Boost Cha],[PREABILITY:1,CATEGORY=Ability,Level 10 Ability Boost ~ Cha +1]	PREVARGTEQ:CHASCORE,18					BONUS:STAT|CHA|1	BONUS:LOCKEDSTAT|CHA|1

###Block: Level 15
# Ability Name				SORTKEY	Category of Ability	Type										Multiple Requirements																					Var. Min. Value		Var. Must Be Lower	Stat bonus		Bonus
Level 15 Ability Boost ~ Str +2	SORTKEY:1a	CATEGORY:Ability		TYPE:Level 15 Ability Boost.Level 15 Ability Boost Str	PREMULT:1,[!PREABILITY:1,CATEGORY=Ability,TYPE.Level 15 Ability Boost Str],[PREABILITY:1,CATEGORY=Ability,Level 15 Ability Boost ~ Str +2]					PREVARLT:STRSCORE,18	BONUS:STAT|STR|2	BONUS:LOCKEDSTAT|STR|2
Level 15 Ability Boost ~ Dex +2	SORTKEY:2a	CATEGORY:Ability		TYPE:Level 15 Ability Boost.Level 15 Ability Boost Dex	PREMULT:1,[!PREABILITY:1,CATEGORY=Ability,TYPE.Level 15 Ability Boost Dex],[PREABILITY:1,CATEGORY=Ability,Level 15 Ability Boost ~ Dex +2]					PREVARLT:DEXSCORE,18	BONUS:STAT|DEX|2	BONUS:LOCKEDSTAT|DEX|2
Level 15 Ability Boost ~ Con +2	SORTKEY:3a	CATEGORY:Ability		TYPE:Level 15 Ability Boost.Level 15 Ability Boost Con	PREMULT:1,[!PREABILITY:1,CATEGORY=Ability,TYPE.Level 15 Ability Boost Con],[PREABILITY:1,CATEGORY=Ability,Level 15 Ability Boost ~ Con +2]					PREVARLT:CONSCORE,18	BONUS:STAT|CON|2	BONUS:LOCKEDSTAT|CON|2
Level 15 Ability Boost ~ Int +2	SORTKEY:4a	CATEGORY:Ability		TYPE:Level 15 Ability Boost.Level 15 Ability Boost Int	PREMULT:1,[!PREABILITY:1,CATEGORY=Ability,TYPE.Level 15 Ability Boost Int],[PREABILITY:1,CATEGORY=Ability,Level 15 Ability Boost ~ Int +2]					PREVARLT:INTSCORE,18	BONUS:STAT|INT|2	BONUS:LOCKEDSTAT|INT|2
Level 15 Ability Boost ~ Wis +2	SORTKEY:5a	CATEGORY:Ability		TYPE:Level 15 Ability Boost.Level 15 Ability Boost Wis	PREMULT:1,[!PREABILITY:1,CATEGORY=Ability,TYPE.Level 15 Ability Boost Wis],[PREABILITY:1,CATEGORY=Ability,Level 15 Ability Boost ~ Wis +2]					PREVARLT:WISSCORE,18	BONUS:STAT|WIS|2	BONUS:LOCKEDSTAT|WIS|2
Level 15 Ability Boost ~ Cha +2	SORTKEY:6a	CATEGORY:Ability		TYPE:Level 15 Ability Boost.Level 15 Ability Boost Cha	PREMULT:1,[!PREABILITY:1,CATEGORY=Ability,TYPE.Level 15 Ability Boost Cha],[PREABILITY:1,CATEGORY=Ability,Level 15 Ability Boost ~ Cha +2]					PREVARLT:CHASCORE,18	BONUS:STAT|CHA|2	BONUS:LOCKEDSTAT|CHA|2
Level 15 Ability Boost ~ Str +1	SORTKEY:1b	CATEGORY:Ability		TYPE:Level 15 Ability Boost.Level 15 Ability Boost Str	PREMULT:1,[!PREABILITY:1,CATEGORY=Ability,TYPE.Level 15 Ability Boost Str],[PREABILITY:1,CATEGORY=Ability,Level 15 Ability Boost ~ Str +1]	PREVARGTEQ:STRSCORE,18					BONUS:STAT|STR|1	BONUS:LOCKEDSTAT|STR|1
Level 15 Ability Boost ~ Dex +1	SORTKEY:2b	CATEGORY:Ability		TYPE:Level 15 Ability Boost.Level 15 Ability Boost Dex	PREMULT:1,[!PREABILITY:1,CATEGORY=Ability,TYPE.Level 15 Ability Boost Dex],[PREABILITY:1,CATEGORY=Ability,Level 15 Ability Boost ~ Dex +1]	PREVARGTEQ:DEXSCORE,18					BONUS:STAT|DEX|1	BONUS:LOCKEDSTAT|DEX|1
Level 15 Ability Boost ~ Con +1	SORTKEY:3b	CATEGORY:Ability		TYPE:Level 15 Ability Boost.Level 15 Ability Boost Con	PREMULT:1,[!PREABILITY:1,CATEGORY=Ability,TYPE.Level 15 Ability Boost Con],[PREABILITY:1,CATEGORY=Ability,Level 15 Ability Boost ~ Con +1]	PREVARGTEQ:CONSCORE,18					BONUS:STAT|CON|1	BONUS:LOCKEDSTAT|CON|1
Level 15 Ability Boost ~ Int +1	SORTKEY:4b	CATEGORY:Ability		TYPE:Level 15 Ability Boost.Level 15 Ability Boost Int	PREMULT:1,[!PREABILITY:1,CATEGORY=Ability,TYPE.Level 15 Ability Boost Int],[PREABILITY:1,CATEGORY=Ability,Level 15 Ability Boost ~ Int +1]	PREVARGTEQ:INTSCORE,18					BONUS:STAT|INT|1	BONUS:LOCKEDSTAT|INT|1
Level 15 Ability Boost ~ Wis +1	SORTKEY:5b	CATEGORY:Ability		TYPE:Level 15 Ability Boost.Level 15 Ability Boost Wis	PREMULT:1,[!PREABILITY:1,CATEGORY=Ability,TYPE.Level 15 Ability Boost Wis],[PREABILITY:1,CATEGORY=Ability,Level 15 Ability Boost ~ Wis +1]	PREVARGTEQ:WISSCORE,18					BONUS:STAT|WIS|1	BONUS:LOCKEDSTAT|WIS|1
Level 15 Ability Boost ~ Cha +1	SORTKEY:6b	CATEGORY:Ability		TYPE:Level 15 Ability Boost.Level 15 Ability Boost Cha	PREMULT:1,[!PREABILITY:1,CATEGORY=Ability,TYPE.Level 15 Ability Boost Cha],[PREABILITY:1,CATEGORY=Ability,Level 15 Ability Boost ~ Cha +1]	PREVARGTEQ:CHASCORE,18					BONUS:STAT|CHA|1	BONUS:LOCKEDSTAT|CHA|1

###Block: Level 20
# Ability Name				SORTKEY	Category of Ability	Type										Multiple Requirements																					Var. Min. Value		Var. Must Be Lower	Stat bonus		Bonus
Level 20 Ability Boost ~ Str +2	SORTKEY:1a	CATEGORY:Ability		TYPE:Level 20 Ability Boost.Level 20 Ability Boost Str	PREMULT:1,[!PREABILITY:1,CATEGORY=Ability,TYPE.Level 20 Ability Boost Str],[PREABILITY:1,CATEGORY=Ability,Level 20 Ability Boost ~ Str +2]					PREVARLT:STRSCORE,18	BONUS:STAT|STR|2	BONUS:LOCKEDSTAT|STR|2
Level 20 Ability Boost ~ Dex +2	SORTKEY:2a	CATEGORY:Ability		TYPE:Level 20 Ability Boost.Level 20 Ability Boost Dex	PREMULT:1,[!PREABILITY:1,CATEGORY=Ability,TYPE.Level 20 Ability Boost Dex],[PREABILITY:1,CATEGORY=Ability,Level 20 Ability Boost ~ Dex +2]					PREVARLT:DEXSCORE,18	BONUS:STAT|DEX|2	BONUS:LOCKEDSTAT|DEX|2
Level 20 Ability Boost ~ Con +2	SORTKEY:3a	CATEGORY:Ability		TYPE:Level 20 Ability Boost.Level 20 Ability Boost Con	PREMULT:1,[!PREABILITY:1,CATEGORY=Ability,TYPE.Level 20 Ability Boost Con],[PREABILITY:1,CATEGORY=Ability,Level 20 Ability Boost ~ Con +2]					PREVARLT:CONSCORE,18	BONUS:STAT|CON|2	BONUS:LOCKEDSTAT|CON|2
Level 20 Ability Boost ~ Int +2	SORTKEY:4a	CATEGORY:Ability		TYPE:Level 20 Ability Boost.Level 20 Ability Boost Int	PREMULT:1,[!PREABILITY:1,CATEGORY=Ability,TYPE.Level 20 Ability Boost Int],[PREABILITY:1,CATEGORY=Ability,Level 20 Ability Boost ~ Int +2]					PREVARLT:INTSCORE,18	BONUS:STAT|INT|2	BONUS:LOCKEDSTAT|INT|2
Level 20 Ability Boost ~ Wis +2	SORTKEY:5a	CATEGORY:Ability		TYPE:Level 20 Ability Boost.Level 20 Ability Boost Wis	PREMULT:1,[!PREABILITY:1,CATEGORY=Ability,TYPE.Level 20 Ability Boost Wis],[PREABILITY:1,CATEGORY=Ability,Level 20 Ability Boost ~ Wis +2]					PREVARLT:WISSCORE,18	BONUS:STAT|WIS|2	BONUS:LOCKEDSTAT|WIS|2
Level 20 Ability Boost ~ Cha +2	SORTKEY:6a	CATEGORY:Ability		TYPE:Level 20 Ability Boost.Level 20 Ability Boost Cha	PREMULT:1,[!PREABILITY:1,CATEGORY=Ability,TYPE.Level 20 Ability Boost Cha],[PREABILITY:1,CATEGORY=Ability,Level 20 Ability Boost ~ Cha +2]					PREVARLT:CHASCORE,18	BONUS:STAT|CHA|2	BONUS:LOCKEDSTAT|CHA|2
Level 20 Ability Boost ~ Str +1	SORTKEY:1b	CATEGORY:Ability		TYPE:Level 20 Ability Boost.Level 20 Ability Boost Str	PREMULT:1,[!PREABILITY:1,CATEGORY=Ability,TYPE.Level 20 Ability Boost Str],[PREABILITY:1,CATEGORY=Ability,Level 20 Ability Boost ~ Str +1]	PREVARGTEQ:STRSCORE,18					BONUS:STAT|STR|1	BONUS:LOCKEDSTAT|STR|1
Level 20 Ability Boost ~ Dex +1	SORTKEY:2b	CATEGORY:Ability		TYPE:Level 20 Ability Boost.Level 20 Ability Boost Dex	PREMULT:1,[!PREABILITY:1,CATEGORY=Ability,TYPE.Level 20 Ability Boost Dex],[PREABILITY:1,CATEGORY=Ability,Level 20 Ability Boost ~ Dex +1]	PREVARGTEQ:DEXSCORE,18					BONUS:STAT|DEX|1	BONUS:LOCKEDSTAT|DEX|1
Level 20 Ability Boost ~ Con +1	SORTKEY:3b	CATEGORY:Ability		TYPE:Level 20 Ability Boost.Level 20 Ability Boost Con	PREMULT:1,[!PREABILITY:1,CATEGORY=Ability,TYPE.Level 20 Ability Boost Con],[PREABILITY:1,CATEGORY=Ability,Level 20 Ability Boost ~ Con +1]	PREVARGTEQ:CONSCORE,18					BONUS:STAT|CON|1	BONUS:LOCKEDSTAT|CON|1
Level 20 Ability Boost ~ Int +1	SORTKEY:4b	CATEGORY:Ability		TYPE:Level 20 Ability Boost.Level 20 Ability Boost Int	PREMULT:1,[!PREABILITY:1,CATEGORY=Ability,TYPE.Level 20 Ability Boost Int],[PREABILITY:1,CATEGORY=Ability,Level 20 Ability Boost ~ Int +1]	PREVARGTEQ:INTSCORE,18					BONUS:STAT|INT|1	BONUS:LOCKEDSTAT|INT|1
Level 20 Ability Boost ~ Wis +1	SORTKEY:5b	CATEGORY:Ability		TYPE:Level 20 Ability Boost.Level 20 Ability Boost Wis	PREMULT:1,[!PREABILITY:1,CATEGORY=Ability,TYPE.Level 20 Ability Boost Wis],[PREABILITY:1,CATEGORY=Ability,Level 20 Ability Boost ~ Wis +1]	PREVARGTEQ:WISSCORE,18					BONUS:STAT|WIS|1	BONUS:LOCKEDSTAT|WIS|1
Level 20 Ability Boost ~ Cha +1	SORTKEY:6b	CATEGORY:Ability		TYPE:Level 20 Ability Boost.Level 20 Ability Boost Cha	PREMULT:1,[!PREABILITY:1,CATEGORY=Ability,TYPE.Level 20 Ability Boost Cha],[PREABILITY:1,CATEGORY=Ability,Level 20 Ability Boost ~ Cha +1]	PREVARGTEQ:CHASCORE,18					BONUS:STAT|CHA|1	BONUS:LOCKEDSTAT|CHA|1

###Block:
# Ability Name			Category of Ability	Define										Ability																	Bonus Ability Pool			Combat bonus		Modify VAR
Default				CATEGORY:Internal
CATEGORY=Internal|Default.MOD					DEFINE:AdditionalLanguage|0

CATEGORY=Internal|Default.MOD																ABILITY:Rule|AUTOMATIC|Standard Ability Generation Rule|!PREFACT:1,ABILITIES,AltAbilityGeneration=true

CATEGORY=Internal|Default.MOD					DEFINE:PoolLevel01AbilityBoost|0
CATEGORY=Internal|Default.MOD					DEFINE:PoolLevel05AbilityBoost|0
CATEGORY=Internal|Default.MOD					DEFINE:PoolLevel10AbilityBoost|0
CATEGORY=Internal|Default.MOD					DEFINE:PoolLevel15AbilityBoost|0
CATEGORY=Internal|Default.MOD					DEFINE:PoolLevel20AbilityBoost|0

CATEGORY=Internal|Default.MOD																																												BONUS:VAR|PoolLevel01AbilityBoost|4|PREPCLEVEL:MIN=1
CATEGORY=Internal|Default.MOD																																												BONUS:VAR|PoolLevel05AbilityBoost|4|PREPCLEVEL:MIN=5
CATEGORY=Internal|Default.MOD																																												BONUS:VAR|PoolLevel10AbilityBoost|4|PREPCLEVEL:MIN=10
CATEGORY=Internal|Default.MOD																																												BONUS:VAR|PoolLevel15AbilityBoost|4|PREPCLEVEL:MIN=15
CATEGORY=Internal|Default.MOD																																												BONUS:VAR|PoolLevel20AbilityBoost|4|PREPCLEVEL:MIN=20

CATEGORY=Internal|Default.MOD					DEFINE:AncestryFeatCount|0																																			BONUS:VAR|AncestryFeatCount|(3+TL)/4
CATEGORY=Internal|Default.MOD					DEFINE:Perception|0	DEFINE:Modifier_Perception|0																															BONUS:VAR|Perception|TL+if(Modifier_Perception==0,-2,0)+if(Modifier_Perception==1,0,0)+if(Modifier_Perception==2,1,0)+if(Modifier_Perception==3,2,0)+if(Modifier_Perception>=4,3,0)

CATEGORY=Internal|Default.MOD																ABILITY:Internal|AUTOMATIC|Save Tracker
CATEGORY=Internal|Default.MOD																ABILITY:Internal|AUTOMATIC|Skill Tracker


CATEGORY=Internal|Default.MOD					DEFINE:ReflexSave_Cap|0																																				BONUS:VAR|ReflexSave_Cap|DEX|!PREABILITY:1,CATEGORY=Trait,Armor Trait ~ Clumsy

CATEGORY=Internal|Default.MOD					DEFINE:CurrentBulk|0	DEFINE:Bulk|0	DEFINE:BulkLight|0
CATEGORY=Internal|Default.MOD																																												BONUS:VAR|CurrentBulk|Bulk+floor(BulkLight/10)

CATEGORY=Internal|Default.MOD																																								BONUS:COMBAT|BASEAB|TL
CATEGORY=Internal|Default.MOD																																		BONUS:ABILITYPOOL|Backgrounds|1

Armor Trait ~ Clumsy		CATEGORY:Trait


###Block:
# Ability Name				Category of Ability	Type		Visible	Description
Standard Ability Generation Rule	CATEGORY:Rule		TYPE:Rule	VISIBLE:NO	DESC:Disables user manipulation of ability scores

###Block: These prevent ability score changes
# Ability Name							Category of Ability	Type			Define											Define Stat			Description								Save bonus									Bonus to skill rank									Modify VAR																																	Cost		FACT
CATEGORY=Rule|Standard Ability Generation Rule.MOD																				DEFINESTAT:LOCK|STR|10
CATEGORY=Rule|Standard Ability Generation Rule.MOD																				DEFINESTAT:LOCK|DEX|10
CATEGORY=Rule|Standard Ability Generation Rule.MOD																				DEFINESTAT:LOCK|CON|10
CATEGORY=Rule|Standard Ability Generation Rule.MOD																				DEFINESTAT:LOCK|INT|10
CATEGORY=Rule|Standard Ability Generation Rule.MOD																				DEFINESTAT:LOCK|WIS|10
CATEGORY=Rule|Standard Ability Generation Rule.MOD																				DEFINESTAT:LOCK|CHA|10


Optional Ability Generation Rule				CATEGORY:Rule		TYPE:Rule.Rules																	DESC:Deactivate the Standard Ability Generation Rules																																																									COST:0	FACT:AltAbilityGeneration|true

# xxxModifier will track ranking
# 0 = untrained
# 1 = trained
# 2 = expert
# 3 = mastery
# 4 = legendary

Trained in Perception						CATEGORY:Proficiency																																																			BONUS:VAR|Modifier_Perception|1|TYPE=Rank
Expert in Perception						CATEGORY:Proficiency																																																			BONUS:VAR|Modifier_Perception|2|TYPE=Rank
Mastery in Perception						CATEGORY:Proficiency																																																			BONUS:VAR|Modifier_Perception|3|TYPE=Rank
Legendary in Perception						CATEGORY:Proficiency																																																			BONUS:VAR|Modifier_Perception|4|TYPE=Rank




Save Tracker							CATEGORY:Internal
CATEGORY=Internal|Save Tracker.MOD											DEFINE:FortitudeProfSave|0	DEFINE:FortitudeModifier|0																BONUS:SAVE|Fortitude|FortitudeProfSave|TYPE=Proficiency
CATEGORY=Internal|Save Tracker.MOD											DEFINE:ReflexProfSave|0	DEFINE:ReflexModifier|0																		BONUS:SAVE|Reflex|ReflexProfSave|TYPE=Proficiency
CATEGORY=Internal|Save Tracker.MOD											DEFINE:WillProfSave|0	DEFINE:WillModifier|0																		BONUS:SAVE|Will|WillProfSave|TYPE=Proficiency
CATEGORY=Internal|Save Tracker.MOD																																																										BONUS:VAR|FortitudeProfSave|TL+if(FortitudeModifier==0,-2,0)+if(FortitudeModifier==1,0,0)+if(FortitudeModifier==2,1,0)+if(FortitudeModifier==3,2,0)+if(FortitudeModifier>=4,3,0)
CATEGORY=Internal|Save Tracker.MOD																																																										BONUS:VAR|ReflexProfSave|TL+if(ReflexModifier==0,-2,0)+if(ReflexModifier==1,0,0)+if(ReflexModifier==2,1,0)+if(ReflexModifier==3,2,0)+if(ReflexModifier>=4,3,0)
CATEGORY=Internal|Save Tracker.MOD																																																										BONUS:VAR|WillProfSave|TL+if(WillModifier==0,-2,0)+if(WillModifier==1,0,0)+if(WillModifier==2,1,0)+if(WillModifier==3,2,0)+if(WillModifier>=4,3,0)


Untrained in Fortitude						CATEGORY:Internal
Untrained in Reflex						CATEGORY:Internal
Untrained in Will							CATEGORY:Internal


Trained in Fortitude						CATEGORY:Proficiency																																																			BONUS:VAR|FortitudeModifier|1|TYPE=Rank
Trained in Reflex							CATEGORY:Proficiency																																																			BONUS:VAR|ReflexModifier|1|TYPE=Rank
Trained in Will							CATEGORY:Proficiency																																																			BONUS:VAR|WillModifier|1|TYPE=Rank

Expert in Fortitude						CATEGORY:Proficiency																																																			BONUS:VAR|FortitudeModifier|2|TYPE=Rank
Expert in Reflex							CATEGORY:Proficiency																																																			BONUS:VAR|ReflexModifier|2|TYPE=Rank
Expert in Will							CATEGORY:Proficiency																																																			BONUS:VAR|WillModifier|2|TYPE=Rank

Mastery in Fortitude						CATEGORY:Proficiency																																																			BONUS:VAR|FortitudeModifier|3|TYPE=Rank
Mastery in Reflex							CATEGORY:Proficiency																																																			BONUS:VAR|ReflexModifier|3|TYPE=Rank
Mastery in Will							CATEGORY:Proficiency																																																			BONUS:VAR|WillModifier|3|TYPE=Rank

Legendary in Fortitude						CATEGORY:Proficiency																																																			BONUS:VAR|FortitudeModifier|4|TYPE=Rank
Legendary in Reflex						CATEGORY:Proficiency																																																			BONUS:VAR|ReflexModifier|4|TYPE=Rank
Legendary in Will							CATEGORY:Proficiency																																																			BONUS:VAR|WillModifier|4|TYPE=Rank

Skill Tracker							CATEGORY:Internal
CATEGORY=Internal|Skill Tracker.MOD											DEFINE:Proficiency_Acrobatics|0	DEFINE:Modifier_Acrobatics|0																									BONUS:SKILLRANK|Acrobatics|Proficiency_Acrobatics|TYPE=Proficiency	BONUS:VAR|Proficiency_Acrobatics|TL+if(Modifier_Acrobatics==0,-2,0)+if(Modifier_Acrobatics==1,0,0)+if(Modifier_Acrobatics==2,1,0)+if(Modifier_Acrobatics==3,2,0)+if(Modifier_Acrobatics>=4,3,0)
CATEGORY=Internal|Skill Tracker.MOD											DEFINE:Proficiency_Arcana|0	DEFINE:Modifier_Arcana|0																										BONUS:SKILLRANK|Arcana|Proficiency_Arcana|TYPE=Proficiency			BONUS:VAR|Proficiency_Arcana|TL+if(Modifier_Arcana==0,-2,0)+if(Modifier_Arcana==1,0,0)+if(Modifier_Arcana==2,1,0)+if(Modifier_Arcana==3,2,0)+if(Modifier_Arcana>=4,3,0)
CATEGORY=Internal|Skill Tracker.MOD											DEFINE:Proficiency_Athletics|0	DEFINE:Modifier_Athletics|0																									BONUS:SKILLRANK|Athletics|Proficiency_Athletics|TYPE=Proficiency		BONUS:VAR|Proficiency_Athletics|TL+if(Modifier_Athletics==0,-2,0)+if(Modifier_Athletics==1,0,0)+if(Modifier_Athletics==2,1,0)+if(Modifier_Athletics==3,2,0)+if(Modifier_Athletics>=4,3,0)
CATEGORY=Internal|Skill Tracker.MOD											DEFINE:Proficiency_Crafting|0	DEFINE:Modifier_Crafting|0																										BONUS:SKILLRANK|Crafting|Proficiency_Crafting|TYPE=Proficiency		BONUS:VAR|Proficiency_Crafting|TL+if(Modifier_Crafting==0,-2,0)+if(Modifier_Crafting==1,0,0)+if(Modifier_Crafting==2,1,0)+if(Modifier_Crafting==3,2,0)+if(Modifier_Crafting>=4,3,0)
CATEGORY=Internal|Skill Tracker.MOD											DEFINE:Proficiency_Deception|0	DEFINE:Modifier_Deception|0																									BONUS:SKILLRANK|Deception|Proficiency_Deception|TYPE=Proficiency		BONUS:VAR|Proficiency_Deception|TL+if(Modifier_Deception==0,-2,0)+if(Modifier_Deception==1,0,0)+if(Modifier_Deception==2,1,0)+if(Modifier_Deception==3,2,0)+if(Modifier_Deception>=4,3,0)
CATEGORY=Internal|Skill Tracker.MOD											DEFINE:Proficiency_Diplomacy|0	DEFINE:Modifier_Diplomacy|0																									BONUS:SKILLRANK|Diplomacy|Proficiency_Diplomacy|TYPE=Proficiency		BONUS:VAR|Proficiency_Diplomacy|TL+if(Modifier_Diplomacy==0,-2,0)+if(Modifier_Diplomacy==1,0,0)+if(Modifier_Diplomacy==2,1,0)+if(Modifier_Diplomacy==3,2,0)+if(Modifier_Diplomacy>=4,3,0)
CATEGORY=Internal|Skill Tracker.MOD											DEFINE:Proficiency_Intimidation|0	DEFINE:Modifier_Intimidation|0																								BONUS:SKILLRANK|Intimidation|Proficiency_Intimidation|TYPE=Proficiency	BONUS:VAR|Proficiency_Intimidation|TL+if(Modifier_Intimidation==0,-2,0)+if(Modifier_Intimidation==1,0,0)+if(Modifier_Intimidation==2,1,0)+if(Modifier_Intimidation==3,2,0)+if(Modifier_Intimidation>=4,3,0)
CATEGORY=Internal|Skill Tracker.MOD											DEFINE:Proficiency_Lore|0	DEFINE:Modifier_Lore|0																											BONUS:SKILLRANK|Lore|Proficiency_Lore|TYPE=Proficiency			BONUS:VAR|Proficiency_Lore|TL+if(Modifier_Lore==0,-2,0)+if(Modifier_Lore==1,0,0)+if(Modifier_Lore==2,1,0)+if(Modifier_Lore==3,2,0)+if(Modifier_Lore>=4,3,0)
CATEGORY=Internal|Skill Tracker.MOD											DEFINE:Proficiency_Medicine|0	DEFINE:Modifier_Medicine|0																										BONUS:SKILLRANK|Medicine|Proficiency_Medicine|TYPE=Proficiency		BONUS:VAR|Proficiency_Medicine|TL+if(Modifier_Medicine==0,-2,0)+if(Modifier_Medicine==1,0,0)+if(Modifier_Medicine==2,1,0)+if(Modifier_Medicine==3,2,0)+if(Modifier_Medicine>=4,3,0)
CATEGORY=Internal|Skill Tracker.MOD											DEFINE:Proficiency_Nature|0	DEFINE:Modifier_Nature|0																										BONUS:SKILLRANK|Nature|Proficiency_Nature|TYPE=Proficiency			BONUS:VAR|Proficiency_Nature|TL+if(Modifier_Nature==0,-2,0)+if(Modifier_Nature==1,0,0)+if(Modifier_Nature==2,1,0)+if(Modifier_Nature==3,2,0)+if(Modifier_Nature>=4,3,0)
CATEGORY=Internal|Skill Tracker.MOD											DEFINE:Proficiency_Occultism|0	DEFINE:Modifier_Occultism|0																									BONUS:SKILLRANK|Occultism|Proficiency_Occultism|TYPE=Proficiency		BONUS:VAR|Proficiency_Occultism|TL+if(Modifier_Occultism==0,-2,0)+if(Modifier_Occultism==1,0,0)+if(Modifier_Occultism==2,1,0)+if(Modifier_Occultism==3,2,0)+if(Modifier_Occultism>=4,3,0)
CATEGORY=Internal|Skill Tracker.MOD											DEFINE:Proficiency_Performance|0	DEFINE:Modifier_Performance|0																									BONUS:SKILLRANK|Performance|Proficiency_Performance|TYPE=Proficiency	BONUS:VAR|Proficiency_Performance|TL+if(Modifier_Performance==0,-2,0)+if(Modifier_Performance==1,0,0)+if(Modifier_Performance==2,1,0)+if(Modifier_Performance==3,2,0)+if(Modifier_Performance>=4,3,0)
CATEGORY=Internal|Skill Tracker.MOD											DEFINE:Proficiency_Religion|0	DEFINE:Modifier_Religion|0																										BONUS:SKILLRANK|Religion|Proficiency_Religion|TYPE=Proficiency		BONUS:VAR|Proficiency_Religion|TL+if(Modifier_Religion==0,-2,0)+if(Modifier_Religion==1,0,0)+if(Modifier_Religion==2,1,0)+if(Modifier_Religion==3,2,0)+if(Modifier_Religion>=4,3,0)
CATEGORY=Internal|Skill Tracker.MOD											DEFINE:Proficiency_Society|0	DEFINE:Modifier_Society|0																										BONUS:SKILLRANK|Society|Proficiency_Society|TYPE=Proficiency		BONUS:VAR|Proficiency_Society|TL+if(Modifier_Society==0,-2,0)+if(Modifier_Society==1,0,0)+if(Modifier_Society==2,1,0)+if(Modifier_Society==3,2,0)+if(Modifier_Society>=4,3,0)
CATEGORY=Internal|Skill Tracker.MOD											DEFINE:Proficiency_Stealth|0	DEFINE:Modifier_Stealth|0																										BONUS:SKILLRANK|Stealth|Proficiency_Stealth|TYPE=Proficiency		BONUS:VAR|Proficiency_Stealth|TL+if(Modifier_Stealth==0,-2,0)+if(Modifier_Stealth==1,0,0)+if(Modifier_Stealth==2,1,0)+if(Modifier_Stealth==3,2,0)+if(Modifier_Stealth>=4,3,0)
CATEGORY=Internal|Skill Tracker.MOD											DEFINE:Proficiency_Survival|0	DEFINE:Modifier_Survival|0																										BONUS:SKILLRANK|Survival|Proficiency_Survival|TYPE=Proficiency		BONUS:VAR|Proficiency_Survival|TL+if(Modifier_Survival==0,-2,0)+if(Modifier_Survival==1,0,0)+if(Modifier_Survival==2,1,0)+if(Modifier_Survival==3,2,0)+if(Modifier_Survival>=4,3,0)
CATEGORY=Internal|Skill Tracker.MOD											DEFINE:Proficiency_Thievery|0	DEFINE:Modifier_Thievery|0																										BONUS:SKILLRANK|Thievery|Proficiency_Thievery|TYPE=Proficiency		BONUS:VAR|Proficiency_Thievery|TL+if(Modifier_Thievery==0,-2,0)+if(Modifier_Thievery==1,0,0)+if(Modifier_Thievery==2,1,0)+if(Modifier_Thievery==3,2,0)+if(Modifier_Thievery>=4,3,0)

CATEGORY=Internal|Default.MOD	DEFINE:SignatureSkill_Acrobatics|0		
CATEGORY=Internal|Default.MOD	DEFINE:SignatureSkill_Arcana|0		
CATEGORY=Internal|Default.MOD	DEFINE:SignatureSkill_Athletics|0		
CATEGORY=Internal|Default.MOD	DEFINE:SignatureSkill_Crafting|0		
CATEGORY=Internal|Default.MOD	DEFINE:SignatureSkill_Deception|0		
CATEGORY=Internal|Default.MOD	DEFINE:SignatureSkill_Diplomacy|0		
CATEGORY=Internal|Default.MOD	DEFINE:SignatureSkill_Intimidation|0	
CATEGORY=Internal|Default.MOD	DEFINE:SignatureSkill_Lore|0			
CATEGORY=Internal|Default.MOD	DEFINE:SignatureSkill_Medicine|0		
CATEGORY=Internal|Default.MOD	DEFINE:SignatureSkill_Nature|0		
CATEGORY=Internal|Default.MOD	DEFINE:SignatureSkill_Occultism|0		
CATEGORY=Internal|Default.MOD	DEFINE:SignatureSkill_Performance|0		
CATEGORY=Internal|Default.MOD	DEFINE:SignatureSkill_Religion|0		
CATEGORY=Internal|Default.MOD	DEFINE:SignatureSkill_Society|0		
CATEGORY=Internal|Default.MOD	DEFINE:SignatureSkill_Stealth|0		
CATEGORY=Internal|Default.MOD	DEFINE:SignatureSkill_Survival|0		
CATEGORY=Internal|Default.MOD	DEFINE:SignatureSkill_Thievery|0		

Signature Skill ~ Acrobatics				CATEGORY:Proficiency	TYPE:Signature Skill.Signature Skill Acrobatics						BONUS:VAR|SignatureSkill_Acrobatics|1|TYPE=Base
Signature Skill ~ Arcana				CATEGORY:Proficiency	TYPE:Signature Skill.Signature Skill Arcana						BONUS:VAR|SignatureSkill_Arcana|1|TYPE=Base
Signature Skill ~ Athletics				CATEGORY:Proficiency	TYPE:Signature Skill.Signature Skill Athletics						BONUS:VAR|SignatureSkill_Athletics|1|TYPE=Base
Signature Skill ~ Crafting				CATEGORY:Proficiency	TYPE:Signature Skill.Signature Skill Crafting						BONUS:VAR|SignatureSkill_Crafting|1|TYPE=Base
Signature Skill ~ Deception				CATEGORY:Proficiency	TYPE:Signature Skill.Signature Skill Deception						BONUS:VAR|SignatureSkill_Deception|1|TYPE=Base
Signature Skill ~ Diplomacy				CATEGORY:Proficiency	TYPE:Signature Skill.Signature Skill Diplomacy						BONUS:VAR|SignatureSkill_Diplomacy|1|TYPE=Base
Signature Skill ~ Intimidation			CATEGORY:Proficiency	TYPE:Signature Skill.Signature Skill Intimidation					BONUS:VAR|SignatureSkill_Intimidation|1|TYPE=Base
Signature Skill ~ Lore					CATEGORY:Proficiency	TYPE:Signature Skill.Signature Skill Lore							BONUS:VAR|SignatureSkill_Lore|1|TYPE=Base
Signature Skill ~ Medicine				CATEGORY:Proficiency	TYPE:Signature Skill.Signature Skill Medicine						BONUS:VAR|SignatureSkill_Medicine|1|TYPE=Base
Signature Skill ~ Nature				CATEGORY:Proficiency	TYPE:Signature Skill.Signature Skill Nature						BONUS:VAR|SignatureSkill_Nature|1|TYPE=Base
Signature Skill ~ Occultism				CATEGORY:Proficiency	TYPE:Signature Skill.Signature Skill Occultism						BONUS:VAR|SignatureSkill_Occultism|1|TYPE=Base
Signature Skill ~ Performance				CATEGORY:Proficiency	TYPE:Signature Skill.Signature Skill Performance					BONUS:VAR|SignatureSkill_Performance|1|TYPE=Base
Signature Skill ~ Religion				CATEGORY:Proficiency	TYPE:Signature Skill.Signature Skill Religion						BONUS:VAR|SignatureSkill_Religion|1|TYPE=Base
Signature Skill ~ Society				CATEGORY:Proficiency	TYPE:Signature Skill.Signature Skill Society						BONUS:VAR|SignatureSkill_Society|1|TYPE=Base
Signature Skill ~ Stealth				CATEGORY:Proficiency	TYPE:Signature Skill.Signature Skill Stealth						BONUS:VAR|SignatureSkill_Stealth|1|TYPE=Base
Signature Skill ~ Survival				CATEGORY:Proficiency	TYPE:Signature Skill.Signature Skill Survival						BONUS:VAR|SignatureSkill_Survival|1|TYPE=Base
Signature Skill ~ Thievery				CATEGORY:Proficiency	TYPE:Signature Skill.Signature Skill Thievery						BONUS:VAR|SignatureSkill_Thievery|1|TYPE=Base


###Block:


# Ability Name					Category of Ability	Type																		Auto Weapon Prof			Ability																							Modify VAR
Untrained in Acrobatics				CATEGORY:Proficiency
Untrained in Arcana				CATEGORY:Proficiency
Untrained in Athletics				CATEGORY:Proficiency
Untrained in Crafting				CATEGORY:Proficiency
Untrained in Deception				CATEGORY:Proficiency
Untrained in Diplomacy				CATEGORY:Proficiency
Untrained in Intimidation			CATEGORY:Proficiency
Untrained in Lore					CATEGORY:Proficiency
Untrained in Medicine				CATEGORY:Proficiency
Untrained in Nature				CATEGORY:Proficiency
Untrained in Occultism				CATEGORY:Proficiency
Untrained in Performance			CATEGORY:Proficiency
Untrained in Religion				CATEGORY:Proficiency
Untrained in Society				CATEGORY:Proficiency
Untrained in Stealth				CATEGORY:Proficiency
Untrained in Survival				CATEGORY:Proficiency
Untrained in Thievery				CATEGORY:Proficiency

Trained in Acrobatics				CATEGORY:Proficiency	TYPE:Trained Skill Proficiency.Skill Proficiency.Skill Proficiency Acrobatics.Trained in Acrobatics																															BONUS:VAR|Modifier_Acrobatics|1|TYPE=Rank
Trained in Arcana					CATEGORY:Proficiency	TYPE:Trained Skill Proficiency.Skill Proficiency.Skill Proficiency Arcana.Trained in Arcana																																BONUS:VAR|Modifier_Arcana|1|TYPE=Rank
Trained in Athletics				CATEGORY:Proficiency	TYPE:Trained Skill Proficiency.Skill Proficiency.Skill Proficiency Athletics.Trained in Athletics																															BONUS:VAR|Modifier_Athletics|1|TYPE=Rank
Trained in Crafting				CATEGORY:Proficiency	TYPE:Trained Skill Proficiency.Skill Proficiency.Skill Proficiency Crafting.Trained in Crafting																																BONUS:VAR|Modifier_Crafting|1|TYPE=Rank
Trained in Deception				CATEGORY:Proficiency	TYPE:Trained Skill Proficiency.Skill Proficiency.Skill Proficiency Deception.Trained in Deception																															BONUS:VAR|Modifier_Deception|1|TYPE=Rank
Trained in Diplomacy				CATEGORY:Proficiency	TYPE:Trained Skill Proficiency.Skill Proficiency.Skill Proficiency Diplomacy.Trained in Diplomacy																															BONUS:VAR|Modifier_Diplomacy|1|TYPE=Rank
Trained in Intimidation				CATEGORY:Proficiency	TYPE:Trained Skill Proficiency.Skill Proficiency.Skill Proficiency Intimidation.Trained in Intimidation																														BONUS:VAR|Modifier_Intimidation|1|TYPE=Rank
Trained in Lore					CATEGORY:Proficiency	TYPE:Trained Skill Proficiency.Skill Proficiency.Skill Proficiency Lore.Trained in Lore																																	BONUS:VAR|Modifier_Lore|1|TYPE=Rank
Trained in Medicine				CATEGORY:Proficiency	TYPE:Trained Skill Proficiency.Skill Proficiency.Skill Proficiency Medicine.Trained in Medicine																																BONUS:VAR|Modifier_Medicine|1|TYPE=Rank
Trained in Nature					CATEGORY:Proficiency	TYPE:Trained Skill Proficiency.Skill Proficiency.Skill Proficiency Nature.Trained in Nature																																BONUS:VAR|Modifier_Nature|1|TYPE=Rank
Trained in Occultism				CATEGORY:Proficiency	TYPE:Trained Skill Proficiency.Skill Proficiency.Skill Proficiency Occultism.Trained in Occultism																															BONUS:VAR|Modifier_Occultism|1|TYPE=Rank
Trained in Performance				CATEGORY:Proficiency	TYPE:Trained Skill Proficiency.Skill Proficiency.Skill Proficiency Performance.Trained in Performance																															BONUS:VAR|Modifier_Performance|1|TYPE=Rank
Trained in Religion				CATEGORY:Proficiency	TYPE:Trained Skill Proficiency.Skill Proficiency.Skill Proficiency Religion.Trained in Religion																																BONUS:VAR|Modifier_Religion|1|TYPE=Rank
Trained in Society				CATEGORY:Proficiency	TYPE:Trained Skill Proficiency.Skill Proficiency.Skill Proficiency Society.Trained in Society																																BONUS:VAR|Modifier_Society|1|TYPE=Rank
Trained in Stealth				CATEGORY:Proficiency	TYPE:Trained Skill Proficiency.Skill Proficiency.Skill Proficiency Stealth.Trained in Stealth																																BONUS:VAR|Modifier_Stealth|1|TYPE=Rank
Trained in Survival				CATEGORY:Proficiency	TYPE:Trained Skill Proficiency.Skill Proficiency.Skill Proficiency Survival.Trained in Survival																																BONUS:VAR|Modifier_Survival|1|TYPE=Rank
Trained in Thievery				CATEGORY:Proficiency	TYPE:Trained Skill Proficiency.Skill Proficiency.Skill Proficiency Thievery.Trained in Thievery																																BONUS:VAR|Modifier_Thievery|1|TYPE=Rank


Expert in Acrobatics				CATEGORY:Proficiency	TYPE:Skill Proficiency.Skill Proficiency Acrobatics.Expert in Acrobatics		PREVARGTEQ:Modifier_Acrobatics,1																																	BONUS:VAR|Modifier_Acrobatics|2|TYPE=Rank
Expert in Arcana					CATEGORY:Proficiency	TYPE:Skill Proficiency.Skill Proficiency Arcana.Expert in Arcana				PREVARGTEQ:Modifier_Arcana,1																																	BONUS:VAR|Modifier_Arcana|2|TYPE=Rank
Expert in Athletics				CATEGORY:Proficiency	TYPE:Skill Proficiency.Skill Proficiency Athletics.Expert in Athletics			PREVARGTEQ:Modifier_Athletics,1																																	BONUS:VAR|Modifier_Athletics|2|TYPE=Rank
Expert in Crafting				CATEGORY:Proficiency	TYPE:Skill Proficiency.Skill Proficiency Crafting.Expert in Crafting			PREVARGTEQ:Modifier_Crafting,1																																	BONUS:VAR|Modifier_Crafting|2|TYPE=Rank
Expert in Deception				CATEGORY:Proficiency	TYPE:Skill Proficiency.Skill Proficiency Deception.Expert in Deception			PREVARGTEQ:Modifier_Deception,1																																	BONUS:VAR|Modifier_Deception|2|TYPE=Rank
Expert in Diplomacy				CATEGORY:Proficiency	TYPE:Skill Proficiency.Skill Proficiency Diplomacy.Expert in Diplomacy			PREVARGTEQ:Modifier_Diplomacy,1																																	BONUS:VAR|Modifier_Diplomacy|2|TYPE=Rank
Expert in Intimidation				CATEGORY:Proficiency	TYPE:Skill Proficiency.Skill Proficiency Intimidation.Expert in Intimidation		PREVARGTEQ:Modifier_Intimidation,1																																	BONUS:VAR|Modifier_Intimidation|2|TYPE=Rank
Expert in Lore					CATEGORY:Proficiency	TYPE:Skill Proficiency.Skill Proficiency Lore.Expert in Lore				PREVARGTEQ:Modifier_Lore,1																																	BONUS:VAR|Modifier_Lore|2|TYPE=Rank
Expert in Medicine				CATEGORY:Proficiency	TYPE:Skill Proficiency.Skill Proficiency Medicine.Expert in Medicine			PREVARGTEQ:Modifier_Medicine,1																																	BONUS:VAR|Modifier_Medicine|2|TYPE=Rank
Expert in Nature					CATEGORY:Proficiency	TYPE:Skill Proficiency.Skill Proficiency Nature.Expert in Nature				PREVARGTEQ:Modifier_Nature,1																																	BONUS:VAR|Modifier_Nature|2|TYPE=Rank
Expert in Occultism				CATEGORY:Proficiency	TYPE:Skill Proficiency.Skill Proficiency Occultism.Expert in Occultism			PREVARGTEQ:Modifier_Occultism,1																																	BONUS:VAR|Modifier_Occultism|2|TYPE=Rank
Expert in Performance				CATEGORY:Proficiency	TYPE:Skill Proficiency.Skill Proficiency Performance.Expert in Performance		PREVARGTEQ:Modifier_Performance,1																																	BONUS:VAR|Modifier_Performance|2|TYPE=Rank
Expert in Religion				CATEGORY:Proficiency	TYPE:Skill Proficiency.Skill Proficiency Religion.Expert in Religion			PREVARGTEQ:Modifier_Religion,1																																	BONUS:VAR|Modifier_Religion|2|TYPE=Rank
Expert in Society					CATEGORY:Proficiency	TYPE:Skill Proficiency.Skill Proficiency Society.Expert in Society			PREVARGTEQ:Modifier_Society,1																																	BONUS:VAR|Modifier_Society|2|TYPE=Rank
Expert in Stealth					CATEGORY:Proficiency	TYPE:Skill Proficiency.Skill Proficiency Stealth.Expert in Stealth			PREVARGTEQ:Modifier_Stealth,1																																	BONUS:VAR|Modifier_Stealth|2|TYPE=Rank
Expert in Survival				CATEGORY:Proficiency	TYPE:Skill Proficiency.Skill Proficiency Survival.Expert in Survival			PREVARGTEQ:Modifier_Survival,1																																	BONUS:VAR|Modifier_Survival|2|TYPE=Rank
Expert in Thievery				CATEGORY:Proficiency	TYPE:Skill Proficiency.Skill Proficiency Thievery.Expert in Thievery			PREVARGTEQ:Modifier_Thievery,1																																	BONUS:VAR|Modifier_Thievery|2|TYPE=Rank


Mastery in Acrobatics				CATEGORY:Proficiency	TYPE:Skill Proficiency.Skill Proficiency Acrobatics.Mastery in Acrobatics		PREVARGTEQ:Modifier_Acrobatics,2		PREVARGTEQ:SignatureSkill_Acrobatics,1		PREPCLEVEL:MIN=7																																BONUS:VAR|Modifier_Acrobatics|3|TYPE=Rank
Mastery in Arcana					CATEGORY:Proficiency	TYPE:Skill Proficiency.Skill Proficiency Arcana.Mastery in Arcana				PREVARGTEQ:Modifier_Arcana,2			PREVARGTEQ:SignatureSkill_Arcana,1			PREPCLEVEL:MIN=7																															BONUS:VAR|Modifier_Arcana|3|TYPE=Rank
Mastery in Athletics				CATEGORY:Proficiency	TYPE:Skill Proficiency.Skill Proficiency Athletics.Mastery in Athletics			PREVARGTEQ:Modifier_Athletics,2		PREVARGTEQ:SignatureSkill_Athletics,1		PREPCLEVEL:MIN=7																																BONUS:VAR|Modifier_Athletics|3|TYPE=Rank
Mastery in Crafting				CATEGORY:Proficiency	TYPE:Skill Proficiency.Skill Proficiency Crafting.Mastery in Crafting			PREVARGTEQ:Modifier_Crafting,2		PREVARGTEQ:SignatureSkill_Crafting,1		PREPCLEVEL:MIN=7																																BONUS:VAR|Modifier_Crafting|3|TYPE=Rank
Mastery in Deception				CATEGORY:Proficiency	TYPE:Skill Proficiency.Skill Proficiency Deception.Mastery in Deception			PREVARGTEQ:Modifier_Deception,2		PREVARGTEQ:SignatureSkill_Deception,1		PREPCLEVEL:MIN=7																																BONUS:VAR|Modifier_Deception|3|TYPE=Rank
Mastery in Diplomacy				CATEGORY:Proficiency	TYPE:Skill Proficiency.Skill Proficiency Diplomacy.Mastery in Diplomacy			PREVARGTEQ:Modifier_Diplomacy,2		PREVARGTEQ:SignatureSkill_Diplomacy,1		PREPCLEVEL:MIN=7																																BONUS:VAR|Modifier_Diplomacy|3|TYPE=Rank
Mastery in Intimidation				CATEGORY:Proficiency	TYPE:Skill Proficiency.Skill Proficiency Intimidation.Mastery in Intimidation		PREVARGTEQ:Modifier_Intimidation,2		PREVARGTEQ:SignatureSkill_Intimidation,1		PREPCLEVEL:MIN=7																															BONUS:VAR|Modifier_Intimidation|3|TYPE=Rank
Mastery in Lore					CATEGORY:Proficiency	TYPE:Skill Proficiency.Skill Proficiency Lore.Mastery in Lore				PREVARGTEQ:Modifier_Lore,2			PREVARGTEQ:SignatureSkill_Lore,1			PREPCLEVEL:MIN=7																																BONUS:VAR|Modifier_Lore|3|TYPE=Rank
Mastery in Medicine				CATEGORY:Proficiency	TYPE:Skill Proficiency.Skill Proficiency Medicine.Mastery in Medicine			PREVARGTEQ:Modifier_Medicine,2		PREVARGTEQ:SignatureSkill_Medicine,1		PREPCLEVEL:MIN=7																																BONUS:VAR|Modifier_Medicine|3|TYPE=Rank
Mastery in Nature					CATEGORY:Proficiency	TYPE:Skill Proficiency.Skill Proficiency Nature.Mastery in Nature				PREVARGTEQ:Modifier_Nature,2			PREVARGTEQ:SignatureSkill_Nature,1			PREPCLEVEL:MIN=7																															BONUS:VAR|Modifier_Nature|3|TYPE=Rank
Mastery in Occultism				CATEGORY:Proficiency	TYPE:Skill Proficiency.Skill Proficiency Occultism.Mastery in Occultism			PREVARGTEQ:Modifier_Occultism,2		PREVARGTEQ:SignatureSkill_Occultism,1		PREPCLEVEL:MIN=7																																BONUS:VAR|Modifier_Occultism|3|TYPE=Rank
Mastery in Performance				CATEGORY:Proficiency	TYPE:Skill Proficiency.Skill Proficiency Performance.Mastery in Performance		PREVARGTEQ:Modifier_Performance,2		PREVARGTEQ:SignatureSkill_Performance,1		PREPCLEVEL:MIN=7																																BONUS:VAR|Modifier_Performance|3|TYPE=Rank
Mastery in Religion				CATEGORY:Proficiency	TYPE:Skill Proficiency.Skill Proficiency Religion.Mastery in Religion			PREVARGTEQ:Modifier_Religion,2		PREVARGTEQ:SignatureSkill_Religion,1		PREPCLEVEL:MIN=7																																BONUS:VAR|Modifier_Religion|3|TYPE=Rank
Mastery in Society				CATEGORY:Proficiency	TYPE:Skill Proficiency.Skill Proficiency Society.Mastery in Society			PREVARGTEQ:Modifier_Society,2			PREVARGTEQ:SignatureSkill_Society,1			PREPCLEVEL:MIN=7																															BONUS:VAR|Modifier_Society|3|TYPE=Rank
Mastery in Stealth				CATEGORY:Proficiency	TYPE:Skill Proficiency.Skill Proficiency Stealth.Mastery in Stealth			PREVARGTEQ:Modifier_Stealth,2			PREVARGTEQ:SignatureSkill_Stealth,1			PREPCLEVEL:MIN=7																															BONUS:VAR|Modifier_Stealth|3|TYPE=Rank
Mastery in Survival				CATEGORY:Proficiency	TYPE:Skill Proficiency.Skill Proficiency Survival.Mastery in Survival			PREVARGTEQ:Modifier_Survival,2		PREVARGTEQ:SignatureSkill_Survival,1		PREPCLEVEL:MIN=7																																BONUS:VAR|Modifier_Survival|3|TYPE=Rank
Mastery in Thievery				CATEGORY:Proficiency	TYPE:Skill Proficiency.Skill Proficiency Thievery.Mastery in Thievery			PREVARGTEQ:Modifier_Thievery,2		PREVARGTEQ:SignatureSkill_Thievery,1		PREPCLEVEL:MIN=7																																BONUS:VAR|Modifier_Thievery|3|TYPE=Rank


Legendary in Acrobatics				CATEGORY:Proficiency	TYPE:Skill Proficiency.Skill Proficiency Acrobatics.Legendary in Acrobatics		PREVARGTEQ:Modifier_Acrobatics,3		PREVARGTEQ:SignatureSkill_Acrobatics,1		PREPCLEVEL:MIN=15																																BONUS:VAR|Modifier_Acrobatics|4|TYPE=Rank
Legendary in Arcana				CATEGORY:Proficiency	TYPE:Skill Proficiency.Skill Proficiency Arcana.Legendary in Arcana			PREVARGTEQ:Modifier_Arcana,3			PREVARGTEQ:SignatureSkill_Arcana,1			PREPCLEVEL:MIN=15																																BONUS:VAR|Modifier_Arcana|4|TYPE=Rank
Legendary in Athletics				CATEGORY:Proficiency	TYPE:Skill Proficiency.Skill Proficiency Athletics.Legendary in Athletics		PREVARGTEQ:Modifier_Athletics,3		PREVARGTEQ:SignatureSkill_Athletics,1		PREPCLEVEL:MIN=15																																BONUS:VAR|Modifier_Athletics|4|TYPE=Rank
Legendary in Crafting				CATEGORY:Proficiency	TYPE:Skill Proficiency.Skill Proficiency Crafting.Legendary in Crafting			PREVARGTEQ:Modifier_Crafting,3		PREVARGTEQ:SignatureSkill_Crafting,1		PREPCLEVEL:MIN=15																																BONUS:VAR|Modifier_Crafting|4|TYPE=Rank
Legendary in Deception				CATEGORY:Proficiency	TYPE:Skill Proficiency.Skill Proficiency Deception.Legendary in Deception		PREVARGTEQ:Modifier_Deception,3		PREVARGTEQ:SignatureSkill_Deception,1		PREPCLEVEL:MIN=15																																BONUS:VAR|Modifier_Deception|4|TYPE=Rank
Legendary in Diplomacy				CATEGORY:Proficiency	TYPE:Skill Proficiency.Skill Proficiency Diplomacy.Legendary in Diplomacy		PREVARGTEQ:Modifier_Diplomacy,3		PREVARGTEQ:SignatureSkill_Diplomacy,1		PREPCLEVEL:MIN=15																																BONUS:VAR|Modifier_Diplomacy|4|TYPE=Rank
Legendary in Intimidation			CATEGORY:Proficiency	TYPE:Skill Proficiency.Skill Proficiency Intimidation.Legendary in Intimidation	PREVARGTEQ:Modifier_Intimidation,3		PREVARGTEQ:SignatureSkill_Intimidation,1		PREPCLEVEL:MIN=15																																BONUS:VAR|Modifier_Intimidation|4|TYPE=Rank
Legendary in Lore					CATEGORY:Proficiency	TYPE:Skill Proficiency.Skill Proficiency Lore.Legendary in Lore				PREVARGTEQ:Modifier_Lore,3			PREVARGTEQ:SignatureSkill_Lore,1			PREPCLEVEL:MIN=15																																BONUS:VAR|Modifier_Lore|4|TYPE=Rank
Legendary in Medicine				CATEGORY:Proficiency	TYPE:Skill Proficiency.Skill Proficiency Medicine.Legendary in Medicine			PREVARGTEQ:Modifier_Medicine,3		PREVARGTEQ:SignatureSkill_Medicine,1		PREPCLEVEL:MIN=15																																BONUS:VAR|Modifier_Medicine|4|TYPE=Rank
Legendary in Nature				CATEGORY:Proficiency	TYPE:Skill Proficiency.Skill Proficiency Nature.Legendary in Nature			PREVARGTEQ:Modifier_Nature,3			PREVARGTEQ:SignatureSkill_Nature,1			PREPCLEVEL:MIN=15																																BONUS:VAR|Modifier_Nature|4|TYPE=Rank
Legendary in Occultism				CATEGORY:Proficiency	TYPE:Skill Proficiency.Skill Proficiency Occultism.Legendary in Occultism		PREVARGTEQ:Modifier_Occultism,3		PREVARGTEQ:SignatureSkill_Occultism,1		PREPCLEVEL:MIN=15																																BONUS:VAR|Modifier_Occultism|4|TYPE=Rank
Legendary in Performance			CATEGORY:Proficiency	TYPE:Skill Proficiency.Skill Proficiency Performance.Legendary in Performance		PREVARGTEQ:Modifier_Performance,3		PREVARGTEQ:SignatureSkill_Performance,1		PREPCLEVEL:MIN=15																																BONUS:VAR|Modifier_Performance|4|TYPE=Rank
Legendary in Religion				CATEGORY:Proficiency	TYPE:Skill Proficiency.Skill Proficiency Religion.Legendary in Religion			PREVARGTEQ:Modifier_Religion,3		PREVARGTEQ:SignatureSkill_Religion,1		PREPCLEVEL:MIN=15																																BONUS:VAR|Modifier_Religion|4|TYPE=Rank
Legendary in Society				CATEGORY:Proficiency	TYPE:Skill Proficiency.Skill Proficiency Society.Legendary in Society			PREVARGTEQ:Modifier_Society,3			PREVARGTEQ:SignatureSkill_Society,1			PREPCLEVEL:MIN=15																																BONUS:VAR|Modifier_Society|4|TYPE=Rank
Legendary in Stealth				CATEGORY:Proficiency	TYPE:Skill Proficiency.Skill Proficiency Stealth.Legendary in Stealth			PREVARGTEQ:Modifier_Stealth,3			PREVARGTEQ:SignatureSkill_Stealth,1			PREPCLEVEL:MIN=15																																BONUS:VAR|Modifier_Stealth|4|TYPE=Rank
Legendary in Survival				CATEGORY:Proficiency	TYPE:Skill Proficiency.Skill Proficiency Survival.Legendary in Survival			PREVARGTEQ:Modifier_Survival,3		PREVARGTEQ:SignatureSkill_Survival,1		PREPCLEVEL:MIN=15																																BONUS:VAR|Modifier_Survival|4|TYPE=Rank
Legendary in Thievery				CATEGORY:Proficiency	TYPE:Skill Proficiency.Skill Proficiency Thievery.Legendary in Thievery			PREVARGTEQ:Modifier_Thievery,3		PREVARGTEQ:SignatureSkill_Thievery,1		PREPCLEVEL:MIN=15																																BONUS:VAR|Modifier_Thievery|4|TYPE=Rank





###Block:
Trained in Alchemical Bombs			CATEGORY:Proficiency

Trained in Light Armor				CATEGORY:Proficiency
Trained in Medium Armor				CATEGORY:Proficiency
Trained in Heavy Armor				CATEGORY:Proficiency
Trained in Shields				CATEGORY:Proficiency


Trained in Simple Weapons			CATEGORY:Proficiency																			AUTO:WEAPONPROF|TYPE=Simple
Trained in Martial Weapons			CATEGORY:Proficiency																			AUTO:WEAPONPROF|TYPE=Martial


Expert Weapon Group Selection ~ Axe		CATEGORY:Proficiency	TYPE:Expert Weapon Group Selection																																										BONUS:VAR|WeaponGroupRank_Axe|2|TYPE=Rank
Expert Weapon Group Selection ~ Bow		CATEGORY:Proficiency	TYPE:Expert Weapon Group Selection																																										BONUS:VAR|WeaponGroupRank_Bow|2|TYPE=Rank
Expert Weapon Group Selection ~ Brawling	CATEGORY:Proficiency	TYPE:Expert Weapon Group Selection																																										BONUS:VAR|WeaponGroupRank_Brawling|2|TYPE=Rank
Expert Weapon Group Selection ~ Club	CATEGORY:Proficiency	TYPE:Expert Weapon Group Selection																																										BONUS:VAR|WeaponGroupRank_Club|2|TYPE=Rank
Expert Weapon Group Selection ~ Dart	CATEGORY:Proficiency	TYPE:Expert Weapon Group Selection																																										BONUS:VAR|WeaponGroupRank_Dart|2|TYPE=Rank
Expert Weapon Group Selection ~ Flail	CATEGORY:Proficiency	TYPE:Expert Weapon Group Selection																																										BONUS:VAR|WeaponGroupRank_Flail|2|TYPE=Rank
Expert Weapon Group Selection ~ Hammer	CATEGORY:Proficiency	TYPE:Expert Weapon Group Selection																																										BONUS:VAR|WeaponGroupRank_Hammer|2|TYPE=Rank
Expert Weapon Group Selection ~ Knife	CATEGORY:Proficiency	TYPE:Expert Weapon Group Selection																																										BONUS:VAR|WeaponGroupRank_Knife|2|TYPE=Rank
Expert Weapon Group Selection ~ Pick	CATEGORY:Proficiency	TYPE:Expert Weapon Group Selection																																										BONUS:VAR|WeaponGroupRank_Pick|2|TYPE=Rank
Expert Weapon Group Selection ~ Polearm	CATEGORY:Proficiency	TYPE:Expert Weapon Group Selection																																										BONUS:VAR|WeaponGroupRank_Polearm|2|TYPE=Rank
Expert Weapon Group Selection ~ Shield	CATEGORY:Proficiency	TYPE:Expert Weapon Group Selection																																										BONUS:VAR|WeaponGroupRank_Shield|2|TYPE=Rank
Expert Weapon Group Selection ~ Sling	CATEGORY:Proficiency	TYPE:Expert Weapon Group Selection																																										BONUS:VAR|WeaponGroupRank_Sling|2|TYPE=Rank
Expert Weapon Group Selection ~ Spear	CATEGORY:Proficiency	TYPE:Expert Weapon Group Selection																																										BONUS:VAR|WeaponGroupRank_Spear|2|TYPE=Rank
Expert Weapon Group Selection ~ Sword	CATEGORY:Proficiency	TYPE:Expert Weapon Group Selection																																										BONUS:VAR|WeaponGroupRank_Sword|2|TYPE=Rank


# Paladin Weapon Group Selection
Paladin Weapon Group Selection ~ Axe	CATEGORY:Proficiency	TYPE:Paladin Weapon Group Selection																		ABILITY:Proficiency|AUTOMATIC|Grant Expert to all Weapon Groups|PREABILITY:1,CATEGORY=Class Feature,Paladin Class Feature ~ Weapon Mastery	BONUS:VAR|WeaponGroupRank_Axe|2|TYPE=Rank	BONUS:VAR|WeaponGroupRank_Axe|3|TYPE=Rank|PREABILITY:1,CATEGORY=Class Feature,Paladin Class Feature ~ Weapon Mastery
Paladin Weapon Group Selection ~ Bow	CATEGORY:Proficiency	TYPE:Paladin Weapon Group Selection																		ABILITY:Proficiency|AUTOMATIC|Grant Expert to all Weapon Groups|PREABILITY:1,CATEGORY=Class Feature,Paladin Class Feature ~ Weapon Mastery	BONUS:VAR|WeaponGroupRank_Bow|2|TYPE=Rank	BONUS:VAR|WeaponGroupRank_Bow|3|TYPE=Rank|PREABILITY:1,CATEGORY=Class Feature,Paladin Class Feature ~ Weapon Mastery
Paladin Weapon Group Selection ~ Brawling	CATEGORY:Proficiency	TYPE:Paladin Weapon Group Selection																		ABILITY:Proficiency|AUTOMATIC|Grant Expert to all Weapon Groups|PREABILITY:1,CATEGORY=Class Feature,Paladin Class Feature ~ Weapon Mastery	BONUS:VAR|WeaponGroupRank_Brawling|2|TYPE=Rank	BONUS:VAR|WeaponGroupRank_Brawling|3|TYPE=Rank|PREABILITY:1,CATEGORY=Class Feature,Paladin Class Feature ~ Weapon Mastery
Paladin Weapon Group Selection ~ Club	CATEGORY:Proficiency	TYPE:Paladin Weapon Group Selection																		ABILITY:Proficiency|AUTOMATIC|Grant Expert to all Weapon Groups|PREABILITY:1,CATEGORY=Class Feature,Paladin Class Feature ~ Weapon Mastery	BONUS:VAR|WeaponGroupRank_Club|2|TYPE=Rank	BONUS:VAR|WeaponGroupRank_Club|3|TYPE=Rank|PREABILITY:1,CATEGORY=Class Feature,Paladin Class Feature ~ Weapon Mastery
Paladin Weapon Group Selection ~ Dart	CATEGORY:Proficiency	TYPE:Paladin Weapon Group Selection																		ABILITY:Proficiency|AUTOMATIC|Grant Expert to all Weapon Groups|PREABILITY:1,CATEGORY=Class Feature,Paladin Class Feature ~ Weapon Mastery	BONUS:VAR|WeaponGroupRank_Dart|2|TYPE=Rank	BONUS:VAR|WeaponGroupRank_Dart|3|TYPE=Rank|PREABILITY:1,CATEGORY=Class Feature,Paladin Class Feature ~ Weapon Mastery
Paladin Weapon Group Selection ~ Flail	CATEGORY:Proficiency	TYPE:Paladin Weapon Group Selection																		ABILITY:Proficiency|AUTOMATIC|Grant Expert to all Weapon Groups|PREABILITY:1,CATEGORY=Class Feature,Paladin Class Feature ~ Weapon Mastery	BONUS:VAR|WeaponGroupRank_Flail|2|TYPE=Rank	BONUS:VAR|WeaponGroupRank_Flail|3|TYPE=Rank|PREABILITY:1,CATEGORY=Class Feature,Paladin Class Feature ~ Weapon Mastery
Paladin Weapon Group Selection ~ Hammer	CATEGORY:Proficiency	TYPE:Paladin Weapon Group Selection																		ABILITY:Proficiency|AUTOMATIC|Grant Expert to all Weapon Groups|PREABILITY:1,CATEGORY=Class Feature,Paladin Class Feature ~ Weapon Mastery	BONUS:VAR|WeaponGroupRank_Hammer|2|TYPE=Rank	BONUS:VAR|WeaponGroupRank_Hammer|3|TYPE=Rank|PREABILITY:1,CATEGORY=Class Feature,Paladin Class Feature ~ Weapon Mastery
Paladin Weapon Group Selection ~ Knife	CATEGORY:Proficiency	TYPE:Paladin Weapon Group Selection																		ABILITY:Proficiency|AUTOMATIC|Grant Expert to all Weapon Groups|PREABILITY:1,CATEGORY=Class Feature,Paladin Class Feature ~ Weapon Mastery	BONUS:VAR|WeaponGroupRank_Knife|2|TYPE=Rank	BONUS:VAR|WeaponGroupRank_Knife|3|TYPE=Rank|PREABILITY:1,CATEGORY=Class Feature,Paladin Class Feature ~ Weapon Mastery
Paladin Weapon Group Selection ~ Pick	CATEGORY:Proficiency	TYPE:Paladin Weapon Group Selection																		ABILITY:Proficiency|AUTOMATIC|Grant Expert to all Weapon Groups|PREABILITY:1,CATEGORY=Class Feature,Paladin Class Feature ~ Weapon Mastery	BONUS:VAR|WeaponGroupRank_Pick|2|TYPE=Rank	BONUS:VAR|WeaponGroupRank_Pick|3|TYPE=Rank|PREABILITY:1,CATEGORY=Class Feature,Paladin Class Feature ~ Weapon Mastery
Paladin Weapon Group Selection ~ Polearm	CATEGORY:Proficiency	TYPE:Paladin Weapon Group Selection																		ABILITY:Proficiency|AUTOMATIC|Grant Expert to all Weapon Groups|PREABILITY:1,CATEGORY=Class Feature,Paladin Class Feature ~ Weapon Mastery	BONUS:VAR|WeaponGroupRank_Polearm|2|TYPE=Rank	BONUS:VAR|WeaponGroupRank_Polearm|3|TYPE=Rank|PREABILITY:1,CATEGORY=Class Feature,Paladin Class Feature ~ Weapon Mastery
Paladin Weapon Group Selection ~ Shield	CATEGORY:Proficiency	TYPE:Paladin Weapon Group Selection																		ABILITY:Proficiency|AUTOMATIC|Grant Expert to all Weapon Groups|PREABILITY:1,CATEGORY=Class Feature,Paladin Class Feature ~ Weapon Mastery	BONUS:VAR|WeaponGroupRank_Shield|2|TYPE=Rank	BONUS:VAR|WeaponGroupRank_Shield|3|TYPE=Rank|PREABILITY:1,CATEGORY=Class Feature,Paladin Class Feature ~ Weapon Mastery
Paladin Weapon Group Selection ~ Sling	CATEGORY:Proficiency	TYPE:Paladin Weapon Group Selection																		ABILITY:Proficiency|AUTOMATIC|Grant Expert to all Weapon Groups|PREABILITY:1,CATEGORY=Class Feature,Paladin Class Feature ~ Weapon Mastery	BONUS:VAR|WeaponGroupRank_Sling|2|TYPE=Rank	BONUS:VAR|WeaponGroupRank_Sling|3|TYPE=Rank|PREABILITY:1,CATEGORY=Class Feature,Paladin Class Feature ~ Weapon Mastery
Paladin Weapon Group Selection ~ Spear	CATEGORY:Proficiency	TYPE:Paladin Weapon Group Selection																		ABILITY:Proficiency|AUTOMATIC|Grant Expert to all Weapon Groups|PREABILITY:1,CATEGORY=Class Feature,Paladin Class Feature ~ Weapon Mastery	BONUS:VAR|WeaponGroupRank_Spear|2|TYPE=Rank	BONUS:VAR|WeaponGroupRank_Spear|3|TYPE=Rank|PREABILITY:1,CATEGORY=Class Feature,Paladin Class Feature ~ Weapon Mastery
Paladin Weapon Group Selection ~ Sword	CATEGORY:Proficiency	TYPE:Paladin Weapon Group Selection																		ABILITY:Proficiency|AUTOMATIC|Grant Expert to all Weapon Groups|PREABILITY:1,CATEGORY=Class Feature,Paladin Class Feature ~ Weapon Mastery	BONUS:VAR|WeaponGroupRank_Sword|2|TYPE=Rank	BONUS:VAR|WeaponGroupRank_Sword|3|TYPE=Rank|PREABILITY:1,CATEGORY=Class Feature,Paladin Class Feature ~ Weapon Mastery

Grant Expert to all Weapon Groups		CATEGORY:Proficiency																								ABILITY:Proficiency|AUTOMATIC|TYPE.Expert Weapon Group Selection
