

CLASS:Alchemist	DESC:The alchemist throws alchemical bombs and drinks concoctions of his own making during combat. Intelligence, 2nd Constitution, Dexterity
CLASS:Alchemist	DEFINE:AlchemistCL|0	BONUS:VAR|AlchemistCL|classlevel()	BONUS:HP|CURRENTMAX|8*AlchemistCL	ABILITY:CLASS|AUTOMATIC|Alchemist

CLASS:Barbarian	DESC:The barbarian flies into a rage on the battlefield, smashing foes with abandon. Strength, 2nd Constitution, Dexterity
CLASS:Barbarian	DEFINE:BarbarianCL|0	BONUS:VAR|BarbarianCL|classlevel()	BONUS:HP|CURRENTMAX|12*BarbarianCL	ABILITY:CLASS|AUTOMATIC|Barbarian

CLASS:Bard		DESC:Performance and secrets of the occult enable the bard to distract foes and inspire allies. Charisma, 2nd Constitution, Dexterity
CLASS:Bard		DEFINE:BardCL|0	BONUS:VAR|BardCL|classlevel()	BONUS:HP|CURRENTMAX|8*BardCL	ABILITY:CLASS|AUTOMATIC|Bard

CLASS:Cleric	DESC:The cleric calls on the power of a deity to cast spells that can heal allies or harm foes. Wisdom, 2nd Charisma, Constitution
CLASS:Cleric	DEFINE:ClericCL|0	BONUS:VAR|ClericCL|classlevel()	BONUS:HP|CURRENTMAX|8*ClericCL	ABILITY:CLASS|AUTOMATIC|Cleric

CLASS:Druid		DESC:The druid uses the natural world’s magic to bolster her and her allies’ strength while calling pain down upon enemies. Wisdom, 2nd Constitution, Dexterity
CLASS:Druid		DEFINE:DruidCL|0	BONUS:VAR|DruidCL|classlevel()	BONUS:HP|CURRENTMAX|8*DruidCL	ABILITY:CLASS|AUTOMATIC|Druid

CLASS:Fighter	DESC:The fighter is a master of weapons, martial techniques, and powerful attack combinations. Dexterity or Strength, 2nd Constitution
CLASS:Fighter	DEFINE:FighterCL|0	BONUS:VAR|FighterCL|classlevel()	BONUS:HP|CURRENTMAX|10*FighterCL	ABILITY:CLASS|AUTOMATIC|Fighter

CLASS:Monk		DESC:The monk spins the secrets of martial arts into dazzling displays of battlefield prowess. Dexterity or Strength, 2nd Constitution, Wisdom
CLASS:Monk		DEFINE:MonkCL|0	BONUS:VAR|MonkCL|classlevel()	BONUS:HP|CURRENTMAX|10*MonkCL	ABILITY:CLASS|AUTOMATIC|Monk

CLASS:Paladin	DESC:The paladin is a champion of her deity who uses divine power to enhance her heroics and protect her allies. Strength, 2nd Charisma, Constitution
CLASS:Paladin	DEFINE:PaladinCL|0	BONUS:VAR|PaladinCL|classlevel()	BONUS:HP|CURRENTMAX|10*PaladinCL	ABILITY:CLASS|AUTOMATIC|Paladin
###Block: Class Features
1	ABILITY:Paladin Class Feature|AUTOMATIC|Paladin Class Feature ~ Code of Conduct		
1	ABILITY:Paladin Class Feature|AUTOMATIC|Paladin Class Feature ~ The Paladin’s Code		
1	ABILITY:Paladin Class Feature|AUTOMATIC|Paladin Class Feature ~ Deific Weapon			
1	ABILITY:Paladin Class Feature|AUTOMATIC|Paladin Class Feature ~ Retributive Strike		
1	ABILITY:Paladin Class Feature|AUTOMATIC|Paladin Class Feature ~ Champion Powers		
1	ABILITY:Paladin Class Feature|AUTOMATIC|Paladin Class Feature ~ Paladin Feats			
2	ABILITY:Paladin Class Feature|AUTOMATIC|Paladin Class Feature ~ Skill Feats		
3	ABILITY:Paladin Class Feature|AUTOMATIC|Paladin Class Feature ~ Righteous Ally		
3	ABILITY:Paladin Class Feature|AUTOMATIC|Paladin Class Feature ~ General Feats		
3	ABILITY:Paladin Class Feature|AUTOMATIC|Paladin Class Feature ~ Skill Increases		
5	ABILITY:Paladin Class Feature|AUTOMATIC|Paladin Class Feature ~ Weapon Expertise	
7	ABILITY:Paladin Class Feature|AUTOMATIC|Paladin Class Feature ~ Armored Fortitude	
9	ABILITY:Paladin Class Feature|AUTOMATIC|Paladin Class Feature ~ Holy Smite		
11	ABILITY:Paladin Class Feature|AUTOMATIC|Paladin Class Feature ~ Aura of Justice	
13	ABILITY:Paladin Class Feature|AUTOMATIC|Paladin Class Feature ~ Armor Mastery		
15	ABILITY:Paladin Class Feature|AUTOMATIC|Paladin Class Feature ~ Weapon Mastery		
17	ABILITY:Paladin Class Feature|AUTOMATIC|Paladin Class Feature ~ Legendary Armor	
19	ABILITY:Paladin Class Feature|AUTOMATIC|Paladin Class Feature ~ Hero’s Defiance	

CLASS:Ranger	DESC:The ranger is a master of using his surroundings, including traps and animal allies, to harry enemies. Dexterity or Strength, 2nd Constitution, Wisdom
CLASS:Ranger	DEFINE:RangerCL|0	BONUS:VAR|RangerCL|classlevel()	BONUS:HP|CURRENTMAX|10*RangerCL	ABILITY:CLASS|AUTOMATIC|Ranger

CLASS:Rogue		DESC:The rogue is a multitalented master of skullduggery who strikes when enemies least expect it. Dexterity, 2nd Charisma, Constitution
CLASS:Rogue		DEFINE:RogueCL|0	BONUS:VAR|RogueCL|classlevel()	BONUS:HP|CURRENTMAX|8*RogueCL	ABILITY:CLASS|AUTOMATIC|Rogue

CLASS:Sorcerer	DESC:The sorcerer’s magical might flows through her blood and manifests as fantastic spells and abilities. Charisma, 2nd Dexterity, Constitution
CLASS:Sorcerer	DEFINE:SorcererCL|0	BONUS:VAR|SorcererCL|classlevel()	BONUS:HP|CURRENTMAX|6*SorcererCL	ABILITY:CLASS|AUTOMATIC|Sorcerer

CLASS:Wizard	DESC:The wizard is an eminent scholar whose reservoirs of arcane knowledge power his wondrous spells and abilities. Intelligence, 2nd Dexterity, Constitution
CLASS:Wizard	DEFINE:WizardCL|0	BONUS:VAR|WizardCL|classlevel()	BONUS:HP|CURRENTMAX|6*WizardCL	ABILITY:CLASS|AUTOMATIC|Wizard






