
FOLLOWER:TL=1		TYPE:Animal Companion	BONUS:HP|CURRENTMAX|(6+CON)*AnimalCompanionMasterLVL	DEFINE:AnimalCompanionMasterLVL|0	BONUS:VAR|AnimalCompanionMasterLVL|MASTERVAR("TL")
FOLLOWER:TL=2		TYPE:Animal Companion	
FOLLOWER:TL=3		TYPE:Animal Companion	
FOLLOWER:TL=4		TYPE:Animal Companion	
FOLLOWER:TL=5		TYPE:Animal Companion	
FOLLOWER:TL=6		TYPE:Animal Companion	
FOLLOWER:TL=7		TYPE:Animal Companion	
FOLLOWER:TL=8		TYPE:Animal Companion	
FOLLOWER:TL=9		TYPE:Animal Companion	
FOLLOWER:TL=10		TYPE:Animal Companion	
FOLLOWER:TL=11		TYPE:Animal Companion	
FOLLOWER:TL=12		TYPE:Animal Companion	
FOLLOWER:TL=13		TYPE:Animal Companion	
FOLLOWER:TL=14		TYPE:Animal Companion	
FOLLOWER:TL=15		TYPE:Animal Companion	
FOLLOWER:TL=16		TYPE:Animal Companion	
FOLLOWER:TL=17		TYPE:Animal Companion	
FOLLOWER:TL=18		TYPE:Animal Companion	
FOLLOWER:TL=19		TYPE:Animal Companion	
FOLLOWER:TL=20		TYPE:Animal Companion	


FOLLOWER:FullGrownCompanion=1	TEMPLATE:Animal Companion ~ Full Grown
FOLLOWER:NimbleCompanion=1	TEMPLATE:Animal Companion ~ Nimble	BONUS:VAR|AnimalCompanionAdvancedManeuver|1|TYPE=Boolean
FOLLOWER:SavageCompanion=1	TEMPLATE:Animal Companion ~ Savage	BONUS:VAR|AnimalCompanionAdvancedManeuver|1|TYPE=Boolean



















FOLLOWER:TL=1		TYPE:Familiar	BONUS:ABILITYPOOL|Familiar Abilities|2	COPYMASTERHP:MASTER*4
FOLLOWER:TL=2		TYPE:Familiar	
FOLLOWER:TL=3		TYPE:Familiar	
FOLLOWER:TL=4		TYPE:Familiar	
FOLLOWER:TL=5		TYPE:Familiar	
FOLLOWER:TL=6		TYPE:Familiar	
FOLLOWER:TL=7		TYPE:Familiar	
FOLLOWER:TL=8		TYPE:Familiar	
FOLLOWER:TL=9		TYPE:Familiar	
FOLLOWER:TL=10		TYPE:Familiar	
FOLLOWER:TL=11		TYPE:Familiar	
FOLLOWER:TL=12		TYPE:Familiar	
FOLLOWER:TL=13		TYPE:Familiar	
FOLLOWER:TL=14		TYPE:Familiar	
FOLLOWER:TL=15		TYPE:Familiar	
FOLLOWER:TL=16		TYPE:Familiar	
FOLLOWER:TL=17		TYPE:Familiar	
FOLLOWER:TL=18		TYPE:Familiar	
FOLLOWER:TL=19		TYPE:Familiar	
FOLLOWER:TL=20		TYPE:Familiar	


























