


Ambition		DESC:You strive to keep up with and outpace the competition.				ABILITY:Special Ability|AUTOMATIC|Domain Power ~ Blind ambition			ABILITY:Special Ability|AUTOMATIC|Advanced Domain Power ~ Competitive edge (2)				
Air			DESC:You can control winds and the weather.							ABILITY:Special Ability|AUTOMATIC|Domain Power ~ Pushing gust			ABILITY:Special Ability|AUTOMATIC|Advanced Domain Power ~ Walk on air (1)					
Cities		DESC:You have powers over urban environments and denizens.					ABILITY:Special Ability|AUTOMATIC|Domain Power ~ Face in the crowd		ABILITY:Special Ability|AUTOMATIC|Advanced Domain Power ~ Watching the watchers (2)				
Confidence		DESC:You overcome your fear and project pride.							ABILITY:Special Ability|AUTOMATIC|Domain Power ~ Veil of confidence		ABILITY:Special Ability|AUTOMATIC|Advanced Domain Power ~ Delusional pride (2)				
Creation		DESC:You have divine abilities related to crafting and art.					ABILITY:Special Ability|AUTOMATIC|Domain Power ~ Fabricate				ABILITY:Special Ability|AUTOMATIC|Advanced Domain Power ~ Artistic flourish (2)				
Darkness		DESC:You operate in the darkness and take away the light.					ABILITY:Special Ability|AUTOMATIC|Domain Power ~ Touch of shadows			ABILITY:Special Ability|AUTOMATIC|Advanced Domain Power ~ Darkened eyes (2)					
Death			DESC:You have the power to end lives and destroy undead.					ABILITY:Special Ability|AUTOMATIC|Domain Power ~ Undead's bane			ABILITY:Special Ability|AUTOMATIC|Advanced Domain Power ~ Death's call (1)					
Destruction		DESC:You become a conduit for divine devastation.						ABILITY:Special Ability|AUTOMATIC|Domain Power ~ Destructive cry			ABILITY:Special Ability|AUTOMATIC|Advanced Domain Power ~ Destructive aura (2)				
Dreams		DESC:You have the power to enter and manipulate dreams.					ABILITY:Special Ability|AUTOMATIC|Domain Power ~ Sweet dreams			ABILITY:Special Ability|AUTOMATIC|Advanced Domain Power ~ Dreaming potential (3)				
Earth			DESC:You control soil and stone.									ABILITY:Special Ability|AUTOMATIC|Domain Power ~ Hurtling stone			ABILITY:Special Ability|AUTOMATIC|Advanced Domain Power ~ Localized quake (2)					
Family		DESC:You can aid and protect your family and community more effectively.		ABILITY:Special Ability|AUTOMATIC|Domain Power ~ Soothing words			ABILITY:Special Ability|AUTOMATIC|Advanced Domain Power ~ Unity (2)						
Fate			DESC:You see and understand hidden inevitabilities.						ABILITY:Special Ability|AUTOMATIC|Domain Power ~ Read fate				ABILITY:Special Ability|AUTOMATIC|Advanced Domain Power ~ Tempt fate (1)					
Fire			DESC:You control flame.											ABILITY:Special Ability|AUTOMATIC|Domain Power ~ Fire ray				ABILITY:Special Ability|AUTOMATIC|Advanced Domain Power ~ Flame barrier (1)					
Freedom		DESC:You can liberate yourself and others from shackles and constraints.		ABILITY:Special Ability|AUTOMATIC|Domain Power ~ Unimpeded stride			ABILITY:Special Ability|AUTOMATIC|Advanced Domain Power ~ Word of freedom (3)					
Healing		DESC:Your healing magic is particularly potent.							ABILITY:Special Ability|AUTOMATIC|Domain Power ~ Healer's blessing		ABILITY:Special Ability|AUTOMATIC|Advanced Domain Power ~ Healing font (2)					
Indulgence		DESC:You feast mightily and can shake off the effects of overindulging.			ABILITY:Special Ability|AUTOMATIC|Domain Power ~ Enhance victuals			ABILITY:Special Ability|AUTOMATIC|Advanced Domain Power ~ Take its course (2)					
Knowledge		DESC:You receive divine insights.									ABILITY:Special Ability|AUTOMATIC|Domain Power ~ Lorekeeper's fortune		ABILITY:Special Ability|AUTOMATIC|Advanced Domain Power ~ Know the enemy (1)					
Light			DESC:You harness the power of the sun and other light sources and punish undead.	ABILITY:Special Ability|AUTOMATIC|Domain Power ~ Undead's bane			ABILITY:Special Ability|AUTOMATIC|Advanced Domain Power ~ Dazzling flash (2)					
Luck			DESC:You're unnaturally lucky and keep out of harm's way.					ABILITY:Special Ability|AUTOMATIC|Domain Power ~ Bit of luck			ABILITY:Special Ability|AUTOMATIC|Advanced Domain Power ~ Lucky break (3)					
Magic			DESC:You perform the unexpected and inexplicable.						ABILITY:Special Ability|AUTOMATIC|Domain Power ~ Divine vessel			ABILITY:Special Ability|AUTOMATIC|Advanced Domain Power ~ Mystic beacon (1)					
Might			DESC:Your physical power is bolstered by divine strength.					ABILITY:Special Ability|AUTOMATIC|Domain Power ~ Athletic exploit			ABILITY:Special Ability|AUTOMATIC|Advanced Domain Power ~ Enduring strength (2)				
Moon			DESC:You command powers associated with the moon.						ABILITY:Special Ability|AUTOMATIC|Domain Power ~ Moonlight glow			ABILITY:Special Ability|AUTOMATIC|Advanced Domain Power ~ Moonbeam (2)						
Nature		DESC:You hold power over animals and plants.							ABILITY:Special Ability|AUTOMATIC|Domain Power ~ Skin of thorns			ABILITY:Special Ability|AUTOMATIC|Advanced Domain Power ~ Nature's bounty (1)					
Nightmares		DESC:You fill minds with horror and dread.							ABILITY:Special Ability|AUTOMATIC|Domain Power ~ Waking nightmare			ABILITY:Special Ability|AUTOMATIC|Advanced Domain Power ~ Echoing nightmares (2)				
Pain			DESC:You punish those who displease you with the sharp sting of pain.			ABILITY:Special Ability|AUTOMATIC|Domain Power ~ Savor the sting			ABILITY:Special Ability|AUTOMATIC|Advanced Domain Power ~ Retributive pain (3)				
Passion		DESC:You can evoke passion, whether as love or lust.						ABILITY:Special Ability|AUTOMATIC|Domain Power ~ Charming touch			ABILITY:Special Ability|AUTOMATIC|Advanced Domain Power ~ Captivating adoration (2)				
Perfection		DESC:You strive to perfect your mind, body, and spirit.					ABILITY:Special Ability|AUTOMATIC|Domain Power ~ Perfected mind			ABILITY:Special Ability|AUTOMATIC|Advanced Domain Power ~ Perfected form (2)					
Protection		DESC:You hold the power to ward yourself and others.						ABILITY:Special Ability|AUTOMATIC|Domain Power ~ Divine ward			ABILITY:Special Ability|AUTOMATIC|Advanced Domain Power ~ Protective aura (2)					
Secrecy		DESC:You protect secrets and keep them hidden.							ABILITY:Special Ability|AUTOMATIC|Domain Power ~ Forced quiet			ABILITY:Special Ability|AUTOMATIC|Advanced Domain Power ~ Safeguard secret (3)				
Travel		DESC:You have power over movement and journeys.							ABILITY:Special Ability|AUTOMATIC|Domain Power ~ Agile feet				ABILITY:Special Ability|AUTOMATIC|Advanced Domain Power ~ Wanderer's guide (3)				
Trickery		DESC:You delight in deceiving others and causing mischief.					ABILITY:Special Ability|AUTOMATIC|Domain Power ~ Sudden shift			ABILITY:Special Ability|AUTOMATIC|Advanced Domain Power ~ Master's illusion (3)				
Truth			DESC:You can pierce lies and discover the truth.						ABILITY:Special Ability|AUTOMATIC|Domain Power ~ Word of truth			ABILITY:Special Ability|AUTOMATIC|Advanced Domain Power ~ Glimpse the truth (3)				
Tyranny		DESC:You wield power to rule and enslave others.						ABILITY:Special Ability|AUTOMATIC|Domain Power ~ Touch of obedience		ABILITY:Special Ability|AUTOMATIC|Advanced Domain Power ~ Commanding lash (2)					
Undeath		DESC:Your magic carries close ties to the undead.						ABILITY:Special Ability|AUTOMATIC|Domain Power ~ Unlife's blessing		ABILITY:Special Ability|AUTOMATIC|Advanced Domain Power ~ Touch of undeath (2)				
Water			DESC:You control water and bodies of water.							ABILITY:Special Ability|AUTOMATIC|Domain Power ~ Tidal surge			ABILITY:Special Ability|AUTOMATIC|Advanced Domain Power ~ Downpour (2)						
Wealth		DESC:You hold power over wealth, trade, and treasure.						ABILITY:Special Ability|AUTOMATIC|Domain Power ~ Acquisitive's fortune		ABILITY:Special Ability|AUTOMATIC|Advanced Domain Power ~ Money talks (1)					
Zeal			DESC:Your inner fire increases your combat prowess.						ABILITY:Special Ability|AUTOMATIC|Domain Power ~ Weapon surge			ABILITY:Special Ability|AUTOMATIC|Advanced Domain Power ~ Prepare for battle (3)				


