
# 6-3 Armor

# Light
Padded Armor	BONUS:COMBAT|AC|1|TYPE=Armor	MAXDEX:5								QUALITY:Bulk|L	BONUS:VAR|BulkLight|1	WT:0.1													EQMOD:Fragile
Leather		BONUS:COMBAT|AC|1|TYPE=Armor	MAXDEX:6								QUALITY:Bulk|1	BONUS:VAR|Bulk|1	WT:1	
Studded Leather	BONUS:COMBAT|AC|2|TYPE=Armor	MAXDEX:5	ACCHECK:-1						QUALITY:Bulk|1	BONUS:VAR|Bulk|1	WT:1
Chain Shirt		BONUS:COMBAT|AC|2|TYPE=Armor	MAXDEX:5	ACCHECK:-1	BONUS:COMBAT|AC|1|TYPE=TAC	QUALITY:Bulk|2	BONUS:VAR|Bulk|2	WT:2				EQMOD:Noisy

# Medium
Hide			BONUS:COMBAT|AC|3|TYPE=Armor	MAXDEX:4	ACCHECK:-3												QUALITY:Bulk|2	BONUS:VAR|Bulk|2	WT:2
Scale Mail		BONUS:COMBAT|AC|3|TYPE=Armor	MAXDEX:4	ACCHECK:-2	BONUS:COMBAT|AC|1|TYPE=TAC	BONUS:VAR|SpeedPenalty_Armor|-5	QUALITY:Bulk|2	BONUS:VAR|Bulk|2	WT:2
Chain Mail		BONUS:COMBAT|AC|4|TYPE=Armor	MAXDEX:3	ACCHECK:-3	BONUS:COMBAT|AC|1|TYPE=TAC	BONUS:VAR|SpeedPenalty_Armor|-5	QUALITY:Bulk|2	BONUS:VAR|Bulk|2	WT:2	EQMOD:Noisy
Breastplate		BONUS:COMBAT|AC|4|TYPE=Armor	MAXDEX:3	ACCHECK:-4	BONUS:COMBAT|AC|2|TYPE=TAC	BONUS:VAR|SpeedPenalty_Armor|-5	QUALITY:Bulk|2	BONUS:VAR|Bulk|2	WT:2	EQMOD:Clumsy	BONUS:VAR|ReflexSave_Cap|3

# Heavy Armor
Splint Mail		BONUS:COMBAT|AC|5|TYPE=Armor	MAXDEX:2	ACCHECK:-3	BONUS:COMBAT|AC|2|TYPE=TAC	BONUS:VAR|SpeedPenalty_Armor|-10	QUALITY:Bulk|3	BONUS:VAR|Bulk|3	WT:3	EQMOD:Clumsy	BONUS:VAR|ReflexSave_Cap|2
Half-Plate		BONUS:COMBAT|AC|5|TYPE=Armor	MAXDEX:2	ACCHECK:-4	BONUS:COMBAT|AC|2|TYPE=TAC	BONUS:VAR|SpeedPenalty_Armor|-10	QUALITY:Bulk|3	BONUS:VAR|Bulk|3	WT:3
Full Plate		BONUS:COMBAT|AC|6|TYPE=Armor	MAXDEX:1	ACCHECK:-5	BONUS:COMBAT|AC|2|TYPE=TAC	BONUS:VAR|SpeedPenalty_Armor|-10	QUALITY:Bulk|3	BONUS:VAR|Bulk|3	WT:3	EQMOD:Clumsy	BONUS:VAR|ReflexSave_Cap|2

# Shield
Light Wooden Shield	BONUS:COMBAT|AC|1|TYPE=Shield	BONUS:COMBAT|AC|1|TYPE=ShieldTAC	ACCHECK:-1	QUALITY:Bulk|L	BONUS:VAR|BulkLight|1	WT:0.1
Light Steel Shield	BONUS:COMBAT|AC|1|TYPE=Shield	BONUS:COMBAT|AC|1|TYPE=ShieldTAC	ACCHECK:-1	QUALITY:Bulk|L	BONUS:VAR|BulkLight|1	WT:0.1
Heavy wooden shield	BONUS:COMBAT|AC|2|TYPE=Shield	BONUS:COMBAT|AC|2|TYPE=ShieldTAC	ACCHECK:-1	QUALITY:Bulk|1	BONUS:VAR|Bulk|1	WT:1
Heavy steel shield	BONUS:COMBAT|AC|2|TYPE=Shield	BONUS:COMBAT|AC|2|TYPE=ShieldTAC	ACCHECK:-1	QUALITY:Bulk|1	BONUS:VAR|Bulk|1	WT:1

# 6-4 Simple Melee Weapons
Club			PROFICIENCY:WEAPON|Club						COST:0	DAMAGE:1d6	TYPE:B	SLOTS:1	TYPE:Weapon.Melee.Simple Melee.Thrown.Group ~ Club.Thrown 10
Dagger		PROFICIENCY:WEAPON|Dagger					COST:2	DAMAGE:1d4	TYPE:P	SLOTS:1	TYPE:Weapon.Melee.Simple Melee.Thrown.Group ~ Knife.Agile.Finesse.Thrown 10.Versatile S
Fist			PROFICIENCY:WEAPON|Unarmed Strike				COST:0	DAMAGE:1d4	TYPE:B	SLOTS:1	TYPE:Weapon.Melee.Simple Melee.Group ~ Brawling.Agile.Finesse.Nonlethal.Unarmed
Gauntlet		PROFICIENCY:WEAPON|Gauntlet					COST:2	DAMAGE:1d4	TYPE:B	SLOTS:1	TYPE:Weapon.Melee.Simple Melee.Group ~ Brawling.Agile.Free-hand
Light Mace		PROFICIENCY:WEAPON|Light Mace					COST:4	DAMAGE:1d4	TYPE:B	SLOTS:1	TYPE:Weapon.Melee.Simple Melee.Group ~ Club.Agile.Finesse.Shove
Longspear		PROFICIENCY:WEAPON|Longspear					COST:5	DAMAGE:1d8	TYPE:P	SLOTS:2	TYPE:Weapon.Melee.Simple Melee.Group ~ Spear.Reach
Mace			PROFICIENCY:WEAPON|Mace						COST:12	DAMAGE:1d6	TYPE:B	SLOTS:1	TYPE:Weapon.Melee.Simple Melee.Group ~ Club.Shove
Morningstar		PROFICIENCY:WEAPON|Morningstar				COST:10	DAMAGE:1d6	TYPE:B	SLOTS:1	TYPE:Weapon.Melee.Simple Melee.Group ~ Club.Versatile P
Sickle		PROFICIENCY:WEAPON|Sickle					COST:2	DAMAGE:1d4	TYPE:S	SLOTS:1	TYPE:Weapon.Melee.Simple Melee.Group ~ Knife.Agile.Finesse.Trip
Spear			PROFICIENCY:WEAPON|Spear					COST:1	DAMAGE:1d6	TYPE:P	SLOTS:1	TYPE:Weapon.Melee.Simple Melee.Thrown.Group ~ Spear.Thrown 20
Spiked gauntlet	PROFICIENCY:WEAPON|Gauntlet					COST:3	DAMAGE:1d4	TYPE:P	SLOTS:1	TYPE:Weapon.Melee.Simple Melee.Group ~ Brawling.Agile.Free-hand
Staff			PROFICIENCY:WEAPON|Staff					COST:0	DAMAGE:1d4	TYPE:B	SLOTS:1	TYPE:Weapon.Melee.Simple Melee.Group ~ Club.Two-hand d8	SPROP:Two-hand d8

# 6-5 Martial Melee Weapons
Bastard sword	PROFICIENCY:WEAPON|Bastard sword				COST:35	DAMAGE:1d8	TYPE:P	QUALITY:Bulk|1	BONUS:VAR|Bulk|1	WT:1	SLOTS:1	TYPE:Weapon.Melee.Martial Melee.Group ~ Sword.Two-hand d12					EQMOD:Sword.Two-hand d12
Battle axe		PROFICIENCY:WEAPON|Battle axe					COST:12	DAMAGE:1d8	TYPE:S	QUALITY:Bulk|1	BONUS:VAR|Bulk|1	WT:1	SLOTS:1	TYPE:Weapon.Melee.Martial Melee.Group ~ Axe.Sweep							EQMOD:Axe.Sweep
Bo staff		PROFICIENCY:WEAPON|Bo staff					COST:2	DAMAGE:1d8	TYPE:B	QUALITY:Bulk|1	BONUS:VAR|Bulk|1	WT:1	SLOTS:2	TYPE:Weapon.Melee.Martial Melee.Weapon Group ~ Club.Monk.Parry.Reach.Trip			EQMOD:Club.Monk.Parry.Reach.Trip
Falchion		PROFICIENCY:WEAPON|Falchion					COST:30	DAMAGE:1d10	TYPE:S	QUALITY:Bulk|1	BONUS:VAR|Bulk|1	WT:1	SLOTS:2	TYPE:Weapon.Melee.Martial Melee.Weapon Group ~ Sword.Forceful.Sweep				EQMOD:Sword.Forceful.Sweep
Flail			PROFICIENCY:WEAPON|Flail					COST:8	DAMAGE:1d6	TYPE:B	QUALITY:Bulk|1	BONUS:VAR|Bulk|1	WT:1	SLOTS:1	TYPE:Weapon.Melee.Martial Melee.Weapon Group ~ Flail.Disarm.Sweep.Trip			EQMOD:Flail.Disarm.Sweep.Trip	
Glaive		PROFICIENCY:WEAPON|Glaive					COST:10	DAMAGE:1d8	TYPE:S	QUALITY:Bulk|2	BONUS:VAR|Bulk|2	WT:2	SLOTS:2	TYPE:Weapon.Melee.Martial Melee.Weapon Group ~ Polearm.Deadly d8.Forceful.Reach	EQMOD:Polearm.Deadly d8.Forceful.Reach
Greataxe		PROFICIENCY:WEAPON|Greataxe					COST:22	DAMAGE:1d12	TYPE:S	QUALITY:Bulk|2	BONUS:VAR|Bulk|2	WT:2	SLOTS:2	TYPE:Weapon.Melee.Martial Melee.Weapon Group ~ Axe.Sweep					EQMOD:Axe.Sweep





