


ABILITYCATEGORY:Special Ability	VISIBLE:NO	EDITABLE:NO			EDITPOOL:YES	FRACTIONALPOOL:NO		CATEGORY:Special Ability

ABILITYCATEGORY:Animal Trick	VISIBLE:QUALIFY	EDITABLE:YES		EDITPOOL:YES	FRACTIONALPOOL:NO		CATEGORY:Special Ability	TYPE:AnimalTrick	PLURAL:Animal Tricks		DISPLAYLOCATION:Class Features
###Block: Bonus FEATs and subgroups
# Ability Category			Visible		Editable or Static?	Change Pool?	Fractional values?	Category of Object	Type of Object				Plural description for UI	Display Location
ABILITYCATEGORY:Fighter Feat		VISIBLE:QUALIFY	EDITABLE:YES		EDITPOOL:YES	FRACTIONALPOOL:NO		CATEGORY:FEAT		TYPE:Fighter				PLURAL:Fighter Feats		DISPLAYLOCATION:Feats
ABILITYCATEGORY:Wizard Feat		VISIBLE:QUALIFY	EDITABLE:YES		EDITPOOL:YES	FRACTIONALPOOL:NO		CATEGORY:FEAT		TYPE:Wizard.ItemCreation.Metamagic	PLURAL:Wizard Feats		DISPLAYLOCATION:Feats
ABILITYCATEGORY:Metamagic Feat	VISIBLE:QUALIFY	EDITABLE:YES		EDITPOOL:YES	FRACTIONALPOOL:NO		CATEGORY:FEAT		TYPE:Metamagic				PLURAL:Metamagic Feats		DISPLAYLOCATION:Feats

###Block: Special Ability and subgroups
# Ability Category						Visible		Editable or Static?	Change Pool?	Fractional values?	Base Pool number		Category of Object		Type of Object		Specific choices list					Plural description for UI			Display Location
ABILITYCATEGORY:Monk Feat					VISIBLE:QUALIFY	EDITABLE:YES		EDITPOOL:YES	FRACTIONALPOOL:NO						CATEGORY:Special Ability	TYPE:MonkBonusFeat									PLURAL:Monk Feats					DISPLAYLOCATION:Feats
ABILITYCATEGORY:Rogue Special Ability			VISIBLE:QUALIFY	EDITABLE:YES		EDITPOOL:YES	FRACTIONALPOOL:NO						CATEGORY:Special Ability	TYPE:RogueAbilities									PLURAL:Rogue Special Abilities		DISPLAYLOCATION:Class Features
ABILITYCATEGORY:Ranger Combat Style				VISIBLE:QUALIFY	EDITABLE:YES		EDITPOOL:YES	FRACTIONALPOOL:NO						CATEGORY:Special Ability	TYPE:RangerCombatStyle									PLURAL:Ranger Combat Styles			DISPLAYLOCATION:Class Features
ABILITYCATEGORY:Favored Enemy					VISIBLE:QUALIFY	EDITABLE:YES		EDITPOOL:YES	FRACTIONALPOOL:NO		POOL:FavoredEnemies	CATEGORY:Special Ability	TYPE:FavoredEnemy										PLURAL:Favored Enemies				DISPLAYLOCATION:Class Features
ABILITYCATEGORY:Favored Enemy Bonus				VISIBLE:QUALIFY	EDITABLE:YES		EDITPOOL:YES	FRACTIONALPOOL:NO		POOL:FavoredEBonuses	CATEGORY:Special Ability	TYPE:FavoredEnemyBonus									PLURAL:Favored Enemy Bonuses			DISPLAYLOCATION:Class Features
ABILITYCATEGORY:Turn Undead					VISIBLE:QUALIFY	EDITABLE:YES		EDITPOOL:YES	FRACTIONALPOOL:NO						CATEGORY:Special Ability	TYPE:TurnUndead										PLURAL:Turn Undead				DISPLAYLOCATION:Class Features
ABILITYCATEGORY:Expert Class Skills				VISIBLE:QUALIFY	EDITABLE:YES		EDITPOOL:YES	FRACTIONALPOOL:NO						CATEGORY:Special Ability	TYPE:ExpertClassSkills									PLURAL:Expert Class Skills			DISPLAYLOCATION:Class Features
ABILITYCATEGORY:Simple Weapon Proficiency Choice	VISIBLE:QUALIFY	EDITABLE:YES		EDITPOOL:YES	FRACTIONALPOOL:NO						CATEGORY:Special Ability					ABILITYLIST:Single Simple Weapon Proficiency	PLURAL:Simple Weapon Proficiency Choice	DISPLAYLOCATION:Class Features

###Block: Alternate Class Features
# Ability Category				Visible	Editable or Static?	Change Pool?	Fractional values?	Category of Object	Type of Object	Plural description for UI		Display Location
ABILITYCATEGORY:ACF				VISIBLE:NO	EDITABLE:YES		EDITPOOL:YES	FRACTIONALPOOL:NO		CATEGORY:ACF
ABILITYCATEGORY:Alternate Class Feature	VISIBLE:YES	EDITABLE:YES		EDITPOOL:YES	FRACTIONALPOOL:NO		CATEGORY:ACF		TYPE:ACF		PLURAL:Alternate Class Features	DISPLAYLOCATION:Misc

###Block: Homebrew and Supplemental Support
# Ability Category					Visible		Editable or Static?	Change Pool?	Fractional values?	Category of Object	Type of Object	Specific choices list				Display Location
ABILITYCATEGORY:Weapon Focus				VISIBLE:QUALIFY	EDITABLE:YES		EDITPOOL:YES	FRACTIONALPOOL:NO		CATEGORY:FEAT					ABILITYLIST:Weapon Focus			DISPLAYLOCATION:Feats
ABILITYCATEGORY:Martial Weapon Proficiency	VISIBLE:QUALIFY	EDITABLE:YES		EDITPOOL:YES	FRACTIONALPOOL:NO		CATEGORY:FEAT					ABILITYLIST:Martial Weapon Proficiency	DISPLAYLOCATION:Feats
ABILITYCATEGORY:Exotic Weapon Proficiency		VISIBLE:QUALIFY	EDITABLE:YES		EDITPOOL:YES	FRACTIONALPOOL:NO		CATEGORY:FEAT					ABILITYLIST:Exotic Weapon Proficiency	DISPLAYLOCATION:Feats
ABILITYCATEGORY:Extra Turning				VISIBLE:QUALIFY	EDITABLE:YES		EDITPOOL:YES	FRACTIONALPOOL:NO		CATEGORY:FEAT					ABILITYLIST:Extra Turning			DISPLAYLOCATION:Feats
ABILITYCATEGORY:Metamagic Choice			VISIBLE:QUALIFY	EDITABLE:YES		EDITPOOL:YES	FRACTIONALPOOL:NO		CATEGORY:FEAT		TYPE:Metamagic								DISPLAYLOCATION:Feats
ABILITYCATEGORY:Item Creation Choice		VISIBLE:QUALIFY	EDITABLE:YES		EDITPOOL:YES	FRACTIONALPOOL:NO		CATEGORY:FEAT		TYPE:ItemCreation								DISPLAYLOCATION:Feats
ABILITYCATEGORY:Skill Focus				VISIBLE:QUALIFY	EDITABLE:YES		EDITPOOL:YES	FRACTIONALPOOL:NO		CATEGORY:FEAT					ABILITYLIST:Skill Focus				DISPLAYLOCATION:Feats

###Block: New Racial Trait Blocks
# Ability Category					Visible		Editable or Static?	Change Pool?	Fractional values?	Category of Object		Type of Object				Specific choices list									Plural description for UI		Display Location
ABILITYCATEGORY:Human Racial Trait			VISIBLE:QUALIFY	EDITABLE:YES		EDITPOOL:YES	FRACTIONALPOOL:NO		CATEGORY:Special Ability	TYPE:HumanRacialTrait																					DISPLAYLOCATION:Racial Abilities
ABILITYCATEGORY:Dwarf Racial Trait			VISIBLE:QUALIFY	EDITABLE:YES		EDITPOOL:YES	FRACTIONALPOOL:NO		CATEGORY:Special Ability	TYPE:DwarfRacialTrait																					DISPLAYLOCATION:Racial Abilities
ABILITYCATEGORY:Elf Racial Trait			VISIBLE:QUALIFY	EDITABLE:YES		EDITPOOL:YES	FRACTIONALPOOL:NO		CATEGORY:Special Ability	TYPE:ElfRacialTrait																					DISPLAYLOCATION:Racial Abilities
ABILITYCATEGORY:Gnome Racial Trait			VISIBLE:QUALIFY	EDITABLE:YES		EDITPOOL:YES	FRACTIONALPOOL:NO		CATEGORY:Special Ability	TYPE:GnomeRacialTrait																					DISPLAYLOCATION:Racial Abilities
ABILITYCATEGORY:Half-Elf Racial Trait		VISIBLE:QUALIFY	EDITABLE:YES		EDITPOOL:YES	FRACTIONALPOOL:NO		CATEGORY:Special Ability	TYPE:HalfElfRacialTrait																					DISPLAYLOCATION:Racial Abilities
ABILITYCATEGORY:Half-Orc Racial Trait		VISIBLE:QUALIFY	EDITABLE:YES		EDITPOOL:YES	FRACTIONALPOOL:NO		CATEGORY:Special Ability	TYPE:HalfOrcRacialTrait																					DISPLAYLOCATION:Racial Abilities
ABILITYCATEGORY:Halfling Racial Trait		VISIBLE:QUALIFY	EDITABLE:YES		EDITPOOL:YES	FRACTIONALPOOL:NO		CATEGORY:Special Ability	TYPE:HalflingRacialTrait																				DISPLAYLOCATION:Racial Abilities

#Abilitycategory File
ABILITYCATEGORY:Wizard Prohibited School		VISIBLE:QUALIFY	EDITABLE:YES		EDITPOOL:NO						CATEGORY:Special Ability	TYPE:WizardProhibitSchool														PLURAL:Wizard Prohibited Schools	DISPLAYLOCATION:Class Features

# COMMENT: This can be used to allow Users to see Monster Traits - Requires all 'ABILITY:Special Ability|AUTOMATIC' to 'ABILITY:Racial Trait|AUTOMATIC'
ABILITYCATEGORY:Racial Trait				VISIBLE:QUALIFY	EDITABLE:NO			EDITPOOL:NO						CATEGORY:Special Ability	TYPE:RacialTrait																						DISPLAYLOCATION:Racial Abilities
ABILITYCATEGORY:Class Ability				VISIBLE:NO		EDITABLE:NO			EDITPOOL:NO						CATEGORY:Special Ability	TYPE:ClassAbility																PLURAL:Class Features			DISPLAYLOCATION:Class Features


ABILITYCATEGORY:Special Mount Choice		VISIBLE:QUALIFY	EDITABLE:YES		EDITPOOL:NO						CATEGORY:Internal			TYPE:SpecialMountSelection																				DISPLAYLOCATION:Class Features
ABILITYCATEGORY:Permanency Applied Effects	VISIBLE:YES		EDITABLE:YES		EDITPOOL:YES					CATEGORY:Special Ability	TYPE:PermanencySpell																					DISPLAYLOCATION:Misc
ABILITYCATEGORY:Imbued Spell Like Ability		VISIBLE:YES		EDITABLE:YES		EDITPOOL:YES					CATEGORY:Special Ability	TYPE:ImbuedSpellLikeAbility																				DISPLAYLOCATION:Misc


ABILITYCATEGORY:All Monster Domains			VISIBLE:QUALIFY	EDITABLE:YES		EDITPOOL:YES	FRACTIONALPOOL:NO		CATEGORY:Internal			TYPE:MonsterDomainGranter																				DISPLAYLOCATION:Racial Abilities
ABILITYCATEGORY:Drider Caster Choice		VISIBLE:QUALIFY	EDITABLE:YES		EDITPOOL:YES	FRACTIONALPOOL:NO		CATEGORY:Internal									ABILITYLIST:Cleric Class|Wizard Class|Sorcerer Class										DISPLAYLOCATION:Racial Abilities
ABILITYCATEGORY:Drider Domain				VISIBLE:QUALIFY	EDITABLE:YES		EDITPOOL:YES	FRACTIONALPOOL:NO		CATEGORY:Internal									ABILITYLIST:Chaos Domain|Destruction Domain|Evil Domain|Trickery Domain							DISPLAYLOCATION:Racial Abilities
ABILITYCATEGORY:Lammasu Domain			VISIBLE:QUALIFY	EDITABLE:YES		EDITPOOL:YES	FRACTIONALPOOL:NO		CATEGORY:Internal									ABILITYLIST:Good Domain|Healing Domain|Knowledge Domain|Law Domain							DISPLAYLOCATION:Racial Abilities
ABILITYCATEGORY:Titan Elder Casting Class		VISIBLE:QUALIFY	EDITABLE:YES		EDITPOOL:YES	FRACTIONALPOOL:NO		CATEGORY:Internal									ABILITYLIST:Cleric Class|Wizard Class												DISPLAYLOCATION:Racial Abilities


ABILITYCATEGORY:Spell-Like Ability Selection	VISIBLE:QUALIFY	EDITABLE:YES		EDITPOOL:YES	FRACTIONALPOOL:NO		CATEGORY:Special Ability							ABILITYLIST:Spell-Like Ability Selection												DISPLAYLOCATION:Class Features
ABILITYCATEGORY:Mnemonic Enhancer Selections	VISIBLE:QUALIFY	EDITABLE:YES		EDITPOOL:YES	FRACTIONALPOOL:NO		CATEGORY:Special Ability	TYPE:Mnemonic Enhancer Selections																			DISPLAYLOCATION:Class Features
#
# End
#
ABILITYCATEGORY:Internal		VISIBLE:NO	EDITABLE:NO			EDITPOOL:NO		FRACTIONALPOOL:NO		CATEGORY:Internal

###Block: Class Feature Pools
# Ability Category				Visible		Editable or Static?	Change Pool?	Category of Object		Type of Object			Plural description for UI		Display Location
ABILITYCATEGORY:Barbarian Class Feature	VISIBLE:QUALIFY	EDITABLE:YES		EDITPOOL:NO		CATEGORY:Special Ability	TYPE:BarbarianClassFeatures	PLURAL:Barbarian Class Features	DISPLAYLOCATION:Class Features
ABILITYCATEGORY:Bard Class Feature		VISIBLE:QUALIFY	EDITABLE:YES		EDITPOOL:NO		CATEGORY:Special Ability	TYPE:BardClassFeatures		PLURAL:Bard Class Features		DISPLAYLOCATION:Class Features
ABILITYCATEGORY:Cleric Class Feature	VISIBLE:QUALIFY	EDITABLE:YES		EDITPOOL:NO		CATEGORY:Special Ability	TYPE:ClericClassFeatures		PLURAL:Cleric Class Features		DISPLAYLOCATION:Class Features
ABILITYCATEGORY:Druid Class Feature		VISIBLE:QUALIFY	EDITABLE:YES		EDITPOOL:NO		CATEGORY:Special Ability	TYPE:DruidClassFeatures		PLURAL:Druid Class Features		DISPLAYLOCATION:Class Features
ABILITYCATEGORY:Fighter Class Feature	VISIBLE:QUALIFY	EDITABLE:YES		EDITPOOL:NO		CATEGORY:Special Ability	TYPE:FighterClassFeatures	PLURAL:Fighter Class Features		DISPLAYLOCATION:Class Features
ABILITYCATEGORY:Monk Class Feature		VISIBLE:QUALIFY	EDITABLE:YES		EDITPOOL:NO		CATEGORY:Special Ability	TYPE:MonkClassFeatures		PLURAL:Monk Class Features		DISPLAYLOCATION:Class Features
ABILITYCATEGORY:Paladin Class Feature	VISIBLE:QUALIFY	EDITABLE:YES		EDITPOOL:NO		CATEGORY:Special Ability	TYPE:PaladinClassFeatures	PLURAL:Paladin Class Features		DISPLAYLOCATION:Class Features
ABILITYCATEGORY:Ranger Class Feature	VISIBLE:QUALIFY	EDITABLE:YES		EDITPOOL:NO		CATEGORY:Special Ability	TYPE:RangerClassFeatures		PLURAL:Ranger Class Features		DISPLAYLOCATION:Class Features
ABILITYCATEGORY:Rogue Class Feature		VISIBLE:QUALIFY	EDITABLE:YES		EDITPOOL:NO		CATEGORY:Special Ability	TYPE:RogueClassFeatures		PLURAL:Rogue Class Features		DISPLAYLOCATION:Class Features
ABILITYCATEGORY:Sorcerer Class Feature	VISIBLE:QUALIFY	EDITABLE:YES		EDITPOOL:NO		CATEGORY:Special Ability	TYPE:SorcererClassFeatures	PLURAL:Sorcerer Class Features	DISPLAYLOCATION:Class Features
ABILITYCATEGORY:Wizard Class Feature	VISIBLE:QUALIFY	EDITABLE:YES		EDITPOOL:NO		CATEGORY:Special Ability	TYPE:WizardClassFeatures		PLURAL:Wizard Class Features		DISPLAYLOCATION:Class Features

# Prestige Classes
ABILITYCATEGORY:Arcane Archer Class Feature	VISIBLE:QUALIFY	EDITABLE:NO			EDITPOOL:NO						CATEGORY:Special Ability	TYPE:Arcane ArcherClassFeatures												PLURAL:Arcane Archer Class Features		DISPLAYLOCATION:Class Features
ABILITYCATEGORY:Arcane Trickster Class Feature	VISIBLE:QUALIFY	EDITABLE:NO			EDITPOOL:NO						CATEGORY:Special Ability	TYPE:Arcane TricksterClassFeatures											PLURAL:Arcane Trickster Class Features	DISPLAYLOCATION:Class Features
ABILITYCATEGORY:Archmage Class Feature		VISIBLE:QUALIFY	EDITABLE:NO			EDITPOOL:NO						CATEGORY:Special Ability	TYPE:ArchmageClassFeatures												PLURAL:Archmage Class Features		DISPLAYLOCATION:Class Features
ABILITYCATEGORY:Assassin Class Feature		VISIBLE:QUALIFY	EDITABLE:NO			EDITPOOL:NO						CATEGORY:Special Ability	TYPE:AssassinClassFeatures												PLURAL:Assassin Class Features		DISPLAYLOCATION:Class Features
ABILITYCATEGORY:Blackguard Class Feature		VISIBLE:QUALIFY	EDITABLE:NO			EDITPOOL:NO						CATEGORY:Special Ability	TYPE:BlackguardClassFeatures												PLURAL:Blackguard Class Features		DISPLAYLOCATION:Class Features
ABILITYCATEGORY:Dragon Disciple Class Feature	VISIBLE:QUALIFY	EDITABLE:NO			EDITPOOL:NO						CATEGORY:Special Ability	TYPE:Dragon DiscipleClassFeatures											PLURAL:Dragon Disciple Class Features	DISPLAYLOCATION:Class Features
ABILITYCATEGORY:Duelist Class Feature		VISIBLE:QUALIFY	EDITABLE:NO			EDITPOOL:NO						CATEGORY:Special Ability	TYPE:DuelistClassFeatures												PLURAL:Duelist Class Features			DISPLAYLOCATION:Class Features
ABILITYCATEGORY:Dwarven Defender Class Feature	VISIBLE:QUALIFY	EDITABLE:NO			EDITPOOL:NO						CATEGORY:Special Ability	TYPE:Dwarven DefenderClassFeatures											PLURAL:Dwarven Defender Class Features	DISPLAYLOCATION:Class Features
ABILITYCATEGORY:Eldritch Knight Class Feature	VISIBLE:QUALIFY	EDITABLE:NO			EDITPOOL:NO						CATEGORY:Special Ability	TYPE:Eldritch KnightClassFeatures											PLURAL:Eldritch Knight Class Features	DISPLAYLOCATION:Class Features
ABILITYCATEGORY:Hierophant Class Feature		VISIBLE:QUALIFY	EDITABLE:NO			EDITPOOL:NO						CATEGORY:Special Ability	TYPE:HierophantClassFeatures												PLURAL:Hierophant Class Features		DISPLAYLOCATION:Class Features
ABILITYCATEGORY:Horizon Walker Class Feature	VISIBLE:QUALIFY	EDITABLE:NO			EDITPOOL:NO						CATEGORY:Special Ability	TYPE:Horizon WalkerClassFeatures											PLURAL:Hierophant Class Features		DISPLAYLOCATION:Class Features
ABILITYCATEGORY:Loremaster Class Feature		VISIBLE:QUALIFY	EDITABLE:NO			EDITPOOL:NO						CATEGORY:Special Ability	TYPE:LoremasterClassFeatures												PLURAL:Loremaster Class Features		DISPLAYLOCATION:Class Features
ABILITYCATEGORY:Mystic Theurge Class Feature	VISIBLE:QUALIFY	EDITABLE:NO			EDITPOOL:NO						CATEGORY:Special Ability	TYPE:Mystic TheurgeClassFeatures											PLURAL:Mystic Theurge Class Features	DISPLAYLOCATION:Class Features
ABILITYCATEGORY:Shadowdancer Class Feature	VISIBLE:QUALIFY	EDITABLE:NO			EDITPOOL:NO						CATEGORY:Special Ability	TYPE:ShadowdancerClassFeatures												PLURAL:Shadowdancer Class Features		DISPLAYLOCATION:Class Features
ABILITYCATEGORY:Thaumaturgist Class Feature	VISIBLE:QUALIFY	EDITABLE:NO			EDITPOOL:NO						CATEGORY:Special Ability	TYPE:ThaumaturgistClassFeatures											PLURAL:Thaumaturgist Class Features		DISPLAYLOCATION:Class Features

ABILITYCATEGORY:Add Spoken Language			VISIBLE:QUALIFY	EDITABLE:NO			EDITPOOL:NO						CATEGORY:Special Ability	TYPE:AddSpokenLanguage														DISPLAYLOCATION:Class Features

ABILITYCATEGORY:Hierophant Align			VISIBLE:QUALIFY	EDITABLE:NO			EDITPOOL:NO						CATEGORY:Special Ability	TYPE:Hierophant Align												PLURAL:Hierophant Class Features		DISPLAYLOCATION:Class Features


ABILITYCATEGORY:Spell-Like Ability Selection	VISIBLE:QUALIFY	EDITABLE:NO			EDITPOOL:NO						CATEGORY:Special Ability							ABILITYLIST:Spell-Like Ability Selection ~ High Arcana								DISPLAYLOCATION:Class Features
