# CVS $Revision: 20472 $ $Author: zaister $ -- Wed Aug  7 14:58:43 2013 -- reformated by prettylst.pl v1.50 (build 20400)
SOURCELONG:Ultimate Campaign	SOURCESHORT:UCA	SOURCEWEB:http://paizo.com/products/btpy8x64?Pathfinder-Roleplaying-Game-Ultimate-Campaign	SOURCEDATE:2013-05
# ORIGINAL ENTRY: Stefan Radermacher
# ORIGINAL ENTRY DATE: 7 August 2013

###Block: Faith Traits
# Ability Name	Unique Key		Category of Ability		Type						Multiple Requirements																	Description																			Bonus to skill				Class Skill		Source Page		Description of the Benefits
Evasive Sting	KEY:Trait ~ Evasive Sting	CATEGORY:Special Ability	TYPE:Trait.BasicTrait.CombatTrait	PREMULT:1,[PREABILITY:1,CATEGORY=Special Ability,Trait ~ Evasive Sting],[!PREABILITY:1,CATEGORY=Special Ability,TYPE.CombatTrait]	DESC:Larger enemies have a hard time striking you.	BENEFIT:Larger enemies have a hard time striking you. You gain a +1 dodge bonus to AC against enemies that are both your favored enemy and at least two size categories larger than you.	SOURCEPAGE:p.53

###Block: Magic Traits
Perfectionist’s Brew			KEY:Perfectionist's Brew	CATEGORY:Special Ability	TYPE:Trait.BasicTrait.MagicTrait	PREMULT:1,[PREABILITY:1,CATEGORY=Special Ability,Trait ~ Perfectionist's Brew],[!PREABILITY:1,CATEGORY=Special Ability,TYPE.MagicTrait]	DESC:You know that potion recipes should be followed with exact precision.	BONUS:SKILL|Craft (Alchemy)|2|TYPE=Trait	ASPECT:SkillBonus|+2 trait bonus to Spellcraft to brew potions	SOURCEPAGE:p.58	BENEFIT:You gain a +2 trait bonus on all Craft (alchemy) checks and on Spellcraft checks made to brew potions.

###Block: Faith Traits
# Ability Name	Unique Key		Category of Ability		Type						Multiple Requirements																	Description																			Bonus to skill				Class Skill		Source Page		Description of the Benefits
Omen			KEY:Trait ~ Omen	CATEGORY:Special Ability	TYPE:Trait.BasicTrait.FaithTrait	PREMULT:1,[PREABILITY:1,CATEGORY=Special Ability,Trait ~ Omen],[!PREABILITY:1,CATEGORY=Special Ability,TYPE.FaithTrait]	DESC:You are the harbinger of some future event. Whether this event bodes good or ill, you exude an ominous presence.	BONUS:SKILL|Intimidate|1|TYPE=Trait	CSKILL:Intimidate	SOURCEPAGE:p.61	BENEFIT:You are the harbinger of some future event. Whether this event bodes good or ill, you exude an ominous presence. You gain a +1 trait bonus on Intimidate checks, and Intimidate is always a class skill for you. Once per day, you may attempt to demoralize an opponent as a swift action.

###Block: Social Traits
# Ability Name	Unique Key			Category of Ability		Type						Multiple Requirements																		Description																		Source Page		Description of the Benefits
Influence		KEY:Trait ~ Influence	CATEGORY:Special Ability	TYPE:Trait.BasicTrait.SocialTrait	PREMULT:1,[PREABILITY:1,CATEGORY=Special Ability,Trait ~ Influence],[!PREABILITY:1,CATEGORY=Special Ability,TYPE.SocialTrait]	DESC:Your position in society grants you special insight into others, and special consideration or outright awe from others.	BENEFIT:Your position in society grants you special insight into others, and special consideration or outright awe from others.Choose one of the following skills: Diplomacy, Intimidate, or Sense Motive. You gain a +1 trait bonus on that skill, and it is always a class skill for you.	CHOOSE:SKILL|Diplomacy|Intimidate|Sense Motive	MULT:YES	BONUS:SKILL|%LIST|1|TYPE=Trait	CSKILL:LIST	SOURCEPAGE:p.60
Ordinary		KEY:Trait ~ Ordinary	CATEGORY:Special Ability	TYPE:Trait.BasicTrait.SocialTrait	PREMULT:1,[PREABILITY:1,CATEGORY=Special Ability,Trait ~ Ordinary],[!PREABILITY:1,CATEGORY=Special Ability,TYPE.SocialTrait]	DESC:The only thing extraordinary about your appearance is its ordinariness.							SOURCEPAGE:p.61	BENEFIT:The only thing extraordinary about your appearance is its ordinariness. You carry yourself in an understated way, and many people who see your face soon forget it. You gain a +4 trait bonus on Stealth checks whenever you attempt to hide in a crowd.
Worldly		KEY:Trait ~ Worldly	CATEGORY:Special Ability	TYPE:Trait.BasicTrait.SocialTrait	PREMULT:1,[PREABILITY:1,CATEGORY=Special Ability,Trait ~ Worldly],[!PREABILITY:1,CATEGORY=Special Ability,TYPE.SocialTrait]	DESC:You have acquired an unusual breadth of life experience--more than others of your age, race, or culture.	SOURCEPAGE:p.61	BENEFIT:You have acquired an unusual breadth of life experience--more than others of your age, race, or culture. Once per day when attempting a skill check for a skill you're untrained in, you can roll twice and take the better result.

###Block: Race Traits
# Ability Name	Unique Key			Category of Ability		Type						Multiple Requirements																		Description																		Source Page		Description of the Benefits
Deathtouched (Fortitude Save)		OUTPUTNAME:Deathtouched	KEY:Trait ~ Deathtouched Fortitude	CATEGORY:Special Ability	TYPE:Trait.BasicTrait.RaceTrait	PREMULT:1,[PREABILITY:1,CATEGORY=Special Ability,Trait ~ Deathtouched Fortitude],[!PREABILITY:1,CATEGORY=Special Ability,TYPE.RaceTrait]	DESC:At some point you were tainted with the corruption of the undead, and you have gained some of their defenses.				SOURCEPAGE:p.62	BENEFIT:At some point you were tainted with the corruption of the undead, and you have gained some of their defenses. You gain a +1 trait bonus on Fortitude saving throws.	BONUS:CHECKS|Fortitude|1|TYPE=Trait
Deathtouched (Mind-Affecting Effects)	OUTPUTNAME:Deathtouched	KEY:Trait ~ Deathtouched Mind-Affecting	CATEGORY:Special Ability	TYPE:Trait.BasicTrait.RaceTrait.SaveBonus	PREMULT:1,[PREABILITY:1,CATEGORY=Special Ability,Trait ~ Deathtouched Mind-Affecting],[!PREABILITY:1,CATEGORY=Special Ability,TYPE.RaceTrait]	DESC:At some point you were tainted with the corruption of the undead, and you have gained some of their defenses.				SOURCEPAGE:p.62	BENEFIT:At some point you were tainted with the corruption of the undead, and you have gained some of their defenses. You gain a +2 trait bonus on saving throws against mind-affecting effects.	ASPECT:SaveBonus|+2 vs. mind-affecting effects
Scrapper						KEY:Trait ~ Scrapper		CATEGORY:Special Ability	TYPE:Trait.BasicTrait.RaceTrait	PREMULT:1,[PREABILITY:1,CATEGORY=Special Ability,Trait ~ Scrapper],[!PREABILITY:1,CATEGORY=Special Ability,TYPE.RaceTrait]	DESC:A childhood spent scrabbling for every possession and scrap of food has made you fierce and wary.	BENEFIT:A childhood spent scrabbling for every possession and scrap of food has made you fierce and wary. You receive a +1 trait bonus on all Intimidate checks made to demoralize opponents and a +1 trait bonus on all Perception checks to avoid being surprised.	SOURCEPAGE:p.62

#
# End
#


#Self-Taught Scholar
#	KEY:Trait ~ Self-Taught Scholar	
#	CATEGORY:Special Ability	
#	TYPE:Trait.MagicTrait.SpecialQuality	PREMULT:1,[PREABILITY:1,CATEGORY=Special Ability,Trait ~ Self-Taught Scholar],[!PREABILITY:1,CATEGORY=Special Ability,TYPE.MagicTrait]	
#	DESC:Being self-taught has made it necessary for you to scour all documentation you can get your hands on. Benefits: You gain a +1 trait bonus on Linguistics checks to decipher unfamiliar languages, and Linguistics is always a class skill for you. In addition, you gain a +1 trait bonus on Spellcraft checks made to decipher the writing on a scroll.
#	BONUS:SITUATION|Linguistics=decipher unfamiliar languages|1|TYPE=Trait
#	BONUS:SITUATION|Spellcraft=decipher the writing on a scroll|1|TYPE=Trait
#	CSKILL:Linguistics

#Skill file:
#Linguistics.MOD	SITUATION:decipher unfamiliar languages
#Spellcraft.MOD	SITUATION:decipher the writing on a scroll


 
