SOURCELONG:Advanced Player's Guide	SOURCESHORT:PFAPG	SOURCEWEB:http://paizo.com/store/downloads/pathfinder/pathfinderRPG/v5748btpy8fo1	SOURCEDATE:2010-08
# Original Entry by: Eric C. Smith (Maredudd)

# SIMPLE WEAPONS
# -- unarmed
# Weapon Name			Type																		Nb Hands
#Brass Knuckles			TYPE:Simple.Melee.Unarmed.Bludgeoning

# -- light melee
#Dagger				TYPE:Simple.Melee.Ranged.Dagger.Piercing.Slashing.MeleeSlashing.MeleePiercing.RangedPiercing.RangedSlashing
Cestus				TYPE:Simple.Melee.Light.Bludgeoning.Piercing
Wooden Stake		TYPE:Simple.Melee.Light.Piercing

# -- 2-handers
#Longspear				TYPE:Simple.Melee.Piercing.MeleePiercing.Spear.TwoHanded
Bayonet
Spear (Boar)

# Martial
# 1-handers
#Battleaxe				TYPE:Martial.Melee.Slashing.MeleeSlashing.Axe
Sword (Cane)

# 2-handers
#Falchion				TYPE:Martial.Melee.Slashing.MeleeSlashing.Sword.TwoHanded
Bardiche
Bed de corbin
Bill
Glaive-guisarme
Hammer (Lucern)

# --ranged
#Longbow				TYPE:Martial.Ranged.Piercing.RangedPiercing.Bow											HANDS:2
Chakram
Pilum

# EXOTIC
# -- light
#Kama					TYPE:Exotic.Melee.Slashing.MeleeSlashing
Dagger (Swordbreaker)

# -- 1-handers
#Whip					TYPE:Exotic.Melee.Slashing.MeleeSlashing.Reach
Falcata
Khopesh
Sword (Temple)

# -- 2-handers
#Axe (Orc Double)			TYPE:Exotic.Melee.Slashing.MeleeSlashing.Orc.Axe.DoubleWeapon.TwoHanded
Chain Spear
Mancatcher

# -- ranged
Boomerang					TYPE:Exotic.Ranged.Bludgeoning.RangedBludgeoning
Crossbow (Double)	TYPE:Exotic.Ranged.Piercing.RangedPiercing.Crossbow										HANDS:2
Lasso
