# CVS $Revision: 12957 $ $Author: jbaril $ -- Tue May 15 14:56:19 2012 -- reformated by prettylst.pl v1.39 (build 16265)
SOURCELONG:Adventurer's Armory	SOURCESHORT:PFAA	SOURCEWEB:http://paizo.com/store/games/roleplayingGames/p/pathfinderRPG/paizo/pathfinderCompanion/v5748btpy8dmf	SOURCEDATE:2009-06
# Original RSRD Entry by: PCGen Data Team
# Pathfinder RPG Entry by: Jeff Baril

###Block: Weapons
#Simple Light Weapon
# Equipment Name			Output Name				Required Weapon Proficiency			Type														Cost		Weight	Critical Hit Multiplier	Critical Hit Range	Damage	Modifier			Wield Category	Range		Source Page				Special Property
Hanbo										PROFICIENCY:WEAPON|Hanbo			TYPE:Weapon.Melee.Light.Finesseable.Simple.Standard.Bludgeoning				COST:10	WT:2		CRITMULT:x2			CRITRANGE:10		DAMAGE:1d6	EQMOD:WOOD.MONK.TRIP	WIELD:Light				SOURCEPAGE:p.39

#One-Handed Light Weapons
#TODOClub (Mere)				OUTPUTNAME:Mere Club		PROFICIENCY:WEAPON|Mere Club			TYPE:Weapon.Melee.OneHanded.Simple.Standard.Bludgeoning.Piercing.Club			COST:2	WT:3		CRITMULT:x2			CRITRANGE:1			DAMAGE:1d4	EQMOD:STONE			WIELD:OneHanded			SOURCEPAGE:p.4

#Light Martial Melee Weapons
Blade Boot									PROFICIENCY:WEAPON|Blade Boot			TYPE:Weapon.Martial.Melee.Light.Finesseable.Standard.Dagger.Piercing.Clothing		COST:25	WT:1		CRITMULT:x2			CRITRANGE:1			DAMAGE:1d4	EQMOD:STEEL			WIELD:Light				SOURCEPAGE:p.2			SPROP:Considered offhand for attacks
#Dogslicer									PROFICIENCY:WEAPON|Dogslicer			TYPE:Weapon.Martial.Melee.Finesseable.Standard.Slashing								COST:8		WT:1				CRITMULT:x2			CRITRANGE:2			DAMAGE:1d6	EQMOD:STEEL	WIELD:Light							SOURCEPAGE:front cover
Knife (Switchblade)		OUTPUTNAME:Switchblade Knife	PROFICIENCY:WEAPON|Switchblade Knife	TYPE:Weapon.Martial.Melee.Light.Finesseable.Standard.Dagger.Piercing			COST:5	WT:1		CRITMULT:x2			CRITRANGE:2			DAMAGE:1d4	EQMOD:STEEL			WIELD:Light				SOURCEPAGE:p.5			SPROP:Activate as a free action
#War Razor									PROFICIENCY:WEAPON|War Razor			TYPE:Weapon.Martial.Melee.Finesseable.Standard.Slashing								COST:8	WT:1				CRITMULT:x2			CRITRANGE:2			DAMAGE:1d4	EQMOD:STEEL	WIELD:Light							SOURCEPAGE:front cover

#One-Handed Martial Melee Weapons
Scabbard (combat sharpened)	OUTPUTNAME:Combat Scabbard	PROFICIENCY:WEAPON|Combat Scabbard		TYPE:Weapon.Martial.Melee.Standard.Slashing							COST:10	WT:1		CRITMULT:x2			CRITRANGE:3			DAMAGE:1d6	EQMOD:STEEL			WIELD:OneHanded			SOURCEPAGE:p.3
#Klar (as weapon)								PROFICIENCY:WEAPON|Klar					TYPE:Weapon.Martial.Melee.Standard.Slashing										COST:12	WT:6				CRITMULT:x2			CRITRANGE:1			DAMAGE:1d6	EQMOD:STEEL	WIELD:OneHanded						SOURCEPAGE:p.18
Scizone									PROFICIENCY:WEAPON|Scizone			TYPE:Weapon.Martial.Melee.Standard.Piercing							COST:20	WT:3		CRITMULT:x2			CRITRANGE:1			DAMAGE:1d6	EQMOD:STEEL			WIELD:OneHanded			SOURCEPAGE:p.4
Terbutje									PROFICIENCY:WEAPON|Terbutje			TYPE:Weapon.Martial.Melee.Standard.Slashing							COST:5	WT:2		CRITMULT:x2			CRITRANGE:2			DAMAGE:1d6	EQMOD:WOOD			WIELD:OneHanded			SOURCEPAGE:p.5			SPROP:Broken on a fumble (1)
Terbutje (steel)								PROFICIENCY:WEAPON|Terbutje			TYPE:Weapon.Martial.Melee.Standard.Slashing							COST:20	WT:4		CRITMULT:x2			CRITRANGE:2			DAMAGE:1d6	EQMOD:STEEL			WIELD:OneHanded			SOURCEPAGE:p.5


#Two-Handed Martial Melee Weapons
#Earth Breaker								PROFICIENCY:WEAPON|Earth Breaker		TYPE:Weapon.Martial.Melee.Standard.Bludgeoning										COST:40	WT:14				CRITMULT:x3			CRITRANGE:1			DAMAGE:2d6	EQMOD:STEEL	WIELD:TwoHanded						SOURCEPAGE:front cover
#Horsechopper								PROFICIENCY:WEAPON|Horsechopper		TYPE:Weapon.Martial.Melee.Standard.Piercing.Slashing									COST:10	WT:12				CRITMULT:x3			CRITRANGE:1			DAMAGE:1d10	EQMOD:STEEL	WIELD:TwoHanded						SOURCEPAGE:p.18
#Ogre Hook									PROFICIENCY:WEAPON|Ogre Hook			TYPE:Weapon.Martial.Melee.Standard.Piercing										COST:24	WT:10				CRITMULT:x3			CRITRANGE:1			DAMAGE:1d10	EQMOD:STEEL.TRIP	WIELD:TwoHanded						SOURCEPAGE:front cover

#Light Exotic Melee Weapons
Maulaxe (Dwarven)								PROFICIENCY:WEAPON|Maulaxe			TYPE:Weapon.Exotic.Melee.Finesseable.Thrown.Standard.Dwarven.Bludgeoning.Slashing	COST:25	WT:5		CRITMULT:x3			CRITRANGE:1			DAMAGE:1d6	EQMOD:STEEL			WIELD:Light		RANGE:10	SOURCEPAGE:p.209
#Sawtooth Sabre								PROFICIENCY:WEAPON|Sawtooth Sabre		TYPE:Weapon.Exotic.Melee.Finesseable.Standard.Slashing								COST:35	WT:2				CRITMULT:x2			CRITRANGE:2			DAMAGE:1d8	EQMOD:STEEL	WIELD:Light							SOURCEPAGE:p.18

#One-Handed Exotic Melee Weapons
#Dueling Sword (Aldori)	OUTPUTNAME:Aldori Dueling Sword	PROFICIENCY:WEAPON|Aldori Dueling Sword	TYPE:Weapon.Exotic.Finesseable.Melee.Standard.Slashing										COST:20	WT:3				CRITMULT:x2			CRITRANGE:2			DAMAGE:1d8	EQMOD:STEEL	WIELD:OneHanded						SOURCEPAGE:p.18  SPROP:Finesse - use Dex mod; Two-Handed - 1.5x Str bonus
#Urumi										PROFICIENCY:WEAPON|Urumi			TYPE:Weapon.Exotic.Melee.Standard.Slashing										COST:50	WT:6				CRITMULT:x2			CRITRANGE:3			DAMAGE:1d8	EQMOD:STEEL	WIELD:OneHanded				SOURCEPAGE:back cover

#Two-Handed Exotic Melee Weapons
Chain Spear (flying talon)						PROFICIENCY:WEAPON|Chain Spear		TYPE:Weapon.Exotic.Melee.Finesseable.Standard.Piercing.Slashing				COST:15	WT:5		CRITMULT:x2			CRITRANGE:1			DAMAGE:1d4	EQMOD:STEEL.TRIP		WIELD:TwoHanded			SOURCEPAGE:p.3
#TODOScarf (Bladed)			OUTPUTNAME:Bladed Scarf		PROFICIENCY:WEAPON|Bladed Scarf		TYPE:Weapon.Exotic.Melee.Finesseable.Standard.Slashing					COST:12	WT:2		CRITMULT:x2			CRITRANGE:1			DAMAGE:1d6	EQMOD:STEEL.DISARM.TRIP	WIELD:TwoHanded			SOURCEPAGE:p.209back cover
#Exotic Ranged Weapons
Bola (Shoanti)			OUTPUTNAME:Shoanti Bola		PROFICIENCY:WEAPON|Shoanti Bola		TYPE:Weapon.Exotic.Ranged.Thrown.Standard.Bludgeoning						COST:15	WT:2		CRITMULT:x2			CRITRANGE:1			DAMAGE:1d4	EQMOD:WOOD						RANGE:10	SOURCEPAGE:back cover



###REACHMULT:2

###Block: Ammunition
# Equipment Name		Output Name					Type							Cost		Weight	Base Quantity	Modifier	Requires Modification?	Source Page		Special Property
Arrow (Whistling/20)	OUTPUTNAME:Arrows, Whistling (20)	TYPE:Ammunition.Standard.Arrow		COST:2	WT:3		BASEQTY:20		EQMOD:WOOD	MODS:YES			SOURCEPAGE:p.2	SPROP:Load keening sound audible within 500 ft of flight path
Arrow (Thistle)		OUTPUTNAME:Arrow, Thistle		TYPE:Ammunition.Standard.Arrow.Individual	COST:1	WT:0.15	BASEQTY:1		EQMOD:WOOD	MODS:YES			SOURCEPAGE:p.18	SPROP:Bleed dmg for 1d6 rnds after hit
Bullets (Groaning/10)	OUTPUTNAME:Bullets, Groaning (10)	TYPE:Ammunition.Standard.Bullet		COST:2	WT:500	BASEQTY:10		EQMOD:STEEL	MODS:YES			SOURCEPAGE:p.3	SPROP:Eerie moan audible within 500 ft of flight path
#Stingchuck
