SOURCELONG:Quintessential Samurai	SOURCESHORT:mpgqs	
#SOURCEWEB:www.mongoose.com
# Original Entry by: Andrew Maitland


# Weapons
Katana		PROFICIENCY:WEAPON|Katana		TYPE:Weapon.Melee.Slashing.Exotic	DAMAGE:1d10		SIZE:M	WIELD:TwoHanded	CRITRANGE:2	CRITMULT:x2	WT:6			BONUS:WEAPON|WIELDCATEGORY|-1|PREFEAT:1,Exotic Weapon Proficiency (Katana)
Wakizashi		PROFICIENCY:WEAPON|Wakizashi		TYPE:Weapon.Melee.Slashing		DAMAGE:1d6		SIZE:S	WIELD:OneHanded	CRITRANGE:2	CRITMULT:x2	WT:3	COST:100

# Armors - This is a Piece Meal operation, will take some consideration to implement correctly.
# Do = Base Armor, everything else is built upon it.
Do (Leather)	COST:10	PROFICIENCY:ARMOR|Do	TYPE:Armor.Specific.Light	BONUS:COMBAT|AC|SamuraiArmorBonus|TYPE=Armor	BONUS:VAR|SamuraiArmorBonus|2|TYPE=Do	MAXDEX:6	ACCHECK:0	SPELLFAILURE:10	WT:10
Do (Metal)		COST:75	PROFICIENCY:ARMOR|Do	TYPE:Armor.Specific.Light	BONUS:COMBAT|AC|SamuraiArmorBonus|TYPE=Armor	BONUS:VAR|SamuraiArmorBonus|3|TYPE=Do	MAXDEX:5	ACCHECK:0	SPELLFAILURE:15	WT:15
#
Haidate (Leather)	COST:10	TYPE:SamuraiArmorAddon	BONUS:VAR|SamuraiArmorBonus|1|TYPE=Haidate	MAXDEX:-1	ACCHECK:-1	SPELLFAILURE:0	WT:5
Haidate (Metal)	COST:50	TYPE:SamuraiArmorAddon	BONUS:VAR|SamuraiArmorBonus|2|TYPE=Haidate	MAXDEX:-1	ACCHECK:-2	SPELLFAILURE:5	WT:10
Haidate (Kabuto)	COST:50	TYPE:SamuraiArmorAddon	BONUS:VAR|SamuraiArmorBonus|1|TYPE=Haidate	MAXDEX:0	ACCHECK:-1	SPELLFAILURE:5	WT:5

Kote (Leather)	COST:10	TYPE:SamuraiArmorAddon	BONUS:VAR|SamuraiArmorBonus|1|TYPE=Kote	MAXDEX:-1	ACCHECK:-1	SPELLFAILURE:5	WT:3
Kote (Metal)	COST:50	TYPE:SamuraiArmorAddon	BONUS:VAR|SamuraiArmorBonus|2|TYPE=Kote	MAXDEX:-1	ACCHECK:-1	SPELLFAILURE:10	WT:6
Kote (Mempo)	COST:25	TYPE:SamuraiArmorAddon	BONUS:VAR|SamuraiArmorBonus|0|TYPE=Kote	MAXDEX:0	ACCHECK:0	SPELLFAILURE:0	WT:2
Kote (Sode)		COST:30	TYPE:SamuraiArmorAddon	BONUS:VAR|SamuraiArmorBonus|1|TYPE=Kote	MAXDEX:0	ACCHECK:-1	SPELLFAILURE:5	WT:5

Sune-Ate (Leather)	COST:15	TYPE:SamuraiArmorAddon	BONUS:VAR|SamuraiArmorBonus|1|TYPE=SuneAte	MAXDEX:-1	ACCHECK:-1	SPELLFAILURE:0	WT:5
Sune-Ate (Metal)		COST:50	TYPE:SamuraiArmorAddon	BONUS:VAR|SamuraiArmorBonus|2|TYPE=SuneAte	MAXDEX:-2	ACCHECK:-2	SPELLFAILURE:0	WT:10
Sune-Ate (Wakibiki)	COST:10	TYPE:SamuraiArmorAddon	BONUS:VAR|SamuraiArmorBonus|1|TYPE=SuneAte	MAXDEX:-1	ACCHECK:-1	SPELLFAILURE:5	WT:5
Sune-Ate (Yugake)		COST:10	TYPE:SamuraiArmorAddon	BONUS:VAR|SamuraiArmorBonus|0|TYPE=SuneAte	MAXDEX:0	ACCHECK:0	SPELLFAILURE:0	WT:1



