
###Block: Tools
Armourer Kit		SOURCEPAGE:p.45	TYPE:Tool	COST:50	WT:10
Battle Fan			SOURCEPAGE:p.45	TYPE:Tool	COST:10	WT:1
Saddle (Masterword)	SOURCEPAGE:p.46	TYPE:Tool	COST:100	WT:25
Signal Mirror (Hand)	SOURCEPAGE:p.46	TYPE:Tool	COST:5	WT:0.1
Signal Mirror (Tower)	SOURCEPAGE:p.46	TYPE:Tool	COST:100	WT:20

###Block: Bows and Arrows
Daikyu			TYPE:Weapon.Ranged.Bow	RANGE:110	DAMAGE:1d8	CRITMULT:x3	CRITRANGE:1	COST:100	WT:5
Daikyu (Mighty +1)	TYPE:Weapon.Ranged.Bow	RANGE:110	DAMAGE:1d8	CRITMULT:x3	CRITRANGE:1	COST:200	WT:5
Daikyu (Mighty +2)	TYPE:Weapon.Ranged.Bow	RANGE:110	DAMAGE:1d8	CRITMULT:x3	CRITRANGE:1	COST:300	WT:5
Daikyu (Mighty +3)	TYPE:Weapon.Ranged.Bow	RANGE:110	DAMAGE:1d8	CRITMULT:x3	CRITRANGE:1	COST:400	WT:5
Daikyu (Mighty +4)	TYPE:Weapon.Ranged.Bow	RANGE:110	DAMAGE:1d8	CRITMULT:x3	CRITRANGE:1	COST:500	WT:5
Daikyu (Mighty +5)	TYPE:Weapon.Ranged.Bow	RANGE:110	DAMAGE:1d8	CRITMULT:x3	CRITRANGE:1	COST:600	WT:5
Yumi				TYPE:Weapon.Ranged.Bow	RANGE:70	DAMAGE:1d8	CRITMULT:x3	CRITRANGE:1	COST:75	WT:3
Yumi (Mighty +1)		TYPE:Weapon.Ranged.Bow	RANGE:70	DAMAGE:1d8	CRITMULT:x3	CRITRANGE:1	COST:150	WT:3
Yumi (Mighty +2)		TYPE:Weapon.Ranged.Bow	RANGE:70	DAMAGE:1d8	CRITMULT:x3	CRITRANGE:1	COST:250	WT:3
Yumi (Mighty +3)		TYPE:Weapon.Ranged.Bow	RANGE:70	DAMAGE:1d8	CRITMULT:x3	CRITRANGE:1	COST:350	WT:3
Yumi (Mighty +4)		TYPE:Weapon.Ranged.Bow	RANGE:70	DAMAGE:1d8	CRITMULT:x3	CRITRANGE:1	COST:450	WT:3
Yumi (Mighty +5)		TYPE:Weapon.Ranged.Bow	RANGE:70	DAMAGE:1d8	CRITMULT:x3	CRITRANGE:1	COST:550	WT:3

Arrow (Ya)
Arrow (Karimata)
Arrow (Togari-Ya)
Arrow (Yanagi-Ba)
Arrow (Watakusi)
Arrow (Demonslayer)

###Block: Accessories
Tsuru
Tsurumaki
Yazutsu
Yumibukuro
Fudeko


###Block: EQMODs Armor
Honorable					PLUS:2
Kata Memory					PLUS:2
Ki Funnel					PLUS:2
Ki Light					PLUS:1	SPROP:Cherry Blossom Flare 2 Ki; Sun Streamer 5 Ki; Lunar Radiance 5 Ki



