# CVS $Revision: $ $Author: $ -- Sun Jun 29 20:21:35 2008 -- reformated by prettylst.pl v1.38 (build 6887)

#Original Entry: Andrew Maitland

###Block: Monster Abilities
# Ability Name			Type						Special ABility					Define			Innate Spells																					Add to vision					Vision		CATEGROY
Darkvision																																												BONUS:VISION|Darkvision|DarkvisionRange	VISION:Darkvision	CATEGROY:Special Ability
Low-light Vision																																																		VISION:Low-light	CATEGROY:Special Ability

#Ercinee Abilities ------------------------------------------------
Unstable Screech			TYPE:SpecialAttack.Supernatural	SAB:Unstable Screech (Su)																																								CATEGROY:Special Ability
Lighted Way				TYPE:SpecialQuality.Supernatural	SAB:Lighted Way (Su)																																									CATEGROY:Special Ability
Radiance				TYPE:SpecialQuality.SpellLike		SAB:Radiance (Sp)																																										CATEGROY:Special Ability
ErcineeSpelllike Abilities																		SPELLS:Innate|TIMES=ATWILL|CASTERLEVEL=6|Dancing Lights|Light	SPELLS:Race|TIMES=3|CASTERLEVEL=6|Searing Light															CATEGROY:Special Ability

#Marsh Giant ---------------------
MarshGiant Abilities																			SPELLS:Race|TIMES=2|CASTERLEVEL=6|Bestow Curse,15|Fog Cloud	SPELLS:Race|TIMES=1|CASTERLEVEL=6|Augury																	CATEGROY:Special Ability
Rock Throwing			TYPE:SpecialAttack.Extraordinary	SAB:Rock Throwing (Ex) %'|RockThrowRange	DEFINE:RockThrowRange|0																																		CATEGROY:Special Ability
Rock Catching			TYPE:SpecialQuality.Extraordinary	SAB:Rock Catching (Ex)																																									CATEGROY:Special Ability
#Variant -------------------------------------------
Brineborn Abilities																			SPELLS:Innate|TIMES=ATWILL|CASTERLEVEL=6|Speak with Animals	SPELLS:Race|TIMES=3|CASTERLEVEL=6|Contagion,15|Diminish Plants,14|Quench,14											CATEGROY:Special Ability
Amphibious				TYPE:SpecialQuality.Extraordinary	SAB:Amphibious																																										CATEGROY:Special Ability
###

Withfire Abilities																			SPELLS:Innate|TIMES=ATWILL|CASTERLEVEL=9|Dancing Lights|Disguise Self|Ghost Sound,17|Invisibility|Pyrotechnics,18|Ray of Enfeeblement											CATEGROY:Special Ability
Mimicry				TYPE:SpecialQuality.Extraordinary	SAB:Mimicry (Ex)																																										CATEGROY:Special Ability
Summon Will-O-Wisps		TYPE:Supernatural				SAB:Summon Will-O’-Wisps (Sp)																																								CATEGROY:Special Ability
Witchflame				TYPE:SpecialAttack.Supernatural	SAB:Witchflame (Su)																																									CATEGROY:Special Ability
Witchflame Aura			TYPE:SpecialQuality.Supernatural	SAB:Witchflame Aura (Su)																																								CATEGROY:Special Ability



Paralyzing Gaze			TYPE:SpecialAttack.Supernatural	SAB:Paralyzing Gaze (Su)																																								CATEGROY:Special Ability
Rend					TYPE:SpecialAttack.Extraordinary	SAB:Rend (Ex)																																										CATEGROY:Special Ability
Summon Demons			TYPE:SpecialQuality.SpellLike		SAB:Summon Demons (Sp)																																									CATEGROY:Special Ability
True Seeing				TYPE:SpecialQuality.Supernatural	SAB:True Seeing (Su)																																									CATEGROY:Special Ability





#Immune to Fire|Incorporeal Traits|Undead Traits|Darkvision
