# CVS $Revision: $ $Author: $ -- Sat Oct  2 07:51:20 2010 -- reformated by prettylst.pl v1.38 (build 6875)
SOURCELONG:Arms and Armor	SOURCESHORT:arms	SOURCEWEB:http://dragonwing.net/	SOURCEDATE:2001-01

# Equipment Name			Required Proficiency		Type								Cost		Weight	Required Class	AC Penalty Check	Maximum DEX Bonus	Source Page		% of Spell Failure	Virtual Feat	Damage Reduction	Innate Spells										Save checks bonus							Combat bonus													Bonus to skill					Stat bonus					Weapon prop. bonus				Special Property
#Barbarian-----------------------------------
# Equipment Name					Cost		Output Name					Required Proficiency				Type											Contains		Weight	AC Penalty Check	Base Item for EQMOD		Modifier				Maximum DEX Bonus	Source Page		% of Spell Failure	Virtual Feat	Ability										Damage Reduction	Innate Spells													Save checks bonus							Combat bonus																Bonus to skill									Stat bonus					Modify VAR										Special Property																																																Automaticaly Added to Inventory
Armor of the Bull					COST:4335							PROFICIENCY:ARMOR|Hide				TYPE:Magic.Armor.Medium.Standard.Suit.Specific							WT:25		ACCHECK:-3		BASEITEM:Hide			EQMOD:PLUS2A			MAXDEX:4		SOURCEPAGE:p.77	SPELLFAILURE:20																			SPELLS:Armor of the Bull|TIMES=1|CASTERLEVEL=6|Bull's Strength
Berserker's Mail					COST:10400							PROFICIENCY:ARMOR|Chainmail			TYPE:Magic.Armor.Medium.Standard.Suit.Specific							WT:40		ACCHECK:-5		BASEITEM:Chainmail		EQMOD:PLUS3A			MAXDEX:2		SOURCEPAGE:p.77	SPELLFAILURE:30																																																																														BONUS:VAR|RageBonus|4	BONUS:VAR|RageTimes|1

#Bardic--------------------------------------
Scale of the Troubadour				COST:4770							PROFICIENCY:ARMOR|Scale Mail			TYPE:Magic.Armor.Medium.Standard.Suit.Specific							WT:30		ACCHECK:-4		BASEITEM:Scale Mail		EQMOD:PLUS2A			MAXDEX:3		SOURCEPAGE:p.77	SPELLFAILURE:25																																																													BONUS:SKILL|Perform|6|TYPE=Enhancement					BONUS:STAT|CHA|2|TYPE=Enhancement

#Cleric--------------------------------------
Blessed Mail					COST:4250							PROFICIENCY:ARMOR|Banded Mail			TYPE:Magic.Armor.Heavy.Standard.Suit.Secific							WT:35		ACCHECK:-6		BASEITEM:Banded Mail		EQMOD:PLUS1A			MAXDEX:1		SOURCEPAGE:p.77	SPELLFAILURE:35																																		BONUS:CHECKS|Fortitude,Reflex,Will|1|TYPE=Morale	BONUS:COMBAT|DAMAGE,TOHIT|1|TYPE=Morale
Saintly Mantle ~ Mantle of the Penitent	COST:14850	OUTPUTNAME:Mantle of the Penitent	PROFICIENCY:ARMOR|Bishop's Mantle		TYPE:Magic.Armor.Light.Cape.Standard.Metal							WT:10		ACCHECK:-1		BASEITEM:Bishop's Mantle	EQMOD:PLUS3A			MAXDEX:6		SOURCEPAGE:p.77	SPELLFAILURE:5																			SPELLS:Mantle of the Penitent|TIMES=1|CASTERLEVEL=3|Clairaudience/Clairvoyance																																								BONUS:STAT|INT|2|TYPE=Enhancement
Saintly Mantle ~ Mantle of the Pure		COST:14850	OUTPUTNAME:Mantle of the Pure		PROFICIENCY:ARMOR|Bishop's Mantle		TYPE:Magic.Armor.Light.Cape.Standard.Metal							WT:10		ACCHECK:-1		BASEITEM:Bishop's Mantle	EQMOD:PLUS3A			MAXDEX:6		SOURCEPAGE:p.77	SPELLFAILURE:5																			SPELLS:Mantle of the Pure|TIMES=1|CASTERLEVEL=3|Water Walk																																												BONUS:STAT|DEX|2|TYPE=Enhancement
Saintly Mantle ~ Mantle of the Humble	COST:14850	OUTPUTNAME:Mantle of the Humble	PROFICIENCY:ARMOR|Bishop's Mantle		TYPE:Magic.Armor.Light.Cape.Standard.Metal							WT:10		ACCHECK:-1		BASEITEM:Bishop's Mantle	EQMOD:PLUS3A			MAXDEX:6		SOURCEPAGE:p.77	SPELLFAILURE:5																			SPELLS:Mantle of the Humble|TIMES=1|CASTERLEVEL=3|Remove Curse																																											BONUS:STAT|WIS|2|TYPE=Enhancement
Saintly Mantle ~ Mantle of the Blessed	COST:14850	OUTPUTNAME:Mantle of the Blessed	PROFICIENCY:ARMOR|Bishop's Mantle		TYPE:Magic.Armor.Light.Cape.Standard.Metal							WT:10		ACCHECK:-1		BASEITEM:Bishop's Mantle	EQMOD:PLUS3A			MAXDEX:6		SOURCEPAGE:p.77	SPELLFAILURE:5																			SPELLS:Mantle of the Blessed|TIMES=1|CASTERLEVEL=3|Prayer																																												BONUS:STAT|CHA|2|TYPE=Enhancement
Saintly Mantle ~ Mantle of the Holy		COST:14850	OUTPUTNAME:Mantle of the Holy		PROFICIENCY:ARMOR|Bishop's Mantle		TYPE:Magic.Armor.Light.Cape.Standard.Metal							WT:10		ACCHECK:-1		BASEITEM:Bishop's Mantle	EQMOD:PLUS3A			MAXDEX:6		SOURCEPAGE:p.77	SPELLFAILURE:5																			SPELLS:Mantle of the Holy|TIMES=1|CASTERLEVEL=3|Cure Serious Wounds																																										BONUS:STAT|CON|2|TYPE=Enhancement
Saintly Mantle ~ Mantle of the Righteous	COST:14850	OUTPUTNAME:Mantle of the Righteous	PROFICIENCY:ARMOR|Bishop's Mantle		TYPE:Magic.Armor.Light.Cape.Standard.Metal							WT:10		ACCHECK:-1		BASEITEM:Bishop's Mantle	EQMOD:PLUS3A			MAXDEX:6		SOURCEPAGE:p.77	SPELLFAILURE:5																			SPELLS:Mantle of the Righteous|TIMES=1|CASTERLEVEL=3|Searing Light,12																																										BONUS:STAT|STR|2|TYPE=Enhancement

#Druidic--------------------------------------
Furious Vestment					COST:14050							PROFICIENCY:ARMOR|Robe of Yew Leaves	TYPE:Magic.Armor.Light.Suit.Standard.Nonmetal							WT:2		ACCHECK:0		BASEITEM:Robe of Yew Leaves	EQMOD:PLUS2A						SOURCEPAGE:p.78																																																																																	BONUS:VAR|WildShapeTimes|1|PREVARGTEQ:WildShapeProgression,4	SPROP:Wearer take the form of dire animals when using her wild shape ability|PRECLASS:1,Druid=1

#Fighter--------------------------------------
Valiant Breastplate				COST:20200							PROFICIENCY:ARMOR|Breastplate			TYPE:Magic.Armor.Medium.Standard.Suit.Specific							WT:30		ACCHECK:-4		BASEITEM:Breastplate		EQMOD:PLUS2A			MAXDEX:3		SOURCEPAGE:p.78	SPELLFAILURE:25																																																																																									SPROP:Grants a damage reduction of 10/+2 against ranged weapons

#Paladin--------------------------------------
Armor of Faith					COST:28500							PROFICIENCY:ARMOR|Full Plate			TYPE:Magic.Armor.Heavy.Stanard.Suit.Specific							WT:50		ACCHECK:-6		BASEITEM:Full Plate		EQMOD:PLUS3A			MAXDEX:1		SOURCEPAGE:p.78	SPELLFAILURE:35																																																																																									SPROP:Deals 2d6 points of holy damage per round to any evil creature that strikes the wearer.

#Rogue----------------------------------------
Subdermal Armor +1				COST:9000							PROFICIENCY:ARMOR|Subdermal			TYPE:Magic.Armor.Light.Standard.Specific								WT:5		ACCHECK:0												MAXDEX:8		SOURCEPAGE:p.78	SPELLFAILURE:5																																											BONUS:COMBAT|AC|1|TYPE=NaturalArmor.REPLACE	BONUS:COMBAT|AC|1|TYPE=NaturalArmorEnhancement.REPLACE
Subdermal Armor +2				COST:16000							PROFICIENCY:ARMOR|Subdermal			TYPE:Magic.Armor.Light.Standard.Specific								WT:5		ACCHECK:0												MAXDEX:8		SOURCEPAGE:p.78	SPELLFAILURE:5																																											BONUS:COMBAT|AC|1|TYPE=NaturalArmor.REPLACE	BONUS:COMBAT|AC|2|TYPE=NaturalArmorEnhancement.REPLACE
Subdermal Armor +3				COST:25000							PROFICIENCY:ARMOR|Subdermal			TYPE:Magic.Armor.Light.Standard.Specific								WT:5		ACCHECK:0												MAXDEX:8		SOURCEPAGE:p.78	SPELLFAILURE:5																																											BONUS:COMBAT|AC|1|TYPE=NaturalArmor.REPLACE	BONUS:COMBAT|AC|3|TYPE=NaturalArmorEnhancement.REPLACE
Subdermal Armor +4				COST:36000							PROFICIENCY:ARMOR|Subdermal			TYPE:Magic.Armor.Light.Standard.Specific								WT:5		ACCHECK:0												MAXDEX:8		SOURCEPAGE:p.78	SPELLFAILURE:5																																											BONUS:COMBAT|AC|1|TYPE=NaturalArmor.REPLACE	BONUS:COMBAT|AC|4|TYPE=NaturalArmorEnhancement.REPLACE
Subdermal Armor +5				COST:49000							PROFICIENCY:ARMOR|Subdermal			TYPE:Magic.Armor.Light.Standard.Specific								WT:5		ACCHECK:0												MAXDEX:8		SOURCEPAGE:p.78	SPELLFAILURE:5																																											BONUS:COMBAT|AC|1|TYPE=NaturalArmor.REPLACE	BONUS:COMBAT|AC|5|TYPE=NaturalArmorEnhancement.REPLACE

#Sorcerer/Wizard------------------------------
Robe of Focusing					COST:16745							PROFICIENCY:ARMOR|Armored Robe		TYPE:Magic.Armor.Light.Suit.Standard.Nonmetal							WT:15		ACCHECK:-1		BASEITEM:Armored Robe		EQMOD:PLUS3A			MAXDEX:5		SOURCEPAGE:p.79																			DR:2/-																																												BONUS:SKILL|Concentration|2|TYPE=Circumstance
Tangled Web						COST:49820							PROFICIENCY:ARMOR|Silken Web			TYPE:Magic.Armor.Light.Suit.Nonmetal.Specific							WT:1		ACCHECK:0		BASEITEM:Silken Web		EQMOD:PLUS4A						SOURCEPAGE:p.79																																																																BONUS:SKILL|Spellcraft|6|TYPE=Insight																						SPROP:The wearer is protected from scrying and similar effects.  All such attempts automatically fail and the wearer is notified.

#Miscellaneous--------------------------------
Armor of the Wilderness				COST:2025							PROFICIENCY:ARMOR|Studded Leather		TYPE:Magic.Armor.Light.Standard.Suit.Specific							WT:20		ACCHECK:-1		BASEITEM:Studded Leather	EQMOD:PLUS2A.RST_CLD		MAXDEX:5		SOURCEPAGE:p.79	SPELLFAILURE:15		VFEAT:Track																																								BONUS:COMBAT|AC|5|TYPE=Armor.REPLACE												BONUS:SKILL|Wilderness Lore|4|TYPE=Compeence|PREFEAT:1,Track																		SPROP:To find tracks or to follow them for one mile requires a Wilderness Lore check.|!PREFEAT:1,Track
Banderskin						COST:29015							PROFICIENCY:ARMOR|Hide				TYPE:Magic.Armor.Medium.Standard.Suit.Specific							WT:20		ACCHECK:-3		BASEITEM:Hide			EQMOD:PLUS2A			MAXDEX:4		SOURCEPAGE:p.79	SPELLFAILURE:20					ABILITY:Special Ability|AUTOMATIC|Banderskin Armor Abilities																																																																										SPROP:grants a bonus of +2 vs mazes and riddles
Battle Plate (Full Plate Form)		COST:83500							PROFICIENCY:ARMOR|Full Plate			TYPE:Magic.Armor.Heavy.Standard.Suit.Specific							WT:50		ACCHECK:-6		BASEITEM:Full Plate		EQMOD:PLUS3A			MAXDEX:1		SOURCEPAGE:p.80	SPELLFAILURE:35																DR:15/+1																																																																								SPROP:Transforms into a Breastplate on command
Battle Plate (Breastplate Form)		COST:92500							PROFICIENCY:ARMOR|Breastplate			TYPE:Magic.Armor.Medium.Standard.Specific								WT:30		ACCHECK:-2		BASEITEM:Breastplate		EQMOD:MWORKA			MAXDEX:4		SOURCEPAGE:p.80	SPELLFAILURE:20																																																																																									SPROP:Transforms into Full Plate upon command																																											AUTO:EQUIP|Battle Plate (Full Plate Form)
Blur Armor						COST:10810							PROFICIENCY:ARMOR|Leather			TYPE:Magic.Armor.Light.Standard.Suit.Specific							WT:15		ACCHECK:0		BASEITEM:Leather			EQMOD:PLUS1A			MAXDEX:6		SOURCEPAGE:p.80	SPELLFAILURE:10																			SPELLS:Blur Armor|TIMES=3|CASTERLEVEL=5|Blur
Falcon Spaulders					COST:2225							PROFICIENCY:ARMOR|Spaulders			TYPE:Magic.Armor.Light.Standard.Specific								WT:5		ACCHECK:-1		BASEITEM:Spaulders		EQMOD:PLUS1A						SOURCEPAGE:p.80	SPELLFAILURE:20																																																																																									SPROP:Fly 1/per day for % hours with speed 70 and average manuevrability|WIS
Owl Gorget						COST:12650														TYPE:Magic.Armor.Light.Standard.Suit.Specific							WT:5		ACCHECK:-1		BASEITEM:Gorget			EQMOD:PLUS1A			MAXDEX:8		SOURCEPAGE:p.81	SPELLFAILURE:5																																											BONUS:COMBAT|AC|2|TYPE=Armor.REPLACE																																								SPROP:1/day shape change into an owl, able to turn head completely around
Sycophant Armor +1				COST:3500							PROFICIENCY:ARMOR|Leather			TYPE:Magic.Armor.Light.Standard.Suit.Specific							WT:15		ACCHECK:-1												MAXDEX:6		SOURCEPAGE:p.82	SPELLFAILURE:15																																											BONUS:COMBAT|AC|1|TYPE=Armor.REPLACE
Sycophant Armor +2				COST:7000							PROFICIENCY:ARMOR|Leather			TYPE:Magic.Armor.Light.Standard.Suit.Specific							WT:15		ACCHECK:-1												MAXDEX:6		SOURCEPAGE:p.82	SPELLFAILURE:15																																											BONUS:COMBAT|AC|2|TYPE=Armor.REPLACE
Sycophant Armor +3				COST:10500							PROFICIENCY:ARMOR|Leather			TYPE:Magic.Armor.Light.Standard.Suit.Specific							WT:15		ACCHECK:-1												MAXDEX:6		SOURCEPAGE:p.82	SPELLFAILURE:15																																		BONUS:CHECKS|Fortitude,Reflex,Will|1|TYPE=Resistance	BONUS:COMBAT|AC|3|TYPE=Armor.REPLACE
Sycophant Armor +4				COST:14000							PROFICIENCY:ARMOR|Leather			TYPE:Magic.Armor.Light.Standard.Suit.Specific							WT:15		ACCHECK:-1												MAXDEX:6		SOURCEPAGE:p.82	SPELLFAILURE:15																																		BONUS:CHECKS|Fortitude,Reflex,Will|1|TYPE=Resistance	BONUS:COMBAT|AC|4|TYPE=Armor.REPLACE
Sycophant Armor +5				COST:17500							PROFICIENCY:ARMOR|Leather			TYPE:Magic.Armor.Light.Standard.Suit.Specific							WT:15		ACCHECK:-1												MAXDEX:6		SOURCEPAGE:p.82	SPELLFAILURE:15																																		BONUS:CHECKS|Fortitude,Reflex,Will|1|TYPE=Resistance	BONUS:COMBAT|AC|5|TYPE=Armor.REPLACE
Sycophant Armor +6				COST:21000							PROFICIENCY:ARMOR|Leather			TYPE:Magic.Armor.Light.Standard.Suit.Specific							WT:15		ACCHECK:-1												MAXDEX:6		SOURCEPAGE:p.82	SPELLFAILURE:15																																		BONUS:CHECKS|Fortitude,Reflex,Will|2|TYPE=Resistance	BONUS:COMBAT|AC|6|TYPE=Armor.REPLACE
Sycophant Armor +7				COST:24500							PROFICIENCY:ARMOR|Leather			TYPE:Magic.Armor.Light.Standard.Suit.Specific							WT:15		ACCHECK:-1												MAXDEX:6		SOURCEPAGE:p.82	SPELLFAILURE:15																																		BONUS:CHECKS|Fortitude,Reflex,Will|2|TYPE=Resistance	BONUS:COMBAT|AC|7|TYPE=Armor.REPLACE
Sycophant Armor +8				COST:28000							PROFICIENCY:ARMOR|Leather			TYPE:Magic.Armor.Light.Standard.Suit.Specific							WT:15		ACCHECK:-1												MAXDEX:6		SOURCEPAGE:p.82	SPELLFAILURE:15																																		BONUS:CHECKS|Fortitude,Reflex,Will|2|TYPE=Resistance	BONUS:COMBAT|AC|8|TYPE=Armor.REPLACE
Sycophant Armor +9				COST:31500							PROFICIENCY:ARMOR|Leather			TYPE:Magic.Armor.Light.Standard.Suit.Specific							WT:15		ACCHECK:-1												MAXDEX:6		SOURCEPAGE:p.82	SPELLFAILURE:15																																		BONUS:CHECKS|Fortitude,Reflex,Will|3|TYPE=Resistance	BONUS:COMBAT|AC|9|TYPE=Armor.REPLACE
Sycophant Armor +10				COST:35000							PROFICIENCY:ARMOR|Leather			TYPE:Magic.Armor.Light.Standard.Suit.Specific							WT:15		ACCHECK:-1												MAXDEX:6		SOURCEPAGE:p.82	SPELLFAILURE:15																																		BONUS:CHECKS|Fortitude,Reflex,Will|3|TYPE=Resistance	BONUS:COMBAT|AC|10|TYPE=Armor.REPLACE
Sycophant Armor +11				COST:38500							PROFICIENCY:ARMOR|Leather			TYPE:Magic.Armor.Light.Standard.Suit.Specific							WT:15		ACCHECK:-1												MAXDEX:6		SOURCEPAGE:p.82	SPELLFAILURE:15																																		BONUS:CHECKS|Fortitude,Reflex,Will|3|TYPE=Resistance	BONUS:COMBAT|AC|11|TYPE=Armor.REPLACE
Sycophant Armor +12				COST:42000							PROFICIENCY:ARMOR|Leather			TYPE:Magic.Armor.Light.Standard.Suit.Specific							WT:15		ACCHECK:-1												MAXDEX:6		SOURCEPAGE:p.82	SPELLFAILURE:15																																		BONUS:CHECKS|Fortitude,Reflex,Will|4|TYPE=Resistance	BONUS:COMBAT|AC|12|TYPE=Armor.REPLACE
Valkyrie Armor					COST:29220							PROFICIENCY:ARMOR|Full Plate			TYPE:Magic.Armor.Heavy.Standard.Suit.Specific							WT:0		ACCHECK:-1		BASEITEM:Full Plate		EQMOD:PLUS3A.AAWEIGHTLESSA	MAXDEX:5		SOURCEPAGE:p.82	SPELLFAILURE:25					ABILITY:Special Ability|AUTOMATIC|Rage								SPELLS:Valkyrie Armor|TIMES=1|CASTERLEVEL=5|Lightning Bolt,13|Phantom Steed																																															BONUS:VAR|RageTimes|2								SPROP:Valkyrie Rage twice per day
Werearmor						COST:11150							PROFICIENCY:ARMOR|Chainmail			TYPE:Magic.Armor.Medium.Standard.Suit.Specific							WT:0		ACCHECK:0		BASEITEM:Chainmail		EQMOD:PLUS3A.AAWEIGHTLESSA	MAXDEX:6		SOURCEPAGE:p.82	SPELLFAILURE:20																																																																																									SPROP:changes shape with the wearer/camouflages itself to fit appearance

###Shields
Arm Shield						COST:6170							PROFICIENCY:SHIELD|Shield (Heavy)		TYPE:Magic.Shield.Large.Heavy.Metal														BASEITEM:Shield (Large/Metal)	EQMOD:ADAMANT_SHLD.PLUS1S				SOURCEPAGE:p.85																																																																																												SPROP:A weapon is held in the hand wearing the arm shield can not be removed except by the will of the bearer.
Force Buckler					COST:6165							PROFICIENCY:SHIELD|Buckler			TYPE:Magic.Shield.Buckler.Metal														BASEITEM:Buckler			EQMOD:PLUS2S						SOURCEPAGE:p.85																																																																																												SPROP:Protects like a large steel shield.
Shield of the Arcane Sentinel			COST:22030							PROFICIENCY:SHIELD|Shield (Heavy)		TYPE:Magic.Shield.Large.Heavy.Metal														BASEITEM:Shield (Large/Metal)	EQMOD:PLUS3S						SOURCEPAGE:p.85																						SPELLS:Shield of the Arcane Sentinel|TIMES=1|CASTERLEVEL=9|Minor Globe of Invulnerability

### Arifacts
#Minor
Bandoleer of Swords				COST:0							PROFICIENCY:ARMOR|Leather			TYPE:Magic.Armor.Light.Suit.Nonmetal.Specific.Artifact.Container	CONTAINS:*50	WT:10					BASEITEM:Leather			EQMOD:PLUS3A						SOURCEPAGE:p.85																																																																																												SPROP:Magically hold 12 swords in it's chest slits.  Any stored sword can teleported into the wearer's hands on command. Left pocket works as a bag of holding, right pocket holds up to thee items and they are all considered as worn and activated
#Major
Mail of the Knuk					COST:0							PROFICIENCY:ARMOR|Morbius Mail		TYPE:Magic.Armor.Medium.Suit.Nonmetal.Specific.Artifact										BASEITEM:Morbius Mail		EQMOD:PLUS5A.AAWEIGHTLESSA				SOURCEPAGE:p.86																																																																																												SPROP:Two extra arms that can be used by the wearer, providing two extra attacks at the wearer's base attack bonus with no penalties. Foresight at all times.   Wearer's soul can not leave it's body while worn.  Wearer healed for 5 hit points, 2 ability points, and one negative level per round.
