
# Forest Dragon (Imperial)
Change Shape (Su)		KEY: ~ 	SOURCEPAGE:p.	CATEGORY:Special Ability	TYPE:RaceAbility.SpecialQuality	DESC:An adult or older forest dragon can assume any humanoid form three times per day as if using polymorph.
Destructive Crush (Su)	KEY: ~ 	SOURCEPAGE:p.	CATEGORY:Special Ability	TYPE:RaceAbility.SpecialQuality	DESC:When an old or older forest dragon makes a crush attack, the impact kicks up debris in a 20-foot-radius burst for 1d6 rounds. The debris obscures the vision of creatures within the debris field and grants concealment to those creatures. The forest dragon can see normally within and through the debris field.
Elemental Breath (Su)	KEY: ~ 	SOURCEPAGE:p.	CATEGORY:Special Ability	TYPE:RaceAbility.SpecialQuality	DESC:Once per day, when an ancient or older forest dragon uses its breath weapon, it can summon a greater earth elemental within the cone. The caster level for these effects is the same as the dragon's caster level.
Sound Imitation (Ex)	KEY: ~ 	SOURCEPAGE:p.	CATEGORY:Special Ability	TYPE:RaceAbility.SpecialQuality	DESC:A very young or older forest dragon can mimic any voice or sound it has heard by making a successful Bluff check against the listener's Sense Motive check.
Stony Death (Su)		KEY: ~ 	SOURCEPAGE:p.	CATEGORY:Special Ability	TYPE:RaceAbility.SpecialQuality	DESC:Any creature reduced to 0 or fewer hit points by a great wyrm forest dragon's breath weapon must also make a Fortitude save (same DC as the forest dragon's breath weapon) or be petrified as the flesh to stone spell. This is a death effect.
Woodland Stride (Ex)	KEY: ~ 	SOURCEPAGE:p.	CATEGORY:Special Ability	TYPE:RaceAbility.SpecialQuality	DESC:As the druid ability of the same name.

# Sea Dragon
Change Shape (Su) A young or older sea dragon can assume any humanoid form three times per day as if using polymorph.
Sea Strider (Su) Three times per day as a standard action, an old or older sea dragon can move from one body of water to another as if using the teleport spell (self only).
Tidal Wave (Su) Once per day, a great wyrm sea dragon can create a tidal wave. This ability is the same as the bronze dragon's ability of the same name (Bestiary 104).
Torrent Breath (Su) Instead of a cone of super-heated steam, a very young or older sea dragon can breathe a line of pressurized water twice the length of the sea dragon's cone breath weapon. This line deals bludgeoning damage.
Unfettered Swimmer (Su) A juvenile sea dragon gains a 10-foot bonus to its swim speed. The sea dragon's swim speed continues to increase by an additional 10 feet every two age categories. Furthermore, while swimming, the sea dragon is treated as if under the effects of the spell freedom of movement.

# Sky Dragon
Borne Aloft (Su) Old or younger sky dragons fly with good maneuverability while all older sky dragons have perfect.
Celestial Emissary (Su) Three times per day, a great wyrm sky dragon can imbue others with the celestial aspect of the oracle spell divine vessel*, but it can only be cast on another willing creature of good alignment.
Change Shape (Su) A young or older sky dragon can assume any humanoid form three times per day as if using polymorph.
Cloud Sight (Su) A very young or older sky dragon's sight is not impeded by clouds or fog, or by spells that create areas of fog.
Grounding Breath (Su) Any flying creature damaged by the breath weapon of an ancient or older sky dragon must make a Fortitude save with the same DC as the sky dragon's breath weapon or lose the ability to fly for 1d4 rounds.
Primal Lightning (Su) An old or older sky dragon's breath weapon can affect creatures normally immune or resistant to electricity damage. A creature immune to electricity damage still takes half damage from the breath weapon (no damage with a successful saving throw). Resistant creatures' electricity resistance is treated as 10 less than normal.

#Sovereign Dragon
Change Shape (Su) A young or older sovereign dragon can assume any humanoid form three times per day as polymorph.
Dogmatic Discordance (Su) Good or evil creatures take a -2 penalty when making saving throws against a sovereign dragon's spells, spell-like abilities, breath weapon, and aura.
Golden Armor (Su) Once per day as a standard action, an old or older sovereign dragon can cover its form in golden armor, granting it a +4 armor bonus to AC and energy resistance 15 to one energy type, chosen at the time the armor is summoned. This armor lasts for a number of rounds equal to the dragon's age category. The sovereign dragon can dismiss the armor as a free action.
Master Counterspelling (Su) A great wyrm sovereign dragon can counterspell once per round as an immediate action. It need not know the spell it is countering, but can instead expend any spell that is one level higher to automatically counter the spell.
Violent Retort (Ex) When a young or older sovereign dragon takes damage from a melee attack critical hit, it can, as an immediate action, make a claw or tail slap attack against the creature that made the critical hit.



