# Original Entry By: W. Robert 'Mynex' Reed III
# Entry Date: August 2013
SOURCELONG:Bestiary 3	SOURCESHORT:B3	SOURCEWEB:http://paizo.com/products/btpy8odu?Pathfinder-Roleplaying-Game-Bestiary-3		SOURCEDATE:2013-08


#Eidolon and Familiars
#Eidolon example in UM and APG


STARTPACK:Familiar ~ Flying Squirrel	TYPE:Companion	VISIBLE:NO	SOURCEPAGE:112
STAT:DEX=11|STR=11|CON=10|INT=11|WIS=10|CHA=10
SKILL:Acrobatics	RANK:8
SKILL:Climb		RANK:10
SKILL:Fly		RANK:4
Acrobatic
FEAT:Weapon Finesse


STARTPACK:Familiar ~ Fox	TYPE:Companion	VISIBLE:NO	SOURCEPAGE:112
STAT:DEX=11|STR=11|CON=11|INT=10|WIS=10|CHA=10
SKILL:Acrobatics		RANK:2
SKILL:Perception		RANK:8
SKILL:Stealth		RANK:10
SKILL:Survival		RANK:1
FEAT:Skill Focus (Perception)


STARTPACK:Familiar ~ Goat	TYPE:Companion	VISIBLE:NO	SOURCEPAGE:112
STAT:DEX=10|STR=11|CON=10|INT=10|WIS=10|CHA=11
SKILL:Acrobatics	RANK:1
SKILL:Climb		RANK:5
SKILL:Survival	RANK:0
FEAT:Nimble Moves


STARTPACK:Familiar ~ Otter	TYPE:Companion	VISIBLE:NO	SOURCEPAGE:113
STAT:DEX=11|STR=10|CON=10|INT=10|WIS=11|CHA=11
SKILL:Escape Artist	RANK:4
SKILL:Swim			RANK:10
FEAT:Weapon Finesse


STARTPACK:Familiar ~ Pig	TYPE:Companion	VISIBLE:NO	SOURCEPAGE:113
STAT:DEX=11|STR=10|CON=11|INT=10|WIS=11|CHA=10
SKILL:Perception		RANK:5
FEAT:Great Fortitude


STARTPACK:Familiar ~ Raccoon	TYPE:Companion	VISIBLE:NO	SOURCEPAGE:113
STAT:DEX=10|STR=11|CON=11|INT=10|WIS=10|CHA=11
SKILL:Climb			RANK:7
SKILL:Sleight of Hand	RANK:3
FEAT:Weapon Finesse

