# CVS $Revision: 12957 $ $Author: zaister $ -- Thu Sep  8 18:10:03 2011 -- reformated by prettylst.pl v1.39 (build )
SOURCELONG:Bestiary 2	SOURCESHORT:PFB2	SOURCEWEB:http://paizo.com/store/byCompany/p/paizoPublishingLLC/pathfinder/pathfinderRPG/v5748btpy8ddb	SOURCEDATE:2010-12
# Original Entry by: Stefan Radermacher

###Block: Conditional Skills for output only
# Skill Name			Key Stat	Untrained?		Classes	Type			Visible		Req. Rule (in options)		Prohibited Var. Value
Disguise (As Medium humanoid)	KEYSTAT:CHA	USEUNTRAINED:YES	CLASSES:ALL	TYPE:SkillUse	VISIBLE:EXPORT	PRERULE:1,DISPLAYSKILLUSE	PREVARNEQ:var("SKILL.Disguise (As Medium humanoid).MISC"),SKILL.Disguise.MISC
Intimidate (To demoralize)	KEYSTAT:CHA	USEUNTRAINED:YES	CLASSES:ALL	TYPE:SkillUse	VISIBLE:EXPORT	PRERULE:1,DISPLAYSKILLUSE	PREVARNEQ:var("SKILL.Intimidate (To demoralize).MISC"),SKILL.Intimidate.MISC
Stealth (In deserts)		KEYSTAT:DEX	USEUNTRAINED:YES	CLASSES:ALL	TYPE:SkillUse	VISIBLE:EXPORT	PRERULE:1,DISPLAYSKILLUSE	PREVARNEQ:var("SKILL.Stealth (In deserts).MISC"),SKILL.Stealth.MISC
Stealth (In sand)			KEYSTAT:DEX	USEUNTRAINED:YES	CLASSES:ALL	TYPE:SkillUse	VISIBLE:EXPORT	PRERULE:1,DISPLAYSKILLUSE	PREVARNEQ:var("SKILL.Stealth (In sand).MISC"),SKILL.Stealth.MISC
Stealth (In mud)			KEYSTAT:DEX	USEUNTRAINED:YES	CLASSES:ALL	TYPE:SkillUse	VISIBLE:EXPORT	PRERULE:1,DISPLAYSKILLUSE	PREVARNEQ:var("SKILL.Stealth (In mud).MISC"),SKILL.Stealth.MISC
Stealth (Darkness or smoke)	KEYSTAT:DEX	USEUNTRAINED:YES	CLASSES:ALL	TYPE:SkillUse	VISIBLE:EXPORT	PRERULE:1,DISPLAYSKILLUSE	PREVARNEQ:var("SKILL.Stealth (Darkness or smoke).MISC"),SKILL.Stealth.MISC
Stealth (Webs)			KEYSTAT:DEX	USEUNTRAINED:YES	CLASSES:ALL	TYPE:SkillUse	VISIBLE:EXPORT	PRERULE:1,DISPLAYSKILLUSE	PREVARNEQ:var("SKILL.Stealth (Webs).MISC"),SKILL.Stealth.MISC
Stealth (In thick vegetation)	KEYSTAT:DEX	USEUNTRAINED:YES	CLASSES:ALL	TYPE:SkillUse	VISIBLE:EXPORT	PRERULE:1,DISPLAYSKILLUSE	PREVARNEQ:var("SKILL.Stealth (In thick vegetation).MISC"),SKILL.Stealth.MISC
Stealth (In darkness)		KEYSTAT:DEX	USEUNTRAINED:YES	CLASSES:ALL	TYPE:SkillUse	VISIBLE:EXPORT	PRERULE:1,DISPLAYSKILLUSE	PREVARNEQ:var("SKILL.Stealth (In darkness).MISC"),SKILL.Stealth.MISC

###Block: Skill .MODs
# Skill Name	Bonus to skill									Bonus to skill rank
Disguise.MOD	BONUS:SKILL|Disguise (As Medium humanoid)|SKILL.Disguise.MISC	BONUS:SKILLRANK|Disguise (As Medium humanoid)|skillinfo("TOTALRANK","Disguise")|TYPE=SkillGranted|PREVARNEQ:var("SKILL.Disguise (As Medium humanoid).MISC"),SKILL.Disguise.MISC
Intimidate.MOD	BONUS:SKILL|Intimidate (To demoralize)|SKILL.Intimidate.MISC	BONUS:SKILLRANK|Intimidate (To demoralize)|skillinfo("TOTALRANK","Intimidate")|TYPE=SkillGranted|PREVARNEQ:var("SKILL.Intimidate (To demoralize).MISC"),SKILL.Intimidate.MISC
Stealth.MOD		BONUS:SKILL|Stealth (In deserts)|SKILL.Stealth.MISC			BONUS:SKILLRANK|Stealth (In deserts)|skillinfo("TOTALRANK","Stealth")|TYPE=SkillGranted|PREVARNEQ:var("SKILL.Stealth (In deserts).MISC"),SKILL.Stealth.MISC
Stealth.MOD		BONUS:SKILL|Stealth (In sand)|SKILL.Stealth.MISC			BONUS:SKILLRANK|Stealth (In sand)|skillinfo("TOTALRANK","Stealth")|TYPE=SkillGranted|PREVARNEQ:var("SKILL.Stealth (In sand).MISC"),SKILL.Stealth.MISC
Stealth.MOD		BONUS:SKILL|Stealth (Darkness or smoke)|SKILL.Stealth.MISC		BONUS:SKILLRANK|Stealth (Darkness or smoke)|skillinfo("TOTALRANK","Stealth")|TYPE=SkillGranted|PREVARNEQ:var("SKILL.Stealth (Darkness or smoke).MISC"),SKILL.Stealth.MISC
Stealth.MOD		BONUS:SKILL|Stealth (Webs)|SKILL.Stealth.MISC				BONUS:SKILLRANK|Stealth (Webs)|skillinfo("TOTALRANK","Stealth")|TYPE=SkillGranted|PREVARNEQ:var("SKILL.Stealth (Webs).MISC"),SKILL.Stealth.MISC
Stealth.MOD		BONUS:SKILL|Stealth (In mud)|SKILL.Stealth.MISC				BONUS:SKILLRANK|Stealth (In mud)|skillinfo("TOTALRANK","Stealth")|TYPE=SkillGranted|PREVARNEQ:var("SKILL.Stealth (In mud).MISC"),SKILL.Stealth.MISC
Stealth.MOD		BONUS:SKILL|Stealth (In thick vegetation)|SKILL.Stealth.MISC	BONUS:SKILLRANK|Stealth (In thick vegetation)|skillinfo("TOTALRANK","Stealth")|TYPE=SkillGranted|PREVARNEQ:var("SKILL.Stealth (In thick vegetation).MISC"),SKILL.Stealth.MISC
Stealth.MOD		BONUS:SKILL|Stealth (In darkness)|SKILL.Stealth.MISC			BONUS:SKILLRANK|Stealth (In darkness)|skillinfo("TOTALRANK","Stealth")|TYPE=SkillGranted|PREVARNEQ:var("SKILL.Stealth (In darkness).MISC"),SKILL.Stealth.MISC
#Stealth.MOD	BONUS:SKILL|Stealth (In deserts)|SKILL.Stealth.MISC	BONUS:SKILL|Stealth (In sand)|SKILL.Stealth.MISC	BONUS:SKILL|Stealth (Darkness or smoke)|SKILL.Stealth.MISC	BONUS:SKILL|Stealth (Webs)|SKILL.Stealth.MISC	BONUS:SKILL|Stealth (In mud)|SKILL.Stealth.MISC	BONUS:SKILL|Stealth (In thick vegetation)|SKILL.Stealth.MISC	BONUS:SKILL|Stealth (In darkness)|SKILL.Stealth.MISC	BONUS:SKILLRANK|Stealth (In deserts)|skillinfo("TOTALRANK","Stealth")|TYPE=SkillGranted|PREVARNEQ:var("SKILL.Stealth (In deserts).MISC"),SKILL.Stealth.MISC	BONUS:SKILLRANK|Stealth (In sand)|skillinfo("TOTALRANK","Stealth")|TYPE=SkillGranted|PREVARNEQ:var("SKILL.Stealth (In sand).MISC"),SKILL.Stealth.MISC	BONUS:SKILLRANK|Stealth (Darkness or smoke)|skillinfo("TOTALRANK","Stealth")|TYPE=SkillGranted|PREVARNEQ:var("SKILL.Stealth (Darkness or smoke).MISC"),SKILL.Stealth.MISC	BONUS:SKILLRANK|Stealth (Webs)|skillinfo("TOTALRANK","Stealth")|TYPE=SkillGranted|PREVARNEQ:var("SKILL.Stealth (Webs).MISC"),SKILL.Stealth.MISC	BONUS:SKILLRANK|Stealth (In mud)|skillinfo("TOTALRANK","Stealth")|TYPE=SkillGranted|PREVARNEQ:var("SKILL.Stealth (In mud).MISC"),SKILL.Stealth.MISC	BONUS:SKILLRANK|Stealth (In thick vegetation)|skillinfo("TOTALRANK","Stealth")|TYPE=SkillGranted|PREVARNEQ:var("SKILL.Stealth (In thick vegetation).MISC"),SKILL.Stealth.MISC	BONUS:SKILLRANK|Stealth (In darkness)|skillinfo("TOTALRANK","Stealth")|TYPE=SkillGranted|PREVARNEQ:var("SKILL.Stealth (In darkness).MISC"),SKILL.Stealth.MISC

#
# End
#
