SOURCELONG:Ironfang Invasion, Chapter 2 - Fangs of War	SOURCESHORT:AP116	SOURCEWEB:http://paizo.com/products/btpy9npk	SOURCEDATE:2017-03
# ORIGINAL ENTRY: Gary Davies and Gwen T. (evilpixie87)
# ORIGINAL ENTRY DATE: 2017-06

# Class Name				Product Identity?	Hit Dice	Type			Max Level	Source Page			
CLASS:Chernasardo Warden	NAMEISPI:YES	HD:8		TYPE:PC.Prestige	MAXLEVEL:10		DEFINE:ChernasardoWardenLVL|0		BONUS:VAR|ChernasardoWardenLVL|CL		BONUS:COMBAT|BASEAB|CL*3/4|TYPE:Base.REPLACE		BONUS:SAVE|BASE.Fortitude|(CL+1)/3	BONUS:SAVE|BASE.Reflex,BASE.Will|(CL+1)/2					SOURCEPAGE:p.68
CLASS:Chernasardo Warden	PREALIGN:CG,CN,NG,TN	PRESKILL:2,Stealth=5,Survival=5	PRETEXT: You must defeat an evil enemy of a CR 5 levels higher than your character level. This victory must be witnessed by a Chernasardo Ranger.	PRETOTALAB:5
CLASS:Chernasardo Warden	STARTSKILLPTS:6	CSKILL:Acrobatics|Bluff|Climb|Disable Device|Disguise|Escape Artist|Handle Animal|Intimidate|Knowledge (Nature)|Perception|Sense Motive|Spellcraft|Stealth|Survival


###Block: Ability Progression
#I couldn't get the proficencies working as a Class Feature - so I've temporarily implemented them as a Special Ability, I've obviously missed something simple!
1	ABILITY:Special Ability|AUTOMATIC|Chernasardo Warden ~ Weapon and Armor Proficiency
1	ABILITY:Special Ability|AUTOMATIC|Chernasardo Warden ~ Unchained Heart
1	ABILITY:Special Ability|AUTOMATIC|Chernasardo Warden ~ Forest Magic
2	ABILITY:Special Ability|AUTOMATIC|Chernasardo Warden ~ Aligned Class
2	BONUS:ABILITYPOOL|Chernasardo_Warden Feat|1
3	ABILITY:Special Ability|AUTOMATIC|Chernasardo Warden ~ Guerrilla Tactics|Chernasardo Warden ~ Exploit Weakness|Chernasardo Warden ~ Sneak Attack|Chernasardo Warden ~ Sniping Prowess|Chernasardo Warden ~ Sprite Step
5	BONUS:ABILITYPOOL|Chernasardo_Warden Feat|1
6	ABILITY:Special Ability|AUTOMATIC|Chernasardo Warden ~ Advanced Tactics|Chernasardo Warden ~ Preemptive Strike|Chernasardo Warden ~ Trick Shot
8	BONUS:ABILITYPOOL|Chernasardo_Warden Feat|1
9	ABILITY:Special Ability|AUTOMATIC|Chernasardo Warden ~ Second Tactic
10	ABILITY:Special Ability|AUTOMATIC|Chernasardo Warden ~ Phantom Strike
