SOURCELONG:Rise of the Runelords - Chapter 3: The Hook Mountain Massacre	SOURCESHORT:PF3	SOURCEWEB:http://paizo.com/pathfinder/v5748btpy80e8	SOURCEDATE:2007-08

###Block: Racial Abilities
# Ability Name	Category of Ability		Type							Visible	Special ABility					Define			Modify VAR

###Block: Smoke Haunt Racial Abilities
# Ability Name	Category of Ability			Type									Visible		Special ABility					Define			Modify VAR
Flameseer		CATEGORY:Special Ability	TYPE:SpecialQuality.Aura.Supernatural	VISIBLE:NO	SAB:Flameseer (Su)
Flamewalker		CATEGORY:Special Ability	TYPE:SpecialQuality.Aura.Supernatural	VISIBLE:NO	SAB:Flamewalker (Su)
Lifedrinker		CATEGORY:Special Ability	TYPE:SpecialQuality.Aura.Supernatural	VISIBLE:NO	SAB:Lifedrinker (Su)
Smoke Pattern	CATEGORY:Special Ability	TYPE:SpecialQuality.Aura.Supernatural	VISIBLE:NO	SAB:Smoke Pattern (Su)

###Block: Totenmaske Racial Abilities
# Ability Name		Category of Ability			Type							Visible		Special ABility					Define			Modify VAR
Death Mask			CATEGORY:Special Ability	TYPE:SpecialAttack.Supernatural	VISIBLE:NO	SAB:Death Mask (Su)
Devour Memories		CATEGORY:Special Ability	TYPE:SpecialAttack.Supernatural	VISIBLE:NO	SAB:Devour Memories (Su)
Fleshdrinking		CATEGORY:Special Ability	TYPE:SpecialAttack.Supernatural	VISIBLE:NO	SAB:Fleshdrinking (Su)
Shape Flesh			CATEGORY:Special Ability	TYPE:SpecialAttack.Supernatural	VISIBLE:NO	SAB:Shape Flesh (Su)

###Block: Skull Ripper Racial Abilities
# Ability Name		Category of Ability			Type									Visible		Special Ability					Define			Modify VAR
Behead				CATEGORY:Special Ability	TYPE:SpecialAttack.Extraordinary		VISIBLE:NO	SAB:Behead (Ex)
Dread Visage		CATEGORY:Special Ability	TYPE:SpecialAbility.Aura.Supernatural	VISIBLE:NO	SAB:Dread Visage (Su)

###Block: Argorth Racial Abilities
# Ability Name		Category of Ability			Type									Visible		Special Ability					Define			Modify VAR
Argorth Immunities	CATEGORY:Special Ability	TYPE:SpecialAbility.Immunity			VISIBLE:NO	SAB:Immune to gaze attacks, mind-effecting and visual effects
Death Throes		CATEGORY:Special Ability	TYPE:SpecialQuality.Extraordinary		VISIBLE:NO	SAB:Death Throes (Ex)
Fearful Shriek		CATEGORY:Special Ability	TYPE:SpecialAttack.Extraordinary		VISIBLE:NO	SAB:Fearful Shriek (Su)
Ground Slam			CATEGORY:Special Ability	TYPE:SpecialAttack.Extraordinary		VISIBLE:NO	SAB:Ground Slam (Ex)

###Block: Mother of Oblivion Racial Abilities
# Ability Name				Category of Ability			Type									Visible		Special Ability																				Define			Modify VAR
All-Around Vision			CATEGORY:Special Ability	TYPE:SpecialQuality.Extraordinary		VISIBLE:NO	SAB:All-Around Vision (Ex) ~ Cannot be flanked.		BONUS:SKILL|Search,Spot|8|TYPE=Racial
Breath of Madness			CATEGORY:Special Ability	TYPE:SpecialQuality.Extraordinary		VISIBLE:NO	SAB:Breath of Madness (Su) ~ Cone shaped mind-effecting poisonous cloud.
Transdimensional Tentacles	CATEGORY:Special Ability	TYPE:SpecialQuality.Extraordinary		VISIBLE:NO	SAB:Transdimensional Tentacles (Su)
Warp Dimensions				CATEGORY:Special Ability	TYPE:SpecialQuality.Extraordinary		VISIBLE:NO	SAB:Warp Dimensions (Su)

###Block: Ogrekin Special Racial Abilities
# Ability Name				Category of Ability			Type					Visible			Special ABility															Define			Modify VAR
Advantageous Deformity		CATEGORY:Special Ability	TYPE:SpecialQuality		VISIBLE:NO		ADD:ABILITY|1|Special Ability|AUTOMATIC|TYPE=AdvantageousDeformity
Disadvantageous Deformity	CATEGORY:Special Ability	TYPE:SpecialQuality		VISIBLE:NO		ADD:ABILITY|1|Special Ability|AUTOMATIC|TYPE=DisadvantageousDeformity

###Block: Ogrekin Special Qualities: Advantageous Deformities
# Ability Name	Category of Ability				Type							Visible			Special ABility					Define			Modify VAR		Move						Bonus Stat						Wield Bonus								Bonus Combat								Bonus Skill								Bonus Checks								Natural Attacks
Webbed Digits		CATEGORY:Special Ability	TYPE:AdvantageousDeformity		VISIBLE:NO		SAB:Webbed Digits												MOVECLONE:Walk,Swim,/2
Oversized Limb		CATEGORY:Special Ability	TYPE:AdvantageousDeformity		VISIBLE:NO		SAB:Oversized Limb																			BONUS:STAT|STR|2|TYPE=Racial	BONUS:WIELDCATEGORY|ALL|-1|TYPE=Racial
Thick Skin			CATEGORY:Special Ability	TYPE:AdvantageousDeformity		VISIBLE:NO		SAB:Thick Skin																																						BONUS:COMBAT|AC|2|TYPE=NaturalArmor
Enhanced Senses		CATEGORY:Special Ability	TYPE:AdvantageousDeformity		VISIBLE:NO		SAB:Enhanced Senses																																																BONUS:SKILL|Search,Spot|2|TYPE=Racial
Triple-Jointed		CATEGORY:Special Ability	TYPE:AdvantageousDeformity		VISIBLE:NO		SAB:Triple-Jointed																																																BONUS:SKILL|Escape Artist|4|TYPE=Racial
Ovesized Maw		CATEGORY:Special Ability	TYPE:AdvantageousDeformity		VISIBLE:NO		SAB:Oversized Maw																																																																					NATURALATTACKS:Bite,Weapon.Natural.Melee.Bludgeoning.Piercing.Slashing,*1,1d4
Vestigal Limb		CATEGORY:Special Ability	TYPE:AdvantageousDeformity		VISIBLE:NO		SAB:Vestigal Limb																																					BONUS:COMBAT|TOHIT.GRAPPLE|4|TYPE=Racial
Fierce Visage		CATEGORY:Special Ability	TYPE:AdvantageousDeformity		VISIBLE:NO		SAB:Fierce Visage																																																BONUS:SKILL|Intimidate|4|TYPE=Racial
Quick Metabolism	CATEGORY:Special Ability	TYPE:AdvantageousDeformity		VISIBLE:NO		SAB:Quick Metabolism ~ You heal faster than normal when at rest.																																														BONUS:CHECKS|Fortitude|2|TYPE=Racial
Vestigal Twin		CATEGORY:Special Ability	TYPE:AdvantageousDeformity		VISIBLE:NO		SAB:Vestigal Twin																																																									BONUS:CHECKS|Will|2|TYPE=Racial

###Block: Ogrekin Special Qualities: Disadvantageous Deformities
# Ability Name	Category of Ability				Type							Visible			Special ABility					Define			Modify VAR		Move						Bonus Stat						Wield Bonus								Bonus Combat								Bonus Skill								Bonus Checks								Natural Attacks
Obese				CATEGORY:Special Ability	TYPE:DisadvantageousDeformity	VISIBLE:NO		SAB:Obese																					BONUS:STAT|DEX|-2
Extra Ugly			CATEGORY:Special Ability	TYPE:DisadvantageousDeformity	VISIBLE:NO		SAB:Extra Ugly																																																	BONUS:SKILL|STAT.CHA|+4
Light-Sensitive		CATEGORY:Special Ability	TYPE:DisadvantageousDeformity	VISIBLE:NO		SAB:Light-Sensitive ~ You are dazzled by bright sunlight.
Weak Mind			CATEGORY:Special Ability	TYPE:DisadvantageousDeformity	VISIBLE:NO		SAB:Weak Mind																																																											BONUS:CHECKS|Will|-2
Speech Impediment	CATEGORY:Special Ability	TYPE:DisadvantageousDeformity	VISIBLE:NO		SAB:Speech Impediment ~ You receive a penaty on all skill checks that rely on speech and risk a greater chance of spell failure when casting spells with a verbal component.
Deformed Hand		CATEGORY:Special Ability	TYPE:DisadvantageousDeformity	VISIBLE:NO		SAB:Deformed Hand ~ 
Stunted Leg			CATEGORY:Special Ability	TYPE:DisadvantageousDeformity	VISIBLE:NO		SAB:Stunted Leg													BONUS:MOVEADD|TYPE.Walk|-10
Pinhead				CATEGORY:Special Ability	TYPE:DisadvantageousDeformity	VISIBLE:NO		SAB:Pinhead																					BONUS:STAT|INT|-2
Fragile				CATEGORY:Special Ability	TYPE:DisadvantageousDeformity	VISIBLE:NO		SAB:Fragile																					BONUS:STAT|-4|TYPE=Racial
Freakish Birth		CATEGORY:Special Ability	TYPE:DisadvantageousDeformity	VISIBLE:NO		SAB:Freakish Birth ~ You have no disadvantageous deformities.
