# CVS $Revision: $ $Author: $ -- Mon Sep 24 19:02:21 2007 -- reformated by prettylst.pl v1.38 (build 2788)																																		
SOURCELONG:Bastion Press - Arms and Armor	SOURCESHORT:ArmsArmor				SOURCEWEB:www.bastionpress.com																													
#Original Entry By: Lonestar																																		
#Bishops Mantle is not included at this time.  Currently cannot get it to function properly.																																		
																																		
# Equipment Name												Type							Cost		Weight	Source Page		AC Penalty Check	Maximum DEX Bonus	Move		% of Spell Failure	Combat bonus					Special Property
#Light Weight -------------------------------------------------------------------------------------------------------------																																		
# Equipment Name							Type							Cost		Weight	AC Penalty Check	Maximum DEX Bonus	Source Page		% of Spell Failure	Combat bonus					Special Property							
Armored Robe		PROFICIENCY:ARMOR|Armored Robe				TYPE:Armor.Light.Suit.Standard.Nonmetal	COST:30	WT:15		ACCHECK:-1		MAXDEX:5		SOURCEPAGE:p.56	SPELLFAILURE:0		BONUS:COMBAT|AC|2|TYPE=Armor.REPLACE															
Bardic Armor		PROFICIENCY:ARMOR|Bardic Armor				TYPE:Armor.Light.Suit.Standard.Nonmetal	COST:250	WT:15		ACCHECK:0		MAXDEX:6		SOURCEPAGE:p.56	SPELLFAILURE:10		BONUS:COMBAT|AC|3|TYPE=Armor.REPLACE															
Bardic Cloak		PROFICIENCY:ARMOR|Bardic Cloak				TYPE:Armor.Light.Cape,Standard		COST:175	WT:15		ACCHECK:-1		MAXDEX:6		SOURCEPAGE:p.56	SPELLFAILURE:5		BONUS:COMBAT|AC|2|TYPE=Armor.REPLACE	SPROP:Fire Resistance 2													
Barkskin Armor		PROFICIENCY:ARMOR|Barkskin Armor				TYPE:Armor.Light.Suit.Standard.Nonmetal	COST:280	WT:5		ACCHECK:0		MAXDEX:8		SOURCEPAGE:p.56	SPELLFAILURE:5		BONUS:COMBAT|AC|2|TYPE=Armor.REPLACE															
Bishop's Mantle		PROFICIENCY:ARMOR|Bishop's Mantle				TYPE:Armor.Light.Cape.Standard.Metal	COST:50	WT:10		ACCHECK:-1		MAXDEX:6		SOURCEPAGE:p.57	SPELLFAILURE:5		BONUS:COMBAT|AC|1|TYPE=Armor.STACK															
Buckskin Armor		PROFICIENCY:ARMOR|Buckskin Armor				TYPE:Armor.Light.Suit.Standard.Nonmetal	COST:30	WT:15		ACCHECK:0		MAXDEX:7		SOURCEPAGE:p.57	SPELLFAILURE:10		BONUS:COMBAT|AC|2|TYPE=Armor.REPLACE															
Chainmail Corset		PROFICIENCY:ARMOR|Chainmail Corset				TYPE:Armor.Light.Suit.Standard.Metal	COST:75	WT:15		ACCHECK:-1		MAXDEX:5		SOURCEPAGE:p.57	SPELLFAILURE:10		BONUS:COMBAT|AC|3|TYPE=Armor.REPLACE															
Cleric's Vest		PROFICIENCY:ARMOR|Cleric's Vest				TYPE:Armor.Light.Suit.Standard.Nonmetal	COST:10	WT:5		ACCHECK:0		MAXDEX:8		SOURCEPAGE:p.57	SPELLFAILURE:0		BONUS:COMBAT|AC|1|TYPE=Armor.REPLACE															
Double Leather Tribesman's Tunic	PROFICIENCY:ARMOR|PROFICIENCY:ARMOR|Double Leather Tribesman's Tunic			TYPE:Armor.Light.Suit.Standard.Nonmetal	COST:32	WT:15		ACCHECK:-1		MAXDEX:5		SOURCEPAGE:p.57	SPELLFAILURE:10		BONUS:COMBAT|AC|3|TYPE=Armor.REPLACE																		
Gorget		PROFICIENCY:ARMOR|Gorget					TYPE:Armor.Light.Suit.Standard.Metal	COST:10	WT:5		ACCHECK:-1		MAXDEX:8		SOURCEPAGE:p.57	SPELLFAILURE:5		BONUS:COMBAT|AC|1|TYPE=Armor.REPLACE														
Holy Robes		PROFICIENCY:ARMOR|Holy Robes					TYPE:Armor.Light.Suit.Standard.Nonmetal	COST:250	WT:15		ACCHECK:-1		MAXDEX:6		SOURCEPAGE:p.57	SPELLFAILURE:10		BONUS:COMBAT|AC|3|TYPE=Armor.REPLACE														
Holy Vestments		PROFICIENCY:ARMOR|Holy Vestments				TYPE:Armor.Light.Suit.Standard.Nonmetal	COST:40	WT:15		ACCHECK:0		MAXDEX:6		SOURCEPAGE:p.57	SPELLFAILURE:5		BONUS:COMBAT|AC|2|TYPE=Armor.REPLACE															
Quilled Aketon		PROFICIENCY:ARMOR|Quilled Aketon				TYPE:Armor.Light.Suit.Standard.Nonmetal	COST:12	WT:10		ACCHECK:0		MAXDEX:5		SOURCEPAGE:p.57	SPELLFAILURE:15		BONUS:COMBAT|AC|2|TYPE=Armor.REPLACE															
Reinforced Cleric's Robes		PROFICIENCY:ARMOR|Reinforced Cleric's Robes		TYPE:Armor.Light.Suit.Standard.Nonmetal	COST:20	WT:15		ACCHECK:-1		MAXDEX:5		SOURCEPAGE:p.58	SPELLFAILURE:20		BONUS:COMBAT|AC|3|TYPE=Armor.REPLACE																	
Reversible Bardic Doublet		PROFICIENCY:ARMOR|Reversible Bardic Doublet		TYPE:Armor.Light.Suit.Standard.Nonmetal	COST:40	WT:10		ACCHECK:-1		MAXDEX:8		SOURCEPAGE:p.58	SPELLFAILURE:10		BONUS:COMBAT|AC|2|TYPE=Armor.REPLACE																	
Robe of Yew Leaves		PROFICIENCY:ARMOR|Robe of Yew Leaves			TYPE:Armor.Light.Suit.Standard.Nonmetal	COST:55	WT:5		ACCHECK:0		MAXDEX:8		SOURCEPAGE:p.58	SPELLFAILURE:10		BONUS:COMBAT|AC|2|TYPE=Armor.REPLACE																
Silken Web		PROFICIENCY:ARMOR|Silken Web					TYPE:Armor.Light.Suit.Standard.Nonmetal	COST:1250	WT:1		ACCHECK:0					SOURCEPAGE:p.58	SPELLFAILURE:0		BONUS:COMBAT|AC|0|TYPE=Armor.REPLACE													
Silver Spiderware		PROFICIENCY:ARMOR|Silver Spiderware				TYPE:Armor.Light.Suit.Standard.Nonmetal	COST:225	WT:15		ACCHECK:-2		MAXDEX:6		SOURCEPAGE:p.58	SPELLFAILURE:20		BONUS:COMBAT|AC|4|TYPE=Armor.REPLACE															
Slender Chainmail Shirt		PROFICIENCY:ARMOR|Slender Chainmail Shirt			TYPE:Armor.Light.Suit.Standard.Metal	COST:120	WT:20		ACCHECK:-1		MAXDEX:6		SOURCEPAGE:p.58	SPELLFAILURE:25		BONUS:COMBAT|AC|3|TYPE=Armor.REPLACE																
Shadow Doublet		PROFICIENCY:ARMOR|Shadow Doublet				TYPE:Armor.Light.Suit.Standard.Nonmetal	COST:40	WT:15		ACCHECK:-1		MAXDEX:6		SOURCEPAGE:p.58	SPELLFAILURE:10		BONUS:COMBAT|AC|2|TYPE=Armor.REPLACE	SPROP:+2 circumstance bonus on Hide in dark areas														
Soft Leather Half Armor		PROFICIENCY:ARMOR|Soft Leather Half Armor			TYPE:Armor.Light.Suit.Standard.Nonmetal	COST:20	WT:15		ACCHECK:-1		MAXDEX:8		SOURCEPAGE:p.58	SPELLFAILURE:15		BONUS:COMBAT|AC|2|TYPE=Armor.REPLACE																
																																		
#Medium Weight -------------------------------------------------------------------------------------------------------------			#Medium Weight -------------------------------------------------------------------------------------------------------------																															
Aeroglass Plate		PROFICIENCY:ARMOR|Aeroglass Plate				TYPE:Armor.Medium.Suit.Standard.Nonmetal	COST:3000	WT:35		ACCHECK:-4		MAXDEX:3		SOURCEPAGE:p.59	SPELLFAILURE:30		BONUS:COMBAT|AC|6|TYPE=Armor.REPLACE	SPROP:Floats in water														
Bone Mail		PROFICIENCY:ARMOR|Bone Mail					TYPE:Armor.Medium.Suit.Standard.Nonmetal	COST:200	WT:40		ACCHECK:-4		MAXDEX:3		SOURCEPAGE:p.59	SPELLFAILURE:35		BONUS:COMBAT|AC|5|TYPE=Armor.REPLACE														
Clay Armor		PROFICIENCY:ARMOR|Clay Armor					TYPE:Armor.Medium.Suit.Standard.Nonmetal	COST:75	WT:30		ACCHECK:-3		MAXDEX:4		SOURCEPAGE:p.59	SPELLFAILURE:25		BONUS:COMBAT|AC|4|TYPE=Armor.REPLACE														
Crested Hide Mail		PROFICIENCY:ARMOR|Crested Hide Mail				TYPE:Armor.Medium.Suit.Standard.Nonmetal	COST:75	WT:30		ACCHECK:-3		MAXDEX:4		SOURCEPAGE:p.59	SPELLFAILURE:20		BONUS:COMBAT|AC|4|TYPE=Armor.REPLACE	SPROP:Spikes do 1d4 damage on successful grapple check  Floats in water														
Fur-lined Hide Mail		PROFICIENCY:ARMOR|Fur-lined Hide Mail			TYPE:Armor.Medium.Suit.Standard.Nonmetal	COST:65	WT:20		ACCHECK:-3		MAXDEX:3		SOURCEPAGE:p.59	SPELLFAILURE:20		BONUS:COMBAT|AC|4|TYPE=Armor.REPLACE																
Glacier Beast Hide		PROFICIENCY:ARMOR|Glacier Beast Hide			TYPE:Armor.Medium.Suit.Standard.Nonmetal	COST:3000	WT:25		ACCHECK:-3		MAXDEX:4		SOURCEPAGE:p.59	SPELLFAILURE:20		BONUS:COMBAT|AC|5|TYPE=Armor.REPLACE	SPROP:+5 damage reduction to cold															
Hauberk		PROFICIENCY:ARMOR|Hauberk					TYPE:Armor.Medium.Suit.Standard.Nonmetal	COST:110	WT:30		ACCHECK:-5		MAXDEX:1		SOURCEPAGE:p.59	SPELLFAILURE:30		BONUS:COMBAT|AC|5|TYPE=Armor.REPLACE														
Heraldic Coin Armor		PROFICIENCY:ARMOR|Heraldic Coin Armor			TYPE:Armor.Medium.Suit.Standard.Nonmetal	COST:5000	WT:30		ACCHECK:-4		MAXDEX:4		SOURCEPAGE:p.60	SPELLFAILURE:25		BONUS:COMBAT|AC|4|TYPE=Armor.REPLACE																
Oaken Tree Bark Armor		PROFICIENCY:ARMOR|Oaken Tree Bark Armor			TYPE:Armor.Medium.Suit.Standard.Nonmetal	COST:10	WT:25		ACCHECK:-4		MAXDEX:4		SOURCEPAGE:p.60	SPELLFAILURE:20		BONUS:COMBAT|AC|3|TYPE=Armor.REPLACE																
Scaled Brigandine		PROFICIENCY:ARMOR|Scaled Brigandine				TYPE:Armor.Medium.Suit.Standard.Nonmetal	COST:350	WT:25		ACCHECK:-3		MAXDEX:4		SOURCEPAGE:p.60	SPELLFAILURE:20		BONUS:COMBAT|AC|5|TYPE=Armor.REPLACE															
Shock Shell		PROFICIENCY:ARMOR|Shock Shell					TYPE:Armor.Medium.Suit.Standard.Nonmetal	COST:300	WT:28		ACCHECK:-4		MAXDEX:4		SOURCEPAGE:p.60	SPELLFAILURE:25		BONUS:COMBAT|AC|5|TYPE=Armor.REPLACE														
																																		
#Heavy Weight -------------------------------------------------------------------------------------------------------------			#Heavy Weight -------------------------------------------------------------------------------------------------------------																															
Daggered Plate		PROFICIENCY:ARMOR|Daggered Plate				TYPE:Armor.Heavy.Suit.Standard.Metal	COST:1500	WT:52		ACCHECK:-6		MAXDEX:0		SOURCEPAGE:p.60	SPELLFAILURE:40		BONUS:COMBAT|AC|7|TYPE=Armor.REPLACE															
Double Plate		PROFICIENCY:ARMOR|Double Plate				TYPE:Armor.Heavy.Suit.Standard.Metal	COST:2000	WT:70		ACCHECK:-9		MAXDEX:-3		SOURCEPAGE:p.60	SPELLFAILURE:60		BONUS:COMBAT|AC|10|TYPE=Armor.REPLACE															
Gnarled Mail		PROFICIENCY:ARMOR|Gnarled Mail				TYPE:Armor.Heavy.Suit.Standard.Nonmetal	COST:1150	WT:35		ACCHECK:-6		MAXDEX:2		SOURCEPAGE:p.60	SPELLFAILURE:40		BONUS:COMBAT|AC|7|TYPE=Armor.REPLACE															
Morbius Mail		PROFICIENCY:ARMOR|Morbius Mail				TYPE:Armor.Heavy.Suit.Standard.Nonmetal	COST:2000	WT:40		ACCHECK:-5		MAXDEX:3		SOURCEPAGE:p.60	SPELLFAILURE:35		BONUS:COMBAT|AC|7|TYPE=Armor.REPLACE															
Plant Fiber Plate		PROFICIENCY:ARMOR|Plant Fiber Plate				TYPE:Armor.Heavy.Suit.Standard.Nonmetal	COST:700	WT:35		ACCHECK:-6		MAXDEX:2		SOURCEPAGE:p.60	SPELLFAILURE:35		BONUS:COMBAT|AC|6|TYPE=Armor.REPLACE															
Steelwood Splint		PROFICIENCY:ARMOR|Steelwood Splint				TYPE:Armor.Heavy.Suit.Standard.Nonmetal	COST:1100	WT:35		ACCHECK:-5		MAXDEX:2		SOURCEPAGE:p.60	SPELLFAILURE:35		BONUS:COMBAT|AC|6|TYPE=Armor.REPLACE															
Taskmaster Armor		PROFICIENCY:ARMOR|Taskmaster Armor				TYPE:Armor.Heavy.Suit.Standard.Metal	COST:1000	WT:40		ACCHECK:-5		MAXDEX:2		SOURCEPAGE:p.60	SPELLFAILURE:40		BONUS:COMBAT|AC|6|TYPE=Armor.REPLACE															
																																		
#Shields -------------------------------------------------------------------------------------------------------------			#Shields -------------------------------------------------------------------------------------------------------------																															
Buckler Blade		PROFICIENCY:SHIELD|Buckler Blade				TYPE:Shield.Standard.Metal			COST:30	WT:4		ACCHECK:-1					SOURCEPAGE:p.xxx	SPELLFAILURE:5		BONUS:COMBAT|AC|1|TYPE=Armor.REPLACE												
Dust Shield		PROFICIENCY:SHIELD|Dust Shield					TYPE:Shield.Standard.Metal			COST:65	WT:20		ACCHECK:-2					SOURCEPAGE:p.61	SPELLFAILURE:20		BONUS:COMBAT|AC|2|TYPE=Armor.REPLACE	SPROP:If attacker misses attack roll by AC bonus of shield, cloud of dust is released.										
Ring Blade		PROFICIENCY:SHIELD|Ring Blade					TYPE:Shield.Standard.Metal			COST:25	WT:4		ACCHECK:-1					SOURCEPAGE:p.xxx	SPELLFAILURE:5		BONUS:COMBAT|AC|1|TYPE=Armor.REPLACE											
Targe		PROFICIENCY:SHIELD|Targe						TYPE:Shield.Standard.Metal			COST:3	WT:7		ACCHECK:-1					SOURCEPAGE:p.61	SPELLFAILURE:5		BONUS:COMBAT|AC|1|TYPE=Armor.REPLACE	SPROP:Tower shields grant cover									

