# CVS $Revision: $ $Author: $ -- Mon Sep 24 18:54:18 2007 -- reformated by prettylst.pl v1.38 (build 2788)
SOURCELONG:Bastion Press - Arms and Armor	SOURCESHORT:ArmsArmor	SOURCEWEB:www.bastionpress.com
#Original Entry By: Knightcrawler
#Tiger Hook being built of lighter metal and usuable in off-hand as light weapons not implemented

# Equipment Name										Type														Cost		Weight		Source Page		Required Proficiency			Alternative Damage	Crit Hit Multiplier	Critical Hit Range	Damage		Range		Size		Special Property

##Simple Weapons
#UNARMED -------------------------------------------------------------------------------------------------------
# Equipment Name				Output Name				Required Proficiency				Type														Cost		Weight	AC Penalty Check	Critical Hit Multiplier	Critical Hit Range	Damage		Alternative Damage	Range		Size		Source Page		% of Spell Failure	Combat bonus					Special Property
Brass Knuckles									PROFICIENCY:WEAPON|							TYPE:Weapon.Unarmed.Simple.Melee.Bludgeoning.Standard.Finesseable.Metal			COST:.5	WT:1					CRITMULT:x2			CRITRANGE:1			DAMAGE:1d4								SIZE:T	SOURCEPAGE:p.9
Knife (Push)				OUTPUTNAME:[NAME] Knife		PROFICIENCY:WEAPON|							TYPE:Weapon.Unarmed.Simple.Melee.Piercing.Standard.Finesseable.Metal			COST:1	WT:.2					CRITMULT:x3			CRITRANGE:1			DAMAGE:1d3								SIZE:T	SOURCEPAGE:p.20
Ladies Chain									PROFICIENCY:WEAPON|							TYPE:Weapon.Unarmed.Simple.Melee.Bludgeoning.Standard.Finesseable.Metal			COST:.5	WT:.25				CRITMULT:x2			CRITRANGE:1			DAMAGE:1d3								SIZE:T	SOURCEPAGE:p.17
Razor (Fixed)				OUTPUTNAME:[NAME] Razor		PROFICIENCY:WEAPON|							TYPE:Weapon.Unarmed.Simple.Melee.Slashing.Standard.Finesseable.Metal			COST:.3	WT:.2					CRITMULT:x2			CRITRANGE:1			DAMAGE:1d3								SIZE:T	SOURCEPAGE:p.20

#TINY ----------------------------------------------------------------------------------------------------------
Dagger (Carvet)				OUTPUTNAME:[NAME] Dagger	PROFICIENCY:WEAPON|Dagger				TYPE:Weapon.Dagger.Simple.Melee.Ranged.Piercing.Standard					COST:40	WT:1					CRITMULT:x2			CRITRANGE:2			DAMAGE:1d4+1					RANGE:10	SIZE:T	SOURCEPAGE:p.10
Dagger (Leeching)				OUTPUTNAME:[NAME] Dagger	PROFICIENCY:WEAPON|Dagger				TYPE:Weapon.Dagger.Simple.Melee.Piercing.Standard.Metal					COST:10	WT:1					CRITMULT:x2			CRITRANGE:2			DAMAGE:1d4								SIZE:T	SOURCEPAGE:p.11
Dagger (Ta Mo Hidden)			OUTPUTNAME:[NAME] Dagger	PROFICIENCY:WEAPON|Dagger				TYPE:Weapon.Dagger.Simple,Melee.Ranged.Piercing.Standard.Metal				COST:6	WT:2					CRITMULT:x2			CRITRANGE:2			DAMAGE:1d4						RANGE:10	SIZE:T	SOURCEPAGE:p.22
Dirk											PROFICIENCY:WEAPON|Dagger				TYPE:Weapon.Dagger.Simple.Melee.Ranged.Piercing.Standard.Metal				COST:2	WT:1					CRITMULT:x2			CRITRANGE:2			DAMAGE:1d4						RANGE:10	SIZE:T	SOURCEPAGE:p.12												SPROP:Can be used in same hand as targe shield
Gutblade										PROFICIENCY:WEAPON|							TYPE:Weapon.Simple.Melee.Piercing.Standard.Metal						COST:5	WT:1					CRITMULT:x2			CRITRANGE:3			DAMAGE:1d4								SIZE:T	SOURCEPAGE:p.15
Iron Comb										PROFICIENCY:WEAPON|							TYPE:Weapon.Simple.Melee.Piercing.Standard.Metal						COST:2	WT:1					CRITMULT:x2			CRITRANGE:2			DAMAGE:1d3								SIZE:T	SOURCEPAGE:p.16
Knife (Black)				OUTPUTNAME:[NAME] Knife		PROFICIENCY:WEAPON|Dagger				TYPE:Weapon.Dagger.Simple.Melee.Ranged.Piercing.Standard.Metal				COST:2	WT:.5					CRITMULT:x2			CRITRANGE:2			DAMAGE:1d3						RANGE:10	SIZE:T	SOURCEPAGE:p.10												SPROP:+2 to Disguise/Conceal knife
Wire (Strangling)				OUTPUTNAME:[NAME] Wire		PROFICIENCY:WEAPON|							TYPE:Weapon.Simple.Melee.Slashing.Standard.Metal						COST:.2	WT:.25												DAMAGE:1d2								SIZE:T	SOURCEPAGE:p.22

#SMALL ---------------------------------------------------------------------------------------------------------
Club (Small)				OUTPUTNAME:[NAME] Club		PROFICIENCY:WEAPON|Club					TYPE:Weapon.Simple.Melee.Ranged.Bludgeoning.Standard.Wooden					COST:0	WT:2					CRITMULT:x2			CRITRANGE:1			DAMAGE:1d4						RANGE:10	SIZE:S	SOURCEPAGE:p.11
Claw (Fighting)				OUTPUTNAME:[NAME] Claw		PROFICIENCY:WEAPON|							TYPE:Weapon.Simple.Melee.Piercing.Standard.Metal						COST:5	WT:2					CRITMULT:x3			CRITRANGE:1			DAMAGE:1d6								SIZE:S	SOURCEPAGE:p.14
Iron Flute										PROFICIENCY:WEAPON|							TYPE:Weapon.Simple.Melee.Bludgeoning.Standard.Metal						COST:5	WT:1					CRITMULT:x2			CRITRANGE:1			DAMAGE:1d4								SIZE:S	SOURCEPAGE:p.16
Machete										PROFICIENCY:WEAPON|							TYPE:Weapon.Simple.Melee.Ranged.Slashing.Standard.Metal					COST:5	WT:2					CRITMULT:x2			CRITRANGE:1			DAMAGE:1d6						RANGE:10	SIZE:S	SOURCEPAGE:p.17

#MEDIUM --------------------------------------------------------------------------------------------------------
Hammer (Golden Melon)			OUTPUTNAME:[NAME] Hammer	PROFICIENCY:WEAPON|							TYPE:Weapon.Simple.Melee.Bludgeoning.Standard.Metal						COST:15	WT:14					CRITMULT:x3			CRITRANGE:1			DAMAGE:1d8								SIZE:M	SOURCEPAGE:p.15
Iron Pipe										PROFICIENCY:WEAPON|							TYPE:Weapon.Simple.Melee.Bludgeoning.Standard.Metal.Monk					COST:5	WT:2					CRITMULT:x2			CRITRANGE:1			DAMAGE:1d6								SIZE:M	SOURCEPAGE:p.16
Mace (Chained)				OUTPUTNAME:[NAME] Mace		PROFICIENCY:WEAPON|Mace (Heavy)			TYPE:Weapon.Simple.Melee.Bludgeoning.Standard.Metal						COST:75	WT:12					CRITMULT:x2			CRITRANGE:1			DAMAGE:1d8								SIZE:M	SOURCEPAGE:p.17												SPROP:Can be changed into a light flail as a move equivalent action
Shortstaff										PROFICIENCY:WEAPON|Quarterstaff			TYPE:Weapon.Simple.Melee.Bludgeoning.Standard.Double.Wooden					COST:0	WT:2					CRITMULT:x2			CRITRANGE:1			DAMAGE:1d4		ALTDAMAGE:1d4				SIZE:M	SOURCEPAGE:p.21

#LARGE ---------------------------------------------------------------------------------------------------------
Master's Hand									PROFICIENCY:WEAPON|							TYPE:Weapon.Simple.Melee.Bludgeoning.Standard.Metal.Monk					COST:12	WT:7					CRITMULT:x2			CRITRANGE:1			DAMAGE:1d8								SIZE:L	SOURCEPAGE:p.17
Rake											PROFICIENCY:WEAPON|							TYPE:Weapon.Simple.Melee.Bludgeoning.Piercing.Standard.Metal.Monk				COST:10	WT:7					CRITMULT:x3			CRITRANGE:1			DAMAGE:1d8								SIZE:L	SOURCEPAGE:p.20
Staff (Lashing)				OUTPUTNAME:[NAME] Staff		PROFICIENCY:WEAPON|							TYPE:Weapon.Simple.Melee.Bludgeoning.Standard.Wooden						COST:3	WT:5					CRITMULT:x2			CRITRANGE:1			DAMAGE:1d8								SIZE:L	SOURCEPAGE:p.17
Staff (Telescopic)			OUTPUTNAME:[NAME] Staff		PROFICIENCY:WEAPON|Quarterstaff			TYPE:Weapon.Simple.Melee.Bludgeoning.Standard.Metal.Double					COST:85	WT:5					CRITMULT:x2			CRITRANGE:1			DAMAGE:1d6		ALTDAMAGE:1d6				SIZE:L	SOURCEPAGE:p.22


##Martial Weapons
#SMALL ---------------------------------------------------------------------------------------------------------
Bushknife										PROFICIENCY:WEAPON|							TYPE:Weapon.Martial.Melee.Standard.Slashing.Metal						COST:10	WT:4					CRITMULT:x2			CRITRANGE:2			DAMAGE:1d6								SIZE:S	SOURCEPAGE:p.10
Cinqueda										PROFICIENCY:WEAPON|Sword (Short)			TYPE:Weapon.Martial.Melee.Standard.Piercing.Metal						COST:15	WT:3					CRITMULT:x3			CRITRANGE:1			DAMAGE:2d3								SIZE:S	SOURCEPAGE:p.10
Duck Spade										PROFICIENCY:WEAPON|							TYPE:Weapon.Martial.Melee.Standard.Slashing.Metal						COST:15	WT:3					CRITMULT:x2			CRITRANGE:2			DAMAGE:1d6								SIZE:S	SOURCEPAGE:p.13
Flail (Small)				OUTPUTNAME:[NAME] Flail		PROFICIENCY:WEAPON|							TYPE:Weapon.Martial.Melee.Standard.Bludgeoning.Metal						COST:8	WT:3					CRITMULT:x2			CRITRANGE:1			DAMAGE:1d6								SIZE:S	SOURCEPAGE:p.14												SPROP:+2 to disarm and can be used to trip
Rapier (Small)				OUTPUTNAME:[NAME] Rapier	PROFICIENCY:WEAPON|Rapier				TYPE:Weapon.Martial.Melee.Standard.Piercing.Metal						COST:1d2	WT:2					CRITMULT:x2			CRITRANGE:2			DAMAGE:1d4								SIZE:S	SOURCEPAGE:p.20
Saber (Fencing)				OUTPUTNAME:[NAME] Saber		PROFICIENCY:WEAPON|							TYPE:Weapon.Martial.Melee.Standard.Slashing.Finesseable.Metal				COST:20	WT:3					CRITMULT:x2			CRITRANGE:3			DAMAGE:1d6								SIZE:S	SOURCEPAGE:p.21
Sword (Small Long)			OUTPUTNAME:[NAME] Sword		PROFICIENCY:WEAPON|Sword (Long)			TYPE:Weapon.Martial.Melee.Standard.Slashing.Metal						COST:15	WT:3					CRITMULT:x2			CRITRANGE:2			DAMAGE:1d6								SIZE:S	SOURCEPAGE:p.17

#MEDIUM --------------------------------------------------------------------------------------------------------
Dadao											PROFICIENCY:WEAPON|							TYPE:Weapon.Martial.Melee.Standard.Slashing.Metal						COST:25	WT:5					CRITMULT:x3			CRITRANGE:2			DAMAGE:1d6								SIZE:M	SOURCEPAGE:p.11
Dart Mace										PROFICIENCY:WEAPON|Mace (Heavy)			TYPE:weapon.Martial.Melee.Standard.Bludgeoning.Piercing.Ranged.Metal			COST:65	WT:12					CRITMULT:x2			CRITRANGE:1			DAMAGE:1d8						RANGE:20	SIZE:M	SOURCEPAGE:p.11												SPROP:Can fire a dart (1d4 damage) by pressing a button on handle.
Fanged Blade									PROFICIENCY:WEAPON|							TYPE:Weapon.Martial.Melee.Standard.Slashing.Wooden						COST:450	WT:3					CRITMULT:x2			CRITRANGE:2			DAMAGE:1d8+1							SIZE:M	SOURCEPAGE:p.14
Mace (Dart)					OUTPUTNAME:[NAME] Mace		PROFICIENCY:WEAPON|Mace (Heavy)			TYPE:weapon.Martial.Melee.Standard.Bludgeoning.Piercing.Ranged.Metal			COST:65	WT:12					CRITMULT:x2			CRITRANGE:1			DAMAGE:1d8						RANGE:20	SIZE:M	SOURCEPAGE:p.11												SPROP:Can fire a dart (1d4 damage) by pressing a button on handle.
Sword (Basket-hilted Backsword)	OUTPUTNAME:[NAME]			PROFICIENCY:WEAPON|							TYPE:Weapon.Martial.Melee.Standard.Slashing.Metal						COST:20	WT:6					CRITMULT:x2			CRITRANGE:3			DAMAGE:1d6								SIZE:M	SOURCEPAGE:p.9
Sword (Straight)				OUTPUTNAME:[NAME] Sword		PROFICIENCY:WEAPON|							TYPE:Weapon.Martial.Melee.Standard.Slashing.Piercing.Metal.Finesseable			COST:20	WT:2					CRITMULT:x2			CRITRANGE:2			DAMAGE:1d6								SIZE:M	SOURCEPAGE:p.22

#LARGE ---------------------------------------------------------------------------------------------------------
Staff (Battle)				OUTPUTNAME:[NAME] Staff		PROFICIENCY:WEAPON|Quarterstaff			TYPE:Weapon.Martial.Melee.Standard.Bludgeoning.Double.Wooden				COST:10	WT:15					CRITMULT:x2			CRITRANGE:1			DAMAGE:1d8		ALTDAMAGE:1d8				SIZE:L	SOURCEPAGE:p.9
Claymore										PROFICIENCY:WEAPON|							TYPE:Weapon.Martial.Melee.Standard.Slashing.Metal						COST:60	WT:15					CRITMULT:x2			CRITRANGE:2			DAMAGE:1d12								SIZE:L	SOURCEPAGE:p.11												SPROP:A Strength check (DC 15) allows wielder to make another cleave attack
Claw											PROFICIENCY:WEAPON|							TYPE:Weapon.Martial.Melee.Standard.Slashing.Metal						COST:15	WT:7					CRITMULT:x2			CRITRANGE:1			DAMAGE:1d8								SIZE:L	SOURCEPAGE:p.10
Club (Wolf Teeth)				OUTPUTNAME:[NAME] Club		PROFICIENCY:WEAPON|							TYPE:Weapon.Martial.Melee.Standard.Bludgeoning							COST:8	WT:5					CRITMULT:x3			CRITRANGE:1			DAMAGE:1d8								SIZE:L	SOURCEPAGE:p.24
Dragon Whisker Fork								PROFICIENCY:WEAPON|							TYPE:Weapon.Martial.Melee.Standard.Piercing.Metal						COST:20	WT:7					CRITMULT:x2			CRITRANGE:1			DAMAGE:2d4						RANGE:20	SIZE:L	SOURCEPAGE:p.13												SPROP:Can be used to trip
Monk's Cudgel									PROFICIENCY:WEAPON|							TYPE:Weapon.Martial.Melee.Standard.Bludgeoning.Metal.Monk					COST:12	WT:13					CRITMULT:x2			CRITRANGE:1			DAMAGE:2d4								SIZE:L	SOURCEPAGE:p.17
Pike											PROFICIENCY:WEAPON|							TYPE:Weapon.Martial.Melee.Standard.Piercing.Metal						COST:7	WT:13					CRITMULT:x3			CRITRANGE:1			DAMAGE:1d8								SIZE:L	SOURCEPAGE:p.19
Pike (Choke)				OUTPUTNAME:[NAME] Pike		PROFICIENCY:WEAPON|							TYPE:Weapon.Martial.Melee.Standard.Piercing.Metal						COST:8	WT:14					CRITMULT:x3			CRITRANGE:1			DAMAGE:1d8								SIZE:L	SOURCEPAGE:p.19
Nightling Cleaver									PROFICIENCY:WEAPON|							TYPE:Weapon.Martial.Melee.Standard.Slashing.Metal						COST:35	WT:20					CRITMULT:x2			CRITRANGE:3			DAMAGE:1d10								SIZE:L	SOURCEPAGE:p.19
Spear (Hooked)				OUTPUTNAME:[NAME] Spear		PROFICIENCY:WEAPON|							TYPE:Weapon.Martial.Melee.Standard.Piercing.Metal						COST:4	WT:5					CRITMULT:x3			CRITRANGE:1			DAMAGE:1d8						RANGE:20	SIZE:L	SOURCEPAGE:p.16												SPROP:Can be used to trip
Spear (Wolf)				OUTPUTNAME:[NAME] Spear		PROFICIENCY:WEAPON|							TYPE:Weapon.Martial.Melee.Standard.Piercing.Metal						COST:20	WT:20					CRITMULT:x3			CRITRANGE:1			DAMAGE:1d8										SOURCEPAGE:p.24
Sword (Broad - Ghost Head)		OUTPUTNAME:[NAME] Sword		PROFICIENCY:WEAPON|							TYPE:Weapon.Martial.Melee.Standard.Slashing.Metal						COST:80	WT:17					CRITMULT:x2			CRITRANGE:3			DAMAGE:1d10								SIZE:L	SOURCEPAGE:p.15
Sword (Executioner's)			OUTPUTNAME:[NAME] Sword		PROFICIENCY:WEAPON|							TYPE:Weapon.Martial.Melee.Standard.Slashing.Metal						COST:75	WT:18					CRITMULT:x4			CRITRANGE:1			DAMAGE:1d12								SIZE:L	SOURCEPAGE:p.13
Sword (3-Point Double Blade)		OUTPUTNAME:[NAME] Sword		PROFICIENCY:WEAPON|							TYPE:Weapon.Martial.Melee.Standard.Slashing.Piercing.Metal					COST:15	WT:10					CRITMULT:x3			CRITRANGE:1			DAMAGE:2d4						RANGE:20	SIZE:L	SOURCEPAGE:p.22
Tiger Fork										PROFICIENCY:WEAPON|							TYPE:Weapon.Martial.Melee.Standard.Piercing.Slashing.Metal					COST:15	WT:15					CRITMULT:x2			CRITRANGE:1			DAMAGE:1d10						RANGE:20	SIZE:L	SOURCEPAGE:p.22
Trident (Spiked Wolf Teeth)		OUTPUTNAME:[NAME] Trident	PROFICIENCY:WEAPON|							TYPE:Weapon.Martial.Melee.Standard.Piercing.Metal						COST:20	WT:7					CRITMULT:x2			CRITRANGE:1			DAMAGE:2d4						RANGE:20	SIZE:L	SOURCEPAGE:p.24
War Fork										PROFICIENCY:WEAPON|							TYPE:Weapon.Martial.Melee.Standard.Piercing.Slashing.Metal					COST:20	WT:15					CRITMULT:x2			CRITRANGE:2			DAMAGE:1d12								SIZE:L	SOURCEPAGE:p.23
Widowmaker										PROFICIENCY:WEAPON|							TYPE:Weapon.Martial.Melee.Standard.Slashing.Metal						COST:35	WT:25					CRITMULT:x3			CRITRANGE:2			DAMAGE:1d12								SIZE:L	SOURCEPAGE:p.23

##Exotic Weapons
#TINY ----------------------------------------------------------------------------------------------------------
Cat Gloves										PROFICIENCY:WEAPON|							TYPE:Weapon.Exotic.Melee.Standard.Slashing.Finesseable.Metal				COST:5	WT:2					CRITMULT:x2			CRITRANGE:1			DAMAGE:1d4								SIZE:T	SOURCEPAGE:p.10
Emei Piercer									PROFICIENCY:WEAPON|							TYPE:Weapon.Exotic.Melee.Standard.Piercing.Finesseable.Metal				COST:2	WT:.5					CRITMULT:x3			CRITRANGE:1			DAMAGE:1d3								SIZE:T	SOURCEPAGE:p.13
Poison Hairpin									PROFICIENCY:WEAPON|							TYPE:Weapon.Exotic.Melee.Standard.Piercing.Metal						COST:15	WT:.1					CRITMULT:x2			CRITRANGE:1			DAMAGE:1d2								SIZE:T	SOURCEPAGE:p.15
Ribbon Dagger									PROFICIENCY:WEAPON|							TYPE:Weapon.Exotic.Melee.Standard.Ranged.Piercing.Metal					COST:1	WT:.2					CRITMULT:x2			CRITRANGE:1			DAMAGE:1d3						RANGE:20	SIZE:T	SOURCEPAGE:p.20
Scholar's Brush									PROFICIENCY:WEAPON|							TYPE:Weapon.Exotic.Melee.Standard.Piercing.Finesseable.Metal				COST:2	WT:.5					CRITMULT:x2			CRITRANGE:1			DAMAGE:1d3						RANGE:10	SIZE:T	SOURCEPAGE:p.21

#SMALL ---------------------------------------------------------------------------------------------------------
Buckler (Blade)				OUTPUTNAME:[NAME] Buckler	PROFICIENCY:WEAPON|							TYPE:Weapon.Exotic.Melee.Standard.Piercing.Metal						COST:30	WT:4					CRITMULT:x3			CRITRANGE:1			DAMAGE:1d6								SIZE:S	SOURCEPAGE:p.9
Duck Blade										PROFICIENCY:WEAPON|							TYPE:Weapon.Exotic.Melee.Standard.Slashing.Metal						COST:12	WT:2					CRITMULT:x3			CRITRANGE:1			DAMAGE:1d6								SIZE:S	SOURCEPAGE:p.13
Gauntlet (Battle)				OUTPUTNAME:[NAME] Gauntlet	PROFICIENCY:WEAPON|							TYPE:Weapon.Exotic.Melee.Standard.Bludgeoning.Metal						COST:25	WT:3		ACCHECK:-1		CRITMULT:x2			CRITRANGE:1			DAMAGE:1d6								SIZE:S	SOURCEPAGE:p.9	SPELLFAILURE:5		BONUS:COMBAT|AC|1|TYPE=Armor.REPLACE
Halberd (Horse)				OUTPUTNAME:[NAME] Halberd	PROFICIENCY:WEAPON|							TYPE:Weapon.Exotic.Melee.Standard.Piercing.Metal						COST:5	WT:2					CRITMULT:x2			CRITRANGE:1			DAMAGE:1d6								SIZE:S	SOURCEPAGE:p.16
Hokk											PROFICIENCY:WEAPON|							TYPE:Weapon.Exotic.Melee.Standard.Slashing.Metal						COST:10	WT:3					CRITMULT:x3			CRITRANGE:1			DAMAGE:1d6								SIZE:S	SOURCEPAGE:p.17
Hook (Combat)				OUTPUTNAME:[NAME] Hook		PROFICIENCY:WEAPON|							TYPE:Weapon.Exotic.Melee.Standard.Piercing.Metal						COST:10	WT:3					CRITMULT:x3			CRITRANGE:1			DAMAGE:1d6								SIZE:S	SOURCEPAGE:p.11												SPROP:Can be used to trip
Rooster Blade									PROFICIENCY:WEAPON|							TYPE:Weapon.Exotic.Melee.Standard.Piercing.Metal						COST:1	WT:2					CRITMULT:x3			CRITRANGE:1			DAMAGE:1d6								SIZE:S	SOURCEPAGE:p.21
Ring Blade										PROFICIENCY:WEAPON|							TYPE:Weapon.Exotic.Melee.Standard.Slashing.Metal						COST:25	WT:4					CRITMULT:x3			CRITRANGE:1			DAMAGE:1d6								SIZE:S	SOURCEPAGE:p.21												SPROP:Can alternate betwen use as a weapon and use as a buckler
Snake Ring										PROFICIENCY:WEAPON|							TYPE:Weapon.Exotic.Melee.Standard.Slashing.Piercing.Metal					COST:14	WT:2					CRITMULT:x2			CRITRANGE:2			DAMAGE:1d4								SIZE:S	SOURCEPAGE:p.21
Sword (Gauntlet)				OUTPUTNAME:[NAME] Sword		PROFICIENCY:WEAPON|							TYPE:Weapon.Exotic.Melee.Standard.Piercing.Metal						COST:35	WT:3					CRITMULT:x2			CRITRANGE:2			DAMAGE:1d6								SIZE:S	SOURCEPAGE:p.15
Sword (Unicorn Horn)			OUTPUTNAME:[NAME] Sword		PROFICIENCY:WEAPON|							TYPE:Weapon.Exotic.Melee.Standard.Slashing.Metal						COST:15	WT:2					CRITMULT:x2			CRITRANGE:2			DAMAGE:1d6								SIZE:S	SOURCEPAGE:p.23
Wind and Fire Wheel								PROFICIENCY:WEAPON|							TYPE:Weapon.Exotic.Melee.Standard.Slashing.Metal						COST:16	WT:2					CRITMULT:x3			CRITRANGE:1			DAMAGE:1d6								SIZE:S	SOURCEPAGE:p.23

#MEDIUM --------------------------------------------------------------------------------------------------------
Axe (Chained)				OUTPUTNAME:[NAME] Axe		PROFICIENCY:WEAPON|							TYPE:Weapon.Exotic.Melee.Standard.Slashing.Metal						COST:15	WT:15					CRITMULT:x3			CRITRANGE:1			DAMAGE:1d8								SIZE:M	SOURCEPAGE:p.8												SPROP:+2 disarm and can be used to trip
Axe (Double-Headed)			OUTPUTNAME:[NAME] Axe		PROFICIENCY:WEAPON|Axe (Double-Headed/[Hands])	TYPE:Weapon.Exotic.Melee.Standard.Slashing.Metal						COST:40	WT:15					CRITMULT:x3			CRITRANGE:1			DAMAGE:1d10								SIZE:M	SOURCEPAGE:p.12
Axe (Double-Chained)			OUTPUTNAME:[NAME] Axe		PROFICIENCY:WEAPON|							TYPE:Weapon.Exotic.Melee.Standard.Slashing.Metal.Double					COST:30	WT:20					CRITMULT:x3			CRITRANGE:1			DAMAGE:1d8		ALTDAMAGE:1d8				SIZE:M	SOURCEPAGE:p.8												SPROP:+2 disarm and can be used to trip
Axe-Hammer										PROFICIENCY:WEAPON|							TYPE:Weapon.Exotic.Melee.Standard.Slashing.Bludgeoning.Metal				COST:55	WT:8					CRITMULT:x3			CRITRANGE:1			DAMAGE:1d8								SIZE:M	SOURCEPAGE:p.8
Claw (Double Flying)			OUTPUTNAME:[NAME] Claw		PROFICIENCY:WEAPON|							TYPE:Weapon.Exotic.Melee.Standard.Slashing.Double.Metal					COST:18	WT:4					CRITMULT:x2			CRITRANGE:1			DAMAGE:1d6		ALTDAMAGE:1d6				SIZE:M	SOURCEPAGE:p.12												SPROP:+2 disarm and can be used to trip
Dragon Head Stick									PROFICIENCY:WEAPON|							TYPE:Weapon.Exotic.Melee.Standard.Bludgeoning.Piercing.Double.Metal.Finesseable	COST:10	WT:3					CRITMULT:x2			CRITRANGE:1			DAMAGE:1d4		ALTDAMAGE:1d4				SIZE:M	SOURCEPAGE:p.12												SPROP:+2 disarm and can be used to trip
Flying Weight									PROFICIENCY:WEAPON|							TYPE:Weapon.Exotic.Melee.Standard.Ranged.Bludgeoning.Metal					COST:5	WT:1.5				CRITMULT:x2			CRITRANGE:2			DAMAGE:1d6						RANGE:10	SIZE:M	SOURCEPAGE:p.14												SPROP:+1 to trip and disarm
Hammer (Meteor)				OUTPUTNAME:[NAME] Hammer	PROFICIENCY:WEAPON|							TYPE:Weapon.Exotic.Melee.Standard.Bludgeoning.Metal.Double.Finesseable			COST:8	WT:3					CRITMULT:x2			CRITRANGE:2			DAMAGE:1d6		ALTDAMAGE:1d6				SIZE:M	SOURCEPAGE:p.17												SPROP:+1 to trip and disarm
Hook (Tiger)				OUTPUTNAME:[NAME] Hook		PROFICIENCY:WEAPON|							TYPE:Weapon.Exotic.Melee.Standard.Slashing.Piercing.Metal					COST:15	WT:3					CRITMULT:x2			CRITRANGE:2			DAMAGE:1d6								SIZE:M	SOURCEPAGE:p.23												SPROP:+2 to disarm and trip
Hook (Nine Teeth)				OUTPUTNAME:[NAME] Hook		PROFICIENCY:WEAPON|							TYPE:Weapon.Exotic.Melee.Standard.Slashing.Piercing.Metal					COST:18	WT:3					CRITMULT:x3			CRITRANGE:1			DAMAGE:1d6								SIZE:M	SOURCEPAGE:p.19												SPROP:Can be used to trip
Lance (Sky)					OUTPUTNAME:[NAME] Lance		PROFICIENCY:WEAPON|							TYPE:Weapon.Exotic.Melee.Standard.Piercing							COST:1060	WT:10					CRITMULT:x3			CRITRANGE:1			DAMAGE:1d12								SIZE:M	SOURCEPAGE:p.21
Scarf Chain										PROFICIENCY:WEAPON|							TYPE:Weapon.Exotic.Melee.Standard.Slashing.Metal						COST:10	WT:1					CRITMULT:x3			CRITRANGE:1			DAMAGE:1d4								SIZE:M	SOURCEPAGE:p.21												SPROP:+1 to disarm and trip
Sword (Double-Bladed)			OUTPUTNAME:[NAME] Sword		PROFICIENCY:WEAPON|Sword (Double-Bladed/[Hands])	TYPE:Weapon.Exotic.Melee.Standard.Slashing.Metal						COST:60	WT:8					CRITMULT:x2			CRITRANGE:2			DAMAGE:1d10								SIZE:M	SOURCEPAGE:p.12
Sword (Pole)				OUTPUTNAME:[NAME] Sword		PROFICIENCY:WEAPON|							TYPE:Weapon.Exotic.Melee.Standard.Slashing.Metal						COST:10	WT:5					CRITMULT:x2			CRITRANGE:2			DAMAGE:1d8						RANGE:5	SIZE:M	SOURCEPAGE:p.19												SPROP:Can be used to trip
Sword (Ribbon)				OUTPUTNAME:[NAME] Sword		PROFICIENCY:WEAPON|							TYPE:Weapon.Exotic.Melee.Standard.Slashing.Metal						COST:15	WT:3					CRITMULT:x3			CRITRANGE:1			DAMAGE:1d8								SIZE:M	SOURCEPAGE:p.20												SPROP:+1 Circumstance Bonus to AC when in melee
Water Parting Shield								PROFICIENCY:WEAPON|							TYPE:Weapon.Exotic.Melee.Standard.Slashing.Metal						COST:12	WT:3					CRITMULT:x2			CRITRANGE:2			DAMAGE:1d6								SIZE:M	SOURCEPAGE:p.23
War Cleaver										PROFICIENCY:WEAPON|							TYPE:Weapon.Exotic.Melee.Standard.Slashing.Metal						COST:50	WT:10					CRITMULT:x2			CRITRANGE:2			DAMAGE:2d4								SIZE:M	SOURCEPAGE:p.23

#LARGE ---------------------------------------------------------------------------------------------------------
Axe (Crushing)				OUTPUTNAME:[NAME] Axe		PROFICIENCY:WEAPON|							TYPE:Weapon.Exotic.Melee.Standard.Slashing.Bludgeoning.Double.Metal			COST:75	WT:25					CRITMULT:x3			CRITRANGE:1			DAMAGE:1d8		ALTDAMAGE:1d8				SIZE:L	SOURCEPAGE:p.11
Bloodaxe										PROFICIENCY:WEAPON|							TYPE:Weapon.Exotic.Melee.Standard.Slashing.Metal						COST:50	WT:20					CRITMULT:x3			CRITRANGE:1			DAMAGE:2d8								SIZE:L	SOURCEPAGE:p.9
Balled Chain									PROFICIENCY:WEAPON|							TYPE:Weapon.Exotic.Melee.Standard.Bludgeoning.Piercing.Double.Metal.Finesseable	COST:20	WT:18					CRITMULT:x2			CRITRANGE:1			DAMAGE:1d8		ALTDAMAGE:1d8				SIZE:L	SOURCEPAGE:p.10												SPROP:+2 disarm and can be used to trip
Flail (Hook)				OUTPUTNAME:[NAME] Hook		PROFICIENCY:WEAPON|							TYPE:Weapon.Exotic.Melee.Standard.Bludgeoning.Slashing.Metal				COST:15	WT:20					CRITMULT:x2			CRITRANGE:2			DAMAGE:1d8								SIZE:L	SOURCEPAGE:p.16												SPROP:+3 disarm and can be used to trip
Hammer (Mother and Son)			OUTPUTNAME:[NAME] Hammer	PROFICIENCY:WEAPON|							TYPE:Weapon.Exotic.Melee.Standard.Bludgeoning.Metal.Double					COST:7	WT:7					CRITMULT:x2			CRITRANGE:2			DAMAGE:1d8		ALTDAMAGE:1d8				SIZE:L	SOURCEPAGE:p.18												SPROP:+1 to trip and disarm
Hammer (Wolf Teeth)			OUTPUTNAME:[NAME] Hammer	PROFICIENCY:WEAPON|							TYPE:Weapon.Exotic.Melee.Standard.Bludgeoning.Piercing.Metal				COST:12	WT:5					CRITMULT:x2			CRITRANGE:1			DAMAGE:1d8								SIZE:L	SOURCEPAGE:p.24												SPROP:+1 to trip and disarm
Heaven Lotus Phoenix Tail							PROFICIENCY:WEAPON|							TYPE:Weapon.Exotic.Melee.Standard.Piercing.Slashing.Double.Metal				COST:35	WT:11					CRITMULT:x3			CRITRANGE:1			DAMAGE:1d8		ALTDAMAGE:1d8				SIZE:L	SOURCEPAGE:p.16
Mace (Double)				OUTPUTNAME:[NAME] Mace		PROFICIENCY:WEAPON|							TYPE:Weapon.Exotic.Melee.Standard.Double.Bludgeoning.Metal					COST:70	WT:22					CRITMULT:x2			CRITRANGE:1			DAMAGE:1d8		ALTDAMAGE:1d8				SIZE:L	SOURCEPAGE:p.17
Maul (War)					OUTPUTNAME:[NAME] Maul		PROFICIENCY:WEAPON|							TYPE:Weapon.Exotic.Melee.Standard.Bludgeoning.Metal						COST:75	WT:30					CRITMULT:x3			CRITRANGE:1			DAMAGE:2d8								SIZE:L	SOURCEPAGE:p.23
Monk's Spade									PROFICIENCY:WEAPON|							TYPE:Weapon.Exotic.Melee.Standard.Slashing.Metal.Monk.Double				COST:30	WT:11					CRITMULT:x2			CRITRANGE:1			DAMAGE:1d10		ALTDAMAGE:2d4				SIZE:L	SOURCEPAGE:p.17												SPROP:+1 disarm
Pen											PROFICIENCY:WEAPON|							TYPE:Weapon.Exotic.Melee.Standard.Piercing.Metal.Finesseable				COST:15	WT:5					CRITMULT:x2			CRITRANGE:3			DAMAGE:1d6								SIZE:L	SOURCEPAGE:p.19
Sickle (Four Section)			OUTPUTNAME:[NAME] Sickle	PROFICIENCY:WEAPON|							TYPE:Weapon.Exotic.Melee.Standard.Bludgeoning.Slashing.Double.Metal			COST:12	WT:11					CRITMULT:x3			CRITRANGE:1			DAMAGE:2d4		ALTDAMAGE:2d4				SIZE:L	SOURCEPAGE:p.15
Spear (Bane)				OUTPUTNAME:[NAME] Spear		PROFICIENCY:WEAPON|							TYPE:Weapon.Exotic.Melee.Standard.Piercing.Bludgeoning.Double.Metal			COST:50	WT:7					CRITMULT:x3			CRITRANGE:1			DAMAGE:1d8		ALTDAMAGE:1d8		RANGE:20	SIZE:L	SOURCEPAGE:p.8
Spear (Double-Headed)			OUTPUTNAME:[NAME] Spear		PROFICIENCY:WEAPON|							TYPE:Weapon.Exotic.Melee.Standard.Piercing.Metal.Double					COST:5	WT:6					CRITMULT:x3			CRITRANGE:1			DAMAGE:1d8		ALTDAMAGE:1d8		RANGE:20	SIZE:L	SOURCEPAGE:p.12
Spear (Jump)				OUTPUTNAME:[NAME] Spear		PROFICIENCY:WEAPON|							TYPE:Weapon.Exotic.Melee.Standard.Piercing.Metal						COST:8	WT:7					CRITMULT:x3			CRITRANGE:1			DAMAGE:1d8								SIZE:L	SOURCEPAGE:p.17
Sword (Cicada Wing)			OUTPUTNAME:[NAME] Sword		PROFICIENCY:WEAPON|							TYPE:Weapon.Exotic.Melee.Standard.Slashing.Metal.Double					COST:120	WT:10					CRITMULT:x2			CRITRANGE:2			DAMAGE:1d6		ALTDAMAGE:1d6				SIZE:L	SOURCEPAGE:p.10
Sword (Heaven/Earth/Sun/Moon)		OUTPUTNAME:[NAME] Sword		PROFICIENCY:WEAPON|							TYPE:Weapon.Exotic.Melee.Standard.Slashing.Metal.Double					COST:120	WT:11					CRITMULT:x2			CRITRANGE:2			DAMAGE:1d6		ALTDAMAGE:1d6				SIZE:L	SOURCEPAGE:p.15
Sword (Horse Hacking)			OUTPUTNAME:[NAME] Sword		PROFICIENCY:WEAPON|							TYPE:Weapon.Exotic.Melee.Standard.Slashing.Bludgeoning.Double.Metal			COST:30	WT:8					CRITMULT:x2			CRITRANGE:1			DAMAGE:1d6		ALTDAMAGE:1d4				SIZE:L	SOURCEPAGE:p.16
Tripbag										PROFICIENCY:WEAPON|							TYPE:Weapon.Exotic.Melee.Bludgeoning								COST:5	WT:20					CRITMULT:x2			CRITRANGE:1			DAMAGE:1d8								SIZE:L	SOURCEPAGE:p.23												SPROP:+4 to trip
