# CVS $Revision: $ $Author: $ -- Mon Sep 24 18:54:18 2007 -- reformated by prettylst.pl v1.38 (build 2788)
SOURCELONG:Bastion Press - Arms and Armor	SOURCESHORT:ArmsArmor	SOURCEWEB:www.bastionpress.com
#Original Entry By; Knightcrawler
# Equipment Name		Type														Cost		Weight	Source Page				Required Proficiency						Crit Multiplier		Crit Range			Damage		Range		Size			Bonus																			Special Property

# Equipment Name			Output Name				Required Proficiency		Type												Cost		Weight	Critical Hit Multiplier	Critical Hit Range	Damage	Alternative Damage	Range		Size		Source Page		Weapon prop. bonus
Staff (Summoner)			OUTPUTNAME:Staff, [NAME]	PROFICIENCY:WEAPON|Quarterstaff	TYPE:Magic.Staff.Weapon.Simple.Melee.Bludgeoning.Specific.Double.Wooden	COST:90600	WT:4		CRITMULT:x2			CRITRANGE:1			DAMAGE:1d6	ALTDAMAGE:1d6				SIZE:L	SOURCEPAGE:p.41	BONUS:WEAPON|DAMAGE,TOHIT|2|TYPE=Enhancement
Staff (Loremasters Aide)	OUTPUTNAME:Staff, [NAME]	PROFICIENCY:WEAPON|Quarterstaff	TYPE:Magic.Staff.Weapon.Simple.Melee.Bludgeoning.Specific.Double		COST:65640	WT:4		CRITMULT:x2			CRITRANGE:1			DAMAGE:1d6	ALTDAMAGE:1d6				SIZE:L	SOURCEPAGE:p.44	BONUS:WEAPON|DAMAGE,TOHIT|1|TYPE=Enhancement
Staff (Abjurer)			OUTPUTNAME:Staff, [NAME]	PROFICIENCY:WEAPON|Quarterstaff	TYPE:Magic.Staff.Weapon.Simple.Melee.Bludgeoning.Specific.Double		COST:153100	WT:4		CRITMULT:x2			CRITRANGE:1			DAMAGE:1d6	ALTDAMAGE:1d6				SIZE:L	SOURCEPAGE:p.44	BONUS:WEAPON|DAMAGE,TOHIT|2|TYPE=Enhancement
Staff (Conjurer)			OUTPUTNAME:Staff, [NAME]	PROFICIENCY:WEAPON|Quarterstaff	TYPE:Magic.Staff.Weapon.Simple.Melee.Bludgeoning.Specific.Double		COST:153100	WT:4		CRITMULT:x2			CRITRANGE:1			DAMAGE:1d6	ALTDAMAGE:1d6				SIZE:L	SOURCEPAGE:p.44	BONUS:WEAPON|DAMAGE,TOHIT|2|TYPE=Enhancement
Staff (Enchanter)			OUTPUTNAME:Staff, [NAME]	PROFICIENCY:WEAPON|Quarterstaff	TYPE:Magic.Staff.Weapon.Simple.Melee.Bludgeoning.Specific.Double		COST:153100	WT:4		CRITMULT:x2			CRITRANGE:1			DAMAGE:1d6	ALTDAMAGE:1d6				SIZE:L	SOURCEPAGE:p.44	BONUS:WEAPON|DAMAGE,TOHIT|2|TYPE=Enhancement
Staff (Evoker)			OUTPUTNAME:Staff, [NAME]	PROFICIENCY:WEAPON|Quarterstaff	TYPE:Magic.Staff.Weapon.Simple.Melee.Bludgeoning.Specific.Double		COST:153100	WT:4		CRITMULT:x2			CRITRANGE:1			DAMAGE:1d6	ALTDAMAGE:1d6				SIZE:L	SOURCEPAGE:p.44	BONUS:WEAPON|DAMAGE,TOHIT|2|TYPE=Enhancement
Staff (Diviner)			OUTPUTNAME:Staff, [NAME]	PROFICIENCY:WEAPON|Quarterstaff	TYPE:Magic.Staff.Weapon.Simple.Melee.Bludgeoning.Specific.Double		COST:153100	WT:4		CRITMULT:x2			CRITRANGE:1			DAMAGE:1d6	ALTDAMAGE:1d6				SIZE:L	SOURCEPAGE:p.44	BONUS:WEAPON|DAMAGE,TOHIT|2|TYPE=Enhancement
Staff (Illusionist)		OUTPUTNAME:Staff, [NAME]	PROFICIENCY:WEAPON|Quarterstaff	TYPE:Magic.Staff.Weapon.Simple.Melee.Bludgeoning.Specific.Double		COST:153100	WT:4		CRITMULT:x2			CRITRANGE:1			DAMAGE:1d6	ALTDAMAGE:1d6				SIZE:L	SOURCEPAGE:p.44	BONUS:WEAPON|DAMAGE,TOHIT|2|TYPE=Enhancement
Staff (Necromancer)		OUTPUTNAME:Staff, [NAME]	PROFICIENCY:WEAPON|Quarterstaff	TYPE:Magic.Staff.Weapon.Simple.Melee.Bludgeoning.Specific.Double		COST:153100	WT:4		CRITMULT:x2			CRITRANGE:1			DAMAGE:1d6	ALTDAMAGE:1d6				SIZE:L	SOURCEPAGE:p.44	BONUS:WEAPON|DAMAGE,TOHIT|2|TYPE=Enhancement
Staff (Transmuter)		OUTPUTNAME:Staff, [NAME]	PROFICIENCY:WEAPON|Quarterstaff	TYPE:Magic.Staff.Weapon.Simple.Melee.Bludgeoning.Specific.Double		COST:153100	WT:4		CRITMULT:x2			CRITRANGE:1			DAMAGE:1d6	ALTDAMAGE:1d6				SIZE:L	SOURCEPAGE:p.44	BONUS:WEAPON|DAMAGE,TOHIT|2|TYPE=Enhancement
Rod (Air Domain)			OUTPUTNAME:Rod, [NAME]		PROFICIENCY:WEAPON|Rapier		TYPE:Magic.Rod.Weapon.Martial.Melee.Specific.Piercing.Finesseable.Metal	COST:108200	WT:3		CRITMULT:x2			CRITRANGE:3			DAMAGE:1d6							SIZE:M	SOURCEPAGE:p.39	BONUS:WEAPON|DAMAGE,TOHIT|3|TYPE=Enhancement
Rod (Animal Domain)		OUTPUTNAME:Rod, [NAME]		PROFICIENCY:WEAPON|Club			TYPE:Magic.Rod.Weapon.Simple.Melee.Ranged.Bludgeoning.Specific.Wooden	COST:113580	WT:3		CRITMULT:x2			CRITRANGE:1			DAMAGE:1d6					RANGE:10	SIZE:M	SOURCEPAGE:p.39	BONUS:WEAPON|DAMAGE,TOHIT|3|TYPE=Enhancement
Rod (Chaos Domain)		OUTPUTNAME:Rod, [NAME]		PROFICIENCY:WEAPON|Warhammer		TYPE:Magic.Rod.Weapon.Martial.Melee.Specific.Bludgeoning.Metal		COST:113592	WT:8		CRITMULT:x3			CRITRANGE:1			DAMAGE:1d8							SIZE:M	SOURCEPAGE:p.39	BONUS:WEAPON|DAMAGE,TOHIT|3|TYPE=Enhancement
Rod (Death Domain)		OUTPUTNAME:Rod, [NAME]		PROFICIENCY:WEAPON|Mace (Heavy)	TYPE:Magic.Rod.Weapon.Simple.Melee.Bludgeoning.Specific.Metal		COST:119712	WT:12		CRITMULT:x2			CRITRANGE:1			DAMAGE:1d8							SIZE:M	SOURCEPAGE:p.39	BONUS:WEAPON|DAMAGE,TOHIT|3|TYPE=Enhancement
Rod (Destruction Domain)	OUTPUTNAME:Rod, [NAME]		PROFICIENCY:WEAPON|Mace (Light)	TYPE:Magic.Rod.Weapon.Simple.Melee.Bludgeoning.Specific.Metal		COST:126645	WT:6		CRITMULT:x2			CRITRANGE:1			DAMAGE:1d6							SIZE:S	SOURCEPAGE:p.39	BONUS:WEAPON|DAMAGE,TOHIT|3|TYPE=Enhancement
Rod (Earth Domain)		OUTPUTNAME:Rod, [NAME]		PROFICIENCY:WEAPON|Greatclub		TYPE:Magic.Rod.Weapon.Martial.Melee.Specific.Bludgeoning.Wooden		COST:126645	WT:10		CRITMULT:x2			CRITRANGE:1			DAMAGE:1d10							SIZE:L	SOURCEPAGE:p.39	BONUS:WEAPON|DAMAGE,TOHIT|3|TYPE=Enhancement
Rod (Fire Domain)			OUTPUTNAME:Rod, [NAME]		PROFICIENCY:WEAPON|Morningstar		TYPE:Magic.Rod.Weapon.Simple.Melee.Bludgeoning.Specific.Piercing.Metal	COST:112312	WT:8		CRITMULT:x2			CRITRANGE:1			DAMAGE:1d8							SIZE:M	SOURCEPAGE:p.39	BONUS:WEAPON|DAMAGE,TOHIT|3|TYPE=Enhancement
Rod (Good Domain)			OUTPUTNAME:Rod, [NAME]		PROFICIENCY:WEAPON|Mace (Heavy)	TYPE:Magic.Rod.Weapon.Simple.Melee.Bludgeoning.Specific.Metal		COST:112312	WT:12		CRITMULT:x2			CRITRANGE:1			DAMAGE:1d8							SIZE:M	SOURCEPAGE:p.39	BONUS:WEAPON|DAMAGE,TOHIT|3|TYPE=Enhancement
Rod (Healing Domain)		OUTPUTNAME:Rod, [NAME]							TYPE:Magic.Rod										COST:95640	WT:5																				SOURCEPAGE:p.39
Rod (Knowledge Domain)		OUTPUTNAME:Rod, [NAME]		PROFICIENCY:WEAPON|Pick (Heavy)	TYPE:Magic.Rod.Weapon.Martial.Melee.Specific.Piercing.Metal			COST:162308	WT:6		CRITMULT:x4			CRITRANGE:1			DAMAGE:1d6							SIZE:M	SOURCEPAGE:p.39	BONUS:WEAPON|DAMAGE,TOHIT|3|TYPE=Enhancement
Rod (Law Domain)			OUTPUTNAME:Rod, [NAME]		PROFICIENCY:WEAPON|Warhammer		TYPE:Magic.Rod.Weapon.Martial.Melee.Specific.Bludgeoning.Metal		COST:112312	WT:8		CRITMULT:x3			CRITRANGE:1			DAMAGE:1d8							SIZE:M	SOURCEPAGE:p.39	BONUS:WEAPON|DAMAGE,TOHIT|3|TYPE=Enhancement
Rod (Luck Domain)			OUTPUTNAME:Rod, [NAME]		PROFICIENCY:WEAPON|Sword (Long)	TYPE:Magic.Rod.Weapon.Martial.Melee.Specific.Slashing.Metal			COST:100275	WT:4		CRITMULT:x2			CRITRANGE:2			DAMAGE:1d8							SIZE:M	SOURCEPAGE:p.39	BONUS:WEAPON|DAMAGE,TOHIT|3|TYPE=Enhancement
Rod (Magic Domain)		OUTPUTNAME:Rod, [NAME]		PROFICIENCY:WEAPON|Flail (Heavy)	TYPE:Magic.Rod.Weapon.Martial.Melee.Specific.Bludgeoning.Metal		COST:177315	WT:20		CRITMULT:x2			CRITRANGE:2			DAMAGE:1d10							SIZE:L	SOURCEPAGE:p.40	BONUS:WEAPON|DAMAGE,TOHIT|3|TYPE=Enhancement
Rod (Plant Domain)		OUTPUTNAME:Rod, [NAME]		PROFICIENCY:WEAPON|Club			TYPE:Magic.Rod.Weapon.Simple.Melee.Ranged.Bludgeoning.Specific.Wooden	COST:162300	WT:3		CRITMULT:x2			CRITRANGE:1			DAMAGE:1d6					RANGE:10	SIZE:M	SOURCEPAGE:p.40	BONUS:WEAPON|DAMAGE,TOHIT|3|TYPE=Enhancement
Rod (Protection Domain)		OUTPUTNAME:Rod, [NAME]		PROFICIENCY:WEAPON|Morningstar		TYPE:Magic.Rod.Weapon.Simple.Melee.Bludgeoning.Specific.Piercing.Metal	COST:104308	WT:8		CRITMULT:x2			CRITRANGE:1			DAMAGE:1d8							SIZE:M	SOURCEPAGE:p.40	BONUS:WEAPON|DAMAGE,TOHIT|3|TYPE=Enhancement
Rod (Strength Domain)		OUTPUTNAME:Rod, [NAME]		PROFICIENCY:WEAPON|Greatclub		TYPE:Magic.Rod.Weapon.Martial.Melee.Specific.Bludgeoning.Wooden		COST:112305	WT:10		CRITMULT:x2			CRITRANGE:1			DAMAGE:1d10							SIZE:L	SOURCEPAGE:p.40	BONUS:WEAPON|DAMAGE,TOHIT|3|TYPE=Enhancement
Rod (Sun Domain)			OUTPUTNAME:Rod, [NAME]		PROFICIENCY:WEAPON|Mace (Heavy)	TYPE:Magic.Rod.Weapon.Simple.Melee.Bludgeoning.Specific.Metal		COST:136312	WT:12		CRITMULT:x2			CRITRANGE:1			DAMAGE:1d8							SIZE:M	SOURCEPAGE:p.40	BONUS:WEAPON|DAMAGE,TOHIT|3|TYPE=Enhancement
Rod (Travel Domain)		OUTPUTNAME:Rod, [NAME]		PROFICIENCY:WEAPON|Battleaxe		TYPE:Magic.Rod.Weapon.Martial.Melee.Specific.Slashing.Metal			COST:140310	WT:7		CRITMULT:x3			CRITRANGE:1			DAMAGE:1d8							SIZE:M	SOURCEPAGE:p.40	BONUS:WEAPON|DAMAGE,TOHIT|3|TYPE=Enhancement
Rod (Trickery Domain)		OUTPUTNAME:Rod, [NAME]		PROFICIENCY:WEAPON|Flail (Light)	TYPE:Magic.Rod.Weapon.Martial.Melee.Specific.Bludgeoning.Metal		COST:110508	WT:5		CRITMULT:x2			CRITRANGE:1			DAMAGE:1d8							SIZE:M	SOURCEPAGE:p.41	BONUS:WEAPON|DAMAGE,TOHIT|3|TYPE=Enhancement
Rod (War Domain)			OUTPUTNAME:Rod, [NAME]		PROFICIENCY:WEAPON|Greataxe		TYPE:Magic.Rod.Weapon.Martial.Melee.Specific.Slashing.Metal			COST:107120	WT:20		CRITMULT:x3			CRITRANGE:1			DAMAGE:1d12							SIZE:L	SOURCEPAGE:p.41	BONUS:WEAPON|DAMAGE,TOHIT|3|TYPE=Enhancement
Rod (Water Domain)		OUTPUTNAME:Rod, [NAME]		PROFICIENCY:WEAPON|Morningstar		TYPE:Magic.Rod.Weapon.Simple.Melee.Bludgeoning.Specific.Piercing.Metal	COST:112312	WT:8		CRITMULT:x2			CRITRANGE:1			DAMAGE:1d8							SIZE:M	SOURCEPAGE:p.41	BONUS:WEAPON|DAMAGE,TOHIT|3|TYPE=Enhancement
