# CVS $Revision: $ $Author: $ -- Mon Sep 24 19:02:21 2007 -- reformated by prettylst.pl v1.38 (build 2788)
SOURCELONG:Bastion Press - Arms and Armor	SOURCESHORT:ArmsArmor	SOURCEWEB:www.bastionpress.com
#Original Entry By; Knightcrawler
# Equipment Name		Type					Cost		Weight	Required AL		Required Class	AC Penalty Check	Maximum DEX Bonus	Source Page		% of Spell Failure	Vision			Spell Res.	Damage Reduction	Innate Spells																					Save checks bonus			Combat bonus					Bonus to skill								Stat bonus					Weapon prof. bonus							Special Property																		Move class
Cloak of the Wolf		TYPE:Magic.Wondrous.Cape	COST:20160	WT:1														SOURCEPAGE:p.78																																										BONUS:COMBAT|AC|2|TYPE=Natural
Dwarven Mask		TYPE:Magic.Wondrous.Headgear	COST:39000	WT:5														SOURCEPAGE:p.83									SR:15																												BONUS:CHECKS|Will|3|TYPE=Luck
Elven Mask			TYPE:Magic.Wondrous.Headgear	COST:2320	WT:5														SOURCEPAGE:p.83					VISION:Darkvision (60')																																									BONUS:SKILL|Listen,Spot|6|TYPE=Insight																				SPROP:Pass Without A Trace at all times
Helm of Eyes		TYPE:Magic.Wondrous.Headgear	COST:45910	WT:5														SOURCEPAGE:p.81					VISION:Blindsight (60')						SPELLS:Innate|TIMES=1|CASTERLEVEL=7|True Seeing																					BONUS:COMBAT|AC|2|TYPE=Deflection		BONUS:SKILL|Search,Spot|10|TYPE=Insight
Leggings of Speed		TYPE:Magic.Wondrous		COST:24000	WT:5														SOURCEPAGE:p.79																																																											BONUS:STAT|DEX|2|TYPE=Enhancement																															BONUS:MOVE|TYPE=WALK|10|PREVARLT:ENCUMBERANCE,2,COUNT[EQTYPE.ARMOR.EQUIPPED.IS.HEAVY],1
Leggings of Balance	TYPE:Magic.Wondrous		COST:12000	WT:5														SOURCEPAGE:p.79																																																											BONUS:STAT|DEX|4|TYPE=Enhancement											SPROP:wearer cannot be tripped or knocked down
Leggings of Mobility	TYPE:Magic.Wondrous		COST:56000	WT:5														SOURCEPAGE:p.79																																																																											SPROP:airwalk at will
Mantle of Light		TYPE:Magic.Wondrous.Cape	COST:134900	WT:0														SOURCEPAGE:p.81																																										BONUS:COMBAT|AC|4|TYPE=Enhancement
Martial Gloves +1		TYPE:Magic.Wondrous.Gloves	COST:1050	WT:2														SOURCEPAGE:p.42																																																																	BONUS:WEAPONPROF=Unarmed|TOHIT,DAMAGE|1|TYPE=Enhancement
Martial Gloves +2		TYPE:Magic.Wondrous.Gloves	COST:4050	WT:2														SOURCEPAGE:p.42																																																																	BONUS:WEAPONPROF=Unarmed|TOHIT,DAMAGE|2|TYPE=Enhancement
Martial Gloves +3		TYPE:Magic.Wondrous.Gloves	COST:9050	WT:2														SOURCEPAGE:p.42																																																																	BONUS:WEAPONPROF=Unarmed|TOHIT,DAMAGE|3|TYPE=Enhancement
Martial Gloves +4		TYPE:Magic.Wondrous.Gloves	COST:16050	WT:2														SOURCEPAGE:p.42																																																																	BONUS:WEAPONPROF=Unarmed|TOHIT,DAMAGE|4|TYPE=Enhancement
Martial Gloves +5		TYPE:Magic.Wondrous.Gloves	COST:25050	WT:2														SOURCEPAGE:p.42																																																																	BONUS:WEAPONPROF=Unarmed|TOHIT,DAMAGE|5|TYPE=Enhancement
Mask of the Asherake	TYPE:Magic.Wondrous.Headgear	COST:20880	WT:5														SOURCEPAGE:p.83														SPELLS:Innate|TIMES=1|CASTERLEVEL=5|Fear																													BONUS:SKILL|Intimidate|6|TYPE=Morale
Mask of the Dover		TYPE:Magic.Wondrous.Headgear	COST:18720	WT:5		PREALIGN:LG,NG,CG										SOURCEPAGE:p.83																																										BONUS:COMBAT|AC|3|TYPE=Deflection		BONUS:SKILL|Listen|6|TYPE=Insight
Mask of the Gnomes	TYPE:Magic.Wondrous.Headgear	COST:49000	WT:5														SOURCEPAGE:p.83																																																																											SPROP:Immune to gas attacks, can breathe underwater, immune to blinding light effects, +4 bonus against gaze attacks
Mask of Humanity		TYPE:Magic.Wondrous.Headgear	COST:22000	WT:5														SOURCEPAGE:p.84																																										BONUS:COMBAT|DAMAGE,TOHIT|1|TYPE=Morale											BONUS:STAT|CHA|4|TYPE=Enhancement											SPROP:+4 bonus against fear effects
Mask of the Nightlings	TYPE:Magic.Wondrous.Headgear	COST:31440	WT:5														SOURCEPAGE:p.84																																																	BONUS:SKILL|Hide,Move Silently|6|TYPE=Luck																			SPROP:wearer no longer needs to eat or drink
Orcish Mask			TYPE:Magic.Wondrous.Headgear	COST:30720	WT:5														SOURCEPAGE:p.84																																																	BONUS:SKILL|Intimdate|6|TYPE=Morale																					SPROP:20% miss chance
Orle of Dominion		TYPE:Magic.Wondrous		COST:45750	WT:1														SOURCEPAGE:p.81														SPELLS:Innate|TIMES=1|CASTERLEVEL=1|Bless|	SPELLS:Innate|TIMES=1|CASTERLEVEL=3|Aid	SPELLS:Innate|TIMES=1|CASTERLEVEL=5|Prayer						BONUS:COMBAT|AC|1|TYPE=Deflection
Robe of Focusing		TYPE:Magic.Wondrous.Robe	COST:25895	WT:15								ACCHECK:-1		MAXDEX:5		SOURCEPAGE:p.79	SPELLFAILURE:0								DR:2/-																														BONUS:COMBAT|AC|5|TYPE=Armor.REPLACE	BONUS:SKILL|Concentration|2|TYPE=EquipmentCircumstance
Sash of the Master	TYPE:Magic.Wondrous.Belt	COST:32000	WT:2														SOURCEPAGE:p.78																																																											BONUS:STAT|DEX,WIS|4|TYPE=Insight
Tunic of Vivid Harmony	TYPE:Magic.Wondrous.Shirt	COST:16500	WT:5					PRECLASS:1,Monk							SOURCEPAGE:p.78																																																																											SPROP:Blur in combat

