# CVS $Revision: $ $Author: $ -- Mon Sep 24 18:54:18 2007 -- reformated by prettylst.pl v1.38 (build 2788)
SOURCELONG:Bastion Press - Arms and Armor	SOURCESHORT:ArmsArmor	SOURCEWEB:www.bastionpress.com
#Original Entry By: Knightcrawler

#Armor
# Modifier Name				Unique Key		Type			Plus		Cost		Visible		Type granted		Keys to ignore	Keys to replace							Source Page		Required Type							Combat bonus				BONUS:EQM			BONUS:EQMARMOR														BONUS:EQMWEAPON				Bonus to skill						Stat bonus					Special Property																					Virtual Feat		Choose
Aquan									TYPE:Armor		PLUS:2																						SOURCEPAGE:p.64	PRETYPE:Magic																																																					SPROP:Move underwater without penalty
Auran									TYPE:Armor		PLUS:3																						SOURCEPAGE:p.64	PRETYPE:Magic																																																					SPROP:feather fall (at will), gaseous form (1/day) and levitate (3/day)
Barbed/Bladed							TYPE:Armor		PLUS:2																						SOURCEPAGE:p.64	PRETYPE:Magic																																																					SPROP:Provides +2 to grapple checks
Bear's Armor (+2)				KEY:AABATWO		TYPE:Armor.Shield	PLUS:2													REPLACES:AABAFOUR							SOURCEPAGE:p.65	PRETYPE:Magic																																							BONUS:SKILL|Wilderness Lore|2|TYPE=CIRCUMSTANCE	BONUS:STAT|CON|2|TYPE=ENHANCEMENT	SPROP:Bonus to CON and Wilderness Lore checks
Bear's Armor (+4)				KEY:AABAFOUR	TYPE:Armor.Shield	PLUS:3													REPLACES:AABATWO							SOURCEPAGE:p.65	PRETYPE:Magic																																							BONUS:SKILL|Wilderness Lore|2|TYPE=CIRCUMSTANCE	BONUS:STAT|CON|4|TYPE=ENHANCEMENT	SPROP:Bonus to CON and Wilderness Lore checks
Bludgeoning Resistant						TYPE:Armor		PLUS:1																						SOURCEPAGE:p.65	PRETYPE:Magic																																																					SPROP:Damage Resistance 5/+1 against blunt attacks
Bone (Celestial)				KEY:AABONEC		TYPE:Armor.Shield	PLUS:4			VISIBLE:QUALIFY	ITYPE:Bone.Masterwork				REPLACES:AABONEF							SOURCEPAGE:p.65																																																								SPROP:Unbreakable and grants bless, shield of faith and holy smite (1/day)
Bone (Fiendish)				KEY:AABONEF		TYPE:Armor.Shield	PLUS:4			VISIBLE:QUALIFY	ITYPE:Bone.Masterwork				REPLACES:AABONEC							SOURCEPAGE:p.65																																																								SPROP:Unbreakable and grants bane, entropic shield (1/day) and smite good
Bull's Armor (+2)				KEY:AABULLTWO	TYPE:Armor.Shield	PLUS:2													REPLACES:AABULLFOUR						SOURCEPAGE:p.65	PRETYPE:Magic																																															BONUS:STAT|STR|2|TYPE=ENHANCEMENT	SPROP:Bonus to STR and +2 moral bonus vs fear effects
Bull's Armor (+4)				KEY:AABULLFOUR	TYPE:Armor.Shield	PLUS:3													REPLACES:AABULLTWO						SOURCEPAGE:p.65	PRETYPE:Magic																																															BONUS:STAT|STR|4|TYPE=ENHANCEMENT	SPROP:Bonus to STR and +2 moral bonus vs fear effects
Buoyant								TYPE:Armor		PLUS:1																						SOURCEPAGE:p.65	PRETYPE:Magic																																																					SPROP:Float on command
Cat's Armor (+2)				KEY:AACATTWO	TYPE:Armor.Shield	PLUS:2													REPLACES:AACATFOUR						SOURCEPAGE:p.65	PRETYPE:Magic																																							BONUS:SKILL|Move Silent|2|TYPE=CIRCUMSTANCE	BONUS:STAT|DEX|2|TYPE=ENHANCEMENT	SPROP:Bonus to DEX and Move Silent checks
Cat's Armor (+4)				KEY:AACATFOUR	TYPE:Armor.Shield	PLUS:3													REPLACES:AACATTWO							SOURCEPAGE:p.65	PRETYPE:Magic																																							BONUS:SKILL|Move Silent|2|TYPE=CIRCUMSTANCE	BONUS:STAT|DEX|4|TYPE=ENHANCEMENT	SPROP:Bonus to DEX and Move Silent checks
Clamping								TYPE:Shield		PLUS:1																						SOURCEPAGE:p.65	PRETYPE:Magic																																																					SPROP:Cannot be removed except by command word
Contingency								TYPE:Armor.Shield	PLUS:5																						SOURCEPAGE:p.66	PRETYPE:Magic																																																					SPROP:Acts as contingency spell
Dark						KEY:AADARK		TYPE:Armor.Shield	PLUS:2													REPLACES:AADARKG							SOURCEPAGE:p.66	PRETYPE:Magic																																																					SPROP:Darkness (3/day)
Dark (Greater)				KEY:AADARKG		TYPE:Armor.Shield	PLUS:3													REPLACES:AADARK							SOURCEPAGE:p.66	PRETYPE:Magic																																																					SPROP:Deeper Darkness (3/day)
Deathwarding							TYPE:Armor		PLUS:3																						SOURCEPAGE:p.66	PRETYPE:Magic																																																					SPROP:Immune to all death magic, as spell deathward
Dopple								TYPE:Armor.Shield	PLUS:2																						SOURCEPAGE:p.66	PRETYPE:Magic																																																					SPROP:Armor bonus and enchantment retained when shape changed
Dopple (Greater)							TYPE:Armor.Shield	PLUS:4																						SOURCEPAGE:p.66	PRETYPE:Magic																																																					SPROP:Polymorph self (3/day)
Emergency Reservoir I			KEY:AAERESI		TYPE:Armor				COST:540											REPLACES:AAERESII							SOURCEPAGE:p.75	PRETYPE:Medium																																																					SPROP:Can hold one dose of potion
Emergency Reservoir II			KEY:AAERESII	TYPE:Armor				COST:1080											REPLACES:AAERESI							SOURCEPAGE:p.75	PRETYPE:Heavy																																																					SPROP:Can hold two separate potions
Enhanced Spell Resisting					TYPE:Armor.Shield	PLUS:3																						SOURCEPAGE:p.71	PRETYPE:Magic																																																					SPROP:Grants resistance of 10 + Cha bonus
Firm Faith								TYPE:Armor.Shield	PLUS:3																						SOURCEPAGE:p.66	PRETYPE:Magic																																																					SPROP:Cast Divine spells at +1 level
Gaze Protection							TYPE:Shield		PLUS:1																						SOURCEPAGE:p.66	PRETYPE:Magic																																																					SPROP:Immune to gaze attacks (but lose shield bonus to AC)
Glimmer								TYPE:Armor.Shield	PLUS:2																						SOURCEPAGE:p.67	PRETYPE:Magic																																																					SPROP:Light (at will) and fairy fire (cha bonus/day)
Grotesque								TYPE:Armor.Shield	PLUS:2																						SOURCEPAGE:p.67	PRETYPE:Magic																																																					SPROP:Fear (enchantment bonus/day)
Healing					KEY:AAHEAL		TYPE:Armor.Shield	PLUS:1													REPLACES:AAHEALG							SOURCEPAGE:p.67	PRETYPE:Magic																																																					SPROP:Cure Moderate Wounds (1/day)
Healing (Greater)				KEY:AAHEALG		TYPE:Armor.Shield	PLUS:2													REPLACES:AAHEAL							SOURCEPAGE:p.67	PRETYPE:Magic																																																					SPROP:Cure Serious Wounds (1/day)
Ignan									TYPE:Armor		PLUS:4																						SOURCEPAGE:p.67	PRETYPE:Magic																																																					SPROP:Fire resistance 10 and pyrotechnics (3/day)
Impact Resistance							TYPE:Armor.Shield	PLUS:3																						SOURCEPAGE:p.67	PRETYPE:Magic																																																					SPROP:Damage resistance 10/- against bludgeoning attacks
Imprinted								TYPE:Armor		PLUS:2																						SOURCEPAGE:p.67	PRETYPE:Magic																																																					SPROP:Only one specific person may wear armor
Inspiration								TYPE:Armor.Shield	PLUS:1																						SOURCEPAGE:p.68	PRETYPE:Magic																																																					SPROP:Grant +5 ranks to Perform for 1d4 hours (1/day)
Living								TYPE:Armor.Shield	PLUS:4																						SOURCEPAGE:p.68	PRETYPE:Magic																																																					SPROP:Cast resistance, endure elements and resist elements (1/day)
Magnetic								TYPE:Armor.Shield	PLUS:2																						SOURCEPAGE:p.67	PRETYPE:Magic																																																					SPROP:Attackers weapon has chance of sticking to armor
Morphic								TYPE:Armor.Shield	PLUS:2																						SOURCEPAGE:p.67	PRETYPE:Magic																																																					SPROP:Grants enlarge/reduce ability
Muse									TYPE:Armor.Shield	PLUS:2																						SOURCEPAGE:p.69	PRETYPE:Magic																																							BONUS:SKILL|Craft|2|TYPE=Competence									SPROP:Grants +5 to Bardic Knowledge and legend lore (1/day)
Nagley								TYPE:Armor		PLUS:4																						SOURCEPAGE:p.69	PRETYPE:Magic																																																					SPROP:Distract opponent and Invisibility (10 min/day)
Owl's Armor (+2)				KEY:AAOWLTWO	TYPE:Armor.Shield	PLUS:2													REPLACES:AAOWLFOUR						SOURCEPAGE:p.69	PRETYPE:Magic																																							BONUS:SKILL|Diplomacy|2|TYPE=CIRCUMSTANCE		BONUS:STAT|WIS|2|TYPE=ENHANCEMENT	SPROP:Bonus to WIS and Diplomacy checks
Owl's Armor (+4)				KEY:AAOWLFOUR	TYPE:Armor.Shield	PLUS:3													REPLACES:AAOWLTWO							SOURCEPAGE:p.69	PRETYPE:Magic																																							BONUS:SKILL|Diplomacy|2|TYPE=CIRCUMSTANCE		BONUS:STAT|WIS|4|TYPE=ENHANCEMENT	SPROP:Bonus to WIS and Diplomacy checks
Phoenix								TYPE:Armor		PLUS:3																						SOURCEPAGE:p.69	PRETYPE:Magic																																																					SPROP:Resurrection
Picker								TYPE:Armor.Shield	PLUS:3																						SOURCEPAGE:p.70	PRETYPE:Magic																																																					SPROP:Create random item
Piercing Resistance						TYPE:Armor		PLUS:1																						SOURCEPAGE:p.70	PRETYPE:Magic																																																					SPROP:Damage resistance 5/+1 against piercing attacks
Quick Don								TYPE:Armor.Shield	PLUS:1																						SOURCEPAGE:p.70	PRETYPE:Magic																																																					SPROP:Equips quickly with command word
Quick Release							TYPE:Armor.Shield	PLUS:1																						SOURCEPAGE:p.70	PRETYPE:Magic																																																					SPROP:Instantly remove with command word
Raven's Armor (+2)			KEY:AARAVTWO	TYPE:Armor.Shield	PLUS:2													REPLACES:AARAVFOUR						SOURCEPAGE:p.70	PRETYPE:Magic																																							BONUS:SKILL|Knowledge (Arcana)|2			BONUS:STAT|INT|2|TYPE=ENHANCEMENT	SPROP:Bonus to INT and Knowledge skill
Raven's Armor (+4)			KEY:AARAVFOUR	TYPE:Armor.Shield	PLUS:3													REPLACES:AARAVTWO							SOURCEPAGE:p.70	PRETYPE:Magic																																							BONUS:SKILL|Knowledge (Arcana)|2			BONUS:STAT|INT|4|TYPE=ENHANCEMENT	SPROP:Bonus to INT and Knowledge skill
Recall								TYPE:Armor		PLUS:4																						SOURCEPAGE:p.70	PRETYPE:Magic																																																					SPROP:Teleported when preset condition occurs
Reinvigorating							TYPE:Armor		PLUS:2																						SOURCEPAGE:p.70	PRETYPE:Magic																																																					SPROP:Cure Serious Wounds (1/day)
Resistant Padding (1 Element)		KEY:AARESPADI	TYPE:Armor				COST:12000											REPLACES:AARESPADII,AARESPADIII,AARESPADIV,AARESPADV	SOURCEPAGE:p.75	PRETYPE:Medium|Heavy																																																				SPROP:Absorbs 12 points of damage from 1 choosen element
Resistant Padding (2 Elements)	KEY:AARESPADII	TYPE:Armor				COST:21000											REPLACES:AARESPADI,AARESPADIII,AARESPADIV,AARESPADV	SOURCEPAGE:p.75	PRETYPE:Medium|Heavy																																																				SPROP:Absorbs 12 points of damage from 2 choosen elements
Resistant Padding (3 Elements)	KEY:AARESPADIII	TYPE:Armor				COST:27000											REPLACES:AARESPADI,AARESPADII,AARESPADIV,AARESPADV	SOURCEPAGE:p.75	PRETYPE:Medium|Heavy																																																				SPROP:Absorbs 12 points of damage from 3 choosen elements
Resistant Padding (4 Elements)	KEY:AARESPADIV	TYPE:Armor				COST:33000											REPLACES:AARESPADI,AARESPADII,AARESPADIII,AARESPADV	SOURCEPAGE:p.75	PRETYPE:Medium|Heavy																																																				SPROP:Absorbs 12 points of damage from 4 choosen elements
Resistant Padding (5 Elements)	KEY:AARESPADV	TYPE:Armor				COST:39000											REPLACES:AARESPADI,AARESPADII,AARESPADIII,AARESPADIV	SOURCEPAGE:p.75	PRETYPE:Medium|Heavy																																																				SPROP:Absorbs 12 points of damage from 5 choosen elements
Restorative								TYPE:Armor.Shield	PLUS:4																						SOURCEPAGE:p.71	PRETYPE:Magic																																																					SPROP:Cast restoration, heal or regeneration (1/day) and resurrection (1/week)
Rust Proof								TYPE:Armor.Shield	PLUS:1																						SOURCEPAGE:p.71	PRETYPE:Magic																																																					SPROP:Immune to rust
Rusting								TYPE:Armor		PLUS:3																						SOURCEPAGE:p.71	PRETYPE:Magic																																																					SPROP:Rusts opponents metallic weapons
Shifting								TYPE:Armor.Shield	PLUS:4																						SOURCEPAGE:p.71	PRETYPE:Magic																																																					SPROP:Cast blur, blink and teleport (1/day)
Shifting (Greater)						TYPE:Armor.Shield	PLUS:6																						SOURCEPAGE:p.71	PRETYPE:Magic																																																					SPROP:Cast blur, blink, planeshift, dimension door and teleport (1/day)
Slashing Resistance						TYPE:Armor		PLUS:1																						SOURCEPAGE:p.71	PRETYPE:Magic																																																					SPROP:Damage resistance 5/+1 against slashing attacks
Spaulders								TYPE:Armor				COST:75																				SOURCEPAGE:p.58										BONUS:COMBAT|AC|1|TYPE=Armor.STACK	BONUS:EQM|WEIGHTADD|5	BONUS:EQMARMOR|ACCHECK|0	BONUS:EQMARMOR|MAXDEX|-2	BONUS:EQMARMOR|SPELLFAILURE|20
Spellcasting							TYPE:Armor.Shield	PLUS:1																						SOURCEPAGE:p.72	PRETYPE:Magic																	BONUS:EQMARMOR|SPELLFAILURE|-10																															SPROP:Reduces Spell Failure chance by 10 percent
Spell Absorbtion							TYPE:Armor.Shield	PLUS:3																						SOURCEPAGE:p.64	PRETYPE:Magic																																																					SPROP:Absorb spells cast directly at wearer
Spell Reflection				KEY:AASREF		TYPE:Armor.Shield	PLUS:2													REPLACES:AASREFG							SOURCEPAGE:p.70	PRETYPE:Magic																																																					SPROP:Reflect spell of specified school (3/day)
Spell Reflection (Greater)		KEY:AASREFG		TYPE:Armor.Shield	PLUS:5													REPLACES:AASREF							SOURCEPAGE:p.70	PRETYPE:Magic																																																					SPROP:Reflect any spell (3/day)
Spell Storing				KEY:AASSTOR		TYPE:Armor.Shield	PLUS:1													REPLACES:AASSTORG							SOURCEPAGE:p.72	PRETYPE:Magic																																																					SPROP:Store single spell of 3rd level
Spell Storing (Greater)			KEY:AASSTORG	TYPE:Armor.Shield	PLUS:3													REPLACES:AASSTOR							SOURCEPAGE:p.72	PRETYPE:Magic																																																					SPROP:Store up to 6 spell levels
Stowing								TYPE:Armor.Shield	PLUS:2																						SOURCEPAGE:p.72	PRETYPE:Magic																																																					SPROP:Store items in extradimensional space
Summoned								TYPE:Armor.Shield	PLUS:3																						SOURCEPAGE:p.72	PRETYPE:Magic																																																					SPROP:Transforms to small trinket, dons when called
Tentacled								TYPE:Armor.Shield	PLUS:4																						SOURCEPAGE:p.72	PRETYPE:Magic																																																					SPROP:Extra tentacles can attack
Terran								TYPE:Armor		PLUS:3																						SOURCEPAGE:p.73	PRETYPE:Magic																																																					SPROP:Gain burrow and darkvision
Thorny								TYPE:Armor.Shield	PLUS:3																						SOURCEPAGE:p.73	PRETYPE:Magic																																																					SPROP:Grapple bonus and spray poison (1/day)
Tonlet								TYPE:Armor				COST:80																				SOURCEPAGE:p.59										BONUS:COMBAT|AC|3|TYPE=Armor.STACK	BONUS:EQM|WEIGHTADD|25	BONUS:EQMARMOR|ACCHECK|-3	BONUS:EQMARMOR|MAXDEX|-4	BONUS:EQMARMOR|SPELLFAILURE|15
Tonlet (Short)							TYPE:Armor				COST:20																				SOURCEPAGE:p.59										BONUS:COMBAT|AC|1|TYPE=Armor.STACK	BONUS:EQM|WEIGHTADD|12	BONUS:EQMARMOR|MAXDEX|-2	BONUS:EQMARMOR|SPELLFAILURE|5
Totem						KEY:AATOT		TYPE:Armor.Shield	PLUS:3													REPLACES:AATOTD							SOURCEPAGE:p.73	PRETYPE:Magic																																																					SPROP:Based on animal type, +2 bonus to STAT and animal reactions
Totem (Dire)				KEY:AATOTD		TYPE:Armor.Shield	PLUS:4													REPLACES:AATOT							SOURCEPAGE:p.74	PRETYPE:Magic																																																					SPROP:Based on animal type, +4 bonus to STAT and animal reactions
Undetectable							TYPE:Armor.Shield	PLUS:1																						SOURCEPAGE:p.74	PRETYPE:Magic																																																					SPROP:Detect Magic and Detect Alignment fail
Vampiric								TYPE:Armor		PLUS:3																						SOURCEPAGE:p.74	PRETYPE:Magic																																																					SPROP:Claws act as melee weapons and heal wearer based on damage
Variant								TYPE:Armor		PLUS:1																						SOURCEPAGE:p.74	PRETYPE:Magic																																																					SPROP:Reshapes to fit unusual anatomy
Viscid								TYPE:Armor.Shield	PLUS:1																						SOURCEPAGE:p.74	PRETYPE:Magic																																																					SPROP:Sticky fluid traps opponents weapons
Water Breathing							TYPE:Armor.Shield	PLUS:2																						SOURCEPAGE:p.75	PRETYPE:Magic																																																					SPROP:Breath underwater
Weightless								TYPE:Armor.Shield	PLUS:2																						SOURCEPAGE:p.75	PRETYPE:Magic													BONUS:EQM|WEIGHTDIV|100	BONUS:EQMARMOR|ACCHECK|5	BONUS:EQMARMOR|MAXDEX|4	BONUS:EQMARMOR|SPELLFAILURE|-10																						SPROP:Armor has no weight
Wolverine's Armor (+2)			KEY:AAWOLTWO	TYPE:Armor.Shield	PLUS:2													REPLACES:AAWOLFOUR						SOURCEPAGE:p.75	PRETYPE:Magic																																							BONUS:SKILL|Intimidate|2|TYPE=CIRCUMSTANCE	BONUS:STAT|CHA|2|TYPE=ENHANCEMENT	SPROP:Bonus to CHA and Intimidate checks
Wolverine's Armor (+4)			KEY:AAWOLFOUR	TYPE:Armor.Shield	PLUS:3													REPLACES:AAWOLTWO							SOURCEPAGE:p.75	PRETYPE:Magic																																							BONUS:SKILL|Intimidate|2|TYPE=CIRCUMSTANCE	BONUS:STAT|CHA|4|TYPE=ENHANCEMENT	SPROP:Bonus to CHA and Intimidate checks
Wyrdweave								TYPE:Armor.Shield	PLUS:3																						SOURCEPAGE:p.75	PRETYPE:Magic													BONUS:EQM|WEIGHTDIV|100	BONUS:EQMARMOR|ACCHECK|5	BONUS:EQMARMOR|MAXDEX|4	BONUS:EQMARMOR|SPELLFAILURE|-10																						SPROP:+1 caster level to one school of magic


#Need a key for Spellstoring in the DMG files for Greater Spellstoring to be implement.
#Death Oath not able to be implemented.
#Weapon
#Name				Key				Type						Plus		Gold Cost					PreType					Visible	Item Type Granted			Ignores			Replaces							Bonus#1							Bonus#2				Bonus#3			Bonus#4					ARMORTYPE			SPROP																SOURCE		ASSIGNTOALL		COSTPRE
Acidic								TYPE:Weapon		PLUS:1																						SOURCEPAGE:p.27	PRETYPE:EQMODTYPE=MagicalEnhancement																																																	SPROP:+1d6 acid damage
Acidic Burst							TYPE:Weapon		PLUS:2																						SOURCEPAGE:p.27	PRETYPE:EQMODTYPE=MagicalEnhancement																																																	SPROP:+1d6 acid damage,on a critical hit deals extra acid damage (+%d10)|CRITMULT-1
Alterable (Minor)				KEY:WAMIN		TYPE:Weapon		PLUS:1													REPLACES:WAMAJ							SOURCEPAGE:p.27	PRETYPE:EQMODTYPE=MagicalEnhancement																																																	SPROP:can change form to any one of three different weapon
Alterable (Major)				KEY:WAMAJ		TYPE:Weapon		PLUS:3													REPLACES:WAMIN							SOURCEPAGE:p.27	PRETYPE:EQMODTYPE=MagicalEnhancement																																																	SPROP:can change form to any type of weapon
Balance								TYPE:Weapon		PLUS:2																						SOURCEPAGE:p.27	PRETYPE:EQMODTYPE=MagicalEnhancement																																																	SPROP:+1d6 balance damage vs. chaos or law,1 negative level bestowed to chaotic or lawful wielder
Balm									TYPE:Weapon		PLUS:3																						SOURCEPAGE:p.28	PRETYPE:EQMODTYPE=MagicalEnhancement																																																	SPROP:Fast Healing 2 and +2 Fortitude save vs. disease
Bardic Melody							TYPE:Weapom		PLUS:2																						SOURCEPAGE:p.	PRETYPE:EQMODTYPE=MagicalEnhancement																																																	SPROP:Can be commanded to sing three time per day and increases a bards bardic music abilities.
Blinking								TYPE:Weapon		PLUS:3																						SOURCEPAGE:p.	PRETYPE:EQMODTYPE=MagicalEnhancement																																																	SPROP:Wielder can use the blink spell for a total of 10 minutes per day.
Bone (Celestial)				KEY:WCBONE		TYPE:Weapon		PLUS:3													REPLACES:WFBONE							SOURCEPAGE:p.	PRETYPE:EQMODTYPE=MagicalEnhancement																																																	SPROP:Changes weapon material to celestial bone.
Bone (Fiendish)				KEY:WFBONE		TYPE:Weapon		PLUS:3													REPLACES:WCBONE							SOURCEPAGE:p.28	PRETYPE:EQMODTYPE=MagicalEnhancement																																																	SPROP:Changes weapon material to fiendish bone.
Burst (Dark)				KEY:WBDARK		TYPE:Weapon		PLUS:1													REPLACES:WBLIGHT							SOURCEPAGE:p.28	PRETYPE:EQMODTYPE=MagicalEnhancement																																																	SPROP:on critical casts darkness on target
Burst (Light)				KEY:WBLIGHT		TYPE:Weapon		PLUS:1													REPLACES:WBDARK							SOURCEPAGE:p.28	PRETYPE:EQMODTYPE=MagicalEnhancement																																																	SPROP:on critical casts daylight on target
Clamping								TYPE:Weapon		PLUS:1																						SOURCEPAGE:p.28	PRETYPE:EQMODTYPE=MagicalEnhancement																																																	SPROP:can be affixed to any object or person, cannot be dropped or disarmed
Conjoin								TYPE:Weapon		PLUS:2																						SOURCEPAGE:p.28	PRETYPE:EQMODTYPE=MagicalEnhancement																																																	SPROP:can be called back to user with a word
Contingency								TYPE:Weapon		PLUS:5																						SOURCEPAGE:p.29	PRETYPE:EQMODTYPE=MagicalEnhancement																																																	SPROP:can store spells to activate on certain conditions
Corruption								TYPE:Weapon		PLUS:2																						SOURCEPAGE:p.29	PRETYPE:EQMODTYPE=MagicalEnhancement																																																	SPROP:bestows a -1 profane penalty to all saves against good or neutral creatures each time it hits
Crushing								TYPE:Weapon		PLUS:5																						SOURCEPAGE:p.29	PRETYPE:EQMODTYPE=MagicalEnhancement.Bludgeoning																																															SPROP:crushes opponents head on critical hit
Darklight								TYPE:Weapon		PLUS:2																						SOURCEPAGE:p.29	PRETYPE:EQMODTYPE=MagicalEnhancement																																																	SPROP:darkness and lower temp 2/day
Dark Solace					KEY:WDSOL		TYPE:Weapon		PLUS:2													REPLACES:WDSOLG							SOURCEPAGE:p.34	PRETYPE:EQMODTYPE=MagicalEnhancement																																																	SPROP:turns wielder into undead upon death and boosts blackguard powers
Dark Solace (Greater)			KEY:WDSOLG		TYPE:Weapon		PLUS:4													REPLACES:WDSOL							SOURCEPAGE:p.34	PRETYPE:EQMODTYPE=MagicalEnhancement																																																	SPROP:greatly boosts a blackguards powers
Deathchill								TYPE:Weapon		PLUS:2																						SOURCEPAGE:p.29	PRETYPE:EQMODTYPE=MagicalEnhancement																																																	SPROP:Double damage against incorporeal creatures and increases the damage multiplier by one on critical hits on incorporeal creatures
Dispelling								TYPE:Weapon		PLUS:3																						SOURCEPAGE:p.30	PRETYPE:EQMODTYPE=MagicalEnhancement																																																	SPROP:dispels effects upon a hit
Ferocity								TYPE:Weapon		PLUS:2																						SOURCEPAGE:p.30	PRETYPE:EQMODTYPE=MagicalEnhancement																																																	SPROP:+1 luck bonus to hit & damage per +1 of enchantment once per day per +1 of enchantment
Firm Faith								TYPE:Weapon		PLUS:3																						SOURCEPAGE:p.30	PRETYPE:EQMODTYPE=MagicalEnhancement																																																	SPROP:Only useable by divine spellcasters and grants +1 caster level to one wielders domains
Folding								TYPE:Weapon		PLUS:1																						SOURCEPAGE:p.30	PRETYPE:EQMODTYPE=MagicalEnhancement																																																	SPROP:can be turned into a piece of cloth
Force Bubble							TYPE:Ammuntition	PLUS:1																						SOURCEPAGE:p.30	PRETYPE:EQMODTYPE=MagicalEnhancement																																																	SPROP:creature struck is enclosed in force bubble
Imprinted								TYPE:Weapon		PLUS:2																						SOURCEPAGE:p.31	PRETYPE:EQMODTYPE=MagicalEnhancement																																																	SPROP:weapon is made for a specific person, family, gender, group or race
Inspiration								TYPE:Weapon		PLUS:1																						SOURCEPAGE:p.31	PRETYPE:EQMODTYPE=MagicalEnhancement																																																	SPROP:once a day grants a +6 bonus to Perform for 1d4 hours
Intense								TYPE:Weapon		PLUS:1																						SOURCEPAGE:p.31	PRETYPE:EQMODTYPE=MagicalEnhancement.Bludgeoning																											BONUS:EQMWEAPON|CRITRANGEDOUBLE|1															SPROP:double threat range
Invisible								TYPE:Weapon		PLUS:1																						SOURCEPAGE:p.31	PRETYPE:EQMODTYPE=MagicalEnhancement																																																	SPROP:weapon is invisible to any but wielder
Jagged								TYPE:Weapon		PLUS:3										IGNORES:Keen										SOURCEPAGE:p.31	PRETYPE:EQMODTYPE=MagicalEnhancement.Slashing																												BONUS:EQMWEAPON|CRITMULT|1																SPROP:hit multiplier increased by 1 and does extra 1d6 damage
Ki Channel								TYPE:Weapon		PLUS:2																						SOURCEPAGE:p.31	PRETYPE:EQMODTYPE=MagicalEnhancement																																																	SPROP:increases and channels a monks special abilities
Mighty Sundering							TYPE:Weapon		PLUS:1																						SOURCEPAGE:p.32	PRETYPE:EQMODTYPE=MagicalEnhancement																																																	SPROP:+1d6 damage against inanimate objects and +1 in regards to magic arms & armor it can damage
Mire									TYPE:Weapon		PLUS:2																						SOURCEPAGE:p.32	PRETYPE:EQMODTYPE=MagicalEnhancement																																																	SPROP:on critical target becomes stuck to ground for 1d4 rounds
Muse									TYPE:Weapon		PLUS:2																						SOURCEPAGE:p.32	PRETYPE:EQMODTYPE=MagicalEnhancement																																																	SPROP:+5 insight bonus to all Bardic Knowledge checks, +2 to all Craft checks and legend lore 1/day
Neutrality								TYPE:Weapon		PLUS:2																						SOURCEPAGE:p.32	PRETYPE:EQMODTYPE=MagicalEnhancement																																																	SPROP:+1d6 balance damage vs. good or evil,1 negative level bestowed to good or evil wielder
Penetrating								TYPE:Weapon		PLUS:1																						SOURCEPAGE:p.32	PRETYPE:EQMODTYPE=MagicalEnhancement.Piercing																												BONUS:EQMWEAPON|CRITRANGEDOUBLE|1															SPROP:double threat range
Pestilence					KEY:WPEST		TYPE:Weapon		PLUS:2													REPLACES:WPESTG							SOURCEPAGE:p.32	PRETYPE:EQMODTYPE=MagicalEnhancement																																																	SPROP:on critical infects tatget with specific disease
Pestilence (Greater)			KEY:WPESTG		TYPE:Weapon		PLUS:3													REPLACES:WPEST							SOURCEPAGE:p.32	PRETYPE:EQMODTYPE=MagicalEnhancement																																																	SPROP:on critical infects target with random disease
Puncturing								TYPE:Weapon		PLUS:1																						SOURCEPAGE:p.32	PRETYPE:EQMODTYPE=MagicalEnhancement																																																	SPROP:+2 bonus to hit and damage vs a specific substance
Pivoting								TYPE:Weapon		PLUS:1																						SOURCEPAGE:p.32	PRETYPE:EQMODTYPE=MagicalEnhancement																																																	SPROP:allows missiles to turn ninety degrees
Prismatic								TYPE:Weapon		PLUS:4																						SOURCEPAGE:p.33	PRETYPE:EQMODTYPE=MagicalEnhancement																																																	SPROP:on critical releases a prismatic spray affect target with random color
Rust Protection							TYPE:Weapon		PLUS:1																						SOURCEPAGE:p.33	PRETYPE:EQMODTYPE=MagicalEnhancement																																																	SPROP:weapon immune to rust attacks
Sensing								TYPE:Weapon		PLUS:1																						SOURCEPAGE:p.33	PRETYPE:EQMODTYPE=MagicalEnhancement																																																	SPROP:weapon glows when specific creature is nearby																			CHOOSE:Designated Foe|Aberrations|Animals|Beasts|Constructs|Dragons|Elementals|Fey|Giants|Magical Beasts|Monstrous Humanoids|Oozes|Outsiders (Chaotic)|Outsiders (Evil)|Outsiders (Good)|Outsiders (Lawful)|Plants|Shapechangers|Undead|Vermin
Serrations								TYPE:Weapon				COST:50																				SOURCEPAGE:p.33										BONUS:COMBAT|DAMAGE|1
Shrieking								TYPE:Weapon		PLUS:1																						SOURCEPAGE:p.33	PRETYPE:EQMODTYPE=MagicalEnhancement.Ranged																																																SPROP:casts shout spell at point of impact
Silent								TYPE:Weapon		PLUS:1																						SOURCEPAGE:p.34	PRETYPE:EQMODTYPE=MagicalEnhancement																																																	SPROP:weapon generates no noise
Skewering								TYPE:Weapon		PLUS:5																						SOURCEPAGE:p.34	PRETYPE:EQMODTYPE=MagicalEnhancement																																																	SPROP:skewers opponents heart on critical
Sneak Attack							TYPE:Weapon		PLUS:1																						SOURCEPAGE:p.34	PRETYPE:EQMODTYPE=MagicalEnhancement																																																	SPROP:once per day +20 insight bonus on sneak attack
Solace					KEY:WSOL		TYPE:Weapon		PLUS:2													REPLACES:WSOLG							SOURCEPAGE:p.34	PRETYPE:EQMODTYPE=MagicalEnhancement																																																	SPROP:prevents wielder from becoming undead and boosts paladin powers
Solace (Greater)				KEY:WSOLG		TYPE:Weapon		PLUS:4													REPLACES:WSOL							SOURCEPAGE:p.34	PRETYPE:EQMODTYPE=MagicalEnhancement																																																	SPROP:prevents wielder from becoming undead and boosts paladin powers
Soulburner (4 soul limit)		KEY:WSLBRN4		TYPE:Weapon		PLUS:2													REPLACES:WSLBRN8,WSLBRN12					SOURCEPAGE:p.34	PRETYPE:EQMODTYPE=MagicalEnhancement																																																	SPROP:drains life energy and uses it to cause more damage
Soulburner (8 soul limit)		KEY:WSLBRN8		TYPE:Weapon		PLUS:3													REPLACES:WSLBRN4,WSLBRN12					SOURCEPAGE:p.34	PRETYPE:EQMODTYPE=MagicalEnhancement																																																	SPROP:drains life energy and uses it to cause more damage
Soulburner (12 soul limit)		KEY:WSLBRN12	TYPE:Weapon		PLUS:4													REPLACES:WSLBRN4,WSLBRN8					SOURCEPAGE:p.34	PRETYPE:EQMODTYPE=MagicalEnhancement																																																	SPROP:drains life energy and uses it to cause more damage
Spell Reflection				KEY:WSREF		TYPE:Weapon		PLUS:2													REPLACES:WSREFG							SOURCEPAGE:p.33	PRETYPE:EQMODTYPE=MagicalEnhancement																																																	SPROP:reflects spells of a specific school 3/day
Spell Reflection (Greater)		KEY:WSREFG		TYPE:Weapon		PLUS:5													REPLACES:WSREF							SOURCEPAGE:p.33	PRETYPE:EQMODTYPE=MagicalEnhancement																																																	SPROP:reflect any spell 3/day
Spell Resistance							TYPE:Weapon		PLUS:3																						SOURCEPAGE:p.33	PRETYPE:EQMODTYPE=MagicalEnhancement																																																	SPROP:grants spell resistance or increases it 3/day
Spelltouch								TYPE:Weapon		PLUS:1																						SOURCEPAGE:p.35	PRETYPE:EQMODTYPE=MagicalEnhancement																																																	SPROP:touch spells can be cast through weapon
Stunning								TYPE:Weapon		PLUS:1																						SOURCEPAGE:p.35	PRETYPE:EQMODTYPE=MagicalEnhancement																																																	SPROP:on critical also stuns target for 1 round
Substance Laced							TYPE:Weapon		PLUS:1																						SOURCEPAGE:p.31	PRETYPE:EQMODTYPE=MagicalEnhancement																																																	SPROP:contains reservoir that can be filled with various substances
Sundering								TYPE:Weapon		PLUS:2																						SOURCEPAGE:p.35	PRETYPE:EQMODTYPE=MagicalEnhancement																																																	SPROP:grants or Sunder deat or a +2 to sunder atempts															VFEAT:Sunder
Sync									TYPE:Weapon		PLUS:6																						SOURCEPAGE:p.35	PRETYPE:EQMODTYPE=MagicalEnhancement.Melee																																																SPROP:can cgange shape to any melee weapon and gains a combat bonus for each round of combat
Totem						KEY:WTOT		TYPE:Weapon		PLUS:2													REPLACES:WTOTD							SOURCEPAGE:p.35	PRETYPE:EQMODTYPE=MagicalEnhancement																																																	SPROP:can communicate with animals, a bonus to reactions from themed creatures and can grant an ability bonus
Totem (Dire)				KEY:WTOTD		TYPE:Weapon		PLUS:4													REPLACES:WTOT							SOURCEPAGE:p.36	PRETYPE:EQMODTYPE=MagicalEnhancement																																																	SPROP:can communicate with animals, a bonus to reactions from themed creatures and can grant an ability bonus
Tracer								TYPE:Weapon		PLUS:1																						SOURCEPAGE:p.36	PRETYPE:EQMODTYPE=MagicalEnhancement.Ranged.!Thrown																																															SPROP:causes missiles fired to glow and gives bonus on next shot
Tripping								TYPE:Weapon		PLUS:2																						SOURCEPAGE:p.36	PRETYPE:EQMODTYPE=MagicalEnhancement																																																	SPROP:grants Improved Trip feart or a +2 bonus to trip attempts													VFEAT:Improved Trip
Undead Creator (Minor)			KEY:UCMIN		TYPE:Weapon		PLUS:3																						SOURCEPAGE:p.36	PRETYPE:EQMODTYPE=MagicalEnhancement																																																	SPROP:turns creature killed by weapon into a zombie under wielders control
Undead Creator (Major)			KEY:WUCMAJ		TYPE:Weapon		PLUS:5																						SOURCEPAGE:p.36	PRETYPE:EQMODTYPE=MagicalEnhancement																																																	SPROP:turns creature killed by weapon into a wight under the wielders control
Undetectable							TYPE:Weapon		PLUS:1																						SOURCEPAGE:p.36	PRETYPE:EQMODTYPE=MagicalEnhancement																																																	SPROP:weapon does not detect as magical
Weeping								TYPE:Weapon				COST:80																				SOURCEPAGE:p.36	PRETYPE:EQMODTYPE=MagicalEnhancement																																																	SPROP:contains reservoir for liquid that can be released from weapon
Weightless								TYPE:Weapon		PLUS:2																						SOURCEPAGE:p.36	PRETYPE:EQMODTYPE=MagicalEnhancement																																																	SPROP:x
WyrdWeave								TYPE:Weapon		PLUS:2																						SOURCEPAGE:p.36	PRETYPE:EQMODTYPE=MagicalEnhancement																																																	SPROP:Arcane spellcasters gain a +1 caster level bonus for one school of spells

#Used for testing which items to allow editing on. Any item with the properties listed will not be allowed to be edited
EXCLUDEEQ_SFHB														VISIBLE:NO		ITYPE:Blarg.Blurg

#EOF
