SOURCELONG:Darwin's World 2nd Edition - Terrors of Twisted Earth (v2.4)	SOURCESHORT:DW2_TTE	SOURCEWEB:http://www.rpgobjects.com/index.php?page=dw

STARTPACK:Default Marionette Worm	PREMULT:1,[PRERACE:Marionette Worm],[!PRERACE:%]	EQUIPBUY:0	VISIBLE:QUALIFY
RACE:Marionette Worm	!PRERACE:%
NAME:Marionette Worm
STAT:STR=10|DEX=10|CON=10|INT=10|WIS=10|CHA=10
SKILL:Move Silently	RANK:5	
SKILL:Spot			RANK:5	

STARTPACK:Default Mongoliant	PREMULT:1,[PRERACE:Mongoliant],[!PRERACE:%]	EQUIPBUY:0	VISIBLE:QUALIFY
RACE:Mongoliant	!PRERACE:%
NAME:Mongoliant
STAT:STR=11|DEX=10|CON=11|INT=10|WIS=11|CHA=10
SKILL:Climb			RANK:2
SKILL:Intimidate		RANK:6
SKILL:Listen		RANK:1
SKILL:Spot			RANK:1
SKILL:Survival		RANK:1
ABILITY:CATEGORY=FEAT|Primitive Technology		FREE:YES
ABILITY:CATEGORY=FEAT|Archaic Weapons Proficiency	FREE:NO
ABILITY:CATEGORY=FEAT|Armor Proficiency (Light)	FREE:NO
ABILITY:CATEGORY=FEAT|Great Fortitude			FREE:NO
ABILITY:CATEGORY=FEAT|Weapon Focus (Greataxe)		FREE:NO
GEAR:Leather Armor			LOCATION:Equipped
GEAR:Greataxe				LOCATION:Carried

STARTPACK:Default Monstrous Cockroach (Medium)	PREMULT:1,[PRERACE:Monstrous Cockroach],[!PRERACE:%]	EQUIPBUY:0	VISIBLE:QUALIFY
RACE:Monstrous Cockroach	!PRERACE:%
NAME:Medium Monstrous Cockroach
STAT:STR=11|DEX=11|CON=10|INT=10|WIS=10|CHA=10
SKILL:Climb			RANK:3
SKILL:Hide			RANK:2
SKILL:Move Silently	RANK:2
SKILL:Spot			RANK:3

STARTPACK:Default Monstrous Cockroach (Large)	PREMULT:1,[PRERACE:Monstrous Cockroach],[!PRERACE:%]	EQUIPBUY:0	VISIBLE:QUALIFY
RACE:Monstrous Cockroach	!PRERACE:%
NAME:Large Monstrous Cockroach
CLASS:Vermin	LEVEL:2
STAT:STR=7|DEX=13|CON=6|INT=10|WIS=10|CHA=10
SKILL:Climb			RANK:3
SKILL:Hide			RANK:2
SKILL:Move Silently	RANK:2
SKILL:Spot			RANK:3
TEMPLATE:Large Size Cockroach

STARTPACK:Default Monstrous Cockroach (Huge)	PREMULT:1,[PRERACE:Monstrous Cockroach],[!PRERACE:%]	EQUIPBUY:0	VISIBLE:QUALIFY
RACE:Monstrous Cockroach	!PRERACE:%
NAME:Huge Monstrous Cockroach
CLASS:Vermin	LEVEL:8
STAT:STR=3|DEX=15|CON=2|INT=10|WIS=10|CHA=10
SKILL:Climb			RANK:3
SKILL:Hide			RANK:2
SKILL:Move Silently	RANK:2
SKILL:Spot			RANK:3
TEMPLATE:Huge Size Cockroach

STARTPACK:Default Monstrous Cockroach (Gargantuan)	PREMULT:1,[PRERACE:Monstrous Cockroach],[!PRERACE:%]	EQUIPBUY:0	VISIBLE:QUALIFY
RACE:Monstrous Cockroach	!PRERACE:%
NAME:Gargantuan Monstrous Cockroach
CLASS:Vermin	LEVEL:22
STAT:STR=-1|DEX=15|CON=-2|INT=10|WIS=10|CHA=10
SKILL:Climb			RANK:3
SKILL:Hide			RANK:2
SKILL:Move Silently	RANK:2
SKILL:Spot			RANK:3
TEMPLATE:Gargantuan Size Cockroach

STARTPACK:Default Monstrous Cockroach (Colossal)	PREMULT:1,[PRERACE:Monstrous Cockroach],[!PRERACE:%]	EQUIPBUY:0	VISIBLE:QUALIFY
RACE:Monstrous Cockroach	!PRERACE:%
NAME:Colossal Monstrous Cockroach
CLASS:Vermin	LEVEL:22
STAT:STR=-5|DEX=15|CON=-6|INT=10|WIS=10|CHA=10
SKILL:Climb			RANK:3
SKILL:Hide			RANK:2
SKILL:Move Silently	RANK:2
SKILL:Spot			RANK:3
TEMPLATE:Colossal Size Cockroach

STARTPACK:Default Mutagon	PREMULT:1,[PRERACE:Mutagon],[!PRERACE:%]	EQUIPBUY:0	VISIBLE:QUALIFY
RACE:Mutagon	!PRERACE:%
NAME:Mutagon
STAT:STR=10|DEX=11|CON=11|INT=10|WIS=11|CHA=10
SKILL:Listen		RANK:6
SKILL:Spot			RANK:6
ABILITY:CATEGORY=FEAT|Weapon Focus (Bite)	FREE:YES
ABILITY:CATEGORY=FEAT|Alertness			FREE:NO
ABILITY:CATEGORY=FEAT|Cleave				FREE:NO
ABILITY:CATEGORY=FEAT|Power Attack			FREE:NO

STARTPACK:Default Mutant Bug	PREMULT:1,[PRERACE:Mutant Bug],[!PRERACE:%]	EQUIPBUY:0	VISIBLE:QUALIFY
RACE:Mutant Bug	!PRERACE:%
NAME:Mutant Bug
STAT:STR=10|DEX=11|CON=11|INT=11|WIS=10|CHA=11
SKILL:Climb					RANK:2
SKILL:Computer Use			RANK:2
SKILL:Craft (Mechanical)		RANK:1
SKILL:Craft (Electronic)		RANK:1
SKILL:Decipher Script			RANK:2
SKILL:Disable Device			RANK:1
SKILL:Hide					RANK:2
SKILL:Knowledge (Natural Sciences)	RANK:1
SKILL:Knowledge (Technology)		RANK:1
SKILL:Listen				RANK:2
SKILL:Move Silently			RANK:3
SKILL:Navigate				RANK:2
SKILL:Repair				RANK:2
SKILL:Research				RANK:2
SKILL:Search				RANK:1
SKILL:Spot					RANK:2
SKILL:Survival				RANK:2
ABILITY:CATEGORY=FEAT|Advanced Technology			FREE:YES
ABILITY:CATEGORY=FEAT|Alertness					FREE:NO
ABILITY:CATEGORY=FEAT|Archaic Weapons Proficiency		FREE:NO
ABILITY:CATEGORY=FEAT|Futuristic Firearm Proficiency		FREE:NO
GEAR:Multipurpose Tool			LOCATION:Carried
GEAR:Acid Rifle (Mutant Bug)		LOCATION:Carried
GEAR:Power Source (Power Clip)	LOCATION:Carried	QTY:2

STARTPACK:Default Night Terror	PREMULT:1,[PRERACE:Night Terror],[!PRERACE:%]	EQUIPBUY:0	VISIBLE:QUALIFY
RACE:Night Terror	!PRERACE:%
NAME:Night Terror
STAT:STR=10|DEX=10|CON=10|INT=10|WIS=10|CHA=10

STARTPACK:Default Othydog	PREMULT:1,[PRERACE:Othydog],[!PRERACE:%]	EQUIPBUY:0	VISIBLE:QUALIFY
RACE:Othydog	!PRERACE:%
NAME:Othydog
STAT:STR=10|DEX=10|CON=10|INT=10|WIS=10|CHA=10
SKILL:Listen	RANK:4
SKILL:Spot		RANK:4
ABILITY:CATEGORY=FEAT|Alertness	FREE:YES

STARTPACK:Default Othydont	PREMULT:1,[PRERACE:Othydont],[!PRERACE:%]	EQUIPBUY:0	VISIBLE:QUALIFY
RACE:Othydont	!PRERACE:%
NAME:Othydont
STAT:STR=10|DEX=10|CON=10|INT=10|WIS=11|CHA=10
SKILL:Listen	RANK:6
SKILL:Spot		RANK:4
ABILITY:CATEGORY=FEAT|Alertness	FREE:YES
ABILITY:CATEGORY=FEAT|Run		FREE:NO

STARTPACK:Default Pit Creature	PREMULT:1,[PRERACE:Pit Creature],[!PRERACE:%]	EQUIPBUY:0	VISIBLE:QUALIFY
RACE:Pit Creature	!PRERACE:%
NAME:Pit Creature
STAT:STR=11|DEX=10|CON=11|INT=11|WIS=11|CHA=11
SKILL:Hide		RANK:8
SKILL:Listen	RANK:8
SKILL:Spot		RANK:8
ABILITY:CATEGORY=FEAT|Improved Initiative	FREE:YES
ABILITY:CATEGORY=FEAT|Multiattack			FREE:YES

STARTPACK:Default Plantman	PREMULT:1,[PRERACE:Plantman],[!PRERACE:%]	EQUIPBUY:0	VISIBLE:QUALIFY
RACE:Plantman	!PRERACE:%
NAME:Plantman
STAT:STR=11|DEX=11|CON=11|INT=10|WIS=10|CHA=10
SKILL:Hide			RANK:1
SKILL:Move Silently	RANK:1
ABILITY:CATEGORY=Background|Plantman
GEAR:Shortspear				LOCATION:Carried
GEAR:Javelin				LOCATION:Carried

STARTPACK:Default Plantman (With Spores)	PREMULT:1,[PRERACE:Plantman],[!PRERACE:%]	EQUIPBUY:0	VISIBLE:QUALIFY
RACE:Plantman	!PRERACE:%
NAME:Plantman (Spore)
STAT:STR=11|DEX=11|CON=11|INT=10|WIS=10|CHA=10
SKILL:Hide			RANK:1
SKILL:Move Silently	RANK:1
ABILITY:CATEGORY=Background|Plantman
GEAR:Shortspear				LOCATION:Carried
GEAR:Javelin				LOCATION:Carried
TEMPLATE:Spore Plantman

STARTPACK:Default Probing Waddler	PREMULT:1,[PRERACE:Probing Waddler],[!PRERACE:%]	EQUIPBUY:0	VISIBLE:QUALIFY
RACE:Probing Waddler	!PRERACE:%
NAME:Probing Waddler
STAT:STR=10|DEX=11|CON=10|INT=10|WIS=10|CHA=10
SKILL:Hide			RANK:7
SKILL:Listen		RANK:3
SKILL:Spot			RANK:3
SKILL:Move Silently	RANK:2
SKILL:Swim			RANK:1
ABILITY:CATEGORY=FEAT|Improved Initiative	FREE:YES
ABILITY:CATEGORY=FEAT|Alertness			FREE:YES

STARTPACK:Default Prox Beast	PREMULT:1,[PRERACE:Prox Beast],[!PRERACE:%]	EQUIPBUY:0	VISIBLE:QUALIFY
RACE:Prox Beast	!PRERACE:%
NAME:Prox Beast
STAT:STR=11|DEX=10|CON=11|INT=11|WIS=10|CHA=10
SKILL:Listen	RANK:4
SKILL:Spot		RANK:2
ABILITY:CATEGORY=FEAT|Multiattack			FREE:YES

STARTPACK:Default Purple Angler	PREMULT:1,[PRERACE:Purple Angler],[!PRERACE:%]	EQUIPBUY:0	VISIBLE:QUALIFY
RACE:Purple Angler	!PRERACE:%
NAME:Purple Angler
STAT:STR=10|DEX=10|CON=11|INT=10|WIS=10|CHA=11
SKILL:Listen	RANK:5
SKILL:Spot		RANK:5
ABILITY:CATEGORY=FEAT|Improved Initiative	FREE:YES
ABILITY:CATEGORY=FEAT|Power Attack			FREE:YES

STARTPACK:Default Rad Wolf	PREMULT:1,[PRERACE:Rad Wolf],[!PRERACE:%]	EQUIPBUY:0	VISIBLE:QUALIFY
RACE:Rad Wolf	!PRERACE:%
NAME:Rad Wolf
STAT:STR=10|DEX=10|CON=11|INT=10|WIS=10|CHA=10
SKILL:Listen		RANK:4
SKILL:Move Silently	RANK:3	
SKILL:Spot			RANK:4
SKILL:Survival		RANK:4

STARTPACK:Default Ratbite	PREMULT:1,[PRERACE:Ratbite],[!PRERACE:%]	EQUIPBUY:0	VISIBLE:QUALIFY
RACE:Ratbite	!PRERACE:%
NAME:Ratbite
STAT:STR=10|DEX=11|CON=11|INT=10|WIS=10|CHA=11
SKILL:Balance		RANK:1
SKILL:Hide			RANK:1
SKILL:Jump			RANK:3
SKILL:Move Silently	RANK:1
ABILITY:CATEGORY=FEAT|Weapon Finesse (Bite)	FREE:YES
ABILITY:CATEGORY=FEAT|Run				FREE:YES

STARTPACK:Default Rattlecharmer	PREMULT:1,[PRERACE:Rattlecharmer],[!PRERACE:%]	EQUIPBUY:0	VISIBLE:QUALIFY
RACE:Rattlecharmer	!PRERACE:%
NAME:Rattlecharmer
STAT:STR=10|DEX=10|CON=11|INT=10|WIS=10|CHA=10
SKILL:Balance		RANK:1
SKILL:Climb			RANK:1	
SKILL:Hide			RANK:1
SKILL:Listen		RANK:3
SKILL:Spot			RANK:3
SKILL:Swim			RANK:1
ABILITY:CATEGORY=FEAT|Weapon Finesse (Bite)	FREE:YES

STARTPACK:Default Ravening Hound	PREMULT:1,[PRERACE:Ravening Hound],[!PRERACE:%]	EQUIPBUY:0	VISIBLE:QUALIFY
RACE:Ravening Hound	!PRERACE:%
NAME:Ravening Hound
STAT:STR=11|DEX=10|CON=11|INT=10|WIS=10|CHA=10
SKILL:Listen		RANK:4
SKILL:Move Silently	RANK:3	
SKILL:Spot			RANK:4
SKILL:Survival		RANK:4

STARTPACK:Default Sandman	PREMULT:1,[PRERACE:Sandman],[!PRERACE:%]	EQUIPBUY:0	VISIBLE:QUALIFY
RACE:Sandman	!PRERACE:%
NAME:Sandman
STAT:STR=11|DEX=11|CON=11|INT=10|WIS=10|CHA=10
SKILL:Climb			RANK:1
SKILL:Hide			RANK:1
SKILL:Listen		RANK:1
SKILL:Move Silently	RANK:1
SKILL:Spot			RANK:1
ABILITY:CATEGORY=Background|Sandman
ABILITY:CATEGORY=FEAT|Improved Initiative		FREE:NO

STARTPACK:Default Screamer	PREMULT:1,[PRERACE:Screamer],[!PRERACE:%]	EQUIPBUY:0	VISIBLE:QUALIFY
RACE:Screamer	!PRERACE:%
NAME:Screamer
STAT:STR=10|DEX=10|CON=10|INT=10|WIS=10|CHA=10
SKILL:Listen		RANK:4
SKILL:Spot			RANK:4
ABILITY:CATEGORY=FEAT|Alertness				FREE:YES
ABILITY:CATEGORY=FEAT|Blind-Fight				FREE:YES

STARTPACK:Default Shadow Person	PREMULT:1,[PRERACE:Shadow People],[!PRERACE:%]	EQUIPBUY:0	VISIBLE:QUALIFY
RACE:Shadow People	!PRERACE:%
NAME:Shadow Person
STAT:STR=10|DEX=11|CON=11|INT=10|WIS=10|CHA=10
SKILL:Bluff				RANK:1
SKILL:Diplomacy			RANK:1
SKILL:Gather Information	RANK:1
SKILL:Hide				RANK:1
SKILL:Intimidate			RANK:1
SKILL:Listen			RANK:1
SKILL:Move Silently		RANK:1
SKILL:Sense Motive		RANK:1
SKILL:Spot				RANK:1
SKILL:Survival			RANK:1
ABILITY:CATEGORY=Background|Shadow Person
ABILITY:CATEGORY=FEAT|Archaic Weapons Proficiency	FREE:YES
ABILITY:CATEGORY=FEAT|Improved Initiative			FREE:YES
GEAR:Shield (Impromptu)			LOCATION:Equipped
GEAR:Falchion				LOCATION:Primary Hand
GEAR:Javelin				LOCATION:Carried

STARTPACK:Default Slime Mole	PREMULT:1,[PRERACE:Slime Mole],[!PRERACE:%]	EQUIPBUY:0	VISIBLE:QUALIFY
RACE:Slime Mole	!PRERACE:%
NAME:Slime Mole
STAT:STR=11|DEX=10|CON=10|INT=10|WIS=11|CHA=11
SKILL:Hide			RANK:4
SKILL:Listen		RANK:3
SKILL:Move Silently	RANK:3
SKILL:Spot			RANK:4
ABILITY:CATEGORY=FEAT|Alertness				FREE:YES
ABILITY:CATEGORY=FEAT|Stealthy				FREE:YES

STARTPACK:Default Slime Mole (Advanced)	PREMULT:1,[PRERACE:Slime Mole],[!PRERACE:%]	EQUIPBUY:0	VISIBLE:QUALIFY
RACE:Slime Mole	!PRERACE:%
NAME:Advanced Slime Mole
CLASS:Mutant Beast	LEVEL:6
STAT:STR=16|DEX=8|CON=14|INT=11|WIS=11|CHA=11
SKILL:Hide			RANK:3
SKILL:Listen		RANK:3
SKILL:Move Silently	RANK:3
SKILL:Spot			RANK:3
ABILITY:CATEGORY=FEAT|Alertness				FREE:YES
ABILITY:CATEGORY=FEAT|Power Attack				FREE:NO
ABILITY:CATEGORY=FEAT|Stealthy				FREE:YES

STARTPACK:Default Snoffle Hog	PREMULT:1,[PRERACE:Snoffle Hog],[!PRERACE:%]	EQUIPBUY:0	VISIBLE:QUALIFY
RACE:Snoffle Hog	!PRERACE:%
NAME:Snoffle Hog
STAT:STR=10|DEX=10|CON=10|INT=10|WIS=10|CHA=10
SKILL:Listen		RANK:5
SKILL:Spot			RANK:5
ABILITY:CATEGORY=FEAT|Improved Bull Rush		FREE:YES

STARTPACK:Default Terminal	PREMULT:1,[PRERACE:Terminal],[!PRERACE:%]	EQUIPBUY:0	VISIBLE:QUALIFY
RACE:Terminal	!PRERACE:%
NAME:Terminal
STAT:STR=10|DEX=11|CON=11|INT=10|WIS=11|CHA=10
SKILL:Hide			RANK:3
SKILL:Listen		RANK:3
SKILL:Spot			RANK:2
SKILL:Survival		RANK:4
ABILITY:CATEGORY=FEAT|Forsaken	FREE:YES
ABILITY:CATEGORY=FEAT|Iron Will	FREE:YES
ABILITY:CATEGORY=FEAT|Toughness	FREE:YES
GEAR:Shortspear				LOCATION:Primary Hand
GEAR:Javelin				LOCATION:Carried

STARTPACK:Default Terminal (Abortion)	PREMULT:1,[PRERACE:Terminal (Abortion)],[!PRERACE:%]	EQUIPBUY:0	VISIBLE:QUALIFY
RACE:Terminal (Abortion)	!PRERACE:%
NAME:Terminal (Abortion)
STAT:STR=10|DEX=10|CON=10|INT=10|WIS=10|CHA=10
SKILL:Hide			RANK:6
SKILL:Listen		RANK:4
SKILL:Spot			RANK:2
SKILL:Survival		RANK:4
ABILITY:CATEGORY=FEAT|Forsaken				FREE:YES

STARTPACK:Default Terrolops	PREMULT:1,[PRERACE:Terrolops],[!PRERACE:%]	EQUIPBUY:0	VISIBLE:QUALIFY
RACE:Terrolops	!PRERACE:%
NAME:Terrolops
STAT:STR=10|DEX=10|CON=10|INT=11|WIS=11|CHA=11
SKILL:Climb			RANK:2
SKILL:Hide			RANK:5
SKILL:Jump			RANK:2
SKILL:Listen		RANK:3
SKILL:Move Silently	RANK:3
SKILL:Spot			RANK:3
ABILITY:CATEGORY=FEAT|Cleave			FREE:NO
ABILITY:CATEGORY=FEAT|Multiattack		FREE:NO
ABILITY:CATEGORY=FEAT|Power Attack		FREE:NO

STARTPACK:Default Two-Headed Mutant Bear	PREMULT:1,[PRERACE:Two-Headed Mutant Bear],[!PRERACE:%]	EQUIPBUY:0	VISIBLE:QUALIFY
RACE:Two-Headed Mutant Bear	!PRERACE:%
NAME:Two-Headed Mutant Bear
STAT:STR=11|DEX=11|CON=11|INT=10|WIS=10|CHA=10
SKILL:Climb			RANK:10	
SKILL:Listen		RANK:5
SKILL:Spot			RANK:5

STARTPACK:Default Underling	PREMULT:1,[PRERACE:Underling],[!PRERACE:%]	EQUIPBUY:0	VISIBLE:QUALIFY
RACE:Underling	!PRERACE:%
NAME:Underling
STAT:STR=10|DEX=11|CON=11|INT=11|WIS=10|CHA=10
SKILL:Hide			RANK:4
SKILL:Listen		RANK:1
SKILL:Move Silently	RANK:1
SKILL:Search		RANK:1
SKILL:Spot			RANK:1
SKILL:Survival		RANK:1
ABILITY:CATEGORY=FEAT|Simple Weapons Proficiency	FREE:YES
ABILITY:CATEGORY=FEAT|Primitive Technology		FREE:YES
ABILITY:CATEGORY=FEAT|Troglodyte	FREE:YES
GEAR:Longspear				LOCATION:Both Hands
GEAR:Dart	QTY:4				LOCATION:Carried
GEAR:Leather Armor			LOCATION:Equipped

STARTPACK:Default Utarn	PREMULT:1,[PRERACE:Utarn],[!PRERACE:%]	EQUIPBUY:0	VISIBLE:QUALIFY
RACE:Utarn	!PRERACE:%
NAME:Utarn
STAT:STR=11|DEX=11|CON=11|INT=11|WIS=10|CHA=11
SKILL:Hide			RANK:7
SKILL:Jump			RANK:7

STARTPACK:Default Utarn (Advanced)	PREMULT:1,[PRERACE:Utarn],[!PRERACE:%]	EQUIPBUY:0	VISIBLE:QUALIFY
RACE:Utarn	!PRERACE:%
NAME:Advanced Utarn
CLASS:Aberration (Basic)	LEVEL:4
STAT:STR=19|DEX=9|CON=15|INT=11|WIS=10|CHA=11
SKILL:Hide			RANK:7
SKILL:Jump			RANK:11
ABILITY:CATEGORY=FEAT|Weapon Focus (Bite)	FREE:NO

STARTPACK:Default Wild Man	PREMULT:1,[PRERACE:Wild Man],[!PRERACE:%]	EQUIPBUY:0	VISIBLE:QUALIFY
RACE:Wild Man	!PRERACE:%
NAME:Wild Man
STAT:STR=11|DEX=10|CON=10|INT=10|WIS=11|CHA=10
SKILL:Hide			RANK:5
SKILL:Jump			RANK:1
SKILL:Listen		RANK:1
SKILL:Move Silently	RANK:3
SKILL:Spot			RANK:1
ABILITY:CATEGORY=FEAT|Alertness	FREE:NO
ABILITY:CATEGORY=FEAT|Duck		FREE:YES
GEAR:Club					LOCATION:Primary Hand
GEAR:Javelin				LOCATION:Carried

STARTPACK:Default Winged One	PREMULT:1,[PRERACE:Winged One],[!PRERACE:%]	EQUIPBUY:0	VISIBLE:QUALIFY
RACE:Winged One	!PRERACE:%
NAME:Winged One
STAT:STR=11|DEX=10|CON=11|INT=10|WIS=11|CHA=10
SKILL:Hide			RANK:2
SKILL:Intimidate		RANK:4
SKILL:Navigate		RANK:3
SKILL:Search		RANK:4
SKILL:Spot			RANK:4
SKILL:Survival		RANK:4
ABILITY:CATEGORY=FEAT|Primitive Technology		FREE:YES
ABILITY:CATEGORY=FEAT|Archaic Weapons Proficiency	FREE:NO
ABILITY:CATEGORY=FEAT|Armor Proficiency (Light)		FREE:NO
ABILITY:CATEGORY=FEAT|Hover					FREE:NO
ABILITY:CATEGORY=FEAT|Wingover				FREE:NO
GEAR:Leather Armor			LOCATION:Equipped
GEAR:Longbow				LOCATION:Both Hands
GEAR:Arrow					LOCATION:Carried	QTY:24

STARTPACK:Default Plague Zombie	PREMULT:1,[PRERACE:Zombie (Plague)],[!PRERACE:%]	EQUIPBUY:0	VISIBLE:QUALIFY
RACE:Zombie (Plague)	!PRERACE:%
NAME:Zombie (Plague)
STAT:STR=11|DEX=10|CON=10|INT=10|WIS=10|CHA=11
