SOURCELONG:Darwin's World 2nd Edition - Terrors of Twisted Earth (v2.4)	SOURCESHORT:DW2_TTE	SOURCEWEB:http://www.rpgobjects.com/index.php?page=dw

###Block:Class Skill Templates for monsters with classes
Crawler Character CSkills		VISIBLE:NO	CSKILL:Hide|Listen|Move Silently|Navigate|Spot|Survival
Sandman Character CSkills		VISIBLE:NO	CSKILL:Hide|Listen|Move Silently|Spot
Shadow People Character CSkills	VISIBLE:NO	CSKILL:Hide|Survival
Terminal Character CSkills		VISIBLE:NO	CSKILL:Hide|Listen|Survival
Underling Character CSkills		VISIBLE:NO	CSKILL:Hide|Move Silently
Wild Man Character CSkills		VISIBLE:NO	CSKILL:Hide|Move Silently
Winged One Character CSkills		VISIBLE:NO	CSKILL:Spot


#

###Block: Fractional Hit Die Adjustments for Monster classes
# Template Name	Hit Dice Size			Visible
Half Hitdie		HITDIE:%/2|CLASS.TYPE=Monster	VISIBLE:NO
Quarter Hitdie	HITDIE:%/4|CLASS.TYPE=Monster	VISIBLE:NO
Eighth Hitdie	HITDIE:%/8|CLASS.TYPE=Monster	VISIBLE:NO

###Block: Reduce Heliogryph Weapon damage size
Reduce Acid Dart Size	VISIBLE:NO	BONUS:WEAPONPROF=Acid Dart|DAMAGESIZE|-1

###Block: Cockroach Sizings (Based on Medium default)
Large Size Cockroach		VISIBLE:NO	BONUS:SIZEMOD|NUMBER|1	CR:1
Huge Size Cockroach		VISIBLE:NO	BONUS:SIZEMOD|NUMBER|2	CR:3
Gargantuan Size Cockroach	VISIBLE:NO	BONUS:SIZEMOD|NUMBER|3	CR:6
Colossal Size Cockroach		VISIBLE:NO	BONUS:SIZEMOD|NUMBER|4	CR:9

###Block: Intelligent Ooze
Intelligent Ooze			VISIBLE:NO	SAB:Immune to mind affecting effects,poison,sleep,paralysis,stunning,gaze attacks,visual illusions, and other attacks that rely on sight	SAB:Not subject to critical hits flanking, effects of massive damage	SAB:Blindsight(Ex)																																			BONUS:HP|CURRENTMAX|(SIZE-2)MAX0*5	BONUS:HP|CURRENTMAX|((SIZE-6)MAX0)*5																	RACETYPE:Ooze		TYPE:Ooze

###Block: Plantman
Background (Plantman)		VISIBLE:NO	CSKILL:Hide		ABILITY:FEAT|AUTOMATIC|Simple Weapon Proficiency	ABILITY:OCCUPATION|AUTOMATIC|None
Spore Plantman			VISIBLE:NO	SAB:Spores (Ex)	LEVELADJUSTMENT:2																																		BONUS:HP|CURRENTMAX|(SIZE-2)MAX0*5	BONUS:HP|CURRENTMAX|((SIZE-6)MAX0)*5																	RACETYPE:Ooze		TYPE:Ooze

###Block: Sandman
Background (Sandman)		VISIBLE:NO	CSKILL:Hide|Listen|Move Silently	ABILITY:FEAT|AUTOMATIC|Blind-Fight|Multiattack	ABILITY:OCCUPATION|AUTOMATIC|None

###Block: Shadow People
Background (Shadow People)	VISIBLE:NO	ABILITY:FEAT|AUTOMATIC|Primitive Technology	ABILITY:OCCUPATION|AUTOMATIC|None
Shadow People Abilities		VISIBLE:NO	ABILITY:MUTATION|AUTOMATIC|Neural Mutation - Telepathy	ABILITY:FEAT|AUTOMATIC|Flight Trigger|Mental Communication|Mind Stun	BONUS:ABILITYPOOL|Background|1

#
# End
#
