# CVS $Revision$ $Author$
SOURCELONG:Ultimate Equipment	SOURCESHORT:UE	SOURCEWEB:http://paizo.com/products/btpy8tmc	SOURCEDATE:2012-08
# ORIGINAL ENTRY: James Dempsey
# ORIGINAL ENTRY DATE: 13 May 2013


###Block:Belt							
Anaconda's Coils	COST:18500	TYPE:Magic.Wondrous.Belt.GreaterMedium	SOURCEPAGE:p.208	WT:1	BONUS:STAT|STR|2|TYPE=Enhancement	BONUS:VAR|CMB_Grapple|2|TYPE=Competence	
Aquatic Cummerbund	COST:2600	TYPE:Magic.Wondrous.Belt.LesserMinor	SOURCEPAGE:p.208	WT:0	BONUS:SKILL|Swim|4|TYPE=Competence	
Belt of Dwarvenkind	COST:14900	TYPE:Magic.Wondrous.Belt.LesserMedium	SOURCEPAGE:p.208	WT:1	ABILITY:Special Ability|VIRTUAL|Stonecunning ~ Dwarf	VISION:Darkvision (60')																																	BONUS:STAT|CON|2|TYPE=Enhancement|!PRERACE:1,Dwarf%																																																																															SPROP:+4 competence bonus on Charisma checks and Charisma-based skill checks as they relate to dealing with dwarves, a +2 competence bonus on similar checks when dealing with gnomes and halfings, a -2 competence penalty on similar checks when dealing with anyone else, and a +2 resistance bonus on saves against poison, spells, and spell-like effects.	AUTO:LANG|Dwarven	
Belt of Equilibrium	COST:12000	TYPE:Magic.Wondrous.Belt.LesserMedium	SOURCEPAGE:p.208	WT:1	
Belt of Fallen Heroes	COST:21000	TYPE:Magic.Wondrous.Belt.GreaterMedium	SOURCEPAGE:p.208	WT:1	BONUS:CHECKS|ALL|1|TYPE=Insight|PREAPPLY:PC		
Belt of Foraging	COST:6000	TYPE:Magic.Wondrous.Belt.GreaterMinor	SOURCEPAGE:p.208	WT:1	
Belt of Giant Strength +2	COST:4000	TYPE:Magic.Wondrous.Belt.GreaterMinor	SOURCEPAGE:p.208	WT:1	BONUS:STAT|STR|2|TYPE=Enhancement
Belt of Giant Strength +4	COST:16000	TYPE:Magic.Wondrous.Belt.LesserMedium	SOURCEPAGE:p.208	WT:1	BONUS:STAT|STR|4|TYPE=Enhancement
Belt of Giant Strength +6	COST:36000	TYPE:Magic.Wondrous.Belt.LesserMajor	SOURCEPAGE:p.208	WT:1	BONUS:STAT|STR|6|TYPE=Enhancement
Belt of Incredible Dexterity +2	COST:4000	TYPE:Magic.Wondrous.Belt.GreaterMinor	SOURCEPAGE:p.209	WT:1	BONUS:STAT|DEX|2|TYPE=Enhancement
Belt of Incredible Dexterity +4	COST:16000	TYPE:Magic.Wondrous.Belt.LesserMedium	SOURCEPAGE:p.209	WT:1	BONUS:STAT|DEX|4|TYPE=Enhancement
Belt of Incredible Dexterity +6	COST:36000	TYPE:Magic.Wondrous.Belt.LesserMajor	SOURCEPAGE:p.209	WT:1	BONUS:STAT|DEX|6|TYPE=Enhancement
Belt of Mighty Constitution +2	COST:4000	TYPE:Magic.Wondrous.Belt.GreaterMinor	SOURCEPAGE:p.209	WT:1	BONUS:STAT|CON|2|TYPE=Enhancement
Belt of Mighty Constitution +4	COST:16000	TYPE:Magic.Wondrous.Belt.LesserMedium	SOURCEPAGE:p.209	WT:1	BONUS:STAT|CON|4|TYPE=Enhancement
Belt of Mighty Constitution +6	COST:36000	TYPE:Magic.Wondrous.Belt.LesserMajor	SOURCEPAGE:p.209	WT:1	BONUS:STAT|CON|6|TYPE=Enhancement
Belt of Mighty Hurling (Greater)	OUTPUTNAME:Belt of Mighty Hurling, Greater	COST:42000	TYPE:Magic.Wondrous.Belt.LesserMajor	SOURCEPAGE:p.209	WT:1	BONUS:STAT|STR|4|TYPE=Enhancement	BONUS:COMBAT|TOHIT.Thrown|((max(STR,DEX)-DEX))|TYPE=Ranged	BONUS:RANGEADD|THROWN|10	
Belt of Mighty Hurling (Lesser)	OUTPUTNAME:Belt of Mighty Hurling, Lesser	COST:14000	TYPE:Magic.Wondrous.Belt.LesserMedium	SOURCEPAGE:p.210	WT:1	BONUS:STAT|STR|2|TYPE=Enhancement		BONUS:COMBAT|TOHIT.Thrown|((max(STR,DEX)-DEX))|TYPE=Ranged	BONUS:RANGEADD|THROWN|10
Belt of Physical Might (DEX/CON) +2	COST:10000	TYPE:Magic.Wondrous.Belt.LesserMedium	SOURCEPAGE:p.210	WT:1	BONUS:STAT|DEX,CON|2|TYPE=Enhancement
Belt of Physical Might (DEX/CON) +4	COST:40000	TYPE:Magic.Wondrous.Belt.LesserMajor	SOURCEPAGE:p.210	WT:1	BONUS:STAT|DEX,CON|4|TYPE=Enhancement
Belt of Physical Might (DEX/CON) +6	COST:90000	TYPE:Magic.Wondrous.Belt.GreaterMajor	SOURCEPAGE:p.210	WT:1	BONUS:STAT|DEX,CON|6|TYPE=Enhancement
Belt of Physical Might (STR/CON) +2	COST:10000	TYPE:Magic.Wondrous.Belt.LesserMedium	SOURCEPAGE:p.210	WT:1	BONUS:STAT|STR,CON|2|TYPE=Enhancement
Belt of Physical Might (STR/CON) +4	COST:40000	TYPE:Magic.Wondrous.Belt.LesserMajor	SOURCEPAGE:p.210	WT:1	BONUS:STAT|STR,CON|4|TYPE=Enhancement
Belt of Physical Might (STR/CON) +6	COST:90000	TYPE:Magic.Wondrous.Belt.GreaterMajor	SOURCEPAGE:p.210	WT:1	BONUS:STAT|STR,CON|6|TYPE=Enhancement
Belt of Physical Might (STR/DEX) +2	COST:10000	TYPE:Magic.Wondrous.Belt.LesserMedium	SOURCEPAGE:p.210	WT:1	BONUS:STAT|STR,DEX|2|TYPE=Enhancement
Belt of Physical Might (STR/DEX) +4	COST:40000	TYPE:Magic.Wondrous.Belt.LesserMajor	SOURCEPAGE:p.210	WT:1	BONUS:STAT|STR,DEX|4|TYPE=Enhancement
Belt of Physical Might (STR/DEX) +6	COST:90000	TYPE:Magic.Wondrous.Belt.GreaterMajor	SOURCEPAGE:p.210	WT:1	BONUS:STAT|STR,DEX|6|TYPE=Enhancement
Belt of Physical Perfection +2	COST:16000	TYPE:Magic.Wondrous.Belt.LesserMedium	SOURCEPAGE:p.210	WT:1	BONUS:STAT|STR,DEX,CON|2|TYPE=Enhancement
Belt of Physical Perfection +4	COST:64000	TYPE:Magic.Wondrous.Belt.GreaterMajor	SOURCEPAGE:p.210	WT:1	BONUS:STAT|STR,DEX,CON|4|TYPE=Enhancement
Belt of Physical Perfection +6	COST:144000	TYPE:Magic.Wondrous.Belt.GreaterMajor	SOURCEPAGE:p.210	WT:1	BONUS:STAT|STR,DEX,CON|6|TYPE=Enhancement
Belt of Stoneskin	COST:60000	TYPE:Magic.Wondrous.Belt.GreaterMajor	SOURCEPAGE:p.210	WT:10	DR:10/Adamantine	SPROP:Every 24 hours, this belt's wearer gains DR 10/adamantine until the belt absorbs 100 points of damage, at which point the belt becomes useless for the remainder of the 24-hour period. When first worn, or after each time this belt is taken off, it must worn for 24 consecutive hours in order for its magic to take effect again.	
Belt of Teeth	COST:4000	TYPE:Magic.Wondrous.Belt.GreaterMinor	SOURCEPAGE:p.210	WT:3
#TODO: How to code attack of op for belt of teeth
Belt of Thunderous Charging	COST:10000	TYPE:Magic.Wondrous.Belt.LesserMedium	SOURCEPAGE:p.211	WT:1	BONUS:STAT|STR|2|TYPE=Enhancement	BONUS:VAR|CMB_BullRush|2	BONUS:VAR|CMB_Overrun|2	SPROP:When the wearer makes a charge attack, her melee weapons and natural weapons deal damage as if they were one size category larger than they actually are.
Belt of Tumbling	COST:800	TYPE:Magic.Wondrous.Belt.LesserMinor	SOURCEPAGE:p.211	WT:1	SPROP:The belt's wearer gains a +4 competence bonus on Acrobatics checks made to move through a threatened square or through an enemy's space.	
Belt of the Weasel	COST:10000	TYPE:Magic.Wondrous.Belt.LesserMedium	SOURCEPAGE:p.210	WT:1	BONUS:STAT|DEX|2|TYPE=Enhancement	SPROP:Wearer is able to move at half normal speed while prone.	
Beneficial Bandolier	COST:1000	TYPE:Magic.Wondrous.Belt.LesserMinor.Container	SOURCEPAGE:p.211	WT:2	CONTAINS:*UNLIM|Gunsmith's Kit=1|Powder Horn=1|Total=200|FirearmPellet=200|Black Powder (Dose)=200|FirearmBullet=200
Bladed Belt	COST:2000	TYPE:Magic.Wondrous.Belt.LesserMinor	SOURCEPAGE:p.211	WT:3	SPROP:On command, the belt's wearer can transform the belt into a single masterwork slashing and/or piercing melee weapon of her choice.	
Blinkback Belt	COST:5000	TYPE:Magic.Wondrous.Belt.GreaterMinor	SOURCEPAGE:p.211	WT:2	CONTAINS:UNLIM|TOTAL=4|Weapon.Melee.Light=4|Weapon.Melee.OneHanded=2	SPROP:When the wearer draws a weapon attached to this belt and throws it before the end of her next turn, the weapon teleports back to its strap or sheath immediately after the attack is resolved.
Cord of Stubborn Resolve	COST:15000	TYPE:Magic.Wondrous.Belt.LesserMedium	SOURCEPAGE:p.211	WT:1	BONUS:STAT|CON|2|TYPE=Enhancement	SPROP:Any effect which would cause the wearer to become fatigued deals an additional 1d6 points of nonlethal damage instead. Any effect that would cause exhaustion likewise causes 1d6 points of nonlethal damage, and leaves the wearer fatigued instead of exhausted.
Elemental Earth Belt	COST:24000	TYPE:Magic.Wondrous.Belt.GreaterMedium	SOURCEPAGE:p.211	WT:3	BONUS:STAT|CON|4|TYPE=Enhancement	SPROP:The wearer is immune to effects that would push, pull, or forcefully move the wearer.	SPROP:once per day on command, the wearer can take the form of a Large earth elemental, and though subject to the elemental body III spell.
Equestrian Belt	COST:3200	TYPE:Magic.Wondrous.Belt.LesserMinor	SOURCEPAGE:p.211	WT:1	BONUS:SKILL|Ride|4|TYPE=Competence	SPROP:The belt's wearer automatically succeeds at any check to guide with the knees, stay in the saddle, fight with a combat-trained mount, control a mount in battle, or make a fast mount or dismount, as long as the belt's wearer is wearing medium, light, or no armor.|!PREARMORTYPE:1,TYPE.Heavy
Gorgon Belt	COST:23000	TYPE:Magic.Wondrous.Belt.GreaterMedium	SOURCEPAGE:p.212	WT:1	BONUS:STAT|STR|4|TYPE=Enhancement	SPROP:Ignore difficult terrain while charging or making an overrun, bull rush, or trample attempt.	SPROP:Once per day on command, its wearer can spew a 60-foot cone of poisonous green gas as a breath weapon. Any creature caught in the area of the gas can attempt a DC 18 saving throw or be paralyzed for 1d4 rounds. At the end of its turn, a creature petrified by this breath weapon can attempt a new save to end the paralysis effect. 
Heavyload Belt	COST:2000	TYPE:Magic.Wondrous.Belt.LesserMinor	SOURCEPAGE:p.212	WT:3
#TODO: How to code ant haul spell effects.	
Merform Belt	COST:32000	TYPE:Magic.Wondrous.Belt.LesserMajor	SOURCEPAGE:p.212	WT:2	BONUS:VAR|MerformBeltMerfolkForm|1|PREAPPLY:PC		SPROP:Once per day, the wearer of this belt can command it to transform her into the form of a merfolk.
Meridian Belt	COST:1000	TYPE:Magic.Wondrous.Belt.LesserMinor	SOURCEPAGE:p.212	WT:1	
Minotaur Belt	COST:10000	TYPE:Magic.Wondrous.Belt.LesserMedium	SOURCEPAGE:p.212	WT:1	BONUS:STAT|STR|2|TYPE=Enhancement	
Monkey Belt	COST:9400	TYPE:Magic.Wondrous.Belt.LesserMedium	SOURCEPAGE:p.212	WT:1	BONUS:STAT|DEX|2|TYPE=Enhancement	SPROP:The wearer does not lose his Dexterity bonus to AC while climbing, and does not take a –5 penalty on Climb checks when climbing at half his speed.	SPROP:As a swift action the wearer can command the belt to transform into a prehensile tail that can make unarmed attacks and hold or manipulate objects.
Monkey Belt (Greater)	OUTPUTNAME:Monkey Belt, Greater	COST:18000	TYPE:Magic.Wondrous.Belt.GreaterMedium	SOURCEPAGE:p.212	WT:1	BONUS:STAT|STR,DEX|2|TYPE=Enhancement	SPROP:The wearer does not lose his Dexterity bonus to AC while climbing, and does not take a –5 penalty on Climb checks when climbing at half his speed.	SPROP:As a swift action the wearer can command the belt to transform into a prehensile tail that can make unarmed attacks and hold or manipulate objects.
Plague Rat Belt	COST:5200	TYPE:Magic.Wondrous.Belt.GreaterMinor	SOURCEPAGE:p.213	WT:1	BONUS:STAT|CON|2|TYPE=Enhancement	SPROP:As an immediate action three times per day, the wearer can call upon the belt to reroll a saving throw made to resist a disease or poison.
Plague Rat Belt (Greater)	OUTPUTNAME:Plague Rat Belt, Greater	COST:11200	TYPE:Magic.Wondrous.Belt.LesserMedium	SOURCEPAGE:p.213	WT:1	BONUS:STAT|DEX,CON|2|TYPE=Enhancement	SPROP:As an immediate action three times per day, the wearer can call upon the belt to reroll a saving throw made to resist a disease or poison.	
Sash of Flowing Water	COST:25000	TYPE:Magic.Wondrous.Belt.GreaterMedium	SOURCEPAGE:p.213	WT:1	SPROP:Attempt to deflect a successful melee attack with an immediate action if have a hand free.	
Security Belt	COST:12500	TYPE:Magic.Wondrous.Belt.LesserMedium	SOURCEPAGE:p.213	WT:1	CONTAINS:*UNLIM	SPROP:Increases the DC of Sleight of Hand checks made against the wearer by 5. The wearer also gets a +5 bonus to CMD against the steal maneuver.	SPROP:Once per day on command, the wearer can shrink a single item of up to 10 cubic feet into a tiny cloth duplicate. Restoring a shrunk item is a move action.	
Serpent Belt	COST:9000	TYPE:Magic.Wondrous.Belt.LesserMedium	SOURCEPAGE:p.213	WT:1	BONUS:SKILL|Escape Artist|2	SPROP:+4 bonus to all poisons	SPROP:Once per day the belt can be animated as a venomous snake or constrictor snake
Serpent Belt (Greater)	OUTPUTNAME:Serpent Belt, Greater	COST:20000	TYPE:Magic.Wondrous.Belt.GreaterMedium	SOURCEPAGE:p.213	WT:1	BONUS:STAT|STR,DEX|2|TYPE=Enhancement		BONUS:SKILL|Escape Artist|2	SPROP:+4 bonus to all poisons	SPROP:Once per day the belt can be animated as a venomous snake or constrictor snake. Speak second command to grant template to snake.
Shadowform Belt	COST:110000	TYPE:Magic.Wondrous.Belt.GreaterMajor	SOURCEPAGE:p.213	WT:0	BONUS:STAT|DEX|6|TYPE=Enhancement	SPROP:As a swift action, its wearer can become incorporeal for up to 10 rounds per day.
