# CVS $Revision$ $Author$ 
SOURCELONG:Ultimate Equipment	SOURCESHORT:UE	SOURCEWEB:http://paizo.com/products/btpy8tmc	SOURCEDATE:2012-08
# Original RSRD Entry by: PCGen Data Team
# Pathfinder RPG Entry by: Stefan Radermacher
# UE Entry by: James Dempsey

#Light
# Armor Name
#------light---------
Padded
Haramaki
Padded
Quilted Cloth
Silken Ceremonial
Lamellar Cuirass
Leather
Parade
Studded Leather
Wooden
Chain Shirt
Lamellar (Leather)

#------medium--------
Armored Coat
Hide
Do-Maru
Kikko
Lamellar (Horn)
Scale Mail
Agile Breastplate
Breastplate
Chainmail
Four-Mirror
Lamellar (Steel)
Mountain Pattern

#------heavy---------
Banded Mail
Kusari Gusoku
Lamellar (Iron)
Splint Mail
Tatami-Do
Agile Half-Plate
Half-Plate
Lamellar (Stone)
O-Yoroi
Full Plate
Stoneplate
