# CVS $Revision: 14380 $ $Author: amaitland $ -- Fri Sep 28 11:29:47 2012 -- reformated by prettylst.pl v1.39 (build 16265)
SOURCELONG:Ultimate Equipment	SOURCESHORT:PFUE	SOURCEWEB:http://paizo.com/products/btpy8tmc?Pathfinder-Roleplaying-Game-Ultimate-Equipment	SOURCEDATE:2012-08
# Pathfinder RPG Entry by: Stefan Radermacher

###Block: Adventuring Gear
# Equipment Name	Type							Contains			Cost		Weight	Source Page
Wrist Sheath	TYPE:Goods.General.Container.Resizable	CONTAINS:UNLIM|Any	COST:1	WT:1		SOURCEPAGE:p.75
Air Bladder		TYPE:Goods.General		COST:.1		WT:.5		SOURCEPAGE:p.58		SPROP:If inflated, it holds enough air to sustain a Medium creature for 1 round or a Small creature for 2 rounds.
Alchemist's Kit		TYPE:Goods.Tools.Kits.Resizable		COST:40		WT:24		SOURCEPAGE:p.58
Animal Glue		TYPE:Goods.General.Consumable		COST:.5		WT:.5		SOURCEPAGE:p.58		SPROP:Before you use animal glue, you must heat it until it liquefies. You normally apply it with a brush and hold the pieces together for a minute, at which point it is cooled and hardened. The glue is sufficient to coat 1 square foot of surface, or up to 40 smaller applications of approximately 2 square inches each.
Area Map		TYPE:Goods.General		COST:50		WT:2		SOURCEPAGE:p.58		BONUS:SKILL|Survival (Navigate),Knowledge (Dungeoneering, Navigate)|1|TYPE=Circumstance		SPROP:A geographically relevant map grants a user a +1 circumstance bonus on Survival checks made to navigate in the wilderness. It also can be used to grant the same bonus on Knowledge (dungeoneering) checks made to navigate underground.
Astrolabe		TYPE:Goods.General		COST:1000		WT:6		SOURCEPAGE:p.58		SPROP:When using an astrolabe, you can make a Survival check using your Intelligence modifier instead of your Wisdom modifier to avoid becoming lost.
Backpack.MOD		OUTPUTNAME:Backpack, Common		SOURCEPAGE:p.58
Backpack (Masterwork).MOD		SOURCEPAGE:p.58
Bandolier		TYPE:Goods.Clothing.Resizable		COST:.5		SOURCEPAGE:p.59		SPROP:Contains small loops or pouches for holding eight objects the size of a flask or small dagger. You can use the “retrieve a stored item” action to take an item from a bandolier.
Banner (Simple)		OUTPUTNAME:Banner, Simple		TYPE:Goods.General		COST:1		WT:2		SOURCEPAGE:p.59		SPROP:A simple banner with one field color and a simple insignia.
Banner (Complex)		OUTPUTNAME:Banner, Complex		TYPE:Goods.General		COST:5		WT:2		SOURCEPAGE:p.59		SPROP:A banner with two to four field colors and a complex insignia.
Banner (Detailed)		OUTPUTNAME:Banner, Detailed		TYPE:Goods.General		COST:20		WT:2		SOURCEPAGE:p.59		SPROP:A detailed banner with four or more field colors and a very complex insignia.
Barbarian's Kit		TYPE:Goods.Tools.Kits.Resizable		COST:9		WT:26		SOURCEPAGE:p.59
Barbed Vest.MOD		TYPE:Goods.Clothing.Resizable.Shirt		SOURCEPAGE:p.59		SPROP:Any creature that injures you with a natural or unarmed attack must make a DC 15 Reflex save or take 1 point of damage. If a creature swallows you, it takes 1 point of damage each round until it either spits you up, you escape, or you die. The vest can only be worn over light armor or no armor.
Bard's Kit		TYPE:Goods.Tools.Kits.Resizable		COST:41		WT:33.5		SOURCEPAGE:p.59
Barrel.MOD		SOURCEPAGE:p.59
Basket.MOD		SOURCEPAGE:p.59
Bedroll.MOD		SOURCEPAGE:p.59
Bell.MOD		SOURCEPAGE:p.59
Bell Net		TYPE:Goods.General		COST:2		WT:2		SOURCEPAGE:p.59		BONUS:SKILL|Stealth|-2		SPROP:Creatures attempting to access gear protected by a bell net must succeed at a DC 25 Sleight of Hand check to avoid chiming the bells. Hearing the chiming bells of a bell net requires a DC 0 Perception check. Because the many bells chime when you move, traveling with a bell net gives you a –2 penalty on Stealth checks.
Pouch (Belt).MOD		OUTPUTNAME:Belt Pouch		SOURCEPAGE:p.59
Blanket.MOD		COST:.5		WT:3		SOURCEPAGE:p.59
Block and Tackle.MOD		SOURCEPAGE:p.60
Blue Book		TYPE:Goods.Tools		COST:5		WT:1		SOURCEPAGE:p.60		SPROP:By consulting the book for 1 hour, for the next 24 hours you gain a +2 circumstance bonus on Knowledge (local), Bluff, and Diplomacy checks to gather or use information in that city. At the GM’s discretion, you can use it in settlements near that city for a +1 bonus.
Book of Letters		TYPE:Goods.Tools		COST:50		WT:3		SOURCEPAGE:p.60		BONUS:SKILL|Diplomacy (City Officials),Linguistics (Forgery)|2|TYPE=Circumstance		SPROP:It provides a +2 circumstance bonus on Diplomacy checks when dealing with city officials and a +2 circumstance bonus on Linguistics checks when creating forgeries.
Bottle (Glass).MOD		SOURCEPAGE:p.60
Breakaway Chains		TYPE:Goods.Tools.Masterwork		COST:65		WT:2		SOURCEPAGE:p.60		SPROP:These masterwork chains are easy to break, even though they look like normal chains (Perception DC 25 to notice the difference). A DC 10 Strength check breaks them instantly.
Bucket.MOD		SOURCEPAGE:p.60
Lantern (Bullseye).MOD		DISPLAYNAME:Bullseye Lantern		SOURCEPAGE:p.60
Buoy (Common).MOD		SOURCEPAGE:p.60
Buoy (Superior).MOD		DISPLAYNAME:Buoy, Superior		SOURCEPAGE:p.60
Butterfly Net.MOD		SOURCEPAGE:p.60
Caltrops.MOD		SOURCEPAGE:p.60
Camouflage Netting		TYPE:Goods.Tools		COST:20		WT:5		SOURCEPAGE:p.61		SPROP:When you hide under the netting in the appropriate terrain, you gain a +4 circumstance bonus on Stealth checks as long as you remain immobile and prone.
Campsite Kit		TYPE:Goods.Tools.Kits		COST:12		WT:80		SOURCEPAGE:p.61
Candle.MOD		SOURCEPAGE:p.61
Candle Lamp		TYPE:Goods.General.Lightsource		COST:5		WT:1		SOURCEPAGE:p.61		SPROP:A small lanternlike device with glass panels and a slot to hold a candle. It protects the candle from drafts and catches wax drippings. Provides the same light as a candle, but can be shuttered such that it only illuminates 1 to 3 adjacent squares. You can use a candle lamp to keep your hands warm.
Candlestick		TYPE:Goods.General		COST:.01		WT:.5		SOURCEPAGE:p.61
Canteen		TYPE:Goods.Container.General		COST:2		WT:1		CONTAINS:4|Liquid=4		SOURCEPAGE:p.61
Canvas (Sq Yd).MOD		SOURCEPAGE:p.61
Cauldron.MOD		SOURCEPAGE:p.61
Cauldron (Mithral)		DISPLAYNAME:Cauldron, Mithral		TYPE:Goods.Tools		COST:1251		WT:2.5		SOURCEPAGE:p.61		SPROP:Lighter than a standard cauldron and food rarely sticks to it.
Cavalier's Kit		TYPE:Goods.Tools.Kits.Resizable		COST:23		WT:112		SOURCEPAGE:p.61
Chain (10 Ft).MOD		SOURCEPAGE:p.61
Chalk (1 Piece).MOD		SOURCEPAGE:p.62
Chalkboard		TYPE:Goods.General		COST:1		WT:2		SOURCEPAGE:p.62
Chest (Small).MOD		SOURCEPAGE:p.62
Chest (Medium)		SOURCEPAGE:p.62
Chest (Large)		SOURCEPAGE:p.62
Chest (Huge)		SOURCEPAGE:p.62
Chirurgeon's Kit		TYPE:Goods.Tools.Kits.Resizable		COST:400		WT:4		SOURCEPAGE:p.62
Chronicler's Kit		TYPE:Goods.Tools.Kits.Resizable		COST:40		WT:4.5		SOURCEPAGE:p.62
Clay		TYPE:Goods.General		COST:.1		WT:1		SOURCEPAGE:p.62
Cleric's Kit		TYPE:Goods.Tools.Kits.Resizable		COST:16		WT:32		SOURCEPAGE:p.62
Coffee Pot		TYPE:Goods.General		COST:3		WT:4		SOURCEPAGE:p.62
Coffin (Common)		TYPE:Goods.General		COST:10		WT:30		SOURCEPAGE:p.62
Coffin (Ornate)		TYPE:Goods.General		COST:100		WT:50		SOURCEPAGE:p.62
Collapsible Bathtup		TYPE:Goods.General		COST:15		WT:20		SOURCEPAGE:p.62
Collapsible Plank		TYPE:Goods.General		COST:.4		WT:10		SOURCEPAGE:p.62
Compass		TYPE:Goods.General		COST:10		WT:.5		SOURCEPAGE:p.62		BONUS:SKILL|Survival (Navigate),Knowledge (Dungeoneering, Navigate)|1|TYPE=Circumstance
Cooking Kit		TYPE:Goods.Tools.Kits.Resizable		COST:3		WT:16		SOURCEPAGE:p.62
Copy of a Key				TYPE:Goods.Tools		COST:1		SOURCEPAGE:p.63		SPROP:An artisan can make a working copy of a key in an hour.
Cot		TYPE:Goods.General.Resizable		COST:1		WT:30		SOURCEPAGE:p.63
Crowbar.MOD		SOURCEPAGE:p.63
Cypher Books		TYPE:Goods.General		COST:150		WT:2		SOURCEPAGE:p.63		SPROP:A creature without access to the appropriate cypher book takes a –10 penalty on Linguistic checks made to decipher each page of a coded message.
Dragonslayer's Kit		TYPE:Goods.Tools.Kits.Resizable		COST:485		WT:64		SOURCEPAGE:p.63
Drill		TYPE:Goods.General		COST:.5		WT:1		SOURCEPAGE:p.63
Druid's Kit		TYPE:Goods.Tools.Kits.Resizable		COST:14		WT:44		SOURCEPAGE:p.63
Dungeoneering Kit (Common)		TYPE:Goods.Tools.Kits.Resizable		COST:15		WT:25		SOURCEPAGE:p.63
Dungeoneering Kit (Deluxe)		TYPE:Goods.Tools.Kits.Resizable		COST:130		WT:15		SOURCEPAGE:p.63
Ear Trumpet		TYPE:Goods.General		COST:5		WT:2		SOURCEPAGE:p.63		SPROP:By holding this specially crafted ear trumpet to your ear and placing the other end against a door or wall, you reduce the DC penalty for listening through a door or wall by 5.
Earplugs		TYPE:Goods.General		COST:.03		SOURCEPAGE:p.63		SPROP:Give you a +2 circumstance bonus on saves against effects that require hearing, but also cause a –5 penalty on hearing-based Perception checks.
Entertainer's Kit	TYPE:Goods.Tools.Kits.Resizable								COST:0.5	WT:3		SOURCEPAGE:p.63Everburning Torch		SOURCEPAGE:p.63
Fake Footprint Shoes		TYPE:Goods.General		COST:5		WT:2		SOURCEPAGE:p.63		SPROP:Each pair creates a specific type of footprint, such as tiger, orc, goblin, or ogre. When walking with these shoes, you may make a Survival check; the check result is the Survival DC for anyone trying to determine whether the tracks are what they appear to be.
False Manacles		TYPE:Good.General.Masterwork		COST:65		WT:2		SOURCEPAGE:p.64	SPROP:A wearer who knows the location of the secret catch can open them as a standard action.
False-Bottomed Chest		TYPE:Goods.General		COST:52		WT:25		SOURCEPAGE:p.64
False-Bottomed Cup		TYPE:Goods.General		COST:1		SOURCEPAGE:p.64
False-Bottomed Scabbard		TYPE:Goods.General		COST:45		WT:1		SOURCEPAGE:p.64
Familiar Satchel		TYPE:Goods.General		COST:25		WT:6		SOURCEPAGE:p.64		SPROP:Provides total cover to any Tiny or smaller creature contained within it.
Fighter's Kit		TYPE:Goods.Tools.Kits.Resizable		COST:9		WT:29		SOURCEPAGE:p.64
Filter Hood		TYPE:Goods.Tools.Headgear		COST:10		WT:4		SOURCEPAGE:p.64		BONUS:SKILL|Perception|-2		SPROP:This snug leather hood has built-in goggles and a filtration tube containing sponges. A filter hood uses your helm slot and imposes a –2 penalty on hearing- and sight-based Perception checks. While the sponges are moist, the hood grants you a +2 resistance bonus on saving throws against inhaled poisons and other airborne attacks that require you to breathe them. Moistening the sponges with water is a standard action. The sponges dry out after 1d4 × 10 minutes and should be thoroughly rinsed after each use.
Firewood (Per Day).MOD		SOURCEPAGE:p.64
Fishhook.MOD		SOURCEPAGE:p.64
Fishing Kit		TYPE:Goods.Tools.Kits.Resizable		COST:.5		WT:3		SOURCEPAGE:p.64
Fishing Net (25 Sq Ft).MOD		SOURCEPAGE:p.64
Flask (Empty).MOD		SOURCEPAGE:p.64
Flint and Steel.MOD		SOURCEPAGE:p.64
Folding Chair		TYPE:Goods.General		COST:2		WT:10		SOURCEPAGE:p.64
Folding Ladder		TYPE:Goods.General		COST:2		WT:16		SOURCEPAGE:p.65
Folding Pole		TYPE:Goods.General		COST:.2		WT:10		SOURCEPAGE:p.65
Folding Table		TYPE:Goods.General		COST:10		WT:20		SOURCEPAGE:p.65
Gambler's Kit (Common)		TYPE:Goods.Tools.Kits		COST:75		WT:5		SOURCEPAGE:p.65
Gambler's Kit (Cheating)		TYPE:Goods.Tools.Kits		COST:300		WT:5		SOURCEPAGE:p.65		BONUS:SKILL|Profession (Gambler)|4|TYPE=Circumstance		SPROP:Grants a +4 circumstance bonus on Profession (gambler) checks when using these materials.
Gear Maintenance Kit		TYPE:Goods.Tools.Kits		COST:5		WT:2		SOURCEPAGE:p.65
Glass Cutter		TYPE:Goods.General		COST:5		SOURCEPAGE:p.65
Glue Paper		TYPE:Goods.General.Consumable		COST:.1		SOURCEPAGE:p.65		SPROP:If you apply glue paper to a window before you break it, the broken pieces stick to the glue rather than noisily falling to the ground.
Grappling Arrow		TYPE:Goods.General		COST:1		WT:.5		SOURCEPAGE:p.65		SPROP:A small grappling hook designed to be tied to a silk rope and fired from a bow. When fired, it has a range increment of 30 feet.
Grappling Bolt		TYPE:Goods.General		COST:1		WT:.5		SOURCEPAGE:p.65		SPROP:A small grappling hook designed to be tied to a silk rope and fired from a crossbow. When fired, it has a range increment of 30 feet.


###Block: Tools and Skill Kits
# Equipment Name				Type			Cost		Weight	Source Page		Bonus to skill
Fortune-Teller's Deck (Common)	TYPE:Goods.Tools	COST:1	WT:0.5	SOURCEPAGE:p.77
Fortune-Teller's Deck (Quality)	TYPE:Goods.Tools	COST:25	WT:1		SOURCEPAGE:p.77	BONUS:SKILL|Profession (Fortune-Teller)|1|TYPE=Circumstance
Fortune-Teller's Deck (Masterwork)	TYPE:Goods.Tools	COST:50	WT:1		SOURCEPAGE:p.77	BONUS:SKILL|Profession (Fortune-Teller)|2|TYPE=Circumstance

###Block: Clothing
# Equipment Name	Type							Contains			Cost		Weight	Source Page
Jewelry		TYPE:Goods.Clothing								COST:0	WT:0		SOURCEPAGE:p.90
Pocketed Scarf	TYPE:Goods.Clothing.Container.Resizable	CONTAINS:UNLIM|Any	COST:8	WT:0.5	SOURCEPAGE:p.90
Reinforced Scarf	TYPE:Goods.Clothing.Resizable							COST:10	WT:1		SOURCEPAGE:p.91

###Block: Alchemical Tools
# Equipment Name			Type						Cost		Weight	Source, Long Desc.		Source, Short Desc.	Source Page
Alchemical Cement			TYPE:Goods.Alchemical.Consumable	COST:5	WT:2 											SOURCEPAGE:p.102
Alchemical Glue			TYPE:Goods.Alchemical.Consumable	COST:20	WT:0.5										SOURCEPAGE:p.102
Alchemical Glue Accelerant	TYPE:Goods.Alchemical.Consumable	COST:25 												SOURCEPAGE:p.102
Alchemical Solvent		TYPE:Goods.Alchemical.Consumable	COST:20	WT:0.5 										SOURCEPAGE:p.102
Armor Ointment			TYPE:Goods.Alchemical.Consumable	COST:30	WT:1 											SOURCEPAGE:p.102
Blackfire Clay			TYPE:Goods.Alchemical.Consumable	COST:20	WT:10 										SOURCEPAGE:p.102
Bloodblock				TYPE:Goods.Alchemical.Consumable	COST:25 												SOURCEPAGE:p.102
Buoyant Balloon			TYPE:Goods.Alchemical.Consumable	COST:10	WT:1 											SOURCEPAGE:p.102
Candlerod				TYPE:Goods.Alchemical.Consumable	COST:1	WT:1 											SOURCEPAGE:p.102
Casting Plaster			TYPE:Goods.Alchemical.Consumable	COST:0.5	WT:5 											SOURCEPAGE:p.103
Chill Cream				TYPE:Goods.Alchemical.Consumable	COST:15	WT:1 											SOURCEPAGE:p.103
Defoliant				TYPE:Goods.Alchemical.Consumable	COST:30 												SOURCEPAGE:p.103
Embalming Fluid			TYPE:Goods.Alchemical.Consumable	COST:50	WT:10 										SOURCEPAGE:p.103
Foaming Powder			TYPE:Goods.Alchemical.Consumable	COST:10	WT:1 											SOURCEPAGE:p.103
Glowing Ink				TYPE:Goods.Alchemical.Consumable	COST:5 												SOURCEPAGE:p.104
Impact Foam				TYPE:Goods.Alchemical.Consumable	COST:25	WT:1 											SOURCEPAGE:p.104
Invisible Ink (Simple)		TYPE:Goods.Alchemical.Consumable	COST:2 												SOURCEPAGE:p.104
Invisible Ink (Average)		TYPE:Goods.Alchemical.Consumable	COST:10 												SOURCEPAGE:p.104
Invisible Ink (Good)		TYPE:Goods.Alchemical.Consumable	COST:25 												SOURCEPAGE:p.104
Invisible Ink (Superior)	TYPE:Goods.Alchemical.Consumable	COST:75 												SOURCEPAGE:p.104
Light Detector			TYPE:Goods.Alchemical.Consumable	COST:1 												SOURCEPAGE:p.104
Marker Dye				TYPE:Goods.Alchemical.Consumable	COST:15	WT:1 											SOURCEPAGE:p.104
Mending Paste			TYPE:Goods.Alchemical.Consumable	COST:25	WT:0.5 										SOURCEPAGE:p.104
Nushadir				TYPE:Goods.Alchemical.Consumable	COST:10	WT:1 											SOURCEPAGE:p.104
Rusting Powder			TYPE:Goods.Alchemical.Consumable	COST:60 												SOURCEPAGE:p.104
Scent Cloak				TYPE:Goods.Alchemical.Consumable	COST:20	WT:2 											SOURCEPAGE:p.105
Smoke Pellet			TYPE:Goods.Alchemical.Consumable	COST:25 												SOURCEPAGE:p.105
Smokestick.MOD									COST:20	WT:0.5 	SOURCELONG:Ultimate Equipment	SOURCESHORT:UE		SOURCEPAGE:p.105
Sunrod.MOD										COST:2	WT:1 		SOURCELONG:Ultimate Equipment	SOURCESHORT:UE		SOURCEPAGE:p.105
Tindertwig.MOD									COST:1 			SOURCELONG:Ultimate Equipment	SOURCESHORT:UE		SOURCEPAGE:p.105
Water Purification Sponge	TYPE:Goods.Alchemical.Consumable	COST:25	WT:1 											SOURCEPAGE:p.105
Weapon Blanch (Adamantine)	TYPE:Goods.Alchemical.Consumable	COST:100	WT:0.5 										SOURCEPAGE:p.105
Weapon Blanch (Cold Iron)	TYPE:Goods.Alchemical.Consumable	COST:20	WT:0.5 										SOURCEPAGE:p.105
Weapon Blanch (Silver)		TYPE:Goods.Alchemical.Consumable	COST:5	WT:0.5 										SOURCEPAGE:p.105

#
# End
#
