# CVS $Revision$ $Author$ -- Mon Aug  4 17:20:33 2008 -- reformated by prettylst.pl v1.38 (build 7233)
SOURCELONG:Curse of the Crimson Throne: Skeletons of Scarwall	SOURCESHORT:CotCT:SoS	SOURCEWEB:http://paizo.com/pathfinder/v5748btpy81xw	SOURCEDATE:2008-08

STARTPACK:Chained Spirit Default	VISIBLE:QUALIFY	EQUIPBUY:0	PREMULT:1,[PRERACE:1,Chained Spirit],[!PRERACE:1,%]	SOURCEPAGE:p. 78
RACE:Chained Spirit	!PRERACE:1,%
NAME:Chained Spirit
ALIGN:LE
STAT:STR=10|DEX=10|CON=10|WIS=10|INT=10|CHA=10
SKILL:Bluff	RANK:17
SKILL:Diplomacy	RANK:9
SKILL:Knowledge (History)	RANK:8
SKILL:Listen	RANK:17
SKILL:Search	RANK:17
SKILL:Sense Motive	RANK:17
SKILL:Spot	RANK:17
ABILITY:CATEGORY=FEAT|Alertness
ABILITY:CATEGORY=FEAT|Combat Reflexes
ABILITY:CATEGORY=FEAT|Flyby Attack
ABILITY:CATEGORY=FEAT|Improved Initiative
ABILITY:CATEGORY=FEAT|Lightning Reflexes

STARTPACK:Danse Macabre Default	VISIBLE:QUALIFY	EQUIPBUY:0	PREMULT:1,[PRERACE:1,Danse Macabre],[!PRERACE:1,%]	SOURCEPAGE:p. 80
RACE:Danse Macabre	!PRERACE:1,%
NAME:Danse Macabre
ALIGN:NE
STAT:STR=10|DEX=10|CON=10|WIS=10|INT=10|CHA=10
SKILL:Listen		RANK:19
SKILL:Search		RANK:10
SKILL:Sense Motive	RANK:9
SKILL:Spot			RANKS:19
ABILITY:CATEGORY=FEAT|Alertness
ABILITY:CATEGORY=FEAT|Combat Reflexes
ABILITY:CATEGORY=FEAT|Dodge
ABILITY:CATEGORY=FEAT|Improved Initiative
ABILITY:CATEGORY=FEAT|Lightning Reflexes
ABILITY:CATEGORY=FEAT|Mobility

STARTPACK:Gug Default	VISIBLE:QUALIFY	EQUIPBUY:0	PREMULT:1,[PRERACE:1,Gug],[!PRERACE:1,%]	SOURCEPAGE:p. 82
RACE:Gug	!PRERACE:1,%
NAME:Gug
ALIGN:CE
STAT:STR=10|DEX=10|CON=10|WIS=10|INT=10|CHA=10
SKILL:Hide	RANK:6
SKILL:Knowledge (Dungeoneering)	RANK:6
SKILL:Listen	RANK:4
SKILL:Move Silently	RANK:6
SKILL:Spot	RANK:4
SKILL:Survival	RANK:4
ABILITY:CATEGORY=FEAT|Alertness
ABILITY:CATEGORY=FEAT|Power Attack
ABILITY:CATEGORY=FEAT|Awesome Blow
ABILITY:CATEGORY=FEAT|Blind Fight
ABILITY:CATEGORY=FEAT|Improved Bull Rush
ABILITY:CATEGORY=FEAT|Track

STARTPACK:The Prince in Chains Default	VISIBLE:QUALIFY	EQUIPBUY:0	PREMULT:1,[PRERACE:1,The Prince in Chains],[!PRERACE:1,%]	SOURCEPAGE:p. 84
RACE:The Prince in Chains	!PRERACE:1,%
NAME:The Prince in Chains
ALIGN:LE
STAT:STR=10|DEX=10|CON=10|WIS=10|INT=10|CHA=10
ABILITY:CATEGORY=FEAT|Combat Reflexes
ABILITY:CATEGORY=FEAT|Power Attack
ABILITY:CATEGORY=FEAT|Improved Overrun
ABILITY:CATEGORY=FEAT|Improved Sunder
ABILITY:CATEGORY=FEAT|Run
ABILITY:CATEGORY=FEAT|Track

STARTPACK:Dragon (Umbral Wyrmling) Default	VISIBLE:QUALIFY	EQUIPBUY:0	PREMULT:1,[!PRERACE:1,%],[PRERACE:1,Dragon (Umbral Wyrmling)]
RACE:Dragon (Umbral Wyrmling)	!PRERACE:1,%
NAME:Dragon (Umbral Wyrmling)
ALIGN:CE
STAT:STR=10|DEX=10|CON=10|WIS=10|INT=10|CHA=10
ABILITY:CATEGORY=FEAT|Power Attack
ABILITY:CATEGORY=FEAT|Cleave
ABILITY:CATEGORY=FEAT|Combat Reflexes
ABILITY:CATEGORY=FEAT|Flyby Attack
ABILITY:CATEGORY=FEAT|Hover
ABILITY:CATEGORY=FEAT|Improved Initiative
ABILITY:CATEGORY=FEAT|Multiattack
ABILITY:CATEGORY=FEAT|Snatch

STARTPACK:Dragon (Umbral Very Young) Default	VISIBLE:QUALIFY	EQUIPBUY:0	PREMULT:1,[!PRERACE:1,%],[PRERACE:1,Dragon (Umbral Very Young)]
RACE:Dragon (Umbral Very Young)	!PRERACE:1,%
NAME:Dragon (Umbral Very Young)
ALIGN:CE
STAT:STR=10|DEX=10|CON=10|WIS=10|INT=10|CHA=10
ABILITY:CATEGORY=FEAT|Power Attack
ABILITY:CATEGORY=FEAT|Cleave
ABILITY:CATEGORY=FEAT|Combat Reflexes
ABILITY:CATEGORY=FEAT|Flyby Attack
ABILITY:CATEGORY=FEAT|Hover
ABILITY:CATEGORY=FEAT|Improved Initiative
ABILITY:CATEGORY=FEAT|Multiattack
ABILITY:CATEGORY=FEAT|Snatch

STARTPACK:Dragon (Umbral Young) Default	VISIBLE:QUALIFY	EQUIPBUY:0	PREMULT:1,[!PRERACE:1,%],[PRERACE:1,Dragon (Umbral Young)]
RACE:Dragon (Umbral Young)	!PRERACE:1,%
NAME:Dragon (Umbral Young)
ALIGN:CE
STAT:STR=10|DEX=10|CON=10|WIS=10|INT=10|CHA=10
ABILITY:CATEGORY=FEAT|Power Attack
ABILITY:CATEGORY=FEAT|Cleave
ABILITY:CATEGORY=FEAT|Combat Reflexes
ABILITY:CATEGORY=FEAT|Flyby Attack
ABILITY:CATEGORY=FEAT|Hover
ABILITY:CATEGORY=FEAT|Improved Initiative
ABILITY:CATEGORY=FEAT|Multiattack
ABILITY:CATEGORY=FEAT|Snatch

STARTPACK:Dragon (Umbral Juvenile) Default	VISIBLE:QUALIFY	EQUIPBUY:0	PREMULT:1,[!PRERACE:1,%],[PRERACE:1,Dragon (Umbral Juvenile)]
ALIGN:CE
RACE:Dragon (Umbral Juvenile)	!PRERACE:1,%
NAME:Dragon (Umbral Juvenile)
ALIGN:CE
STAT:STR=10|DEX=10|CON=10|WIS=10|INT=10|CHA=10
ABILITY:CATEGORY=FEAT|Power Attack
ABILITY:CATEGORY=FEAT|Cleave
ABILITY:CATEGORY=FEAT|Combat Reflexes
ABILITY:CATEGORY=FEAT|Flyby Attack
ABILITY:CATEGORY=FEAT|Hover
ABILITY:CATEGORY=FEAT|Improved Initiative
ABILITY:CATEGORY=FEAT|Multiattack
ABILITY:CATEGORY=FEAT|Snatch

STARTPACK:Dragon (Umbral Young Adult) Default	VISIBLE:QUALIFY	EQUIPBUY:0	PREMULT:1,[!PRERACE:1,%],[PRERACE:1,Dragon (Umbral Young Adult)]
RACE:Dragon (Umbral Young Adult)	!PRERACE:1,%
NAME:Dragon (Umbral Young Adult)
ALIGN:CE
STAT:STR=10|DEX=10|CON=10|WIS=10|INT=10|CHA=10
ABILITY:CATEGORY=FEAT|Power Attack
ABILITY:CATEGORY=FEAT|Cleave
ABILITY:CATEGORY=FEAT|Combat Reflexes
ABILITY:CATEGORY=FEAT|Flyby Attack
ABILITY:CATEGORY=FEAT|Hover
ABILITY:CATEGORY=FEAT|Improved Initiative
ABILITY:CATEGORY=FEAT|Multiattack
ABILITY:CATEGORY=FEAT|Snatch

STARTPACK:Dragon (Umbral Adult) Default	VISIBLE:QUALIFY	EQUIPBUY:0	PREMULT:1,[!PRERACE:1,%],[PRERACE:1,Dragon (Umbral Adult)]
RACE:Dragon (Umbral Adult)	!PRERACE:1,%
NAME:Dragon (Umbral Adult)
ALIGN:CE
STAT:STR=10|DEX=10|CON=10|WIS=10|INT=10|CHA=10
ABILITY:CATEGORY=FEAT|Power Attack
ABILITY:CATEGORY=FEAT|Cleave
ABILITY:CATEGORY=FEAT|Combat Reflexes
ABILITY:CATEGORY=FEAT|Flyby Attack
ABILITY:CATEGORY=FEAT|Hover
ABILITY:CATEGORY=FEAT|Improved Initiative
ABILITY:CATEGORY=FEAT|Multiattack
ABILITY:CATEGORY=FEAT|Snatch

STARTPACK:Dragon (Umbral Mature Adult) Default	VISIBLE:QUALIFY	EQUIPBUY:0	PREMULT:1,[!PRERACE:1,%],[PRERACE:1,Dragon (Umbral Mature Adult)]
RACE:Dragon (Umbral Mature Adult)	!PRERACE:1,%
NAME:Dragon (Umbral Mature Adult)
ALIGN:CE
STAT:STR=10|DEX=10|CON=10|WIS=10|INT=10|CHA=10
ABILITY:CATEGORY=FEAT|Power Attack
ABILITY:CATEGORY=FEAT|Cleave
ABILITY:CATEGORY=FEAT|Combat Reflexes
ABILITY:CATEGORY=FEAT|Flyby Attack
ABILITY:CATEGORY=FEAT|Hover
ABILITY:CATEGORY=FEAT|Improved Initiative
ABILITY:CATEGORY=FEAT|Multiattack
ABILITY:CATEGORY=FEAT|Snatch

STARTPACK:Dragon (Umbral Old) Default	VISIBLE:QUALIFY	EQUIPBUY:0	PREMULT:1,[!PRERACE:1,%],[PRERACE:1,Dragon (Umbral Old)]
RACE:Dragon (Umbral Old)	!PRERACE:1,%
NAME:Dragon (Umbral Old)
ALIGN:CE
STAT:STR=10|DEX=10|CON=10|WIS=10|INT=10|CHA=10
ABILITY:CATEGORY=FEAT|Power Attack
ABILITY:CATEGORY=FEAT|Cleave
ABILITY:CATEGORY=FEAT|Combat Reflexes
ABILITY:CATEGORY=FEAT|Flyby Attack
ABILITY:CATEGORY=FEAT|Hover
ABILITY:CATEGORY=FEAT|Improved Initiative
ABILITY:CATEGORY=FEAT|Multiattack
ABILITY:CATEGORY=FEAT|Snatch

STARTPACK:Dragon (Umbral Very Old) Default	VISIBLE:QUALIFY	EQUIPBUY:0	PREMULT:1,[!PRERACE:1,%],[PRERACE:1,Dragon (Umbral Very Old)]
RACE:Dragon (Umbral Very Old)	!PRERACE:1,%
NAME:Dragon (Umbral Very Old)
ALIGN:CE
STAT:STR=10|DEX=10|CON=10|WIS=10|INT=10|CHA=10
ABILITY:CATEGORY=FEAT|Power Attack
ABILITY:CATEGORY=FEAT|Cleave
ABILITY:CATEGORY=FEAT|Combat Reflexes
ABILITY:CATEGORY=FEAT|Flyby Attack
ABILITY:CATEGORY=FEAT|Hover
ABILITY:CATEGORY=FEAT|Improved Initiative
ABILITY:CATEGORY=FEAT|Multiattack
ABILITY:CATEGORY=FEAT|Snatch

STARTPACK:Dragon (Umbral Ancient) Default	VISIBLE:QUALIFY	EQUIPBUY:0	PREMULT:1,[!PRERACE:1,%],[PRERACE:1,Dragon (Umbral Ancient)]
RACE:Dragon (Umbral Ancient)	!PRERACE:1,%
NAME:Dragon (Umbral Ancient)
ALIGN:CE
STAT:STR=10|DEX=10|CON=10|WIS=10|INT=10|CHA=10
ABILITY:CATEGORY=FEAT|Power Attack
ABILITY:CATEGORY=FEAT|Cleave
ABILITY:CATEGORY=FEAT|Combat Reflexes
ABILITY:CATEGORY=FEAT|Flyby Attack
ABILITY:CATEGORY=FEAT|Hover
ABILITY:CATEGORY=FEAT|Improved Initiative
ABILITY:CATEGORY=FEAT|Multiattack
ABILITY:CATEGORY=FEAT|Snatch

STARTPACK:Dragon (Umbral Wyrm) Default	VISIBLE:QUALIFY	EQUIPBUY:0	PREMULT:1,[!PRERACE:1,%],[PRERACE:1,Dragon (Umbral Wyrm)]
RACE:Dragon (Umbral Wyrm)	!PRERACE:1,%
NAME:Dragon (Umbral Wyrm)
ALIGN:CE
STAT:STR=10|DEX=10|CON=10|WIS=10|INT=10|CHA=10
ABILITY:CATEGORY=FEAT|Power Attack
ABILITY:CATEGORY=FEAT|Cleave
ABILITY:CATEGORY=FEAT|Combat Reflexes
ABILITY:CATEGORY=FEAT|Flyby Attack
ABILITY:CATEGORY=FEAT|Hover
ABILITY:CATEGORY=FEAT|Improved Initiative
ABILITY:CATEGORY=FEAT|Multiattack
ABILITY:CATEGORY=FEAT|Snatch

STARTPACK:Dragon (Umbral Great Wyrm) Default	VISIBLE:QUALIFY	EQUIPBUY:0	PREMULT:1,[!PRERACE:1,%],[PRERACE:1,Dragon (Umbral Great Wyrm)]
RACE:Dragon (Umbral Great Wyrm)	!PRERACE:1,%
NAME:Dragon (Umbral Great Wyrm)
ALIGN:CE
STAT:STR=10|DEX=10|CON=10|WIS=10|INT=10|CHA=10
ABILITY:CATEGORY=FEAT|Power Attack
ABILITY:CATEGORY=FEAT|Cleave
ABILITY:CATEGORY=FEAT|Combat Reflexes
ABILITY:CATEGORY=FEAT|Flyby Attack
ABILITY:CATEGORY=FEAT|Hover
ABILITY:CATEGORY=FEAT|Improved Initiative
ABILITY:CATEGORY=FEAT|Multiattack
ABILITY:CATEGORY=FEAT|Snatch
