# CVS $Revision: $ $Author: $ -- Fri Aug  6 18:16:15 2004 -- reformated by prettylst.pl v1.32 (build 375)
# Original entry by Michael Wright (brainface_mike)
SOURCELONG:Malhavoc Press - Anger of Angels|SOURCESHORT:AoA|SOURCEWEB:http://www.montecook.com

# Races modded to include Qualify (Angel) or Qualify (Fiend) template (simply allows passing of "Angel or Fiend" prerequisites)
# for angel/fiends from other sources, or if you want to consider Efreeti fiends, for instance, simply add the Qualify (Angel) or Qualify (Fiend) template inside pcgen

# I may not have covered every Celestial/Fiend whatnot (Lammasu?), but pretty sure I got all the ones one mentioned in the book
# I also can't promise they're all spelled right here, esp. the Devil (Common Name (uncommon name))s =P

# for the Qualify (Wings of Death) template: I don't have the 3.5 MM, so if a creature lost/gained wings from 3e to 3.5, or if it wasn't in 3e, I won't know if it should/shouldn't have the template

# note that anything that can cast spells as a cleric gets the Qualify (Captain of Fear) template (cause fear)

#"Angels"
# Race Name					Template
Angel (Astral Deva).MOD			TEMPLATE:Qualify (Angel)	TEMPLATE:Qualify (Wings of Death)	TEMPLATE:Qualify (Detect Evil at Will)	TEMPLATE:Qualify (Fire Tolerance)
Angel (Planetar).MOD			TEMPLATE:Qualify (Angel)	TEMPLATE:Qualify (Wings of Death)	TEMPLATE:Qualify (Detect Evil at Will)	TEMPLATE:Qualify (Captain of Fear)	TEMPLATE:Qualify (Fire Tolerance)
Angel (Solar).MOD				TEMPLATE:Qualify (Angel)	TEMPLATE:Qualify (Wings of Death)	TEMPLATE:Qualify (Detect Evil at Will)	TEMPLATE:Qualify (Captain of Fear)	TEMPLATE:Qualify (Fire Tolerance)
Archon (Hound).MOD			TEMPLATE:Qualify (Angel)	TEMPLATE:Qualify (Detect Evil at Will)
Archon (Lantern).MOD			TEMPLATE:Qualify (Angel)	TEMPLATE:Qualify (Detect Evil at Will)
Archon (Trumpet).MOD			TEMPLATE:Qualify (Angel)	TEMPLATE:Qualify (Wings of Death)	TEMPLATE:Qualify (Captain of Fear)
Avoral.MOD					TEMPLATE:Qualify (Angel)	TEMPLATE:Qualify (Wings of Death)	TEMPLATE:Qualify (Captain of Fear)
Bralani.MOD					TEMPLATE:Qualify (Angel)
Couatl.MOD					TEMPLATE:Qualify (Angel)	TEMPLATE:Qualify (Wings of Death)	TEMPLATE:Qualify (Detect Evil at Will)
Ghaele.MOD					TEMPLATE:Qualify (Angel)	TEMPLATE:Qualify (Detect Evil at Will)	TEMPLATE:Qualify (Captain of Fear)	TEMPLATE:Qualify (Fire Tolerance)
Leonal.MOD					TEMPLATE:Qualify (Angel)
Lillend.MOD					TEMPLATE:Qualify (Angel)	TEMPLATE:Qualify (Wings of Death)	TEMPLATE:Qualify (Fire Tolerance)
Titan.MOD					TEMPLATE:Qualify (Angel)

#"Fiends" ("poor misunderstood creatures")
# Fiends cannot qualify for any of the angel prestige classes, so ignoring qualify templates for them
# Fiends can qualify for Evilsense, but I don't feel like searching thru every entry for the 1 fiend that can cast detect evil at will
# Wouldn't be too horribly useful to a fiend wondering around the lower planes, anyways
Demon (Babau).MOD				TEMPLATE:Qualify (Fiend)
Demon (Balor).MOD				TEMPLATE:Qualify (Fiend)
Demon (Bebilith).MOD			TEMPLATE:Qualify (Fiend)
Demon (Dretch).MOD			TEMPLATE:Qualify (Fiend)
Demon (Glabrezu).MOD			TEMPLATE:Qualify (Fiend)
Demon (Hezrou).MOD			TEMPLATE:Qualify (Fiend)
Demon (Marilith).MOD			TEMPLATE:Qualify (Fiend)
Demon (Nalfeshnee).MOD			TEMPLATE:Qualify (Fiend)
Demon (Quasit).MOD			TEMPLATE:Qualify (Fiend)
Demon (Retriever).MOD			TEMPLATE:Qualify (Fiend)
Demon (Succubus).MOD			TEMPLATE:Qualify (Fiend)
Demon (Vrock).MOD				TEMPLATE:Qualify (Fiend)

Devil (Barbed (hamatula)).MOD		TEMPLATE:Qualify (Fiend)
Devil (Bearded (barbazu)).MOD		TEMPLATE:Qualify (Fiend)
Devil (Bone (osyluth)).MOD		TEMPLATE:Qualify (Fiend)
Devil (Chain (kyton)).MOD		TEMPLATE:Qualify (Fiend)
Devil (Erinyes).MOD			TEMPLATE:Qualify (Fiend)
Devil (Hellcat (bezekira)).MOD	TEMPLATE:Qualify (Fiend)
Devil (Horned (cornugon)).MOD		TEMPLATE:Qualify (Fiend)
Devil (Ice (gelugon)).MOD		TEMPLATE:Qualify (Fiend)
Devil (Imp).MOD				TEMPLATE:Qualify (Fiend)
Devil (Lemure).MOD			TEMPLATE:Qualify (Fiend)
Devil (Pit Fiend).MOD			TEMPLATE:Qualify (Fiend)

Achaierai.MOD				TEMPLATE:Qualify (Fiend)
Barghest.MOD				TEMPLATE:Qualify (Fiend)
Hell Hound.MOD				TEMPLATE:Qualify (Fiend)
Howler.MOD					TEMPLATE:Qualify (Fiend)
Night Hag.MOD				TEMPLATE:Qualify (Fiend)
Nightmare.MOD				TEMPLATE:Qualify (Fiend)
Rakshasa.MOD				TEMPLATE:Qualify (Fiend)
Vargouille.MOD				TEMPLATE:Qualify (Fiend)

#might as well add this, it's a demon
#no mod tag, feh
Cerebelith.MOD				TEMPLATE:Qualify (Fiend)
