# CVS $Revision: $ $Author: $ -- Fri Aug  6 18:16:15 2004 -- reformated by prettylst.pl v1.32 (build 375)
# Original entry by Michael Wright (brainface_mike)

#template classes from Anger of Angels (Celestial and Half-Celestial)
SOURCELONG:Malhavoc Press - Anger of Angels|SOURCESHORT:AoA|SOURCEWEB:http://www.montecook.com

# horribly halfway done. As in hardly worked on. Putting off for now.
# 	and started again

# Ideally, the last level of the class should invalidate all the previous class features, then just add the template.
# 	but I don't think I want to do that

##############################
# Template classes
# this is bound to work out funky
# calling type "monster" so it won't give multiclass xp penalty (is that even in pcgen?)
# 	then we're limited by Monster HD (bleh) setting to type "Template"; we'll see how PCGen likes that
# Calling Smite Evil "Celestial Smite Evil" to avoid conflicts with paladin class, or whatever else might could smite evil
# Assuming references to HD equates to pcgen's TL
# might look around SKR's forums to look for affirmation of this
# might want to make a template for this class, similiar to monk's outsider template
# getting bad mojo errors in this
# only wants to add/remove in batch of 2? :/	--"fixed"
# avoiding infinite loops in repeated lookup of Vars... --no longer
# some kind of bonus error --no longer
##############################

##############################
# more issues:
#	HD *cannot* be 0- this was causing the "must add classes equal to maxclasslevel before i'm gonna recognize the class" bug
#	As such, I made the HD equal to 1 and added a -BONUS to current HP equal to CL
#	it's kludgey and ugly but it appears to work <shrug>
#	--fixed to take account of CON modifier
#	Max skill ranks will be (incorrectly) increased--nothing I can do
#	Humans were gaining their +1 skill point per level. I kludged a -BONUS in there to prevent this
#	(there are many things that could make that kludge behave wrong)
#	Feats will be granted as well-LEVELSPERFEAT appears ineffective

#	HP undoing is no longer working--I seem to remember it working fine in 5.6r3?
#	--it LOOKS like I -VAR no longer works, just -1*VAR =?

#
#	Morph templates- changes creature to appropriate type
#	Magical beast is split into two templates just because I don't trust using PREMULT with the PRETYPE tag
#	it doesn't seem to work right with the rsrd .lst templates ;)
#	PRETYPE: just plain doesn't work--it's trying to be the equipment related tag? pfeh!

# Class Name	Hit Dice	Type			Max Level	Add INT to Skill Points?	Bonus to HP						Bonus to skill point/L					Modify VAR
CLASS:Celestial	HD:1		TYPE:Template	MAXLEVEL:2	MODTOSKILLS:NO			BONUS:HP|CURRENTMAX|(-1*CL)-(CL*CONmax0)	BONUS:SKILLPOINTS|NUMBER|(-1*CL)|PRERACE:Human	BONUS:VAR|TL|-CL
# Class Name	Prohibited Template
CLASS:Celestial	!PRETEMPLATE:Celestial
1																																																																TEMPLATE:Qualify (Angel)
1																																																																TEMPLATE:CHOOSE:Morph (Animal to Magical Beast)|Morph (Vermin to Magical Beast)
1																																												BONUS:STAT|INT|(3-INTSCORE)max0
1	VISION:Darkvision (60')
1										SA:Celestial Smite Evil %/day|CelestialSmiteEvil	BONUS:VAR|CelestialSmiteEvil|1																										DEFINE:CelestialSmiteEvil|0
1																																																		DEFINE:AcidResistance|5	DEFINE:ColdResistance|5	DEFINE:ElectricityResistance|5
1																																																																TEMPLATE:Energy Resistance
2					SR:TL+5
2							DR:Magic|MagicDR										BONUS:VAR|MagicDR|5|PREVARGTEQ:TL,4	BONUS:VAR|MagicDR|5|PREVARGTEQ:TL,12																			DEFINE:MagicDR|0
2																			BONUS:VAR|AcidResistance|5|PREVARGTEQ:TL,8	BONUS:VAR|ColdResistance|5|PREVARGTEQ:TL,8	BONUS:VAR|ElectricityResistance|5|PREVARGTEQ:TL,8

#does PRELEVEL: count all HD? (class+race)

# Class Name		Hit Dice	Type			Max Level	Add INT to Skill Points?	Bonus to HP						Bonus to skill point/L					Modify VAR
CLASS:Half-Celestial	HD:1		TYPE:Template	MAXLEVEL:4	MODTOSKILLS:NO			BONUS:HP|CURRENTMAX|(-1*CL)-(CL*CONmax0)	BONUS:SKILLPOINTS|NUMBER|(-1*CL)|PRERACE:Human	BONUS:VAR|TL|-CL
# Class Name		Prohibited Template
CLASS:Half-Celestial	!PRETEMPLATE:Half Celestial
#type change to outsider, may need template
1																																																																																		TEMPLATE:Qualify (Angel)	TEMPLATE:Morph (Outsider)
1	VISION:Darkvision (60')							SA:+4 racial bonus to Fortitude saves against poison
1																																														BONUS:STAT|DEX|2	BONUS:STAT|WIS|2	BONUS:STAT|CHA|2
1																																						BONUS:COMBAT|AC|1|TYPE=NaturalArmor.STACKS

1																																																																					SPELL:Bless|1|Innate|Protection from Evil|3|Innate|PRESTAT:1,INT=8,WIS=8
# table lists remove disease as gained at 1st level, should probably be 7 to match template
# pfeh, i guess I'll keep it as it is?
1																																																																					SPELL:Remove Disease|1|Innate|PRELEVEL:1|PRESTAT:1,INT=8,WIS=8
1																																																																					SPELL:Hallow|1|Innate|PRELEVEL:13|PRESTAT:1,INT=8,WIS=8

2																																														BONUS:STAT|STR|2	BONUS:STAT|CON|2
2											SA:Immunity to Disease
2																																																							DEFINE:AcidResistance|5	DEFINE:ColdResistance|5	DEFINE:ElectricityResistance|5
2																																																																																		TEMPLATE:Energy Resistance
2					SR:TLmin25
2											SA:Daylight (Su)

2																																																																					SPELL:Aid|3|Innate|Detect Evil|3|Innate|PRELEVEL:3|PRESTAT:1,INT=8,WIS=8
2																																																																					SPELL:Holy Smite|1|Innate|PRELEVEL:7|PRESTAT:1,INT=8,WIS=8
2																																																																					SPELL:Holy Aura|3|Innate|PRELEVEL:13|PRESTAT:1,INT=8,WIS=8

3																																														BONUS:STAT|STR|2	BONUS:STAT|INT|2
3											SA:Half-Celestial Smite Evil %/day (Su)|HalfCelestialSmiteEvil																																		DEFINE:HalfCelestialSmiteEvil|1
3								DR:MagicDR/Magic												BONUS:VAR|MagicDR|PREVARGTEQ:TL,12																												DEFINE:MagicDR|5

3																																																																					SPELL:Cure Serious Wounds|1|Innate|PRELEVEL:5|PRESTAT:1,INT=8,WIS=8
3																																																																					SPELL:Dispel Evil|1|Innate|PRELEVEL:9|PRESTAT:1,INT=8,WIS=8
3																																																																					SPELL:Mass Charm|1|Innate|PRELEVEL:15|PRESTAT:1,INT=8,WIS=8
3																																																																					SPELL:Summon Monster IX|PRELEVEL:17|PRESTAT:1,INT=8,WIS=8

4																																														BONUS:STAT|CON|2	BONUS:STAT|WIS|2	BONUS:STAT|CHA|2
4																						BONUS:VAR|AcidResistance|5	BONUS:VAR|ColdResistance|5	BONUS:VAR|ElectricityResistance|5
4					SR:TL+10min35
4																																																																																		TEMPLATE:Qualify (Wings of Death)					MOVECLONE:Walk,0,Fly,*2

4																																																																					SPELL:Neutralize Poison|1|Innate|PRELEVEL:5|PRESTAT:1,INT=8,WIS=8
4																																																																					SPELL:Holy Word|1|Innate|PRELEVEL:11|PRESTAT:1,INT=8,WIS=8
4																																																																					SPELL:Resurrection|1|Innate|PRELEVEL:19|PRESTAT:1,INT=8,WIS=8
