
CATEGORY=Internal|Default.MOD	DEFINE:PoolLevel01AbilityBoost|0
CATEGORY=Internal|Default.MOD	DEFINE:PoolLevel05AbilityBoost|0
CATEGORY=Internal|Default.MOD	DEFINE:PoolLevel10AbilityBoost|0
CATEGORY=Internal|Default.MOD	DEFINE:PoolLevel15AbilityBoost|0
CATEGORY=Internal|Default.MOD	DEFINE:PoolLevel20AbilityBoost|0

CATEGORY=Internal|Default.MOD	DEFINE:AncestryBonusLang_Common|0	
CATEGORY=Internal|Default.MOD	DEFINE:AncestryBonusLang_Draconic|0	
CATEGORY=Internal|Default.MOD	DEFINE:AncestryBonusLang_Dwarven|0	
CATEGORY=Internal|Default.MOD	DEFINE:AncestryBonusLang_Elven|0	
CATEGORY=Internal|Default.MOD	DEFINE:AncestryBonusLang_Gnomish|0	
CATEGORY=Internal|Default.MOD	DEFINE:AncestryBonusLang_Goblin|0	
CATEGORY=Internal|Default.MOD	DEFINE:AncestryBonusLang_Halfling|0	
CATEGORY=Internal|Default.MOD	DEFINE:AncestryBonusLang_Jotun|0	
CATEGORY=Internal|Default.MOD	DEFINE:AncestryBonusLang_Orcish|0	
CATEGORY=Internal|Default.MOD	DEFINE:AncestryBonusLang_Sylvan|0	
CATEGORY=Internal|Default.MOD	DEFINE:AncestryBonusLang_Undercommon|0
CATEGORY=Internal|Default.MOD	DEFINE:AncestryBonusLang_Abyssal|0	
CATEGORY=Internal|Default.MOD	DEFINE:AncestryBonusLang_Aklo|0		
CATEGORY=Internal|Default.MOD	DEFINE:AncestryBonusLang_Aquan|0	
CATEGORY=Internal|Default.MOD	DEFINE:AncestryBonusLang_Auran|0	
CATEGORY=Internal|Default.MOD	DEFINE:AncestryBonusLang_Celestial|0	
CATEGORY=Internal|Default.MOD	DEFINE:AncestryBonusLang_Gnoll|0	
CATEGORY=Internal|Default.MOD	DEFINE:AncestryBonusLang_Ignan|0	
CATEGORY=Internal|Default.MOD	DEFINE:AncestryBonusLang_Infernal|0	
CATEGORY=Internal|Default.MOD	DEFINE:AncestryBonusLang_Necril|0	
CATEGORY=Internal|Default.MOD	DEFINE:AncestryBonusLang_Shadowtongue|0
CATEGORY=Internal|Default.MOD	DEFINE:AncestryBonusLang_Terran|0	
CATEGORY=Internal|Default.MOD	DEFINE:AncestryBonusLang_Hallit|0	
CATEGORY=Internal|Default.MOD	DEFINE:AncestryBonusLang_Kelish|0	
CATEGORY=Internal|Default.MOD	DEFINE:AncestryBonusLang_Mwangi|0	
CATEGORY=Internal|Default.MOD	DEFINE:AncestryBonusLang_Osiriani|0	
CATEGORY=Internal|Default.MOD	DEFINE:AncestryBonusLang_Shoanti|0	
CATEGORY=Internal|Default.MOD	DEFINE:AncestryBonusLang_Skald|0	
CATEGORY=Internal|Default.MOD	DEFINE:AncestryBonusLang_Tien|0		
CATEGORY=Internal|Default.MOD	DEFINE:AncestryBonusLang_Varisian|0	
CATEGORY=Internal|Default.MOD	DEFINE:AncestryBonusLang_Vudrani|0	

CATEGORY=Internal|Default.MOD	DEFINE:SignatureSkill_Acrobatics|0		
CATEGORY=Internal|Default.MOD	DEFINE:SignatureSkill_Arcana|0		
CATEGORY=Internal|Default.MOD	DEFINE:SignatureSkill_Athletics|0		
CATEGORY=Internal|Default.MOD	DEFINE:SignatureSkill_Crafting|0		
CATEGORY=Internal|Default.MOD	DEFINE:SignatureSkill_Deception|0		
CATEGORY=Internal|Default.MOD	DEFINE:SignatureSkill_Diplomacy|0		
CATEGORY=Internal|Default.MOD	DEFINE:SignatureSkill_Intimidation|0	
CATEGORY=Internal|Default.MOD	DEFINE:SignatureSkill_Lore|0			
CATEGORY=Internal|Default.MOD	DEFINE:SignatureSkill_Medicine|0		
CATEGORY=Internal|Default.MOD	DEFINE:SignatureSkill_Nature|0		
CATEGORY=Internal|Default.MOD	DEFINE:SignatureSkill_Occultism|0		
CATEGORY=Internal|Default.MOD	DEFINE:SignatureSkill_Performance|0		
CATEGORY=Internal|Default.MOD	DEFINE:SignatureSkill_Religion|0		
CATEGORY=Internal|Default.MOD	DEFINE:SignatureSkill_Society|0		
CATEGORY=Internal|Default.MOD	DEFINE:SignatureSkill_Stealth|0		
CATEGORY=Internal|Default.MOD	DEFINE:SignatureSkill_Survival|0		
CATEGORY=Internal|Default.MOD	DEFINE:SignatureSkill_Thievery|0		

CATEGORY=Internal|Default.MOD	DEFINE:ToHit_GroupBrawling|0	
CATEGORY=Internal|Default.MOD	DEFINE:ToHit_GroupClub|0	
CATEGORY=Internal|Default.MOD	DEFINE:ToHit_GroupKnife|0	
CATEGORY=Internal|Default.MOD	DEFINE:ToHit_GroupSpear|0	
CATEGORY=Internal|Default.MOD	DEFINE:ToHit_GroupSword|0	
CATEGORY=Internal|Default.MOD	DEFINE:ToHit_GroupAxe|0		
CATEGORY=Internal|Default.MOD	DEFINE:ToHit_GroupFlail|0	
CATEGORY=Internal|Default.MOD	DEFINE:ToHit_GroupPolearm|0	
CATEGORY=Internal|Default.MOD	DEFINE:ToHit_GroupPick|0	
CATEGORY=Internal|Default.MOD	DEFINE:ToHit_GroupShield|0	
CATEGORY=Internal|Default.MOD	DEFINE:ToHit_GroupHammer|0	
CATEGORY=Internal|Default.MOD	DEFINE:ToHit_GroupDart|0	
CATEGORY=Internal|Default.MOD	DEFINE:ToHit_GroupBow|0		
CATEGORY=Internal|Default.MOD	DEFINE:ToHit_GroupSling|0	
CATEGORY=Internal|Default.MOD	DEFINE:ToHit_UnarmedStrike|0
CATEGORY=Internal|Default.MOD	DEFINE:ToHit_Club|0
CATEGORY=Internal|Default.MOD	DEFINE:ToHit_LightMace|0
CATEGORY=Internal|Default.MOD	DEFINE:ToHit_Mace|0
CATEGORY=Internal|Default.MOD	DEFINE:ToHit_Morningstar|0
CATEGORY=Internal|Default.MOD	DEFINE:ToHit_Staff|0
CATEGORY=Internal|Default.MOD	DEFINE:ToHit_BoStaff|0
CATEGORY=Internal|Default.MOD	DEFINE:ToHit_Greatclub|0
CATEGORY=Internal|Default.MOD	DEFINE:ToHit_Sap|0
CATEGORY=Internal|Default.MOD	DEFINE:ToHit_Nunchaku|0
CATEGORY=Internal|Default.MOD	DEFINE:ToHit_Dagger|0
CATEGORY=Internal|Default.MOD	DEFINE:ToHit_Sickle|0
CATEGORY=Internal|Default.MOD	DEFINE:ToHit_Mainguache|0
CATEGORY=Internal|Default.MOD	DEFINE:ToHit_Starknife|0
CATEGORY=Internal|Default.MOD	DEFINE:ToHit_Clandagger|0
CATEGORY=Internal|Default.MOD	DEFINE:ToHit_Katar|0
CATEGORY=Internal|Default.MOD	DEFINE:ToHit_Kama|0
CATEGORY=Internal|Default.MOD	DEFINE:ToHit_Kukri|0
CATEGORY=Internal|Default.MOD	DEFINE:ToHit_Orcknuckledagger|0
CATEGORY=Internal|Default.MOD	DEFINE:ToHit_Sai|0
CATEGORY=Internal|Default.MOD	DEFINE:ToHit_Orcnecksplitter|0
CATEGORY=Internal|Default.MOD	DEFINE:ToHit_Longspear|0
CATEGORY=Internal|Default.MOD	DEFINE:ToHit_Spear|0
CATEGORY=Internal|Default.MOD	DEFINE:ToHit_Lance|0
CATEGORY=Internal|Default.MOD	DEFINE:ToHit_Trident|0
CATEGORY=Internal|Default.MOD	DEFINE:ToHit_Filchersfork|0
CATEGORY=Internal|Default.MOD	DEFINE:ToHit_Bastardsword|0
CATEGORY=Internal|Default.MOD	DEFINE:ToHit_Falchion|0
CATEGORY=Internal|Default.MOD	DEFINE:ToHit_Greatsword|0
CATEGORY=Internal|Default.MOD	DEFINE:ToHit_Longsword|0
CATEGORY=Internal|Default.MOD	DEFINE:ToHit_Rapier|0
CATEGORY=Internal|Default.MOD	DEFINE:ToHit_Scimitar|0
CATEGORY=Internal|Default.MOD	DEFINE:ToHit_Shortsword|0
CATEGORY=Internal|Default.MOD	DEFINE:ToHit_Dogslicer|0
CATEGORY=Internal|Default.MOD	DEFINE:ToHit_Elvencurveblade|0
CATEGORY=Internal|Default.MOD	DEFINE:ToHit_Katana|0
CATEGORY=Internal|Default.MOD	DEFINE:ToHit_Templesword|0
CATEGORY=Internal|Default.MOD	DEFINE:ToHit_Sawtoothsabre|0
CATEGORY=Internal|Default.MOD	DEFINE:ToHit_Battleaxe|0
CATEGORY=Internal|Default.MOD	DEFINE:ToHit_Greataxe|0
CATEGORY=Internal|Default.MOD	DEFINE:ToHit_Hatchet|0
CATEGORY=Internal|Default.MOD	DEFINE:ToHit_Dwarvenwaraxe|0
CATEGORY=Internal|Default.MOD	DEFINE:ToHit_Flail|0
CATEGORY=Internal|Default.MOD	DEFINE:ToHit_Warflail|0
CATEGORY=Internal|Default.MOD	DEFINE:ToHit_Whip|0
CATEGORY=Internal|Default.MOD	DEFINE:ToHit_Spikedchain|0
CATEGORY=Internal|Default.MOD	DEFINE:ToHit_Gnomeflickmace|0
CATEGORY=Internal|Default.MOD	DEFINE:ToHit_Glaive|0
CATEGORY=Internal|Default.MOD	DEFINE:ToHit_Guisarme|0
CATEGORY=Internal|Default.MOD	DEFINE:ToHit_Halberd|0
CATEGORY=Internal|Default.MOD	DEFINE:ToHit_Ranseur|0
CATEGORY=Internal|Default.MOD	DEFINE:ToHit_Scythe|0
CATEGORY=Internal|Default.MOD	DEFINE:ToHit_Horsechopper|0
CATEGORY=Internal|Default.MOD	DEFINE:ToHit_Greatpick|0
CATEGORY=Internal|Default.MOD	DEFINE:ToHit_Lighthammer|0
CATEGORY=Internal|Default.MOD	DEFINE:ToHit_Lightpick|0
CATEGORY=Internal|Default.MOD	DEFINE:ToHit_Pick|0
CATEGORY=Internal|Default.MOD	DEFINE:ToHit_HeavyShield|0
CATEGORY=Internal|Default.MOD	DEFINE:ToHit_LightShield|0
CATEGORY=Internal|Default.MOD	DEFINE:ToHit_Maul|0
CATEGORY=Internal|Default.MOD	DEFINE:ToHit_Warhammer|0
CATEGORY=Internal|Default.MOD	DEFINE:ToHit_Gnomehookedhammer|0
CATEGORY=Internal|Default.MOD	DEFINE:ToHit_Blowgun|0
CATEGORY=Internal|Default.MOD	DEFINE:ToHit_Dart|0
CATEGORY=Internal|Default.MOD	DEFINE:ToHit_Javelin|0
CATEGORY=Internal|Default.MOD	DEFINE:ToHit_Shuriken|0
CATEGORY=Internal|Default.MOD	DEFINE:ToHit_Crossbow|0
CATEGORY=Internal|Default.MOD	DEFINE:ToHit_Handcrossbow|0
CATEGORY=Internal|Default.MOD	DEFINE:ToHit_Heavycrossbow|0
CATEGORY=Internal|Default.MOD	DEFINE:ToHit_Compositelongbow|0
CATEGORY=Internal|Default.MOD	DEFINE:ToHit_Compositeshortbow|0
CATEGORY=Internal|Default.MOD	DEFINE:ToHit_Longbow|0
CATEGORY=Internal|Default.MOD	DEFINE:ToHit_Shortbow|0
CATEGORY=Internal|Default.MOD	DEFINE:ToHit_Sling|0
CATEGORY=Internal|Default.MOD	DEFINE:ToHit_Halflingslingstaff|0


CATEGORY=Internal|Default.MOD	DEFINE:GainDeityLoreSkill|0