


# Acrobatics
Acrobatics  Balance (action)				SORTKEY:Acrobatics (Balance)			KEY:Acrobatics (Balance)			TYPE:Display.Acrobatics								CATEGORY:SKILL
Acrobatics  Escape (action)				SORTKEY:Acrobatics (Escape)			KEY:Acrobatics (Escape)				TYPE:Display.Acrobatics								CATEGORY:SKILL
Acrobatics  Grab Edge (reaction)			SORTKEY:Acrobatics (Grab Edge)		KEY:Acrobatics (Grab Edge)			TYPE:Display.Acrobatics								CATEGORY:SKILL
Acrobatics  Maintain Balance (free action)	SORTKEY:Acrobatics (Maintain Balance)	KEY:Acrobatics (Maintain Balance)		TYPE:Display.Acrobatics								CATEGORY:SKILL
Acrobatics  Squeeze (activity)			SORTKEY:Acrobatics (Squeeze)			KEY:Acrobatics (Squeeze)			TYPE:Display.Acrobatics								CATEGORY:SKILL
Acrobatics  Tumble Through (action)			SORTKEY:Acrobatics (Tumble Through)		KEY:Acrobatics (Tumble Through)		TYPE:Display.Acrobatics								CATEGORY:SKILL
Acrobatics  Maneuver in Flight (action)		SORTKEY:Acrobatics (Maneuver in Flight)	KEY:Acrobatics (Maneuver in Flight)		TYPE:Display.Acrobatics	PRECSKILL:1,Acrobatics				CATEGORY:SKILL
Arcana  Recall Knowledge (action)			SORTKEY:Arcana (Recall Knowledge)		KEY:Arcana (Recall Knowledge)			TYPE:Display.Arcana									CATEGORY:SKILL
Arcana  Borrow an Arcane Spell (activity)		SORTKEY:Arcana (Borrow an Arcane Spell)	KEY:Arcana (Borrow an Arcane Spell)		TYPE:Display.Arcana		PRECSKILL:1,Arcana				CATEGORY:SKILL
Arcana  Identify Magic (activity)			SORTKEY:Arcana (Identify Magic)		KEY:Arcana (Identify Magic)			TYPE:Display.Arcana		PRECSKILL:1,Arcana				CATEGORY:SKILL
Arcana  Learn an Arcane Spell (activity)		SORTKEY:Arcana (Learn an Arcane Spell)	KEY:Arcana (Learn an Arcane Spell)		TYPE:Display.Arcana		PRECSKILL:1,Arcana				CATEGORY:SKILL
Arcana  Read Magic (activity)				SORTKEY:Arcana (Read Magic)			KEY:Arcana (Read Magic)				TYPE:Display.Arcana		PRECSKILL:1,Arcana				CATEGORY:SKILL
Athletics  Break Grapple (action)			SORTKEY:Athletics (Break Grapple)		KEY:Athletics (Break Grapple)			TYPE:Display.Athletics								CATEGORY:SKILL
Athletics  Break Open (action)			SORTKEY:Athletics (Break Open)		KEY:Athletics (Break Open)			TYPE:Display.Athletics								CATEGORY:SKILL
Athletics  Climb (action)				SORTKEY:Athletics (Climb)			KEY:Athletics (Climb)				TYPE:Display.Athletics								CATEGORY:SKILL
Athletics  Grapple (action)				SORTKEY:Athletics (Grapple)			KEY:Athletics (Grapple)				TYPE:Display.Athletics								CATEGORY:SKILL
Athletics  High Jump (activity)			SORTKEY:Athletics (High Jump)			KEY:Athletics (High Jump)			TYPE:Display.Athletics								CATEGORY:SKILL
Athletics  Long Jump (activity)			SORTKEY:Athletics (Long Jump)			KEY:Athletics (Long Jump)			TYPE:Display.Athletics								CATEGORY:SKILL
Athletics  Shove (action)				SORTKEY:Athletics (Shove)			KEY:Athletics (Shove)				TYPE:Display.Athletics								CATEGORY:SKILL
Athletics  Swim (action)				SORTKEY:Athletics (Swim)			KEY:Athletics (Swim)				TYPE:Display.Athletics								CATEGORY:SKILL
Athletics  Trip (action)				SORTKEY:Athletics (Trip)			KEY:Athletics (Trip)				TYPE:Display.Athletics								CATEGORY:SKILL
Athletics  Disarm (action)				SORTKEY:Athletics (Disarm)			KEY:Athletics (Disarm)				TYPE:Display.Athletics	PRECSKILL:1,Athletics				CATEGORY:SKILL
Crafting  Repair (activity)				SORTKEY:Crafting (Repair)			KEY:Crafting (Repair)				TYPE:Display.Crafting								CATEGORY:SKILL
Crafting  Craft (activity)				SORTKEY:Crafting (Craft)			KEY:Crafting (Craft)				TYPE:Display.Crafting	PRECSKILL:1,Crafting				CATEGORY:SKILL
Crafting  Identify Alchemy (activity)		SORTKEY:Crafting (Identify Alchemy)		KEY:Crafting (Identify Alchemy)		TYPE:Display.Crafting	PRECSKILL:1,Crafting				CATEGORY:SKILL
Deception  Create a Diversion (action)		SORTKEY:Deception (Create a Diversion)	KEY:Deception (Create a Diversion)		TYPE:Display.Deception								CATEGORY:SKILL
Deception  Impersonate (activity)			SORTKEY:Deception (Impersonate)		KEY:Deception (Impersonate)			TYPE:Display.Deception								CATEGORY:SKILL
Deception  Lie (activity)				SORTKEY:Deception (Lie)				KEY:Deception (Lie)				TYPE:Display.Deception								CATEGORY:SKILL
Deception  Feint (action)				SORTKEY:Deception (Feint)			KEY:Deception (Feint)				TYPE:Display.Deception	PRECSKILL:1,Deception				CATEGORY:SKILL
Diplomacy  Gather Information (activity)		SORTKEY:Diplomacy (Gather Information)	KEY:Diplomacy (Gather Information)		TYPE:Display.Diplomacy								CATEGORY:SKILL
Diplomacy  Make an Impression (activity)		SORTKEY:Diplomacy (Make an Impression)	KEY:Diplomacy (Make an Impression)		TYPE:Display.Diplomacy								CATEGORY:SKILL
Diplomacy  Request (action)				SORTKEY:Diplomacy (Request)			KEY:Diplomacy (Request)				TYPE:Display.Diplomacy								CATEGORY:SKILL
Intimidation  Demoralize (action)			SORTKEY:Intimidation (Demoralize)		KEY:Intimidation (Demoralize)			TYPE:Display.Intimidation								CATEGORY:SKILL
Intimidation  Coerce (activity)			SORTKEY:Intimidation (Coerce)			KEY:Intimidation (Coerce)			TYPE:Display.Intimidation								CATEGORY:SKILL
Lore  Recall Knowledge (action)			SORTKEY:Lore (Recall Knowledge)		KEY:Lore (Recall Knowledge)			TYPE:Display.Lore									CATEGORY:SKILL
Lore  Practice a Trade (activity)			SORTKEY:Lore (Practice a Trade)		KEY:Lore (Practice a Trade)			TYPE:Display.Lore		PRECSKILL:1,Lore					CATEGORY:SKILL
Medicine  Administer First Aid (action)		SORTKEY:Medicine (Administer First Aid)	KEY:Medicine (Administer First Aid)		TYPE:Display.Medicine								CATEGORY:SKILL
Medicine  Treat Disease (activity)			SORTKEY:Medicine (Treat Disease)		KEY:Medicine (Treat Disease)			TYPE:Display.Medicine	PRECSKILL:1,Medicine				CATEGORY:SKILL
Medicine  Treat Poison (action)			SORTKEY:Medicine (Treat Poison)		KEY:Medicine (Treat Poison)			TYPE:Display.Medicine	PRECSKILL:1,Medicine				CATEGORY:SKILL
Nature  Command an Animal (action)			SORTKEY:Nature (Command an Animal)		KEY:Nature (Command an Animal)		TYPE:Display.Nature									CATEGORY:SKILL
Nature  Handle an Animal (action)			SORTKEY:Nature (Handle an Animal)		KEY:Nature (Handle an Animal)			TYPE:Display.Nature									CATEGORY:SKILL
Nature  Recall Knowledge (action)			SORTKEY:Nature (Recall Knowledge)		KEY:Nature (Recall Knowledge)			TYPE:Display.Nature									CATEGORY:SKILL
Nature  Identify Magic (activity)			SORTKEY:Nature (Identify Magic)		KEY:Nature (Identify Magic)			TYPE:Display.Nature		PRECSKILL:1,Nature				CATEGORY:SKILL
Nature  Learn a Primal Spell (activity)		SORTKEY:Nature (Learn a Primal Spell)	KEY:Nature (Learn a Primal Spell)		TYPE:Display.Nature		PRECSKILL:1,Nature				CATEGORY:SKILL
Occultism  Recall Knowledge (action)		SORTKEY:Occultism (Recall Knowledge)	KEY:Occultism (Recall Knowledge)		TYPE:Display.Occultism								CATEGORY:SKILL
Occultism  Identify Magic (activity)		SORTKEY:Occultism (Identify Magic)		KEY:Occultism (Identify Magic)		TYPE:Display.Occultism	PRECSKILL:1,Occultism				CATEGORY:SKILL
Occultism  Learn an Occult Spell (activity)	SORTKEY:Occultism (Learn an Occult Spell)	KEY:Occultism (Learn an Occult Spell)	TYPE:Display.Occultism	PRECSKILL:1,Occultism				CATEGORY:SKILL
Occultism  Read Esoterica (activity)		SORTKEY:Occultism (Read Esoterica)		KEY:Occultism (Read Esoterica)		TYPE:Display.Occultism	PRECSKILL:1,Occultism				CATEGORY:SKILL
Performance  Perform (action)				SORTKEY:Performance (Perform)			KEY:Performance (Perform)			TYPE:Display.Performance								CATEGORY:SKILL
Performance  Stage a Performance (activity)	SORTKEY:Performance (Stage a Performance)	KEY:Performance (Stage a Performance)	TYPE:Display.Performance	PRECSKILL:1,Performance				CATEGORY:SKILL
Religion  Recall Knowledge (action)			SORTKEY:Religion (Recall Knowledge)		KEY:Religion (Recall Knowledge)		TYPE:Display.Religion								CATEGORY:SKILL
Religion  Identify Magic (activity)			SORTKEY:Religion (Identify Magic)		KEY:Religion (Identify Magic)			TYPE:Display.Religion	PRECSKILL:1,Religion				CATEGORY:SKILL
Religion  Learn a Divine Spell (activity)		SORTKEY:Religion (Learn a Divine Spell)	KEY:Religion (Learn a Divine Spell)		TYPE:Display.Religion	PRECSKILL:1,Religion				CATEGORY:SKILL
Religion  Read Scripture (activity)			SORTKEY:Religion (Read Scripture)		KEY:Religion (Read Scripture)			TYPE:Display.Religion	PRECSKILL:1,Religion				CATEGORY:SKILL
Society  Recall Knowledge (action)			SORTKEY:Society (Recall Knowledge)		KEY:Society (Recall Knowledge)		TYPE:Display.Society								CATEGORY:SKILL
Society  Subsist on the Streets (activity)	SORTKEY:Society (Subsist on the Streets)	KEY:Society (Subsist on the Streets)	TYPE:Display.Society								CATEGORY:SKILL
Society  Create Forgery (activity)			SORTKEY:Society (Create Forgery)		KEY:Society (Create Forgery)			TYPE:Display.Society	PRECSKILL:1,Society				CATEGORY:SKILL
Society  Decipher Writing (activity)		SORTKEY:Society (Decipher Writing)		KEY:Society (Decipher Writing)		TYPE:Display.Society	PRECSKILL:1,Society				CATEGORY:SKILL
Stealth  Conceal an Object (action)			SORTKEY:Stealth (Conceal an Object)		KEY:Stealth (Conceal an Object)		TYPE:Display.Stealth								CATEGORY:SKILL
Stealth  Hide (action)					SORTKEY:Stealth (Hide)				KEY:Stealth (Hide)				TYPE:Display.Stealth								CATEGORY:SKILL
Stealth  Sneak (action)					SORTKEY:Stealth (Sneak)				KEY:Stealth (Sneak)				TYPE:Display.Stealth								CATEGORY:SKILL
Survival  Sense Direction (activity)		SORTKEY:Survival (Sense Direction)		KEY:Survival (Sense Direction)		TYPE:Display.Survival								CATEGORY:SKILL
Survival  Survive in the Wild (activity)		SORTKEY:Survival (Survive in the Wild)	KEY:Survival (Survive in the Wild)		TYPE:Display.Survival								CATEGORY:SKILL
Survival  Cover Tracks (action)			SORTKEY:Survival (Cover Tracks)		KEY:Survival (Cover Tracks)			TYPE:Display.Survival	PRECSKILL:1,Survival				CATEGORY:SKILL
Survival  Track (action)				SORTKEY:Survival (Track)			KEY:Survival (Track)				TYPE:Display.Survival	PRECSKILL:1,Survival				CATEGORY:SKILL
Thievery  Palm an Object (action)			SORTKEY:Thievery (Palm an Object)		KEY:Thievery (Palm an Object)			TYPE:Display.Thievery								CATEGORY:SKILL
Thievery  Steal an Object (action)			SORTKEY:Thievery (Steal an Object)		KEY:Thievery (Steal an Object)		TYPE:Display.Thievery								CATEGORY:SKILL
Thievery  Disable a Device (action)			SORTKEY:Thievery (Disable a Device)		KEY:Thievery (Disable a Device)		TYPE:Display.Thievery	PRECSKILL:1,Thievery				CATEGORY:SKILL
Thievery  Pick a Lock (action)			SORTKEY:Thievery (Pick a Lock)		KEY:Thievery (Pick a Lock)			TYPE:Display.Thievery	PRECSKILL:1,Thievery				CATEGORY:SKILL
