# Sat Sep 21 13:31:46 2019 -- reformatted by PCGen TidyLst v1.04.00



# Domain Name	Ability																									Description
Ambition		ABILITY:Special Ability|AUTOMATIC|Domain Power ~ Blind ambition	ABILITY:Special Ability|AUTOMATIC|Advanced Domain Power ~ Competitive edge			DESC:You strive to keep up with and outpace the competition.
Air			ABILITY:Special Ability|AUTOMATIC|Domain Power ~ Pushing gust	ABILITY:Special Ability|AUTOMATIC|Advanced Domain Power ~ Walk on air				DESC:You can control winds and the weather.
Cities		ABILITY:Special Ability|AUTOMATIC|Domain Power ~ Face in the crowd	ABILITY:Special Ability|AUTOMATIC|Advanced Domain Power ~ Watching the watchers	DESC:You have powers over urban environments and denizens.
Confidence		ABILITY:Special Ability|AUTOMATIC|Domain Power ~ Veil of confidence	ABILITY:Special Ability|AUTOMATIC|Advanced Domain Power ~ Delusional pride		DESC:You overcome your fear and project pride.
Creation		ABILITY:Special Ability|AUTOMATIC|Domain Power ~ Fabricate	ABILITY:Special Ability|AUTOMATIC|Advanced Domain Power ~ Artistic flourish				DESC:You have divine abilities related to crafting and art.
Darkness		ABILITY:Special Ability|AUTOMATIC|Domain Power ~ Touch of shadows	ABILITY:Special Ability|AUTOMATIC|Advanced Domain Power ~ Darkened eyes				DESC:You operate in the darkness and take away the light.
Death			ABILITY:Special Ability|AUTOMATIC|Domain Power ~ Undead's bane	ABILITY:Special Ability|AUTOMATIC|Advanced Domain Power ~ Death's call				DESC:You have the power to end lives and destroy undead.
Destruction		ABILITY:Special Ability|AUTOMATIC|Domain Power ~ Destructive cry	ABILITY:Special Ability|AUTOMATIC|Advanced Domain Power ~ Destructive aura			DESC:You become a conduit for divine devastation.
Dreams		ABILITY:Special Ability|AUTOMATIC|Domain Power ~ Sweet dreams	ABILITY:Special Ability|AUTOMATIC|Advanced Domain Power ~ Dreaming potential			DESC:You have the power to enter and manipulate dreams.
Earth			ABILITY:Special Ability|AUTOMATIC|Domain Power ~ Hurtling stone	ABILITY:Special Ability|AUTOMATIC|Advanced Domain Power ~ Localized quake			DESC:You control soil and stone.
Family		ABILITY:Special Ability|AUTOMATIC|Domain Power ~ Soothing words	ABILITY:Special Ability|AUTOMATIC|Advanced Domain Power ~ Unity					DESC:You can aid and protect your family and community more effectively.
Fate			ABILITY:Special Ability|AUTOMATIC|Domain Power ~ Read fate	ABILITY:Special Ability|AUTOMATIC|Advanced Domain Power ~ Tempt fate					DESC:You see and understand hidden inevitabilities.
Fire			ABILITY:Special Ability|AUTOMATIC|Domain Power ~ Fire ray	ABILITY:Special Ability|AUTOMATIC|Advanced Domain Power ~ Flame barrier					DESC:You control flame.
Freedom		ABILITY:Special Ability|AUTOMATIC|Domain Power ~ Unimpeded stride	ABILITY:Special Ability|AUTOMATIC|Advanced Domain Power ~ Word of freedom			DESC:You can liberate yourself and others from shackles and constraints.
Healing		ABILITY:Special Ability|AUTOMATIC|Domain Power ~ Healer's blessing	ABILITY:Special Ability|AUTOMATIC|Advanced Domain Power ~ Healing font			DESC:Your healing magic is particularly potent.
Indulgence		ABILITY:Special Ability|AUTOMATIC|Domain Power ~ Enhance victuals	ABILITY:Special Ability|AUTOMATIC|Advanced Domain Power ~ Take its course			DESC:You feast mightily and can shake off the effects of overindulging.
Knowledge		ABILITY:Special Ability|AUTOMATIC|Domain Power ~ Lorekeeper's fortune	ABILITY:Special Ability|AUTOMATIC|Advanced Domain Power ~ Know the enemy		DESC:You receive divine insights.
Light			ABILITY:Special Ability|AUTOMATIC|Domain Power ~ Undead's bane	ABILITY:Special Ability|AUTOMATIC|Advanced Domain Power ~ Dazzling flash			DESC:You harness the power of the sun and other light sources and punish undead.
Luck			ABILITY:Special Ability|AUTOMATIC|Domain Power ~ Bit of luck	ABILITY:Special Ability|AUTOMATIC|Advanced Domain Power ~ Lucky break				DESC:You're unnaturally lucky and keep out of harm's way.
Magic			ABILITY:Special Ability|AUTOMATIC|Domain Power ~ Divine vessel	ABILITY:Special Ability|AUTOMATIC|Advanced Domain Power ~ Mystic beacon				DESC:You perform the unexpected and inexplicable.
Might			ABILITY:Special Ability|AUTOMATIC|Domain Power ~ Athletic exploit	ABILITY:Special Ability|AUTOMATIC|Advanced Domain Power ~ Enduring strength			DESC:Your physical power is bolstered by divine strength.
Moon			ABILITY:Special Ability|AUTOMATIC|Domain Power ~ Moonlight glow	ABILITY:Special Ability|AUTOMATIC|Advanced Domain Power ~ Moonbeam				DESC:You command powers associated with the moon.
Nature		ABILITY:Special Ability|AUTOMATIC|Domain Power ~ Skin of thorns	ABILITY:Special Ability|AUTOMATIC|Advanced Domain Power ~ Nature's bounty			DESC:You hold power over animals and plants.
Nightmares		ABILITY:Special Ability|AUTOMATIC|Domain Power ~ Waking nightmare	ABILITY:Special Ability|AUTOMATIC|Advanced Domain Power ~ Echoing nightmares			DESC:You fill minds with horror and dread.
Pain			ABILITY:Special Ability|AUTOMATIC|Domain Power ~ Savor the sting	ABILITY:Special Ability|AUTOMATIC|Advanced Domain Power ~ Retributive pain			DESC:You punish those who displease you with the sharp sting of pain.
Passion		ABILITY:Special Ability|AUTOMATIC|Domain Power ~ Charming touch	ABILITY:Special Ability|AUTOMATIC|Advanced Domain Power ~ Captivating adoration		DESC:You can evoke passion, whether as love or lust.
Perfection		ABILITY:Special Ability|AUTOMATIC|Domain Power ~ Perfected mind	ABILITY:Special Ability|AUTOMATIC|Advanced Domain Power ~ Perfected form			DESC:You strive to perfect your mind, body, and spirit.
Protection		ABILITY:Special Ability|AUTOMATIC|Domain Power ~ Divine ward	ABILITY:Special Ability|AUTOMATIC|Advanced Domain Power ~ Protective aura			DESC:You hold the power to ward yourself and others.
Secrecy		ABILITY:Special Ability|AUTOMATIC|Domain Power ~ Forced quiet	ABILITY:Special Ability|AUTOMATIC|Advanced Domain Power ~ Safeguard secret			DESC:You protect secrets and keep them hidden.
Travel		ABILITY:Special Ability|AUTOMATIC|Domain Power ~ Agile feet	ABILITY:Special Ability|AUTOMATIC|Advanced Domain Power ~ Wanderer's guide				DESC:You have power over movement and journeys.
Trickery		ABILITY:Special Ability|AUTOMATIC|Domain Power ~ Sudden shift	ABILITY:Special Ability|AUTOMATIC|Advanced Domain Power ~ Master's illusion			DESC:You delight in deceiving others and causing mischief.
Truth			ABILITY:Special Ability|AUTOMATIC|Domain Power ~ Word of truth	ABILITY:Special Ability|AUTOMATIC|Advanced Domain Power ~ Glimpse the truth			DESC:You can pierce lies and discover the truth.
Tyranny		ABILITY:Special Ability|AUTOMATIC|Domain Power ~ Touch of obedience	ABILITY:Special Ability|AUTOMATIC|Advanced Domain Power ~ Commanding lash		DESC:You wield power to rule and enslave others.
Undeath		ABILITY:Special Ability|AUTOMATIC|Domain Power ~ Unlife's blessing	ABILITY:Special Ability|AUTOMATIC|Advanced Domain Power ~ Touch of undeath		DESC:Your magic carries close ties to the undead.
Water			ABILITY:Special Ability|AUTOMATIC|Domain Power ~ Tidal surge	ABILITY:Special Ability|AUTOMATIC|Advanced Domain Power ~ Downpour				DESC:You control water and bodies of water.
Wealth		ABILITY:Special Ability|AUTOMATIC|Domain Power ~ Acquisitive's fortune	ABILITY:Special Ability|AUTOMATIC|Advanced Domain Power ~ Money talks			DESC:You hold power over wealth, trade, and treasure.
Zeal			ABILITY:Special Ability|AUTOMATIC|Domain Power ~ Weapon surge	ABILITY:Special Ability|AUTOMATIC|Advanced Domain Power ~ Prepare for battle			DESC:Your inner fire increases your combat prowess.
