# Mon Oct 28 08:06:48 2019 -- reformatted by PCGen TidyLst v1.04.00
# Equipment Name			Weapon prop. bonus
Club.MOD				BONUS:WEAPON|TOHIT|Prof_WeaponToHit_Club
Dagger.MOD				BONUS:WEAPON|TOHIT|Prof_WeaponToHit_Dagger
Fist.MOD				BONUS:WEAPON|TOHIT|Prof_WeaponToHit_Fist
Gauntlet.MOD			BONUS:WEAPON|TOHIT|Prof_WeaponToHit_Gauntlet
Light Mace.MOD			BONUS:WEAPON|TOHIT|Prof_WeaponToHit_LightMace
Longspear.MOD			BONUS:WEAPON|TOHIT|Prof_WeaponToHit_Longspear
Mace.MOD				BONUS:WEAPON|TOHIT|Prof_WeaponToHit_Mace
Morningstar.MOD			BONUS:WEAPON|TOHIT|Prof_WeaponToHit_Morningstar
Sickle.MOD				BONUS:WEAPON|TOHIT|Prof_WeaponToHit_Sickle
Spear.MOD				BONUS:WEAPON|TOHIT|Prof_WeaponToHit_Spear
Spiked gauntlet.MOD		BONUS:WEAPON|TOHIT|Prof_WeaponToHit_Spikedgauntlet
Staff.MOD				BONUS:WEAPON|TOHIT|Prof_WeaponToHit_Staff
Bastard sword.MOD			BONUS:WEAPON|TOHIT|Prof_WeaponToHit_Bastardsword
Battle axe.MOD			BONUS:WEAPON|TOHIT|Prof_WeaponToHit_Battleaxe
Bo staff.MOD			BONUS:WEAPON|TOHIT|Prof_WeaponToHit_Bostaff
Falchion.MOD			BONUS:WEAPON|TOHIT|Prof_WeaponToHit_Falchion
Flail.MOD				BONUS:WEAPON|TOHIT|Prof_WeaponToHit_Flail
Glaive.MOD				BONUS:WEAPON|TOHIT|Prof_WeaponToHit_Glaive
Greataxe.MOD			BONUS:WEAPON|TOHIT|Prof_WeaponToHit_Greataxe
Greatclub.MOD			BONUS:WEAPON|TOHIT|Prof_WeaponToHit_Greatclub
Greatpick.MOD			BONUS:WEAPON|TOHIT|Prof_WeaponToHit_Greatpick
Greatsword.MOD			BONUS:WEAPON|TOHIT|Prof_WeaponToHit_Greatsword
Guisarme.MOD			BONUS:WEAPON|TOHIT|Prof_WeaponToHit_Guisarme
Halberd.MOD				BONUS:WEAPON|TOHIT|Prof_WeaponToHit_Halberd
Hatchet.MOD				BONUS:WEAPON|TOHIT|Prof_WeaponToHit_Hatchet
Shield bash.MOD			BONUS:WEAPON|TOHIT|Prof_WeaponToHit_HeavyShieldBash
Shield boss.MOD			BONUS:WEAPON|TOHIT|Prof_WeaponToHit_Heavyshieldboss
Shield spikes.MOD			BONUS:WEAPON|TOHIT|Prof_WeaponToHit_Heavyshieldspikes
Lance.MOD				BONUS:WEAPON|TOHIT|Prof_WeaponToHit_Lance
Light hammer.MOD			BONUS:WEAPON|TOHIT|Prof_WeaponToHit_Lighthammer
Light pick.MOD			BONUS:WEAPON|TOHIT|Prof_WeaponToHit_Lightpick
Longsword.MOD			BONUS:WEAPON|TOHIT|Prof_WeaponToHit_Longsword
Main-guache.MOD			BONUS:WEAPON|TOHIT|Prof_WeaponToHit_Mainguache
Maul.MOD				BONUS:WEAPON|TOHIT|Prof_WeaponToHit_Maul
Pick.MOD				BONUS:WEAPON|TOHIT|Prof_WeaponToHit_Pick
Ranseur.MOD				BONUS:WEAPON|TOHIT|Prof_WeaponToHit_Ranseur
Rapier.MOD				BONUS:WEAPON|TOHIT|Prof_WeaponToHit_Rapier
Sap.MOD				BONUS:WEAPON|TOHIT|Prof_WeaponToHit_Sap
Scimitar.MOD			BONUS:WEAPON|TOHIT|Prof_WeaponToHit_Scimitar
Scythe.MOD				BONUS:WEAPON|TOHIT|Prof_WeaponToHit_Scythe
Shortsword.MOD			BONUS:WEAPON|TOHIT|Prof_WeaponToHit_Shortsword
Starknife.MOD			BONUS:WEAPON|TOHIT|Prof_WeaponToHit_Starknife
Trident.MOD				BONUS:WEAPON|TOHIT|Prof_WeaponToHit_Trident
War flail.MOD			BONUS:WEAPON|TOHIT|Prof_WeaponToHit_Warflail
Warhammer.MOD			BONUS:WEAPON|TOHIT|Prof_WeaponToHit_Warhammer
Whip.MOD				BONUS:WEAPON|TOHIT|Prof_WeaponToHit_Whip
Blowgun.MOD				BONUS:WEAPON|TOHIT|Prof_WeaponToHit_Blowgun
Crossbow.MOD			BONUS:WEAPON|TOHIT|Prof_WeaponToHit_Crossbow
Dart.MOD				BONUS:WEAPON|TOHIT|Prof_WeaponToHit_Dart
Hand crossbow.MOD			BONUS:WEAPON|TOHIT|Prof_WeaponToHit_Handcrossbow
Heavy crossbow.MOD		BONUS:WEAPON|TOHIT|Prof_WeaponToHit_Heavycrossbow
Javelin.MOD				BONUS:WEAPON|TOHIT|Prof_WeaponToHit_Javelin
Sling.MOD				BONUS:WEAPON|TOHIT|Prof_WeaponToHit_Sling
Composite longbow.MOD		BONUS:WEAPON|TOHIT|Prof_WeaponToHit_Compositelongbow
Composite shortbow.MOD		BONUS:WEAPON|TOHIT|Prof_WeaponToHit_Compositeshortbow
Longbow.MOD				BONUS:WEAPON|TOHIT|Prof_WeaponToHit_Longbow
Shortbow.MOD			BONUS:WEAPON|TOHIT|Prof_WeaponToHit_Shortbow
Clan dagger.MOD			BONUS:WEAPON|TOHIT|Prof_WeaponToHit_Clandagger
Katar.MOD				BONUS:WEAPON|TOHIT|Prof_WeaponToHit_Katar
Dogslicer.MOD			BONUS:WEAPON|TOHIT|Prof_WeaponToHit_Dogslicer
Elven curve blade.MOD		BONUS:WEAPON|TOHIT|Prof_WeaponToHit_Elvencurveblade
Filcher's fork.MOD		BONUS:WEAPON|TOHIT|Prof_WeaponToHit_Filchersfork
Gnome hooked hammer.MOD		BONUS:WEAPON|TOHIT|Prof_WeaponToHit_Gnomehookedhammer
Horsechopper.MOD			BONUS:WEAPON|TOHIT|Prof_WeaponToHit_Horsechopper
Kama.MOD				BONUS:WEAPON|TOHIT|Prof_WeaponToHit_Kama
Katana.MOD				BONUS:WEAPON|TOHIT|Prof_WeaponToHit_Katana
Kukri.MOD				BONUS:WEAPON|TOHIT|Prof_WeaponToHit_Kukri
Nunchaku.MOD			BONUS:WEAPON|TOHIT|Prof_WeaponToHit_Nunchaku
Orc knuckle dagger.MOD		BONUS:WEAPON|TOHIT|Prof_WeaponToHit_Orcknuckledagger
Sai.MOD				BONUS:WEAPON|TOHIT|Prof_WeaponToHit_Sai
Spiked chain.MOD			BONUS:WEAPON|TOHIT|Prof_WeaponToHit_Spikedchain
Temple sword.MOD			BONUS:WEAPON|TOHIT|Prof_WeaponToHit_Templesword
Dwarven waraxe.MOD		BONUS:WEAPON|TOHIT|Prof_WeaponToHit_Dwarvenwaraxe
Gnome flickmace.MOD		BONUS:WEAPON|TOHIT|Prof_WeaponToHit_Gnomeflickmace
Orc necksplitter.MOD		BONUS:WEAPON|TOHIT|Prof_WeaponToHit_Orcnecksplitter
Sawtooth sabre.MOD		BONUS:WEAPON|TOHIT|Prof_WeaponToHit_Sawtoothsabre
Halfling sling staff.MOD	BONUS:WEAPON|TOHIT|Prof_WeaponToHit_Halflingslingstaff
Shuriken.MOD			BONUS:WEAPON|TOHIT|Prof_WeaponToHit_Shuriken
