#  Sun Aug  5 21:24:58 2018 -- reformated by PCGen PrettyLST v6.06.00
#Race Ability Boost



# Template Name				Visible	Auto Language				Bonus Languages
Automatic Languages ~ Dwarf		VISIBLE:NO	AUTO:LANG|Common|Dwarven	ABILITY:Language|AUTOMATIC|Common|Dwarven
Bonus Languages ~ Dwarf			VISIBLE:NO							LANGBONUS:Jotun,Gnomish,Goblin,Orcish,Terran,Undercommon	BONUS:VAR|AncestryBonusLang_Jotun,AncestryBonusLang_Gnomish,AncestryBonusLang_Goblin,AncestryBonusLang_Orcish,AncestryBonusLang_Terran,AncestryBonusLang_Undercommon|1

Automatic Languages ~ Elf		VISIBLE:NO	AUTO:LANG|Common|Elven	ABILITY:Language|AUTOMATIC|Common|Elven
Bonus Languages ~ Elf			VISIBLE:NO							LANGBONUS:Celestial,Draconic,Gnoll,Gnomish,Goblin,Orcish,Sylvan	BONUS:VAR|AncestryBonusLang_Celestial,AncestryBonusLang_Draconic,AncestryBonusLang_Gnoll,AncestryBonusLang_Gnomish,AncestryBonusLang_Goblin,AncestryBonusLang_Orcish,AncestryBonusLang_Sylvan|1

Automatic Languages ~ Gnome		VISIBLE:NO	AUTO:LANG|Common|Gnomish|Sylvan	ABILITY:Language|AUTOMATIC|Common|Gnomish|Sylvan
Bonus Languages ~ Gnome			VISIBLE:NO							LANGBONUS:Draconic,Dwarven,Elven,Goblin,Jotun,Orcish	BONUS:VAR|AncestryBonusLang_Draconic,AncestryBonusLang_Dwarven,AncestryBonusLang_Elven,AncestryBonusLang_Goblin,AncestryBonusLang_Jotun,AncestryBonusLang_Orcish|1

Automatic Languages ~ Goblin		VISIBLE:NO	AUTO:LANG|Common|Goblin	ABILITY:Language|AUTOMATIC|Common|Goblin
Bonus Languages ~ Goblin		VISIBLE:NO							LANGBONUS:Draconic,Dwarven,Gnoll,Gnomish,Halfling,Orcish	BONUS:VAR|AncestryBonusLang_Draconic,AncestryBonusLang_Dwarven,AncestryBonusLang_Gnoll,AncestryBonusLang_Gnomish,AncestryBonusLang_Halfling,AncestryBonusLang_Orcish|1

Automatic Languages ~ Halfling	VISIBLE:NO	AUTO:LANG|Common|Halfling	ABILITY:Language|AUTOMATIC|Common|Halfling
Bonus Languages ~ Halfling		VISIBLE:NO							LANGBONUS:Dwarven,Elven,Gnomish,Goblin	BONUS:VAR|AncestryBonusLang_Dwarven,AncestryBonusLang_Elven,AncestryBonusLang_Gnomish,AncestryBonusLang_Goblin|1

Automatic Languages ~ Human		VISIBLE:NO	AUTO:LANG|Common	ABILITY:Language|AUTOMATIC|Common
Bonus Languages ~ Human			VISIBLE:NO							LANGBONUS:TYPE=Common	BONUS:VAR|AncestryBonusLang_Common,AncestryBonusLang_Draconic,AncestryBonusLang_Dwarven,AncestryBonusLang_Elven,AncestryBonusLang_Gnomish,AncestryBonusLang_Goblin,AncestryBonusLang_Halfling,AncestryBonusLang_Jotun,AncestryBonusLang_Orcish,AncestryBonusLang_Sylvan,AncestryBonusLang_Undercommon|1





# Human Ethnicity Languages
Bonus Language ~ Hallit			VISIBLE:NO			BONUS:VAR|AncestryBonusLang_Hallit|1				LANGBONUS:Hallit
Bonus Language ~ Kelish			VISIBLE:NO			BONUS:VAR|AncestryBonusLang_Kelish|1				LANGBONUS:Kelish
Bonus Language ~ Mwangi			VISIBLE:NO			BONUS:VAR|AncestryBonusLang_Mwangi|1				LANGBONUS:Mwangi
Bonus Language ~ Osiriani		VISIBLE:NO			BONUS:VAR|AncestryBonusLang_Osiriani|1				LANGBONUS:Osiriani
Bonus Language ~ Shoanti		VISIBLE:NO			BONUS:VAR|AncestryBonusLang_Shoanti|1				LANGBONUS:Shoanti
Bonus Language ~ Skald			VISIBLE:NO			BONUS:VAR|AncestryBonusLang_Skald|1					LANGBONUS:Skald
Bonus Language ~ Tien			VISIBLE:NO			BONUS:VAR|AncestryBonusLang_Tien|1					LANGBONUS:Tien
Bonus Language ~ Varisian		VISIBLE:NO			BONUS:VAR|AncestryBonusLang_Varisian|1				LANGBONUS:Varisian
Bonus Language ~ Vudrani		VISIBLE:NO			BONUS:VAR|AncestryBonusLang_Vudrani|1				LANGBONUS:Vudrani
Bonus Language ~ Shadowtongue		VISIBLE:NO			BONUS:VAR|AncestryBonusLang_Shadowtongue|1			LANGBONUS:Shadowtongue
Bonus Language ~ Taldane		VISIBLE:NO			BONUS:VAR|AncestryBonusLang_Taldane|1				LANGBONUS:Common


1st Level Intelligence Score	VISIBLE:YES	TEMPLATE:%LIST	CHOOSE:TEMPLATE|QUALIFIED[TYPE=BaseInt]	REMOVABLE:NO	DEFINE:Locked1stLevelLanguages|0

INT 06	PREVAREQ:INTSCORE,06	VISIBLE:NO		REMOVABLE:NO	TYPE:BaseInt	
INT 07	PREVAREQ:INTSCORE,07	VISIBLE:NO		REMOVABLE:NO	TYPE:BaseInt
INT 08	PREVAREQ:INTSCORE,08	VISIBLE:NO		REMOVABLE:NO	TYPE:BaseInt
INT 09	PREVAREQ:INTSCORE,09	VISIBLE:NO		REMOVABLE:NO	TYPE:BaseInt
INT 10	PREVAREQ:INTSCORE,10	VISIBLE:NO		REMOVABLE:NO	TYPE:BaseInt
INT 11	PREVAREQ:INTSCORE,11	VISIBLE:NO		REMOVABLE:NO	TYPE:BaseInt
INT 12	PREVAREQ:INTSCORE,12	VISIBLE:NO		REMOVABLE:NO	TYPE:BaseInt
INT 13	PREVAREQ:INTSCORE,13	VISIBLE:NO		REMOVABLE:NO	TYPE:BaseInt
INT 14	PREVAREQ:INTSCORE,14	VISIBLE:NO		REMOVABLE:NO	TYPE:BaseInt	TEMPLATE:Language +1
INT 15	PREVAREQ:INTSCORE,15	VISIBLE:NO		REMOVABLE:NO	TYPE:BaseInt	TEMPLATE:Language +1
INT 16	PREVAREQ:INTSCORE,16	VISIBLE:NO		REMOVABLE:NO	TYPE:BaseInt	TEMPLATE:Language +2
INT 17	PREVAREQ:INTSCORE,17	VISIBLE:NO		REMOVABLE:NO	TYPE:BaseInt	TEMPLATE:Language +2
INT 18	PREVARGTEQ:INTSCORE,18	VISIBLE:NO		REMOVABLE:NO	TYPE:BaseInt	TEMPLATE:Language +3

# Set Race Size
Size ~ T	SIZE:T	VISIBLE:NO
Size ~ S	SIZE:S	VISIBLE:NO
Size ~ M	SIZE:M	VISIBLE:NO
Size ~ L	SIZE:L	VISIBLE:NO
Size ~ H	SIZE:H	VISIBLE:NO
Size ~ G	SIZE:G	VISIBLE:NO
Size ~ C	SIZE:C	VISIBLE:NO








Locked1stLevelLanguages	CHOOSE:TEMPLATE|QUALIFIED[TYPE=1st Level Languages]	REMOVABLE:NO
Language +0	TYPE:1st Level Languages	PREVAREQ:Locked1stLevelLanguages,0		
Language +1	TYPE:1st Level Languages	PREVAREQ:Locked1stLevelLanguages,1		BONUS:ABILITYPOOL|Ancestry Bonus Language|1
Language +2	TYPE:1st Level Languages	PREVAREQ:Locked1stLevelLanguages,2		BONUS:ABILITYPOOL|Ancestry Bonus Language|2
Language +3	TYPE:1st Level Languages	PREVAREQ:Locked1stLevelLanguages,3		BONUS:ABILITYPOOL|Ancestry Bonus Language|3
Language +4	TYPE:1st Level Languages	PREVAREQ:Locked1stLevelLanguages,4		BONUS:ABILITYPOOL|Ancestry Bonus Language|4


# Animal Companion
Young Companion	
	BONUS:STAT|STR|2|TYPE=Race	BONUS:LOCKEDSTAT|STR|2|TYPE=Race
	BONUS:STAT|DEX|1|TYPE=Race	BONUS:LOCKEDSTAT|DEX|1|TYPE=Race
	BONUS:STAT|INT|-4|TYPE=Race	BONUS:LOCKEDSTAT|INT|-4|TYPE=Race
	BONUS:STAT|WIS|1|TYPE=Race	BONUS:LOCKEDSTAT|WIS|1|TYPE=Race
	BONUS:STAT|CHA|-1|TYPE=Race	BONUS:LOCKEDSTAT|CHA|-1|TYPE=Race
	ABILITY:Proficiency|AUTOMATIC|Fortitude|Reflex|Will	

Full-Grown Companion	BONUS:VAR|UnarmedDice|2|TYPE=Base	ABILITY:Specialized Companion|AUTOMATIC|Specialized companion ~ PH
	BONUS:STAT|STR|1|TYPE=Race.STACK	BONUS:LOCKEDSTAT|STR|1|TYPE=Race.STACK
	BONUS:STAT|DEX|1|TYPE=Race.STACK	BONUS:LOCKEDSTAT|DEX|1|TYPE=Race.STACK
	BONUS:STAT|CON|1|TYPE=Race.STACK	BONUS:LOCKEDSTAT|CON|1|TYPE=Race.STACK
	BONUS:STAT|WIS|1|TYPE=Race.STACK	BONUS:LOCKEDSTAT|WIS|1|TYPE=Race.STACK
	ABILITY:Proficiency|AUTOMATIC|Fortitude|Fortitude	
	ABILITY:Proficiency|AUTOMATIC|Reflex|Reflex		
	ABILITY:Proficiency|AUTOMATIC|Will|Will		
	BONUS:VAR|AnimalCompanionSizeIncrease|1


Nimble Companion	BONUS:VAR|UnarmedDice|3|TYPE=Base
	BONUS:STAT|STR|1|TYPE=Race.STACK	BONUS:LOCKEDSTAT|STR|1|TYPE=Race.STACK
	BONUS:STAT|DEX|2|TYPE=Race.STACK	BONUS:LOCKEDSTAT|DEX|2|TYPE=Race.STACK
	BONUS:STAT|CON|1|TYPE=Race.STACK	BONUS:LOCKEDSTAT|CON|1|TYPE=Race.STACK
	BONUS:STAT|WIS|1|TYPE=Race.STACK	BONUS:LOCKEDSTAT|WIS|1|TYPE=Race.STACK
Savage Companion	BONUS:VAR|UnarmedDice|3|TYPE=Base
	BONUS:STAT|STR|2|TYPE=Race.STACK	BONUS:LOCKEDSTAT|STR|2|TYPE=Race.STACK
	BONUS:STAT|DEX|1|TYPE=Race.STACK	BONUS:LOCKEDSTAT|DEX|1|TYPE=Race.STACK
	BONUS:STAT|CON|1|TYPE=Race.STACK	BONUS:LOCKEDSTAT|CON|1|TYPE=Race.STACK
	BONUS:STAT|WIS|1|TYPE=Race.STACK	BONUS:LOCKEDSTAT|WIS|1|TYPE=Race.STACK

Specialed Companion	BONUS:VAR|UnarmedDice|4|TYPE=Base
	BONUS:STAT|INT|2|TYPE=Race.STACK	BONUS:LOCKEDSTAT|INT|2|TYPE=Race.STACK
	BONUS:STAT|DEX|1|TYPE=Race.STACK	BONUS:LOCKEDSTAT|DEX|1|TYPE=Race.STACK
	DESC:The first time an animal companion gains a specialization, its proficiency rank for unarmed Strikes increases to expert, and saving throws and Perception increases to master. Increase its Dexterity modifier by 1 and its Intelligence modifier by 2. Its unarmed Strike damage increases from three dice to four dice.

# Workaround
#Alchemy	ADD:SPELLCASTER|Alchemy	BONUS:PCLEVEL|Alchemy|TL-1











