# CVS $Revision: $ $Author: $ -- Wed Apr  2 14:10:13 2008 -- reformated by prettylst.pl v1.38 (build 5580)

# Class Name	Hit Dice	Type			Abbreviation	Max Level	Source, Long Desc.				Source Page		Automatic Languages	BONUS:CHECKS|BASE.Fortitude,BASE.Reflex|1			Save checks bonus												Combat bonus
CLASS:Patrician	HD:6		TYPE:Base.PC	ABB:Pat		MAXLEVEL:20	SOURCELONG:Player's Guide to Arcanis	SOURCEPAGE:p.114	LANGAUTO:Literacy		BONUS:CHECKS|BASE.Will|CL/2+2				BONUS:CHECKS|BASE.Reflex,BASE.Fortitude|CL/3	BONUS:COMBAT|BAB|CL/2|TYPE=Base.REPLACE
# Class Name	Skill Pts/Lvl	Class Skill
CLASS:Patrician	STARTSKILLPTS:6	CSKILL:Appraise|Black Market|Bluff|Concentration|TYPE.Craft|Decipher Script|Diplomacy|Gather Information|Intimidate|TYPE.Knowledge|Listen|TYPE.Perform|TYPE.Profession|Ride|Research|Sense Motive|Speak Language
1	SAB:Educated	SAB:Estate|PREVARGT:CL,TL/2																											ADD:ABILITY|FEAT|AUTOMATIC|TYPE.Gentry	ABILITY:FEAT|AUTOMATIC|Simple Weapon Proficiency|PatricianTemplates|Armor Proficiency (Light)
2	SAB:Eyes and Ears - % Choices|EyesEarsNumber	SAB:Skilled	BONUS:VAR|EyesEarsNumber|1											DEFINE:EyesEarsNumber|0						ADD:CLASSSKILLS|1|CROSSCLASSSKILLS
3	SAB:Coordinate +%|CoordinateBonus					BONUS:VAR|CoordinateBonus|1											DEFINE:CoordinateBonus|0					ADD:ABILITY|FEAT|AUTOMATIC|TYPE=Patrician
4	SAB:Allowance - % gp|AllowanceAmount				BONUS:VAR|AllowanceAmount|10*max(CHA,0)*CL*AllowanceLevel	BONUS:VAR|AllowanceLevel|1	DEFINE:AllowanceLevel|0	DEFINE:AllowanceAmount|0
5																																										ABILITY:FEAT|AUTOMATIC|Leadership
6											BONUS:VAR|EyesEarsNumber|1																				ADD:CLASSSKILLS|1|CROSSCLASSSKILLS
7											BONUS:VAR|CoordinateBonus|1																				ADD:ABILITY|FEAT|AUTOMATIC|TYPE=Patrician
8	SAB:Loyal Servant +%|ServantBonus					BONUS:VAR|ServantBonus|1											DEFINE:ServantBonus|0
9	SAB:Lesser Rebuke (Ex)
10											BONUS:VAR|EyesEarsNumber|1																				ADD:CLASSSKILLS|1|CROSSCLASSSKILLS
11											BONUS:VAR|CoordinateBonus|1																				ADD:ABILITY|FEAT|AUTOMATIC|TYPE=Patrician
12											BONUS:VAR|AllowanceLevel|1
13																																										ABILITY:FEAT|AUTOMATIC|Improved Leadership
14											BONUS:VAR|EyesEarsNumber|1																				ADD:CLASSSKILLS|1|CROSSCLASSSKILLS
15											BONUS:VAR|CoordinateBonus|1																				ADD:ABILITY|FEAT|AUTOMATIC|TYPE=Patrician
16											BONUS:VAR|ServantBonus|1
17	SAB:Second Estate
18											BONUS:VAR|EyesEarsNumber|1																				ADD:CLASSSKILLS|1|CROSSCLASSSKILLS
19											BONUS:VAR|CoordinateBonus|1																				ADD:ABILITY|FEAT|AUTOMATIC|TYPE=Patrician
20											BONUS:VAR|AllowanceLevel|1

###########################################################################################################################################

# Class Name	Hit Dice	Type			Abbreviation	Max Level	Subclass?		Source, Long Desc.				Source Page		Automatic Languages	Bonus Languages					Save checks bonus												Combat bonus					Add domain number
CLASS:Priest	HD:4		TYPE:Base.PC	ABB:Pst		MAXLEVEL:20	HASSUBCLASS:YES	SOURCELONG:Player's Guide to Arcanis	SOURCEPAGE:pg.117	LANGAUTO:Literacy		LANGBONUS:Ancient Altharin(Imperial)	BONUS:CHECKS|BASE.Will|CL/2+2	BONUS:CHECKS|BASE.Reflex,BASE.Fortitude|CL/3	BONUS:COMBAT|BAB|CL/2|TYPE=Base.REPLACE	BONUS:DOMAIN|NUMBER|1
# Class Name	Skill Pts/Lvl	Class Skill
CLASS:Priest	STARTSKILLPTS:4	CSKILL:Bluff|Concentration|TYPE.Craft|Decipher Script|Diplomacy|Heal|Intimidate|TYPE.Arcana|TYPE.History|TYPE.Nobility|TYPE.Local|TYPE.Religion|TYPE.Planes|Perform (Oratory)|TYPE.Profession|Sense Motive|Spellcraft
# Class Name	Spell Stat		Spell Type		Automaticaly Known Spell Levels
CLASS:Priest	SPELLSTAT:WIS	SPELLTYPE:Divine	KNOWNSPELLS:LEVEL=0|LEVEL=1|LEVEL=2|LEVEL=3|LEVEL=4|LEVEL=5|LEVEL=6|LEVEL=7|LEVEL=8|LEVEL=9
SUBCLASS:Priest of Althares		PREDEITY:Althares
SUBCLASSLEVEL:1						SAB:Right to Carry																																																																																						ADD:ABILITY|FEAT|AUTOMATIC|TYPE=TurnUndead									AUTO:WEAPONPROF|Warhammer	ABILITY:FEAT|AUTOMATIC|Exotic Weapon Proficiency(Altherian Flintlock (Pistol))
SUBCLASSLEVEL:5																																BONUS:VAR|AgesKnowledgeLevel|CL/2|PREDEITY:Althares	BONUS:VAR|AgesKnowledge|AgesKnowledgeLevel|PREDEITY:Althares																												DEFINE:AgesKnowledgeLevel|0																																	ABILITY:FEAT|AUTOMATIC|Knowledge of the Ages
SUBCLASS:Priest of Anshar		PREDEITY:Anshar
SUBCLASSLEVEL:1																																																																																															ADD:ABILITY|FEAT|AUTOMATIC|TYPE=TurnUndead														ABILITY:FEAT|VIRTUAL|Improved Unarmed Strike
SUBCLASSLEVEL:3																																																																																																																				ABILITY:FEAT|AUTOMATIC|Endurance
SUBCLASSLEVEL:9																																																																																																																				ABILITY:FEAT|AUTOMATIC|Diehard
SUBCLASS:Priest of Belisarda		PREDEITY:Belisarda
SUBCLASSLEVEL:1																																																																																				CSKILL:TYPE.Geography|TYPE.Nature|Survival				ADD:ABILITY|FEAT|AUTOMATIC|TYPE=TurnUndead									AUTO:WEAPONPROF|Longbow
SUBCLASS:Priest of Beltine		PREDEITY:Beltine
SUBCLASSLEVEL:1																																																																																															ADD:ABILITY|FEAT|AUTOMATIC|TYPE=TurnNerothGood	ADD:ABILITY|FEAT|AUTOMATIC|TYPE=TurnBeltineGood	AUTO:WEAPONPROF|Quarterstaff
SUBCLASS:Priest of Cadic		PREDEITY:Cadic
SUBCLASSLEVEL:1																																																																																				CSKILL:Hide|Move Silently|TYPE.Perform|Sleight of Hand|Tumble	ADD:ABILITY|FEAT|AUTOMATIC|TYPE=TurnUndead	ADD:ABILITY|FEAT|AUTOMATIC|TYPE=TurnCadicGood	AUTO:WEAPONPROF|Sword (Short)	ABILITY:FEAT|VIRTUAL|Martial Weapon Proficiency(Crossbow (Hand))
SUBCLASSLEVEL:5																																BONUS:VAR|UncannyDodgeFlankingLevel|CL|TYPE=EachClass.REPLACE																																																					ADD:ABILITY|FEAT|AUTOMATIC|Uncanny Dodge|Improved Uncanny Dodge
SUBCLASS:Priest of Hurrian		PREDEITY:Hurrian
SUBCLASSLEVEL:1																																																																																				CSKILL:Survival									ADD:ABILITY|FEAT|AUTOMATIC|TYPE=TurnUndead									AUTO:WEAPONPROF|Longsword
SUBCLASS:Priest of Illiir		PREDEITY:Illiir
SUBCLASSLEVEL:1																																																																																															ADD:ABILITY|FEAT|AUTOMATIC|TYPE=TurnUndead	ADD:ABILITY|FEAT|AUTOMATIC|TYPE=TurnIlliirGood	AUTO:WEAPONPROF|Gladius		ABILITY:FEAT|AUTOMATIC|Gladius Exotic Weapon Prciency
SUBCLASSLEVEL:5						SAB:Fearless (Ex)ofi
SUBCLASS:Priest of the Fire Dragon	PREDEITY:Fire Dragon
SUBCLASSLEVEL:1						SAB:Ignore detrimental effects from natural heat between 80-150 degrees F.																																																																		CSKILL:Survival									ADD:ABILITY|FEAT|AUTOMATIC|TYPE=TurnUndead									AUTO:WEAPONPROF|Flail (Heavy)
SUBCLASS:Priest of Larissa		PREDEITY:Larissa
SUBCLASSLEVEL:1	DOMAIN:Divination|Pleasure																																																													BONUS:DOMAIN|NUMBER|1															CSKILL:TYPE.Perform|Tumble							ADD:ABILITY|FEAT|AUTOMATIC|TYPE=TurnUndead									AUTO:WEAPONPROF|Rapier		ABILITY:FEAT|AUTOMATIC|Simple Weapon Proficiency|Exotic Weapon Proficiency(Whip)
SUBCLASSLEVEL:3																																																				BONUS:COMBAT|AC|max(CHA,0)|PREVAREQ:ENCUMBERANCE,0,COUNT[EQTYPE.ARMOR.EQUIPPED],0
SUBCLASS:Priest of Neroth		PREDEITY:Neroth
SUBCLASSLEVEL:1																																																																																															ADD:ABILITY|FEAT|AUTOMATIC|TYPE=TurnNerothGood	ADD:ABILITY|FEAT|AUTOMATIC|TYPE=TurnBeltineGood	AUTO:WEAPONPROF|Scythe
SUBCLASS:Priest of Nier			PREDEITY:Nier
SUBCLASSLEVEL:1						SAB:+1 per die of damage on spells cast with the fire descriptor.	SAB:When turning undead, the Priest of Nier must destroy the undead or nothing happens.																																																																ADD:ABILITY|FEAT|AUTOMATIC|TYPE=TurnUndead									AUTO:WEAPONPROF|Greatsword
SUBCLASS:Priest of Saluwe		PREDEITY:Saluwe
SUBCLASSLEVEL:1																																																																																															ADD:ABILITY|FEAT|AUTOMATIC|TYPE=TurnUndead									AUTO:WEAPONPROF|Spear
SUBCLASSLEVEL:1																																																																																															ADD:ABILITY|FEAT|AUTOMATIC|TYPE=TurnUndead									AUTO:WEAPONPROF|Spear
SUBCLASSLEVEL:3						SAB:Wild Empathy (Ex)																																																																																																											ABILITY:FEAT|AUTOMATIC|Track
SUBCLASSLEVEL:4						SAB:Animal Companion (Ex)																						BONUS:VAR|CompLevel|CL																																																																																	ABILITY:FEAT|AUTOMATIC|Druid Animal Companion
SUBCLASS:Priest of Sarish		PREDEITY:Sarish
SUBCLASSLEVEL:1																																																																																															ADD:ABILITY|FEAT|AUTOMATIC|TYPE=TurnUndead	ADD:EQUIP|1|Dagger (Sarishan Steel)			AUTO:WEAPONPROF|Dagger																LANGAUTO:Infernal
SUBCLASSLEVEL:3																																																																																																																				ABILITY:FEAT|AUTOMATIC|Magical Aptitude
SUBCLASSLEVEL:10						SAB:Mark of My Brother
SUBCLASS:Priest of Yarris		PREDEITY:Yarris
SUBCLASSLEVEL:1																																																																																															ADD:ABILITY|FEAT|AUTOMATIC|TYPE=TurnUndead	ADD:ABILITY|FEAT|AUTOMATIC|TYPE=TurnYarrisGood	AUTO:WEAPONPROF|Trident
SUBCLASSLEVEL:2						SAB:Effected by Endure Elements when within 1 mile of any large body of water.
SUBCLASSLEVEL:3						SAB:Wild Empathy (Ex) (Water Only)																																																											BONUS:SKILL|Profession (Navigator),Survival,Swim|2
1																									BONUS:VAR|TurnTimesBase|3+CHA|TYPE=NoStack											DEFINE:AllowImprovedTurning|1	DEFINE:AllowExtraTurning|1	DEFINE:TurnLevelSpecial|0	ABILITY:FEAT|AUTOMATIC|Basic Turning
1																									BONUS:VAR|TurnLevelBase|CL-3|PREDEITY:Althares,Cadic,Fire Dragon,Larissa,Sarish
1																									BONUS:VAR|TurnLevelBase|CL-2|PREDEITY:Hurrian,Yarris
1																									BONUS:VAR|TurnLevelBase|CL-1|PREDEITY:Anshar,Illiir,Saluwe
1																									BONUS:VAR|TurnLevelBase|CL|PREDEITY:Belisarda,Nier
1																									BONUS:VAR|TurnLevelBase|CL+2|PREDEITY:Beltine,Neroth
1																									BONUS:VAR|TurnDamagePlusBase|CL
1																									BONUS:VAR|TurnCheckBase|CHA|TYPE=NoStack
1																									BONUS:VAR|TurnLevelSpecial|TurnLevelBase-2|PREDEITY:Beltine,Neroth
1																									BONUS:VAR|TurnLevelSpecial|TurnLevelBase+1|PREDEITY:Illiir
1																									BONUS:VAR|TurnLevelSpecial|TurnLevelBase+3|PREDEITY:Yarris
1																									BONUS:VAR|TurnLevelSpecial|TurnLevelBase|PREDEITY:Cadic
1																									BONUS:VAR|ChannelTimesBase|3+CHA|TYPE=NoStack																										ABILITY:FEAT|AUTOMATIC|TYPE=Channeling	ABILITY:FEAT|AUTOMATIC|Basic Channeling
1																									BONUS:VAR|ChannelLevelBase|CL
1																									BONUS:VAR|ChannelDamagePlusBase|CL
1																									BONUS:VAR|ChannelCheckBase|CHA|TYPE=NoStack
1	CAST:3,1				SAB:Aura of Faith (Ex)	SAB:Trust in Faith	SAB:Spontaneous Casting	SAB:Rituals of the Faith
2	CAST:4,2
3	CAST:4,2,1				SAB:Divine Health (Ex)
4	CAST:5,3,2
5	CAST:5,3,2,1			SAB:Dogma (Ex)	SAB:Sermon (Inspire the Faithful) (Su)|PRESKILL:2,TYPE.Religion,Perform (Oratory)=8																	BONUS:DOMAIN|NUMBER|1
6	CAST:5,3,3,2
7	CAST:6,4,3,2,1
8	CAST:6,4,3,3,2
9	CAST:6,4,4,3,2,1			SAB:Respect (Ex)	SAB:Privilege (Ex)
10	CAST:6,4,4,3,3,2			SAB:Unshakable Dogma (Ex)																													BONUS:DOMAIN|NUMBER|1
11	CAST:6,5,4,4,3,2,1		SAB:Sermon (Divine Inspiration) (Su)|PREMULT:2,[PRESKILL:1,TYPE.Religion=10],[PRESKILL:1,Perform (Oratory)=13]
12	CAST:6,5,4,4,3,3,2
13	CAST:6,5,5,4,4,3,2,1		SAB:Forceful Aura (Su)
14	CAST:6,5,5,4,4,3,3,2
15	CAST:6,5,5,5,4,4,3,2,1
16	CAST:6,5,5,5,4,4,3,3,2		SAB:Divine Presence (Su)
17	CAST:6,5,5,5,5,4,4,3,2,1
18	CAST:6,5,5,5,5,4,4,3,3,2
19	CAST:6,5,5,5,5,5,4,4,3,3	SAB:Sermon (Inspiration to the Masses) (Su)|PRESKILL:2,TYPE.Religion,Perform (Oratory)=15
20	CAST:6,5,5,5,5,5,4,4,4,4

###########################################################################################################################################3

# Class Name		Hit Dice	Type			Abbreviation	Max Level	Source, Long Desc.				Source Page		Automatic Languages	Save checks bonus												Combat bonus
CLASS:Urban Sentinel	HD:8		TYPE:Base.PC	ABB:USntl		MAXLEVEL:20	SOURCELONG:Player's Guide to Arcanis	SOURCEPAGE:p.69	LANGAUTO:Literacy		BONUS:CHECKS|BASE.Fortitude,BASE.Reflex|CL/2+2	BONUS:CHECKS|BASE.Will|CL/3	BONUS:COMBAT|BAB|CL|TYPE=Base.REPLACE
# Class Name		Skill Pts/Lvl	Class Skill
CLASS:Urban Sentinel	STARTSKILLPTS:6	CSKILL:Balance|Black Market|Climb|Concentration|TYPE.Craft|Escape Artist|Gather Information|Handle Animal|Hide|Intimidate|Jump|TYPE.Local|Listen|Move Silently|TYPE.Profession|Ride|Search|Spot|Survival|Swim|Use Rope
# Class Name		Spell Stat		Spell Type		Automaticaly Known Spell Levels				Craft Level Mult.	Caster level
CLASS:Urban Sentinel	SPELLSTAT:WIS	SPELLTYPE:Divine	KNOWNSPELLS:LEVEL=0|LEVEL=1|LEVEL=2|LEVEL=3|LEVEL=4	ITEMCREATE:0.5	BONUS:CASTERLEVEL|Urban Sentinel|CL/2|PRECLASS:1,Urban Sentinel=4
1														ABILITY:FEAT|AUTOMATIC|Armor Proficiency (Light)|Shield Proficiency|Simple Weapon Proficiency|Martial Weapon Proficiency|Streetwise,Track	AUTO:WEAPONPROF|TYPE.Martial
1								BONUS:VAR|RangerFavoredEnemyLVL|CL	ABILITY:FEAT|AUTOMATIC|Basic Favored Enemy|Ranger Favored Enemy
1								BONUS:VAR|RangerCombatTreeLVL|CL	ABILITY:FEAT|VIRTUAL|Ranger Combat Tree
2
3														ABILITY:FEAT|AUTOMATIC|Endurance
4	CAST:0,0						BONUS:VAR|RangerAnimalCompLVL|4	ABILITY:FEAT|VIRTUAL|Sentinel Animal Companion|Ranger Animal Companion
5	CAST:0,0
6	CAST:0,1
7	CAST:0,1		SAB:As the Ghost (Ex)							ABILITY:FEAT|AUTOMATIC|Woodland Stride
8	CAST:0,1,0												ABILITY:FEAT|AUTOMATIC|Swift Tracker
9	CAST:0,1,0												ABILITY:FEAT|AUTOMATIC|Evasion|Improved Evasion
10	CAST:0,1,1
11	CAST:0,1,1,0
12	CAST:0,1,1,1
13	CAST:0,1,1,1											ABILITY:FEAT|AUTOMATIC|Camouflage
14	CAST:0,2,1,1,0
15	CAST:0,2,1,1,1
16	CAST:0,2,2,1,1
17	CAST:0,2,2,2,1											ABILITY:FEAT|AUTOMATIC|Hide in Plain Sight~Natural
18	CAST:0,3,2,2,1
19	CAST:0,3,3,3,2
20	CAST:0,3,3,3,3

#Holy Champions----------------------------------------------------------------------------------------------------------------------------------------------------------------------------------------------------------------------------------------------------------------------------------------------------------------------------------------------------------------------------
###########################################################################################################################################

# Class Name		Product Identity?	Hit Dice	Type			Abbreviation	Max Level	Source, Long Desc.				Source Page		Automatic Languages	Save checks bonus												Combat bonus
CLASS:HC (Althares)	NAMEISPI:YES	HD:8		TYPE:Base.PC	ABB:HCAlt		MAXLEVEL:20	SOURCELONG:Player's Guide to Arcanis	SOURCEPAGE:p.71	LANGAUTO:Literacy		BONUS:CHECKS|BASE.Fortitude,BASE.Will|CL/2+2	BONUS:CHECKS|BASE.Reflex|CL/3	BONUS:COMBAT|BAB|CL|TYPE=Base.REPLACE
# Class Name		Required AL		Required Deity	Prohibited Race
CLASS:HC (Althares)	PREALIGN:LG,LN,LE	PREDEITY:Althares	!PRERACE:1,Elorii,Dwarf,Ss'ressen
# Class Name		Skill Pts/Lvl	Class Skill
CLASS:HC (Althares)	STARTSKILLPTS:6	CSKILL:Climb|Concentration|TYPE.Craft|Examine Martial Technique|Handle Animal|Heal|Hide|Jump|TYPE.Knowledge|Listen|Move Silently|TYPE.Profession|Ride|Search|Spot|Survival|Swim|Use Rope
# Class Name		Spell Stat		Spell Type		Automaticaly Known Spell Levels				Caster level
CLASS:HC (Althares)	SPELLSTAT:WIS	SPELLTYPE:Divine	KNOWNSPELLS:LEVEL=0|LEVEL=1|LEVEL=2|LEVEL=3|LEVEL=4	BONUS:CASTERLEVEL|HC (Althares)|CL/2|PRECLASS:1,HC (Althares)=4
1	ABILITY:FEAT|AUTOMATIC|Simple Weapon Proficiency|Martial Weapon Proficiency	ABILITY:FEAT|AUTOMATIC|Armor Proficiency (Light)|Armor Proficiency (Medium),Armor Proficiency (Heavy)	ABILITY:FEAT|AUTOMATIC|Shield Proficiency|Tower Shield Proficiency	AUTO:WEAPONPROF|TYPE.Martial	CHANGEPROF:Altherian Flintlock (Pistol),Altherian Flintlock (Rifle)=Martial
###Block: Aura strength - Deities in Arcanis don't have alignment - Aura based of Cleric's alignment
1													BONUS:VAR|AlignmentAuraBase|CL										DEFINE:AlignmentAuraBase|0
1																																								ABILITY:FEAT|VIRTUAL|Aura of Chaos|PREALIGN:CG,CN,CE
1																																								ABILITY:FEAT|VIRTUAL|Aura of Evil|PREALIGN:LE,NE,CE
1																																								ABILITY:FEAT|VIRTUAL|Aura of Good|PREALIGN:LG,NG,CG
1																																								ABILITY:FEAT|VIRTUAL|Aura of Law|PREALIGN:LG,LN,LE
2				SAB:Wisdom of Althares (Su)													BONUS:CHECKS|Fortitude,Reflex|max(WIS,0)																						SPELLS:ClassAbility|TIMES=-1|CASTERLEVEL=TL|Comprehend Languages
3				SAB:Know Thy Enemy (Ex)
4													BONUS:VAR|ChannelTimesBase|3+CHA|TYPE=NoStack													ADD:VFEAT|TYPE=Channeling	ABILITY:FEAT|VIRTUAL|Basic Channeling
4													BONUS:VAR|ChannelLevelBase|CL-3
4													BONUS:VAR|ChannelDamagePlusBase|CL-3
4													BONUS:VAR|ChannelCheckBase|CHA|TYPE=NoStack
4	CAST:0,0																																						ABILITY:FEAT|AUTOMATIC|Scribe Scroll
5	CAST:0,0
6	CAST:0,1		SAB:Defender of Altheria (Ex)	SAB:Exploit Flaw (Ex)
7	CAST:0,1
8	CAST:0,1,0		SAB:Divine Health (Su)
9	CAST:0,1,0
10	CAST:0,1,1		SAB:Exploit Technique (Ex)	SAB:Special Mount(Sp)
11	CAST:0,1,1,0
12	CAST:0,1,1,1	SAB:Aura of Courage (Ex)
13	CAST:0,1,1,1
14	CAST:0,2,1,1,0	SAB:Insight of Althares (Ex)
15	CAST:0,2,1,1,1
16	CAST:0,2,2,1,1	SAB:Tools of the Trade (Ex)
17	CAST:0,2,2,2,1
18	CAST:0,3,2,2,1	SAB:Steel Mind (Ex)
19	CAST:0,3,3,3,2
20	CAST:0,3,3,3,3	SAB:Master of Thy Craft (Ex)

###########################################################################################################################################

# Class Name	Product Identity?	Hit Dice	Type			Abbreviation	Max Level	Source, Long Desc.				Source Page		Automatic Languages	Save checks bonus												Combat bonus
CLASS:HC (Anshar)	NAMEISPI:YES	HD:8		TYPE:Base.PC	ABB:HCA		MAXLEVEL:20	SOURCELONG:Player's Guide to Arcanis	SOURCEPAGE:p.73	LANGAUTO:Literacy		BONUS:CHECKS|BASE.Fortitude|CL/2+2	BONUS:CHECKS|BASE.Reflex,BASE.Will|CL/3	BONUS:COMBAT|BAB|CL|TYPE=Base.REPLACE
# Class Name	Required AL	Required Deity	Prohibited Race
CLASS:HC (Anshar)	PREALIGN:LG	PREDEITY:Anshar	!PRERACE:1,Elorii,Dwarf,Ss'ressen
# Class Name	Skill Pts/Lvl	Class Skill
CLASS:HC (Anshar)	STARTSKILLPTS:4	CSKILL:Balance|Climb|Concentration|TYPE.Craft|Diplomacy|Escape Artist|Hide|Jump|TYPE.Arcana|TYPE.Religion|TYPE.Geography|Listen|Move Silently|TYPE.Perform|TYPE.Profession|Sense Motive|Spot|Swim|Tumble
# Class Name	Spell Stat		Spell Type		Automaticaly Known Spell Levels				Caster level
CLASS:HC (Anshar)	SPELLSTAT:WIS	SPELLTYPE:Divine	KNOWNSPELLS:LEVEL=0|LEVEL=1|LEVEL=2|LEVEL=3|LEVEL=4	BONUS:CASTERLEVEL|HC (Anshar)|CL/2|PRECLASS:1,HC (Anshar)=4
###Block: Aura strength - Deities in Arcanis don't have alignment - Aura based of Cleric's alignment
1																																BONUS:VAR|AlignmentAuraBase|CL																			DEFINE:AlignmentAuraBase|0
1																																																																							ABILITY:FEAT|VIRTUAL|Aura of Chaos|PREALIGN:CG,CN,CE
1																																																																							ABILITY:FEAT|VIRTUAL|Aura of Evil|PREALIGN:LE,NE,CE
1																																																																							ABILITY:FEAT|VIRTUAL|Aura of Good|PREALIGN:LG,NG,CG
1																																																																							ABILITY:FEAT|VIRTUAL|Aura of Law|PREALIGN:LG,LN,LE
1	UDAM:1d1,1d2,1d3,1d4,1d6,1d8,2d6,3d6,4d6	UMULT:2						SAB:Aura of Faith (Ex)																																																					ABILITY:FEAT|AUTOMATIC|Simple Weapon Proficiency|Improved Unarmed Strike
2	UDAM:1d1,1d2,1d3,1d4,1d6,1d8,2d6,3d6,4d6								SAB:AC Bonus (Ex)	SAB:I Feel Your Pain (Su) ~ Heal % hp/day|PainLevel	SAB:Mind Over Matter (Su)	BONUS:VAR|PainLevel|max(CON,0)*CL																			DEFINE:PainLevel|0												ABILITY:FEAT|VIRTUAL|Monk AC
3	UDAM:1d1,1d2,1d3,1d4,1d6,1d8,2d6,3d6,4d6								SAB:You Shall Know My Pain ~ Inflict up to % hp 1/day and heal same amount|PainLevel																																										ABILITY:FEAT|AUTOMATIC|Endurance
4																																BONUS:VAR|ChannelTimesBase|3+CHA|TYPE=NoStack																						ADD:FEAT|TYPE=Channeling	ADD:FEAT|Basic Channeling
4																																BONUS:VAR|ChannelLevelBase|CL-3
4																																BONUS:VAR|ChannelDamagePlusBase|CL-3
4																																BONUS:VAR|ChannelCheckBase|CHA|TYPE=NoStack
4	UDAM:1d1,1d2,1d3,1d4,1d6,1d8,2d6,3d6,4d6			CAST:0,0				SAB:Empowered Fist (Ex)
5	UDAM:1d1,1d2,1d3,1d4,1d6,1d8,2d6,3d6,4d6			CAST:0,0
6	UDAM:1d1,1d2,1d3,1d4,1d6,1d8,2d6,3d6,4d6			CAST:0,1		DR:1/-	SAB:Pain Tolerance (Ex)																																																					ABILITY:FEAT|AUTOMATIC|Diehard
7	UDAM:1d2,1d3,1d4,1d6,1d8,2d6,3d6,4d6,6d6			CAST:0,1
8	UDAM:1d2,1d3,1d4,1d6,1d8,2d6,3d6,4d6,6d6			CAST:0,1,0				SAB:Divine Grace (Ex)																						BONUS:CHECKS|Fortitude,Reflex,Will|max(CHA,0)
9	UDAM:1d2,1d3,1d4,1d6,1d8,2d6,3d6,4d6,6d6			CAST:0,1,0
10	UDAM:1d2,1d3,1d4,1d6,1d8,2d6,3d6,4d6,6d6			CAST:0,1,1				SAB:Improved Pain Tolerance (Ex)																													BONUS:DR|-|max(floor(max(CON,0)/2),1)
11	UDAM:1d2,1d3,1d4,1d6,1d8,2d6,3d6,4d6,6d6			CAST:0,1,1,0
12	UDAM:1d2,1d3,1d4,1d6,1d8,2d6,3d6,4d6,6d6			CAST:0,1,1,1			SAB:Aura of Courage (Ex)	SAB:Inner Strength (Su)									BONUS:VAR|ChannelTimesBase|max(CON,1)
13	UDAM:1d2,1d3,1d4,1d6,1d8,2d6,3d6,4d6,6d6			CAST:0,1,1,1
14	UDAM:1d2,1d3,1d4,1d6,1d8,2d6,3d6,4d6,6d6			CAST:0,2,1,1,0			SAB:Travail Stasis (Ex)
15	UDAM:1d3,1d4,1d6,1d8,1d10,2d8,3d8,4d8,6d8			CAST:0,2,1,1,1
16	UDAM:1d3,1d4,1d6,1d8,1d10,2d8,3d8,4d8,6d8			CAST:0,2,2,1,1			SAB:Resilience (Su)
17	UDAM:1d3,1d4,1d6,1d8,1d10,2d8,3d8,4d8,6d8			CAST:0,2,2,2,1
18	UDAM:1d3,1d4,1d6,1d8,1d10,2d8,3d8,4d8,6d8			CAST:0,3,2,2,1			SAB:Perseverance Over Pain (Sp)
19	UDAM:1d3,1d4,1d6,1d8,1d10,2d8,3d8,4d8,6d8			CAST:0,3,3,3,2
20	UDAM:1d3,1d4,1d6,1d8,1d10,2d8,3d8,4d8,6d8			CAST:0,3,3,3,3			SAB:Martyrdom (Su)

############################################################################################################################################################################################

# Class Name		Product Identity?	Hit Dice	Type			Abbreviation	Max Level	Source, Long Desc.				Source Page		Automatic Languages	Save checks bonus												Combat bonus
CLASS:HC (Belisarda)	NAMEISPI:YES	HD:10		TYPE:Base.PC	ABB:HCBls		MAXLEVEL:20	SOURCELONG:Player's Guide to Arcanis	SOURCEPAGE:p.77	LANGAUTO:Literacy		BONUS:CHECKS|BASE.Fortitude|CL/2+2	BONUS:CHECKS|BASE.Reflex,BASE.Will|CL/3	BONUS:COMBAT|BAB|CL|TYPE=Base.REPLACE
# Class Name		Required AL		Required Deity		Required Race
CLASS:HC (Belisarda)	PREALIGN:LG,NG,CG	PREDEITY:Belisarda	PRERACE:1,Elorii
# Class Name		Skill Pts/Lvl	Class Skill
CLASS:HC (Belisarda)	STARTSKILLPTS:2	CSKILL:Concentration|TYPE.Craft|Diplomacy|Handle Animal|Heal|Intimidate|TYPE.Nature|TYPE.Nobility|TYPE.Religion|TYPE.Profession|Ride|Sense Motive|Survival
# Class Name		Spell Stat		Spell Type		Automaticaly Known Spell Levels				Caster level
CLASS:HC (Belisarda)	SPELLSTAT:WIS	SPELLTYPE:Divine	KNOWNSPELLS:LEVEL=0|LEVEL=1|LEVEL=2|LEVEL=3|LEVEL=4	BONUS:CASTERLEVEL|HC (Belisarda)|CL/2|PRECLASS:1,HC (Belisarda)=4
###Block: Aura strength - Deities in Arcanis don't have alignment - Aura based of Cleric's alignment
1																		BONUS:VAR|AlignmentAuraBase|CL												DEFINE:AlignmentAuraBase|0
1																																																ABILITY:FEAT|VIRTUAL|Aura of Chaos|PREALIGN:CG,CN,CE
1																																																ABILITY:FEAT|VIRTUAL|Aura of Evil|PREALIGN:LE,NE,CE
1																																																ABILITY:FEAT|VIRTUAL|Aura of Good|PREALIGN:LG,NG,CG
1																																																ABILITY:FEAT|VIRTUAL|Aura of Law|PREALIGN:LG,LN,LE
1																		BONUS:VAR|SmiteEvil|(CL/6)+1																										ABILITY:FEAT|VIRTUAL|Smite Evil	ABILITY:FEAT|AUTOMATIC|Simple Weapon Proficiency|Martial Weapon Proficiency|Armor Proficiency (Light)|Armor Proficiency (Medium)|Armor Proficiency (Heavy)|Shield Proficiency|Tower Shield Proficiency	SPELLS:ClassAbility|TIMES=-1|CASTERLEVEL=CL|Detect Evil				AUTO:WEAPONPROF|TYPE.Martial
2				SAB:Divine Grace (Su)	SAB:Lay on Hands (Su) % hp/day|LayOnHands				BONUS:VAR|LayOnHands|max(CHA,0)*CL			BONUS:CHECKS|Fortitude,Reflex,Will|max(CHA,0)	DEFINE:LayOnHands|0
3				SAB:Know Thy Friends (Sp)	SAB:Divine Health (Ex)																							DEFINE:DiscernTimes|max(CHA,1)																																																SPELLS:ClassAbility|TIMES=DiscernTimes|CASTERLEVEL=CL|Discern Lies
4																		BONUS:VAR|ChannelTimesBase|3+CHA|TYPE=NoStack																ADD:VFEAT|TYPE=Channeling	ABILITY:FEAT|VIRTUAL|Basic Channeling
4																		BONUS:VAR|ChannelLevelBase|CL-3
4																		BONUS:VAR|ChannelDamagePlusBase|CL-3
4																		BONUS:VAR|ChannelCheckBase|CHA|TYPE=NoStack
4																		BONUS:VAR|TurnTimesBase|3+CHA|TYPE=NoStack										DEFINE:AllowImprovedTurning|1		ADD:VFEAT|TYPE=TurnUndead	ABILITY:FEAT|VIRTUAL|Basic Turning
4																		BONUS:VAR|TurnLevelBase|CL													DEFINE:AllowExtraTurning|1
4																		BONUS:VAR|TurnDamagePlusBase|CL
4																		BONUS:VAR|TurnCheckBase|CHA|TYPE=HC (Belisarda)
4	CAST:0,0		SAB:Defender of the Children (Ex)
5	CAST:0,0
6	CAST:0,1		SAB:Special Mount (Sp)																																																																																	SPELLS:ClassAbility|TIMES=ChannelTimesBase|CASTERLEVEL=CL|Shield Other (KoTO)
7	CAST:0,1
8	CAST:0,1,0		SAB:Smite the Wayward Spirits (Su)
9	CAST:0,1,0
10	CAST:0,1,1		SAB:Truth Be Told (Sp)																												DEFINE:DiscernTimes|-1
11	CAST:0,1,1,0
12	CAST:0,1,1,1	SAB:One is Many (Sp)
13	CAST:0,1,1,1
14	CAST:0,2,1,1,0	SAB:The Truth is Revealed (Sp)	SAB:Touch of Belisarda (Sp) 1/week																																																																									SPELLS:ClassAbility|TIMES=1|CASTERLEVEL=CL|Heal
15	CAST:0,2,1,1,1
16	CAST:0,2,2,1,1	SAB:Divine Spell Resistance % (Su)|EloriiSpell	SAB:Smite Those Who Betray (Su)	BONUS:VAR|EloriiSpell|10+CL													DEFINE:EloriiSpell|0
17	CAST:0,2,2,2,1
18	CAST:0,3,2,2,1	SAB:Divine Damage Reduction % (Su)|max(CHA,1)
19	CAST:0,3,3,3,2
20	CAST:0,3,3,3,3	SAB:I May Take What I Have Given (Su)

###########################################################################################################################################3

# Class Name		Product Identity?	Hit Dice	Type			Abbreviation	Max Level	Source, Long Desc.				Source Page		Automatic Languages	Save checks bonus												Combat bonus
CLASS:HC (Beltine)	NAMEISPI:YES	HD:8		TYPE:Base.PC	ABB:HCBlt		MAXLEVEL:20	SOURCELONG:Player's Guide to Arcanis	SOURCEPAGE:p.79	LANGAUTO:Literacy		BONUS:CHECKS|BASE.Fortitude,BASE.Will|CL/2+2	BONUS:CHECKS|BASE.Reflex|CL/3	BONUS:COMBAT|BAB|CL|TYPE=Base.REPLACE
# Class Name		Required AL	Required Deity	Prohibited Race
CLASS:HC (Beltine)	PREALIGN:LN	PREDEITY:Beltine	!PRERACE:1,Elorii,Dwarf,Ss'ressen
# Class Name		Skill Pts/Lvl	Class Skill
CLASS:HC (Beltine)	STARTSKILLPTS:2	CSKILL:Concentration|TYPE.Craft|Diplomacy|Handle Animal|Heal|TYPE.Nobility|TYPE.Religion|TYPE.Profession|Ride|Sense Motive
# Class Name		Spell Stat		Spell Type		Automaticaly Known Spell Levels					Caster level
CLASS:HC (Beltine)	SPELLSTAT:WIS	SPELLTYPE:Divine	KNOWNSPELLS:LEVEL=0|LEVEL=1|LEVEL=2|LEVEL=3|LEVEL=4|LEVEL=5	BONUS:CASTERLEVEL|HC (Beltine)|CL/2|PRECLASS:1,HC (Beltine)=2
###Block: Aura strength - Deities in Arcanis don't have alignment - Aura based of Cleric's alignment
1																				BONUS:VAR|AlignmentAuraBase|CL												DEFINE:AlignmentAuraBase|0
1																																																	ABILITY:FEAT|VIRTUAL|Aura of Chaos|PREALIGN:CG,CN,CE
1																																																	ABILITY:FEAT|VIRTUAL|Aura of Evil|PREALIGN:LE,NE,CE
1																																																	ABILITY:FEAT|VIRTUAL|Aura of Good|PREALIGN:LG,NG,CG
1																																																	ABILITY:FEAT|VIRTUAL|Aura of Law|PREALIGN:LG,LN,LE
1				SAB:Mercy For All	SAB:Weapons of Our Mother (Ex)																																					ABILITY:FEAT|AUTOMATIC|Two Weapon Fighting|PREMULT:1,[PREEQUIPBOTH:1,Quarterstaff],[PREEQUIPTWOWEAPON:1,Mace (Light)]	ABILITY:FEAT|AUTOMATIC|Simple Weapon Proficiency|Martial Weapon Proficiency|Armor Proficiency (Light)|Armor Proficiency (Medium)|Armor Proficiency (Heavy)|Shield Proficiency|Tower Shield Proficiency	AUTO:WEAPONPROF|TYPE.Martial
2	CAST:0,0		SAB:Divine Grace (Su)	SAB:Lay on Hands (Su) % hp/day|LayOnHands	SAB:Merciful Strike (Ex)	BONUS:VAR|LayOnHands|max(CHA,0)*CL			BONUS:CHECKS|Fortitude,Reflex,Will|max(CHA,0)	DEFINE:LayOnHands|0
3	CAST:0,1		SAB:Divine Health (Ex)
4																				BONUS:VAR|ChannelTimesBase|3+CHA|TYPE=NoStack															ADD:VFEAT|TYPE=Channeling	ABILITY:FEAT|VIRTUAL|Basic Channeling
4																				BONUS:VAR|ChannelLevelBase|CL-3
4																				BONUS:VAR|ChannelDamagePlusBase|CL-3
4																				BONUS:VAR|ChannelCheckBase|CHA|TYPE=NoStack
4																				BONUS:VAR|TurnTimesBase|3+CHA|TYPE=NoStack										DEFINE:AllowImprovedTurning|1	ADD:VFEAT|TYPE=TurnUndead	ABILITY:FEAT|VIRTUAL|Basic Turning
4																				BONUS:VAR|TurnLevelBase|CL-3													DEFINE:AllowExtraTurning|1
4																				BONUS:VAR|TurnDamagePlusBase|CL-3
4																				BONUS:VAR|TurnCheckBase|CHA|TYPE=NoStack
4	CAST:0,2,0
5	CAST:0,3,1
6	CAST:0,3,2
7	CAST:0,3,2,0
8	CAST:0,3,3,1	SAB:No Harm Comes to My Charge (Ex)
9	CAST:0,3,3,2
10	CAST:0,3,3,2,0	SAB:Call Upon My Ancestors (Su)
11	CAST:0,3,3,3,1
12	CAST:0,3,3,3,2
13	CAST:0,3,3,3,2,0
14	CAST:0,3,3,3,3,1	SAB:Honor Thy Word (Su)
15	CAST:0,4,3,3,3,2
16	CAST:0,4,4,3,3,2
17	CAST:0,4,4,4,3,3
18	CAST:0,4,4,4,4,3	SAB:Cessation of Hostility (Su)
19	CAST:0,4,4,4,4,4
20	CAST:0,4,4,4,4,4	SAB:Ancestor in Waiting (Ex)

###########################################################################################################################################3

# Class Name	Product Identity?	Hit Dice	Type			Abbreviation	Max Level	Source, Long Desc.				Source Page		Automatic Languages	Save checks bonus												Combat bonus
CLASS:HC (Cadic)	NAMEISPI:YES	HD:8		TYPE:Base.PC	ABB:HCCdc		MAXLEVEL:20	SOURCELONG:Player's Guide to Arcanis	SOURCEPAGE:p.83	LANGAUTO:Literacy		BONUS:CHECKS|BASE.Fortitude,BASE.Reflex|CL/2+2	BONUS:CHECKS|BASE.Will|CL/3	BONUS:COMBAT|BAB|CL|TYPE=Base.REPLACE
# Class Name	Required AL	Required Deity	Prohibited Race
CLASS:HC (Cadic)	PREALIGN:LN	PREDEITY:Cadic	!PRERACE:1,Elorii,Dwarf,Ss'ressen
# Class Name	Skill Pts/Lvl	Class Skill
CLASS:HC (Cadic)	STARTSKILLPTS:6	CSKILL:Balance|Bluff|Climb|Diplomacy|Disable Device|Disguise|Escape Artist|Gather Information|Hide|Intimidate|Jump|TYPE.Religion|TYPE.Local|Listen|Move Silently|Open Lock|TYPE.Perform|TYPE.Profession|Search|Sense Motive|Sleight of Hand|Spot|Swim|Tumble|Use Rope
# Class Name	Spell Stat		Spell Type		Automaticaly Known Spell Levels				Caster level
CLASS:HC (Cadic)	SPELLSTAT:WIS	SPELLTYPE:Divine	KNOWNSPELLS:LEVEL=0|LEVEL=1|LEVEL=2|LEVEL=3|LEVEL=4	BONUS:CASTERLEVEL|HC (Cadic)|CL/2|PRECLASS:1,HC (Cadic)=4
###Block: Aura strength - Deities in Arcanis don't have alignment - Aura based of Cleric's alignment
1																				BONUS:VAR|AlignmentAuraBase|CL										DEFINE:AlignmentAuraBase|0
1																																															ABILITY:FEAT|VIRTUAL|Aura of Chaos|PREALIGN:CG,CN,CE
1																																															ABILITY:FEAT|VIRTUAL|Aura of Evil|PREALIGN:LE,NE,CE
1																																															ABILITY:FEAT|VIRTUAL|Aura of Good|PREALIGN:LG,NG,CG
1																																															ABILITY:FEAT|VIRTUAL|Aura of Law|PREALIGN:LG,LN,LE
1				VISION:Darkvision (60')	SAB:Pierce the Veil of Shadow (Su)																																		ABILITY:FEAT|AUTOMATIC|Simple Weapon Proficiency|Martial Weapon Proficiency|Armor Proficiency (Light)|Armor Proficiency (Medium)|Armor Proficiency (Heavy)|Shield Proficiency													AUTO:WEAPONPROF|TYPE.Martial
2								SAB:Cloak of Cadic (Su)
3								SAB:Shadow Jump (Su)
4																				BONUS:VAR|ChannelTimesBase|3+CHA|TYPE=NoStack													ADD:VFEAT|TYPE=Channeling	ABILITY:FEAT|VIRTUAL|Basic Channeling
4																				BONUS:VAR|ChannelLevelBase|CL-3
4																				BONUS:VAR|ChannelDamagePlusBase|CL-3
4																				BONUS:VAR|ChannelCheckBase|CHA|TYPE=NoStack
4	CAST:0,0						SAB:Divine Grace (Su)									BONUS:VAR|SmiteEvil|1							BONUS:CHECKS|ALL|max(CHA,0)													ABILITY:FEAT|VIRTUAL|Smite Evil
5	CAST:0,0						SAB:Trapfinding
6	CAST:0,1						SAB:Cloak of Cadic (Womb of Darkness) (Su)																																ABILITY:FEAT|VIRTUAL|AUTOMATIC|Evasion
7	CAST:0,1
8	CAST:0,1,0						SAB:Turn Shadows (Su)									BONUS:VAR|UncannyDodgeFlankingLevel|CL|TYPE=EachClass.STACK																		ABILITY:FEAT|AUTOMATIC|Uncanny Dodge
9	CAST:0,1,0
10	CAST:0,1,1						SAB:Cloak of Cadic (Moonless Night) (Su)																																																														SPELLS:ClassAbility|TIMES=1|CASTERLEVEL=CL|Shadow Conjuration
11	CAST:0,1,1,0
12	CAST:0,1,1,1					SAB:Aura of Courage (Ex)																																			ABILITY:FEAT|VIRTUAL|Slippery Mind
13	CAST:0,1,1,1
14	CAST:0,2,1,1,0					SAB:Cloak of Cadic (Cover of Night) (Su)	SAB:Hide in Plain Sight (Su)
15	CAST:0,2,1,1,1
16	CAST:0,2,2,1,1					SAB:Shadow Mage (Sp)																																																																	SPELLS:ClassAbility|TIMES=1|CASTERLEVEL=CL|Shadow Conjuration (Greater)
17	CAST:0,2,2,2,1
18	CAST:0,3,2,2,1					SAB:Shadow Master (Su)																																				ABILITY:FEAT|AUTOMATIC|Improved Evasion
19	CAST:0,3,3,3,2
20	CAST:0,3,3,3,3					SAB:Shadow Jump 1000 ft. (Su)	SAB:Shadow Blend (Su)

###########################################################################################################################################3

# Class Name		Product Identity?	Hit Dice	Type			Abbreviation	Max Level	Source, Long Desc.				Source Page		Automatic Languages			Save checks bonus												Combat bonus
CLASS:HC (Fire Dragon)	NAMEISPI:YES	HD:10		TYPE:Base.PC	ABB:HCFD		MAXLEVEL:20	SOURCELONG:Player's Guide to Arcanis	SOURCEPAGE:p.86	LANGAUTO:Literacy				BONUS:CHECKS|BASE.Fortitude|CL/2+2	BONUS:CHECKS|BASE.Reflex,BASE.Will|CL/3	BONUS:COMBAT|BAB|CL|TYPE=Base.REPLACE
# Class Name		Required AL		Required Deity		Required Race		Required Template
CLASS:HC (Fire Dragon)	PREALIGN:LG,LN	PREDEITY:Fire Dragon	PRERACE:1,Ss'ressen	PRETEMPLATE:Black Talon|Ashen Hide
# Class Name		Skill Pts/Lvl	Class Skill
CLASS:HC (Fire Dragon)	STARTSKILLPTS:2	CSKILL:Balance|Climb|Concentration|TYPE.Craft|Diplomacy|Examine Martial Technique|Handle Animal|Heal|Jump|Knowledge (Geography:Ssethregore)|Knowledge (Nature:Ssethregore)|TYPE.Religion|TYPE.Profession|Ride|Sense Motive|Swim
# Class Name		Spell Stat		Spell Type		Automaticaly Known Spell Levels				Craft Level Mult.	Caster level
CLASS:HC (Fire Dragon)	SPELLSTAT:WIS	SPELLTYPE:Divine	KNOWNSPELLS:LEVEL=0|LEVEL=1|LEVEL=2|LEVEL=3|LEVEL=4	ITEMCREATE:0.5	BONUS:CASTERLEVEL|HC (Fire Dragon)|CL/2|PRECLASS:1,HC (Fire Dragon)=4
###Block: Aura strength - Deities in Arcanis don't have alignment - Aura based of Cleric's alignment
1													BONUS:VAR|AlignmentAuraBase|CL																																				DEFINE:AlignmentAuraBase|0
1																																																																		ABILITY:FEAT|VIRTUAL|Aura of Chaos|PREALIGN:CG,CN,CE
1																																																																		ABILITY:FEAT|VIRTUAL|Aura of Evil|PREALIGN:LE,NE,CE
1																																																																		ABILITY:FEAT|VIRTUAL|Aura of Good|PREALIGN:LG,NG,CG
1																																																																		ABILITY:FEAT|VIRTUAL|Aura of Law|PREALIGN:LG,LN,LE
1																																																																		ABILITY:FEAT|AUTOMATIC|Shield Proficiency|Tower Shield Proficiency																						AUTO:ARMORPROF|ARMORTYPE.Light|ARMORTYPE.Medium|ARMORTYPE.Heavy	AUTO:WEAPONPROF|TYPE.Martial|TYPE.Simple
1																																																																														SPELLS:ClassAbility|TIMES=-1|CASTERLEVEL=CL|Detect Evil
2													BONUS:VAR|DefStTimes|1	BONUS:VAR|DefStDur|3+CON	BONUS:VAR|DefStSTR|2	BONUS:VAR|DefStCON|4	BONUS:VAR|DefStSav|2	BONUS:VAR|DefStAC|4	BONUS:VAR|DefStHP|2*CL	BONUS:VAR|DivGrace|max(0,var("CHA"))	BONUS:VAR|HitPtsDmg|CL*CHA													ABILITY:FEAT|VIRTUAL|Defensive Stance|Divine Grace PGtA|Talons of Flame
3																																																																		ABILITY:FEAT|VIRTUAL|Aura of Courage|Burning Blood
4													BONUS:VAR|ChannelTimesBase|3+CHA|TYPE=NoStack	BONUS:VAR|ChannelLevelBase|CL-3	BONUS:VAR|ChannelDamagePlusBase|CL-3	BONUS:VAR|ChannelCheckBase|CHA|TYPE=NoStack																		ADD:VFEAT|TYPE=Channeling	ABILITY:FEAT|VIRTUAL|Basic Channeling
4													BONUS:VAR|ChannelLevelBase|CL-3
4													BONUS:VAR|ChannelDamagePlusBase|CL-3
4													BONUS:VAR|ChannelCheckBase|CHA|TYPE=NoStack
4	CAST:0,0											BONUS:VAR|SsetEnfLvl|TL-("CL=HC (Fire Dragon)")+("CL=HC (Fire Dragon)"-3)																																									ABILITY:FEAT|VIRTUAL|Ssethric Enforcer
6	CAST:0,1																																																																ABILITY:FEAT|AUTOMATIC|Dragons Hide
7	CAST:0,1
8	CAST:0,1,0											BONUS:VAR|ProtWard|CL																																																		ABILITY:FEAT|AUTOMATIC|Protective Ward
9	CAST:0,1,0
10	CAST:0,1,1																																																																ABILITY:FEAT|VIRTUAL|Sanction of the Fire Dragon
11	CAST:0,1,1,0
12	CAST:0,1,1,1										BONUS:VAR|DefStTime|max(CHA,1)																																																ABILITY:FEAT|VIRTUAL|Strength Bonus
13	CAST:0,1,1,1
14	CAST:0,2,1,1,0										BONUS:VAR|BreathDmg|10+(CL/2)+CHA																																																ABILITY:FEAT|VIRTUAL|Breath of Fire
15	CAST:0,2,1,1,1
16	CAST:0,2,2,1,1																																																															ABILITY:FEAT|VIRTUAL|Constitution Bonus
17	CAST:0,2,2,2,1
18	CAST:0,3,2,2,1	SR:CHA+10	DR:10/Magic																																																											ABILITY:FEAT|VIRTUAL|Shimmering Scales
19	CAST:0,3,3,3,2
20	CAST:0,3,3,3,3					SAB:Dragon Apotheosis (Ex)																																																																												TEMPLATE:CHOOSE:Dragon Apotheosis (Red)|Dragon Apotheosis (Gold)

###########################################################################################################################################3

# Class Name		Product Identity?	Hit Dice	Type			Abbreviation	Max Level	Source, Long Desc.				Source Page		Automatic Languages	Save checks bonus												Combat bonus
CLASS:HC (Hurrian)	NAMEISPI:YES	HD:10		TYPE:Base.PC	ABB:HCHrr		MAXLEVEL:20	SOURCELONG:Player's Guide to Arcanis	SOURCEPAGE:p.89	LANGAUTO:Literacy		BONUS:CHECKS|BASE.Fortitude|CL/2+2	BONUS:CHECKS|BASE.Will,BASE.Reflex|CL/3	BONUS:COMBAT|BAB|CL|TYPE=Base.REPLACE
# Class Name		Required AL		Required Deity	Multiple Requirements
CLASS:HC (Hurrian)	PREALIGN:LG,NG,CG	PREDEITY:Hurrian	PREMULT:1,[PRERACE:1,Val,Human,Dark-Kin,Half-Orc,Half-Hobgoblin,Gnome],[PREMULT:2,[PRERACE:1,Dwarf],[PRETEMPLATE:Tir Betoqi]]
# Class Name		Skill Pts/Lvl	Class Skill
CLASS:HC (Hurrian)	STARTSKILLPTS:2	CSKILL:Concentration|TYPE.Craft|Diplomacy|Handle Animal|Heal|Jump|TYPE.Nature|TYPE.Nobility|TYPE.Religion|TYPE.Profession|Ride|Sense Motive|Survival
# Class Name		Spell Stat		Spell Type		Automaticaly Known Spell Levels				Caster level
CLASS:HC (Hurrian)	SPELLSTAT:WIS	SPELLTYPE:Divine	KNOWNSPELLS:LEVEL=0|LEVEL=1|LEVEL=2|LEVEL=3|LEVEL=4	BONUS:CASTERLEVEL|HC (Hurrian)|CL/2|PRECLASS:1,HC (Hurrian)=4
###Block: Aura strength - Deities in Arcanis don't have alignment - Aura based of Cleric's alignment
1																					BONUS:VAR|AlignmentAuraBase|CL												DEFINE:AlignmentAuraBase|0
1																																																		ABILITY:FEAT|VIRTUAL|Aura of Chaos|PREALIGN:CG,CN,CE
1																																																		ABILITY:FEAT|VIRTUAL|Aura of Evil|PREALIGN:LE,NE,CE
1																																																		ABILITY:FEAT|VIRTUAL|Aura of Good|PREALIGN:LG,NG,CG
1																																																		ABILITY:FEAT|VIRTUAL|Aura of Law|PREALIGN:LG,LN,LE
1																					BONUS:VAR|SmiteEvil|1																										ABILITY:FEAT|VIRTUAL|Smite Evil	ABILITY:FEAT|AUTOMATIC|Simple Weapon Proficiency|Martial Weapon Proficiency|Armor Proficiency (Light)|Armor Proficiency (Medium)|Armor Proficiency (Heavy)|Shield Proficiency|Tower Shield Proficiency	SPELLS:ClassAbility|TIMES=-1|CASTERLEVEL=CL|Detect Evil		AUTO:WEAPONPROF|TYPE.Martial
2				SAB:Divine Grace (Su)	SAB:Electricity Resistance % (Su)|2*CL															BONUS:CHECKS|Fortitude,Reflex,Will|max(CHA,0)
3				SAB:Aura of Courage (Ex)	SAB:Divine Health (Ex)
4																					BONUS:VAR|ChannelTimesBase|3+CHA|TYPE=NoStack															ADD:VFEAT|TYPE=Channeling	ABILITY:FEAT|VIRTUAL|Basic Channeling
4																					BONUS:VAR|ChannelLevelBase|CL-3
4																					BONUS:VAR|ChannelDamagePlusBase|CL-3
4																					BONUS:VAR|ChannelCheckBase|CHA|TYPE=NoStack
4	CAST:0,0																																																ABILITY:FEAT|AUTOMATIC|Weapon Focus(Longsword)
5	CAST:0,0
6	CAST:0,1		SAB:Hand of the Storm Lord - Fortitude DC % (Sp)|10+CHA+(floor(CL/2))	SAB:Ride the Lightning (Sp)
7	CAST:0,1
8	CAST:0,1,0		SAB:Thunderclap - %d4 dmg, deaf for 2d4 rounds, Fortitude Save DC % (Sp)|CL|10+CHA+(floor(CL/2))
9	CAST:0,1,0
10	CAST:0,1,1		SAB:Special Mount (Sp)
11	CAST:0,1,1,0
12	CAST:0,1,1,1																																															ABILITY:FEAT|AUTOMATIC|Weapon Specialization (Longsword)
13	CAST:0,1,1,1
14	CAST:0,2,1,1,0																		BONUS:VAR|SmiteEvil|max(CHA,1)
15	CAST:0,2,1,1,1
16	CAST:0,2,2,1,1	SAB:The Heavens Speak (Sp)																																																																																		SPELLS:ClassAbility|TIMES=1|CASTERLEVEL=CL|Call Lightning Storm
17	CAST:0,2,2,2,1
18	CAST:0,3,2,2,1	SAB:Voice Like Thunder (Sp) 1/week																																																																																	SPELLS:ClassAbility|TIMES=1|CASTERLEVEL=CL|Holy Word
19	CAST:0,3,3,3,2
20	CAST:0,3,3,3,3	SAB:I Am the Storm (Su)

###########################################################################################################################################3

## Class Name	Product Identity?	Hit Dice	Type			Maxlevel	Abbreviation	Source Page		Automatic Languages	Save checks bonus											Combat bonus

# Class Name	Product Identity?	Hit Dice	Type			Abbreviation	Max Level	Source, Long Desc.				Source Page		Automatic Languages	Save checks bonus												Combat bonus
CLASS:HC (Illiir)	NAMEISPI:YES	HD:10		TYPE:Base.PC	ABB:HCIlr		MAXLEVEL:20	SOURCELONG:Player's Guide to Arcanis	SOURCEPAGE:p.93	LANGAUTO:Literacy		BONUS:CHECKS|BASE.Fortitude|CL/2+2	BONUS:CHECKS|BASE.Will,BASE.Reflex|CL/3	BONUS:COMBAT|BAB|CL|TYPE=Base.REPLACE
# Class Name	Required AL		Required Deity	Multiple Requirements
CLASS:HC (Illiir)	PREALIGN:LG,LN,LE	PREDEITY:Illiir	PREMULT:1,[PRERACE:1,Val,Human],[PREMULT:2,[PRERACE:1,Dwarf],[PREREGION:Solanos Mor]]
# Class Name	Skill Pts/Lvl	Class Skill
CLASS:HC (Illiir)	STARTSKILLPTS:2	CSKILL:Concentration|TYPE.Craft|Diplomacy|Handle Animal|Heal|TYPE.Nobility|TYPE.Religion|TYPE.Profession|Ride|Sense Motive
# Class Name	Spell Stat		Spell Type		Automaticaly Known Spell Levels			Caster level
CLASS:HC (Illiir)	SPELLSTAT:WIS	SPELLTYPE:Divine	KNOWNSPELLS:LEVEL=1|LEVEL=2|LEVEL=3|LEVEL=4	BONUS:CASTERLEVEL|HC (Illiir)|CL/2|PRECLASS:1,HC (Illiir)=4
###Block: Aura strength - Deities in Arcanis don't have alignment - Aura based of Cleric's alignment
1																		BONUS:VAR|AlignmentAuraBase|CL														DEFINE:AlignmentAuraBase|0
1																																																							ABILITY:FEAT|VIRTUAL|Aura of Chaos|PREALIGN:CG,CN,CE
1																																																							ABILITY:FEAT|VIRTUAL|Aura of Evil|PREALIGN:LE,NE,CE
1																																																							ABILITY:FEAT|VIRTUAL|Aura of Good|PREALIGN:LG,NG,CG
1																																																							ABILITY:FEAT|VIRTUAL|Aura of Law|PREALIGN:LG,LN,LE
1				SAB:Smite Chaos (Su) (%/Day, +% to hit, +% Damage)|SmiteChaos|ChaosHit|ChaosDamage	BONUS:VAR|ChaosHit|max(CHA,0)	BONUS:VAR|ChaosDamage|CL										DEFINE:SmiteChaos|1	DEFINE:ChaosHit|0	DEFINE:ChaosDamage|0								ABILITY:FEAT|AUTOMATIC|Simple Weapon Proficiency|Martial Weapon Proficiency|Armor Proficiency (Light)|Armor Proficiency (Medium)|Armor Proficiency (Heavy)|Shield Proficiency|Tower Shield Proficiency	SPELLS:ClassAbility|TIMES=-1|CASTERLEVEL=CL|Detect Chaos	AUTO:WEAPONPROF|TYPE=Martial
2				SAB:Lay on Hands (Su) % hp/day|LayOnHands	SAB:Divine Grace (Su)				BONUS:VAR|LayOnHands|max(CHA,0)*CL					BONUS:CHECKS|Fortitude,Reflex,Will|max(CHA,0)	DEFINE:LayOnHands|0
3				SAB:Aura of Courage (Ex)	SAB:Divine Health (Ex)
4																		BONUS:VAR|ChannelTimesBase|3+CHA|TYPE=NoStack																							ADD:VFEAT|TYPE=Channeling	ABILITY:FEAT|VIRTUAL|Basic Channeling
4																		BONUS:VAR|ChannelLevelBase|CL-3
4																		BONUS:VAR|ChannelDamagePlusBase|CL-3
4																		BONUS:VAR|ChannelCheckBase|CHA|TYPE=NoStack
4																		BONUS:VAR|TurnTimesBase|3+CHA|TYPE=NoStack												DEFINE:AllowImprovedTurning|1							ADD:VFEAT|TYPE=TurnUndead	ABILITY:FEAT|VIRTUAL|Basic Turning
4																		BONUS:VAR|TurnLevelBase|CL-3															DEFINE:AllowExtraTurning|1
4																		BONUS:VAR|TurnDamagePlusBase|CL-3
4																		BONUS:VAR|TurnCheckBase|CHA|TYPE=NoStack
4	CAST:0,0																																																					ABILITY:FEAT|AUTOMATIC|Weapon Focus(Gladius)
5	CAST:0,0
6	CAST:0,1		SAB:Perfect Emotions (Ex)																																															ABILITY:FEAT|AUTOMATIC|Improved Familiar
7	CAST:0,1
8	CAST:0,1,0		SAB:Smite Infidel (Su) %/Day|SmiteInfidel																											DEFINE:SmiteInfidel|1
9	CAST:0,1,0
10	CAST:0,1,1																																			DEFINE:SmiteChaos|max(CHA,1)
11	CAST:0,1,1,0
12	CAST:0,1,1,1	SAB:Voice of Our Lord (Su)																																															ABILITY:FEAT|AUTOMATIC|Weapon Specialization(Gladius)
13	CAST:0,1,1,1
14	CAST:0,2,1,1,0																																		DEFINE:SmiteInfidel|max(CHA,1)
15	CAST:0,2,1,1,1
16	CAST:0,2,2,1,1	SAB:Ensorcell Me Not (Su)
17	CAST:0,2,2,2,1
18	CAST:0,3,2,2,1	SAB:Brilliance of Illiir (Sp)
19	CAST:0,3,3,3,2
20	CAST:0,3,3,3,3	SAB:Perfect Glory of Illiir (Su)

###########################################################################################################################################3

# Class Name		Product Identity?	Hit Dice	Type			Abbreviation	Max Level	Source, Long Desc.				Source Page		Automatic Languages	Save checks bonus												Combat bonus
CLASS:HC (Larissa)	NAMEISPI:YES	HD:10		TYPE:Base.PC	ABB:HCL		MAXLEVEL:20	SOURCELONG:Player's Guide to Arcanis	SOURCEPAGE:p.95	LANGAUTO:Literacy		BONUS:CHECKS|BASE.Fortitude|CL/2+2	BONUS:CHECKS|BASE.Will,BASE.Reflex|CL/3	BONUS:COMBAT|BAB|CL|TYPE=Base.REPLACE
# Class Name		Required AL		Required Deity	Multiple Requirements
CLASS:HC (Larissa)	PREALIGN:CG,CN,CE	PREDEITY:Larissa	PREMULT:1,[PRERACE:1,Val,Human,Dark-Kin,Half-Orc,Half-Hobgoblin,Gnome],[PREMULT:2,[PRERACE:1,Dwarf],[PRETEMPLATE:Tultipetan]]
# Class Name		Skill Pts/Lvl	Class Skill
CLASS:HC (Larissa)	STARTSKILLPTS:2	CSKILL:Bluff|Concentration|TYPE.Craft|Diplomacy|Gather Information|Handle Animal|Heal|TYPE.Nobility|TYPE.Religion|Listen|TYPE.Profession|Ride|Spot|Sense Motive
# Class Name		Spell Stat		Spell Type		Automaticaly Known Spell Levels				Caster level
CLASS:HC (Larissa)	SPELLSTAT:WIS	SPELLTYPE:Divine	KNOWNSPELLS:LEVEL=0|LEVEL=1|LEVEL=2|LEVEL=3|LEVEL=4	BONUS:CASTERLEVEL|HC (Larissa)|CL/2|PRECLASS:1,HC (Larissa)=4
###Block: Aura strength - Deities in Arcanis don't have alignment - Aura based of Cleric's alignment
1												BONUS:VAR|AlignmentAuraBase|CL												DEFINE:AlignmentAuraBase|0
1																																									ABILITY:FEAT|VIRTUAL|Aura of Chaos|PREALIGN:CG,CN,CE
1																																									ABILITY:FEAT|VIRTUAL|Aura of Evil|PREALIGN:LE,NE,CE
1																																									ABILITY:FEAT|VIRTUAL|Aura of Good|PREALIGN:LG,NG,CG
1																																									ABILITY:FEAT|VIRTUAL|Aura of Law|PREALIGN:LG,LN,LE
1				SAB:Detect Aura (Sp)																																		ABILITY:FEAT|AUTOMATIC|Simple Weapon Proficiency|Martial Weapon Proficiency|Armor Proficiency (Light)|Armor Proficiency (Medium)|Armor Proficiency (Heavy)|Shield Proficiency	AUTO:WEAPONPROF|TYPE.Martial
2				SAB:Divine Grace (Su)	SAB:Borrowed Time (Su)									BONUS:CHECKS|Fortitude,Reflex,Will|max(CHA,0)
3				SAB:Divine Health (Ex)
4												BONUS:VAR|ChannelTimesBase|3+CHA|TYPE=NoStack															ADD:VFEAT|TYPE=Channeling	ABILITY:FEAT|VIRTUAL|Basic Channeling
4												BONUS:VAR|ChannelLevelBase|CL-3
4												BONUS:VAR|ChannelDamagePlusBase|CL-3
4												BONUS:VAR|ChannelCheckBase|CHA|TYPE=NoStack
4	CAST:0,0		SAB:Pull the Strands of Fate (Su)
5	CAST:0,0
6	CAST:0,1		SAB:More Borrowed Time (Su)
7	CAST:0,1
8	CAST:0,1,0		SAB:Walk the Web of Fate (Su)
9	CAST:0,1,0
10	CAST:0,1,1		SAB:Portents of Things to Come (Ex)
11	CAST:0,1,1,0
12	CAST:0,1,1,1	SAB:Savant (Su)
13	CAST:0,1,1,1
14	CAST:0,2,1,1,0	SAB:Fate Favors the Will (Su)
15	CAST:0,2,1,1,1
16	CAST:0,2,2,1,1	SAB:Supreme Savant (Su)
17	CAST:0,2,2,2,1
18	CAST:0,3,2,2,1	SAB:Blessed Agility (Sp)																																	ABILITY:FEAT|AUTOMATIC|Evasion
19	CAST:0,3,3,3,2
20	CAST:0,3,3,3,3	SAB:Alternate Reality (Su)

###########################################################################################################################################3

# Class Name	Product Identity?	Hit Dice	Type			Abbreviation	Max Level	Source, Long Desc.				Source Page		Automatic Languages	Save checks bonus												Combat bonus
CLASS:HC (Neroth)	NAMEISPI:YES	HD:10		TYPE:Base.PC	ABB:HCNrt		MAXLEVEL:20	SOURCELONG:Player's Guide to Arcanis	SOURCEPAGE:p.98	LANGAUTO:Literacy		BONUS:CHECKS|BASE.Fortitude|CL/2+2	BONUS:CHECKS|BASE.Will,BASE.Reflex|CL/3	BONUS:COMBAT|BAB|CL|TYPE=Base.REPLACE
# Class Name	Required AL	Required Deity	Prohibited Race
CLASS:HC (Neroth)	PREALIGN:LG	PREDEITY:Neroth	!PRERACE:1,Elorii,Ss'ressen
# Class Name	Skill Pts/Lvl	Class Skill
CLASS:HC (Neroth)	STARTSKILLPTS:2	CSKILL:Concentration|TYPE.Craft|Diplomacy|Handle Animal|Heal|Intimidate|TYPE.Religion|TYPE.Profession|Ride|Sense Motive
# Class Name	Spell Stat		Spell Type		Automaticaly Known Spell Levels				Caster level
CLASS:HC (Neroth)	SPELLSTAT:WIS	SPELLTYPE:Divine	KNOWNSPELLS:LEVEL=0|LEVEL=1|LEVEL=2|LEVEL=3|LEVEL=4	BONUS:CASTERLEVEL|HC (Neroth)|CL/2|PRECLASS:1,HC (Neroth)=4
###Block: Aura strength - Deities in Arcanis don't have alignment - Aura based of Cleric's alignment
1																	BONUS:VAR|AlignmentAuraBase|CL								DEFINE:AlignmentAuraBase|0
1																																										ABILITY:FEAT|VIRTUAL|Aura of Chaos|PREALIGN:CG,CN,CE
1																																										ABILITY:FEAT|VIRTUAL|Aura of Evil|PREALIGN:LE,NE,CE
1																																										ABILITY:FEAT|VIRTUAL|Aura of Good|PREALIGN:LG,NG,CG
1																																										ABILITY:FEAT|VIRTUAL|Aura of Law|PREALIGN:LG,LN,LE
1				SAB:Smite Evil (Su) %/day|SmiteEvil								BONUS:VAR|SmiteEvil|1										DEFINE:SmiteEvil|0									ABILITY:FEAT|AUTOMATIC|Simple Weapon Proficiency|Martial Weapon Proficiency|Armor Proficiency (Light)|Armor Proficiency (Medium)|Armor Proficiency (Heavy)|Shield Proficiency|Tower Shield Proficiency	SPELLS:ClassAbility|TIMES=-1|CASTERLEVEL=CL|Detect Evil		AUTO:WEAPONPROF|TYPE.Martial
2				SAB:Divine Grace (Ex)																		BONUS:CHECKS|ALL|max(CHA,0)																																															SPELLS:ClassAbility|TIMES=max(CHA,1)|CASTERLEVEL=CL|Deathwatch
3				SAB:Divine Health (Ex)	SAB:Aura of Courage (Ex)
4																	BONUS:VAR|ChannelTimesBase|3+CHA|TYPE=NoStack						DEFINE:AllowImprovedTurning|1	ADD:VFEAT|TYPE=Channeling	ABILITY:FEAT|VIRTUAL|Basic Channeling
4																	BONUS:VAR|ChannelLevelBase|CL-3								DEFINE:AllowExtraTurning|1
4																	BONUS:VAR|ChannelDamagePlusBase|CL-3
4																	BONUS:VAR|ChannelCheckBase|CHA|TYPE=NoStack
4	CAST:0,0		SAB:Turn Undead (Su) (Turn level %)|ChannelLevelUndead
5	CAST:0,0
6	CAST:0,1		SAB:Special Mount (Sp)
7	CAST:0,1
8	CAST:0,1,0		SAB:Neroth's Grasp (Su)
9	CAST:0,1,0
10	CAST:0,1,1															BONUS:VAR|SmiteEvil|max(CHA,1)
11	CAST:0,1,1,0
12	CAST:0,1,1,1	SAB:To Hear My Voice is to Know Fear (Su)
13	CAST:0,1,1,1
14	CAST:0,2,1,1,0	SAB:Horror of Horrors (Sp) - May only be used against Evil aligned creatures																																																												SPELLS:ClassAbility|TIMES=1|Phantasmal Killer,15+CHA
15	CAST:0,2,1,1,1
16	CAST:0,2,2,1,1	SAB:Shroud of Oblivion (Sp)
17	CAST:0,2,2,2,1
18	CAST:0,3,2,2,1	SAB:Final Word (Su)
19	CAST:0,3,3,3,2
20	CAST:0,3,3,3,3	SAB:Life Beyond Life (Ex)

###########################################################################################################################################3

# Class Name	Product Identity?	Hit Dice	Type			Abbreviation	Max Level	Source, Long Desc.				Source Page		Automatic Languages	Save checks bonus												Combat bonus
CLASS:HC (Nier)	NAMEISPI:YES	HD:10		TYPE:Base.PC	ABB:HCNr		MAXLEVEL:20	SOURCELONG:Player's Guide to Arcanis	SOURCEPAGE:p.101	LANGAUTO:Literacy		BONUS:CHECKS|BASE.Fortitude|CL/2+2	BONUS:CHECKS|BASE.Reflex,BASE.Will|CL/3	BONUS:COMBAT|BAB|CL
# Class Name	Required AL		Required Deity	Required Race
CLASS:HC (Nier)	PREALIGN:LG,LN,LE	PREDEITY:Nier	PRERACE:1,Human,Val
# Class Name	Skill Pts/Lvl	Class Skill
CLASS:HC (Nier)	STARTSKILLPTS:2	CSKILL:Concentration|TYPE.Craft|Diplomacy|Handle Animal|Heal|Intimidate|TYPE.Nobility|TYPE.Religion|TYPE.Local|TYPE.Profession|Ride|Sense Motive
# Class Name	Spell Stat		Spell Type		Automaticaly Known Spell Levels				Caster level
CLASS:HC (Nier)	SPELLSTAT:WIS	SPELLTYPE:Divine	KNOWNSPELLS:LEVEL=0|LEVEL=1|LEVEL=2|LEVEL=3|LEVEL=4	BONUS:CASTERLEVEL|HC (Nier)|CL/2|PRECLASS:1,HC (Nier)=4
###Block: Aura strength - Deities in Arcanis don't have alignment - Aura based of Cleric's alignment
1																								BONUS:VAR|AlignmentAuraBase|CL															DEFINE:AlignmentAuraBase|0
1																																																																			ABILITY:FEAT|VIRTUAL|Aura of Chaos|PREALIGN:CG,CN,CE
1																																																																			ABILITY:FEAT|VIRTUAL|Aura of Evil|PREALIGN:LE,NE,CE
1																																																																			ABILITY:FEAT|VIRTUAL|Aura of Good|PREALIGN:LG,NG,CG
1																																																																			ABILITY:FEAT|VIRTUAL|Aura of Law|PREALIGN:LG,LN,LE
1				SAB:Discern Aura (Sp)	SAB:Smite Infidel (Su) (%/Day, +% to hit, +% Damage)|SmiteInfidel|InfidelHit|InfidelDamage	BONUS:VAR|InfidelHit|max(CHA,0)	BONUS:VAR|InfidelDamage|CL										DEFINE:SmiteInfidel|0	DEFINE:SmiteInfidel|1	DEFINE:InfidelHit|0	DEFINE:InfidelDamage|0								ABILITY:FEAT|AUTOMATIC|Simple Weapon Proficiency|Martial Weapon Proficiency|Armor Proficiency (Light)|Armor Proficiency (Medium)|Armor Proficiency (Heavy)|Shield Proficiency|Tower Shield Proficiency	AUTO:WEAPONPROF|TYPE.Martial
2				SAB:Divine Grace (Su)	SAB:Fiery Touch (Su) 1/Day																							BONUS:CHECKS|Fortitude,Reflex,Will|max(CHA,0)
3				SAB:Aura of Courage (Ex)	SAB:Divine Health (Ex)
4																								BONUS:VAR|ChannelTimesBase|3+CHA|TYPE=NoStack													DEFINE:AllowImprovedTurning|1												ADD:VFEAT|TYPE=Channeling	ABILITY:FEAT|VIRTUAL|Basic Channeling
4																								BONUS:VAR|ChannelLevelBase|CL-3															DEFINE:AllowExtraTurning|1
4																								BONUS:VAR|ChannelDamagePlusBase|CL-3
4																								BONUS:VAR|ChannelCheckBase|CHA|TYPE=NoStack
4	CAST:0,0																																																																	ABILITY:FEAT|AUTOMATIC|Weapon Focus(Greatsword)
5	CAST:0,0
6	CAST:0,1		SAB:Stand and Be Judged (Su)
7	CAST:0,1
8	CAST:0,1,0		SAB:Energumen (Su)
9	CAST:0,1,0
10	CAST:0,1,1																																										DEFINE:SmiteInfidel|max(CHA,1)
11	CAST:0,1,1,0
12	CAST:0,1,1,1																																																																ABILITY:FEAT|AUTOMATIC|Weapon Specialization(Greatsword)
13	CAST:0,1,1,1
14	CAST:0,2,1,1,0	SAB:To Hear My Voice is to Know Fear (Su)
15	CAST:0,2,1,1,1
16	CAST:0,2,2,1,1	SAB:Conflagration (Sp) 1/Day
17	CAST:0,2,2,2,1
18	CAST:0,3,2,2,1	SAB:Gavel of Nier (Su)
19	CAST:0,3,3,3,2
20	CAST:0,3,3,3,3	SAB:My Word is Law (Su) - Your xp is at maximum (%)|WordLaw											BONUS:VAR|WordLaw|200+(20*CON)															DEFINE:WordLaw|0

###########################################################################################################################################3

# Class Name	Product Identity?	Hit Dice	Type			Abbreviation	Max Level	Source, Long Desc.				Source Page		Automatic Languages	Save checks bonus												Combat bonus
CLASS:HC (Saluwe)	NAMEISPI:YES	HD:10		TYPE:Base.PC	ABB:HCSlw		MAXLEVEL:20	SOURCELONG:Player's Guide to Arcanis	SOURCEPAGE:p.98	LANGAUTO:Literacy		BONUS:CHECKS|BASE.Fortitude|CL/2+2	BONUS:CHECKS|BASE.Will,BASE.Reflex|CL/3	BONUS:COMBAT|BAB|CL|TYPE=Base.REPLACE
# Class Name	Required AL	Required Deity	Prohibited Race
CLASS:HC (Saluwe)	PREALIGN:LN	PREDEITY:Saluwe	!PRERACE:1,Elorii,Dwarf,Ss'ressen
# Class Name	Skill Pts/Lvl	Class Skill
CLASS:HC (Saluwe)	STARTSKILLPTS:2	CSKILL:Concentration|TYPE.Craft|Diplomacy|Handle Animal|Heal|Intimidate|TYPE.Nature|TYPE.Nobility|TYPE.Religion|TYPE.Profession|Ride|Sense Motive|Survival
# Class Name	Spell Stat		Spell Type		Automaticaly Known Spell Levels				Caster level
CLASS:HC (Saluwe)	SPELLSTAT:WIS	SPELLTYPE:Divine	KNOWNSPELLS:LEVEL=0|LEVEL=1|LEVEL=2|LEVEL=3|LEVEL=4	BONUS:CASTERLEVEL|HC (Saluwe)|CL/2|PRECLASS:1,HC (Saluwe)=4
###Block: Aura strength - Deities in Arcanis don't have alignment - Aura based of Cleric's alignment
1																							BONUS:VAR|AlignmentAuraBase|CL												DEFINE:AlignmentAuraBase|0
1																																																				ABILITY:FEAT|VIRTUAL|Aura of Chaos|PREALIGN:CG,CN,CE
1																																																				ABILITY:FEAT|VIRTUAL|Aura of Evil|PREALIGN:LE,NE,CE
1																																																				ABILITY:FEAT|VIRTUAL|Aura of Good|PREALIGN:LG,NG,CG
1																																																				ABILITY:FEAT|VIRTUAL|Aura of Law|PREALIGN:LG,LN,LE
1												SAB:Stability (Ex)	SAB:Strength of the Earth (Su)																															ABILITY:FEAT|VIRTUAL|Simple Weapon Proficiency|Martial Weapon Proficiency|Armor Proficiency (Light)|Armor Proficiency (Medium)|Armor Proficiency (Heavy)|Shield Proficiency	AUTO:WEAPONPROF|TYPE.Martial
2												SAB:Divine Grace (Ex)	SAB:Lay on Hands (Su) % hp/day|LayOnHands	BONUS:VAR|LayOnHands|max(CHA,0)*CL			BONUS:CHECKS|ALL|max(CHA,0)					DEFINE:LayOnHands|0
3												SAB:Divine Health (Ex)	SAB:Thorn of Saluwe (Sp)
4																							BONUS:VAR|ChannelTimesBase|3+CHA|TYPE=NoStack															ADD:VFEAT|TYPE=Channeling	ABILITY:FEAT|VIRTUAL|Basic Channeling
4																							BONUS:VAR|ChannelLevelBase|CL-3
4																							BONUS:VAR|ChannelDamagePlusBase|CL-3
4																							BONUS:VAR|ChannelCheckBase|CHA|TYPE=NoStack
4	CAST:0,0										SAB:Gaea's Embrace (Su)
5	CAST:0,0
6	CAST:0,1										SAB:Special Mount (Sp)	SAB:Earth Mastery (Ex)
7	CAST:0,1
8	CAST:0,1,0										SAB:Gaea's Ward (Su)
9	CAST:0,1,0
10	CAST:0,1,1
11	CAST:0,1,1,0
12	CAST:0,1,1,1							DR:0/-	SAB:Like the Mountain (Su)																				BONUS:DR|-|max(CHA,1)
13	CAST:0,1,1,1
14	CAST:0,2,1,1,0
15	CAST:0,2,1,1,1
16	CAST:0,2,2,1,1									SAB:Ley Line (Su)
17	CAST:0,2,2,2,1
18	CAST:0,3,2,2,1	VISION:Tremorsense (TremorLevel)			SAB:Tremorsense %' (Su)|TremorLevel						BONUS:VAR|TremorLevel|5*max(CHA,1)												DEFINE:TremorLevel|0
19	CAST:0,3,3,3,2
20	CAST:0,3,3,3,3									SAB:Earthshaker (Su)

###########################################################################################################################################3

# Class Name	Product Identity?	Hit Dice	Type			Abbreviation	Max Level	Source, Long Desc.				Source Page		Automatic Languages	Save checks bonus												Combat bonus
CLASS:HC (Sarish)	NAMEISPI:YES	HD:10		TYPE:Base.PC	ABB:HCSrs		MAXLEVEL:20	SOURCELONG:Player's Guide to Arcanis	SOURCEPAGE:p.106	LANGAUTO:Literacy		BONUS:CHECKS|BASE.Fortitude,BASE.Will|CL/2+2	BONUS:CHECKS|BASE.Reflex|CL/3	BONUS:COMBAT|BAB|CL|TYPE=Base.REPLACE
# Class Name	Required AL	Required Deity	Multiple Requirements
CLASS:HC (Sarish)	PREALIGN:LG	PREDEITY:Sarish	PREMULT:1,[PRERACE:1,Val,Human,Dark-Kin,Half-Orc,Half-Hobgoblin,Gnome],[PREMULT:2,[PRERACE:1,Dwarf],[PRETEMPLATE:Encalan]]
# Class Name	Skill Pts/Lvl	Class Skill
CLASS:HC (Sarish)	STARTSKILLPTS:2	CSKILL:Concentration|TYPE.Craft|Diplomacy|Handle Animal|Heal|TYPE.Planes|TYPE.Nobility|TYPE.Religion|TYPE.Profession|Ride|Sense Motive
# Class Name	Spell Stat		Spell Type		Automaticaly Known Spell Levels				Caster level
CLASS:HC (Sarish)	SPELLSTAT:WIS	SPELLTYPE:Divine	KNOWNSPELLS:LEVEL=0|LEVEL=1|LEVEL=2|LEVEL=3|LEVEL=4	BONUS:CASTERLEVEL|HC (Sarish)|CL/2|PRECLASS:1,HC (Sarish)=4
###Block: Aura strength - Deities in Arcanis don't have alignment - Aura based of Cleric's alignment
1																																																							BONUS:VAR|AlignmentAuraBase|CL									DEFINE:AlignmentAuraBase|0
1																																																																																		ABILITY:FEAT|VIRTUAL|Aura of Chaos|PREALIGN:CG,CN,CE
1																																																																																		ABILITY:FEAT|VIRTUAL|Aura of Evil|PREALIGN:LE,NE,CE
1																																																																																		ABILITY:FEAT|VIRTUAL|Aura of Good|PREALIGN:LG,NG,CG
1																																																																																		ABILITY:FEAT|VIRTUAL|Aura of Law|PREALIGN:LG,LN,LE
1									SAB:Discern Infernal (Sp)	SAB:Path of the Tainted (Ex)	SAB:Unnatural Aura (Ex)																																									BONUS:SKILL|Handle Animal,Ride|-2						ADD:VFEAT|TYPE=InnerDemon		ABILITY:FEAT|VIRTUAL|Simple Weapon Proficiency|Martial Weapon Proficiency|Armor Proficiency (Light)|Armor Proficiency (Medium)|Armor Proficiency (Heavy)|Shield Proficiency							AUTO:WEAPONPROF|TYPE.Martial
2									SAB:Lure of Darkness (Ex)	SAB:The Night Hides Not (Ex)																																																																ABILITY:FEAT|VIRTUAL|Favored Enemy (Infernal Creatures)|Favored Bonus__Infernal_Creatures
3									SAB:Immune to Poison (Su)	SAB:Acid and Cold Resistance % (Su)|ResistLevel|PREFEAT:1,Inner Demon Hamatula,Inner Demon Kyton,Inner Demon Osyluth	SAB:Acid, Cold, and Fire Resistance % (Su)|ResistLevel|PREFEAT:1,Inner Demon Glabrezu,Inner Demon Succubus,Inner Demon Vrock	BONUS:VAR|ResistLevel|floor(CL/2)									DEFINE:ResistLevel|0
4																																																							BONUS:VAR|ChannelTimesBase|3+CHA|TYPE=NoStack												ADD:VFEAT|TYPE=Channeling		ABILITY:FEAT|VIRTUAL|Basic Channeling
4																																																							BONUS:VAR|ChannelLevelBase|CL-3
4																																																							BONUS:VAR|ChannelDamagePlusBase|CL-3
4																																																							BONUS:VAR|ChannelCheckBase|CHA|TYPE=NoStack
4																																																							BONUS:VAR|TurnTimesBase|3+CHA|TYPE=NoStack							DEFINE:AllowImprovedTurning|1									ABILITY:FEAT|VIRTUAL|Turn Infernal|Basic Turning
4																																																							BONUS:VAR|TurnLevelBase|CL-3										DEFINE:AllowExtraTurning|1
4																																																							BONUS:VAR|TurnDamagePlusBase|CL-3
4																																																							BONUS:VAR|TurnCheckBase|CHA|TYPE=NoStack
4	CAST:0,0
5	CAST:0,0
6	CAST:0,1							SAB:Blessing of Sarish (Su)	SAB:Symbiosis I (Su)																																																									ADD:VFEAT|TYPE=InnerDemonFirst
7	CAST:0,1
8	CAST:0,1,0							SAB:Fiendish Mount (Sp)
9	CAST:0,1,0
10	CAST:0,1,1		SAB:.CLEAR.Symbiosis I (Su)	SAB:Symbiosis II (Su)																																																														ADD:VFEAT|TYPE=InnerDemonSecond
11	CAST:0,1,1,0
12	CAST:0,1,1,1						SAB:Aura of Courage (Ex)	SAB:Fire Resistance % (Su)|GreaterResistLevel|PREFEAT:1,Inner Demon Hamatula,Inner Demon Kyton,Inner Demon Osyluth	SAB:Electricity Resistance % (Su)|GreaterResistLevel|PREFEAT:1,Inner Demon Glabrezu,Inner Demon Succubus,Inner Demon Vrock	BONUS:VAR|GreaterResistLevel|CL									DEFINE:GreaterResistLevel|0
13	CAST:0,1,1,1
14	CAST:0,2,1,1,0	SAB:.CLEAR.Symbiosis II (Su)	SAB:Symbiosis III (Su)																																																														ADD:VFEAT|TYPE=InnerDemonThird
15	CAST:0,2,1,1,1
16	CAST:0,2,2,1,1						SAB:Nightmare Mount (Sp)
17	CAST:0,2,2,2,1
18	CAST:0,3,2,2,1	SAB:.CLEAR.Symbiosis III (Su)	SAB:Symbiosis IV (Su)																																																														ADD:VFEAT|TYPE=InnerDemonFourth
19	CAST:0,3,3,3,2
20	CAST:0,3,3,3,3						SAB:Apotheosis (Su)																																																																																																			TEMPLATE:Outsider	TEMPLATE:Native

###########################################################################################################################################3

# Class Name	Product Identity?	Hit Dice	Type			Abbreviation	Max Level	Source, Long Desc.				Source Page		Automatic Languages	Save checks bonus												Combat bonus
CLASS:HC (Yarris)	NAMEISPI:YES	HD:8		TYPE:Base.PC	ABB:HCY		MAXLEVEL:20	SOURCELONG:Player's Guide to Arcanis	SOURCEPAGE:p.111	LANGAUTO:Literacy		BONUS:CHECKS|BASE.Fortitude,BASE.Reflex|CL/2+2	BONUS:CHECKS|BASE.Will|CL/3	BONUS:COMBAT|BAB|CL|TYPE=Base.REPLACE
# Class Name	Required AL		Required Deity	Prohibited Race
CLASS:HC (Yarris)	PREALIGN:LG,NG,CG	PREDEITY:Yarris	!PRERACE:1,Elorii,Dwarf,Ss'ressen
# Class Name	Skill Pts/Lvl	Class Skill
CLASS:HC (Yarris)	STARTSKILLPTS:6	CSKILL:Climb|Concentration|TYPE.Craft|Handle Animal|Heal|Hide|Jump|TYPE.Geography)|TYPE.Local|TYPE.Nature|Listen|Move Silently|TYPE.Sea|Ride|Search|Spot|Survival|Swim|Use Rope
# Class Name	Spell Stat		Spell Type		Automaticaly Known Spell Levels				Caster level
CLASS:HC (Yarris)	SPELLSTAT:WIS	SPELLTYPE:Divine	KNOWNSPELLS:LEVEL=0|LEVEL=1|LEVEL=2|LEVEL=3|LEVEL=4	BONUS:CASTERLEVEL|HC (Yarris)|CL/2|PRECLASS:1,HC (Yarris)=4
###Block: Aura strength - Deities in Arcanis don't have alignment - Aura based of Cleric's alignment
1																										BONUS:VAR|AlignmentAuraBase|CL								DEFINE:AlignmentAuraBase|0
1																																																			ABILITY:FEAT|VIRTUAL|Aura of Chaos|PREALIGN:CG,CN,CE
1																																																			ABILITY:FEAT|VIRTUAL|Aura of Evil|PREALIGN:LE,NE,CE
1																																																			ABILITY:FEAT|VIRTUAL|Aura of Good|PREALIGN:LG,NG,CG
1																																																			ABILITY:FEAT|VIRTUAL|Aura of Law|PREALIGN:LG,LN,LE
1							SAB:+2 to all skill checks when used at sea.																																					ABILITY:FEAT|AUTOMATIC|Simple Weapon Proficiency|Martial Weapon Proficiency|Armor Proficiency (Light)|Armor Proficiency (Medium)|Armor Proficiency (Heavy)|Shield Proficiency	AUTO:WEAPONPROF|TYPE.Martial
2																										BONUS:VAR|ChannelTimesBase|3+CHA|TYPE=NoStack											ADD:VFEAT|TYPE=Channeling	ABILITY:FEAT|VIRTUAL|Basic Channeling
2																										BONUS:VAR|ChannelLevelBase|CL-1
2																										BONUS:VAR|ChannelDamagePlusBase|CL-1
2																										BONUS:VAR|ChannelCheckBase|CHA|TYPE=NoStack
3							SAB:Divine Health (Ex)	SAB:Yarris' Embrace (Sp)
4	CAST:0,0		MOVE:Swim,30	SAB:At One with the Sea (Ex)	SAB:Divine Grace (Ex)	SAB:First Pearl of Yarris (Su) - Medium/Medium, Humanoid									BONUS:CHECKS|ALL|max(CHA,0)
5	CAST:0,0
6	CAST:0,1					SAB:Second Pearl of Yarris (Su) - Animal/Monstrous Humanoid
7	CAST:0,1
8	CAST:0,1,0					SAB:Third Pearl of Yarris (Su) - Small/Large, Plant/Vermin
9	CAST:0,1,0
10	CAST:0,1,1					SAB:Fourth Pearl of Yarris (Su) - Giant	SAB:Greater at One with the Sea (Ex)
11	CAST:0,1,1,0
12	CAST:0,1,1,1				SAB:Fifth Pearl of Yarris (Su) - Tiny/Huge, Ooze
13	CAST:0,1,1,1
14	CAST:0,2,1,1,0				SAB:Sixth Pearl of Yarris (Su) - Abberation
15	CAST:0,2,1,1,1
16	CAST:0,2,2,1,1				SAB:Seventh Pearl of Yarris (Su) - Diminutive/Gargantuan, Magical Beast
17	CAST:0,2,2,2,1
18	CAST:0,3,2,2,1				SAB:Eighth Pearl of Yarris (Su) - Water Elemental
19	CAST:0,3,3,3,2
20	CAST:0,3,3,3,3				SAB:Ninth Pearl of Yarris (Su) - Fine/Colossal, Outsider
