# CVS $Revision$ $Author$ -- Sat May 17 07:54:51 2008 -- reformated by prettylst.pl v1.38 (build 5869)

# Added errata from 2006-06-03 - readd vermin, monstrous humanoid
# Ability Name										Multiple Requirements																					Prohibited Race			Source, Long Desc.		Source Page
CATEGORY=Special Ability|Favored Enemy (Dragon).FORGET
CATEGORY=Special Ability|Favored Enemy (Fey).FORGET
CATEGORY=Special Ability|Favored Enemy (Humanoid (Elf)).FORGET
CATEGORY=Special Ability|Favored Enemy (Humanoid (Halfling)).FORGET

CATEGORY=Special Ability|Favored Enemy (Aberration).MOD			PREMULT:1,[!PRECLASS:1,Urban Sentinel=1],[PREMULT:2,[PREABILITY:1,CATEGORY=Special Ability,TYPE.FavoredEnemy],[PRECLASS:1,Urban Sentinel=1]]						SOURCELONG:ClassesII.rtf
CATEGORY=Special Ability|Favored Enemy (Animal).MOD				PREMULT:1,[!PRECLASS:1,Urban Sentinel=1],[PREMULT:2,[PREABILITY:1,CATEGORY=Special Ability,TYPE.FavoredEnemy],[PRECLASS:1,Urban Sentinel=1]]						SOURCELONG:ClassesII.rtf
CATEGORY=Special Ability|Favored Enemy (Construct).MOD			PREMULT:1,[!PRECLASS:1,Urban Sentinel=1],[PREMULT:2,[PREABILITY:1,CATEGORY=Special Ability,TYPE.FavoredEnemy],[PRECLASS:1,Urban Sentinel=1]]						SOURCELONG:ClassesII.rtf
CATEGORY=Special Ability|Favored Enemy (Elemental).MOD			PREMULT:1,[!PRECLASS:1,Urban Sentinel=1],[PREMULT:2,[PREABILITY:1,CATEGORY=Special Ability,TYPE.FavoredEnemy],[PRECLASS:1,Urban Sentinel=1]]						SOURCELONG:ClassesII.rtf
CATEGORY=Special Ability|Favored Enemy (Giant).MOD				PREMULT:1,[!PRECLASS:1,Urban Sentinel=1],[PREMULT:2,[PREABILITY:1,CATEGORY=Special Ability,TYPE.FavoredEnemy],[PRECLASS:1,Urban Sentinel=1]]						SOURCELONG:ClassesII.rtf
CATEGORY=Special Ability|Favored Enemy (Humanoid (Human)).MOD		PREMULT:1,[!PRECLASS:1,Urban Sentinel=1],[PREMULT:2,[PREABILITY:1,CATEGORY=Special Ability,TYPE.FavoredEnemy],[PRECLASS:1,Urban Sentinel=1]]	!PRERACE:1,Human,Val,Dark-Kin						SOURCEPAGE:ClassesII.rtf
CATEGORY=Special Ability|Favored Enemy (Humanoid (Aquatic)).MOD		PREMULT:1,[!PRECLASS:1,Urban Sentinel=1],[PREMULT:2,[PREABILITY:1,CATEGORY=Special Ability,TYPE.FavoredEnemy],[PRECLASS:1,Urban Sentinel=1]]						SOURCELONG:ClassesII.rtf
CATEGORY=Special Ability|Favored Enemy (Humanoid (Dwarf)).MOD		PREMULT:1,[!PRECLASS:1,Urban Sentinel=1],[PREMULT:2,[PREABILITY:1,CATEGORY=Special Ability,TYPE.FavoredEnemy],[PRECLASS:1,Urban Sentinel=1]]						SOURCELONG:ClassesII.rtf
CATEGORY=Special Ability|Favored Enemy (Humanoid (Goblinoid)).MOD		PREMULT:1,[!PRECLASS:1,Urban Sentinel=1],[PREMULT:2,[PREABILITY:1,CATEGORY=Special Ability,TYPE.FavoredEnemy],[PRECLASS:1,Urban Sentinel=1]]						SOURCELONG:ClassesII.rtf
CATEGORY=Special Ability|Favored Enemy (Humanoid (Gnoll)).MOD		PREMULT:1,[!PRECLASS:1,Urban Sentinel=1],[PREMULT:2,[PREABILITY:1,CATEGORY=Special Ability,TYPE.FavoredEnemy],[PRECLASS:1,Urban Sentinel=1]]						SOURCELONG:ClassesII.rtf
CATEGORY=Special Ability|Favored Enemy (Humanoid (Human)).MOD		PREMULT:1,[!PRECLASS:1,Urban Sentinel=1],[PREMULT:2,[PREABILITY:1,CATEGORY=Special Ability,TYPE.FavoredEnemy],[PRECLASS:1,Urban Sentinel=1]]						SOURCELONG:ClassesII.rtf
CATEGORY=Special Ability|Favored Enemy (Humanoid (Orc)).MOD			PREMULT:1,[!PRECLASS:1,Urban Sentinel=1],[PREMULT:2,[PREABILITY:1,CATEGORY=Special Ability,TYPE.FavoredEnemy],[PRECLASS:1,Urban Sentinel=1]]						SOURCELONG:ClassesII.rtf
CATEGORY=Special Ability|Favored Enemy (Humanoid (Reptilian)).MOD		PREMULT:1,[!PRECLASS:1,Urban Sentinel=1],[PREMULT:2,[PREABILITY:1,CATEGORY=Special Ability,TYPE.FavoredEnemy],[PRECLASS:1,Urban Sentinel=1]]						SOURCELONG:ClassesII.rtf
CATEGORY=Special Ability|Favored Enemy (Magical Beast).MOD			PREMULT:1,[!PRECLASS:1,Urban Sentinel=1],[PREMULT:2,[PREABILITY:1,CATEGORY=Special Ability,TYPE.FavoredEnemy],[PRECLASS:1,Urban Sentinel=1]]						SOURCELONG:ClassesII.rtf
CATEGORY=Special Ability|Favored Enemy (Monstrous Humanoid).MOD		PREMULT:1,[!PRECLASS:1,Urban Sentinel=1],[PREMULT:2,[PREABILITY:1,CATEGORY=Special Ability,TYPE.FavoredEnemy],[PRECLASS:1,Urban Sentinel=1]]						SOURCELONG:ClassesII.rtf
CATEGORY=Special Ability|Favored Enemy (Ooze).MOD				PREMULT:1,[!PRECLASS:1,Urban Sentinel=1],[PREMULT:2,[PREABILITY:1,CATEGORY=Special Ability,TYPE.FavoredEnemy],[PRECLASS:1,Urban Sentinel=1]]						SOURCELONG:ClassesII.rtf
CATEGORY=Special Ability|Favored Enemy (Outsider (Air)).MOD			PREMULT:1,[!PRECLASS:1,Urban Sentinel=1],[PREMULT:2,[PREABILITY:1,CATEGORY=Special Ability,TYPE.FavoredEnemy],[PRECLASS:1,Urban Sentinel=1]]						SOURCELONG:ClassesII.rtf
CATEGORY=Special Ability|Favored Enemy (Outsider (Earth)).MOD		PREMULT:1,[!PRECLASS:1,Urban Sentinel=1],[PREMULT:2,[PREABILITY:1,CATEGORY=Special Ability,TYPE.FavoredEnemy],[PRECLASS:1,Urban Sentinel=1]]						SOURCELONG:ClassesII.rtf
CATEGORY=Special Ability|Favored Enemy (Outsider (Fire)).MOD		PREMULT:1,[!PRECLASS:1,Urban Sentinel=1],[PREMULT:2,[PREABILITY:1,CATEGORY=Special Ability,TYPE.FavoredEnemy],[PRECLASS:1,Urban Sentinel=1]]						SOURCELONG:ClassesII.rtf
CATEGORY=Special Ability|Favored Enemy (Outsider (Water)).MOD		PREMULT:1,[!PRECLASS:1,Urban Sentinel=1],[PREMULT:2,[PREABILITY:1,CATEGORY=Special Ability,TYPE.FavoredEnemy],[PRECLASS:1,Urban Sentinel=1]]						SOURCELONG:ClassesII.rtf
CATEGORY=Special Ability|Favored Enemy (Outsider (Lawful)).MOD		PREMULT:1,[!PRECLASS:1,Urban Sentinel=1],[PREMULT:2,[PREABILITY:1,CATEGORY=Special Ability,TYPE.FavoredEnemy],[PRECLASS:1,Urban Sentinel=1]]						SOURCELONG:ClassesII.rtf
CATEGORY=Special Ability|Favored Enemy (Outsider (Chaotic)).MOD		PREMULT:1,[!PRECLASS:1,Urban Sentinel=1],[PREMULT:2,[PREABILITY:1,CATEGORY=Special Ability,TYPE.FavoredEnemy],[PRECLASS:1,Urban Sentinel=1]]						SOURCELONG:ClassesII.rtf
CATEGORY=Special Ability|Favored Enemy (Outsider (Good)).MOD		PREMULT:1,[!PRECLASS:1,Urban Sentinel=1],[PREMULT:2,[PREABILITY:1,CATEGORY=Special Ability,TYPE.FavoredEnemy],[PRECLASS:1,Urban Sentinel=1]]						SOURCELONG:ClassesII.rtf
CATEGORY=Special Ability|Favored Enemy (Outsider (Evil)).MOD		PREMULT:1,[!PRECLASS:1,Urban Sentinel=1],[PREMULT:2,[PREABILITY:1,CATEGORY=Special Ability,TYPE.FavoredEnemy],[PRECLASS:1,Urban Sentinel=1]]						SOURCELONG:ClassesII.rtf
CATEGORY=Special Ability|Favored Enemy (Outsider (Native)).MOD		PREMULT:1,[!PRECLASS:1,Urban Sentinel=1],[PREMULT:2,[PREABILITY:1,CATEGORY=Special Ability,TYPE.FavoredEnemy],[PRECLASS:1,Urban Sentinel=1]]						SOURCELONG:ClassesII.rtf
CATEGORY=Special Ability|Favored Enemy (Plant).MOD				PREMULT:1,[!PRECLASS:1,Urban Sentinel=1],[PREMULT:2,[PREABILITY:1,CATEGORY=Special Ability,TYPE.FavoredEnemy],[PRECLASS:1,Urban Sentinel=1]]						SOURCELONG:ClassesII.rtf
CATEGORY=Special Ability|Favored Enemy (Undead).MOD				PREMULT:1,[!PRECLASS:1,Urban Sentinel=1],[PREMULT:2,[PREABILITY:1,CATEGORY=Special Ability,TYPE.FavoredEnemy],[PRECLASS:1,Urban Sentinel=1]]						SOURCELONG:ClassesII.rtf
CATEGORY=Special Ability|Favored Enemy (Vermin).MOD				PREMULT:1,[!PRECLASS:1,Urban Sentinel=1],[PREMULT:2,[PREABILITY:1,CATEGORY=Special Ability,TYPE.FavoredEnemy],[PRECLASS:1,Urban Sentinel=1]]						SOURCELONG:ClassesII.rtf
