# CVS $Revision: $ $Author: $ -- Wed Apr  2 14:10:13 2008 -- reformated by prettylst.pl v1.38 (build 5580)
############### Change to DMG Classes ############################


# Class Name		Required Race
CLASS:Arcane Archer.MOD	PRERACE:Elorii

# Class Name		Maximum Level
CLASS:Aristocrat.MOD	PRELEVELMAX:1

# Class Name
CLASS:Blackguard.MOD
###Block: Servants Servant (Infernal)
9	BONUS:VAR|ISLevel|CL	ABILITY:FEAT|VIRTUAL|Infernal Servant|PRECLASS:1,Order of the Inner Demon

# Class Name			Clear Prereq.	Prohibited Race		Required Skill				Req. Casting Type								Prohibited Template
CLASS:Dragon Disciple.MOD	PRE:.CLEAR		!PRERACE:1,TYPE=Dragon	PRESKILL:1,Knowledge (Arcana)=8	PRESPELLCAST:MEMORIZE=NO	PRESPELLCAST:TYPE.Arcane	!PRETEMPLATE:Half Dragon

# Class Name			Required Template
CLASS:Eldritch Knight.MOD	PRETEMPLATE:Hawk,Shield

# Class Name	Hit Dice	Type			Abbreviation	Max Level	Source Page					Save checks bonus											Combat bonus
CLASS:Hierophant	HD:8		TYPE:PC.Prestige	ABB:Hie		MAXLEVEL:5	SOURCEPAGE:prestigeclasses.rtf	BONUS:CHECKS|BASE.Reflex|CL/3	BONUS:CHECKS|BASE.Fortitude,BASE.Will|CL/2+2	BONUS:COMBAT|BAB|CL/2|TYPE=Base.REPLACE
# Class Name	Required Feat			Multiple Requirements											Prohibited Race		Required Skill			Req. Spell Type
CLASS:Hierophant	PREFEAT:1,TYPE=Metamagic	PREMULT:1,[!PREDEITY:Belisarda],[PREMULT:2,[PREDEITY:Belisarda],[PRERACE:1,Elorii]]	!PRERACE:1,Dwarf,Gnome	PRESKILL:1,TYPE.Religion=15	PRESPELLTYPE:1,Divine=7
# Class Name	Skill Pts/Lvl	Class Skill
CLASS:Hierophant	STARTSKILLPTS:2	CSKILL:Concentration|TYPE.Craft|Diplomacy|Heal|Knowledge (Arcana)|TYPE.Religion|TYPE.Profession|Spellcraft
1	ADD:SPELLCASTER|1|Divine	ADD:ABILITY|FEAT|AUTOMATIC|TYPE=Hierophant,TYPE=Metamagic
2	ADD:SPELLCASTER|1|Divine	ADD:ABILITY|FEAT|AUTOMATIC|TYPE=Hierophant,TYPE=Metamagic
3	ADD:SPELLCASTER|1|Divine	ADD:ABILITY|FEAT|AUTOMATIC|TYPE=Hierophant,TYPE=Metamagic
4	ADD:SPELLCASTER|1|Divine	ADD:ABILITY|FEAT|AUTOMATIC|TYPE=Hierophant,TYPE=Metamagic
5	ADD:SPELLCASTER|1|Divine	ADD:ABILITY|FEAT|AUTOMATIC|TYPE=Hierophant,TYPE=Metamagic

# Class Name		Required Deity
CLASS:Thaumaturgist.MOD	PREDEITY:Sarish
