# CVS $Revision$ $Author$ -- Fri Jun 13 00:31:18 2008 -- reformated by prettylst.pl v1.38 (build 6552)
SOURCEWEB:http://www.paradigmconcepts.com	SOURCEDATE:2004-06

###Order of the Inner Demon Inner Demon Feats
# Feat Name				Type						Visible		Required Feat					Special ABility																					Define			Innate Spells																			Multiple?	Ability						Combat bonus				Bonus to skill						Modify VAR							Weapon prof. bonus			Spell Res.				Natural Attacks
Inner Demon - Succubus		TYPE:ClassFeature.InnerDemon		VISIBLE:EXPORT
Inner Demon - Vrock		TYPE:ClassFeature.InnerDemon		VISIBLE:EXPORT
Inner Demon - Glabrezu		TYPE:ClassFeature.InnerDemon		VISIBLE:EXPORT
Inner Demon - Osyluth		TYPE:ClassFeature.InnerDemon		VISIBLE:EXPORT
Inner Demon - Kyton		TYPE:ClassFeature.InnerDemon		VISIBLE:EXPORT
Inner Demon - Hamatula		TYPE:ClassFeature.InnerDemon		VISIBLE:EXPORT

# Feat Name				Type						Visible		Required Feat					Special ABility																					Define			Innate Spells																			Multiple?	Ability						Combat bonus				Bonus to skill						Modify VAR							Weapon prof. bonus			Spell Res.				Natural Attacks
First Symbiosis - Succubus	TYPE:ClassFeature.InnerDemonFirst	VISIBLE:NO		PREFEAT:1,Inner Demon - Succubus																													SPELLS:Innate|TIMES=ATWILL|CASTERLEVEL=12|Tongues
First Symbiosis - Vrock		TYPE:ClassFeature.InnerDemonFirst	VISIBLE:NO		PREFEAT:1,Inner Demon - Vrock			SAB:The Vrock's Claws (Su)
First Symbiosis - Glabrezu	TYPE:ClassFeature.InnerDemonFirst	VISIBLE:NO		PREFEAT:1,Inner Demon - Glabrezu																																																				ABILITY:FEAT|VIRTUAL|Infernal Rage
# osyluth and kyton have 2006-06-03 errata applied
First Symbiosis - Osyluth	TYPE:ClassFeature.InnerDemonFirst	VISIBLE:NO		PREFEAT:1,Inner Demon - Osyluth		SAB:Fear Aura - Will save DC % (Su)|FearAuraSave															DEFINE:FearAuraSave|0																																													BONUS:VAR|FearAuraSave|10+CHA+(CL/2)
First Symbiosis - Kyton		TYPE:ClassFeature.InnerDemonFirst	VISIBLE:NO		PREFEAT:1,Inner Demon - Kyton			SAB:Unnerving Gaze - Will save DC % (Su)|UnnerveSave															DEFINE:UnnerveSave|0																																													BONUS:VAR|UnnerveSave|10+CHA+(CL/2)
First Symbiosis - Hamatula	TYPE:ClassFeature.InnerDemonFirst	VISIBLE:NO		PREFEAT:1,Inner Demon - Hamatula		SAB:The Hooked Talons (Su)

# Feat Name				Type						Visible		Required Feat					Special ABility																					Define			Innate Spells																			Multiple?	Ability						Combat bonus				Bonus to skill						Modify VAR							Weapon prof. bonus			Spell Res.				Natural Attacks
Second Symbiosis - Succubus	TYPE:ClassFeature.InnerDemonSecond	VISIBLE:NO		PREFEAT:1,First Symbiosis - Succubus	SAB:Telepathy (100') (Su)
Second Symbiosis - Vrock	TYPE:ClassFeature.InnerDemonSecond	VISIBLE:NO		PREFEAT:1,First Symbiosis - Vrock																																																				ABILITY:FEAT|VIRTUAL|Wings of the Devil
Second Symbiosis - Glabrezu	TYPE:ClassFeature.InnerDemonSecond	VISIBLE:NO		PREFEAT:1,First Symbiosis - Glabrezu	SAB:Pincers of the Glabrezu (Su)
Second Symbiosis - Osyluth	TYPE:ClassFeature.InnerDemonSecond	VISIBLE:NO		PREFEAT:1,First Symbiosis - Osyluth		SAB:Infernal Fortitude (Su)
Second Symbiosis - Kyton	TYPE:ClassFeature.InnerDemonSecond	VISIBLE:NO		PREFEAT:1,First Symbiosis - Kyton		SAB:Dancing Chains (Su)
# errata 2006-06-03 applied
Second Symbiosis - Hamatula	TYPE:ClassFeature.InnerDemonSecond	VISIBLE:NO		PREFEAT:1,First Symbiosis - Hamatula	SAB:Impale (Ex)

# Feat Name				Type						Visible		Required Feat					Special ABility																					Define			Innate Spells																			Multiple?	Ability						Combat bonus				Bonus to skill						Modify VAR							Weapon prof. bonus			Spell Res.				Natural Attacks
Third Symbiosis - Succubus	TYPE:ClassFeature.InnerDemonThird	VISIBLE:NO		PREFEAT:1,Second Symbiosis - Succubus																												SPELLS:Innate|TIMES=ATWILL|Polymorph (OID)	SPELLS:Innate|TIMES=max(CHA,0)|CASTERLEVEL=var("CL=Holy Champion")|Charm Monster
# errata from 2006-06-03 applied to Vrock feature
Third Symbiosis - Vrock		TYPE:ClassFeature.InnerDemonThird	VISIBLE:NO		PREFEAT:1,Second Symbiosis - Vrock		SAB:Stunning Screech (Su) - Save DC %|ScreechSave															DEFINE:ScreechSave|0																																													BONUS:VAR|ScreechSave|10+CON+(CL/2)
Third Symbiosis - Glabrezu	TYPE:ClassFeature.InnerDemonThird	VISIBLE:NO		PREFEAT:1,Second Symbiosis - Glabrezu	SAB:Telepathy (100') (Su)
Third Symbiosis - Osyluth	TYPE:ClassFeature.InnerDemonThird	VISIBLE:NO		PREFEAT:1,Second Symbiosis - Osyluth	SAB:Infernal Resistance (Ex)																																																																																	SR:10+var("CL=Holy Champion")
Third Symbiosis - Kyton		TYPE:ClassFeature.InnerDemonThird	VISIBLE:NO		PREFEAT:1,Second Symbiosis - Kyton		SAB:Infernal Resistance (Ex)																																																																																	SR:10+var("CL=Holy Champion")
Third Symbiosis - Hamatula	TYPE:ClassFeature.InnerDemonThird	VISIBLE:NO		PREFEAT:1,Second Symbiosis - Hamatula	SAB:Infernal Resistance (Ex)																																																																																	SR:10+var("CL=Holy Champion")

# Feat Name				Type						Visible		Required Feat					Special ABility																					Define			Innate Spells																			Multiple?	Ability						Combat bonus				Bonus to skill						Modify VAR							Weapon prof. bonus			Spell Res.				Natural Attacks
Fourth Symbiosis - Succubus	TYPE:ClassFeature.InnerDemonFourth	VISIBLE:NO		PREFEAT:1,Third Symbiosis - Succubus																																																			ABILITY:FEAT|VIRTUAL|Wings of the Devil
Fourth Symbiosis - Vrock	TYPE:ClassFeature.InnerDemonFourth	VISIBLE:NO		PREFEAT:1,Third Symbiosis - Vrock		SAB:Spores (Ex)
Fourth Symbiosis - Glabrezu	TYPE:ClassFeature.InnerDemonFourth	VISIBLE:NO		PREFEAT:1,Third Symbiosis - Glabrezu																												SPELLS:Innate|TIMES=ATWILL|CASTERLEVEL=14|True Seeing
Fourth Symbiosis - Osyluth	TYPE:ClassFeature.InnerDemonFourth	VISIBLE:NO		PREFEAT:1,Third Symbiosis - Osyluth		SAB:Stinger (Su)
Fourth Symbiosis - Kyton	TYPE:ClassFeature.InnerDemonFourth	VISIBLE:NO		PREFEAT:1,Third Symbiosis - Kyton		SAB:Regeneration (Ex)
# errata 2006-06-03 applied
Fourth Symbiosis - Hamatula	TYPE:ClassFeature.InnerDemonFourth	VISIBLE:NO		PREFEAT:1,Third Symbiosis - Hamatula	SAB:Barbed Defense (Su)

# Dark-Kin Racial Taint
# Feat Name				Type						Visible		Required Feat					Special ABility																					Define			Innate Spells																			Multiple?	Ability						Combat bonus				Bonus to skill						Modify VAR							Weapon prof. bonus			Spell Res.				Natural Attacks
Acid Resistance			TYPE:RacialFeature.FirstTaint		VISIBLE:NO									SAB:Racial Taint ~ Acid Resistance 2																																										MULT:NO
Barbed Flesh			TYPE:RacialFeature.FirstTaint		VISIBLE:NO									SAB:Racial Taint ~ Barbed Flesh treated as armor spikes. Armor costs twice as much.																																			MULT:NO
Cold Resistance			TYPE:RacialFeature.FirstTaint		VISIBLE:NO									SAB:Racial Taint ~ Cold Resistance 2																																										MULT:NO
Electricity Resistance		TYPE:RacialFeature.FirstTaint		VISIBLE:NO									SAB:Racial Taint ~ Electricity Resistance 2																																									MULT:NO
Fiendish Anatomy			TYPE:RacialFeature.FirstTaint		VISIBLE:NO									SAB:Racial Taint ~ Fiendish Anatomy - FORT save DC 15 + Opponents BAB to resist critical hit.  Heal checks are at -5.																													MULT:NO
Fire Resistance			TYPE:RacialFeature.FirstTaint		VISIBLE:NO									SAB:Racial Taint ~ Fire Resistance 2																																										MULT:NO
Immune to Charm			TYPE:RacialFeature.FirstTaint		VISIBLE:NO									SAB:Racial Taint ~ Immune to spells or psionic powers of the Charm subschool.																																				MULT:NO
Natural Armor			TYPE:RacialFeature.FirstTaint		VISIBLE:NO									SAB:Racial Taint ~ +1 Natural Armor.																																										MULT:NO								BONUS:COMBAT|AC|1|TYPE=NaturalArmor
Poison Resistance			TYPE:RacialFeature.FirstTaint		VISIBLE:NO									SAB:Racial Taint ~ +4 to saving throws vs. poison																																								MULT:NO
Scent					TYPE:RacialFeature.FirstTaint		VISIBLE:NO									SAB:Racial Taint ~ Scent (Ex) as listed in MM.  Gas- & scent-based attacks do double damage/duration.																																MULT:NO
Vision of Darkness		TYPE:RacialFeature.FirstTaint		VISIBLE:NO									SAB:Racial Taint ~ Can see through magical darkness.																																								MULT:NO

# Infernal Taint Aspects
# Feat Name				Type						Visible		Required Feat					Special ABility																					Define			Innate Spells																			Multiple?	Ability						Combat bonus				Bonus to skill						Modify VAR							Weapon prof. bonus			Spell Res.				Natural Attacks
Devil Eyes				TYPE:InfernalTaint			VISIBLE:NO									SAB:Infernal Taint ~ Devil Eyes																																																										BONUS:SKILL|Intimidate|3|TYPE=Circumstance
Massive Horns			TYPE:InfernalTaint			VISIBLE:NO									SAB:Infernal Taint ~ Massive Horns																																																																																					NATURALATTACKS:Gore,Weapon.Natural.Melee.Piercing.Bludgeoning,*2,1d6
Prehensile Tail			TYPE:InfernalTaint			VISIBLE:NO									SAB:Infernal Taint ~ Prehensile Tail
Sharp Claws				TYPE:InfernalTaint			VISIBLE:NO									SAB:Infernal Taint ~ Sharp Claws																																																																																					NATURALATTACKS:Claw,Weapon.Natural.Melee.Piercing.Slashing,*2,1d3
Cloven Hooves			TYPE:InfernalTaint			VISIBLE:NO									SAB:Infernal Taint ~ Cloven Hooves																																																										BONUS:SKILL|Balance|3|TYPE=Circumstance
Wicked Teeth			TYPE:InfernalTaint			VISIBLE:NO									SAB:Infernal Taint ~ Wicked Teeth																																																																																					NATURALATTACKS:Bite,Weapon.Natural.Melee.Piercing.Bludgeoning,*2,1d3

# Damonic Appearance Aspects
# Feat Name				Type						Visible		Required Feat					Special ABility																					Define			Innate Spells																			Multiple?	Ability						Combat bonus				Bonus to skill						Modify VAR							Weapon prof. bonus			Spell Res.				Natural Attacks
Daemon Eyes				TYPE:DaemonicTaint			VISIBLE:NO		PREFEAT:1,Devil Eyes				SAB:Daemonic Appearance ~ Daemonic Eyes
Horns of the Beast		TYPE:DaemonicTaint			VISIBLE:NO		PREFEAT:1,Massive Horns				SAB:Daemonic Appearance ~ Horns of the Beast																																																								BONUS:SKILL|Intimidate|2												BONUS:WEAPONPROF=Gore|DAMAGESIZE|1
Razor Teeth				TYPE:DaemonicTaint			VISIBLE:NO		PREFEAT:1,Wicked Teeth				SAB:Daemonic Appearance ~ Razor Teeth																																																									BONUS:SKILL|Intimidate|2												BONUS:WEAPONPROF=Bite|DAMAGESIZE|2
Wicked Sting			TYPE:DaemonicTaint			VISIBLE:NO		PREFEAT:1,Prehensile Tail			SAB:Daemonic Appearance ~ Wicked Sting	SAB:Poison Sting (Ex) - Fortitude Save DC % (Primary 1d4 Str/Secondary 2d4 Str)|StingSaveDC	DEFINE:StingSaveDC|0																																													BONUS:VAR|StingSaveDC|10+(floor(TL/2))+CON	BONUS:WEAPONPROF=Sting|TOHIT|-5						NATURALATTACKS:Sting,Weapon.Natural.Melee.Piercing,*2,1d6
Wicked Claws			TYPE:DaemonicTaint			VISIBLE:NO		PREFEAT:1,Sharp Claws				SAB:Daemonic Appearance ~ Wicked Claws																																																																									BONUS:WEAPONPROF=Claw|DAMAGESIZE|2
Hooves of the Beast		TYPE:DaemonicTaint			VISIBLE:NO		PREFEAT:1,Cloven Hooves				SAB:Daemonic Appearance ~ Hoves of the Bast
