# CVS $Revision: 6835 $ $Author: takenote61 $ -- Fri Jul 11 19:40:38 2008 -- reformated by prettylst.pl v1.38 (build 7077)

SOURCEWEB:http://www.paradigmconcepts.com	SOURCEDATE:2004-06

# per 2006-06-03 errata, added Research and Black Market skills to additional classes

############### Change to PHB Classes ############################

# Class Name		Automatic Languages
CLASS:Barbarian.MOD	LANGAUTO:Literacy|PREREGION:Elorii Nations,Dwarven Enclaves,Coryani Empire,Khitani Empire,Altheria	LANGAUTO:Literacy|PREMULT:2,[PREREGION:Western Lands],[PREFEAT:1,Pureblood Kio]	LANGAUTO:Literacy|PREMULT:2,[PREREGION:Milandir],[!PRERACE:1,Ss'ressen]

# Class Name	Class Skill
CLASS:Bard.MOD	CSKILL:Black Market|Research

# Class Name
# Errata 2006-06-03 applied to cleric

# Class Name	Subclass?		Base class as subclass?	Source, Long Desc.				Bonus Languages
CLASS:Cleric.MOD	HASSUBCLASS:YES	ALLOWBASECLASS:NO		SOURCELONG:Player's Guide to Arcanis	LANGBONUS:Celestial,Infernal
# Class Name	Required Deity
CLASS:Cleric.MOD	PREDEITY:1,Y
# Class Name	Class Skill
CLASS:Cleric.MOD	CSKILL:TYPE.Arcana|TYPE.History|TYPE.Religion|TYPE.Planes|Research
SUBCLASS:Althares			COST:0	PREDEITY:1,Althares
SUBCLASSLEVEL:1	SPELLLEVEL:CLASS|Cleric=2|Discern Value,Epiphany,Summon Tome																																																																																									ABILITY:Racial Ability|VIRTUAL|Walk the Path of the Stars																																																		CSKILL:.CLEAR.Survival												LANGAUTO:Ancient Altharin(Imperial)						VFEAT:Exotic Weapon Proficiency(Flintlock (Pistol))
SUBCLASSLEVEL:5																																																																																		BONUS:VAR|BardicKnowledgeLevel|((CL=Althares)/2)	BONUS:VAR|BardicKnowledge|BardicKnowledgeLevel		ABILITY:Special Ability|NORMAL|Bardic Knowledge|Knowledge of the Ages
SUBCLASS:Anshar			COST:0	PREDEITY:1,Anshar
SUBCLASSLEVEL:1	SPELLLEVEL:CLASS|Cleric=2|Sticks to Snakes|Cleric=4|Share My Pain																																																																																									ABILITY:Special Ability|AUTOMATIC|.CLEAR.Armor Proficiency (Heavy)																																																															LANGAUTO:Ancient Altharin(Imperial)																					AUTO:FEAT|Improved Unarmed Strike
SUBCLASSLEVEL:3																																																																																																																																																																																																								AUTO:FEAT|Endurance
SUBCLASSLEVEL:9																																																																																																																																																																																																								AUTO:FEAT|Diehard
SUBCLASS:Belisarda		COST:0	PREDEITY:1,Belisarda
SUBCLASSLEVEL:1																																																																																																																																																																			CSKILL:TYPE.Geography|TYPE.Nature|Survival
SUBCLASS:Beltine			COST:0	PREDEITY:1,Beltine
SUBCLASSLEVEL:1	SPELLLEVEL:CLASS|Cleric=2|Glimpse of the Cauldron,Hold the Spirit|Cleric=9|Cry For Spirit's Release																																																																	BONUS:VAR|TurnLevelInCorpUndead|2	BONUS:VAR|TurnLevelCorpUndead|-2							ABILITY:Special Ability|VIRTUAL|Turn Corporeal Undead|Turn Incorporeal Undead|PREABILITY:1,CATEGORY=Special Ability,Turn Undead	ABILITY:Special Ability|VIRTUAL|Rebuke Corporeal Undead|Rebuke Incorporeal Undead|PREABILITY:1,CATEGORY=Special Ability,Rebuke Undead																														LANGAUTO:Ancient Altharin(Imperial)
SUBCLASS:Cadic			COST:0	PREDEITY:1,Cadic
SUBCLASSLEVEL:1	SPELLLEVEL:CLASS|Cleric=2|Songs in the Night|Cleric=3|Shadow Stride|Cleric=4|Not Where You Think																		PROHIBITSPELL:DESCRIPTOR.Light	PROHIBITSPELL:SPELL|Searing Light|Sunbeam|Sunburst																																	BONUS:VAR|TurnLevelShadowUndead|3													ABILITY:Special Ability|AUTOMATIC|.CLEAR.Armor Proficiency (Heavy)	ABILITY:Special Ability|AUTOMATIC|.CLEAR.Armor Proficiency (Medium)	ABILITY:Special Ability|VIRTUAL|Turn Shadow Undead|PREABILITY:1,CATEGORY=Special Ability,Turn Undead	ABILITY:Special Ability|VIRTUAL|Rebuke Shadow Undead|PREABILITY:1,CATEGORY=Special Ability,Rebuke Undead					CSKILL:Hide|Move Silently|TYPE.Perform|Sleight of Hand|Tumble	LANGAUTO:Ancient Altharin(Imperial)						VFEAT:Exotic Weapon Proficiency(Crossbow (Hand))													AUTO:WEAPONPROF|Rapier|Sword (Short)|Shortbow
SUBCLASSLEVEL:5																																																																																		BONUS:VAR|UncannyDodgeFlankingLevel|CL|TYPE=EachClass.REPLACE								ABILITY:Special Ability|AUTOMATIC|Uncanny Dodge|Improved Uncanny Dodge
SUBCLASS:Hurrian			COST:0	PREDEITY:1,Hurrian
SUBCLASSLEVEL:1	SPELLLEVEL:CLASS|Cleric=2|Whirlwind of Blades,Skyward|Cleric=3|Retribution|Cleric=4|His Blade Shall Not Harm Me,Shield Other (Improved)|Cleric=5|Retribution (Greater)|Cleric=7|Shield Other (Greater)																																																																																																																																	CSKILL:Survival									LANGAUTO:Ancient Altharin(Imperial)																											AUTO:WEAPONPROF|Longsword
SUBCLASS:Illiir			COST:0	PREDEITY:1,Illiir
SUBCLASSLEVEL:1	SPELLLEVEL:CLASS|Cleric=3|My Honor Is My Strength|Cleric=5|Perfect Human Form|Cleric=7|Revelation|Cleric=9|Word of Purification													PROHIBITSPELL:DESCRIPTOR.Shadow.Darkness																																									BONUS:VAR|TurnLevelSunlightUndead|2													ABILITY:Special Ability|VIRTUAL|Turn Sunlight Undead|PREABILITY:1,CATEGORY=Special Ability,Turn Undead	ABILITY:Special Ability|VIRTUAL|Rebuke Sunlight Undead|PREABILITY:1,CATEGORY=Special Ability,Rebuke Undead																																							LANGAUTO:Ancient Altharin(Imperial)						VFEAT:Exotic Weapon Proficiency(Gladius)
SUBCLASSLEVEL:5																																																																																																				ABILITY:Special Ability|NORMAL|Fearless
SUBCLASS:Fire Dragon		COST:0	PREDEITY:1,Fire Dragon	PREGENDER:FEMALE
SUBCLASSLEVEL:1																																																																																																				ABILITY:Special Ability|To Endure the Womb of the Fire Dragon																																																					CSKILL:Survival																																									AUTO:WEAPONPROF|Flail (Heavy)
SUBCLASS:Larissan Oracle	COST:0	PREDEITY:1,Larissa
SUBCLASSLEVEL:1	SPELLLEVEL:CLASS|Cleric=1|Armor of Faith|Cleric=2|Twist of Fate|Cleric=4|Phantasmal Lover|Cleric=5|I Feel You																															DOMAIN:Divination																																																ABILITY:Special Ability|Stern Demeanor	ABILITY:Special Ability|AUTOMATIC|.CLEAR.Armor Proficiency (Heavy)|Shield Proficiency																																										CSKILL:TYPE.Arcana|Listen|Search|Spot					LANGAUTO:Ancient Altharin(Imperial)																					AUTO:FEAT|Simple Weapon Proficiency	AUTO:WEAPONPROF|TYPE.Whip
SUBCLASSLEVEL:3																																																							BONUS:COMBAT|AC|max(CHA,0)|PREVAREQ:ENCUMBERANCE,0,COUNT[EQTYPE.ARMOR.EQUIPPED],0
SUBCLASSLEVEL:5																																																																																		BONUS:VAR|BardicKnowledgeLevel|((CL=Larissan Oracle)/2)	BONUS:VAR|BardicKnowledge|BardicKnowledgeLevel	ABILITY:Special Ability|NORMAL|GlimpseoftheForbidden|Bardic Knowledge
SUBCLASS:Larissan Sensate	COST:0	PREDEITY:1,Larissa
SUBCLASSLEVEL:1	SPELLLEVEL:CLASS|Cleric=1|Armor of Faith|Cleric=2|Twist of Fate|Cleric=4|Phantasmal Lover|Cleric=5|I Feel You																															DOMAIN:Divination|Pleasure															BONUS:DOMAIN|NUMBER|1																												ABILITY:Special Ability|AUTOMATIC|.CLEAR.Armor Proficiency (Light)	ABILITY:Special Ability|AUTOMATIC|.CLEAR.Armor Proficiency (Medium)	ABILITY:Special Ability|AUTOMATIC|.CLEAR.Armor Proficiency (Heavy)|Shield Proficiency																									CSKILL:TYPE.Perform|Tumble							LANGAUTO:Ancient Altharin(Imperial)																											AUTO:WEAPONPROF|Rapier|TYPE.Whip										ADDDOMAINS:Charm.Music.Pleasure
SUBCLASSLEVEL:3																																																							BONUS:COMBAT|AC|max(CHA,0)|PREVAREQ:ENCUMBERANCE,0,COUNT[EQTYPE.ARMOR.EQUIPPED],0
SUBCLASS:Neroth			COST:0	PREDEITY:1,Neroth
SUBCLASSLEVEL:1	SPELLLEVEL:CLASS|Cleric=1|Skeletal Companion|Cleric=2|Your Time to Die|Cleric=3|Mark of Thralldom,Smell of Death|Cleric=4|Neroth's Embrace|Cleric=9|Harm (Mass)																																																							BONUS:VAR|TurnLevelInCorpUndead|-2	BONUS:VAR|TurnLevelCorpUndead|2							ABILITY:Special Ability|VIRTUAL|Turn Corporeal Undead|Turn Incorporeal Undead|PREABILITY:1,CATEGORY=Special Ability,Turn Undead	ABILITY:Special Ability|VIRTUAL|Rebuke Corporeal Undead|Rebuke Incorporeal Undead|PREABILITY:1,CATEGORY=Special Ability,Rebuke Undead																														LANGAUTO:Ancient Altharin(Imperial)																											AUTO:WEAPONPROF|Scythe
SUBCLASS:Nier			COST:0	PREDEITY:1,Nier
SUBCLASSLEVEL:1	SPELLLEVEL:CLASS|Cleric=4|Your Fire is Mine,Steamblast																																																																																										ABILITY:Special Ability|VIRTUAL|Soul Burns|TurningSpecial	ABILITY:Special Ability|NORMAL|Shield Proficiency|Armor Proficiency (Light)|Armor Proficiency (Medium)|Armor Proficiency (Heavy)																																											LANGAUTO:Ancient Altharin(Imperial)																					AUTO:FEAT|Simple Weapon Proficiency	AUTO:WEAPONPROF|Greatsword
SUBCLASS:Saluwe			COST:0	PREDEITY:1,Saluwe		PREGENDER:FEMALE
SUBCLASSLEVEL:1	SPELLLEVEL:CLASS|Cleric=2|Crushing Weight|Cleric=3|Battle Spines																																																																																									ABILITY:Special Ability|AUTOMATIC|.CLEAR.Armor Proficiency (Heavy)																																																				CSKILL:TYPE.Nature|Survival|Swim																																AUTO:FEAT|Track												REMOVE:FEAT|Simple Weapon Proficiency
SUBCLASSLEVEL:4																																																																																		BONUS:VAR|RangerAnimalCompLVL|CL													ABILITY:Special Ability|VIRTUAL|Arcanis Animal Companion|Ranger Animal Companion
# supposed to not prohibit based on alignment for Summoning spells - no idea how at this time, so not prohibiting any
SUBCLASS:Sarish			COST:0	PREDEITY:1,Sarish
SUBCLASSLEVEL:1	SPELLLEVEL:CLASS|Cleric=2|My Master Allows|Cleric=5|Summon Thy Own (Lesser)|Cleric=7|Summon Thy Own|Cleric=9|Summon Thy Own (Greater)																																																																													ABILITY:Special Ability|VIRTUAL|Rebuke Undead|Thy Master Calls																																																																LANGAUTO:Ancient Altharin(Imperial)	ADD:LANGUAGE|TYPE=Infernal										AUTO:EQUIP|Dagger (Sarishan Steel)
SUBCLASSLEVEL:3																																																																																																																																																																																																								AUTO:FEAT|Magical Aptitude
SUBCLASSLEVEL:4																																																																																																				ABILITY:Special Ability|VIRTUAL|MehanOath
SUBCLASSLEVEL:10																																																																																																				ABILITY:Special Ability|VIRTUAL|Mark of My Brother
SUBCLASS:Yarris			COST:0	PREDEITY:1,Yarris
SUBCLASSLEVEL:1	SPELLLEVEL:CLASS|Cleric=3|Saltburst,Water Stride|Cleric=4|Like Water																																																																						BONUS:VAR|TurnLevelAquaticUndead|5													ABILITY:Special Ability|AUTOMATIC|.CLEAR.Armor Proficiency (Medium)	ABILITY:Special Ability|AUTOMATIC|.CLEAR.Armor Proficiency (Heavy)	ABILITY:Special Ability|VIRTUAL|Turn Aquatic Undead|PREABILITY:1,CATEGORY=Special Ability,Turn Undead	ABILITY:Special Ability|VIRTUAL|Rebuke Aquatic Undead|PREABILITY:1,CATEGORY=Special Ability,Rebuke Undead					CSKILL:TYPE.Nature|Survival|Swim						LANGAUTO:Ancient Altharin(Imperial)																											AUTO:WEAPONPROF|Trident
SUBCLASSLEVEL:3																																																																									BONUS:SKILL|Profession (Navigator),Survival,Swim|2																			ABILITY:Special Ability|VIRTUAL|Wild Empathy (Yarris)
SUBCLASS:Beroe			COST:0	PREDEITY:1,Beroe
SUBCLASSLEVEL:1																																																																					BONUS:DOMAIN|-1																																																																																												CSKILL:TYPE.Geography|TYPE.Nature|Survival
SUBCLASS:Keleos			COST:0	PREDEITY:1,Keleos
SUBCLASSLEVEL:1																																																																					BONUS:DOMAIN|-1																																																																																												CSKILL:TYPE.Geography|TYPE.Nature|Survival
SUBCLASS:Marok			COST:0	PREDEITY:1,Marok
SUBCLASSLEVEL:1																																																																					BONUS:DOMAIN|-1																																																																																												CSKILL:TYPE.Geography|TYPE.Nature|Survival
SUBCLASS:Osalian			COST:0	PREDEITY:1,Osalian
SUBCLASSLEVEL:1																																																																					BONUS:DOMAIN|-1																																																																																												CSKILL:TYPE.Geography|TYPE.Nature|Survival
1	BONUS:VAR|TurnLevelBase|CL-3|PREDEITY:1,Althares,Cadic,Fire Dragon,Larissa,Sarish
1	BONUS:VAR|TurnLevelBase|CL-2|PREDEITY:1,Hurrian,Neroth,Yarris
1	BONUS:VAR|TurnLevelBase|CL-1|PREDEITY:1,Anshar,Belisarda,Illiir,Saluwe,Beroe,Keleos,Marok,Osalian
1	BONUS:VAR|TurnLevelBase|CL|PREDEITY:1,Nier
1	BONUS:VAR|TurnLevelBase|CL+2|PREDEITY:1,Beltine,Neroth
1	BONUS:VAR|ChannelLevelBase,ChannelDamagePlusBase|CL|TYPE=Level.REPLACE						ABILITY:FEAT|VIRTUAL|Basic Channeling|Channeling
1	BONUS:VAR|ChannelLevelBase|CL-3|PREDEITY:1,Althares,Cadic,Fire Dragon,Larissa,Sarish
1	BONUS:VAR|ChannelLevelBase|CL-2|PREDEITY:1,Hurrian,Neroth,Yarris
1	BONUS:VAR|ChannelLevelBase|CL-1|PREDEITY:1,Anshar,Belisarda,Illiir,Saluwe,Beroe,Keleos,Marok,Osalian
1	BONUS:VAR|ChannelLevelBase|CL|PREDEITY:1,Nier
1	BONUS:VAR|ChannelLevelBase|CL+2|PREDEITY:1,Beltine,Neroth
###Block: Aura strength - Deities in Arcanis don't have alignment - Aura based of Cleric's alignment
1	ABILITY:FEAT|VIRTUAL|Aura of Chaos|PREALIGN:CG,CN,CE
1	ABILITY:FEAT|VIRTUAL|Aura of Evil|PREALIGN:LE,NE,CE
1	ABILITY:FEAT|VIRTUAL|Aura of Good|PREALIGN:LG,NG,CG
1	ABILITY:FEAT|VIRTUAL|Aura of Law|PREALIGN:LG,LN,LE
###Block: Prohibit spell - Deities in Arcanis don't have alignment
#?? how can other cleric prohibitions be cleared - this gives an error
#1	PROHIBITSPELL:.CLEARALL
1	PROHIBITSPELL:ALIGNMENT.Good|PREMULT:2,[PREALIGN:LE,NE,CE],[!PRECLASS:1,Cleric (Sarish)]
1	PROHIBITSPELL:ALIGNMENT.Evil|PREMULT:2,[PREALIGN:LG,NG,CG],[!PRECLASS:1,Cleric (Sarish)]
1	PROHIBITSPELL:ALIGNMENT.Lawful|PREMULT:2,[PREALIGN:CG,CN,CE],[!PRECLASS:1,Cleric (Sarish)]
1	PROHIBITSPELL:ALIGNMENT.Chaotic|PREMULT:2,[PREALIGN:LG,LN,LE],[!PRECLASS:1,Cleric (Sarish)]

# Class Name	Automaticaly Gained Weapon Prof.				Modify VAR
CLASS:Druid.MOD	AUTO:WEAPONPROF|Longbow|Shortbow|Terbutje|Khopesh	BONUS:VAR|WildEmpathy|-5|PRERACE:1,Dark-Kin
# Class Name	Required Deity
CLASS:Druid.MOD	PREDEITY:1,Saluwe,Yarris,Belisarda,Fire Dragon,Beroe,Keleos,Marok,Osalian
# Class Name	Class Skill
CLASS:Druid.MOD	CSKILL:TYPE.Religion
1	ABILITY:Special Ability|VIRTUAL|.CLEAR.Animal Companion
1	ABILITY:Special Ability|VIRTUAL|Arcanis Animal Companion

# Class Name	Class Skill
CLASS:Fighter.MOD	CSKILL:Examine Martial Technique

# Class Name	Subclass?
CLASS:Monk.MOD	HASSUBCLASS:YES
# Class Name	Class Skill
CLASS:Monk.MOD	CSKILL:TYPE.Arcana|TYPE.Religion|Examine Martial Technique
SUBCLASS:Order of Althares			COST:0																				PREREGION:Altheria
SUBCLASSLEVEL:1													ABILITY:Special Ability|AUTOMATIC|.CLEAR.Monk Proficiencies															CSKILL:Craft (Alchemy)	CCSKILL:TYPE.Perform	ADD:TEMPLATE|OrderofAltharesFavClass	ADD:ABILITY|Special Ability|NORMAL|Improved Grapple Feat,Stunning Fist																																																						VFEAT:Exotic Weapon Proficiency(Flintlock (Pistol))|Exotic Weapon Proficiency(Flintlock (Rifle))|Martial Weapon Proficiency(Warhammer)								AUTO:WEAPONPROF|Dagger|Handaxe|Javelin|Quarterstaff|Unarmed Strike
SUBCLASSLEVEL:2																																													ADD:FEAT|Combat Reflexes|Combat Firing
SUBCLASSLEVEL:6																																													ADD:FEAT|Improved Disarm|Martial Weapon Technique (Flintlock (Pistol))|Martial Weapon Technique (Warhammer)
SUBCLASS:Order of the Blade			COST:0																								ADD:TEMPLATE|OrderofBladeFavClass
SUBCLASSLEVEL:1													ABILITY:Special Ability|AUTOMATIC|.CLEAR.Monk Proficiencies|.CLEAR.All Automatic Proficiencies																	ADD:ABILITY|Special Ability|NORMAL|Longsword Weapon Focus,Stunning Fist																																																													VFEAT:Martial Weapon Proficiency(Longsword)																							AUTO:WEAPONPROF|Unarmed Strike
SUBCLASSLEVEL:2																																													ADD:FEAT|Greater Weapon Focus(Longsword)|Combat Reflexes
SUBCLASSLEVEL:6																																													ADD:FEAT|Improved Disarm|Martial Weapon Technique (Longsword)
SUBCLASS:Order of the Bronze Sepulcher	COST:0																								ADD:TEMPLATE|OrderBronzeSepulcherFavClass
SUBCLASSLEVEL:1													ABILITY:Special Ability|NORMAL|Brothers of the Crypt
SUBCLASS:Comtemplation of the Elements	COST:0																	PRERACE:1,Elorii					ADD:TEMPLATE|ContElementsFavClass
SUBCLASSLEVEL:1																																													ADD:ABILITY|Special Ability|NORMAL|Elorii Bloodline Feat,Stunning Fist
SUBCLASSLEVEL:2																																													ADD:ABILITY|Special Ability|NORMAL|Improved Elorii Bloodline Feat,Combat Reflexes|PREFEAT:1,Elorii Bloodline	ADD:ABILITY|Special Ability|NORMAL|Elorii Bloodline Feat,Combat Reflexes|!PREFEAT:1,Elorii Bloodline
SUBCLASSLEVEL:6																																													ADD:ABILITY|Special Ability|NORMAL|Heightened Elorii Bloodline Feat,Improved Trip|PREFEAT:1,Improved Elorii Bloodline	ADD:ABILITY|Special Ability|NORMAL|Improved Elorii Bloodline Feat,Improved Trip|PREMULT:2,[PREFEAT:Elorii Bloodline],[!PREFEAT:1,Improved Elorii Bloodline]	ADD:ABILITY|Special Ability|NORMAL|Elorii Bloodline Feat,Improved Trip|!PREFEAT:2,Elorii Bloodline,Improved Elorii Bloodline
SUBCLASSLEVEL:20													ABILITY:Special Ability|NORMAL|Elemental Soul
SUBCLASS:Order of the Incandescent Path	COST:0
SUBCLASSLEVEL:1																																													ADD:TEMPLATE|IncandPathFavClass
SUBCLASSLEVEL:3																																																																																																																																												AUTO:FEAT|Iron Skin
SUBCLASS:Order of the Irridescent Scale	COST:0				PREMULT:3,[PRERACE:1,Ss'ressen],[PRETEMPLATE:1,Black Talon],[PREGENDER:MALE]								ADD:TEMPLATE|                                                                                                                                                                                                                                                                                                                                                                   TEMPLATE:IrridScaleFavClass
# 2006-06-03 errata - issue with stacking of My Body bonuses and Ssethregore book prestige class - note in case that book ever gets coded
SUBCLASSLEVEL:1													ABILITY:Special Ability|NORMAL|My Body My Soul	ABILITY:Special Ability|AUTOMATIC|.CLEAR.Monk Proficiencies|.CLEAR.All Automatic Proficiencies									ADD:ABILITY:Special Ability|NORMAL|Dragon's Hide Feat,Stunning Fist																																																																																											AUTO:WEAPONPROF|Unarmed Strike
SUBCLASSLEVEL:2																																													ADD:FEAT|Combat Reflexes|Tail Attack
SUBCLASSLEVEL:6																																													ADD:ABILITY|Special Ability|NORMAL|Avalance Feat,Improved Trip
SUBCLASS:Order of the Iron Soul		COST:0
SUBCLASSLEVEL:1													ABILITY:Special Ability|NORMAL|Iron Soul
SUBCLASS:Order of the Pearl Maidens		COST:0	PREGENDER:Female
SUBCLASSLEVEL:1	BONUS:WEAPONPROF|TYPE=Crossbow|-4|PREFEAT:1,Simple Weapon Proficiency																									CSKILL:TYPE.Perform	CCSKILL:Survival		ADD:ABILITY|Special Ability|NORMAL|Dodge Feat,Stunning Fist																																																															VFEAT:Skill Focus(Profession (Sailor))|Martial Weapon Proficiency(Longbow)
SUBCLASSLEVEL:2																																													ADD:ABILITY|Special Ability|NORMAL|Deflect Arrows|Mobility Feat
SUBCLASSLEVEL:3																																																																																																																																												AUTO:FEAT|Master of the Tops
SUBCLASSLEVEL:6																																																																																																																																												AUTO:FEAT|Hero's Heart|Improved Disarm
SUBCLASS:Order of the Perfect Union		COST:0
SUBCLASSLEVEL:1																																													ADD:ABILITY|Special Ability|NORMAL|Unfazed Feat,Stunning Fist																																																									TEMPLATE:PerfectUnionFavClass																															AUTO:WEAPONPROF|Club|Crossbow (Light)|Crossbow (Heavy)|Dagger|Handaxe|Javelin|Kama|Nunchaku|Quarterstaff|Sai|Shuriken|Siangham|Sling
SUBCLASSLEVEL:2																																																																																																																																												AUTO:FEAT|Callous|Combat Reflexes
SUBCLASSLEVEL:5													ABILITY:Special Ability|NORMAL|Path of the Stoic Soul
SUBCLASSLEVEL:6																																													ADD:FEAT|Improved Disarm|Improved Trip|Divinity's Purpose[PRERACE:1,Val]


# Class Name	Subclass?		Automatic Languages			Bonus Languages
####### per errata 2006-06-03 Divine Grace doesn't stack with the ability of any holy champion class to add an ability bonus to all saving throws, - no idea how to code

# Class Name	Subclass?		Base class as subclass?	Automatic Languages			Bonus Languages
CLASS:Paladin.MOD	HASSUBCLASS:YES	ALLOWBASECLASS:NO		LANGAUTO:Ancient Altharin(Imperial)	LANGBONUS:Celestial,Infernal
# Class Name	Required AL		Required Deity
CLASS:Paladin.MOD	PREALIGN:LG,NG,CG	PREDEITY:1,Y
# Class Name	Class Skill
CLASS:Paladin.MOD	CSKILL:TYPE.Nobility|TYPE.Religion|Examine Martial Technique
SUBCLASS:Paladin of Althares		COST:0	PREDEITY:1,Althares
SUBCLASSLEVEL:1						BONUS:VAR|BardicKnowledgeLevel|CL	BONUS:VAR|BardicKnowledge|BardicKnowledgeLevel	ABILITY:Special Ability|NORMAL|Bardic Knowledge		DEFINE:BardicKnowledgeLevel|0							ADD:LANGUAGE|Ancient Altharin(Imperial)	ADD:ABILITY|Special Ability|NORMAL|Flintlock Choice	VFEAT:Exotic Weapon Proficiency(Altherian Flintlock (Pistol)|Exotic Weapon Proficiency(Altherian Flintlock (Rifle))	AUTO:EQUIP|CHOICE	AUTO:EQUIP|Blastpowder (10)
SUBCLASS:Paladin of Belisarda		COST:0	PREDEITY:1,Belisarda
SUBCLASSLEVEL:1						BONUS:VAR|WildEmpathy|CL										ABILITY:Special Ability|VIRTUAL|Wild Empathy							CSKILL:Knowledge (Nature)|Survival
SUBCLASS:Paladin of Hurrian		COST:0	PREDEITY:1,Hurrian
SUBCLASSLEVEL:1																																		CSKILL:Survival				ADD:LANGUAGE|Ancient Altharin(Imperial)																																						AUTO:FEAT|Weapon Focus(Longsword)
SUBCLASS:Paladin of Illiir		COST:0	PREDEITY:1,Illiir
SUBCLASSLEVEL:1																																																																																				AUTO:FEAT|Weapon Focus(Gladius)
SUBCLASSLEVEL:4	KNOWNSPELLS:Light																	ABILITY:Special Ability|NORMAL|Perfection Within
SUBCLASSLEVEL:8	KNOWNSPELLS:Searing Light
SUBCLASS:Paladin of Nier		COST:0	PREDEITY:1,Nier
SUBCLASSLEVEL:1																																								ADD:LANGUAGE|Ancient Altharin(Imperial)																																						AUTO:FEAT|Weapon Focus(Greatsword)
SUBCLASS:Paladin of Sarish		COST:0	PREDEITY:1,Sarish
SUBCLASSLEVEL:1																																								ADD:LANGUAGE|2|Ancient Altharin(Imperial),Infernal
SUBCLASS:Paladin of the Fire Dragon	COST:0	PREDEITY:1,Fire Dragon	PREGENDER:Male
SUBCLASSLEVEL:1																																		CSKILL:Survival																																																AUTO:FEAT|Weapon Focus(Flail (Heavy))
1																		ADD:SAB|FAVOREDCLASS|Holy Champion
4																								ABILITY:Special Ability|VIRTUAL|.CLEAR.Basic Turning|Turn Undead
4	BONUS:VAR|ChannelLevelBase,ChannelDamagePlusBase|CL|TYPE=Level.REPLACE												ABILITY:Special Ability|NORMAL|Basic Channeling|Channeling
4	BONUS:VAR|ChannelLevelBase|CL-3|PREDEITY:1,Althares,Cadic,Fire Dragon,Larissa,Sarish
4	BONUS:VAR|ChannelLevelBase|CL-2|PREDEITY:1,Hurrian,Neroth,Yarris
4	BONUS:VAR|ChannelLevelBase|CL-1|PREDEITY:1,Anshar,Belisarda,Illiir,Saluwe,Beroe,Keleos,Marok,Osalian
4	BONUS:VAR|ChannelLevelBase|CL|PREDEITY:1,Nier
4	BONUS:VAR|ChannelLevelBase|CL+2|PREDEITY:1,Beltine,Neroth
5																								ABILITY:Special Ability|AUTOMATIC|.CLEAR.Special Mount	ABILITY:Special Ability|AUTOMATIC|Faithful Steed

# Class Name	Class Skill
CLASS:Ranger.MOD	CSKILL:TYPE.Dungeoneering|TYPE.Nature|TYPE.Geography|TYPE.Religion
1											VFEAT:Exotic Weapon Proficiency(Flintlock (Rifle))|Exotic Weapon Profiency(Flintlock (Pistol))[PREMULT:1,[PREFEAT:1,Shining Patrol Service],[PREREGION:Altheria]]
4	ABILITY:Special Ability|AUTOMATIC|.CLEAR.Animal Companion
4	ABILITY:Special Ability|VIRTUAL|Arcanis Animal Companion

# Class Name	Feat
CLASS:Rogue.MOD	FEAT:Martial Weapon Proficiency(Saber)
# Class Name	Class Skill
CLASS:Rogue.MOD	CSKILL:Black Market|TYPE.Local|Research

# Class Name		Multiple Requirements											Prohibited Race
CLASS:Sorcerer.MOD	PREMULT:1,[PREMULT:2,[PREGENDER:M],[PRERACE:1,Ss'ressen]],[!PRERACE:1,Ss'ressen]	!PRERACE:2,Half-Hobgoblin,Human
# Class Name		Class Skill
CLASS:Sorcerer.MOD	CSKILL:TYPE.Arcana
1	ADD:FEAT|Eschew Materials	ABILITY:Special Ability|VIRTUAL|.CLEAR.Summon Familiar	ABILITY:Special Ability|VIRTUAL|Summon Arcanis Familiar

# Class Name	Clear Bonus Languages
CLASS:Wizard.MOD	LANGBONUS:.CLEAR
# Class Name	Multiple Requirements
CLASS:Wizard.MOD	PREMULT:1,[PREMULT:2,[PREGENDER:M],[PRERACE:1,Ss'ressen]],[!PRERACE:1,Ss'ressen]
# Class Name	Class Skill
CLASS:Wizard.MOD	CSKILL:Research|TYPE.Knowledge
1	ABILITY:Special Ability|VIRTUAL|.CLEAR.Summon Familiar
1	ABILITY:Special Ability|VIRTUAL|Summon Arcanis Familiar

############### Change to Expanded Psionics Classes ############################

# Class Name	Required Race
CLASS:Psion.MOD	PRERACE:1,Val
# Class Name	Class Skill
CLASS:Psion.MOD	CSKILL:Examine Martial Technique[PRESUBCLASS:1,Egoist]

# Class Name			Required Race
CLASS:Psychic Warrior.MOD	PRERACE:1,Val
# Class Name			Class Skill
CLASS:Psychic Warrior.MOD	CSKILL:Examine Martial Technique

# Class Name	Required Race
CLASS:Wilder.MOD	PRERACE:1,Val

#
# End
#
