# CVS $Revision: 6564 $ $Author: takenote61 $ -- Sat Apr 26 08:30:51 2008 -- reformated by prettylst.pl v1.38 (build 5869)

SOURCELONG:Player's Guide to Arcanis

# Race Name					Favored Class			Skills/Level		Clear Automatic Languages	Automatic Languages		Clear Bonus Languages	Bonus Languages	Bonus to skill																												Stat bonus						Special ABility			Template						Source Page
Dwarf.MOD														LANGAUTO:.CLEAR			LANGAUTO:Low Coryani,Dwarven	LANGBONUS:.CLEAR					BONUS:SKILL|TYPE.Craft|2|TYPE=Racial	BONUS:SKILL|Craft (Armorsmithing),Craft (Blacksmithing),Craft (Metalworking),Craft (Stonemasonry),Craft (Weaponsmithing)|-2|TYPE=Racial								SAB:Weight of the Curse (Ex)	TEMPLATE:Dwarven Subraces|Arcanis Regions	SOURCEPAGE:p.161
Gnome.MOD					FAVCLASS:Wizard.Illusionist	XTRASKILLPTSPERLVL:1	LANGAUTO:.CLEAR								LANGBONUS:.CLEAR																																			BONUS:STAT|STR|-2	BONUS:STAT|CON|2							TEMPLATE:Arcanis Regions			SOURCEPAGE:p.161
Half-Orc.MOD													LANGAUTO:.CLEAR			LANGAUTO:Low Coryani		LANGBONUS:.CLEAR		LANGBONUS:Orc																															BONUS:STAT|STR|2	BONUS:STAT|INT,CHA|-2						TEMPLATE:Arcanis Regions			SOURCEPAGE:p.18
Human.MOD														LANGAUTO:.CLEAR			LANGAUTO:Low Coryani		LANGBONUS:.CLEAR		LANGBONUS:ALL																																											TEMPLATE:Arcanis Regions			SOURCEPAGE:p.12

Elf.FORGET
Half-Elf.FORGET
Halfling.FORGET
Elf (Wood).FORGET
Elf (Aquatic).FORGET
Elf (Grey).FORGET
Elf (Drow).FORGET
Elf (Wild).FORGET
Gnome (Forest).FORGET
Gnome (Svirfneblin).FORGET

Dinosaur (Deinonychus).FORGET
Dinosaur (Elasmosaurus).FORGET
Dinosaur (Megaraptor).FORGET
Dinosaur (Triceratops).FORGET
Dinosaur (Tyrannosaurus).FORGET
