# CVS $Revision: $ $Author: $ -- Thu Nov 26 22:38:51 2015 -- reformated by PCGen PrettyLST v6.05.01
#SOURCELONG:Occult Adventures	SOURCESHORT:OA	SOURCEWEB:http://paizo.com/products/btpy9a0h


# Name											DATAFORMAT			REQUIRED	SELECTABLE		Visible	DISPLAYNAME					Explanation
FACTDEF:ABILITY|Kineticist_Archetype_WeaponandArmorProficiency		DATAFORMAT:BOOLEAN	REQUIRED:NO	SELECTABLE:NO	VISIBLE:YES
FACTDEF:ABILITY|Kineticist_Archetype_ElementalFocus				DATAFORMAT:BOOLEAN	REQUIRED:NO	SELECTABLE:NO	VISIBLE:YES
FACTDEF:ABILITY|Kineticist_Archetype_WildTalents				DATAFORMAT:BOOLEAN	REQUIRED:NO	SELECTABLE:NO	VISIBLE:YES
FACTDEF:ABILITY|Kineticist_Archetype_Burn						DATAFORMAT:BOOLEAN	REQUIRED:NO	SELECTABLE:NO	VISIBLE:YES
FACTDEF:ABILITY|Kineticist_Archetype_KineticBlast				DATAFORMAT:BOOLEAN	REQUIRED:NO	SELECTABLE:NO	VISIBLE:YES
FACTDEF:ABILITY|Kineticist_Archetype_GatherPower				DATAFORMAT:BOOLEAN	REQUIRED:NO	SELECTABLE:NO	VISIBLE:YES
FACTDEF:ABILITY|Kineticist_Archetype_Infusion					DATAFORMAT:BOOLEAN	REQUIRED:NO	SELECTABLE:NO	VISIBLE:YES
FACTDEF:ABILITY|Kineticist_Archetype_ElementalDefense				DATAFORMAT:BOOLEAN	REQUIRED:NO	SELECTABLE:NO	VISIBLE:YES
FACTDEF:ABILITY|Kineticist_Archetype_ElementalOverflow			DATAFORMAT:BOOLEAN	REQUIRED:NO	SELECTABLE:NO	VISIBLE:YES
FACTDEF:ABILITY|Kineticist_Archetype_InfusionSpecialization			DATAFORMAT:BOOLEAN	REQUIRED:NO	SELECTABLE:NO	VISIBLE:YES
FACTDEF:ABILITY|Kineticist_Archetype_Metakinesis				DATAFORMAT:BOOLEAN	REQUIRED:NO	SELECTABLE:NO	VISIBLE:YES
FACTDEF:ABILITY|Kineticist_Archetype_InternalBuffer				DATAFORMAT:BOOLEAN	REQUIRED:NO	SELECTABLE:NO	VISIBLE:YES
FACTDEF:ABILITY|Kineticist_Archetype_ExpandedElement				DATAFORMAT:BOOLEAN	REQUIRED:NO	SELECTABLE:NO	VISIBLE:YES
FACTDEF:ABILITY|Kineticist_Archetype_Supercharge				DATAFORMAT:BOOLEAN	REQUIRED:NO	SELECTABLE:NO	VISIBLE:YES
FACTDEF:ABILITY|Kineticist_Archetype_CompositeSpecialization		DATAFORMAT:BOOLEAN	REQUIRED:NO	SELECTABLE:NO	VISIBLE:YES
FACTDEF:ABILITY|Kineticist_Archetype_MetakineticMaster			DATAFORMAT:BOOLEAN	REQUIRED:NO	SELECTABLE:NO	VISIBLE:YES
FACTDEF:ABILITY|Kineticist_Archetype_Omnikinesis				DATAFORMAT:BOOLEAN	REQUIRED:NO	SELECTABLE:NO	VISIBLE:YES
FACTDEF:ABILITY|Kineticist_CF_WeaponandArmorProficiency			DATAFORMAT:BOOLEAN	REQUIRED:NO	SELECTABLE:NO	VISIBLE:YES
FACTDEF:ABILITY|Kineticist_CF_ElementalFocus					DATAFORMAT:BOOLEAN	REQUIRED:NO	SELECTABLE:NO	VISIBLE:YES
FACTDEF:ABILITY|Kineticist_CF_WildTalents						DATAFORMAT:BOOLEAN	REQUIRED:NO	SELECTABLE:NO	VISIBLE:YES
FACTDEF:ABILITY|Kineticist_CF_Burn							DATAFORMAT:BOOLEAN	REQUIRED:NO	SELECTABLE:NO	VISIBLE:YES
FACTDEF:ABILITY|Kineticist_CF_KineticBlast					DATAFORMAT:BOOLEAN	REQUIRED:NO	SELECTABLE:NO	VISIBLE:YES
FACTDEF:ABILITY|Kineticist_CF_GatherPower						DATAFORMAT:BOOLEAN	REQUIRED:NO	SELECTABLE:NO	VISIBLE:YES
FACTDEF:ABILITY|Kineticist_CF_Infusion						DATAFORMAT:BOOLEAN	REQUIRED:NO	SELECTABLE:NO	VISIBLE:YES
FACTDEF:ABILITY|Kineticist_CF_ElementalDefense					DATAFORMAT:BOOLEAN	REQUIRED:NO	SELECTABLE:NO	VISIBLE:YES
FACTDEF:ABILITY|Kineticist_CF_ElementalOverflow					DATAFORMAT:BOOLEAN	REQUIRED:NO	SELECTABLE:NO	VISIBLE:YES
FACTDEF:ABILITY|Kineticist_CF_InfusionSpecialization				DATAFORMAT:BOOLEAN	REQUIRED:NO	SELECTABLE:NO	VISIBLE:YES
FACTDEF:ABILITY|Kineticist_CF_Metakinesis						DATAFORMAT:BOOLEAN	REQUIRED:NO	SELECTABLE:NO	VISIBLE:YES
FACTDEF:ABILITY|Kineticist_CF_InternalBuffer					DATAFORMAT:BOOLEAN	REQUIRED:NO	SELECTABLE:NO	VISIBLE:YES
FACTDEF:ABILITY|Kineticist_CF_ExpandedElement					DATAFORMAT:BOOLEAN	REQUIRED:NO	SELECTABLE:NO	VISIBLE:YES
FACTDEF:ABILITY|Kineticist_CF_Supercharge						DATAFORMAT:BOOLEAN	REQUIRED:NO	SELECTABLE:NO	VISIBLE:YES
FACTDEF:ABILITY|Kineticist_CF_CompositeSpecialization				DATAFORMAT:BOOLEAN	REQUIRED:NO	SELECTABLE:NO	VISIBLE:YES
FACTDEF:ABILITY|Kineticist_CF_MetakineticMaster					DATAFORMAT:BOOLEAN	REQUIRED:NO	SELECTABLE:NO	VISIBLE:YES
FACTDEF:ABILITY|Kineticist_CF_Omnikinesis						DATAFORMAT:BOOLEAN	REQUIRED:NO	SELECTABLE:NO	VISIBLE:YES

### #	Mesmerist ###  # Mesmerist Archetypes
FACTDEF:ABILITY|Mesmerist_Archetype_SpellList					DATAFORMAT:BOOLEAN	REQUIRED:NO	SELECTABLE:NO	VISIBLE:YES	DISPLAYNAME:Spell List			EXPLANATION:Determines whether the archetype affects Spell List
FACTDEF:ABILITY|Mesmerist_Archetype_ClassSkills					DATAFORMAT:BOOLEAN	REQUIRED:NO	SELECTABLE:NO	VISIBLE:YES	DISPLAYNAME:Class Skills		EXPLANATION:Determines whether the archetype affects Class Skills
FACTDEF:ABILITY|Mesmerist_Archetype_Proficiencies				DATAFORMAT:BOOLEAN	REQUIRED:NO	SELECTABLE:NO	VISIBLE:YES	DISPLAYNAME:Proficiencies		EXPLANATION:Determines whether the archetype affects Proficiencies
FACTDEF:ABILITY|Mesmerist_Archetype_ConsummateLiar				DATAFORMAT:BOOLEAN	REQUIRED:NO	SELECTABLE:NO	VISIBLE:YES	DISPLAYNAME:Consummate Liar		EXPLANATION:Determines whether the archetype affects Consummate Liar
FACTDEF:ABILITY|Mesmerist_Archetype_HypnoticStare				DATAFORMAT:BOOLEAN	REQUIRED:NO	SELECTABLE:NO	VISIBLE:YES	DISPLAYNAME:Hypnotic Stare		EXPLANATION:Determines whether the archetype affects Hypnotic Stare
FACTDEF:ABILITY|Mesmerist_Archetype_Knacks					DATAFORMAT:BOOLEAN	REQUIRED:NO	SELECTABLE:NO	VISIBLE:YES	DISPLAYNAME:Knacks			EXPLANATION:Determines whether the archetype affects Knacks
FACTDEF:ABILITY|Mesmerist_Archetype_MesmeristTricks				DATAFORMAT:BOOLEAN	REQUIRED:NO	SELECTABLE:NO	VISIBLE:YES	DISPLAYNAME:Mesmerist Tricks		EXPLANATION:Determines whether the archetype affects Mesmerist Tricks
FACTDEF:ABILITY|Mesmerist_Archetype_PainfulStare				DATAFORMAT:BOOLEAN	REQUIRED:NO	SELECTABLE:NO	VISIBLE:YES	DISPLAYNAME:Painful Stare		EXPLANATION:Determines whether the archetype affects Painful Stare
FACTDEF:ABILITY|Mesmerist_Archetype_ToweringEgo					DATAFORMAT:BOOLEAN	REQUIRED:NO	SELECTABLE:NO	VISIBLE:YES	DISPLAYNAME:Towering Ego		EXPLANATION:Determines whether the archetype affects Towering Ego
FACTDEF:ABILITY|Mesmerist_Archetype_BoldStare					DATAFORMAT:BOOLEAN	REQUIRED:NO	SELECTABLE:NO	VISIBLE:YES	DISPLAYNAME:Bold Stare			EXPLANATION:Determines whether the archetype affects Bold Stare
FACTDEF:ABILITY|Mesmerist_Archetype_TouchTreatment				DATAFORMAT:BOOLEAN	REQUIRED:NO	SELECTABLE:NO	VISIBLE:YES	DISPLAYNAME:Touch Treatment		EXPLANATION:Determines whether the archetype affects Touch Treatment
FACTDEF:ABILITY|Mesmerist_Archetype_ManifoldTricks				DATAFORMAT:BOOLEAN	REQUIRED:NO	SELECTABLE:NO	VISIBLE:YES	DISPLAYNAME:Manifold Tricks		EXPLANATION:Determines whether the archetype affects Manifold Tricks
FACTDEF:ABILITY|Mesmerist_Archetype_MentalPotency				DATAFORMAT:BOOLEAN	REQUIRED:NO	SELECTABLE:NO	VISIBLE:YES	DISPLAYNAME:Mental Potency		EXPLANATION:Determines whether the archetype affects Mental Potency
FACTDEF:ABILITY|Mesmerist_Archetype_GlibLie					DATAFORMAT:BOOLEAN	REQUIRED:NO	SELECTABLE:NO	VISIBLE:YES	DISPLAYNAME:Glib Lie			EXPLANATION:Determines whether the archetype affects Glib Lie
FACTDEF:ABILITY|Mesmerist_Archetype_MasterfulTricks				DATAFORMAT:BOOLEAN	REQUIRED:NO	SELECTABLE:NO	VISIBLE:YES	DISPLAYNAME:Masterful Tricks		EXPLANATION:Determines whether the archetype affects Masterful Tricks
FACTDEF:ABILITY|Mesmerist_Archetype_RuleMinds					DATAFORMAT:BOOLEAN	REQUIRED:NO	SELECTABLE:NO	VISIBLE:YES	DISPLAYNAME:Rule Minds			EXPLANATION:Determines whether the archetype affects Rule Minds
FACTDEF:ABILITY|Mesmerist_Archetype_MesmeristTrick1				DATAFORMAT:BOOLEAN	REQUIRED:NO	SELECTABLE:NO	VISIBLE:YES	DISPLAYNAME:Mesmerist Trick 1		EXPLANATION:Determines whether the archetype affects Mesmerist Trick 1
FACTDEF:ABILITY|Mesmerist_Archetype_MesmeristTrick2				DATAFORMAT:BOOLEAN	REQUIRED:NO	SELECTABLE:NO	VISIBLE:YES	DISPLAYNAME:Mesmerist Trick 2		EXPLANATION:Determines whether the archetype affects Mesmerist Trick 2
FACTDEF:ABILITY|Mesmerist_Archetype_MesmeristTrick4				DATAFORMAT:BOOLEAN	REQUIRED:NO	SELECTABLE:NO	VISIBLE:YES	DISPLAYNAME:Mesmerist Trick 4		EXPLANATION:Determines whether the archetype affects Mesmerist Trick 4
FACTDEF:ABILITY|Mesmerist_Archetype_MesmeristTrick6				DATAFORMAT:BOOLEAN	REQUIRED:NO	SELECTABLE:NO	VISIBLE:YES	DISPLAYNAME:Mesmerist Trick 6		EXPLANATION:Determines whether the archetype affects Mesmerist Trick 6
FACTDEF:ABILITY|Mesmerist_Archetype_MesmeristTrick8				DATAFORMAT:BOOLEAN	REQUIRED:NO	SELECTABLE:NO	VISIBLE:YES	DISPLAYNAME:Mesmerist Trick 8		EXPLANATION:Determines whether the archetype affects Mesmerist Trick 8
FACTDEF:ABILITY|Mesmerist_Archetype_MesmeristTrick10				DATAFORMAT:BOOLEAN	REQUIRED:NO	SELECTABLE:NO	VISIBLE:YES	DISPLAYNAME:Mesmerist Trick 10	EXPLANATION:Determines whether the archetype affects Mesmerist Trick 10
FACTDEF:ABILITY|Mesmerist_Archetype_MesmeristTrick12				DATAFORMAT:BOOLEAN	REQUIRED:NO	SELECTABLE:NO	VISIBLE:YES	DISPLAYNAME:Mesmerist Trick 12	EXPLANATION:Determines whether the archetype affects Mesmerist Trick 12
FACTDEF:ABILITY|Mesmerist_Archetype_MesmeristTrick14				DATAFORMAT:BOOLEAN	REQUIRED:NO	SELECTABLE:NO	VISIBLE:YES	DISPLAYNAME:Mesmerist Trick 14	EXPLANATION:Determines whether the archetype affects Mesmerist Trick 14
FACTDEF:ABILITY|Mesmerist_Archetype_MesmeristTrick16				DATAFORMAT:BOOLEAN	REQUIRED:NO	SELECTABLE:NO	VISIBLE:YES	DISPLAYNAME:Mesmerist Trick 16	EXPLANATION:Determines whether the archetype affects Mesmerist Trick 16
FACTDEF:ABILITY|Mesmerist_Archetype_MesmeristTrick18				DATAFORMAT:BOOLEAN	REQUIRED:NO	SELECTABLE:NO	VISIBLE:YES	DISPLAYNAME:Mesmerist Trick 18	EXPLANATION:Determines whether the archetype affects Mesmerist Trick 18
FACTDEF:ABILITY|Mesmerist_Archetype_MesmeristTrick20				DATAFORMAT:BOOLEAN	REQUIRED:NO	SELECTABLE:NO	VISIBLE:YES	DISPLAYNAME:Mesmerist Trick 20	EXPLANATION:Determines whether the archetype affects Mesmerist Trick 20
FACTDEF:ABILITY|Mesmerist_Archetype_BoldStare3					DATAFORMAT:BOOLEAN	REQUIRED:NO	SELECTABLE:NO	VISIBLE:YES	DISPLAYNAME:Bold Stare 3		EXPLANATION:Determines whether the archetype affects Bold Stare 3
FACTDEF:ABILITY|Mesmerist_Archetype_BoldStare7					DATAFORMAT:BOOLEAN	REQUIRED:NO	SELECTABLE:NO	VISIBLE:YES	DISPLAYNAME:Bold Stare 7		EXPLANATION:Determines whether the archetype affects Bold Stare 7
FACTDEF:ABILITY|Mesmerist_Archetype_BoldStare11					DATAFORMAT:BOOLEAN	REQUIRED:NO	SELECTABLE:NO	VISIBLE:YES	DISPLAYNAME:Bold Stare 11		EXPLANATION:Determines whether the archetype affects Bold Stare 11
FACTDEF:ABILITY|Mesmerist_Archetype_BoldStare15					DATAFORMAT:BOOLEAN	REQUIRED:NO	SELECTABLE:NO	VISIBLE:YES	DISPLAYNAME:Bold Stare 15		EXPLANATION:Determines whether the archetype affects Bold Stare 15
FACTDEF:ABILITY|Mesmerist_Archetype_BoldStare19					DATAFORMAT:BOOLEAN	REQUIRED:NO	SELECTABLE:NO	VISIBLE:YES	DISPLAYNAME:Bold Stare 19		EXPLANATION:Determines whether the archetype affects Bold Stare 19
FACTDEF:ABILITY|Mesmerist_CF_ClassSkills						DATAFORMAT:BOOLEAN	REQUIRED:NO	SELECTABLE:NO	VISIBLE:YES	DISPLAYNAME:Class Skills		EXPLANATION:Mesmerist Class Skills removed
FACTDEF:ABILITY|Mesmerist_CF_Proficiencies					DATAFORMAT:BOOLEAN	REQUIRED:NO	SELECTABLE:NO	VISIBLE:YES	DISPLAYNAME:Proficiencies		EXPLANATION:Mesmerist Proficiencies removed
FACTDEF:ABILITY|Mesmerist_CF_ConsummateLiar					DATAFORMAT:BOOLEAN	REQUIRED:NO	SELECTABLE:NO	VISIBLE:YES	DISPLAYNAME:Consummate Liar		EXPLANATION:Mesmerist Consummate Liar removed
FACTDEF:ABILITY|Mesmerist_CF_HypnoticStare					DATAFORMAT:BOOLEAN	REQUIRED:NO	SELECTABLE:NO	VISIBLE:YES	DISPLAYNAME:Hypnotic Stare		EXPLANATION:Mesmerist Hypnotic Stare removed
FACTDEF:ABILITY|Mesmerist_CF_Knacks							DATAFORMAT:BOOLEAN	REQUIRED:NO	SELECTABLE:NO	VISIBLE:YES	DISPLAYNAME:Knacks			EXPLANATION:Mesmerist Knacks removed
FACTDEF:ABILITY|Mesmerist_CF_MesmeristTricks					DATAFORMAT:BOOLEAN	REQUIRED:NO	SELECTABLE:NO	VISIBLE:YES	DISPLAYNAME:Mesmerist Tricks		EXPLANATION:Mesmerist Tricks removed
FACTDEF:ABILITY|Mesmerist_CF_PainfulStare						DATAFORMAT:BOOLEAN	REQUIRED:NO	SELECTABLE:NO	VISIBLE:YES	DISPLAYNAME:Painful Stare		EXPLANATION:Mesmerist Painful Stare removed
FACTDEF:ABILITY|Mesmerist_CF_ToweringEgo						DATAFORMAT:BOOLEAN	REQUIRED:NO	SELECTABLE:NO	VISIBLE:YES	DISPLAYNAME:Towering Ego		EXPLANATION:Mesmerist Towering Ego removed
FACTDEF:ABILITY|Mesmerist_CF_BoldStare						DATAFORMAT:BOOLEAN	REQUIRED:NO	SELECTABLE:NO	VISIBLE:YES	DISPLAYNAME:Bold Stare			EXPLANATION:Mesmerist Bold Stare removed
FACTDEF:ABILITY|Mesmerist_CF_TouchTreatment					DATAFORMAT:BOOLEAN	REQUIRED:NO	SELECTABLE:NO	VISIBLE:YES	DISPLAYNAME:Touch Treatment		EXPLANATION:Mesmerist Touch Treatment removed
FACTDEF:ABILITY|Mesmerist_CF_ManifoldTricks					DATAFORMAT:BOOLEAN	REQUIRED:NO	SELECTABLE:NO	VISIBLE:YES	DISPLAYNAME:Manifold Tricks		EXPLANATION:Mesmerist Manifold Tricks removed
FACTDEF:ABILITY|Mesmerist_CF_MentalPotency					DATAFORMAT:BOOLEAN	REQUIRED:NO	SELECTABLE:NO	VISIBLE:YES	DISPLAYNAME:Mental Potency		EXPLANATION:Mesmerist Mental Potency removed
FACTDEF:ABILITY|Mesmerist_CF_GlibLie						DATAFORMAT:BOOLEAN	REQUIRED:NO	SELECTABLE:NO	VISIBLE:YES	DISPLAYNAME:Glib Lie			EXPLANATION:Mesmerist Glib Lie removed
FACTDEF:ABILITY|Mesmerist_CF_MasterfulTricks					DATAFORMAT:BOOLEAN	REQUIRED:NO	SELECTABLE:NO	VISIBLE:YES	DISPLAYNAME:Masterful Tricks		EXPLANATION:Mesmerist Masterful Tricks removed
FACTDEF:ABILITY|Mesmerist_CF_RuleMinds						DATAFORMAT:BOOLEAN	REQUIRED:NO	SELECTABLE:NO	VISIBLE:YES	DISPLAYNAME:Rule Minds			EXPLANATION:Mesmerist Rule Minds removed
FACTDEF:ABILITY|Mesmerist_CF_MesmeristTrick1					DATAFORMAT:BOOLEAN	REQUIRED:NO	SELECTABLE:NO	VISIBLE:YES	DISPLAYNAME:Mesmerist Trick 1		EXPLANATION:Mesmerist Trick 1 removed
FACTDEF:ABILITY|Mesmerist_CF_MesmeristTrick2					DATAFORMAT:BOOLEAN	REQUIRED:NO	SELECTABLE:NO	VISIBLE:YES	DISPLAYNAME:Mesmerist Trick 2		EXPLANATION:Mesmerist Trick 2 removed
FACTDEF:ABILITY|Mesmerist_CF_MesmeristTrick4					DATAFORMAT:BOOLEAN	REQUIRED:NO	SELECTABLE:NO	VISIBLE:YES	DISPLAYNAME:Mesmerist Trick 4		EXPLANATION:Mesmerist Trick 4 removed
FACTDEF:ABILITY|Mesmerist_CF_MesmeristTrick6					DATAFORMAT:BOOLEAN	REQUIRED:NO	SELECTABLE:NO	VISIBLE:YES	DISPLAYNAME:Mesmerist Trick 6		EXPLANATION:Mesmerist Trick 6 removed
FACTDEF:ABILITY|Mesmerist_CF_MesmeristTrick8					DATAFORMAT:BOOLEAN	REQUIRED:NO	SELECTABLE:NO	VISIBLE:YES	DISPLAYNAME:Mesmerist Trick 8		EXPLANATION:Mesmerist Trick 8 removed
FACTDEF:ABILITY|Mesmerist_CF_MesmeristTrick10					DATAFORMAT:BOOLEAN	REQUIRED:NO	SELECTABLE:NO	VISIBLE:YES	DISPLAYNAME:Mesmerist Trick 10	EXPLANATION:Mesmerist Trick 10 removed
FACTDEF:ABILITY|Mesmerist_CF_MesmeristTrick12					DATAFORMAT:BOOLEAN	REQUIRED:NO	SELECTABLE:NO	VISIBLE:YES	DISPLAYNAME:Mesmerist Trick 12	EXPLANATION:Mesmerist Trick 12 removed
FACTDEF:ABILITY|Mesmerist_CF_MesmeristTrick14					DATAFORMAT:BOOLEAN	REQUIRED:NO	SELECTABLE:NO	VISIBLE:YES	DISPLAYNAME:Mesmerist Trick 14	EXPLANATION:Mesmerist Trick 14 removed
FACTDEF:ABILITY|Mesmerist_CF_MesmeristTrick16					DATAFORMAT:BOOLEAN	REQUIRED:NO	SELECTABLE:NO	VISIBLE:YES	DISPLAYNAME:Mesmerist Trick 16	EXPLANATION:Mesmerist Trick 16 removed
FACTDEF:ABILITY|Mesmerist_CF_MesmeristTrick18					DATAFORMAT:BOOLEAN	REQUIRED:NO	SELECTABLE:NO	VISIBLE:YES	DISPLAYNAME:Mesmerist Trick 18	EXPLANATION:Mesmerist Trick 18 removed
FACTDEF:ABILITY|Mesmerist_CF_MesmeristTrick20					DATAFORMAT:BOOLEAN	REQUIRED:NO	SELECTABLE:NO	VISIBLE:YES	DISPLAYNAME:Mesmerist Trick 20	EXPLANATION:Mesmerist Trick 20 removed
FACTDEF:ABILITY|Mesmerist_CF_BoldStare3						DATAFORMAT:BOOLEAN	REQUIRED:NO	SELECTABLE:NO	VISIBLE:YES	DISPLAYNAME:Bold Stare 3		EXPLANATION:Bold Stare 3 removed
FACTDEF:ABILITY|Mesmerist_CF_BoldStare7						DATAFORMAT:BOOLEAN	REQUIRED:NO	SELECTABLE:NO	VISIBLE:YES	DISPLAYNAME:Bold Stare 7		EXPLANATION:Bold Stare 7 removed
FACTDEF:ABILITY|Mesmerist_CF_BoldStare11						DATAFORMAT:BOOLEAN	REQUIRED:NO	SELECTABLE:NO	VISIBLE:YES	DISPLAYNAME:Bold Stare 11		EXPLANATION:Bold Stare 11 removed
FACTDEF:ABILITY|Mesmerist_CF_BoldStare15						DATAFORMAT:BOOLEAN	REQUIRED:NO	SELECTABLE:NO	VISIBLE:YES	DISPLAYNAME:Bold Stare 15		EXPLANATION:Bold Stare 15 removed
FACTDEF:ABILITY|Mesmerist_CF_BoldStare19						DATAFORMAT:BOOLEAN	REQUIRED:NO	SELECTABLE:NO	VISIBLE:YES	DISPLAYNAME:Bold Stare 19		EXPLANATION:Bold Stare 19 removed
FACTDEF:ABILITY|Occultist_Archetype_WeaponandArmorProficiency		DATAFORMAT:BOOLEAN	REQUIRED:NO	SELECTABLE:NO	VISIBLE:YES
FACTDEF:ABILITY|Occultist_Archetype_Spells					DATAFORMAT:BOOLEAN	REQUIRED:NO	SELECTABLE:NO	VISIBLE:YES
FACTDEF:ABILITY|Occultist_Archetype_FocusPowers					DATAFORMAT:BOOLEAN	REQUIRED:NO	SELECTABLE:NO	VISIBLE:YES
FACTDEF:ABILITY|Occultist_Archetype_Implements					DATAFORMAT:BOOLEAN	REQUIRED:NO	SELECTABLE:NO	VISIBLE:YES
FACTDEF:ABILITY|Occultist_Archetype_Knacks					DATAFORMAT:BOOLEAN	REQUIRED:NO	SELECTABLE:NO	VISIBLE:YES
FACTDEF:ABILITY|Occultist_Archetype_MentalFocus					DATAFORMAT:BOOLEAN	REQUIRED:NO	SELECTABLE:NO	VISIBLE:YES
FACTDEF:ABILITY|Occultist_Archetype_MagicItemSkill				DATAFORMAT:BOOLEAN	REQUIRED:NO	SELECTABLE:NO	VISIBLE:YES
FACTDEF:ABILITY|Occultist_Archetype_ObjectReading				DATAFORMAT:BOOLEAN	REQUIRED:NO	SELECTABLE:NO	VISIBLE:YES
FACTDEF:ABILITY|Occultist_Archetype_ShiftFocus					DATAFORMAT:BOOLEAN	REQUIRED:NO	SELECTABLE:NO	VISIBLE:YES
FACTDEF:ABILITY|Occultist_Archetype_AuraSight					DATAFORMAT:BOOLEAN	REQUIRED:NO	SELECTABLE:NO	VISIBLE:YES
FACTDEF:ABILITY|Occultist_Archetype_MagicCircles				DATAFORMAT:BOOLEAN	REQUIRED:NO	SELECTABLE:NO	VISIBLE:YES
FACTDEF:ABILITY|Occultist_Archetype_OutsideContact				DATAFORMAT:BOOLEAN	REQUIRED:NO	SELECTABLE:NO	VISIBLE:YES
FACTDEF:ABILITY|Occultist_Archetype_BindingCircles				DATAFORMAT:BOOLEAN	REQUIRED:NO	SELECTABLE:NO	VISIBLE:YES
FACTDEF:ABILITY|Occultist_Archetype_FastCircles					DATAFORMAT:BOOLEAN	REQUIRED:NO	SELECTABLE:NO	VISIBLE:YES
FACTDEF:ABILITY|Occultist_Archetype_ImplementMastery				DATAFORMAT:BOOLEAN	REQUIRED:NO	SELECTABLE:NO	VISIBLE:YES
FACTDEF:ABILITY|Occultist_CF_WeaponandArmorProficiency			DATAFORMAT:BOOLEAN	REQUIRED:NO	SELECTABLE:NO	VISIBLE:YES
FACTDEF:ABILITY|Occultist_CF_Spells							DATAFORMAT:BOOLEAN	REQUIRED:NO	SELECTABLE:NO	VISIBLE:YES
FACTDEF:ABILITY|Occultist_CF_FocusPowers						DATAFORMAT:BOOLEAN	REQUIRED:NO	SELECTABLE:NO	VISIBLE:YES
FACTDEF:ABILITY|Occultist_CF_Implements						DATAFORMAT:BOOLEAN	REQUIRED:NO	SELECTABLE:NO	VISIBLE:YES
FACTDEF:ABILITY|Occultist_CF_Knacks							DATAFORMAT:BOOLEAN	REQUIRED:NO	SELECTABLE:NO	VISIBLE:YES
FACTDEF:ABILITY|Occultist_CF_MentalFocus						DATAFORMAT:BOOLEAN	REQUIRED:NO	SELECTABLE:NO	VISIBLE:YES
FACTDEF:ABILITY|Occultist_CF_MagicItemSkill					DATAFORMAT:BOOLEAN	REQUIRED:NO	SELECTABLE:NO	VISIBLE:YES
FACTDEF:ABILITY|Occultist_CF_ObjectReading					DATAFORMAT:BOOLEAN	REQUIRED:NO	SELECTABLE:NO	VISIBLE:YES
FACTDEF:ABILITY|Occultist_CF_ShiftFocus						DATAFORMAT:BOOLEAN	REQUIRED:NO	SELECTABLE:NO	VISIBLE:YES
FACTDEF:ABILITY|Occultist_CF_AuraSight						DATAFORMAT:BOOLEAN	REQUIRED:NO	SELECTABLE:NO	VISIBLE:YES
FACTDEF:ABILITY|Occultist_CF_MagicCircles						DATAFORMAT:BOOLEAN	REQUIRED:NO	SELECTABLE:NO	VISIBLE:YES
FACTDEF:ABILITY|Occultist_CF_OutsideContact					DATAFORMAT:BOOLEAN	REQUIRED:NO	SELECTABLE:NO	VISIBLE:YES
FACTDEF:ABILITY|Occultist_CF_BindingCircles					DATAFORMAT:BOOLEAN	REQUIRED:NO	SELECTABLE:NO	VISIBLE:YES
FACTDEF:ABILITY|Occultist_CF_FastCircles						DATAFORMAT:BOOLEAN	REQUIRED:NO	SELECTABLE:NO	VISIBLE:YES
FACTDEF:ABILITY|Occultist_CF_ImplementMastery					DATAFORMAT:BOOLEAN	REQUIRED:NO	SELECTABLE:NO	VISIBLE:YES
FACTDEF:ABILITY|Psychic_Archetype_WeaponandArmorProficiency			DATAFORMAT:BOOLEAN	REQUIRED:NO	SELECTABLE:NO	VISIBLE:YES
FACTDEF:ABILITY|Psychic_Archetype_Spells						DATAFORMAT:BOOLEAN	REQUIRED:NO	SELECTABLE:NO	VISIBLE:YES
FACTDEF:ABILITY|Psychic_Archetype_Knacks						DATAFORMAT:BOOLEAN	REQUIRED:NO	SELECTABLE:NO	VISIBLE:YES
FACTDEF:ABILITY|Psychic_Archetype_PhrenicPool					DATAFORMAT:BOOLEAN	REQUIRED:NO	SELECTABLE:NO	VISIBLE:YES
FACTDEF:ABILITY|Psychic_Archetype_PhrenicAmplifications			DATAFORMAT:BOOLEAN	REQUIRED:NO	SELECTABLE:NO	VISIBLE:YES
FACTDEF:ABILITY|Psychic_Archetype_PsychicDiscipline				DATAFORMAT:BOOLEAN	REQUIRED:NO	SELECTABLE:NO	VISIBLE:YES
FACTDEF:ABILITY|Psychic_Archetype_DetectThoughts				DATAFORMAT:BOOLEAN	REQUIRED:NO	SELECTABLE:NO	VISIBLE:YES
FACTDEF:ABILITY|Psychic_Archetype_TelepathicBond				DATAFORMAT:BOOLEAN	REQUIRED:NO	SELECTABLE:NO	VISIBLE:YES
FACTDEF:ABILITY|Psychic_Archetype_MajorAmplifications				DATAFORMAT:BOOLEAN	REQUIRED:NO	SELECTABLE:NO	VISIBLE:YES
FACTDEF:ABILITY|Psychic_Archetype_Telepathy					DATAFORMAT:BOOLEAN	REQUIRED:NO	SELECTABLE:NO	VISIBLE:YES
FACTDEF:ABILITY|Psychic_Archetype_RemadeSelf					DATAFORMAT:BOOLEAN	REQUIRED:NO	SELECTABLE:NO	VISIBLE:YES
FACTDEF:ABILITY|Psychic_CF_WeaponandArmorProficiency				DATAFORMAT:BOOLEAN	REQUIRED:NO	SELECTABLE:NO	VISIBLE:YES
FACTDEF:ABILITY|Psychic_CF_Spells							DATAFORMAT:BOOLEAN	REQUIRED:NO	SELECTABLE:NO	VISIBLE:YES
FACTDEF:ABILITY|Psychic_CF_Knacks							DATAFORMAT:BOOLEAN	REQUIRED:NO	SELECTABLE:NO	VISIBLE:YES
FACTDEF:ABILITY|Psychic_CF_PhrenicPool						DATAFORMAT:BOOLEAN	REQUIRED:NO	SELECTABLE:NO	VISIBLE:YES
FACTDEF:ABILITY|Psychic_CF_PhrenicAmplifications				DATAFORMAT:BOOLEAN	REQUIRED:NO	SELECTABLE:NO	VISIBLE:YES
FACTDEF:ABILITY|Psychic_CF_PsychicDiscipline					DATAFORMAT:BOOLEAN	REQUIRED:NO	SELECTABLE:NO	VISIBLE:YES
FACTDEF:ABILITY|Psychic_CF_DetectThoughts						DATAFORMAT:BOOLEAN	REQUIRED:NO	SELECTABLE:NO	VISIBLE:YES
FACTDEF:ABILITY|Psychic_CF_TelepathicBond						DATAFORMAT:BOOLEAN	REQUIRED:NO	SELECTABLE:NO	VISIBLE:YES
FACTDEF:ABILITY|Psychic_CF_MajorAmplifications					DATAFORMAT:BOOLEAN	REQUIRED:NO	SELECTABLE:NO	VISIBLE:YES
FACTDEF:ABILITY|Psychic_CF_Telepathy						DATAFORMAT:BOOLEAN	REQUIRED:NO	SELECTABLE:NO	VISIBLE:YES
FACTDEF:ABILITY|Psychic_CF_RemadeSelf						DATAFORMAT:BOOLEAN	REQUIRED:NO	SELECTABLE:NO	VISIBLE:YES
FACTDEF:ABILITY|Spiritualist_Archetype_WeaponandArmorProficiency		DATAFORMAT:BOOLEAN	REQUIRED:NO	SELECTABLE:NO	VISIBLE:YES
FACTDEF:ABILITY|Spiritualist_Archetype_Spells					DATAFORMAT:BOOLEAN	REQUIRED:NO	SELECTABLE:NO	VISIBLE:YES
FACTDEF:ABILITY|Spiritualist_Archetype_Knacks					DATAFORMAT:BOOLEAN	REQUIRED:NO	SELECTABLE:NO	VISIBLE:YES
FACTDEF:ABILITY|Spiritualist_Archetype_Phantom					DATAFORMAT:BOOLEAN	REQUIRED:NO	SELECTABLE:NO	VISIBLE:YES
FACTDEF:ABILITY|Spiritualist_Archetype_SharedConsciousness			DATAFORMAT:BOOLEAN	REQUIRED:NO	SELECTABLE:NO	VISIBLE:YES
FACTDEF:ABILITY|Spiritualist_Archetype_EthericTether				DATAFORMAT:BOOLEAN	REQUIRED:NO	SELECTABLE:NO	VISIBLE:YES
FACTDEF:ABILITY|Spiritualist_Archetype_BondedSenses				DATAFORMAT:BOOLEAN	REQUIRED:NO	SELECTABLE:NO	VISIBLE:YES
FACTDEF:ABILITY|Spiritualist_Archetype_BondedManifestation			DATAFORMAT:BOOLEAN	REQUIRED:NO	SELECTABLE:NO	VISIBLE:YES
FACTDEF:ABILITY|Spiritualist_Archetype_EctoplasmicBondedManifestation	DATAFORMAT:BOOLEAN	REQUIRED:NO	SELECTABLE:NO	VISIBLE:YES
FACTDEF:ABILITY|Spiritualist_Archetype_DetectUndead				DATAFORMAT:BOOLEAN	REQUIRED:NO	SELECTABLE:NO	VISIBLE:YES
FACTDEF:ABILITY|Spiritualist_Archetype_PhantomRecall				DATAFORMAT:BOOLEAN	REQUIRED:NO	SELECTABLE:NO	VISIBLE:YES
FACTDEF:ABILITY|Spiritualist_Archetype_CalmSpirit				DATAFORMAT:BOOLEAN	REQUIRED:NO	SELECTABLE:NO	VISIBLE:YES
FACTDEF:ABILITY|Spiritualist_Archetype_SeeInvisibility			DATAFORMAT:BOOLEAN	REQUIRED:NO	SELECTABLE:NO	VISIBLE:YES
FACTDEF:ABILITY|Spiritualist_Archetype_FusedConsciousness			DATAFORMAT:BOOLEAN	REQUIRED:NO	SELECTABLE:NO	VISIBLE:YES
FACTDEF:ABILITY|Spiritualist_Archetype_GreaterSpiritualInterference	DATAFORMAT:BOOLEAN	REQUIRED:NO	SELECTABLE:NO	VISIBLE:YES
FACTDEF:ABILITY|Spiritualist_Archetype_SpiritualBond				DATAFORMAT:BOOLEAN	REQUIRED:NO	SELECTABLE:NO	VISIBLE:YES
FACTDEF:ABILITY|Spiritualist_Archetype_CallSpirit				DATAFORMAT:BOOLEAN	REQUIRED:NO	SELECTABLE:NO	VISIBLE:YES
FACTDEF:ABILITY|Spiritualist_Archetype_DualBond					DATAFORMAT:BOOLEAN	REQUIRED:NO	SELECTABLE:NO	VISIBLE:YES
FACTDEF:ABILITY|Spiritualist_CF_WeaponandArmorProficiency			DATAFORMAT:BOOLEAN	REQUIRED:NO	SELECTABLE:NO	VISIBLE:YES
FACTDEF:ABILITY|Spiritualist_CF_Spells						DATAFORMAT:BOOLEAN	REQUIRED:NO	SELECTABLE:NO	VISIBLE:YES
FACTDEF:ABILITY|Spiritualist_CF_Knacks						DATAFORMAT:BOOLEAN	REQUIRED:NO	SELECTABLE:NO	VISIBLE:YES
FACTDEF:ABILITY|Spiritualist_CF_Phantom						DATAFORMAT:BOOLEAN	REQUIRED:NO	SELECTABLE:NO	VISIBLE:YES
FACTDEF:ABILITY|Spiritualist_CF_SharedConsciousness				DATAFORMAT:BOOLEAN	REQUIRED:NO	SELECTABLE:NO	VISIBLE:YES
FACTDEF:ABILITY|Spiritualist_CF_EthericTether					DATAFORMAT:BOOLEAN	REQUIRED:NO	SELECTABLE:NO	VISIBLE:YES
FACTDEF:ABILITY|Spiritualist_CF_BondedSenses					DATAFORMAT:BOOLEAN	REQUIRED:NO	SELECTABLE:NO	VISIBLE:YES
FACTDEF:ABILITY|Spiritualist_CF_BondedManifestation				DATAFORMAT:BOOLEAN	REQUIRED:NO	SELECTABLE:NO	VISIBLE:YES
FACTDEF:ABILITY|Spiritualist_CF_EctoplasmicBondedManifestation		DATAFORMAT:BOOLEAN	REQUIRED:NO	SELECTABLE:NO	VISIBLE:YES
FACTDEF:ABILITY|Spiritualist_CF_DetectUndead					DATAFORMAT:BOOLEAN	REQUIRED:NO	SELECTABLE:NO	VISIBLE:YES
FACTDEF:ABILITY|Spiritualist_CF_PhantomRecall					DATAFORMAT:BOOLEAN	REQUIRED:NO	SELECTABLE:NO	VISIBLE:YES
FACTDEF:ABILITY|Spiritualist_CF_CalmSpirit					DATAFORMAT:BOOLEAN	REQUIRED:NO	SELECTABLE:NO	VISIBLE:YES
FACTDEF:ABILITY|Spiritualist_CF_SeeInvisibility					DATAFORMAT:BOOLEAN	REQUIRED:NO	SELECTABLE:NO	VISIBLE:YES
FACTDEF:ABILITY|Spiritualist_CF_FusedConsciousness				DATAFORMAT:BOOLEAN	REQUIRED:NO	SELECTABLE:NO	VISIBLE:YES
FACTDEF:ABILITY|Spiritualist_CF_GreaterSpiritualInterference		DATAFORMAT:BOOLEAN	REQUIRED:NO	SELECTABLE:NO	VISIBLE:YES
FACTDEF:ABILITY|Spiritualist_CF_SpiritualBond					DATAFORMAT:BOOLEAN	REQUIRED:NO	SELECTABLE:NO	VISIBLE:YES
FACTDEF:ABILITY|Spiritualist_CF_CallSpirit					DATAFORMAT:BOOLEAN	REQUIRED:NO	SELECTABLE:NO	VISIBLE:YES
FACTDEF:ABILITY|Spiritualist_CF_DualBond						DATAFORMAT:BOOLEAN	REQUIRED:NO	SELECTABLE:NO	VISIBLE:YES
