# CVS $Revision: $ $Author: $ -- Thu Nov 26 22:25:37 2015 -- reformated by PCGen PrettyLST v6.05.01


###Block:
CATEGORY=CLASS|Kineticist.MOD		DEFINE:Kineticist_CF_WeaponandArmorProficiency|0
CATEGORY=CLASS|Kineticist.MOD		DEFINE:Kineticist_CF_ElementalFocus|0
CATEGORY=CLASS|Kineticist.MOD		DEFINE:Kineticist_CF_WildTalents|0
CATEGORY=CLASS|Kineticist.MOD		DEFINE:Kineticist_CF_Burn|0
CATEGORY=CLASS|Kineticist.MOD		DEFINE:Kineticist_CF_KineticBlast|0
CATEGORY=CLASS|Kineticist.MOD		DEFINE:Kineticist_CF_GatherPower|0
CATEGORY=CLASS|Kineticist.MOD		DEFINE:Kineticist_CF_Infusion|0
CATEGORY=CLASS|Kineticist.MOD		DEFINE:Kineticist_CF_ElementalDefense|0
CATEGORY=CLASS|Kineticist.MOD		DEFINE:Kineticist_CF_ElementalOverflow|0
CATEGORY=CLASS|Kineticist.MOD		DEFINE:Kineticist_CF_InfusionSpecialization|0
CATEGORY=CLASS|Kineticist.MOD		DEFINE:Kineticist_CF_Metakinesis|0
CATEGORY=CLASS|Kineticist.MOD		DEFINE:Kineticist_CF_InternalBuffer|0
CATEGORY=CLASS|Kineticist.MOD		DEFINE:Kineticist_CF_ExpandedElement|0
CATEGORY=CLASS|Kineticist.MOD		DEFINE:Kineticist_CF_Supercharge|0
CATEGORY=CLASS|Kineticist.MOD		DEFINE:Kineticist_CF_CompositeSpecialization|0
CATEGORY=CLASS|Kineticist.MOD		DEFINE:Kineticist_CF_MetakineticMaster|0
CATEGORY=CLASS|Kineticist.MOD		DEFINE:Kineticist_CF_Omnikinesis|0
###Block:
CATEGORY=CLASS|Kineticist.MOD		BONUS:VAR|Kineticist_CF_WeaponandArmorProficiency|1|PREFACT:1,ABILITIES,Kineticist_CF_WeaponandArmorProficiency=True
CATEGORY=CLASS|Kineticist.MOD		BONUS:VAR|Kineticist_CF_ElementalFocus|1|PREFACT:1,ABILITIES,Kineticist_CF_ElementalFocus=True
CATEGORY=CLASS|Kineticist.MOD		BONUS:VAR|Kineticist_CF_WildTalents|1|PREFACT:1,ABILITIES,Kineticist_CF_WildTalents=True
CATEGORY=CLASS|Kineticist.MOD		BONUS:VAR|Kineticist_CF_Burn|1|PREFACT:1,ABILITIES,Kineticist_CF_Burn=True
CATEGORY=CLASS|Kineticist.MOD		BONUS:VAR|Kineticist_CF_KineticBlast|1|PREFACT:1,ABILITIES,Kineticist_CF_KineticBlast=True
CATEGORY=CLASS|Kineticist.MOD		BONUS:VAR|Kineticist_CF_GatherPower|1|PREFACT:1,ABILITIES,Kineticist_CF_GatherPower=True
CATEGORY=CLASS|Kineticist.MOD		BONUS:VAR|Kineticist_CF_Infusion|1|PREFACT:1,ABILITIES,Kineticist_CF_Infusion=True
CATEGORY=CLASS|Kineticist.MOD		BONUS:VAR|Kineticist_CF_ElementalDefense|1|PREFACT:1,ABILITIES,Kineticist_CF_ElementalDefense=True
CATEGORY=CLASS|Kineticist.MOD		BONUS:VAR|Kineticist_CF_ElementalOverflow|1|PREFACT:1,ABILITIES,Kineticist_CF_ElementalOverflow=True
CATEGORY=CLASS|Kineticist.MOD		BONUS:VAR|Kineticist_CF_InfusionSpecialization|1|PREFACT:1,ABILITIES,Kineticist_CF_InfusionSpecialization=True
CATEGORY=CLASS|Kineticist.MOD		BONUS:VAR|Kineticist_CF_Metakinesis|1|PREFACT:1,ABILITIES,Kineticist_CF_Metakinesis=True
CATEGORY=CLASS|Kineticist.MOD		BONUS:VAR|Kineticist_CF_InternalBuffer|1|PREFACT:1,ABILITIES,Kineticist_CF_InternalBuffer=True
CATEGORY=CLASS|Kineticist.MOD		BONUS:VAR|Kineticist_CF_ExpandedElement|1|PREFACT:1,ABILITIES,Kineticist_CF_ExpandedElement=True
CATEGORY=CLASS|Kineticist.MOD		BONUS:VAR|Kineticist_CF_Supercharge|1|PREFACT:1,ABILITIES,Kineticist_CF_Supercharge=True
CATEGORY=CLASS|Kineticist.MOD		BONUS:VAR|Kineticist_CF_CompositeSpecialization|1|PREFACT:1,ABILITIES,Kineticist_CF_CompositeSpecialization=True
CATEGORY=CLASS|Kineticist.MOD		BONUS:VAR|Kineticist_CF_MetakineticMaster|1|PREFACT:1,ABILITIES,Kineticist_CF_MetakineticMaster=True
CATEGORY=CLASS|Kineticist.MOD		BONUS:VAR|Kineticist_CF_Omnikinesis|1|PREFACT:1,ABILITIES,Kineticist_CF_Omnikinesis=True
###Block:
CATEGORY=CLASS|Medium.MOD		DEFINE:Medium_CF_ClassSkills|0
CATEGORY=CLASS|Medium.MOD		DEFINE:Medium_CF_Proficiencies|0
CATEGORY=CLASS|Medium.MOD		DEFINE:Medium_CF_Knacks|0
CATEGORY=CLASS|Medium.MOD		DEFINE:Medium_CF_Spirit|0
CATEGORY=CLASS|Medium.MOD		DEFINE:Medium_CF_SpiritBonus|0
CATEGORY=CLASS|Medium.MOD		DEFINE:Medium_CF_SpiritSurge|0
CATEGORY=CLASS|Medium.MOD		DEFINE:Medium_CF_SharedSeance|0
CATEGORY=CLASS|Medium.MOD		DEFINE:Medium_CF_Taboo|0
CATEGORY=CLASS|Medium.MOD		DEFINE:Medium_CF_HauntChanneler|0
CATEGORY=CLASS|Medium.MOD		DEFINE:Medium_CF_LocationChannel|0
CATEGORY=CLASS|Medium.MOD		DEFINE:Medium_CF_ConnectionChannel|0
CATEGORY=CLASS|Medium.MOD		DEFINE:Medium_CF_Propitiation|0
CATEGORY=CLASS|Medium.MOD		DEFINE:Medium_CF_AskTheSpirits|0
CATEGORY=CLASS|Medium.MOD		DEFINE:Medium_CF_AstralJourney|0
CATEGORY=CLASS|Medium.MOD		DEFINE:Medium_CF_TranceOfThree|0
CATEGORY=CLASS|Medium.MOD		DEFINE:Medium_CF_SpaciousSoul|0
CATEGORY=CLASS|Medium.MOD		DEFINE:Medium_CF_SpiritMastery|0
CATEGORY=CLASS|Medium.MOD		DEFINE:Medium_CF_AstralBeacon|0
###Block:
CATEGORY=CLASS|Medium.MOD		BONUS:VAR|Medium_CF_ClassSkills|1|PREFACT:1,ABILITIES,Medium_CF_ClassSkills=True
CATEGORY=CLASS|Medium.MOD		BONUS:VAR|Medium_CF_Proficiencies|1|PREFACT:1,ABILITIES,Medium_CF_Proficiencies=True
CATEGORY=CLASS|Medium.MOD		BONUS:VAR|Medium_CF_Knacks|1|PREFACT:1,ABILITIES,Medium_CF_Knacks=True
CATEGORY=CLASS|Medium.MOD		BONUS:VAR|Medium_CF_Spirit|1|PREFACT:1,ABILITIES,Medium_CF_Spirit=True
CATEGORY=CLASS|Medium.MOD		BONUS:VAR|Medium_CF_SpiritBonus|1|PREFACT:1,ABILITIES,Medium_CF_SpiritSurge=True
CATEGORY=CLASS|Medium.MOD		BONUS:VAR|Medium_CF_SpiritSurge|1|PREFACT:1,ABILITIES,Medium_CF_SpiritSurge=True
CATEGORY=CLASS|Medium.MOD		BONUS:VAR|Medium_CF_SharedSeance|1|PREFACT:1,ABILITIES,Medium_CF_SharedSeance=True
CATEGORY=CLASS|Medium.MOD		BONUS:VAR|Medium_CF_Taboo|1|PREFACT:1,ABILITIES,Medium_CF_Taboo=True
CATEGORY=CLASS|Medium.MOD		BONUS:VAR|Medium_CF_HauntChanneler|1|PREFACT:1,ABILITIES,Medium_CF_HauntChanneler=True
CATEGORY=CLASS|Medium.MOD		BONUS:VAR|Medium_CF_LocationChannel|1|PREFACT:1,ABILITIES,Medium_CF_LocationChannel=True
CATEGORY=CLASS|Medium.MOD		BONUS:VAR|Medium_CF_ConnectionChannel|1|PREFACT:1,ABILITIES,Medium_CF_ConnectionChannel=True
CATEGORY=CLASS|Medium.MOD		BONUS:VAR|Medium_CF_Propitiation|1|PREFACT:1,ABILITIES,Medium_CF_Propitiation=True
CATEGORY=CLASS|Medium.MOD		BONUS:VAR|Medium_CF_AskTheSpirits|1|PREFACT:1,ABILITIES,Medium_CF_AskTheSpirits=True
CATEGORY=CLASS|Medium.MOD		BONUS:VAR|Medium_CF_AstralJourney|1|PREFACT:1,ABILITIES,Medium_CF_AstralJourney=True
CATEGORY=CLASS|Medium.MOD		BONUS:VAR|Medium_CF_TranceOfThree|1|PREFACT:1,ABILITIES,Medium_CF_TranceOfThree=True
CATEGORY=CLASS|Medium.MOD		BONUS:VAR|Medium_CF_SpaciousSoul|1|PREFACT:1,ABILITIES,Medium_CF_SpaciousSoul=True
CATEGORY=CLASS|Medium.MOD		BONUS:VAR|Medium_CF_SpiritMastery|1|PREFACT:1,ABILITIES,Medium_CF_SpiritMastery=True
CATEGORY=CLASS|Medium.MOD		BONUS:VAR|Medium_CF_AstralBeacon|1|PREFACT:1,ABILITIES,Medium_CF_AstralBeacon=True
###Block:
CATEGORY=CLASS|Mesmerist.MOD		DEFINE:Mesmerist_CF_ClassSkills|0
CATEGORY=CLASS|Mesmerist.MOD		DEFINE:Mesmerist_CF_Proficiencies|0
CATEGORY=CLASS|Mesmerist.MOD		DEFINE:Mesmerist_CF_ConsummateLiar|0
CATEGORY=CLASS|Mesmerist.MOD		DEFINE:Mesmerist_CF_HypnoticStare|0
CATEGORY=CLASS|Mesmerist.MOD		DEFINE:Mesmerist_CF_Knacks|0
CATEGORY=CLASS|Mesmerist.MOD		DEFINE:Mesmerist_CF_MesmeristTricks|0
CATEGORY=CLASS|Mesmerist.MOD		DEFINE:Mesmerist_CF_PainfulStare|0
CATEGORY=CLASS|Mesmerist.MOD		DEFINE:Mesmerist_CF_ToweringEgo|0
CATEGORY=CLASS|Mesmerist.MOD		DEFINE:Mesmerist_CF_BoldStare|0
CATEGORY=CLASS|Mesmerist.MOD		DEFINE:Mesmerist_CF_TouchTreatment|0
CATEGORY=CLASS|Mesmerist.MOD		DEFINE:Mesmerist_CF_ManifoldTricks|0
CATEGORY=CLASS|Mesmerist.MOD		DEFINE:Mesmerist_CF_MentalPotency|0
CATEGORY=CLASS|Mesmerist.MOD		DEFINE:Mesmerist_CF_GlibLie|0
CATEGORY=CLASS|Mesmerist.MOD		DEFINE:Mesmerist_CF_MasterfulTricks|0
CATEGORY=CLASS|Mesmerist.MOD		DEFINE:Mesmerist_CF_RuleMinds|0
###Block:
CATEGORY=CLASS|Mesmerist.MOD		BONUS:VAR|Mesmerist_CF_ClassSkills|1|PREFACT:1,ABILITIES,Mesmerist_CF_ClassSkills=True
CATEGORY=CLASS|Mesmerist.MOD		BONUS:VAR|Mesmerist_CF_Proficiencies|1|PREFACT:1,ABILITIES,Mesmerist_CF_Proficiencies=True
CATEGORY=CLASS|Mesmerist.MOD		BONUS:VAR|Mesmerist_CF_ConsummateLiar|1|PREFACT:1,ABILITIES,Mesmerist_CF_ConsummateLiar=True
CATEGORY=CLASS|Mesmerist.MOD		BONUS:VAR|Mesmerist_CF_HypnoticStare|1|PREFACT:1,ABILITIES,Mesmerist_CF_HypnoticStare=True
CATEGORY=CLASS|Mesmerist.MOD		BONUS:VAR|Mesmerist_CF_Knacks|1|PREFACT:1,ABILITIES,Mesmerist_CF_Knacks=True
CATEGORY=CLASS|Mesmerist.MOD		BONUS:VAR|Mesmerist_CF_MesmeristTricks|1|PREFACT:1,ABILITIES,Mesmerist_CF_MesmeristTricks=True
CATEGORY=CLASS|Mesmerist.MOD		BONUS:VAR|Mesmerist_CF_PainfulStare|1|PREFACT:1,ABILITIES,Mesmerist_CF_PainfulStare=True
CATEGORY=CLASS|Mesmerist.MOD		BONUS:VAR|Mesmerist_CF_ToweringEgo|1|PREFACT:1,ABILITIES,Mesmerist_CF_ToweringEgo=True
CATEGORY=CLASS|Mesmerist.MOD		BONUS:VAR|Mesmerist_CF_BoldStare|1|PREFACT:1,ABILITIES,Mesmerist_CF_BoldStare=True
CATEGORY=CLASS|Mesmerist.MOD		BONUS:VAR|Mesmerist_CF_TouchTreatment|1|PREFACT:1,ABILITIES,Mesmerist_CF_TouchTreatment=True
CATEGORY=CLASS|Mesmerist.MOD		BONUS:VAR|Mesmerist_CF_ManifoldTricks|1|PREFACT:1,ABILITIES,Mesmerist_CF_ManifoldTricks=True
CATEGORY=CLASS|Mesmerist.MOD		BONUS:VAR|Mesmerist_CF_MentalPotency|1|PREFACT:1,ABILITIES,Mesmerist_CF_MentalPotency=True
CATEGORY=CLASS|Mesmerist.MOD		BONUS:VAR|Mesmerist_CF_GlibLie|1|PREFACT:1,ABILITIES,Mesmerist_CF_GlibLie=True
CATEGORY=CLASS|Mesmerist.MOD		BONUS:VAR|Mesmerist_CF_MasterfulTricks|1|PREFACT:1,ABILITIES,Mesmerist_CF_MasterfulTricks=True
CATEGORY=CLASS|Mesmerist.MOD		BONUS:VAR|Mesmerist_CF_RuleMinds|1|PREFACT:1,ABILITIES,Mesmerist_CF_RuleMinds=True

###Block:
CATEGORY=CLASS|Occultist.MOD		DEFINE:Occultist_CF_WeaponandArmorProficiency|0
CATEGORY=CLASS|Occultist.MOD		DEFINE:Occultist_CF_Spells|0
CATEGORY=CLASS|Occultist.MOD		DEFINE:Occultist_CF_FocusPowers|0
CATEGORY=CLASS|Occultist.MOD		DEFINE:Occultist_CF_Implements|0
CATEGORY=CLASS|Occultist.MOD		DEFINE:Occultist_CF_Knacks|0
CATEGORY=CLASS|Occultist.MOD		DEFINE:Occultist_CF_MentalFocus|0
CATEGORY=CLASS|Occultist.MOD		DEFINE:Occultist_CF_MagicItemSkill|0
CATEGORY=CLASS|Occultist.MOD		DEFINE:Occultist_CF_ObjectReading|0
CATEGORY=CLASS|Occultist.MOD		DEFINE:Occultist_CF_ShiftFocus|0
CATEGORY=CLASS|Occultist.MOD		DEFINE:Occultist_CF_AuraSight|0
CATEGORY=CLASS|Occultist.MOD		DEFINE:Occultist_CF_MagicCircles|0
CATEGORY=CLASS|Occultist.MOD		DEFINE:Occultist_CF_OutsideContact|0
CATEGORY=CLASS|Occultist.MOD		DEFINE:Occultist_CF_BindingCircles|0
CATEGORY=CLASS|Occultist.MOD		DEFINE:Occultist_CF_FastCircles|0
CATEGORY=CLASS|Occultist.MOD		DEFINE:Occultist_CF_ImplementMastery|0
###Block:
CATEGORY=CLASS|Occultist.MOD		BONUS:VAR|Occultist_CF_WeaponandArmorProficiency|1|PREFACT:1,ABILITIES,Occultist_CF_WeaponandArmorProficiency=True
CATEGORY=CLASS|Occultist.MOD		BONUS:VAR|Occultist_CF_Spells|1|PREFACT:1,ABILITIES,Occultist_CF_Spells=True
CATEGORY=CLASS|Occultist.MOD		BONUS:VAR|Occultist_CF_FocusPowers|1|PREFACT:1,ABILITIES,Occultist_CF_FocusPowers=True
CATEGORY=CLASS|Occultist.MOD		BONUS:VAR|Occultist_CF_Implements|1|PREFACT:1,ABILITIES,Occultist_CF_Implements=True
CATEGORY=CLASS|Occultist.MOD		BONUS:VAR|Occultist_CF_Knacks|1|PREFACT:1,ABILITIES,Occultist_CF_Knacks=True
CATEGORY=CLASS|Occultist.MOD		BONUS:VAR|Occultist_CF_MentalFocus|1|PREFACT:1,ABILITIES,Occultist_CF_MentalFocus=True
CATEGORY=CLASS|Occultist.MOD		BONUS:VAR|Occultist_CF_MagicItemSkill|1|PREFACT:1,ABILITIES,Occultist_CF_MagicItemSkill=True
CATEGORY=CLASS|Occultist.MOD		BONUS:VAR|Occultist_CF_ObjectReading|1|PREFACT:1,ABILITIES,Occultist_CF_ObjectReading=True
CATEGORY=CLASS|Occultist.MOD		BONUS:VAR|Occultist_CF_ShiftFocus|1|PREFACT:1,ABILITIES,Occultist_CF_ShiftFocus=True
CATEGORY=CLASS|Occultist.MOD		BONUS:VAR|Occultist_CF_AuraSight|1|PREFACT:1,ABILITIES,Occultist_CF_AuraSight=True
CATEGORY=CLASS|Occultist.MOD		BONUS:VAR|Occultist_CF_MagicCircles|1|PREFACT:1,ABILITIES,Occultist_CF_MagicCircles=True
CATEGORY=CLASS|Occultist.MOD		BONUS:VAR|Occultist_CF_OutsideContact|1|PREFACT:1,ABILITIES,Occultist_CF_OutsideContact=True
CATEGORY=CLASS|Occultist.MOD		BONUS:VAR|Occultist_CF_BindingCircles|1|PREFACT:1,ABILITIES,Occultist_CF_BindingCircles=True
CATEGORY=CLASS|Occultist.MOD		BONUS:VAR|Occultist_CF_FastCircles|1|PREFACT:1,ABILITIES,Occultist_CF_FastCircles=True
CATEGORY=CLASS|Occultist.MOD		BONUS:VAR|Occultist_CF_ImplementMastery|1|PREFACT:1,ABILITIES,Occultist_CF_ImplementMastery=True
###Block:
CATEGORY=CLASS|Psychic.MOD		DEFINE:Psychic_CF_WeaponandArmorProficiency|0
CATEGORY=CLASS|Psychic.MOD		DEFINE:Psychic_CF_Spells|0
CATEGORY=CLASS|Psychic.MOD		DEFINE:Psychic_CF_Knacks|0
CATEGORY=CLASS|Psychic.MOD		DEFINE:Psychic_CF_PhrenicPool|0
CATEGORY=CLASS|Psychic.MOD		DEFINE:Psychic_CF_PhrenicAmplifications|0
CATEGORY=CLASS|Psychic.MOD		DEFINE:Psychic_CF_PsychicDiscipline|0
CATEGORY=CLASS|Psychic.MOD		DEFINE:Psychic_CF_DetectThoughts|0
CATEGORY=CLASS|Psychic.MOD		DEFINE:Psychic_CF_TelepathicBond|0
CATEGORY=CLASS|Psychic.MOD		DEFINE:Psychic_CF_MajorAmplifications|0
CATEGORY=CLASS|Psychic.MOD		DEFINE:Psychic_CF_Telepathy|0
CATEGORY=CLASS|Psychic.MOD		DEFINE:Psychic_CF_RemadeSelf|0
###Block:
CATEGORY=CLASS|Psychic.MOD		BONUS:VAR|Psychic_CF_WeaponandArmorProficiency|1|PREFACT:1,ABILITIES,Psychic_CF_WeaponandArmorProficiency=True
CATEGORY=CLASS|Psychic.MOD		BONUS:VAR|Psychic_CF_Spells|1|PREFACT:1,ABILITIES,Psychic_CF_Spells=True
CATEGORY=CLASS|Psychic.MOD		BONUS:VAR|Psychic_CF_Knacks|1|PREFACT:1,ABILITIES,Psychic_CF_Knacks=True
CATEGORY=CLASS|Psychic.MOD		BONUS:VAR|Psychic_CF_PhrenicPool|1|PREFACT:1,ABILITIES,Psychic_CF_PhrenicPool=True
CATEGORY=CLASS|Psychic.MOD		BONUS:VAR|Psychic_CF_PhrenicAmplifications|1|PREFACT:1,ABILITIES,Psychic_CF_PhrenicAmplifications=True
CATEGORY=CLASS|Psychic.MOD		BONUS:VAR|Psychic_CF_PsychicDiscipline|1|PREFACT:1,ABILITIES,Psychic_CF_PsychicDiscipline=True
CATEGORY=CLASS|Psychic.MOD		BONUS:VAR|Psychic_CF_DetectThoughts|1|PREFACT:1,ABILITIES,Psychic_CF_DetectThoughts=True
CATEGORY=CLASS|Psychic.MOD		BONUS:VAR|Psychic_CF_TelepathicBond|1|PREFACT:1,ABILITIES,Psychic_CF_TelepathicBond=True
CATEGORY=CLASS|Psychic.MOD		BONUS:VAR|Psychic_CF_MajorAmplifications|1|PREFACT:1,ABILITIES,Psychic_CF_MajorAmplifications=True
CATEGORY=CLASS|Psychic.MOD		BONUS:VAR|Psychic_CF_Telepathy|1|PREFACT:1,ABILITIES,Psychic_CF_Telepathy=True
CATEGORY=CLASS|Psychic.MOD		BONUS:VAR|Psychic_CF_RemadeSelf|1|PREFACT:1,ABILITIES,Psychic_CF_RemadeSelf=True
###Block:
CATEGORY=CLASS|Spiritualist.MOD	DEFINE:Spiritualist_CF_WeaponandArmorProficiency|0
CATEGORY=CLASS|Spiritualist.MOD	DEFINE:Spiritualist_CF_Spells|0
CATEGORY=CLASS|Spiritualist.MOD	DEFINE:Spiritualist_CF_Knacks|0
CATEGORY=CLASS|Spiritualist.MOD	DEFINE:Spiritualist_CF_Phantom|0
CATEGORY=CLASS|Spiritualist.MOD	DEFINE:Spiritualist_CF_SharedConsciousness|0
CATEGORY=CLASS|Spiritualist.MOD	DEFINE:Spiritualist_CF_EthericTether|0
CATEGORY=CLASS|Spiritualist.MOD	DEFINE:Spiritualist_CF_BondedSenses|0
CATEGORY=CLASS|Spiritualist.MOD	DEFINE:Spiritualist_CF_BondedManifestation|0
CATEGORY=CLASS|Spiritualist.MOD	DEFINE:Spiritualist_CF_EctoplasmicBondedManifestation|0
CATEGORY=CLASS|Spiritualist.MOD	DEFINE:Spiritualist_CF_SpiritualInterference|0
CATEGORY=CLASS|Spiritualist.MOD	DEFINE:Spiritualist_CF_DetectUndead|0
CATEGORY=CLASS|Spiritualist.MOD	DEFINE:Spiritualist_CF_PhantomRecall|0
CATEGORY=CLASS|Spiritualist.MOD	DEFINE:Spiritualist_CF_CalmSpirit|0
CATEGORY=CLASS|Spiritualist.MOD	DEFINE:Spiritualist_CF_SeeInvisibility|0
CATEGORY=CLASS|Spiritualist.MOD	DEFINE:Spiritualist_CF_FusedConsciousness|0
CATEGORY=CLASS|Spiritualist.MOD	DEFINE:Spiritualist_CF_GreaterSpiritualInterference|0
CATEGORY=CLASS|Spiritualist.MOD	DEFINE:Spiritualist_CF_SpiritualBond|0
CATEGORY=CLASS|Spiritualist.MOD	DEFINE:Spiritualist_CF_CallSpirit|0
CATEGORY=CLASS|Spiritualist.MOD	DEFINE:Spiritualist_CF_DualBond|0
###Block:
CATEGORY=CLASS|Spiritualist.MOD	BONUS:VAR|Spiritualist_CF_WeaponandArmorProficiency|1|PREFACT:1,ABILITIES,Spiritualist_CF_WeaponandArmorProficiency=True
CATEGORY=CLASS|Spiritualist.MOD	BONUS:VAR|Spiritualist_CF_Spells|1|PREFACT:1,ABILITIES,Spiritualist_CF_Spells=True
CATEGORY=CLASS|Spiritualist.MOD	BONUS:VAR|Spiritualist_CF_Knacks|1|PREFACT:1,ABILITIES,Spiritualist_CF_Knacks=True
CATEGORY=CLASS|Spiritualist.MOD	BONUS:VAR|Spiritualist_CF_Phantom|1|PREFACT:1,ABILITIES,Spiritualist_CF_Phantom=True
CATEGORY=CLASS|Spiritualist.MOD	BONUS:VAR|Spiritualist_CF_SharedConsciousness|1|PREFACT:1,ABILITIES,Spiritualist_CF_SharedConsciousness=True
CATEGORY=CLASS|Spiritualist.MOD	BONUS:VAR|Spiritualist_CF_EthericTether|1|PREFACT:1,ABILITIES,Spiritualist_CF_EthericTether=True
CATEGORY=CLASS|Spiritualist.MOD	BONUS:VAR|Spiritualist_CF_BondedSenses|1|PREFACT:1,ABILITIES,Spiritualist_CF_BondedSenses=True
CATEGORY=CLASS|Spiritualist.MOD	BONUS:VAR|Spiritualist_CF_BondedManifestation|1|PREFACT:1,ABILITIES,Spiritualist_CF_BondedManifestation=True
CATEGORY=CLASS|Spiritualist.MOD	BONUS:VAR|Spiritualist_CF_EctoplasmicBondedManifestation|1|PREFACT:1,ABILITIES,Spiritualist_CF_EctoplasmicBondedManifestation=True
CATEGORY=CLASS|Spiritualist.MOD	BONUS:VAR|Spiritualist_CF_SpiritualInterference|1|PREFACT:1,ABILITIES,Spiritualist_CF_SpiritualInterference=True
CATEGORY=CLASS|Spiritualist.MOD	BONUS:VAR|Spiritualist_CF_DetectUndead|1|PREFACT:1,ABILITIES,Spiritualist_CF_DetectUndead=True
CATEGORY=CLASS|Spiritualist.MOD	BONUS:VAR|Spiritualist_CF_PhantomRecall|1|PREFACT:1,ABILITIES,Spiritualist_CF_PhantomRecall=True
CATEGORY=CLASS|Spiritualist.MOD	BONUS:VAR|Spiritualist_CF_CalmSpirit|1|PREFACT:1,ABILITIES,Spiritualist_CF_CalmSpirit=True
CATEGORY=CLASS|Spiritualist.MOD	BONUS:VAR|Spiritualist_CF_SeeInvisibility|1|PREFACT:1,ABILITIES,Spiritualist_CF_SeeInvisibility=True
CATEGORY=CLASS|Spiritualist.MOD	BONUS:VAR|Spiritualist_CF_FusedConsciousness|1|PREFACT:1,ABILITIES,Spiritualist_CF_FusedConsciousness=True
CATEGORY=CLASS|Spiritualist.MOD	BONUS:VAR|Spiritualist_CF_GreaterSpiritualInterference|1|PREFACT:1,ABILITIES,Spiritualist_CF_GreaterSpiritualInterference=True
CATEGORY=CLASS|Spiritualist.MOD	BONUS:VAR|Spiritualist_CF_SpiritualBond|1|PREFACT:1,ABILITIES,Spiritualist_CF_SpiritualBond=True
CATEGORY=CLASS|Spiritualist.MOD	BONUS:VAR|Spiritualist_CF_CallSpirit|1|PREFACT:1,ABILITIES,Spiritualist_CF_CallSpirit=True
CATEGORY=CLASS|Spiritualist.MOD	BONUS:VAR|Spiritualist_CF_DualBond|1|PREFACT:1,ABILITIES,Spiritualist_CF_DualBond=True

