#SOURCELONG:Occult Adventures	SOURCESHORT:OA	SOURCEWEB:http://paizo.com/products/btpy9a0h

###
#	Mesmerist
###

# Mesmerist Archetypes
FACTDEF:ABILITY|Mesmerist_Archetype_ClassSkills		DATAFORMAT:BOOLEAN	VISIBLE:YES	SELECTABLE:NO	REQUIRED:NO	DISPLAYNAME:Class Skills		EXPLANATION:Determines whether the archetype affects Class Skills
FACTDEF:ABILITY|Mesmerist_Archetype_Proficiencies	DATAFORMAT:BOOLEAN	VISIBLE:YES	SELECTABLE:NO	REQUIRED:NO	DISPLAYNAME:Proficiencies		EXPLANATION:Determines whether the archetype affects Proficiencies
FACTDEF:ABILITY|Mesmerist_Archetype_ConsummateLiar	DATAFORMAT:BOOLEAN	VISIBLE:YES	SELECTABLE:NO	REQUIRED:NO	DISPLAYNAME:Consummate Liar		EXPLANATION:Determines whether the archetype affects Consummate Liar
FACTDEF:ABILITY|Mesmerist_Archetype_HypnoticStare	DATAFORMAT:BOOLEAN	VISIBLE:YES	SELECTABLE:NO	REQUIRED:NO	DISPLAYNAME:Hypnotic Stare		EXPLANATION:Determines whether the archetype affects Hypnotic Stare
FACTDEF:ABILITY|Mesmerist_Archetype_Knacks		DATAFORMAT:BOOLEAN	VISIBLE:YES	SELECTABLE:NO	REQUIRED:NO	DISPLAYNAME:Knacks			EXPLANATION:Determines whether the archetype affects Knacks
FACTDEF:ABILITY|Mesmerist_Archetype_MesmeristTricks	DATAFORMAT:BOOLEAN	VISIBLE:YES	SELECTABLE:NO	REQUIRED:NO	DISPLAYNAME:Mesmerist Tricks		EXPLANATION:Determines whether the archetype affects Mesmerist Tricks
FACTDEF:ABILITY|Mesmerist_Archetype_PainfulStare	DATAFORMAT:BOOLEAN	VISIBLE:YES	SELECTABLE:NO	REQUIRED:NO	DISPLAYNAME:Painful Stare		EXPLANATION:Determines whether the archetype affects Painful Stare
FACTDEF:ABILITY|Mesmerist_Archetype_ToweringEgo		DATAFORMAT:BOOLEAN	VISIBLE:YES	SELECTABLE:NO	REQUIRED:NO	DISPLAYNAME:Towering Ego		EXPLANATION:Determines whether the archetype affects Towering Ego
FACTDEF:ABILITY|Mesmerist_Archetype_BoldStare		DATAFORMAT:BOOLEAN	VISIBLE:YES	SELECTABLE:NO	REQUIRED:NO	DISPLAYNAME:Bold Stare			EXPLANATION:Determines whether the archetype affects Bold Stare
FACTDEF:ABILITY|Mesmerist_Archetype_TouchTreatment	DATAFORMAT:BOOLEAN	VISIBLE:YES	SELECTABLE:NO	REQUIRED:NO	DISPLAYNAME:Touch Treatment		EXPLANATION:Determines whether the archetype affects Touch Treatment
FACTDEF:ABILITY|Mesmerist_Archetype_ManifoldTricks	DATAFORMAT:BOOLEAN	VISIBLE:YES	SELECTABLE:NO	REQUIRED:NO	DISPLAYNAME:Manifold Tricks		EXPLANATION:Determines whether the archetype affects Manifold Tricks
FACTDEF:ABILITY|Mesmerist_Archetype_MentalPotency	DATAFORMAT:BOOLEAN	VISIBLE:YES	SELECTABLE:NO	REQUIRED:NO	DISPLAYNAME:Mental Potency		EXPLANATION:Determines whether the archetype affects Mental Potency
FACTDEF:ABILITY|Mesmerist_Archetype_GlibLie		DATAFORMAT:BOOLEAN	VISIBLE:YES	SELECTABLE:NO	REQUIRED:NO	DISPLAYNAME:Glib Lie			EXPLANATION:Determines whether the archetype affects Glib Lie
FACTDEF:ABILITY|Mesmerist_Archetype_MasterfulTricks	DATAFORMAT:BOOLEAN	VISIBLE:YES	SELECTABLE:NO	REQUIRED:NO	DISPLAYNAME:Masterful Tricks		EXPLANATION:Determines whether the archetype affects Masterful Tricks
FACTDEF:ABILITY|Mesmerist_Archetype_RuleMinds		DATAFORMAT:BOOLEAN	VISIBLE:YES	SELECTABLE:NO	REQUIRED:NO	DISPLAYNAME:Rule Minds			EXPLANATION:Determines whether the archetype affects Rule Minds

FACTDEF:ABILITY|Mesmerist_Archetype_MesmeristTrick1	DATAFORMAT:BOOLEAN	VISIBLE:YES	SELECTABLE:NO	REQUIRED:NO	DISPLAYNAME:Mesmerist Trick 1		EXPLANATION:Determines whether the archetype affects Mesmerist Trick 1
FACTDEF:ABILITY|Mesmerist_Archetype_MesmeristTrick2	DATAFORMAT:BOOLEAN	VISIBLE:YES	SELECTABLE:NO	REQUIRED:NO	DISPLAYNAME:Mesmerist Trick 2		EXPLANATION:Determines whether the archetype affects Mesmerist Trick 2
FACTDEF:ABILITY|Mesmerist_Archetype_MesmeristTrick4	DATAFORMAT:BOOLEAN	VISIBLE:YES	SELECTABLE:NO	REQUIRED:NO	DISPLAYNAME:Mesmerist Trick 4		EXPLANATION:Determines whether the archetype affects Mesmerist Trick 4
FACTDEF:ABILITY|Mesmerist_Archetype_MesmeristTrick6	DATAFORMAT:BOOLEAN	VISIBLE:YES	SELECTABLE:NO	REQUIRED:NO	DISPLAYNAME:Mesmerist Trick 6		EXPLANATION:Determines whether the archetype affects Mesmerist Trick 6
FACTDEF:ABILITY|Mesmerist_Archetype_MesmeristTrick8	DATAFORMAT:BOOLEAN	VISIBLE:YES	SELECTABLE:NO	REQUIRED:NO	DISPLAYNAME:Mesmerist Trick 8		EXPLANATION:Determines whether the archetype affects Mesmerist Trick 8
FACTDEF:ABILITY|Mesmerist_Archetype_MesmeristTrick10	DATAFORMAT:BOOLEAN	VISIBLE:YES	SELECTABLE:NO	REQUIRED:NO	DISPLAYNAME:Mesmerist Trick 10	EXPLANATION:Determines whether the archetype affects Mesmerist Trick 10
FACTDEF:ABILITY|Mesmerist_Archetype_MesmeristTrick12	DATAFORMAT:BOOLEAN	VISIBLE:YES	SELECTABLE:NO	REQUIRED:NO	DISPLAYNAME:Mesmerist Trick 12	EXPLANATION:Determines whether the archetype affects Mesmerist Trick 12
FACTDEF:ABILITY|Mesmerist_Archetype_MesmeristTrick14	DATAFORMAT:BOOLEAN	VISIBLE:YES	SELECTABLE:NO	REQUIRED:NO	DISPLAYNAME:Mesmerist Trick 14	EXPLANATION:Determines whether the archetype affects Mesmerist Trick 14
FACTDEF:ABILITY|Mesmerist_Archetype_MesmeristTrick16	DATAFORMAT:BOOLEAN	VISIBLE:YES	SELECTABLE:NO	REQUIRED:NO	DISPLAYNAME:Mesmerist Trick 16	EXPLANATION:Determines whether the archetype affects Mesmerist Trick 16
FACTDEF:ABILITY|Mesmerist_Archetype_MesmeristTrick18	DATAFORMAT:BOOLEAN	VISIBLE:YES	SELECTABLE:NO	REQUIRED:NO	DISPLAYNAME:Mesmerist Trick 18	EXPLANATION:Determines whether the archetype affects Mesmerist Trick 18
FACTDEF:ABILITY|Mesmerist_Archetype_MesmeristTrick20	DATAFORMAT:BOOLEAN	VISIBLE:YES	SELECTABLE:NO	REQUIRED:NO	DISPLAYNAME:Mesmerist Trick 20	EXPLANATION:Determines whether the archetype affects Mesmerist Trick 20

# Mesmerist Class Features
FACTDEF:ABILITY|Mesmerist_CF_ClassSkills			DATAFORMAT:BOOLEAN	VISIBLE:YES	SELECTABLE:NO	REQUIRED:NO	DISPLAYNAME:Class Skills		EXPLANATION:Mesmerist Class Skills removed
FACTDEF:ABILITY|Mesmerist_CF_Proficiencies		DATAFORMAT:BOOLEAN	VISIBLE:YES	SELECTABLE:NO	REQUIRED:NO	DISPLAYNAME:Proficiencies		EXPLANATION:Mesmerist Proficiencies removed
FACTDEF:ABILITY|Mesmerist_CF_ConsummateLiar		DATAFORMAT:BOOLEAN	VISIBLE:YES	SELECTABLE:NO	REQUIRED:NO	DISPLAYNAME:Consummate Liar		EXPLANATION:Mesmerist Consummate Liar removed
FACTDEF:ABILITY|Mesmerist_CF_HypnoticStare		DATAFORMAT:BOOLEAN	VISIBLE:YES	SELECTABLE:NO	REQUIRED:NO	DISPLAYNAME:Hypnotic Stare		EXPLANATION:Mesmerist Hypnotic Stare removed
FACTDEF:ABILITY|Mesmerist_CF_Knacks				DATAFORMAT:BOOLEAN	VISIBLE:YES	SELECTABLE:NO	REQUIRED:NO	DISPLAYNAME:Knacks			EXPLANATION:Mesmerist Knacks removed
FACTDEF:ABILITY|Mesmerist_CF_MesmeristTricks		DATAFORMAT:BOOLEAN	VISIBLE:YES	SELECTABLE:NO	REQUIRED:NO	DISPLAYNAME:Mesmerist Tricks		EXPLANATION:Mesmerist Tricks removed
FACTDEF:ABILITY|Mesmerist_CF_PainfulStare			DATAFORMAT:BOOLEAN	VISIBLE:YES	SELECTABLE:NO	REQUIRED:NO	DISPLAYNAME:Painful Stare		EXPLANATION:Mesmerist Painful Stare removed
FACTDEF:ABILITY|Mesmerist_CF_ToweringEgo			DATAFORMAT:BOOLEAN	VISIBLE:YES	SELECTABLE:NO	REQUIRED:NO	DISPLAYNAME:Towering Ego		EXPLANATION:Mesmerist Towering Ego removed
FACTDEF:ABILITY|Mesmerist_CF_BoldStare			DATAFORMAT:BOOLEAN	VISIBLE:YES	SELECTABLE:NO	REQUIRED:NO	DISPLAYNAME:Bold Stare			EXPLANATION:Mesmerist Bold Stare removed
FACTDEF:ABILITY|Mesmerist_CF_TouchTreatment		DATAFORMAT:BOOLEAN	VISIBLE:YES	SELECTABLE:NO	REQUIRED:NO	DISPLAYNAME:Touch Treatment		EXPLANATION:Mesmerist Touch Treatment removed
FACTDEF:ABILITY|Mesmerist_CF_ManifoldTricks		DATAFORMAT:BOOLEAN	VISIBLE:YES	SELECTABLE:NO	REQUIRED:NO	DISPLAYNAME:Manifold Tricks		EXPLANATION:Mesmerist Manifold Tricks removed
FACTDEF:ABILITY|Mesmerist_CF_MentalPotency		DATAFORMAT:BOOLEAN	VISIBLE:YES	SELECTABLE:NO	REQUIRED:NO	DISPLAYNAME:Mental Potency		EXPLANATION:Mesmerist Mental Potency removed
FACTDEF:ABILITY|Mesmerist_CF_GlibLie			DATAFORMAT:BOOLEAN	VISIBLE:YES	SELECTABLE:NO	REQUIRED:NO	DISPLAYNAME:Glib Lie			EXPLANATION:Mesmerist Glib Lie removed
FACTDEF:ABILITY|Mesmerist_CF_MasterfulTricks		DATAFORMAT:BOOLEAN	VISIBLE:YES	SELECTABLE:NO	REQUIRED:NO	DISPLAYNAME:Masterful Tricks		EXPLANATION:Mesmerist Masterful Tricks removed
FACTDEF:ABILITY|Mesmerist_CF_RuleMinds			DATAFORMAT:BOOLEAN	VISIBLE:YES	SELECTABLE:NO	REQUIRED:NO	DISPLAYNAME:Rule Minds			EXPLANATION:Mesmerist Rule Minds removed

FACTDEF:ABILITY|Mesmerist_CF_MesmeristTrick1		DATAFORMAT:BOOLEAN	VISIBLE:YES	SELECTABLE:NO	REQUIRED:NO	DISPLAYNAME:Mesmerist Trick 1		EXPLANATION:Mesmerist Trick 1 removed
FACTDEF:ABILITY|Mesmerist_CF_MesmeristTrick2		DATAFORMAT:BOOLEAN	VISIBLE:YES	SELECTABLE:NO	REQUIRED:NO	DISPLAYNAME:Mesmerist Trick 2		EXPLANATION:Mesmerist Trick 2 removed
FACTDEF:ABILITY|Mesmerist_CF_MesmeristTrick4		DATAFORMAT:BOOLEAN	VISIBLE:YES	SELECTABLE:NO	REQUIRED:NO	DISPLAYNAME:Mesmerist Trick 4		EXPLANATION:Mesmerist Trick 4 removed
FACTDEF:ABILITY|Mesmerist_CF_MesmeristTrick6		DATAFORMAT:BOOLEAN	VISIBLE:YES	SELECTABLE:NO	REQUIRED:NO	DISPLAYNAME:Mesmerist Trick 6		EXPLANATION:Mesmerist Trick 6 removed
FACTDEF:ABILITY|Mesmerist_CF_MesmeristTrick8		DATAFORMAT:BOOLEAN	VISIBLE:YES	SELECTABLE:NO	REQUIRED:NO	DISPLAYNAME:Mesmerist Trick 8		EXPLANATION:Mesmerist Trick 8 removed
FACTDEF:ABILITY|Mesmerist_CF_MesmeristTrick10		DATAFORMAT:BOOLEAN	VISIBLE:YES	SELECTABLE:NO	REQUIRED:NO	DISPLAYNAME:Mesmerist Trick 10	EXPLANATION:Mesmerist Trick 10 removed
FACTDEF:ABILITY|Mesmerist_CF_MesmeristTrick12		DATAFORMAT:BOOLEAN	VISIBLE:YES	SELECTABLE:NO	REQUIRED:NO	DISPLAYNAME:Mesmerist Trick 12	EXPLANATION:Mesmerist Trick 12 removed
FACTDEF:ABILITY|Mesmerist_CF_MesmeristTrick14		DATAFORMAT:BOOLEAN	VISIBLE:YES	SELECTABLE:NO	REQUIRED:NO	DISPLAYNAME:Mesmerist Trick 14	EXPLANATION:Mesmerist Trick 14 removed
FACTDEF:ABILITY|Mesmerist_CF_MesmeristTrick16		DATAFORMAT:BOOLEAN	VISIBLE:YES	SELECTABLE:NO	REQUIRED:NO	DISPLAYNAME:Mesmerist Trick 16	EXPLANATION:Mesmerist Trick 16 removed
FACTDEF:ABILITY|Mesmerist_CF_MesmeristTrick18		DATAFORMAT:BOOLEAN	VISIBLE:YES	SELECTABLE:NO	REQUIRED:NO	DISPLAYNAME:Mesmerist Trick 18	EXPLANATION:Mesmerist Trick 18 removed
FACTDEF:ABILITY|Mesmerist_CF_MesmeristTrick20		DATAFORMAT:BOOLEAN	VISIBLE:YES	SELECTABLE:NO	REQUIRED:NO	DISPLAYNAME:Mesmerist Trick 20	EXPLANATION:Mesmerist Trick 20 removed
