#SOURCELONG:Psionics Expanded - Hidden Intentions	SOURCESHORT:PEHI	SOURCEWEB:http://dreamscarredpress.com/dragonfly/index.php	SOURCEDATE:2012-05
# ORIGINAL ENTRY: Douglas Limmer
# ORIGINAL ENTRY DATE: 2013/06/24

###Block: Class ability pools
ABILITYCATEGORY:Cryptic Insight		VISIBLE:QUALIFY	EDITABLE:YES	EDITPOOL:YES	FRACTIONALPOOL:NO		CATEGORY:Special Ability	TYPE:CrypticInsight		PLURAL:Cryptic Insights			DISPLAYLOCATION:Class Abilities
ABILITYCATEGORY:Cryptic Supreme Insight	VISIBLE:QUALIFY	EDITABLE:YES	EDITPOOL:YES	FRACTIONALPOOL:NO		CATEGORY:Special Ability	TYPE:CrypticSupremeInsight	PLURAL:Cryptic Insights			DISPLAYLOCATION:Class Abilities
ABILITYCATEGORY:Cryptic Ranger Trap		VISIBLE:QUALIFY	EDITABLE:YES	EDITPOOL:YES	FRACTIONALPOOL:NO		CATEGORY:Special Ability	TYPE:CrypticRangerTrap		PLURAL:Cryptic Ranger Traps		DISPLAYLOCATION:Class Abilities

###Block: Archetype support
ABILITYCATEGORY:Cryptic Archetype	VISIBLE:QUALIFY	EDITABLE:YES		EDITPOOL:NO		FRACTIONALPOOL:NO		CATEGORY:Archetype	TYPE:CrypticArchetype	PLURAL:Cryptic Archetypes		DISPLAYLOCATION:Archetype

###Block: Archetype ability pools
ABILITYCATEGORY:Transformed Body Customization	VISIBLE:QUALIFY	EDITABLE:YES		EDITPOOL:YES	FRACTIONALPOOL:NO		CATEGORY:Special Ability	TYPE:AberrantCustomization		PLURAL:Transformed Body Customizations	DISPLAYLOCATION:Class Abilities
ABILITYCATEGORY:Secondary Discipline		VISIBLE:QUALIFY	EDITABLE:YES		EDITPOOL:YES	FRACTIONALPOOL:NO		CATEGORY:Special Ability	TYPE:SecondaryDiscipline		PLURAL:Secondary Disciplines			DISPLAYLOCATION:Class Abilities
ABILITYCATEGORY:Mindwright Feat			VISIBLE:QUALIFY	EDITABLE:YES		EDITPOOL:YES	FRACTIONALPOOL:NO		CATEGORY:FEAT			TYPE:ItemCreation				PLURAL:Mindwright Feats				DISPLAYLOCATION:Feats
ABILITYCATEGORY:Martial Kineticist Skill Bonus	VISIBLE:QUALIFY	EDITABLE:YES		EDITPOOL:YES	FRACTIONALPOOL:NO		CATEGORY:Internal			TYPE:MartialKineticistSkillBonus	PLURAL:Martial Kineticist Skill Bonuses	DISPLAYLOCATION:Class Abilities
ABILITYCATEGORY:Martial Kineticist Feat		VISIBLE:QUALIFY	EDITABLE:YES		EDITPOOL:YES	FRACTIONALPOOL:NO		CATEGORY:FEAT			TYPE:Psionic.Metapsionic		PLURAL:Martial Kineticist Feats		DISPLAYLOCATION:Feats
ABILITYCATEGORY:Meditant Fighting Style		VISIBLE:QUALIFY	EDITABLE:YES		EDITPOOL:YES	FRACTIONALPOOL:NO		CATEGORY:Special Ability	TYPE:MeditantFightingStyle		PLURAL:Meditant Fighting Styles		DISPLAYLOCATION:Class Abilities
ABILITYCATEGORY:Soulknife Rogue Talent		VISIBLE:QUALIFY	EDITABLE:YES		EDITPOOL:YES	FRACTIONALPOOL:NO		CATEGORY:Special Ability	ABILITYLIST:Befuddling Strike ~ Rogue Talent|Fast Stealth|Slow Reactions|Sniper's Eye ~ Rogue Talent|Surprise Attack				PLURAL:Soulknife Rogue Talents		DISPLAYLOCATION:Class Abilities
ABILITYCATEGORY:Soulknife Advanced Talent		VISIBLE:QUALIFY	EDITABLE:YES		EDITPOOL:YES	FRACTIONALPOOL:NO		CATEGORY:Special Ability	ABILITYLIST:Confounding Blades ~ Advanced Rogue Talent|Crippling Strike|Stealthy Sniper ~ Rogue Talent						PLURAL:Soulknife Advanced Talents		DISPLAYLOCATION:Class Abilities
ABILITYCATEGORY:Medic Tricks				VISIBLE:QUALIFY	EDITABLE:YES		EDITPOOL:YES	FRACTIONALPOOL:NO		CATEGORY:Special Ability	TYPE:BattleMedicMedicTrick		PLURAL:Medic Tricks				DISPLAYLOCATION:Class Abilities

###Block: Miscellaneous ability pools
ABILITYCATEGORY:Psionic Feat				VISIBLE:QUALIFY	EDITABLE:YES		EDITPOOL:YES	FRACTIONALPOOL:NO		CATEGORY:FEAT			TYPE:Psionic				PLURAL:Psionic Feats				DISPLAYLOCATION:Feats
