# CVS $Revision: 17892 $ $Author: amaitland $ -- Thu Sep 26 14:37:28 2013 -- reformated by prettylst.pl v1.50 (build 20400)
SOURCELONG:Reign of Winter, Part 1: The Snows of Summer	SOURCESHORT:AP67	SOURCEWEB:http://paizo.com/products/btpy8w7d/discuss?Pathfinder-Adventure-Path-67-The-Snows-of-Summer	SOURCEDATE:2013-02
# ORIGINAL ENTRY: Stefan Radermacher
# ORIGINAL ENTRY DATE: 18 June 2013

###Block: Mantle of the Black Rider
Mantle of the Black Rider			CATEGORY:Special Ability	TYPE:SpecialQuality.ReignOfWinter		VISIBLE:DISPLAY	DESC:You have accepted the burden of responsibility of searching for Baba Yaga from the her Rider, Midnight the Black.	COST:0	BONUS:ABILITYPOOL|Mantle of the Black Rider|1
#
Mantle of the Black Rider (Strength)	CATEGORY:Special Ability	TYPE:SpecialQuality.MantleBlackRider				DESC:You have accepted the burden of responsibility of searching for Baba Yaga from the her Rider, Midnight the Black. These mystic ties to the Witch Queen grant you a +2 bonus to Strength.		BONUS:STAT|STR|2
Mantle of the Black Rider (Dexterity)	CATEGORY:Special Ability	TYPE:SpecialQuality.MantleBlackRider				DESC:You have accepted the burden of responsibility of searching for Baba Yaga from the her Rider, Midnight the Black. These mystic ties to the Witch Queen grant you a +2 bonus to Dexterity.		BONUS:STAT|DEX|2
Mantle of the Black Rider (Constitution)	CATEGORY:Special Ability	TYPE:SpecialQuality.MantleBlackRider				DESC:You have accepted the burden of responsibility of searching for Baba Yaga from the her Rider, Midnight the Black. These mystic ties to the Witch Queen grant you a +2 bonus to Constitution.	BONUS:STAT|CON|2
Mantle of the Black Rider (Intelligence)	CATEGORY:Special Ability	TYPE:SpecialQuality.MantleBlackRider				DESC:You have accepted the burden of responsibility of searching for Baba Yaga from the her Rider, Midnight the Black. These mystic ties to the Witch Queen grant you a +2 bonus to Intelligence.	BONUS:STAT|INT|2
Mantle of the Black Rider (Wisdom)		CATEGORY:Special Ability	TYPE:SpecialQuality.MantleBlackRider				DESC:You have accepted the burden of responsibility of searching for Baba Yaga from the her Rider, Midnight the Black. These mystic ties to the Witch Queen grant you a +2 bonus to Wisdom.		BONUS:STAT|WIS|2
Mantle of the Black Rider (Charisma)	CATEGORY:Special Ability	TYPE:SpecialQuality.MantleBlackRider				DESC:You have accepted the burden of responsibility of searching for Baba Yaga from the her Rider, Midnight the Black. These mystic ties to the Witch Queen grant you a +2 bonus to Charisma.		BONUS:STAT|CHA|2


###Block: Reign of Winter Toolkit

###Block: Boreal Creature abilities
# Ability Name	Unique Key						Category of Ability		Type						Description
Cold Damage		KEY:Cold Damage ~ Boreal Creature		CATEGORY:Special Ability	TYPE:SpecialAttack.Extraordinary	DESC:A boreal creature's natural attacks deal an extra 1d6 points of cold damage.
Trackless Step	KEY:Trackless Step ~ Boreal Creature	CATEGORY:Special Ability	TYPE:SpecialQuality.Extraordinary	DESC:A boreal creature does not leave a trail in snow and cannot be tracked. It can choose to leave a trail, if it so desires.
#
###Block: Winter-Touched Fey abilities
# Ability Name	Unique Key						Category of Ability		Type						Define			Description																										Modify VAR
Numbing Cold	KEY:Numbing Cold ~ Winter-Touched Fey	CATEGORY:Special Ability	TYPE:SpecialAttack.Supernatural	DEFINE:NumbingColdDC|0	DESC:Any creature hit by a winter-touched creature's attack (natural or weapon) must succeed at a DC %1 Fortitude save or be staggered for 1 round.|NumbingColdDC	BONUS:VAR|NumbingColdDC|10+(HD/2)+CON


###Block: Bestiary

###Block: Giant Weasel abilities
# Ability Name	Unique Key				Category of Ability		Type						Description																																																	Source Page
Attach		KEY:Attach ~ Giant Weasel	CATEGORY:Special Ability	TYPE:SpecialAttack.Extraordinary	DESC:A giant weasel automatically latches onto its target when it successfully makes a bite attack. The giant weasel is considered grappling, but the target is not. The target can attack or grapple the giant weasel as normal, or break the attach with a successful grapple or Escape Artist check.	SOURCEPAGE:p.82

#
# End
#
