

#	Abaia
#	Almiraj
#	Alpluachra
#	Ankou
#	Aoandon
#	Apocalypse Locust
#	Argus
#	Astral Leviathan
#	
#	Bakekujira
#	Barometz
#	Beheaded
#	Bhole
#	Blood Hag
#	Bodythief
#	Boilborn
#	Brethedan
#	Broken Soul
#	Buggane
#	
#	Cephalophore
#	Chaneque
#	Changeling
#	Clockwork
#	Colossus
#	Color Out of Space
#	Comozant Wyrd
#	Contemplative
#	
#	Dark Caller
#	Dark Dancer
#	Death Dog
#	Demon Lord
#	Devil
#	Devilbound Creature
#	Dinosaur
#	Divine Guardian
#	Dorvae
#	Dossenus
#	Dragon
#	Drakainia
#	Drake
Shadow Drake
	KEY:Drake (Shadow)
	SORTKEY:Drake
	DESC:This tiny black dragonlike creature has charcoal-colored scales and shadowy wings.
	DESC:XP %1|600
	KIT:1|CE
	SIZE:T
	RACETYPE:Dragon
	RACESUBTYPE:Cold
	BONUS:VAR|DarkvisionRange|60|TYPE=Base
	BONUS:VAR|HasLowlightVision|1|TYPE=Base
	BONUS:COMBAT|AC|1|TYPE=NaturalArmor
	MONSTERCLASS:Dragon:3
	MOVE:Walk,20,Fly,90
	BONUS:VAR|Maneuverability|5
	ABILITY:Internal|AUTOMATIC|Race ~ Drake (Shadow)


#	Ectoplasmic Creature
#	Eiherji
#	Elder Thing
#	Elohim
#	Empyreal Lord
#	Eriking
#	
#	Fachen
#	Familiar
#	Festering Spirit
#	Flea
#	Fleshdreg
#	Fleshwarp
#	Flying Polyp
#	Formian
#	Fossegrim
#	Freezing Flow
#	Fungal Creature
#	
#	Gaki
#	Gallowdead
#	Galvo
#	Gashadokuro
#	Gathian
#	Gearghost
#	Geist
#	Gholdako
#	Giant
#	Golem
#	Greae
#	Great Old One
#	Gremlin
#	Grendel
#	Guardian Dragon
#	
#	Hamadryad
#	Harionago
#	Herd Animal
#	Huldra
#	Hungry Flesh
#	Hyakume
#	Hypnalis
#	
#	Ijiraq
#	Immortal Ichor
#	Incutilis
#	Irminsul
#	Isitoq
#	
#	Jack-o'-Lantern
#	Jinmenju
#	Juggernaut
#	Juluggali
#	
#	Kaiju
#	Kapre
#	Karkinoi
#	Kasatha
#	Kitsune
#	Kyton
#	
#	Lampad
#	Leaf Ray
#	Leanan Sidhe
#	Living Topiary
#	Living Wall
#	Locust
#	Lorelei
#	Lunarma
#	Lurking Ray
#	Lycanthrope
#	
#	Manitou
#	Mi-Go
#	Mindslaver Mold
#	Mudlord
#	Mummified Creature
#	Myrmecoleon
#	
#	Nagaji
#	Necrocraft
#	Nependis
#	Nightgaunt
#	Nightmare Creature
#	Ningyo
#	Nycar
#	
#	Oceanid
#	Oma
#	Owb
#	
#	Pard
#	Peluda
#	Phantom Armor
#	Pickled Punk
#	Pipefox
#	Pooka
#	Psychopomp
#	Qallupilluk
#	Rat King
#	Ratling
#	Rokurokubi
#	Rukh
#	
#	Saguaroi
#	Samsaran
#	Sayona
#	Scorpion
#	Sea Cat
#	Seahorse
#	Seaweed Siren
#	Selkie
#	Seps
#	Shadow Creature
#	Shard Slug
#	Shark
#	Shobhad
#	Shredskin
#	Shriezyx
#	Shulsaga
#	Skinstitch
#	Snallygaster
#	Soulbound Mannequin
#	Soulbound Shell
#	Soulsliver
#	Spawn of Yog-Sothoth
#	Spider
#	Spring-heeled Jack
#	Star-Spawn of Cthulhu
#	Svartalfar
#	Swan Maiden
#	Swan (Trumpeter)
#	
#	Taniniver
#	Tiberolith
#	Tikbalang
#	Titan (Fomorian)
#	Tooth Fairy
#	Tortoise
#	Trox
#	Tunche
#	Tyrant Jelly
#	
#	Udaeus
#	
#	Vampire (Nosferatu)
#	Vouivre
#	
#	Walrus
#	Warsworn
#	Water Strider
#	Wayang
#	Weasel
#	Weedwhip
#	Wickerman
#	Wikkawak
#	Winter Hag
#	Wyrwood
#	Wyvaran
#	
#	Xanthos
#	Xenopterid
#	
#	Yaoguai
#	Ypotryll
#	
#	Zombie Lord
#	Zomok






