Twilight Elven Abilties: 
 

Elf (Twilight)
	VISION:Darkvision (90')
	BONUS:SKILL|Hide,Move Silently,Search,Spot,Listen|4|TYPE=Racial
	ABILITY:Special Ability|AUTOMATIC|Secret Door ~ Twilight Elf|Immunities ~ Twilight Elf|Mind-Affect Bonus ~ Twilight Elf
	AUTO:WEAPONPROF|Longsword|Sword (Bastard)|Longbow|Shortbow
	AUTO:FEAT|Blind-Fighting
	MOVE:Walk,40
	BONUS:STAT|DEX,CHA,INT|2
	BONUS:STAT|CON|-2
	FAVCLASS:Ranger

# Abilities
Secret Door ~ Twilight Elf
	CATEGORY:Special Ability
	TYPE:SpecialQuality
	DESC:A twilight elf who meerly passes within 5 feet of a secret or concealed door is entitled to a Search check as though actively looking 
for it.
Immunities ~ Twilight Elf
	CATEGORY:Special Ability
	TYPE:SpecialQuality
	DESC:Complete immunity to all forms of poison,paralysis,and magical sleep spells and effects.
Mind-Affect Bonus ~ Twilight Elf
	CATEGORY:Special Ability
	TYPE:SpecialQuality
	DESC:+4 racial bonus on all saving throws vs Mind-Affecting spells and effects.

