# CVS $Revision: $ $Author: $ -- Wed Apr  2 14:10:13 2008 -- reformated by prettylst.pl v1.38 (build 5580)

# Race Name					Favored Class			Automatic Languages					Clear Bonus Languages	Bonus Languages	Stat bonus						Special ABility			Template						Source Page
Dwarf.MOD										LANGAUTO:.CLEAR	LANGAUTO:Low Coryani,Dwarven	LANGBONUS:.CLEAR					BONUS:STAT|CON|2	BONUS:STAT|CHA|-2		SAB:Weight of the Curse (Ex)	TEMPLATE:Arcanis Regions|Dwarven Subraces	SOURCEPAGE:p.161	BONUS:SKILL|TYPE.Craft|2|TYPE=Racial	BONUS:SKILL|Craft (Armorsmithing),Craft (Blacksmithing),Craft (Metalworking),Craft (Stonemasonry),Craft (Weaponsmithing)|-2|TYPE=Racial
Gnome.MOD					FAVCLASS:Wizard.Illusionist	LANGAUTO:.CLEAR						LANGBONUS:.CLEAR					BONUS:STAT|STR|-2	BONUS:STAT|CON|2							TEMPLATE:Arcanis Regions			SOURCEPAGE:p.161	BONUS:SKILLPOINTS|NUMBER|1	BONUS:SKILLPOINTS|NUMBER|4|PRELEVELMAX:1
Half-Orc.MOD									LANGAUTO:.CLEAR	LANGAUTO:Low Coryani		LANGBONUS:.CLEAR		LANGBONUS:Orc	BONUS:STAT|STR|2	BONUS:STAT|INT,CHA|-2						TEMPLATE:Arcanis Regions			SOURCEPAGE:p.18
Human.MOD										LANGAUTO:.CLEAR	LANGAUTO:Low Coryani		LANGBONUS:.CLEAR		LANGBONUS:ALL													TEMPLATE:Arcanis Regions			SOURCEPAGE:p.12


Elf.FORGET
Half-Elf.FORGET
Halfling.FORGET
Elf (Wood).FORGET
Elf (Aquatic).FORGET
Elf (Grey).FORGET
Elf (Drow).FORGET
Elf (Wild).FORGET

Cerebremancer.FORGET
Elocator.FORGET
Psion Uncarnate.FORGET
Thallherd.FORGET

Dinosaur (Deinonychus).FORGET
Dinosaur (Elasmosaurus).FORGET
Dinosaur (Megaraptor).FORGET
Dinosaur (Triceratops).FORGET
Dinosaur (Tyrannosaurus).FORGET
