##############################################################################################################################################################################################################################################################################################################################################
# Class Name			Product Identity?	Hit Dice	Type			Abbreviation	Max Level	Source Page		Sourcelong						Save checks bonus												Combat bonus
CLASS:Altherian Sharpshooter	NAMEISPI:YES	HD:8		TYPE:PC.Prestige	ABB:ASh		MAXLEVEL:5	SOURCEPAGE:p.164	SOURCELONG:Player's Guide to Arcanis	BONUS:CHECKS|BASE.Reflex|CL/2+2	BONUS:CHECKS|BASE.Will,BASE.Fortitude|CL/3	BONUS:COMBAT|BAB|CL|TYPE=Base.REPLACE
# Class Name			Req. Att.	Required Feat																							Required Skill
CLASS:Altherian Sharpshooter	PREATT:5	PREFEAT:5,Exotic Weapon Proficiency (Altherian Flintlock (Rifle)),Hawk Eyed,Point Blank Shot,Precise Shot,Weapon Focus(Altherian Flintlock (Rifle))	PRESKILL:2,Concentration,Craft (Flintlocks)=4	PREMULT:1,[PRETEMPLATE:Altheria],[PREFEAT:1,Shining Patrol Service]
# Class Name			Skill Pts/Lvl	Class Skill
CLASS:Altherian Sharpshooter	STARTSKILLPTS:4	CSKILL:Balance|Bluff|Climb|Concentration|TYPE.Craft|Hide|Jump|Move Silently|TYPE.Profession|Ride|Swim|Tumble
1	SAB:Range Sneak Attack +%d6|RangeSneakAttack	DEFINE:RangeSneakAttack|0	BONUS:VAR|RangeSneakAttack|1
2	SAB:Shot in the Dark
3	BONUS:VAR|RangeSneakAttack|1
4	ABILITY:FEAT|AUTOMATIC|Superior Weapon Focus(Flintlock)
5	SAB:Dead Eye

##############################################################################################################################################################################################################################################################################################################################################
# Class Name			Product Identity?	Hit Dice	Type			Abbreviation	Max Level	Source Page		Sourcelong						Save checks bonus											Combat bonus
CLASS:Altherian Triggermage	NAMEISPI:YES	HD:6		TYPE:PC.Prestige	ABB:ATrgm		MAXLEVEL:10	SOURCEPAGE:p.166	SOURCELONG:Player's Guide to Arcanis	BONUS:CHECKS|BASE.Reflex,BASE.Will|CL/2+2	BONUS:CHECKS|BASE.Fortitude|CL/3	BONUS:COMBAT|BAB|CL*3/4|TYPE=Base.REPLACE
# Class Name			Required Feat																	Multiple Requirements								Required Skill													Req. Spell Type
CLASS:Altherian Triggermage	PREFEAT:4,Exotic Weapon Proficiency(TYPE=Flintlock),Weapon Focus(TYPE=Flintlock),Point Blank Shot,Precise Shot	PREMULT:1,[PREFEAT:1,Shining Patrol Service],[PREREGION:Altheria]	PRESKILL:1,Concentration=8	PRESKILL:1,TYPE.Arcana=6	PRESKILL:1,Spellcraft=7	PRESPELLTYPE:1,Arcane=2
# Class Name			Skill Pts/Lvl	Class Skill
CLASS:Altherian Triggermage	STARTSKILLPTS:2	CSKILL:Climb|Concentration|TYPE.Craft|TYPE.Arcana|TYPE.Profession|Ride|Spellcraft|Spot
1						SAB:Enrune Flintlock (Su)	SAB:Enhance Rune Gun +% (Su)|RuneGunBonus	BONUS:VAR|RuneGunBonus|1	DEFINE:RuneGunBonus|0
2						SAB:Empower Rune Gun ~ Ghost (Sp)																ADD:SPELLCASTER|1|Arcane
3																		BONUS:VAR|RuneGunBonus|1
4						SAB:Empower Rune Gun ~ Seeker (Sp)																ADD:SPELLCASTER|1|Arcane
5																		BONUS:VAR|RuneGunBonus|1
6						SAB:Empower Rune Gun ~ Fire's Kiss (Sp)	SAB:Imbue Bullet (Sp)											ADD:SPELLCASTER|1|Arcane
7																		BONUS:VAR|RuneGunBonus|1
8	SAB:.CLEAR.Imbue Bullet (Sp)	SAB:Empower Rune Gun ~ Magic Bullet (Sp)	SAB:Improved Imbue Bullet (Sp)										ADD:SPELLCASTER|1|Arcane
9																		BONUS:VAR|RuneGunBonus|1
10						SAB:Imbue Gun (Sp)																			ADD:SPELLCASTER|1|Arcane

##############################################################################################################################################################################################################################################################################################################################################
# Class Name			Product Identity?	Hit Dice	Type			Abbreviation	Max Level	Source Page		Sourcelong						Save checks bonus											Combat bonus
CLASS:Ansharan Gatekeeper	NAMEISPI:YES	HD:8		TYPE:PC.Prestige	ABB:AGk		MAXLEVEL:10	SOURCEPAGE:p.167	SOURCELONG:Player's Guide to Arcanis	BONUS:CHECKS|BASE.Fortitude,BASE.Will|CL/2+2	BONUS:CHECKS|BASE.Reflex|CL/3	BONUS:COMBAT|BAB|CL*3/4|TYPE=Base.REPLACE
# Class Name			Required Deity	Required Feat																				Required Skill												Req. Spell Type		Required Text
CLASS:Ansharan Gatekeeper	PREDEITY:Anshar	PREFEAT:1,Endurance,Great Fortitude	PREFEAT:1,Skill Focus(TYPE.Arcana),Skill Focus(TYPE.Religion),Skill Focus(Spellcraft)	PRESKILL:1,TYPE.Religion=8	PRESKILL:1,TYPE.Arcana=6	PRESKILL:1,Spellcraft=10	PRESPELLTYPE:1,Arcane=2	PRETEXT:Must be able to activate a portal of Anshar.  Must be attuned to at least 15 portals.
# Class Name			Skill Pts/Lvl	Class Skill
CLASS:Ansharan Gatekeeper	STARTSKILLPTS:4	CSKILL:Concentration|Diplomacy|Gather Information|TYPE.Arcana|TYPE.Geography|TYPE.Planes|TYPE.Religion|Listen|Open Lock|TYPE.Profession|Search|Sense Motive|Spellcraft
1	SAB:Keen Eye (Ex)(+% bonus when searching for any kind of gateway)|CL																	ADD:SPELLCASTER|1|Divine
2	SAB:Gatemaster (Sp)																									ADD:SPELLCASTER|1|Divine
3																													ADD:SPELLCASTER|1|Divine
4	SAB:Dimension Door %/day as a level % sorcerer.|DDTimes|DDCastLevel	BONUS:VAR|DDTimes|CL/2	BONUS:VAR|DDCastLevel|TL	DEFINE:DDTimes|0	DEFINE:DDCastLevel|0	ADD:SPELLCASTER|1|Divine
5	SAB:Locate Portal (Ex)																									ADD:SPELLCASTER|1|Divine
6																													ADD:SPELLCASTER|1|Divine
7	SAB:Teleport 1/day as a level % sorcerer.|DDCastLevel																				ADD:SPELLCASTER|1|Divine
8	SAB:Phase Door %/day as a level % sorcerer.|DDTimes|DDCastLevel																		ADD:SPELLCASTER|1|Divine
9																													ADD:SPELLCASTER|1|Divine
10	SAB:Spontaneous Portal (Su)																								ADD:SPELLCASTER|1|Divine

##############################################################################################################################################################################################################################################################################################################################################
# Class Name					Product Identity?	Hit Dice	Type			Abbreviation	Max Level	Source Page		Sourcelong						Save checks bonus											Combat bonus
CLASS:Battlemage of the Coryani Legions	NAMEISPI:YES	HD:6		TYPE:PC.Prestige	ABB:Bmg		MAXLEVEL:10	SOURCEPAGE:p.169	SOURCELONG:Player's Guide to Arcanis	BONUS:CHECKS|BASE.Fortitude,BASE.Will|CL/2+2	BONUS:CHECKS|BASE.Reflex|CL/3	BONUS:COMBAT|BAB|CL*3/4|TYPE=Base.REPLACE
# Class Name					Required AL		Required Feat							Multiple Requirements								Required Region	Required Skill
CLASS:Battlemage of the Coryani Legions	PREALIGN:LG,LN,LE	PREFEAT:1,Legionnaire,Armored Caster,Combat Casting	PREMULT:1,[PREFEAT:1,Spell Mastery],[PRESPELLCAST:MEMORIZE=N]	PREREGION:Coryan	PRESKILL:1,Concentration,Spellcraft=10	PRESKILL:1,TYPE.History=5
# Class Name					Skill Pts/Lvl	Class Skill
CLASS:Battlemage of the Coryani Legions	STARTSKILLPTS:2	CSKILL:Concentration|TYPE.Craft|Heal|TYPE.Arcana|TYPE.History|TYPE.Profession|Ride|Spellcraft
1	SAB:Hunted																														ABILITY:FEAT|AUTOMATIC|Endurance|Strength of the Coryani Heart
2	SAB:Battle Magic (Su)														ADD:SPELLCASTER|1|Arcane
3																		ADD:SPELLCASTER|1|Arcane	ABILITY:FEAT|AUTOMATIC|Spell Mastery
4	SAB:Improved Armored Casting (Ex)												ADD:SPELLCASTER|1|Arcane
5	SAB:Stable Casting (Ex)														ADD:SPELLCASTER|1|Arcane	ADD:ABILITY|FEAT|AUTOMATIC|TYPE=Fighter,TYPE=Military,TYPE=Metamagic
6	SAB:Battle Spell % (Su)|BattleSpellTimes	BONUS:VAR|BattleSpellTimes|1	DEFINE:BattleSpellTimes|0	ADD:SPELLCASTER|1|Arcane
7																		ADD:SPELLCASTER|1|Arcane	ABILITY:FEAT|AUTOMATIC|Spell Mastery
8								BONUS:VAR|BattleSpellTimes|1						ADD:SPELLCASTER|1|Arcane
9																		ADD:SPELLCASTER|1|Arcane	ADD:ABILITY|FEAT|AUTOMATIC|TYPE=Fighter,TYPE=Military,TYPE=Metamagic
10								BONUS:VAR|BattleSpellTimes|1						ADD:SPELLCASTER|1|Arcane

##############################################################################################################################################################################################################################################################################################################################################
# Class Name			Product Identity?	Hit Dice	Type			Abbreviation	Max Level	Source Page		Sourcelong						Save checks bonus											Combat bonus
CLASS:Beltinian Exorcist	NAMEISPI:YES	HD:8		TYPE:PC.Prestige	ABB:BEx		MAXLEVEL:10	SOURCEPAGE:p.171	SOURCELONG:Player's Guide to Arcanis	BONUS:CHECKS|BASE.Will|CL/2+2	BONUS:CHECKS|BASE.Fortitude,BASE.Reflex|CL/3	BONUS:COMBAT|BAB|CL*3/4|TYPE=Base.REPLACE
# Class Name			Required AL		Required Deity	Required Feat				Required Skill										Req. Known Spell
CLASS:Beltinian Exorcist	PREALIGN:LG,NG,CG	PREDEITY:Beltine	PREFEAT:2,Turn Undead,Extra Turning	PRESKILL:3,Concentration,TYPE.Arcana,TYPE.Religion=8	PRESPELL:2,Detect Undead,Dispel Evil
# Class Name			Skill Pts/Lvl	Class Skill
CLASS:Beltinian Exorcist	STARTSKILLPTS:2	CSKILL:Concentration|TYPE.Craft|Diplomacy|Heal|TYPE.Arcana|TYPE.History|TYPE.Planes|TYPE.Religion|TYPE.Profession|Ride|Search|Spellcraft
1	SAB:My Spirit is My Own (Su)			BONUS:VAR|TurnLevelBase|CL
2	SAB:Sanctified Weapon & Holy Symbol (Su)						ADD:SPELLCASTER|1|Divine
3	SAB:To Rip the Spirit from the Flesh (Sp)						ADD:SPELLCASTER|1|Divine
4	SAB:Sanctified Ward (Su)								ADD:SPELLCASTER|1|Divine
5	SAB:To Banish the Restless (Sp)							ADD:SPELLCASTER|1|Divine
6													ADD:SPELLCASTER|1|Divine	ABILITY:FEAT|VIRTUAL|Extra Turning
7	SAB:Holy Presence (Sp)									ADD:SPELLCASTER|1|Divine
8													ADD:SPELLCASTER|1|Divine	ABILITY:FEAT|VIRTUAL|Extra Turning
9	SAB:Greater Sanctified Ward (Su)							ADD:SPELLCASTER|1|Divine
10	SAB:Rend the Spirit (Sp)								ADD:SPELLCASTER|1|Divine

##############################################################################################################################################################################################################################################################################################################################################
# Class Name		Hit Dice	Type			Abbreviation	Max Level	Source Page		Sourcelong						Save checks bonus								Combat bonus
CLASS:Blackchanter	HD:6		TYPE:PC.Prestige	ABB:BlKCh		MAXLEVEL:5	SOURCEPAGE:p.173	SOURCELONG:Player's Guide to Arcanis	BONUS:CHECKS|BASE.Will,BASE.Reflex,BASE.Fortitude|CL/2+2	BONUS:COMBAT|BAB|CL/2|TYPE=Base.REPLACE
# Class Name		Restricted AL		Req. Att.	Required Feat				Required Skill																			Req. Spell Type
CLASS:Blackchanter	!PREALIGN:CG,CN,CE	PREATT:4	PREFEAT:2,Iron Will,Bardic Music	PRESKILL:4,Concentration,TYPE.Nobility,TYPE.Religion,Spellcraft=4	PRESKILL:1,TYPE.Perform=8	PRESPELLTYPE:1,Arcane=3
# Class Name		Skill Pts/Lvl	Class Skill
CLASS:Blackchanter	STARTSKILLPTS:6	CSKILL:Balance|Bluff|Climb|Concentration|TYPE.Craft|Diplomacy|Gather Information|Jump|TYPE.Knowledge|TYPE.Perform|TYPE.Profession|Ride|Sense Motive|Speak Language|Spellcraft|Swim|Tumble
1	ADD:SPELLCASTER|1|Arcane	ADD:ABILITY|FEAT|AUTOMATIC|Skill Focus (TYPE=Nobility),Skill Focus (TYPE=Religion)
2	ADD:SPELLCASTER|1|Arcane	SAB:Requiem (Ex)
3	ADD:SPELLCASTER|1|Arcane	ADD:ABILITY|FEAT|AUTOMATIC|Skill Focus (TYPE=Nobility),Skill Focus (TYPE=Religion)
4	ADD:SPELLCASTER|1|Arcane	SAB:Elemental Savant (Positive Energy) (Sp)
5	ADD:SPELLCASTER|1|Arcane	SAB:Danse Macabre (Sp)

##############################################################################################################################################################################################################################################################################################################################################
# Class Name	Hit Dice	Type			Abbreviation	Max Level	Source Page		Sourcelong						Save checks bonus												Combat bonus
CLASS:Bowman	HD:8		TYPE:PC.Prestige	ABB:Bow		MAXLEVEL:10	SOURCEPAGE:p.175	SOURCELONG:Player's Guide to Arcanis	BONUS:CHECKS|BASE.Reflex|CL/2+2	BONUS:CHECKS|BASE.Fortitude,BASE.Will|CL/3	BONUS:COMBAT|BAB|CL|TYPE=Base.REPLACE
# Class Name	Req. Att.	Required Feat																			Required Skill
CLASS:Bowman	PREATT:5	PREFEAT:4,Iron Will,Precise Shot,Point Blank Shot,Rapid Shot	PREFEAT:1,Weapon Focus(Shortbow),Weapon Focus(Longbow)	PRESKILL:2,Balance,Spot=4	PRESKILL:1,Craft (Fletcher),Craft (Bowmaking)=4
# Class Name	Skill Pts/Lvl	Class Skill
CLASS:Bowman	STARTSKILLPTS:2	CSKILL:Climb|Craft (Bowmaking)|Craft (Fletcher)|Jump|Listen|TYPE.Profession|Ride|Search|Spot|Survival|Swim|Use Rope
1	SAB:Arrow Stab (Ex)	SAB:Warrior's Path	SAB:Lightning Draw (Ex)	BONUS:VAR|WeapSpecQualify|CL							ADD:VFEAT|TYPE=Bowman										AUTO:WEAPONPROF|TYPE=Martial	ABILITY:FEAT|AUTOMATIC|Simple Weapon Proficiency|Martial Weapon Proficiency|Armor Proficiency (Light)|Armor Proficiency (Medium)|Shield Proficiency
2	SAB:Ranged Sneak Attack +%d6|BowmanSneak					BONUS:VAR|BowmanSneak|1+(CL>=5)+(CL>=8)	DEFINE:BowmanSneak|0
3																							ABILITY:FEAT|AUTOMATIC|Weapon Specialization(Longbow)|Weapon Specialization(Shortbow)						ABILITY:FEAT|AUTOMATIC|Combat Firing
4																																									ABILITY:FEAT|AUTOMATIC|Improved Precise Shot
6	SAB:Hold the Line (Ex)
7	SAB:Inner Focus (Ex)
9	SAB:Hail of Arrows (Sp)
10	SAB:The Arrow Knows the Way (Su)

##############################################################################################################################################################################################################################################################################################################################################
# Class Name						Product Identity?	Hit Dice	Type			Abbreviation	Max Level	Source Page		Sourcelong						Save checks bonus											Combat bonus
CLASS:Brethren of the Order of St. Theomund	NAMEISPI:YES	HD:8		TYPE:PC.Prestige	ABB:BotO		MAXLEVEL:5	SOURCEPAGE:p.176	SOURCELONG:Player's Guide to Arcanis	BONUS:CHECKS|BASE.Reflex|CL/3	BONUS:CHECKS|BASE.Fortitude,BASE.Will|CL/2+2	BONUS:COMBAT|BAB|CL*3/4|TYPE=Base.REPLACE
# Class Name						Required AL			Req. Att.	Required Feat					Required Skill			Required Text
CLASS:Brethren of the Order of St. Theomund	PREALIGN:LG,LN,NG,TN	PREATT:4	PREFEAT:2,Iron Will,Combat Expertise	PRESKILL:1,TYPE.Religion=4	PRETEXT:Must follow the teachings of the Church of Coryan and must be accepted by the order.  Must swear an oath of fealty to the and faith to the Mother Church.
# Class Name						Skill Pts/Lvl	Class Skill
CLASS:Brethren of the Order of St. Theomund	STARTSKILLPTS:2	CSKILL:Climb|Concentration|TYPE.Craft|Jump|TYPE.Arcana|TYPE.History|TYPE.Religion|TYPE.Profession|Ride|Sense Motive|Spellcraft|Swim
1	SAB:Unshakable Dogma (EX)													ADD:ABILITY|FEAT|AUTOMATIC|TYPE=Fighter
2	SAB:Divine Stewardship +% (Ex)|StewardBonus	BONUS:VAR|StewardBonus|2	DEFINE:StewardBonus|0	ADD:SPELLCASTER|1|Divine
3	SAB:Faithful Bodyguard (Ex)													ADD:SPELLCASTER|1|Divine
4									BONUS:VAR|StewardBonus|2					ADD:SPELLCASTER|1|Divine
5	SAB:Righteous Wrath (Ex)													ADD:SPELLCASTER|1|Divine

##############################################################################################################################################################################################################################################################################################################################################
# Class Name	Hit Dice	Type			Abbreviation	Max Level	Source Page		Sourcelong						Save checks bonus											Combat bonus
CLASS:Cantenari	HD:8		TYPE:PC.Prestige	ABB:Cant		MAXLEVEL:10	SOURCEPAGE:p.178	SOURCELONG:Player's Guide to Arcanis	BONUS:CHECKS|BASE.Fortitude,BASE.Reflex|CL/2+2	BONUS:CHECKS|BASE.Will|CL/3	BONUS:COMBAT|BAB|CL|TYPE=Base.REPLACE
# Class Name	Required AL		Req. Att.	Required Feat									Required Item		Required Skill
CLASS:Cantenari	PREALIGN:LG,LN,LE	PREATT:6	PREFEAT:2,Iron Will,Track	PREFEAT:1,Favored Enemy (Infernal)	PREITEM:1,TYPE=Sarishan	PRESKILL:2,TYPE.Planes,Survival=5
# Class Name	Skill Pts/Lvl	Class Skill
CLASS:Cantenari	STARTSKILLPTS:4	CSKILL:TYPE.Craft|Gather Information|Hide|TYPE.Planes|Listen|Move Silently|Ride|Spot|Search|Sense Motive|Survival
1			SAB:Presence of the Infernal (Sp)					BONUS:VAR|FavoredInfernal|2+(CL>=4)+(CL>=7)+(CL==10)
2			SAB:Resilience % (Ex)|ResilienceLevel				BONUS:VAR|ResilienceLevel|CL/2																						DEFINE:ResilienceLevel|0
3			SAB:Mark of My Brother (Ex)
4																						BONUS:CHECKS|ALL|max(CHA,0)|!PRESA:1,Divine Grace (Su)	BONUS:CHECKS|ALL|1|PRESA:1,Divine Grace (Su)
5			SAB:Sarish's Binding (Sp)
6			SAB:My Mind is My Own (Su)	SAB:Infernal Wounding (Ex)
8			SAB:Reknown (Ex)
9			SAB:Sarish's Judgement (Sp)
10	SR:20+CHA

##############################################################################################################################################################################################################################################################################################################################################
# Class Name	Hit Dice	Type			Abbreviation	Max Level	Source Page		Sourcelong						Save checks bonus											Combat bonus
CLASS:Centurion	HD:10		TYPE:PC.Prestige	ABB:Cent		MAXLEVEL:10	SOURCEPAGE:p.179	SOURCELONG:Player's Guide to Arcanis	BONUS:CHECKS|BASE.Fortitude,BASE.Will|CL/2+2	BONUS:CHECKS|BASE.Reflex|((CL+1)/2)-1	BONUS:COMBAT|BAB|CL|TYPE=Base.REPLACE
# Class Name	Required AL				Req. Att.	Required Feat				Required Region	Required Skill
CLASS:Centurion	PREALIGN:LG,LN,LE,NG,TN,NE	PREATT:5	PREFEAT:2,Leadership,Legionnaire	PREREGION:Coryan	PRESKILL:1,Concentration=2	PRESKILL:2,Intimidate,TYPE.History=5
# Class Name	Skill Pts/Lvl	Class Skill
CLASS:Centurion	STARTSKILLPTS:4	CSKILL:Climb|Concentration|TYPE.Craft|Diplomacy|Handle Animal|Intimidate|Jump|TYPE.History|TYPE.Profession|Ride|Sense Motive|Spot|Swim
1																		BONUS:ABILITYPOOL|Fighter Feat|CL/3
1																																											ABILITY:FEAT|AUTOMATIC|Strength of the Coryani Heart
2			SAB:Aura of Courage (Ex)
3																		BONUS:VAR|FighterLVL|CL																						ABILITY:FEAT|AUTOMATIC|Fighter Level Advanced Feat Tracker
4	DR:1/-
5			SAB:Discipline of Steel (Ex) (%/day)(+4 attack, +% damage)|DiscSteelDay|DiscSteelDmg	BONUS:VAR|DiscSteelDay|1+(CL>=9)	BONUS:VAR|DiscSteelDmg|CL				DEFINE:DiscSteelDay|0	DEFINE:DiscSteelDay|0
6
7			SAB:Strike the Rod (Ex)
8	BONUS:DR|-|1
9
10			SAB:For the Empire! (Ex)

##############################################################################################################################################################################################################################################################################################################################################
# Class Name				Product Identity?	Hit Dice	Type			Abbreviation	Max Level	Source Page		Sourcelong						Save checks bonus											Combat bonus
CLASS:Emerald Society Archaeologist	NAMEISPI:YES	HD:6		TYPE:PC.Prestige	ABB:ESArc		MAXLEVEL:6	SOURCEPAGE:p.185	SOURCELONG:Player's Guide to Arcanis	BONUS:CHECKS|BASE.Fortitude,BASE.Reflex|CL/2+2	BONUS:CHECKS|BASE.Will|CL/3	BONUS:COMBAT|BAB|CL*3/4|TYPE=Base.REPLACE
# Class Name				Required Feat							Req. Special Ability	!PRESA		Required Skill																														Required Template
CLASS:Emerald Society Archaeologist	PREFEAT:2,Diligent,Skill Focus(TYPE.History)	PRESA:1,Trapfinding	!PRESA:1,Illiterate	PRESKILL:1,TYPE.Knowledge=3|!PRESKILL:2,TYPE.History,TYPE.Geography	PRESKILL:3,Appraise,Decipher Script	PRESKILL:1,TYPE.Geography=5	PRESKILL:1,TYPE.History=8	PRESKILL:3,Disable Device,Gather Information,Search=4	PRETEMPLATE:Emerald Society
# Class Name				Skill Pts/Lvl	Class Skill
CLASS:Emerald Society Archaeologist	STARTSKILLPTS:8	CSKILL:Appraise|Balance|Bluff|Climb|Decipher Script|Diplomacy|Gather Information|Hide|TYPE.Knowledge|Listen|Open Locks|TYPE.Profession|Research|Ride|Search|Sense Motive|Survival|Swim|Use Magic Device|Use Rope
1	SAB:Ancient Lore (Ex)	SAB:Subject Specialization (Ex)														ABILITY:FEAT|VIRTUAL|Emerald Proficiency|Subject Specialization
2																																				ABILITY:FEAT|AUTOMATIC|Investigator
3	SAB:Find the Past (Ex)							BONUS:VAR|TrapSense|CL/3									ABILITY:FEAT|VIRTUAL|Subject Specialization					ABILITY:FEAT|VIRTUAL|Trap Sense
4	SAB:Knowledge Mastery (Ex)
5	SAB:Researcher (Ex)												BONUS:SKILL|TYPE.Knowledge,Gather Information|2	ABILITY:FEAT|VIRTUAL|Subject Specialization
6	SAB:Great Lore (Ex)

##############################################################################################################################################################################################################################################################################################################################################
# Class Name	Hit Dice	Type			Abbreviation	Max Level	Subclass?		Source Page		Sourcelong						Save checks bonus											Combat bonus
CLASS:Gladiator	HD:8		TYPE:PC.Prestige	ABB:Gldtr		MAXLEVEL:10	HASSUBCLASS:YES	SOURCEPAGE:p.186	SOURCELONG:Player's Guide to Arcanis	BONUS:CHECKS|BASE.Fortitude,BASE.Reflex|CL/2+2	BONUS:CHECKS|BASE.Will|CL/3	BONUS:COMBAT|BAB|CL|TYPE=Base.REPLACE
# Class Name	Req. Att.	Required Feat
CLASS:Gladiator	PREATT:3	PREFEAT:2,Combat Expertise,Dodge
# Class Name	Skill Pts/Lvl	Class Skill
CLASS:Gladiator	STARTSKILLPTS:4	CSKILL:Appraise|Balance|Bluff|Climb|TYPE.Craft|Diplomacy|Escape Artist|Examine Martial Technique|Intimidate|Jump|Listen|TYPE.Profession|Ride|Sense Motive|Spot|Swim|Tumble
#
SUBCLASS:Samnite		COST:0
SUBCLASSLEVEL:1	SAB:You lose the benefits of this class style when wearing Heavy Armor																																							ABILITY:FEAT|AUTOMATIC|Weapon Focus(Sword (Short))|Weapon Focus(Shortspear)
SUBCLASSLEVEL:4	SAB:Armor Optimization +1										BONUS:COMBAT|AC|1|PREVAREQ:COUNT[EQTYPE.ARMOR.IS.HEAVY.EQUIPPED],0
SUBCLASSLEVEL:8																																																			ABILITY:FEAT|AUTOMATIC|Weapon Specialization(Sword (Short))|Weapon Specialization(Shortspear)
SUBCLASS:Thracian		COST:0
SUBCLASSLEVEL:1	SAB:You lose the benefits of this class style when you wear medium or heavy armor																																					ABILITY:FEAT|AUTOMATIC|Weapon Focus(Sword (Short))
SUBCLASSLEVEL:4	SAB:Armor Optimization +1										BONUS:COMBAT|AC|1|PREVAREQ:COUNT[EQTYPE.ARMOR.IS.MEDIUM.EQUIPPED],0,COUNT[EQTYPE.ARMOR.IS.HEAVY.EQUIPPED],0
SUBCLASSLEVEL:8																																																			ABILITY:FEAT|AUTOMATIC|Weapon Specialization(Sword (Short))
SUBCLASS:Murmillo		COST:0
SUBCLASSLEVEL:1	SAB:You lose the benefits of this class style when you wear medium or heavy armor																			ADD:ABILITY|2|FEAT|AUTOMATIC|Weapon Focus(TYPE=Sword),Weapon Focus(Shortspear)
SUBCLASSLEVEL:4	SAB:Armor Optimization +2										BONUS:COMBAT|AC|2|PREVAREQ:COUNT[EQTYPE.ARMOR.IS.MEDIUM.EQUIPPED],0,COUNT[EQTYPE.ARMOR.IS.HEAVY.EQUIPPED],0
SUBCLASSLEVEL:8																																	ADD:ABILITY|2|FEAT|AUTOMATIC|Weapon Specialization(TYPE=Sword),Weapon Specialization(Shortspear)
SUBCLASS:Retiarius	COST:0
SUBCLASSLEVEL:1	SAB:You lose the benefits of this class style when you wear medium or heavy armor																																	AUTO:WEAPONPROF|Net	ABILITY:FEAT|AUTOMATIC|Weapon Focus(Trident)
SUBCLASSLEVEL:4	SAB:Canny Defense (Ex)											BONUS:COMBAT|AC|min(max(INT,0),CL)|TYPE=Insight|PREVAREQ:ENCUMBERANCE,0,COUNT[EQTYPE.ARMOR.EQUIPPED],0																			ABILITY:FEAT|AUTOMATIC|Improved Trip
SUBCLASSLEVEL:8																																																			ABILITY:FEAT|AUTOMATIC|Weapon Focus(Net)|Weapon Specialization(Trident)
SUBCLASS:Sefacci		COST:0
SUBCLASSLEVEL:1	SAB:You lose the benefits of this class style when you wear medium or heavy armor																																					ABILITY:FEAT|AUTOMATIC||Two Weapon Fighting
SUBCLASSLEVEL:4																																																			ABILITY:FEAT|AUTOMATIC|Two Weapon Defense
SUBCLASSLEVEL:8																																																			ABILITY:FEAT|AUTOMATIC|Improved Two Weapon Fighting
SUBCLASS:Andabatae	COST:0
SUBCLASSLEVEL:1	UDAM:1d1,1d2,1d3,1d4,1d6,1d8,2d6,3d6,4d6 UMULT:2 SA:You lose the benefits of this class style when you wear medium or heavy armor																																					ABILITY:FEAT|AUTOMATIC|Improved Unarmed Strike
SUBCLASSLEVEL:2	UDAM:1d1,1d2,1d3,1d4,1d6,1d8,2d6,3d6,4d6
SUBCLASSLEVEL:3	UDAM:1d1,1d2,1d3,1d4,1d6,1d8,2d6,3d6,4d6
SUBCLASSLEVEL:4	UDAM:1d1,1d2,1d3,1d4,1d6,1d8,2d6,3d6,4d6																																																		ABILITY:FEAT|AUTOMATIC|Blind Fight|Weapon Focus(Unarmed Strike)
SUBCLASSLEVEL:5	UDAM:1d1,1d2,1d3,1d4,1d6,1d8,2d6,3d6,4d6
SUBCLASSLEVEL:6	UDAM:1d1,1d2,1d3,1d4,1d6,1d8,2d6,3d6,4d6
SUBCLASSLEVEL:7	UDAM:1d1,1d2,1d3,1d4,1d6,1d8,2d6,3d6,4d6
SUBCLASSLEVEL:8	UDAM:1d1,1d2,1d3,1d4,1d6,1d8,2d6,3d6,4d6																																																		ABILITY:FEAT|AUTOMATIC|Improved Grapple|Weapon Specialization(Unarmed Strike)
SUBCLASSLEVEL:9	UDAM:1d1,1d2,1d3,1d4,1d6,1d8,2d6,3d6,4d6
SUBCLASSLEVEL:10	UDAM:1d2,1d3,1d4,1d6,1d8,2d6,3d6,4d6,6d6
1																														AUTO:WEAPONPROF|TYPE=Martial	ABILITY:FEAT|AUTOMATIC|Simple Weapon Proficiency|Martial Weapon Proficiency|Armor Proficiency (Light)|Armor Proficiency (Medium)|Armor Proficiency (Heavy)|Shield Proficiency|Tower Shield Proficiency
2											BONUS:VAR|UncannyDodgeFlankingLevel|CL|TYPE=EachClass.REPLACE	ABILITY:FEAT|AUTOMATIC|Uncanny Dodge|Improved Uncanny Dodge
3																																			ABILITY:FEAT|AUTOMATIC|Endurance
5	SAB:Idolized by the Mob (Ex)	SAB:Signature Weapon (Ex)
6	SAB:Amazing Fortitude (Ex)																	ABILITY:FEAT|AUTOMATIC|Uncanny Dodge|Improved Uncanny Dodge
7	SAB:Defensive Roll (Ex)																															ABILITY:FEAT|AUTOMATIC|Diehard
9	SAB:Legendary Fortitude (Ex)
10	SAB:As if They Were Gods (Ex)

##############################################################################################################################################################################################################################################################################################################################################
# Class Name		Hit Dice	Type			Abbreviation	Max Level	Source Page		Sourcelong						Save checks bonus												Combat bonus
CLASS:Grand Master	HD:8		TYPE:PC.Prestige	ABB:GMstr		MAXLEVEL:8	SOURCEPAGE:p.189	SOURCELONG:Player's Guide to Arcanis	BONUS:CHECKS|BASE.Reflex|CL/2+2	BONUS:CHECKS|BASE.Will,BASE.Fortitude|CL/3	BONUS:COMBAT|BAB|CL|TYPE=Base.REPLACE
# Class Name		Req. Att.	Required Feat																	Required Skill
CLASS:Grand Master	PREATT:10	PREFEAT:6,Combat Expertise,Improved Disarm,Power Attack,Sunder,Greater Weapon Specialization,Improved Critical	PRESKILL:1,Craft (Weaponsmithing)=4	PRESKILL:1,Examine Martial Technique=6	PRESKILL:1,Profession (Educator)=2
# Class Name		Skill Pts/Lvl	Class Skill
CLASS:Grand Master	STARTSKILLPTS:4	CSKILL:Balance|Bluff|Climb|Craft (Weaponsmithing)|Examine Martial Technique|Intimidate|Jump|TYPE.History|TYPE.Nobility|Profession (Educator)|Ride|Sense Motive|Spot|Tumble
1	SAB:Master's Edge +% (Ex)|MasterEdgeBonus	SAB:Master's Reputation (Ex)	BONUS:VAR|MasterEdgeBonus|1+(CL>=3)+(CL>=5)+(CL>=7)	DEFINE:MasterEdgeBonus|0
2	SAB:Master's Intuition (Ex)	SAB:The Perfect Cut %/Day (Ex)|CutTimes	BONUS:VAR|CutTimes|CL/2						DEFINE:CutTimes|0											ABILITY:FEAT|VIRTUAL|Style Convergence
3																											ADD:ABILITY|FEAT|AUTOMATIC|Weapon Master(TYPE=Weapon)
4	SAB:Strike of the Placid Mind %/Day (Ex)|PlacidTimes				BONUS:VAR|PlacidTimes|1+(CL>=6)+(CL>=8)			DEFINE:PlacidTimes|0
6																											ADD:ABILITY|FEAT|AUTOMATIC|Weapon Grand Master(TYPE=Weapon)	ABILITY:FEAT|VIRTUAL|Parry
8	SAB:Quicken Strike 4/Day (Ex)

##############################################################################################################################################################################################################################################################################################################################################
# Class Name		Hit Dice	Type			Abbreviation	Max Level	Source Page		Sourcelong						Save checks bonus											Combat bonus
CLASS:Hurrianic Aegis	HD:10		TYPE:PC.Prestige	ABB:HAegs		MAXLEVEL:10	SOURCEPAGE:p.190	SOURCELONG:Player's Guide to Arcanis	BONUS:CHECKS|BASE.Fortitude|CL/2+2	BONUS:CHECKS|BASE.Will,BASE.Reflex|CL/3	BONUS:COMBAT|BAB|CL|TYPE=Base.REPLACE
# Class Name		Required AL				Required Check Base		Required Deity	Required Domain			Required Feat							Required Skill												Req. Spell Type
CLASS:Hurrianic Aegis	PREALIGN:LG,LN,NG,TN,CG,CN	PRECHECKBASE:1,Fortitude=5	PREDEITY:Hurrian	PREDOMAIN:2,Refuge,Protection	PREFEAT:3,Diehard,Endurance,Domain Focus(Refuge)	PRESKILL:2,Concentration,Knowledge (Religion:Hurrian)=6	PRESKILL:1,Spellcraft=4	PRESPELLTYPE:1,Divine=3
# Class Name		Skill Pts/Lvl	Class Skill
CLASS:Hurrianic Aegis	STARTSKILLPTS:2	CSKILL:Concentration|TYPE.Craft|Diplomacy|Heal|Intimidate|Knowledge (Religion:Hurrian)|TYPE.Nature|TYPE.Profession|Sense Motive|Spellcraft|Survival
1			SAB:Hurrian's Shield (Su)						BONUS:VAR|HurrianAC|1+(CL>=3)+(CL>=5)+(CL>=7)+(CL>=9)	BONUS:COMBAT|AC|HurrianAC|TYPE=Deflection	DEFINE:HurrianAC|0																	ABILITY:FEAT|AUTOMATIC|Armor Proficiency (Light)|Armor Proficiency (Medium)|Armor Proficiency (Heavy)|Shield Proficiency|Tower Shield Proficiency
2																																	ADD:SPELLCASTER|1|Divine	ABILITY:FEAT|AUTOMATIC|Toughness|Greater Domain Focus(Refuge)
3			SAB:Spontaneous Shield Other (Sp)
4			SAB:Hurrian's Wall %/Day (Su)|WallTimes				BONUS:VAR|WallTimes|3+CON												DEFINE:WallTimes|0	ADD:SPELLCASTER|1|Divine
5			SAB:Extra Protection Domain Spell (Ex)																								ABILITY:FEAT|AUTOMATIC|Improved Toughness
6			SAB:Mass Shield Other (Sp)(up to % extra creatures)|MSONum	BONUS:VAR|MSONum|floor(CL/2)												DEFINE:MSONum|0		ADD:SPELLCASTER|1|Divine
7			SAB:Hurrian's Fortress (Su)
8			SAB:Quickened Shield Other (Sp)																									ADD:SPELLCASTER|1|Divine	ABILITY:FEAT|AUTOMATIC|Improved Toughness
9			SAB:Mass Shield (Sp)(up to % extra creatures)|MSNum		BONUS:VAR|MSNum|floor(CL/3)												DEFINE:MSNum|0
10	DR:5/-																															ADD:SPELLCASTER|1|Divine

##############################################################################################################################################################################################################################################################################################################################################
# Class Name		Hit Dice	Type			Abbreviation	Max Level	Source Page		Sourcelong						Save checks bonus												Combat bonus
CLASS:Larissan Dancer	HD:6		TYPE:PC.Prestige	ABB:LDncr		MAXLEVEL:10	SOURCEPAGE:p.192	SOURCELONG:Player's Guide to Arcanis	BONUS:CHECKS|BASE.Reflex|CL/2+2	BONUS:CHECKS|BASE.Will,BASE.Fortitude|CL/3	BONUS:COMBAT|BAB|CL/2|TYPE=Base.REPLACE
# Class Name		Required AL				Required Feat								Multiple Requirements																	Required Skill
CLASS:Larissan Dancer	PREALIGN:NG,TN,NE,CG,CN,CE	PREFEAT:3,Acrobatic,Agile,Skill Focus(Perform (Dance))	PREMULT:1,[PREDEITY:Larissa],[PREMULT:3,[PREDEITY:Cadic],[PRECLASS:1,Bard=1],[PRESKILL:1,Knowledge (Religion:Larissa)]]	PRESKILL:2,Bluff,Diplomacy=6	PRESKILL:1,Perform (Dance)=10
# Class Name		Skill Pts/Lvl	Class Skill
CLASS:Larissan Dancer	STARTSKILLPTS:6	CSKILL:Balance|Bluff|Concentration|Diplomacy|Escape Artist|Gather Information|Hide|TYPE.Arcana|Knowledge (Art and Architecture)|TYPE.History|TYPE.Local|TYPE.Nobility|TYPE.Religion|Listen|Move Silently|Open Lock|TYPE.Perform|TYPE.Profession|Sense Motive|Sleight of Hand|Spellcraft|Tumble
1	SAB:Larissa's Dance (Ex)(%/day)|CL	SAB:Dance of Steel (Ex)|PRESKILL:1,Perform (Dance)=10	ADD:SPELLCASTER|1|ANY
2	SAB:Dance of Protection (Ex)|PRESKILL:1,Perform (Dance)=11						ADD:SPELLCASTER|1|ANY
3	SAB:Dance of the Veiled Promise (Su)|PRESKILL:1,Perform (Dance)=12					ADD:SPELLCASTER|1|ANY
4	SAB:Dance of the Entranced Soul (Sp)|PRESKILL:1,Perform (Dance)=12					ADD:SPELLCASTER|1|ANY
5	SAB:Bardic Dancer (Su)												ADD:SPELLCASTER|1|ANY
6	SAB:Dance of Portent (Sp)|PRESKILL:1,Perform (Dance)=13						ADD:SPELLCASTER|1|ANY
7	SAB:Dance of the Stone Heart (Sp)|PRESKILL:1,Perform (Dance)=15					ADD:SPELLCASTER|1|ANY
8	SAB:Acclaim of the Masses (Ex)											ADD:SPELLCASTER|1|ANY	ABILITY:FEAT|AUTOMATIC|Leadership
9																ADD:SPELLCASTER|1|ANY
10	SAB:Dance of the Stolen Heart (Sp)|PRESKILL:1,Perform (Dance)=20					ADD:SPELLCASTER|1|ANY

##############################################################################################################################################################################################################################################################################################################################################
# Class Name	Hit Dice	Type			Abbreviation	Max Level	Source Page		Sourcelong						Save checks bonus											Combat bonus
CLASS:Man-at-Arms	HD:10		TYPE:PC.Prestige	ABB:MAtA		MAXLEVEL:10	SOURCEPAGE:p.195	SOURCELONG:Player's Guide to Arcanis	BONUS:CHECKS|BASE.Reflex|CL/3	BONUS:CHECKS|BASE.Will,BASE.Fortitude|CL/2+2	BONUS:COMBAT|BAB|CL*3/4|TYPE=Base.REPLACE
# Class Name	Required AL			Req. Att.	Required Feat					Required Skill
CLASS:Man-at-Arms	PREALIGN:LG,LN,NG,TN	PREATT:4	PREFEAT:2,Alertness,Lightning Reflexes	PRESKILL:1,Profession (Soldier)=6	PRESKILL:1,TYPE.History,TYPE.Nobility=4
# Class Name	Skill Pts/Lvl	Class Skill
CLASS:Man-at-Arms	STARTSKILLPTS:4	CSKILL:Climb|Diplomacy|Jump|Handle Animal|Intimidate|TYPE.Geography|TYPE.History|TYPE.Local|TYPE.Nobility|Listen|TYPE.Profession|Ride|Sense Motive|Spot|Swim
1	BONUS:VAR|FighterLVL|CL	AUTO:FEAT|Fighter Level Advanced Feat Tracker
1	BONUS:ABILITYPOOL|Fighter Feat|CL/2+1
1	SAB:Respected Authority																							AUTO:WEAPONPROF|TYPE=Martial	ABILITY:FEAT|AUTOMATIC|Simple Weapon Proficiency|Martial Weapon Proficiency|Armor Proficiency (Light)|Armor Proficiency (Medium)|Armor Proficiency (Heavy)|Shield Proficiency|Tower Shield Proficiency
2	SAB:Organize (Ex)
3	SAB:Faithful Bodyguard (Ex)
4	SAB:Steady (Ex)
5	SAB:Uncanny Reaction (Ex)	BONUS:VAR|UnCanBonus|1+(CL>=8)+(CL>=10)	BONUS:COMBAT|INITIATIVE|UnCanBonus	DEFINE:UnCanBonus|0
6	SAB:Faithful Servant (Ex)
7	SAB:Uncanny Intuition (Ex)
9
10	SAB:Hero's Sacrifice (Ex)

##############################################################################################################################################################################################################################################################################################################################################
# Class Name			Hit Dice	Type			Abbreviation	Max Level	Source Page		Sourcelong						Save checks bonus											Combat bonus					List of Class Spells by Level
CLASS:Master of the Hounds	HD:8		TYPE:PC.Prestige	ABB:MotH		MAXLEVEL:9	SOURCEPAGE:p.197	SOURCELONG:Player's Guide to Arcanis	BONUS:CHECKS|BASE.Reflex|CL/3	BONUS:CHECKS|BASE.Will,BASE.Fortitude|CL/2+2	BONUS:COMBAT|BAB|CL|TYPE=Base.REPLACE	SPELLLEVEL:CLASS|Master of the Hounds=1|Calm Animals,Charm Animal,Command,Cure Light Wounds,Jump,Longstrider,Mage Amror,Magic Fang,Summon Nature's Ally I|Master of the Hounds=2|Aid,Bear's Endurance,Bull's Strength,Cure Moderate Wounds,Daze Monster,Heroism,Hold Animal,Summon Nature's Ally II|Master of the Hounds=3|Blink,Deep Slumber,Dominate Animal,Magic Fang (Greater),Haste,Summon Nature's Ally III|Master of the Hounds=4|Animal Growth,Charm Monster,Cure Serious Wounds,Freedom of Movement,Mage's Faithful Hound,Summon Nature's Ally IV
# Class Name			Req. Att.	Required Feat								Required Skill
CLASS:Master of the Hounds	PREATT:5	PREFEAT:1,Track	PREFEAT:1,Gentry (Val),Gentry (Non-Val)	PRESKILL:1,Handle Animal=5	PRESKILL:2,Survival,TYPE.Nobility=3
# Class Name			Skill Pts/Lvl	Class Skill
CLASS:Master of the Hounds	STARTSKILLPTS:4	CSKILL:Climb|Concentration|Diplomacy|Handle Animal|Heal|Hide|Jump|TYPE.Nature|TYPE.Nobility|Listen|TYPE.Profession|Ride|Search|Spellcraft|Spot|Survival|Swim|Use Rope
# Class Name			Spell Stat		Spell Type		Automaticaly Known Spell Levels
CLASS:Master of the Hounds	SPELLSTAT:WIS	SPELLTYPE:Divine	KNOWNSPELLS:Calm Animals|Charm Animal|Command|Cure Light Wounds|Jump|Longstrider|Mage Amror|Magic Fang|Summon Nature's Ally I|Aid|Bear's Endurance|Bull's Strength|Cure Moderate Wounds|Daze Monster|Heroism|Hold Animal|Summon Nature's Ally II|Blink|Deep Slumber|Dominate Animal|Magic Fang (Greater)|Haste|Summon Nature's Ally III|Animal Growth|Charm Monster|Cure Serious Wounds|Freedom of Movement|Mage's Faithful Hound|Summon Nature's Ally IV
1	CAST:0,0		SAB:Hound Companion (Ex)	SAB:Wild Empathy (Canines) (Ex)	SAB:Status (Ex)
2	CAST:0,1		SAB:Head of the Pack (Ex)
3	CAST:0,1,0
4	CAST:0,2,1		SAB:Augment Summoning (Canines Only) (Su)
5	CAST:0,2,1,0	SAB:Hamstring +%d6|HamstringBonus								BONUS:VAR|HamstringBonus|1+(CL==9)	DEFINE:HamstringBonus|0
6	CAST:0,3,2,1	SAB:Unwavering Devotion (Ex)
7	CAST:0,3,2,1,0	SAB:Superior Breed (Ex)
8	CAST:0,4,3,2,1	SAB:Pack Tactics (Ex)
9	CAST:0,4,3,2,2	SAB:Lone Wolf (Ex)	SAB:Shared Senses (Sp)

##############################################################################################################################################################################################################################################################################################################################################
# Class Name			Hit Dice	Type			Abbreviation	Max Level	Source Page		Sourcelong						Save checks bonus											Combat bonus
CLASS:Milandisian Canton	HD:10		TYPE:PC.Prestige	ABB:Cantn		MAXLEVEL:10	SOURCEPAGE:p.198	SOURCELONG:Player's Guide to Arcanis	BONUS:CHECKS|BASE.Reflex,BASE.Will|CL/3	BONUS:CHECKS|BASE.Fortitude|CL/2+2	BONUS:COMBAT|BAB|CL|TYPE=Base.REPLACE
# Class Name			Req. Att.	Required Feat		Required Region		Required Skill					Required Text																			Var. Min. Value
CLASS:Milandisian Canton	PREATT:2	PREFEAT:1,Conscript	PREREGION:Milandir	PRESKILL:1,TYPE.Craft,TYPE.Profession=5	PRETEXT:The sum of your bonuses on INT, WIS and CHA must equal 0 or better before bonuses from items, etc. are factored in.	PREVARGTEQ:(STAT.3.BASEMOD)+(STAT.4.BASEMOD)+(STAT.5.BASEMOD),0
# Class Name			Skill Pts/Lvl	Class Skill
CLASS:Milandisian Canton	STARTSKILLPTS:2	CSKILL:Climb|TYPE.Craft|Diplomacy|Heal|Jump|TYPE.History|TYPE.Nobility|TYPE.Profession|Survival|Swim
1	SAB:Defensive Line (Ex)(+% AC)|LineBonus	BONUS:VAR|LineBonus|1+(CL/4)	DEFINE:LineBonus|0	ADD:ABILITY|FEAT|AUTOMATIC|TYPE=Military,TYPE=Canton,Weapon Focus(Halberd),Weapon Focus(Crossbow (Heavy)),Combat Reflexes,Rapid Reload,Great Fortitude,Iron Will,Lightning Reflexes
2																																													ABILITY:FEAT|AUTOMATIC|Meet the Charge
3	SAB:Line Defense (Ex)
4																	ADD:ABILITY|FEAT|AUTOMATIC|TYPE=Military,TYPE=Canton,Weapon Focus(Halberd),Weapon Focus(Crossbow (Heavy)),Combat Reflexes,Rapid Reload,Great Fortitude,Iron Will,Lightning Reflexes
6	SAB:Counter Charge (Ex)
7	SAB:Line Attack (Ex)
8																	ADD:ABILITY|FEAT|AUTOMATIC|TYPE=Military,TYPE=Canton,Weapon Focus(Halberd),Weapon Focus(Crossbow (Heavy)),Combat Reflexes,Rapid Reload,Great Fortitude,Iron Will,Lightning Reflexes
10	SAB:Rapid Set (Ex)

##############################################################################################################################################################################################################################################################################################################################################
# Class Name	Hit Dice	Type			Abbreviation	Max Level	Source Page		Sourcelong						Save checks bonus											Combat bonus
CLASS:Myrmidon	HD:10		TYPE:PC.Prestige	ABB:Myr		MAXLEVEL:10	SOURCEPAGE:p.200	SOURCELONG:Player's Guide to Arcanis	BONUS:CHECKS|BASE.Reflex,BASE.Will|CL/3	BONUS:CHECKS|BASE.Fortitude|CL/2+2	BONUS:COMBAT|BAB|CL|TYPE=Base.REPLACE
# Class Name	Req. Att.	Required Feat															Req. Weapond Prof.
CLASS:Myrmidon	PREATT:5	PREFEAT:5,Armor Proficiency (Medium),Cleave,Dodge,Iron Will,Power Attack,Weapon Focus(TYPE=Melee)	PREWEAPONPROF:10,TYPE.Martial
# Class Name	Skill Pts/Lvl	Class Skill
CLASS:Myrmidon	STARTSKILLPTS:2	CSKILL:Climb|TYPE.Craft|Examine Martial Technique|Handle Animal|Heal|Intimidate|Jump|Listen|Ride|Swim
1																																												ABILITY:FEAT|AUTOMATIC|Great Cleave|Simple Weapon Proficiency|Martial Weapon Proficiency|Armor Proficiency (Light)|Armor Proficiency (Medium)|Armor Proficiency (Heavy)|Shield Proficiency
2																																												ABILITY:FEAT|AUTOMATIC|Aggressive Negotiations|Heedless Assault
3			SAB:Dedicated Training (Ex)(+%/+%)|MindAffectBonus|FearEffectBonus	BONUS:VAR|MindAffectBonus|CL/3	BONUS:VAR|FearEffectBonus|(CL/3)+1									DEFINE:MindAffectBonus|0	DEFINE:FearEffectBonus|0
4	DR:1/-
5			SAB:True Cleaving (Ex)
7			SAB:Armor Optimization																				BONUS:COMBAT|AC|1|TYPE=Dodge
8																															BONUS:DR|-|1
10			SAB:Trail of Bodies (Ex)

##############################################################################################################################################################################################################################################################################################################################################
# Class Name		Hit Dice	Abbreviation	Max Level	Source Page		Sourcelong						Save checks bonus												Combat bonus
CLASS:Obsidian Sniper	HD:6		ABB:ObSnp		MAXLEVEL:10	SOURCEPAGE:201	SOURCELONG:Player's Guide to Arcanis	BONUS:CHECKS|BASE.Fortitude,BASE.Will|CL/3	BONUS:CHECKS|BASE.Reflex|CL/2+2	BONUS:COMBAT|BAB|CL*3/4|TYPE=Base.REPLACE
# Class Name		Required Feat							Required Skill					Var. Min. Value
CLASS:Obsidian Sniper	PREFEAT:3,Far Shot,Point Blank Shot,Precise Shot	PRESKILL:3,Hide,Move Silently,Spot=8	PREVARGTEQ:SneakAttack,2
# Class Name		Skill Pts/Lvl	Class Skill
CLASS:Obsidian Sniper	STARTSKILLPTS:4	CSKILL:Balance|Black Market|Bluff|Climb|TYPE.Craft|Disable Device|Disguise|Escape Artist|Gather Information|Hide|Intimidate|Jump|Listen|Move Silently|Open Lock|TYPE.Perform|Search|Sense Motive|Sleight of Hand|Spot|Swim|Tumble|Use Magic Device|Use Rope
1	SAB:Deadly Accuracy %' (Ex)|DeadAccRange	BONUS:VAR|DeadAccRange|min(CL,9)*10+30	BONUS:VAR|RangedSneakAttack|1+(CL>=4)+(CL>=7)+(CL>=10)	DEFINE:DeadAccRange|0	ABILITY:FEAT|VIRTUAL|Ranged Sneak Attack
2	SAB:Cadic's Strike (Sp)(%/day)|CadicStrike	BONUS:VAR|CadicStrike|CL/2													DEFINE:CadicStrike|0
3	SAB:Poison Use (Ex)
6	SAB:Quick Aim (Ex)
9																													ABILITY:FEAT|AUTOMATIC|Improved Critical(Shortbow)|Superior Critical(Shortbow)
10	SAB:Deadly Aim (Ex)

##############################################################################################################################################################################################################################################################################################################################################
# Class Name		Product Identity?	Hit Dice	Type			Abbreviation	Max Level	Source Page		Sourcelong						Save checks bonus											Combat bonus					List of Class Spells by Level
CLASS:Onaran Templar	NAMEISPI:YES	HD:10		TYPE:PC.Prestige	ABB:OTemp		MAXLEVEL:10	SOURCEPAGE:p.202	SOURCELONG:Player's Guide to Arcanis	BONUS:CHECKS|BASE.Will,BASE.Reflex|CL/3	BONUS:CHECKS|BASE.Fortitude|CL/2+2	BONUS:COMBAT|BAB|CL|TYPE=Base.REPLACE	SPELLLEVEL:CLASS|Onaran Templar=1|Bless,Bless Weapon,Cure Light Wounds,Divine Favor,Restoration (Lesser),Magic Weapon|Onaran Templar=2|Aid,Bull's Strength,Bear's Endurance,Cat's Grace|Onaran Templar=3|Cure Moderate Wounds,Dispel Magic,Magic Weapon (Greater),Prayer|Onaran Templar=4|Beltine's Blessed Strike,Death Ward,Divine Smite,Restoration,Sword of Faith
# Class Name		Req. Att.	Required Feat					Required Skill			Req. Weapond Prof.
CLASS:Onaran Templar	PREATT:5	PREFEAT:2,Iron Will,Church Education	PRESKILL:1,TYPE.Religion=4	PREWEAPONPROF:1,DEITYWEAPON
# Class Name		Skill Pts/Lvl	Class Skill
CLASS:Onaran Templar	STARTSKILLPTS:2	CSKILL:Climb|Concentration|TYPE.Craft|Diplomacy|Handle Animal|Jump|TYPE.History|TYPE.Religion|TYPE.Profession|Ride|Sense Motive|Spellcraft|Swim
# Class Name		Spell Stat		Spell Type		Automaticaly Known Spell Levels																																											Caster level
CLASS:Onaran Templar	SPELLSTAT:WIS	SPELLTYPE:Divine	KNOWNSPELLS:Bless|Bless Weapon|Cure Light Wounds|Divine Favor|Restoration (Lesser)|Magic Weapon|Aid|Bull's Strength|Bear's Endurance|Cat's Grace|Cure Moderate Wounds|Dispel Magic|Magic Weapon (Greater)|Prayer|Beltine's Blessed Strike|Death Ward|Divine Smite|Restoration|Sword of Faith	BONUS:CASTERLEVEL|Onaran Templar|CL
1	CAST:0,1		DR:1/-			SAB:Aura of Faith (Ex)																																																			AUTO:WEAPONPROF|TYPE.Martial	ABILITY:FEAT|AUTOMATIC|Simple Weapon Proficiency|Martial Weapon Proficiency|Armor Proficiency (Light)|Armor Proficiency (Medium)|Armor Proficiency (Heavy)|Shield Proficiency|Tower Shield Proficiency
2	CAST:0,1,0						SAB:Religious Fury (Ex) (%/day, +2 STR, +2 CON for % rounds)|ReligiousFuryTimes|ReligiousFuryDuration	BONUS:VAR|ReligiousFuryTimes|1	BONUS:VAR|ReligiousFuryDuration|3+CHA								DEFINE:ReligiousFuryTimes|0	DEFINE:ReligiousFuryDuration|0
3	CAST:0,1,1						SAB:Strength of the Spirit (Ex)
4	CAST:0,1,1,0			DOMAIN:War	SAB:Unshakable Dogma (Ex)																										BONUS:DOMAIN|NUMBER|1
5	CAST:0,2,1,1																																							BONUS:DR|-|1
6	CAST:0,2,2,1,0																						BONUS:VAR|ReligiousFuryTimes|1															DEFINE:OnaranTemplarQualify|0
7	CAST:0,3,2,1,1																						BONUS:VAR|OnaranTemplarQualify|1																										ADD:ABILITY|FEAT|AUTOMATIC|Weapon Specialization
8	CAST:0,3,3,2,2																						BONUS:VAR|OnaranTemplarQualify|-1
9	CAST:0,4,3,2,2					SAB:Fast Healing 1																																																									ABILITY:FEAT|AUTOMATIC|Diehard
10	CAST:0,4,4,2,2					SAB:Voice of the Gods (Sp)
##############################################################################################################################################################################################################################################################################################################################################

### Order of the till Heart is commented out until errata comes out to fix it.
### What is here (which is what is listed in the rules text of the class) and what is shown int he book on the chart
### are completely different.  It needs errata before use.
#CLASS:Order of the Still Heart	HD:8	MAXLEVEL:10	TYPE:Prestige.PC	ABB:OotSH	SOURCEPAGE:p.204	SOURCELONG:Player's Guide to Arcanis	BONUS:CHECKS|BASE.Fortitude,BASE.Willpower|CL/2+2	BONUS:CHECKS|BASE.Reflex|CL/3	BONUS:COMBAT|BAB|CL*3/4|TYPE=Base.REPLACE
#CLASS:Order of the Still Heart	PREDEITY:Neroth	PREATT:4	PRESKILL:2,Concentration,TYPE.Religion=8		PREFEAT:1,Iron Will	PRETEXT:Must be a member of the Order in good standing and must pas sthe tests and perform the necromantic rituals necessary to gain admittance.
#CLASS:Order of the Still Heart	STARTSKILLPTS:4	CSKILL:Concentration|TYPE.Craft|Diplomacy|Heal|TYPE.Arcana|TYPE.History|TYPE.Planes|TYPE.Religion|TYPE.Profession|Spellcraft
#1	BONUS:STAT|CON|-2	SAB:The Path Taken
#2	SAB:Morbidity (Su)	SAB:Tireless (Ex)	SAB:Lure of Darkness (Su)	BONUS:MOVEADD|TYPE.Walk|-5	ADD:SPELLCASTER(ANY)
#3	BONUS:STAT|CON|-2	SAB:My Kin Feed Elsewhere (Su)
#4	BONUS:MOVEADD|TYPE.Walk|-5	SAB:Fast Healing (Ex) 2	ADD:SPELLCASTER(ANY)
#5	SAB:Son of Death (Su)|PREGENDER:M	SAB:Daughter of Death (Su)|PREGENDER:F	ABILITY:FEAT|AUTOMATIC|Improved Toughness
#6	ADD:SPELLCASTER(ANY)	TEMPLATE:Undead		SAB:Light Sensitivity (Ex)	BONUS:MOVEADD|TYPE.Walk|10	BONUS:STAT|CON|CONSCORE-(CONSCORE*2)
#8	ADD:SPELLCASTER(ANY)		ABILITY:FEAT|AUTOMATIC|Improved Toughness
#10	ADD:SPELLCASTER(ANY)		ABILITY:FEAT|AUTOMATIC|Improved Toughness	SAB:Angel of Death (Su)	DR:10/Magic	SAB:Turn Resistance +4	SAB:+5 bonus on saves against spells that use or manipulate positive energy.

##############################################################################################################################################################################################################################################################################################################################################
# Class Name				Hit Dice	Abbreviation	Max Level	Source Page		Sourcelong						Save checks bonus											Combat bonus
CLASS:Order of the Thundering Storm	HD:10		ABB:OotTS		MAXLEVEL:10	SOURCEPAGE:p.205	SOURCELONG:Player's Guide to Arcanis	BONUS:CHECKS|BASE.Fortitude,BASE.Will|CL/2+2	BONUS:CHECKS|BASE.Reflex|CL/3	BONUS:COMBAT|BAB|CL|TYPE=Base.REPLACE
# Class Name				Required Check Base	Required Deity	Required Feat													Required Skill
# added errata 2006-06-03 making weapon focus kio sword substitute for weapon focus longsword
CLASS:Order of the Thundering Storm	PRECHECKBASE:1,Will=6	PREDEITY:Hurrian	PREMULT:2,[PREFEAT:1,Weapon Focus(Longsword),Weapon Focus(Sword (Kio))],[PREFEAT:4,Combat Expertise,Dodge,Spring Attack,Whirlwind Attack]	PRESKILL:1,TYPE.Religion=5
# Class Name				Skill Pts/Lvl	Class Skill
CLASS:Order of the Thundering Storm	STARTSKILLPTS:2	CSKILL:TYPE.Craft|Diplomacy|Handle Animal|Intimidate|TYPE.Religion|Ride|Tumble
1	SAB:The Reluctant Warrior (Su)
2	SAB:Lay on Hands (Su) % hp/day|LayOnHands|!PRESA:Lay on Hands (Su)	BONUS:VAR|LayOnHands|max(CHA,0)*CL							DEFINE:LayOnHands|0
3	SAB:Way of the Wind (Ex)
4	SAB:Force of the Storm (Su) %/day|ForceStormTimes			BONUS:VAR|ForceStormTimes|CL/4							DEFINE:ForceStormTimes|0
5	SAB:The Tempest (Ex)
6	SAB:Sword Mastery (Ex)														BONUS:WEAPONPROF=Longsword|TOHIT|1
7	SAB:Eye of the Storm Lord (Su) ~ Will save DC % or shaken|EyeDC	BONUS:VAR|EyeDC|10+CL+CHA								DEFINE:EyeDC|0
9	SAB:Fury of the Storm Lord (Sp)																							SPELLS:ClassAbility|TIMES=1|CASTERLEVEL=TL|Call Lightning
10	SAB:Storm's Fury (Ex) %/day|FuryTimes					BONUS:VAR|FuryTimes|CON									DEFINE:FuryTimes|0

##############################################################################################################################################################################################################################################################################################################################################
# Class Name	Hit Dice	Type			Abbreviation	Max Level	Source Page		Sourcelong						Save checks bonus												Combat bonus
CLASS:Pistoleer	HD:8		TYPE:PC.Prestige	ABB:Pstlr		MAXLEVEL:5	SOURCEPAGE:p.206	SOURCELONG:Player's Guide to Arcanis	BONUS:CHECKS|BASE.Reflex|CL/2+2	BONUS:CHECKS|BASE.Fortitude,BASE.Will|CL/3	BONUS:COMBAT|BAB|CL|TYPE=Base.REPLACE
# Class Name	Req. Att.	Required Feat													Required Skill						Req. Weapond Prof.
CLASS:Pistoleer	PREATT:4	PREFEAT:3,Point Blank Shot,Two Weapon Fighting,Weapon Focus(Altherian Flintlock (Pistol))	PRESKILL:2,Concentration,Craft (Flintlock)=5	PREWEAPONPROF:1,Altherian Flintlock (Pistol)
# Class Name	Skill Pts/Lvl	Class Skill
CLASS:Pistoleer	STARTSKILLPTS:2	CSKILL:Balance|Climb|Craft (Flintlocks)|Intimidate|Jump|Listen|TYPE.Profession|Ride|Sense Motive|Spot|Swim|Tumble
1	SAB:Two-Handed Quick Draw (Ex)				AUTO:WEAPONPROF|TYPE=Martial	ABILITY:FEAT|AUTOMATIC|Simple Weapon Proficiency|Martial Weapon Proficiency|Armor Proficiency (Light)|Armor Proficiency (Medium)|Armor Proficiency (Heavy)|Shield Proficiency
2	SAB:Focused Training (Ex)									ABILITY:FEAT|AUTOMATIC|Weapon Specialization(Altherian Flintlock (Pistol))|Combat Firing
3	SAB:Steady Hands (Ex)	SAB:Lightning Hands (Ex)
4	SAB:Dead Shot (Ex)
5	SAB:Fire Reflexively (Ex)

##############################################################################################################################################################################################################################################################################################################################################
# Class Name				Product Identity?	Hit Dice	Type			Abbreviation	Max Level	Source Page		Sourcelong						Save checks bonus											Combat bonus
CLASS:Royal Marine of Milandir	NAMEISPI:YES	HD:10		TYPE:PC.Prestige	ABB:RMoM		MAXLEVEL:5	SOURCEPAGE:p.208	SOURCELONG:Player's Guide to Arcanis	BONUS:CHECKS|BASE.Fortitude|CL/2+2	BONUS:CHECKS|BASE.Reflex,BASE.Will|CL/3	BONUS:COMBAT|BAB|CL|TYPE=Base.REPLACE
# Class Name				Required AL		Req. Att.	Required Feat									Required Region		Required Skill					Required Text						Req. Weapond Prof.
CLASS:Royal Marine of Milandir	PREALIGN:LG,LN,LE	PREATT:7	PREFEAT:3,Armor Proficiency (Heavy),Improved Bull Rush,Iron Will	PREREGION:Milandir	PRESKILL:1,Diplomacy=4	PRESKILL:1,Swim=8	PRETEXT:Must be an Officer in the Royal Navy.	PREWEAPONPROF:1,Trident
# Class Name				Skill Pts/Lvl	Class Skill
CLASS:Royal Marine of Milandir	STARTSKILLPTS:2	CSKILL:Balance|Climb|Diplomacy|Jump|TYPE.Local|TYPE.Geography|TYPE.Profession|Swim|Use Rope
1	SAB:Distinction (Ex) +%|DistinctionLevel	BONUS:VAR|DistinctionLevel|2+(CL>=4)	DEFINE:DistinctionLevel|0				AUTO:WEAPONPROF|TYPE.Martial	ABILITY:FEAT|AUTOMATIC|Simple Weapon Proficiency|Martial Weapon Proficiency|Armor Proficiency (Light)|Armor Proficiency (Medium)|Armor Proficiency (Heavy)|Shield Proficiency|Weapon Focus(Trident)
2	SAB:Shake Off Armor (Ex)
3	SAB:Superior Bull Rush (Ex)
4	SAB:Pillar of Courage (Su)
5	SAB:Martyr's Heart (Ex)																ABILITY:FEAT|AUTOMATIC|Diehard|Weapon Specialization(Trident)

##############################################################################################################################################################################################################################################################################################################################################
# Class Name		Product Identity?	Hit Dice	Type			Abbreviation	Max Level	Source Page		Sourcelong						Save checks bonus											Combat bonus
CLASS:Sarishan Binder	NAMEISPI:YES	HD:8		TYPE:PC.Prestige	ABB:SBndr		MAXLEVEL:10	SOURCEPAGE:p.209	SOURCELONG:Player's Guide to Arcanis	BONUS:CHECKS|BASE.Will|CL/2+2	BONUS:CHECKS|BASE.Fortitude,BASE.Reflex|CL/3	BONUS:COMBAT|BAB|CL*3/4|TYPE=Base.REPLACE
# Class Name		Required AL		Required Deity	Required Feat									Required Skill								Req. Known Spell
CLASS:Sarishan Binder	PREALIGN:LG,LN,LE	PREDEITY:Sarish	PREFEAT:2,Alien Understanding,Greater Spell Focus(Conjuration)	PRESKILL:2,TYPE.Religion,TYPE.Planes=13	PRESPELL:1,Dismissal
# Class Name		Skill Pts/Lvl	Class Skill
CLASS:Sarishan Binder	STARTSKILLPTS:4	CSKILL:Concentration|TYPE.Craft|Diplomacy|Heal|TYPE.Arcana|TYPE.Local|TYPE.Planes|TYPE.Religion|TYPE.Profession|Spellcraft
1	DOMAIN:Binding	SAB:Focused Turning (Su)								DEFINE:FocusTurn|1				ABILITY:FEAT|AUTOMATIC|Basic Channeling|Channeling|Turn Infernal|Rebuke Infernal
2				SAB:The Sigil of Sarish (Su)											ADD:SPELLCASTER|1|ANY
3				SAB:Sigil of My Brother (Su)	SAB:Presense of the Infernal (Sp)					ADD:SPELLCASTER|1|ANY
4				SAB:Infernal Guide (Ex)												ADD:SPELLCASTER|1|ANY
5				SAB:Reknown (Ex)	SAB:Take What is now Mine (Sp)							ADD:SPELLCASTER|1|ANY
6				SAB:Sarishan Focus (Ex)												ADD:SPELLCASTER|1|ANY	ABILITY:FEAT|AUTOMATIC|Domain Focus(Binding)|Domain Focus(Daemonology)
7				SAB:Thaumaturgic Circle (Su)											ADD:SPELLCASTER|1|ANY
8				SAB:Spontaneous Dismissal (Sp)										ADD:SPELLCASTER|1|ANY
9				SAB:Word of Sarish (Sp)												ADD:SPELLCASTER|1|ANY
10																			ADD:SPELLCASTER|1|ANY

##############################################################################################################################################################################################################################################################################################################################################
# Class Name		Product Identity?	Hit Dice	Type			Abbreviation	Max Level	Source Page		Sourcelong						Save checks bonus								Combat bonus
CLASS:Sensate of Savona	NAMEISPI:YES	HD:8		TYPE:PC.Prestige	ABB:SoS		MAXLEVEL:10	SOURCEPAGE:p.212	SOURCELONG:Player's Guide to Arcanis	BONUS:CHECKS|BASE.Fortitude,BASE.Reflex,BASE.Will|CL/2+2	BONUS:COMBAT|BAB|CL*3/4|TYPE=Base.REPLACE
# Class Name		Restricted AL		Req. Att.	Required Deity	Required Feat												Required Skill
CLASS:Sensate of Savona	!PREALIGN:LG,LN,LE	PREATT:5	PREDEITY:Larissa	PREFEAT:4,Dodge,Endurance,Improved Unarmed Strike,Weapon Focus(Unarmed Strike)	PRESKILL:2,TYPE.Religion,Tumble=4
# Class Name		Skill Pts/Lvl	Class Skill
CLASS:Sensate of Savona	STARTSKILLPTS:4	CSKILL:Balance|Climb|Concentration|TYPE.Craft|Diplomacy|Escape Artist|Hide|Jump|TYPE.Arcana|TYPE.Religion|Listen|Move Silently|TYPE.Perform|TYPE.Profession|Sense Motive|Spot|Swim|Tumble
1								SAB:A Toast to Larissa (Sp) %/day|ToastTimes	SAB:The Life of the Party (Ex)	BONUS:VAR|ToastTimes|1+(CL>=3)+(CL>=5)+(CL>=7)+(CL>=9)							DEFINE:ToastTimes|0									SPELLS:ClassAbility|TIMES=ToastTimes|CASTERLEVEL=CL|Bear's Endurance|Bull's Strength|Cat's Grace|Cure Moderate Wounds	ABILITY:FEAT|AUTOMATIC|Alertness
2	UDAM:1d2,1d3,1d4,1d6,1d8,2d6,3d6,4d6,6d6	SAB:Stumble (Ex)	SAB:Tolerance (Ex)																		BONUS:COMBAT|AC|1|TYPE=Dodge.STACK
3	UDAM:1d2,1d3,1d4,1d6,1d8,2d6,3d6,4d6,6d6																																		ABILITY:FEAT|AUTOMATIC|Uncanny Dodge|Improved Uncanny Dodge
4	UDAM:1d2,1d3,1d4,1d6,1d8,2d6,3d6,4d6,6d6	SAB:Barroom Brawler (Ex)																																																										ABILITY:FEAT|AUTOMATIC|Mobility
5	UDAM:1d3,1d4,1d6,1d8,1d10,2d8,3d8,4d8,6d8
6	UDAM:1d3,1d4,1d6,1d8,1d10,2d8,3d8,4d8,6d8	SAB:Lurch (Ex)	SAB:That's the Good Stuff (Sp) 1/day																																	SPELLS:ClassAbility|TIMES=1|CASTERLEVEL=CL|Haste|Freedom of Movement|Cure Critical Wounds						ABILITY:FEAT|AUTOMATIC|Improved Feint
7	UDAM:1d3,1d4,1d6,1d8,1d10,2d8,3d8,4d8,6d8																																		ABILITY:FEAT|AUTOMATIC|Uncanny Dodge|Improved Uncanny Dodge
8	UDAM:1d4,1d6,1d8,1d10,2d6,3d6,4d6,6d6,8d6																																																														ABILITY:FEAT|AUTOMATIC|Spring Attack
9	UDAM:1d4,1d6,1d8,1d10,2d6,3d6,4d6,6d6,8d6																																																														ABILITY:FEAT|AUTOMATIC|Avoidance
10	UDAM:1d4,1d6,1d8,1d10,2d6,3d6,4d6,6d6,8d6	SAB:Blindsence (Su) 30' radius																																					SPELLS:ClassAbility|TIMES=1|CASTERLEVEL=CL|Transformation

##############################################################################################################################################################################################################################################################################################################################################
# Class Name	Hit Dice	Type			Abbreviation	Max Level	Source Page		Sourcelong						Save checks bonus											Combat bonus
CLASS:Sky Knight	HD:10		TYPE:PC.Prestige	ABB:SkKn		MAXLEVEL:5	SOURCEPAGE:p.214	SOURCELONG:Player's Guide to Arcanis	BONUS:CHECKS|BASE.Fortitude,BASE.Will|CL/2+2	BONUS:CHECKS|BASE.Reflex|CL/3	BONUS:COMBAT|BAB|CL*3/4|TYPE=Base.REPLACE
# Class Name	Req. Att.	Required Feat								Multiple Requirements																								Required Skill
CLASS:Sky Knight	PREATT:5	PREFEAT:3,Mounted Combat,Lightning Reflexes,Ride By Attack	PREMULT:1,[PREMULT:3,[PREGENDER:F],[PREREGION:Milandir],[PREMULT:1,[PREFEAT:1,TYPE=Gentry],[PRECLASS:1,Aristocrat=1,Patrician=1]]],[PREFEAT:1,Pureblood Kio]	PRESKILL:2,Ride,Handle Animal=8
# Class Name	Skill Pts/Lvl	Class Skill
CLASS:Sky Knight	STARTSKILLPTS:2	CSKILL:Balance|Climb|TYPE.Craft|Handle Animal|TYPE.Nature|TYPE.Profession|Ride|Spot|Tumble
1	SAB:Bonded Companion (Ex)				AUTO:WEAPONPROF|TYPE.Martial	ABILITY:FEAT|AUTOMATIC|Simple Weapon Proficiency|Martial Weapon Proficiency|Armor Proficiency (Light)|Armor Proficiency (Medium)|Shield Proficiency|Tower Shield Proficiency
2	SAB:Flyby Attack
3	SAB:Masterful Rider (Ex)	SAB:Gifted Mount (Ex)
4	SAB:Falcon's Grace (Ex)
5	SAB:Call Bonded COmpanion (Su)

### This class needs major errata.  The errata may not affect how it works in PCGen

##############################################################################################################################################################################################################################################################################################################################################
# Class Name	Hit Dice	Type			Abbreviation	Max Level	Source Page		Sourcelong						Save checks bonus											Combat bonus
CLASS:Spellcaller	HD:4		TYPE:Prestige.PC	ABB:SpClr		MAXLEVEL:10	SOURCEPAGE:p.215	SOURCELONG:Player's Guide to Arcanis	BONUS:CHECKS|BASE.Will|CL/2+2	BONUS:CHECKS|BASE.Fortitude,BASE.Reflex|CL/3	BONUS:COMBAT|BAB|CL/2|TYPE=Base.REPLACE
# Class Name	Multiple Requirements								Required Skill
CLASS:Spellcaller	PREMULT:2,[PRESPELLCAST:MEMORIZE=N],[PRESPELLTYPE:1,Arcane=3]	PRESKILL:2,TYPE.Arcana,Spellcraft=8
# Class Name	Skill Pts/Lvl	Class Skill
CLASS:Spellcaller	STARTSKILLPTS:2	CSKILL:Concentration|TYPE.Craft|Decipher Script|TYPE.Knowledge|TYPE.Profession|Search|Spellcraft
1	SAB:You cast two fewer times per day for each spell level known	SAB:Spell Studies
2															ADD:SPELLCASTER|1|Arcane	ADD:ABILITY|FEAT|AUTOMATIC|TYPE=Metamagic
3															ADD:SPELLCASTER|1|Arcane
4															ADD:SPELLCASTER|1|Arcane	ADD:ABILITY|FEAT|AUTOMATIC|TYPE=Metamagic
5															ADD:SPELLCASTER|1|Arcane
6	SAB:Spell Mimic (Ex)											ADD:SPELLCASTER|1|Arcane
7															ADD:SPELLCASTER|1|Arcane
8	SAB:Metammagic Casting (Ex)										ADD:SPELLCASTER|1|Arcane
9															ADD:SPELLCASTER|1|Arcane
10	SAB:Metamagic Mastery (Ex)										ADD:SPELLCASTER|1|Arcane

##############################################################################################################################################################################################################################################################################################################################################
# Class Name	Product Identity?	Hit Dice	Type			Abbreviation	Max Level	Source Page		Sourcelong						Save checks bonus											Combat bonus
CLASS:Tal Kanath	NAMEISPI:YES	HD:8		TYPE:PC.Prestige	ABB:TalK		MAXLEVEL:5	SOURCEPAGE:p.216	SOURCELONG:Player's Guide to Arcanis	BONUS:CHECKS|BASE.Reflex,BASE.Will|CL/2+2	BONUS:CHECKS|BASE.Fortitude|CL/3	BONUS:COMBAT|BAB|CL|TYPE=Base.REPLACE
# Class Name	Required AL		Required Feat																	Required Race	Required Skill
CLASS:Tal Kanath	PREALIGN:LG,LN,LE	PREFEAT:5,Combat Expertise,Dodge,Evasion,Mobility,Spring Attack,Whirlwind Attack	PREFEAT:1,Weapon Focus(TYPE=Sword)	PRERACE:1,Elorii	PRESKILL:3,Jump,Tumble,Perform (Dance)=4
# Class Name	Skill Pts/Lvl	Class Skill
CLASS:Tal Kanath	STARTSKILLPTS:2	CSKILL:Balance|Jump|Hide|Listen|Move Silently|TYPE.Perform|Spot|Tumble
1	SAB:The First Steps (Ex)																	BONUS:COMBAT|AC|1+(CL>=3)+(CL>=5)|TYPE=Shield|PREMULT:2,[PREVAREQ:ENCUMBERANCE,0],[PREEQUIP:1,TYPE=Armor.Medium,TYPE=Armor.Heavy]	BONUS:COMBAT|AC|min(max(INT,0),CL)|TYPE=Insight|PREMULT:4,[PREEQUIP:1,TYPE=Melee],[!PREEQUIP:1,TYPE=Shield],[!PREEQUIP:1,TYPE=Armor.Medium,TYPE=Armor.Heavy],[PREVAREQ:ENCUMBERANCE,0]																									AUTO:WEAPONPROF|TYPE.Martial	ABILITY:FEAT|AUTOMATIC|Martial Weapon Proficiency|Armor Proficiency (Light)
2	SAB:Dance of Air (Ex)|PREMULT:2,[PREVAREQ:ENCUMBERANCE,0],[!PREEQUIP:1,TYPE=Armor.Medium,TYPE=Armor.Heavy,TYPE=Shield]
3	SAB:Dance of Fire (Ex)|PREMULT:2,[PREVAREQ:ENCUMBERANCE,0],[!PREEQUIP:1,TYPE=Armor.Medium,TYPE=Armor.Heavy,TYPE=Shield]																																																						BONUS:WEAPONPROF=TYPE.Melee|DAMAGE|max(CHA,0)|PREMULT:2,[PREVAREQ:ENCUMBERANCE,0],[!PREEQUIP:1,TYPE=Armor.Medium,TYPE=Armor.Heavy,TYPE=Shield]
4	SAB:Dance of Water (Ex)|PREMULT:2,[PREVAREQ:ENCUMBERANCE,0],[!PREEQUIP:1,TYPE=Armor.Medium,TYPE=Armor.Heavy,TYPE=Shield]	BONUS:COMBAT|INITIATIVE|max(WIS,0)|PREMULT:2,[PREVAREQ:ENCUMBERANCE,0],[!PREEQUIP:1,TYPE=Armor.Medium,TYPE=Armor.Heavy,TYPE=Shield]
5	SAB:Dance of Earth (Ex)|PREMULT:2,[PREVAREQ:ENCUMBERANCE,0],[!PREEQUIP:1,TYPE=Armor.Medium,TYPE=Armor.Heavy,TYPE=Shield]																																																						BONUS:WEAPONPROF=TYPE.Melee|TOHIT|max(CON,0)|PREMULT:2,[PREVAREQ:ENCUMBERANCE,0],[!PREEQUIP:1,TYPE=Armor.Medium,TYPE=Armor.Heavy,TYPE=Shield]

##############################################################################################################################################################################################################################################################################################################################################
# Class Name		Hit Dice	Type			Abbreviation	Max Level	Source Page		Sourcelong						Save checks bonus											Combat bonus
CLASS:Talon of the Hawk	HD:6		TYPE:PC.Prestige	ABB:TotHk		MAXLEVEL:10	SOURCEPAGE:p.217	SOURCELONG:Player's Guide to Arcanis	BONUS:CHECKS|BASE.Will|CL/2+2	BONUS:CHECKS|BASE.Fortitude,BASE.Reflex|CL/3	BONUS:COMBAT|BAB|CL*3/4|TYPE=Base.REPLACE
# Class Name		Req. Att.	Required Feat														Required Skill															Required Template
CLASS:Talon of the Hawk	PREATT:5	PREFEAT:2,Spell Penetration,Improved Counterspell	PREFEAT:1,Favored Enemy (Ymandrakes)	PRESKILL:1,Concentration=8	PRESKILL:2,TYPE.Arcana,Spellcraft=5	PRESKILL:1,Survival=4	PRETEMPLATE:Hawk
# Class Name		Skill Pts/Lvl	Class Skill
CLASS:Talon of the Hawk	STARTSKILLPTS:4	CSKILL:Balance|Climb|Craft|Diplomacy|Examine Martial Technique|Gather Information|Hide|Intimidate|Jump|TYPE.Arcana|TYPE.History|Listen|Move Silently|TYPE.Profession|Ride|Sense Motive|Survival|Spot|Swim|Tumble|Use Magic Device
1	SAB:Dispel Focus +%|DispelFocus			BONUS:VAR|SneakAttack|1+(CL>=4)+(CL>=7)+(CL>=10)	BONUS:VAR|DispelFocus|2+(2*(CL>=8))	DEFINE:DispelFocus|0						AUTO:WEAPONPROF|TYPE.Martial	ABILITY:FEAT|AUTOMATIC|Simple Weapon Proficiency|Martial Weapon Proficiency|Armor Proficiency (Light)|Shield Proficiency|Sneak Attack
2																												ADD:SPELLCASTER|1|Arcane						ABILITY:FEAT|AUTOMATIC|Armored Caster
3									BONUS:VAR|FavoredYmandrakes|2
4																												ADD:SPELLCASTER|1|Arcane
5	SAB:Arcane Savant (Dispel Magic) (Sp)
6																												ADD:SPELLCASTER|1|Arcane
7									BONUS:VAR|FavoredYmandrakes|2
8																												ADD:SPELLCASTER|1|Arcane
9	SAB:Arcane Savant (Greater Dispel Magic) (Sp)
10																												ADD:SPELLCASTER|1|Arcane

##############################################################################################################################################################################################################################################################################################################################################
# Class Name		Product Identity?	Hit Dice	Type			Abbreviation	Max Level	Source Page		Sourcelong						Save checks bonus											Combat bonus					List of Class Spells by Level
CLASS:Ulfian Ranger	NAMEISPI:YES	HD:8		TYPE:PC.Prestige	ABB:UlfR		MAXLEVEL:5	SOURCEPAGE:p.218	SOURCELONG:Player's Guide to Arcanis	BONUS:CHECKS|BASE.Fortitude,BASE.Reflex|CL/2+2	BONUS:CHECKS|BASE.Will|CL/3	BONUS:COMBAT|BAB|CL*3/4|TYPE=Base.REPLACE	SPELLLEVEL:CLASS|Ulfian Ranger=1|Alarm,Detect Animals or Plants,Detect Snares and Pits,Feather Fall,Jump,Pass Without Trace,Resist Elements,Shillelagh|Ulfian Ranger=2|Cure Light Wounds,Delay Poison,Heat Metal,Protection from Energy,Shocking Grasp,Spider Climb|Ulfian Ranger=3|Call Lightning,Commune with Nature,Gust of Wind
# Class Name		Req. Att.	Required Feat			Multiple Requirements										Required Region	Required Skill
CLASS:Ulfian Ranger	PREATT:4	PREFEAT:2,Endurance,Track	PREMULT:1,[PREDEITY:Hurrian],[PRETEMPLATE:1,Tensen,HolrynTensen]	PREREGION:Coryani Empire	PRESKILL:1,Climb=4	PRESKILL:2,TYPE.Nature,Survival=8
# Class Name		Skill Pts/Lvl	Class Skill
CLASS:Ulfian Ranger	STARTSKILLPTS:4	CSKILL:Climb|Concentration|TYPE.Craft|Handle Animal|Heal|Hide|Jump|TYPE.GGeography|TYPE.Nature|Listen|Move Silently|TYPE.Profession|Ride|Search|Spot|Survival|Swim|Use Rope
# Class Name		Spell Stat		Spell Type		Automaticaly Known Spell Levels
CLASS:Ulfian Ranger	SPELLSTAT:WIS	SPELLTYPE:Divine	KNOWNSPELLS:Alarm|Detect Animals or Plants|Detect Snares and Pits|Feather Fall|Jump|Pass Without Trace|Resist Elements|Shillelagh|Cure Light Wounds|Delay Poison|Heat Metal|Protection from Energy|Shocking Grasp|Spider Climb|Call Lightning|Commune with Nature|Gust of Wind
1	CAST:0,1					SAB:Homeland Advantage (Ex)	SAB:Wind Staff Mastery (Ex)									ABILITY:FEAT|AUTOMATIC|Simple Weapon Proficiency|Martial Weapon Proficiency|Armor Proficiency (Light)
2	CAST:0,1					SAB:Hurrian's Might (Sp) %/day|MightTimes				BONUS:VAR|MightTimes|CL	DEFINE:MightTimes|0
3	CAST:0,2,1
4	CAST:0,2,1		DOMAIN:Storm
5	CAST:0,2,2,1				SAB:Craft Wind Staff (Ex)

##############################################################################################################################################################################################################################################################################################################################################
# Class Name			Product Identity?	Hit Dice	Type			Abbreviation	Max Level	Source Page		Sourcelong						Save checks bonus											Combat bonus
CLASS:Val'Mehan Emissary	NAMEISPI:YES	HD:6		TYPE:PC.Prestige	ABB:VME		MAXLEVEL:5	SOURCEPAGE:p.220	SOURCELONG:Player's Guide to Arcanis	BONUS:CHECKS|BASE.Reflex,BASE.Will|CL/2+2	BONUS:CHECKS|BASE.Fortitude|CL/3	BONUS:COMBAT|BAB|CL|TYPE=Base.REPLACE
# Class Name			Required AL		Required Feat						Required Skill											Required Stat	Required Template
CLASS:Val'Mehan Emissary	PREALIGN:LG,LN,LE	PREFEAT:2,Judge of Character,Honey Tongued	PRESKILL:1,Bluff=4	PRESKILL:3,Diplomacy,TYPE.Nobility,Sense Motive=8	PRESTAT:1,CHA=16	PRETEMPLATE:Mehan
# Class Name			Skill Pts/Lvl	Class Skill
CLASS:Val'Mehan Emissary	STARTSKILLPTS:6	CSKILL:Bluff|Concentration|TYPE.Craft|Diplomacy|Disguise|TYPE.Knowledge|Listen|Move Silently|TYPE.Perform|TYPE.Profession|Ride|Sense Motive|Speak Language|Spellcraft|Spot|Swim
1	SAB:Silver Tongue (Ex)	SAB:Heart of Stone (Ex)	BONUS:SKILL|Bluff,Sense Motive,Diplomacy|2	AUTO:WEAPONPROF|TYPE.Martial	ABILITY:FEAT|AUTOMATIC|Simple Weapon Proficiency|Martial Weapon Proficiency
2	SAB:Irresistible Aura (Ex)				BONUS:SKILL|TYPE.Charisma|2
3	SAB:Confidante (Ex)
4	SAB:Uncanny Judgement (Ex)
5	SAB:Voice of Honey (Su)

##############################################################################################################################################################################################################################################################################################################################################
# Class Name	Hit Dice	Type			Abbreviation	Max Level	Source Page		Sourcelong	Save checks bonus											Combat bonus
CLASS:Warped Ones	HD:12		TYPE:PC.Prestige	ABB:WrpO		MAXLEVEL:10	SOURCEPAGE:p.222	SOURCELONG:Player's Guide to Arcanis	BONUS:CHECKS|BASE.Fortitude|CL/2+2	BONUS:CHECKS|BASE.Reflex,BASE.Will|CL/3	BONUS:COMBAT|BAB|CL|TYPE=Base.REPLACE
# Class Name	Required AL		Req. Att.	Required Feat				Required Region
CLASS:Warped Ones	PREALIGN:CG,CN,CE	PREATT:6	PREFEAT:3,Iron Will,Endurance,Rage	PREREGION:Hinterlands
# Class Name	Skill Pts/Lvl	Class Skill
CLASS:Warped Ones	STARTSKILLPTS:4	CSKILL:Balance|Climb|TYPE.Craft|Intimidate|Jump|Listen|Spot|Survival|Swim
1	SAB:Path of Rage (Ex)			BONUS:VAR|RageTimes|1+(CL>=5)+(CL>=10)				ABILITY:FEAT|VIRTUAL|Twisted Form		AUTO:WEAPONPROF|TYPE.Martial	ABILITY:FEAT|AUTOMATIC|Simple Weapon Proficiency|Martial Weapon Proficiency|Armor Proficiency (Light)|Armor Proficiency (Medium)|Shield Proficiency
2	SAB:Unnatural Endurance (Ex)
4																	ABILITY:FEAT|AUTOMATIC|Burst of Strength
5	SAB:Twisted Visage (Su)
7	SAB:Dire Rage (Su)
8	SAB:Twisted Soul (Ex) SR %|SoulSR	BONUS:VAR|SoulSR|15+CL				DEFINE:SoulSR|0
10	SAB:Juggernaut

##############################################################################################################################################################################################################################################################################################################################################
# Class Name				Hit Dice	Type			Abbreviation	Max Level	Source Page		Sourcelong						Save checks bonus											Combat bonus					List of Class Spells by Level
CLASS:Warrior of the Eternal Flame	HD:12		TYPE:PC.Prestige	ABB:WotEF		MAXLEVEL:10	SOURCEPAGE:p.224	SOURCELONG:Player's Guide to Arcanis	BONUS:CHECKS|BASE.Fortitude,BASE.Will|CL/2+2	BONUS:CHECKS|BASE.Reflex|CL/3	BONUS:COMBAT|BAB|CL*3/4|TYPE=Base.REPLACE	SPELLLEVEL:CLASS|Warrior of the Eternal Flame=1|Bless Weapon,Magic Weapon,Cause Fear,Dancing Lights,Pyrotechnics,Spiritual Weapon|Warrior of the Eternal Flame=2|Continual Flame,Flaming Sphere,Flame Blade,Magic Vestment,Resist Energy|Warrior of the Eternal Flame=3|Fire Trap,Flame Arrow,Magic Weapon (Greater),Mantle of Unassailable Flame,Scorching Ray|Warrior of the Eternal Flame=4|Fireball,Fireshield,Flame Strike,Wall of Fire
# Class Name				Required AL		Req. Att.	Required Deity	Required Feat					Required Skill
CLASS:Warrior of the Eternal Flame	PREALIGN:LG,LN,LE	PREATT:7	PREDEITY:Nier	PREFEAT:2,Toughness,Improved Toughness	PRESKILL:1,TYPE.Religion=4
# Class Name				Skill Pts/Lvl	Class Skill
CLASS:Warrior of the Eternal Flame	STARTSKILLPTS:2	CSKILL:Concentraation|TYPE.Craft|Diplomacy|Examine Martial Technique|Handle Animal|Heal|TYPE.Nobility|TYPE.Religion|TYPE.Profession|Ride|Sense Motive|Spellcraft
# Class Name				Spell Stat		Spell Type		Memorize
CLASS:Warrior of the Eternal Flame	SPELLSTAT:CHA	SPELLTYPE:Divine	MEMORIZE:NO
1																								SAB:Blessing of the First Flame|PREVARLT:WotEFBlessing,4	SAB:Blessing of the Second Flame Flame|PREVARLT:WotEFBlessing,6	SAB:Blessing of the Third Flame|PREVARLT:WotEFBlessing,8	SAB:Blessing of the Fourth Flame|PREVARLT:WotEFBlessing,10	SAB:Blessing of the Final Flame|PREVAREQ:WotEFBlessing,10	SAB:Child of Nier (Su)	BONUS:VAR|WotEFBlessing|CL						DEFINE:WotEFBlessing|0																								ABILITY:FEAT|AUTOMATIC|Simple Weapon Proficiency|Martial Weapon Proficiency|Armor Proficiency (Light)|Armor Proficiency (Medium)|Armor Proficiency (Heavy)|Shield Proficiency|Tower Shield Proficiency
2	CAST:0,0		KNOWN:0,1
3	CAST:0,1		KNOWN:0,1																			SAB:Call Forth His Servants (Sp) (Medium)|PREVARLT:WotEFBlessing,5	SAB:Call Forth His Servants (Sp) (Large)|PREVARLT:WotEFBlessing,8	SAB:Call Forth His Servants (Sp) (Greater)|PREVARGTEQ:WotEFBlessing,8
4	CAST:0,1,0		KNOWN:0,2,1		KNOWNSPELLS:Burning Hands|Produce Flame|Wall of Fire|Resist Energy		DOMAIN:Fire
5	CAST:0,1,1		KNOWN:0,2,1
6	CAST:0,1,1,0	KNOWN:0,2,2,1	KNOWNSPELLS:Inflict Light Wounds|Shatter|Contagion|Inflict Critical Wounds	DOMAIN:Destruction
7	CAST:0,2,1,1	KNOWN:0,3,2,1																		SAB:Fury of Nier (Sp)																																																																						SPELLS:ClassAbility|TIMES=1|CASTERLEVEL=CL*2|Fire Storm,18+CHA
8	CAST:0,2,2,1,0	KNOWN:0,3,2,2,1
9	CAST:0,3,2,1,1	KNOWN:0,3,3,2,2																		SAB:Nier's Embrace (Su) %d8 damage, %/day|EmbraceDamage|EmbraceTimes																																												BONUS:VAR|EmbraceDamage|CL	BONUS:VAR|EmbraceTimes|CL/2	DEFINE:EmbraceDamage|0	DEFINE:EmbraceTimes|0
10	CAST:0,3,3,2,2	KNOWN:0,3,3,2,2																		SAB:Nier's Gift (Su)	SAB:Fire from the Gates of Heaven (Sp)																																																															SPELLS:ClassAbility|TIMES=1|CASTERLEVEL=17|Elemental Swarm		TEMPLATE:Elemental|Fire|Vulnerability (Cold)

##############################################################################################################################################################################################################################################################################################################################################
# Class Name		Hit Dice	Type			Abbreviation	Max Level	Source Page		Sourcelong						Save checks bonus												Combat bonus
CLASS:Weapon Savant	HD:8		TYPE:PC.Prestige	ABB:WpnSv		MAXLEVEL:5	SOURCEPAGE:p.225	SOURCELONG:Player's Guide to Arcanis	BONUS:CHECKS|BASE.Reflex|CL/2+2	BONUS:CHECKS|BASE.Fortitude,BASE.Will|CL/3	BONUS:COMBAT|BAB|CL|TYPE=Base.REPLACE
# Class Name		Req. Att.	Required Feat
CLASS:Weapon Savant	PREATT:6	PREFEAT:7,Combat Expertise,Combat Reflexes,Improved Disarm,Exotic Weapon Proficiency(TYPE=Weapon),Exotic Weapon Proficiency(TYPE=Ranged),Exotic Weapon Proficiency(TYPE=Melee)
# Class Name		Skill Pts/Lvl	Class Skill
CLASS:Weapon Savant	STARTSKILLPTS:4	CSKILL:Balance|Bluff|Climb|TYPE.Craft|Examine Martial Technique|Jump|TYPE.History|Listen|TYPE.Profession|Ride|Sense Motive|Spot|Swim|Tumble
1	SAB:Total Weapon Proficiency (Ex)	SAB:Deflect Attack (Ex)|PREMULT:3,[PREEQUIP:1,TYPE.Melee,TYPE.Shield],[PREVARLT:ENCUMBERANCE,2],[!PREEQUIP:1,TYPE.Armor.Heavy]	BONUS:COMBAT|AC|1+(CL>=3)+(CL>=5)|TYPE=Shield.STACK|PREMULT:3,[PREEQUIP:1,TYPE.Melee,TYPE.Shield],[PREVARLT:ENCUMBERANCE,2],[!PREEQUIP:1,TYPE.Armor.Heavy]	AUTO:WEAPONPROF|TYPE.Weapon	ABILITY:FEAT|AUTOMATIC|Simple Weapon Proficiency|Martial Weapon Proficiency|Armor Proficiency (Light)|Armor Proficiency (Medium)|Armor Proficiency (Heavy)|Shield Proficiency|Tower Shield Proficiency
2	SAB:Total Finesse (Ex)	SAB:Improvised Weapons (Ex)																			BONUS:COMBAT|TOHIT.Melee|((max(STR,DEX)-STR)+SHIELDACCHECK)|TYPE=NotRanged
3	SAB:Expert Strike (Ex)																								BONUS:COMBAT|DAMAGE.Weapon|1
4	SAB:Close Combat Fighting (Ex)
5	SAB:Many Blades, Many Methods (Ex)

##############################################################################################################################################################################################################################################################################################################################################
# Class Name			Product Identity?		Hit Dice	Type			Max Level	Has Sub Class	Source Page						Save checks bonus													Combat bonus
CLASS:Combat Styles of Onara	NAMEISPI:YES		HD:8		TYPE:PC.Prestige	MAXLEVEL:5	HASSUBCLASS:YES	SOURCELONG:Player's Guide to Arcanis	BONUS:CHECKS|BASE.Fortitude,BASE.Reflex|CL/3	BONUS:CHECKS|Base.Willpower|(CL/2)+2	BONUS:COMBAT|BAB|CL|TYPE=Base.REPLACE
# Class Name			Req. Att.	Required Feat			PreSkill
CLASS:Combat Styles of Onara	PREATT:5	PREFEAT:1,Combat Expertise	PRESKILL:1,Balance=5
# Class Name			Skill Pts/Lvl	Class Skill
CLASS:Combat Styles of Onara	STARTSKILLPTS:4	CSKILL:Balance|Climb|Diplomacy|Examine Martial Technique|Intimidate|Jump|Swim|Tumble
# added errata of weapon focus/specialization kio sword equivalent to longsword
SUBCLASS:Red Sword Fencing School	PREFEAT:5,Dodge,Power Attack,Mobility,Spring Attack,Whirlwind Attack	PREFEAT:1,Weapon Focus(Longsword),Weapon Focus(Sword (Kio)),Weapon Focus(Sword (Short)),Weapon Focus(Sword (Bastard)),Weapon Focus(Greatsword),Weapon Focus(Rapier),Weapon Focus(Gladius)	PREFEAT:1,Weapon Specialization(Longsword),Weapon Specialization(Sword (Kio),Weapon Specialization(Sword (short)),Weapon Specialization(Sword (Bastard)),Weapon Specialization(Greatsword),Weapon Specialization(Rapier),Weapon Specialization(Gladius)	PRETEXT:Must beat two beginning students equal to the skill level of the character in a sparring match, and even then the master must be impressed with the applicants form, technique, and (most importantly) flair.	ABB:RSFS
SUBCLASSLEVEL:1	SAB:Canny Defense (Ex)								BONUS:COMBAT|AC|min(max(INT,0),CL)|TYPE=Insight|PREVAREQ:ENCUMBERANCE,0,COUNT[EQTYPE.ARMOR.EQUIPPED],0
SUBCLASSLEVEL:2	SAB:Demi-Volt (Ex)
SUBCLASSLEVEL:3	SAB:To Meet the Charge (Ex)	SAB:Punto Riverso (Ex)	ABILITY:FEAT|VIRTUAL|To Meet the Charge
SUBCLASSLEVEL:4	SAB:Pressing Attack (Ex)
SUBCLASSLEVEL:5	SAB:Spinning Strike (Ex)
SUBCLASS:Steel Wall	PREFEAT:2,Dodge,Quick Draw	PRESKILL:1,Sense Motive=5	ABB:StlWl
SUBCLASSLEVEL:1	SAB:Canny Defense (Ex)
SUBCLASSLEVEL:2	SAB:Impeccable Expertise (Ex)
SUBCLASSLEVEL:3	SAB:Passing the Charge (Ex)
SUBCLASSLEVEL:4	SAB:Defensive Perfection (Ex)
SUBCLASSLEVEL:5						ABILITY:FEAT|AUTOMATIC|Riposte
SUBCLASS:Twin Sting	PREFEAT:4,Dodge, Power Attack, Two Weapon Fighting,Weapon Focus (Rapier)	ABB:TwnStg
SUBCLASSLEVEL:1	SAB:Canny Defense (Ex)
SUBCLASSLEVEL:2	SAB:Double Lunge (Ex)
SUBCLASSLEVEL:3	SAB:Trap and Cut (Ex)	SAB:Balance and Grace (Ex)																				BONUS:WEAPON|WIELDCATEGORY|-1|PREEQUIPTWOWEAPON:1,Rapier
SUBCLASSLEVEL:4	SAB:A Thousand Cuts (Ex)
SUBCLASSLEVEL:5	SAB:The Cruelest Cut (Ex)
SUBCLASS:Twin Storms	PREFEAT:3,Exotic Weapon Proficiency (Sword (Two-Bladed)),Weapon Focus(Sword (Two-Bladed)),Two Weapon Fighting	ABB:TwnStm
SUBCLASSLEVEL:1	SAB:Impeccable Expertise (Ex)
SUBCLASSLEVEL:2	SAB:Cutting Trip (Ex)
SUBCLASSLEVEL:3	SAB:Cutting High and Low (Ex)	SAB:Passing the Charge (Ex)
SUBCLASSLEVEL:4	SAB:Pressing Attack (Ex)
SUBCLASSLEVEL:5	SAB:A Thousand Cuts (Ex)
SUBCLASS:Haven's Blade	PREFEAT:4,Cleave,Great Cleave,Weapon Focus (Greatsword),Power Attack	ABB:HvnBl
SUBCLASSLEVEL:1	SAB:Impeccable Defense (Ex)
SUBCLASSLEVEL:2						ABILITY:FEAT|AUTOMATIC|To Meet the Charge
SUBCLASSLEVEL:3						ABILITY:FEAT|AUTOMATIC|Flowing Sand
SUBCLASSLEVEL:4	SAB:Mighty Swing (Ex)
SUBCLASSLEVEL:5	SAB:Mighty Cleave (Ex)
SUBCLASS:Steel Dragon	PREFEAT:4,Exotic Weapon Proficienty (Steel Whip),Two Weapon Fighting,Weapon Finesse,Weapon Focus (Steel Whip)	ABB:StlDrg
SUBCLASSLEVEL:1	SAB:Canny Defense (Ex)
SUBCLASSLEVEL:2	SAB:Cutting Trip (Ex)
SUBCLASSLEVEL:3	SAB:Spinning Strike (Ex)
SUBCLASSLEVEL:4	SAB:Pressing Attack (Ex)
SUBCLASSLEVEL:5	SAB:Reaping the Whirlwind (Ex)
SUBCLASS:Hand Blade and Mind	PREFEAT:2,Weapon Focus (Sword (Kio)),Weapon Proficiency (Sword (Kio)),Quick Draw		PRESKILL:2,Concentration,TYPE.Psionics=4		PREITEM:1,Sword (Kio)	ABB:HBaM
SUBCLASSLEVEL:1	SAB:Canny Defense (Ex)
SUBCLASSLEVEL:2	SAB:Parry (Ex)
SUBCLASSLEVEL:3	SAB:Pressing Attack (Ex)	ABILITY:FEAT|AUTOMATIC|Improved Quick Draw
SUBCLASSLEVEL:4	SAB:A Thousand Cuts (Ex)
SUBCLASSLEVEL:5						ABILITY:FEAT|AUTOMATIC|Flowing Sand
SUBCLASS:Sword That Believes	PREFEAT:4,Improved Quick Draw,Quick Draw,Pureblood Kio,Weapon Focus (Sword (Kio)),Exotic Weapon Proficiency (Sword (Kio))	PREITEM:1,Sword (Kio)	ABB:StBlv
SUBCLASSLEVEL:1								ABILITY:FEAT|AUTOMATIC|Blind Fight
SUBCLASSLEVEL:2	SAB:Impeccable Expertise (Ex)
SUBCLASSLEVEL:3	SAB:A Thousand Cuts (Ex)		SAB:Instinctual Defense (Ex)
SUBCLASSLEVEL:4	SAB:Strike Without Thought (Ex)
SUBCLASSLEVEL:5	SAB:Mighty Swing (Ex)				ABILITY:FEAT|AUTOMATIC|Flowing Sand
1	SAB:Advantages and Limitations	SAB:Combat Style - Trainee|PREVAREQ:CL,1	BONUS:COMBAT|AC|min(max(INT,0),CL)|TYPE=Insight|PREVAREQ:ENCUMBERANCE,0,COUNT[EQTYPE.ARMOR.EQUIPPED],0
2						SAB:Combat Style - Novice|PREVAREQ:CL,2
3						SAB:Combat Style - Adept|PREVAREQ:CL,3
4						SAB:Combat Style - Expert|PREVAREQ:CL,4
5						SAB:Combat Style - Master|PREVAREQ:CL,5

###############################################################################################################################################################################################################################3
#-------------Monk Prestige Classes--------------------------------------------------------
# Class Name		Product Identity?	Hit Dice	Type			Abbreviation	Max Level	Source Long						Source Page				Save checks bonus								Combat bonus
CLASS:Blade of Hurrian	NAMEISPI:YES	HD:8		TYPE:PC.Prestige	ABB:BldHr		MAXLEVEL:10	SOURCELONG:Player's Guide to Arcanis	SOURCEPAGE:p.57	BONUS:CHECKS|BASE.Fortitude,BASE.Reflex,BASE.Will|CL/2+2	BONUS:COMBAT|BAB|CL*3/4|TYPE=Base.REPLACE
# Class Name		Required AL		Req. Att.	Required Class	Required Feat									Required Skill																				PRESUBCLASS
# added 2006-06-03 errata for weapon feats kio sword equivalent to longsword for qualifying
CLASS:Blade of Hurrian	PREALIGN:LG,LN,LE	PREATT:5	PRECLASS:1,Monk=6	PREMULT:1,[PREFEAT:2,Weapon Focus(Longsword),Martial Technique(Longsword)],[PREFEAT:2,Weapon Focus(Sword (Kio)),Martial Technique(Sword (Kio))	PRESKILL:1,Balance=5	PRESKILL:1,Jump=6	PRESKILL:3,Knowledge (Religion:Hurrian),Sense Motive,Spot=4	PRESKILL:1,TYPE.Perform=2	PRESUBCLASS:1,Order of the Blade
# Class Name		Skill Pts/Lvl	Class Skill
CLASS:Blade of Hurrian	STARTSKILLPTS:4	CSKILL:Balance|Climb|Concentration|TYPE.Craft|Diplomacy|Escape Artist|Hide|Jump|TYPE.Arcana|TYPE.Religion|Knowledge (Warfare & Tactics)|Listen|Move Silently|TYPE.Perform|TYPE.Profession|Sense Motive|Spot|Swim|Tumble
###Block: Monk stacking stuff
1	BONUS:VAR|MonkACLvl|CL		BONUS:UDAM|CLASS.Monk|CL
1	BONUS:VAR|MonkMoveLvl|CL
###Block: Normal progression
1									SAB:Ki Blade (Ex) (+% defending)|KiBladeBonus	SAB:Lightning Leap (Ex)			BONUS:VAR|KiBladeBonus|2						BONUS:SKILL|Jump|10	DEFINE:KiBladeBonus|0
2									SAB:Lightning Surges Through the Clouds (Ex)
3									SAB:Clash of Thunder (Ex)																												ABILITY:FEAT|AUTOMATIC|Deflect Arrows
4	SAB:.CLEAR.Ki Blade (Ex) (+% defending)		SAB:Lighning Sword (Su)	SAB:Ki Blade (Ex) (+% defending/shocking)|KiBladeBonus
5																							BONUS:VAR|KiBladeBonus|2
6									SAB:Clouds Cover the Sun (Ex)
7									SAB:Hurricane Blow (Ex)																													ABILITY:FEAT|AUTOMATIC|Weapon Specialization(Longsword)
8	SAB:.CLEAR.Ki Blade (Ex) (+% defending/shocking)	SAB:Storm Bringer (Su)	SAB:Ki Blade (Ex) (+% defending/shocking burst)|KiBladeBonus
9									SAB:Tornado Rush (Sp)
10									SAB:The Perfect Storm (Su) (Duration % rounds)|StormDuration					BONUS:VAR|StormDuration|3+CON	BONUS:VAR|KiBladeBonus|2					DEFINE:StormDuration|0

##############################################################################################################################################################################################################################################################################################################################################
# Class Name					Hit Dice	Type			Abbreviation	Max Level	Source Long						Source Page		Save checks bonus											Combat bonus
CLASS:Order of the Bronze Sepulcher Elite	HD:8		TYPE:PC.Prestige	ABB:OotBS		MAXLEVEL:10	SOURCELONG:Player's Guide to Arcanis	SOURCEPAGE:p.59	BONUS:CHECKS|BASE.Fortitude,BASE.Will|CL/2+2	BONUS:CHECKS|BASE.Reflex|CL/3	BONUS:COMBAT|BAB|CL*3/4|TYPE=Base.REPLACE
# Class Name					Required AL		Req. Att.	Required Class	Required Feat					Required Skill																									PRESUBCLASS
CLASS:Order of the Bronze Sepulcher Elite	PREALIGN:LG,LN,LE	PREATT:7	PRECLASS:1,Monk=8	PREFEAT:3,Dodge,Mobility,Improved Grapple	PRESKILL:2,Concentration,Listen=5	PRESKILL:1,Tumble=4	PRESKILL:1,Knowledge (Religion:Neroth),Knowledge (Religion:Tzizhet)=4	PRESKILL:1,TYPE.Perform=3	PRESUBCLASS:1,Order of the Bronze Sepulcher
# Class Name					Skill Pts/Lvl	Class Skill
CLASS:Order of the Bronze Sepulcher Elite	STARTSKILLPTS:4	CSKILL:Balance|Climb|TYPE.Craft|Escape Artist|Heal|Hide|Jump|TYPE.Arcana|Knowledge (Religion:Neroth)|Knowledge (Religion:Tzizhet)|Listen|Move Silently|TYPE.Perform|Spot|Tumble
###Block: Monk stacking stuff
1	BONUS:VAR|MonkACLvl|CL		BONUS:UDAM|CLASS.Monk|CL
1	BONUS:VAR|MonkMoveLvl|CL
###Block: Normal progression
1	SAB:Eagle Claw (Ex)																	BONUS:COMBAT|TOHIT.GRAPPLE|4
2	SAB:Supreme Stunning Fist (Ex)												BONUS:VAR|InvisTimes|1						DEFINE:InvisTimes|0	SPELLS:ClassAbility|TIMES=InvisTimes|CASTERLEVEL=10|Invisibility
3	SAB:Ghost Touch (Ex)
4																	BONUS:VAR|InvisTimes|1
5	SAB:Chill of the Grave (Ex)
6																	BONUS:VAR|InvisTimes|1
7	SAB:Touch of the Ghoul (Ex)
8																	BONUS:VAR|InvisTimes|1
9	SAB:Ki Aura (Ex) - immune to ability score loss, energy drain, and fear effects from undead.
10	SAB:Ki Drain (Sp)

##############################################################################################################################################################################################################################################################################################################################################
# Class Name			Hit Dice	Type			Abbreviation	Max Level	Source Long						Source Page		Save checks bonus												Combat bonus
CLASS:Elemental Path of Flame	HD:8		TYPE:PC.Prestige	ABB:EPoF		MAXLEVEL:5	SOURCELONG:Player's Guide to Arcanis	SOURCEPAGE:p.61	BONUS:CHECKS|BASE.Reflex|CL/2+2	BONUS:CHECKS|BASE.Fortitude,BASE.Will|CL/3	BONUS:COMBAT|BAB|CL|TYPE=Base.REPLACE
# Class Name			Required AL		Req. Att.	Required Class	Required Feat															Required Race			Required Skill																	PRESUBCLASS
CLASS:Elemental Path of Flame	PREALIGN:LG,LN,LE	PREATT:5	PRECLASS:1,Monk=6	PREFEAT:4,Improved Initiative,Improved Unarmed Strike,Heightened Elorii Bloodline,Weapon Finesse	PRERACE:1, Elorii (Kelekene)	PRESKILL:2,Balance,Jump=5	PRESKILL:1,Knowledge (Religion:Belisarda),Knowledge (Religion:Elemental Lords)=4	PRESUBCLASS:1,Contemplation of the Elements
# Class Name			Skill Pts/Lvl	Class Skill
CLASS:Elemental Path of Flame	STARTSKILLPTS:4	CSKILL:Balance|Climb|Concentration|TYPE.Craft|Diplomacy|Escape Artist|Hide|Jump|TYPE.Arcana|Knowledge (Religion:Belisarda)|Knowledge (Religion:Elemental Lords)|Listen|Move Silently|TYPE.Perform|TYPE.Profession|Sense Motive|Spot|Swim|Tumble
###Block: Monk stacking stuff
1	BONUS:VAR|MonkACLvl|CL		BONUS:UDAM|CLASS.Monk|CL
1	BONUS:VAR|MonkMoveLvl|CL
###Block: Normal progression
1						SAB:Fire Resistance % (Su)|ElementResist	SAB:Rapid Strike	BONUS:VAR|ElementResist|3*CL	DEFINE:ElementResist|0
2						SAB:Immolation 1/day
3						SAB:Flaming Fists (Su)
4	SAB:.CLEAR.Immolation 1/day	SAB:Immolation 2/day
5						SAB:Flaming Bursts (Su)

##############################################################################################################################################################################################################################################################################################################################################
# Class Name			Hit Dice	Type			Abbreviation	Max Level	Source Long						Source Page		Save checks bonus											Combat bonus
CLASS:Elemental Path of Stone	HD:10		TYPE:PC.Prestige	ABB:EPoS		MAXLEVEL:5	SOURCELONG:Player's Guide to Arcanis	SOURCEPAGE:p.62	BONUS:CHECKS|BASE.Fortitude|CL/2+2	BONUS:CHECKS|BASE.Reflex,BASE.Will|CL/3	BONUS:COMBAT|BAB|CL|TYPE=Base.REPLACE
# Class Name			Required AL		Req. Att.	Required Class	Required Feat														Multiple Requirements						Required Skill																	PRESUBCLASS
CLASS:Elemental Path of Stone	PREALIGN:LG,LN,LE	PREATT:5	PRECLASS:1,Monk=6	PREFEAT:4,Combat Expertise,Great Fortitude,Improved Unarmed Strike,Heightened Elorii Bloodline	PREMULT:2,[PRERACE:1,Elorii],[PRETEMPLATE:Marokene]	PRESKILL:2,Balance,Jump=5	PRESKILL:1,Knowledge (Religion:Belisarda),Knowledge (Religion:Elemental Lords)=4	PRESUBCLASS:1,Contemplation of the Elements
# Class Name			Skill Pts/Lvl	Class Skill
CLASS:Elemental Path of Stone	STARTSKILLPTS:4	CSKILL:Balance|Climb|Concentration|TYPE.Craft|Diplomacy|Escape Artist|Hide|Jump|TYPE.Arcana|Knowledge (Religion:Belisarda)|Knowledge (Religion:Elemental Lords)|Listen|Move Silently|TYPE.Perform|TYPE.Profession|Sense Motive|Spot|Swim|Tumble
###Block: Monk stacking stuff
1	BONUS:VAR|MonkACLvl|CL		BONUS:UDAM|CLASS.Monk|CL
1	BONUS:VAR|MonkMoveLvl|CL
###Block: Normal progression
1	DR:1/-
2			SAB:Hands of Stone (Ex)	BONUS:COMBAT|AC|1|TYPE=NaturalArmor.REPLACE
3															BONUS:DR|-|1
4			SAB:Absorb Blow (Ex)	BONUS:COMBAT|AC|1|TYPE=NaturalArmor.REPLACE
5			ABILITY:FEAT|AUTOMATIC|Iron Skin										BONUS:DR|-|1

##############################################################################################################################################################################################################################################################################################################################################
# Class Name			Hit Dice	Type			Abbreviation	Max Level	Source Long						Source Page		Save checks bonus											Combat bonus
CLASS:Elemental Path of Water	HD:8		TYPE:PC.Prestige	ABB:EPoW		MAXLEVEL:5	SOURCELONG:Player's Guide to Arcanis	SOURCEPAGE:p.62	BONUS:CHECKS|BASE.Fortitude,BASE.Reflex|CL/2+2	BONUS:CHECKS|BASE.Will|CL/3	BONUS:COMBAT|BAB|CL*3/4|TYPE=Base.REPLACE
# Class Name			Required AL		Req. Att.	Required Class	Required Feat												Multiple Requirements						Required Skill																	PRESUBCLASS
CLASS:Elemental Path of Water	PREALIGN:LG,LN,LE	PREATT:5	PRECLASS:1,Monk=6	PREFEAT:5,Dodge,Evasion,Improved Unarmed Strike,Heightened Elorii Bloodline,Run	PREMULT:2,[PRERACE:1,Elorii],[PRETEMPLATE:Berokene]	PRESKILL:2,Balance,Jump=5	PRESKILL:1,Knowledge (Religion:Belisarda),Knowledge (Religion:Elemental Lords)=4	PRESUBCLASS:1,Contemplation of the Elements
# Class Name			Skill Pts/Lvl	Class Skill
CLASS:Elemental Path of Water	STARTSKILLPTS:4	CSKILL:Balance|Climb|Concentration|TYPE.Craft|Diplomacy|Escape Artist|Hide|Jump|TYPE.Arcana|Knowledge (Religion:Belisarda)|Knowledge (Religion:Elemental Lords)|Listen|Move Silently|TYPE.Perform|TYPE.Profession|Sense Motive|Spot|Swim|Tumble
###Block: Monk stacking stuff
1	BONUS:VAR|MonkACLvl|CL		BONUS:UDAM|CLASS.Monk|CL
1	BONUS:VAR|MonkMoveLvl|CL
###Block: Normal progression
1	SAB:Skipping Stone (Ex)
2					BONUS:COMBAT|AC|1|TYPE=Dodge
3	SAB:Misleading Step (Ex)						ABILITY:FEAT|AUTOMATIC|Improved Feint
4					BONUS:COMBAT|AC|1|TYPE=Dodge
5	SAB:Shallow Water (Su)

###############################################################################################################################################3
# Class Name			Hit Dice	Type			Abbreviation	Max Level	Source Long						Source Page		Save checks bonus											Combat bonus
CLASS:Elemental Path of Wind	HD:6		TYPE:PC.Prestige	ABB:EPWnd		MAXLEVEL:5	SOURCELONG:Player's Guide to Arcanis	SOURCEPAGE:p.62	BONUS:CHECKS|BASE.Reflex,BASE.Will|CL/2+2	BONUS:CHECKS|BASE.Fortitude|CL/3	BONUS:COMBAT|BAB|CL*3/4
# Class Name			Required AL		Req. Att.	Required Class	Required Feat														Multiple Requirements						Required Skill																	PRESUBCLASS
CLASS:Elemental Path of Wind	PREALIGN:LG,LN,LE	PREATT:5	PRECLASS:1,Monk=6	PREFEAT:4,Combat Relexes,Improved Unarmed Strike,Heightened Elorii Bloodline,Weapon Finesse	PREMULT:2,[PRERACE:1,Elorii],[PRETEMPLATE:Osalikene]	PRESKILL:2,Balance,Jump=5	PRESKILL:1,Knowledge (Religion:Belisarda),Knowledge (Religion:Elemental Lords)=4	PRESUBCLASS:1,Contemplation of the Elements
# Class Name			Skill Pts/Lvl	Class Skill
CLASS:Elemental Path of Wind	STARTSKILLPTS:4	CSKILL:Balance|Climb|Concentration|TYPE.Craft|Diplomacy|Escape Artist|Hide|Jump|TYPE.Arcana|Knowledge (Religion:Belisarda)|Knowledge (Religion:Elemental Lords)|Listen|Move Silently|TYPE.Perform|TYPE.Profession|Sense Motive|Spot|Swim|Tumble
###Block: Monk stacking stuff
1	BONUS:VAR|MonkACLvl|CL		BONUS:UDAM|CLASS.Monk|CL
1	BONUS:VAR|MonkMoveLvl|CL
###Block: Normal progression
1	SAB:Earth to Sky (Ex)											BONUS:COMBAT|AC|1|TYPE=Dodge					ABILITY:FEAT|AUTOMATIC|Earth to Sky|Meet the Charge
2	SAB:Defensive Throw (Ex)	SAB:Wind's Grace
3	SAB:Stunning Throw (Ex) (Fort DC %)|StunThrowDC	BONUS:VAR|StunThrowDC|10+WIS+CL	BONUS:COMBAT|AC|1|TYPE=Dodge	DEFINE:StunThrowDC|0
4																								ABILITY:FEAT|AUTOMATIC|Tumbling Strike
5	SAB:Throw Mastery (Ex)											BONUS:COMBAT|AC|1|TYPE=Dodge
