############### Change to PHB Classes ############################
# Class Name																	Required Race	Req. Spell Type
CLASS:Barbarian.MOD	LANGAUTO:Literacy|PREREGION:Elorii Nations,Dwarven Enclaves,Coryani Empire,Khitani Empire,Altheria	LANGAUTO:Literacy|PREMULT:2,[PREREGION:Western Lands],[PREFEAT:1,Pureblood Kio]	LANGAUTO:Literacy|PREMULT:2,[PREREGION:Milandir],[!PRERACE:1,Ss'ressen]
CLASS:Bard.MOD			CSKILL:Black Market

# Class Name
# Errata 2006-06-03 applied cleric lang bonus
CLASS:Cleric.MOD	HASSUBCLASS:YES	CSKILL:TYPE.Arcana|TYPE.History|TYPE.Religion|TYPE.Planes	LANGBONUS:Celestial,Infernal	SOURCELONG:Player's Guide to Arcanis
SUBCLASS:Althares		COST:0
SUBCLASSLEVEL:1	CSKILL:.CLEAR.Survival	ABILITY:Racial Ability|VIRTUAL|Walk the Path of the Stars	ABILITY:FEAT|AUTOMATIC|Exotic Weapon Proficiency(Flintlock (Pistol))	LANGAUTO:Ancient Altharin(Imperial)
SUBCLASSLEVEL:5					BONUS:VAR|BardicKnowledgeLevel|((CL=Althares)/2)	BONUS:VAR|BardicKnowledge|BardicKnowledgeLevel	ABILITY:FEAT|VIRTUAL|Bardic Knowledge|Knowledge of the Ages
SUBCLASS:Anshar		COST:0
SUBCLASSLEVEL:1	ABILITY:FEAT|AUTOMATIC|.CLEAR.Armor Proficiency (Heavy)	ABILITY:FEAT|VIRTUAL|Improved Unarmed Strike		LANGAUTO:Ancient Altharin(Imperial)
SUBCLASSLEVEL:3								ABILITY:FEAT|AUTOMATIC|Endurance
SUBCLASSLEVEL:9								ABILITY:FEAT|AUTOMATIC|Dieheard
SUBCLASS:Belisarda		COST:0
SUBCLASSLEVEL:1	CSKILL:TYPE.Geography|TYPE.Nature|Survival
SUBCLASS:Beltine		COST:0
SUBCLASSLEVEL:1	ADD:VFEAT|TYPE=TurnNerothGood	ADD:VFEAT|TYPE=TurnBeltineGood		LANGAUTO:Ancient Altharin(Imperial)
SUBCLASS:Cadic		COST:0
SUBCLASSLEVEL:1	PROHIBITSPELL:DESCRIPTOR.Light	PROHIBITSPELL:SPELL|Searing Light|Sunbeam|Sunburst	CSKILL:Hide|Move Silently|TYPE.Perform|Sleight of Hand|Tumble	ADD:VFEAT|TYPE=TurnCadicGood	ABILITY:FEAT|AUTOMATIC|.CLEAR.Armor Proficiency (Heavy)	ABILITY:FEAT|AUTOMATIC|.CLEAR.Armor Proficiency (Medium)	ABILITY:FEAT|AUTOMATIC|Exotic Weapon Proficiency(Crossbow (Hand))	AUTO:WEAPONPROF|Rapier|Sword (Short)|Shortbow	LANGAUTO:Ancient Altharin(Imperial)
SUBCLASSLEVEL:5					BONUS:VAR|UncannyDodgeFlankingLevel|CL|TYPE=EachClass.REPLACE	ABILITY:FEAT|AUTOMATIC|Uncanny Dodge|Improved Uncanny Dodge
SUBCLASS:Hurrian		COST:0
SUBCLASSLEVEL:1	CSKILL:Survival	AUTO:WEAPONPROF|Longsword	LANGAUTO:Ancient Altharin(Imperial)
SUBCLASS:Illiir		COST:0
SUBCLASSLEVEL:1	PROHIBITSPELL:DESCRIPTOR.Shadow.Darkness	ADD:VFEAT|TYPE=TurnIlliirGood	ABILITY:FEAT|AUTOMATIC|Exotic Weapon Proficiency(Gladius)	LANGAUTO:Ancient Altharin(Imperial)
SUBCLASSLEVEL:5					SAB:Fearless (Ex)
SUBCLASS:Fire Dragon	COST:0	PREGENDER:FEMALE
SUBCLASSLEVEL:1	CSKILL:Survival	SAB:Ignore detrimental effects from natural heat between 80-150 degrees F.	AUTO:WEAPONPROF|Flail (Heavy)
SUBCLASS:Larissa		COST:0
SUBCLASSLEVEL:1	CSKILL:TYPE.Perform|Tumble	BONUS:DOMAIN|NUMBER|1	ADDDOMAINS:Divination|Pleasure	AUTO:WEAPONPROF|Rapier|TYPE.Whip	ABILITY:FEAT|AUTOMATIC|.CLEAR.Armor Proficiency (Light)	ABILITY:FEAT|AUTOMATIC|.CLEAR.Armor Proficiency (Medium)	ABILITY:FEAT|AUTOMATIC|.CLEAR.Armor Proficiency (Heavy)	LANGAUTO:Ancient Altharin(Imperial)
SUBCLASSLEVEL:3					BONUS:COMBAT|AC|max(CHA,0)|PREVAREQ:ENCUMBERANCE,0,COUNT[EQTYPE.ARMOR.EQUIPPED],0
# tracker being entered for ADD:VFEAT|TYPE=
SUBCLASS:Neroth		COST:0
SUBCLASSLEVEL:1	ADD:VFEAT|TYPE=TurnNerothGood	ADD:VFEAT|TYPE=TurnBeltineGood		AUTO:WEAPONPROF|Scythe	LANGAUTO:Ancient Altharin(Imperial)
SUBCLASS:Nier			COST:0
SUBCLASSLEVEL:1	SAB:The Soul Burns - +1 dmg per die on spells with fire descriptor.	SAB:When turning undead, the Nier must destroy the undead or nothing happens.						ADD:VFEAT|TYPE=TurnUndead	AUTO:WEAPONPROF|Greatsword										ABILITY:FEAT|AUTOMATIC|Simple Weapon Proficiency|Shield Proficiency|Armor Proficiency (Light)|Armor Proficiency (Medium)|Armor Proficiency (Heavy)											LANGAUTO:Ancient Altharin(Imperial)
SUBCLASS:Saluwe		COST:0	PREGENDER:FEMALE
SUBCLASSLEVEL:1	CSKILL:TYPE.Nature|Survival|Swim	ABILITY:FEAT|AUTOMATIC|.CLEAR.Armor Proficiency (Heavy)	ABILITY:FEAT|AUTOMATIC|.CLEAR.Simple Weapon Proficiency)	ABILITY:FEAT|AUTOMATIC|Track
SUBCLASSLEVEL:4	BONUS:VAR|RangerAnimalCompLVL|CL	ABILITY:FEAT|VIRTUAL|Arcanis Animal Companion,Ranger Animal Companion
SUBCLASS:Sarish		COST:0
SUBCLASSLEVEL:1	!PROHIBITSPELL:SCHOOL.Conjuration	ADD:LANGUAGE(TYPE=Infernal)1	ABILITY:FEAT|VIRTUAL|Rebuke Undead	AUTO:EQUIP|Dagger (Sarishan Steel)	LANGAUTO:Ancient Altharin(Imperial)
SUBCLASSLEVEL:3					ABILITY:FEAT|VIRTUAL|Magical Aptitude
SUBCLASSLEVEL:10					SAB:Mark of My Brother
SUBCLASS:Yarris		COST:0
SUBCLASSLEVEL:1	CSKILL:TYPE.Nature|Survival|Swim	ADD:VFEAT|TYPE=TurnYarrisGood	AUTO:WEAPONPROF|Trident		ABILITY:FEAT|AUTOMATIC|.CLEAR.Armor Proficiency (Medium)	ABILITY:FEAT|AUTOMATIC|.CLEAR.Armor Proficiency (Heavy)	LANGAUTO:Ancient Altharin(Imperial)
SUBCLASSLEVEL:2					SAB:Affected by Endure Elements when within 1 mile of any large body of water.
SUBCLASSLEVEL:3					SAB:Wild Empathy (Ex) (Water Only)	BONUS:SKILL|Profession (Navigator),Survival,Swim|2
1	BONUS:VAR|ChannelTimesBase|3+CHA|TYPE=NoStack	BONUS:VAR|ChannelLevelBase|CL-3	BONUS:VAR|ChannelDamagePlusBase|CL-3	BONUS:VAR|ChannelCheckBase|CHA|TYPE=NoStack	ABILITY:FEAT|AUTOMATIC|Basic Channeling|Channeling
1	BONUS:VAR|ChannelLevelBase|CL-3|PREDEITY:Althares,Cadic,Fire Dragon,Larissa,Sarish
1	BONUS:VAR|ChannelLevelBase|CL-2|PREDEITY:Hurrian,Yarris
# Belisarda chg per errata 2006-06-03
1	BONUS:VAR|ChannelLevelBase|CL-1|PREDEITY:Anshar,Belisarda,Illiir,Saluwe
1	BONUS:VAR|ChannelLevelBase|CL|PREDEITY:Belisarda,Nier
1	BONUS:VAR|ChannelLevelBase|CL+2|PREDEITY:Beltine,Neroth
1	BONUS:VAR|ChannelDamagePlusBase|CL-3
1	BONUS:VAR|ChannelCheckBase|CHA|TYPE=NoStack
###Block: Aura strength - Deities in Arcanis don't have alignment - Aura based of Cleric's alignment
1	ABILITY:FEAT|VIRTUAL|Aura of Chaos|PREALIGN:CG,CN,CE
1	ABILITY:FEAT|VIRTUAL|Aura of Evil|PREALIGN:LE,NE,CE
1	ABILITY:FEAT|VIRTUAL|Aura of Good|PREALIGN:LG,NG,CG
1	ABILITY:FEAT|VIRTUAL|Aura of Law|PREALIGN:LG,LN,LE

CLASS:Druid.MOD			BONUS:VAR|WildEmpathy|-5|PRERACE:1,Dark-Kin	AUTO:WEAPONPROF|Longbow|Shortbow|Terbutje|Khopesh	PREDEITY:Saluwe,Yarris,Belisarda,Fire Dragon,Beroe,Keleos,Marok,Osalian	CSKILL:TYPE.Religion
1 	ABILITY:FEAT|VIRTUAL|.CLEAR.Animal Companion
1 	ABILITY:FEAT|VIRTUAL|Arcanis Animal Companion

CLASS:Fighter.MOD			CSKILL:Examine Martial Technique

# Class Na		Subclass?
CLASS:Monk.MOD	HASSUBCLASS:YES	CSKILL:TYPE.Arcana|TYPE.Religion
SUBCLASS:Monk					COST:0
SUBCLASS:Order of Althares			COST:0	PREREGION:Altheria
SUBCLASSLEVEL:1	REMOVE:FEAT|CLASS.Monk|ALL	ADD:SAB|FAVOREDCLASS|Transmuter !CSKILL:TYPE.Perform	CSKILL:Craft (Alchemy)	ABILITY:FEAT|AUTOMATIC|All Automatic Proficiencies|Exotic Weapon Proficiency(Flintlock (Pistol))|Exotic Weapon Proficiency(Flintlock (Rifle))|Martial Weapon Proficiency(Warhammer)	ADD:ABILITY|FEAT|AUTOMATIC|Improved Grapple,Stunning Fist	AUTO:WEAPONPROF|Dagger|Handaxe|Javelin|Quarterstaff|Unarmed Strike
SUBCLASSLEVEL:2	ABILITY:FEAT|AUTOMATIC|Combat Reflexes|Combat Firing
SUBCLASSLEVEL:6	ABILITY:FEAT|AUTOMATIC|Improved Disarm|Martial Weapon Technique (Warhammer)
SUBCLASS:Order of the Blade			COST:0
SUBCLASSLEVEL:1	REMOVE:FEAT|CLASS.Monk|ALL	ADD:SAB|FAVOREDCLASS|Fighter	AUTO:WEAPONPROF|Longsword	ADD:ABILITY|FEAT|VIRTUAL|Weapon Focus(Longsword),Stunning Fist
SUBCLASSLEVEL:2	ABILITY:FEAT|AUTOMATIC|Greater Weapon Focus(Longsword)
SUBCLASSLEVEL:6	ABILITY:FEAT|AUTOMATIC|Improved Disarm|Martial Weapon Technique (Longsword)
SUBCLASS:Contemplation of the Elements	COST:0	PRERACE:1,Elorii
SUBCLASSLEVEL:1	ADD:SAB|FAVOREDCLASS|Wizard	ADD:ABILITY|FEAT|AUTOMATIC|Elorii Bloodline,Stunning Fist
SUBCLASSLEVEL:2	ABILITY:FEAT|AUTOMATIC|Improved Elorii Bloodline|Combat Reflexes|PREFEAT:1,Elorii Bloodline	ABILITY:FEAT|AUTOMATIC|Elorii Bloodline|Combat Reflexes|!PREFEAT:1,Elorii Bloodline
SUBCLASSLEVEL:6	ABILITY:FEAT|AUTOMATIC|Heightened Elorii Bloodline|Improved Trip|PREFEAT:1,Improved Elorii Bloodline	ABILITY:FEAT|AUTOMATIC|Improved Elorii Bloodline|Improved Trip|PREMULT:2,[PREFEAT:Elorii Bloodline],[!PREFEAT:1,Improved Elorii Bloodline]	ABILITY:FEAT|AUTOMATIC|Elorii Bloodline|Improved Trip|!PREFEAT:2,Elorii Bloodline,Improved Elorii Bloodline
SUBCLASSLEVEL:20	SAB:Elemental Soul
SUBCLASS:Order of the Incandescent Path	COST:0
SUBCLASSLEVEL:1	ADD:SAB|FAVOREDCLASS|Fighter
SUBCLASSLEVEL:3	ABILITY:FEAT|AUTOMATIC|Iron Skin
SUBCLASS:Order of the Irridescent Scale	COST:0	PREMULT:3,[PRERACE:Ss'ressen],[PRETEMPLATE:Black Talon],[PREGENDER:MALE]
SUBCLASSLEVEL:1	ADD:SAB|FAVOREDCLASS|Ranger	SAB:+2 Dodge bonus to AC against attacks of opprtunity induced by moving.	BONUS:MOVEADD|TYPE.Walk|10	ADD:ABILITY:FEAT|AUTOMATIC|Iron Skin,Stunning Fist
SUBCLASSLEVEL:2	ABILITY:FEAT|AUTOMATIC|Combat Reflexes|Tail Attack
SUBCLASSLEVEL:6	ABILITY:FEAT|AUTOMATIC|Avalanche|Improved Trip
SUBCLASS:Order of the Iron Soul		COST:0
SUBCLASSLEVEL:1	BONUS:CHECKS|Willpower|2	BONUS:CHECKS|Reflex|-2
SUBCLASS:Order of the Pearl Maidens		COST:0	PREGENDER:Female
SUBCLASSLEVEL:1	ADD:SAB|FAVOREDCLASS|Ranger	!CSKILL:Survival	CSKILL:TYPE.Perform	ABILITY:FEAT|AUTOMATIC|Skill Focus (Profession (Sailor)|Dodge|Stunning Fist|Martial Weapon Proficienty (Longbow)	!AUTO:WEAPONPROF|TYPE.Crossbow
SUBCLASSLEVEL:2	ABILITY:FEAT|AUTOMATIC|Deflect Arrows|Mobility
SUBCLASSLEVEL:3	ABILITY:FEAT|AUTOMATIC|Master of the Tops
SUBCLASSLEVEL:6	ABILITY:FEAT|AUTOMATIC|Hero's Heart|Improved Disarm
SUBCLASS:Order of the Perfect Union		COST:0
SUBCLASSLEVEL:1	ADD:SAB|Psion,Psychic Warrior	AUTO:WEAPONPROF|Club|Crossbow (Light)|Crossbow (Heavy)|Dagger|Handaxe|Javelin|Kama|Nunchaku|Quarterstaff|Sai|Shuriken|Siangham|Sling	ADD:ABILITY|FEAT|AUTOMATIC|Unfazed,Stunning Fist
SUBCLASSLEVEL:2	ABILITY:FEAT|AUTOMATIC|Callous|Combat Reflexes
SUBCLASSLEVEL:5	SAB:Immune to all types of fear, and mind-affecting compulsions and spells or spell-like abilities of third level or less.	SAB:Suffer an extra +1d6 damage when struck by an Abomination or Undead.
SUBCLASSLEVEL:6	ABILITY:FEAT|VIRTUAL|Improved Disarm|Improved Trip|Divinity's Purpose
1	ABILITY:FEAT|AUTOMATIC|Improved Grapple|Stunning Fist|Improved Unarmed Strike
2	ABILITY:FEAT|AUTOMATIC|Combat Reflexes|Deflect Arrows|Evasion
3	ABILITY:FEAT|AUTOMATIC|Still Mind
4	ABILITY:FEAT|VIRTUAL|Ki Strike|Monk Ki Strike Advancement
4	ABILITY:FEAT|AUTOMATIC|Slow Fall
5	ABILITY:FEAT|VIRTUAL|Purity of Body
6	ABILITY:FEAT|AUTOMATIC|Improved Disarm|Improved Trip
7	ABILITY:FEAT|VIRTUAL|Wholeness of Body
9	ABILITY:FEAT|AUTOMATIC|Improved Evasion
11	ABILITY:FEAT|VIRTUAL|Diamond Body
12	ABILITY:FEAT|VIRTUAL|Abundant Step
13	ABILITY:FEAT|VIRTUAL|Diamond Soul
15	ABILITY:FEAT|VIRTUAL|Quivering Palm
17	ABILITY:FEAT|VIRTUAL|Timeless Body|Tongue of the Sun and Moon
19	ABILITY:FEAT|VIRTUAL|Empty Body
20	ABILITY:FEAT|VIRTUAL|Perfect Self

# Class Name	Has Sub Class												Combat bonus
CLASS:Paladin.MOD	HASSUBCLASS:YES	LANGBONUS:Ancient Altharin(Imperial)	CSKILL:TYPE.Nobility|TYPE.Religion
SUBCLASS:Paladin of Althares		PREDEITY:Althares
SUBCLASSLEVEL:1	ADD:SAB|FAVOREDCLASS|HC (Althares)	BONUS:VAR|BardicKnowledgeLevel|CL	BONUS:VAR|BardicKnowledge|BardicKnowledgeLevel	DEFINE:BardicKnowledgeLevel|0		ADD:LANGUAGE(TYPE=Imperial)				ABILITY:FEAT|AUTOMATIC|Exotic Weapon Proficiency(Altherian Flintlock (Pistol)|Exotic Weapon Proficiency(Altherian Flintlock (Rifle))	ABILITY:FEAT|VIRTUAL|Bardic Knowledge	CHOOSE:NUMCHOICES=1|Flintlock (Altherian Pistol)|Flintlock (Altherian Rifle)	AUTO:EQUIP|CHOICE		AUTO:EQUIP|Blastpowder (10)
SUBCLASS:Paladin of Belisarda		PREDEITY:Belisarda
SUBCLASSLEVEL:1	ADD:SAB|FAVOREDCLASS|HC (Belisarda)	SAB:Wild Empathy (Ex)
SUBCLASS:Paladin of Hurrian		PREDEITY:Hurrian
SUBCLASSLEVEL:1	ADD:SAB|FAVOREDCLASS|HC (Hurrian)	ABILITY:FEAT|AUTOMATIC|Weapon Focus(Longsword)
SUBCLASS:Paladin of Illiir		PREDEITY:Illiir
SUBCLASSLEVEL:1	ADD:SAB|FAVOREDCLASS|HC (Illiir)	ABILITY:FEAT|AUTOMATIC|Weapon Focus(Gladius)
SUBCLASSLEVEL:4	SAB:+2 on saving throws against Enchantment spells and abilities.	KNOWNSPELLS:Light
SUBCLASSLEVEL:8	KNOWNSPELLS:Searing Light
SUBCLASS:Paladin of Nier		PREDEITY:Nier
SUBCLASSLEVEL:1	ADD:SAB|FAVOREDCLASS|HC (Nier)		ABILITY:FEAT|AUTOMATIC|Weapon Focus(Greatsword)
SUBCLASS:Paladin of Sarish		PREDEITY:Sarish
SUBCLASSLEVEL:1	ADD:SAB|FAVOREDCLASS|HC (Sarish)	SAB:You gain a Sarishan Steel weapon of your choice.	ADD:LANGUAGE(TYPE=Imperial,TYPE=Infernal)2
SUBCLASS:Paladin of the Fire Dragon	PREDEITY:Fire Dragon	PREGENDER:Male
SUBCLASSLEVEL:1	ADD:SAB|FAVOREDCLASS|HC (Fire Dragon)	ABILITY:FEAT|AUTOMATIC|Weapon Focus(Flail (Heavy))
1	SAB:Aura of Faith (Ex.)
4	BONUS:VAR|ChannelTimesBase|3+CHA|TYPE=NoStack	DEFINE:AllowImprovedTurning|1	ADD:VFEAT|TYPE=Channeling	ABILITY:FEAT|VIRTUAL|Basic Channeling
4	BONUS:VAR|ChannelCheckBase|CHA|TYPE=NoStack	DEFINE:AllowExtraTurning|1
4	BONUS:VAR|ChannelDamagePlusBase|CL-3
4	BONUS:VAR|ChannelLevelBase|CL-5|PREDEITY:Sarish
4	BONUS:VAR|ChannelLevelBase|CL-4|PREDEITY:Althares,Hurrian,Nier,Fire Dragon
4	BONUS:VAR|ChannelLevelBase|CL-3|PREDEITY:Belisarda,Illiir
5	REMOVE:FEAT|Special Mount	SAB:Faithful Steed (Sp)

CLASS:Ranger.MOD			CSKILL:TYPE.Dungeoneering|TYPE.Nature|TYPE.Geography|TYPE.Religion
1	ABILITY:FEAT|AUTOMATIC|Exotic Weapon Proficiency(Flintlock (Rifle))|Exotic Weapon Profiency(Flintlock (Pistol))|PREMULT:1,[PREFEAT:Shining Patrol Service],[PREREGION:Altheria]
4 	ABILITY:FEAT|AUTOMATIC|.CLEAR.Animal Companion
4 	ABILITY:FEAT|VIRTUAL|Arcanis Animal Companion

CLASS:Rogue.MOD			CSKILL:Black Market|Research|TYPE.Local	AUTO:WEAPONPROF|Saber
CLASS:Sorcerer.MOD		!PRERACE:Human	PRERACE:[Half-Hobgoblin]	CSKILL:TYPE.Arcana
1	ABILITY:FEAT|VIRTUAL|.CLEAR.Summon Familiar
1	ABILITY:FEAT|VIRTUAL|Arcanis Familiar
CLASS:Wizard			LANGBONUS:.CLEAR
1	ABILITY:FEAT|VIRTUAL|.CLEAR.Summon Familiar
1	ABILITY:FEAT|VIRTUAL|Arcanis Familiar

############### Change to Expanded Psionics Classes ############################
CLASS:Psion.MOD			PRERACE:Val	CSKILL:Examine Martial Technique|PRESUBCLASS:Egotist
CLASS:Psychic Warrior.MOD	PRERACE:Val	CSKILL:Examine Martial Technique
CLASS:Wilder.MOD			PRERACE:Val

#
# End
#
