c:\pl\test\LA PGtA rsd\PGtA_classes.lst
(Line 154): The tag "CHANGEPROF" from "CHANGEPROF:Altherian Flintlock
(Pistol),Altherian Flintlock (Rifle)=Martial" is not in the CLASS Level tag list
#		Tag Name: CHANGEPROF:x,x=y|x,x=y
#
#		Variables Used (x): Text (Name of weapon)
#
#		Variables Used (x): TYPE.Text (weapon type)
#
#		Variables Used (y): Text (Category of Proficiency to change to)
#
#		What it does:
#
#		Changes named or types of weapons to new Proficiency category.
#		Valid everywhere.

(Line 414): The tag "ABILITY" should not be used more than once on
the same CLASS Level line.

##   'Should not' versus 'cannot'?

LA PGtA rsd\PGtA_classes_monster.lst
(Line 639): The tag "BONUS:WEAPON" from
"BONUS:WEAPON|WIELDCATEGORY|-1|PREEQUIPTWOWEAPON:1,Rapier" is not in the SUBCLASSLEVEL tag list

##   'Should not' versus 'cannot'?

LA PGtA rsd\PGtA_deities.lst
(Line 12): The tag "TEMPLATE" from
"TEMPLATE:ADDCHOICE:RemoveRebuke|PRECLASS:1,SPELLCASTER.Divine=1" is not
in the DEITY tag list
#### Not sure if the one above is legit or not, so putting here just in
case.

LA PGtA rsd\PGtA_equip.lst
(Line 54): The tag "SPROP:.CLEAR" from "SPROP:.CLEAR" is not in the EQUIPMENT tag list
(Line 132): The tag "ACCHECK" should not be used more than once on the same EQUIPMENT line.
(Line 133): The tag "ACCHECK" should not be used more than once on the same EQUIPMENT line.
## but works - lorica

c:\pl\test\LA PGtA rsd\PGtA_equip_mods.lst
(Line 30): The tag "ADD" from "ADD:EQUIP|Bayonet|PRETYPE:Pistol" is
not in the EQUIPMOD tag list
(Line 30): The tag "ADD" from "ADD:EQUIP|Bayonet
(Longspear)|PRETYPE:Rifle" is not in the EQUIPMOD tag list
(Line 30): The tag "ADD" should not be used more than once on the same EQUIPMOD line.

c:\pl\test\LA PGtA rsd\PGtA_feats_hidden.lst
(Line 15): The tag "DR" should not be used more than once on the same
FEAT line.

##   'Should not' versus 'cannot'?

c:\pl\test\LA PGtA rsd\PGtA_mod_classes.lst
(Line 3): The tag "LANGAUTO" should not be used more than once on the same CLASS line.
## needed

(Line 21): The tag "PROHIBITSPELL" from "PROHIBITSPELL:DESCRIPTOR.Light"
is not in the SUBCLASSLEVEL tag list
(Line 21): The tag "PROHIBITSPELL" from "PROHIBITSPELL:SPELL|Searing
Light|Sunbeam|Sunburst" is not in the SUBCLASSLEVEL tag list
(Line 21): The tag "PROHIBITSPELL" should not be used more than once
on the same SUBCLASSLEVEL line.
(Line 97): The tag "!AUTO" from "!AUTO:WEAPONPROF|TYPE.Crossbow" is not
in the SUBCLASSLEVEL tag list
(Line 126): The tag "CHOOSE" from "CHOOSE:NUMCHOICES=1|Flintlock
(Altherian Pistol)|Flintlock (Altherian Rifle)" is not in the SUBCLASSLEVEL tag list

c:\pl\test\LA PGtA rsd\PGtA_spells.lst
(Line 14): The tag "CLASSES" should not be used more than once on the same SPELL line.
(Line 34): The tag "CLASSES" should not be used more than once on the same SPELL line.
(Line 38): The tag "CLASSES" should not be used more than once on the same SPELL line.
(Line 40): The tag "CLASSES" should not be used more than once on the same SPELL line.
(Line 53): The tag "CLASSES" should not be used more than once on the same SPELL line.
(Line 60): The tag "CLASSES" should not be used more than once on the same SPELL line.
(Line 67): The tag "CLASSES" should not be used more than once on the same SPELL line.

PGtA_abilities_class.lst
(Line 225): No CLASS entry for "ANY" in
"BONUS:VAR|CompLevel|CL=ANY/2|!PREFEAT:Animal Companion"
