# CVS $Revision: 20125 $ $Author: zaister $ -- Sat Mar 30 09:53:23 2013 -- reformated by prettylst.pl v1.50 (build 19091)
SOURCELONG:Inner Sea Bestiary		SOURCESHORT:ISB		SOURCEWEB:http://paizo.com/products/btpy8v2x	SOURCEDATE:2013-06

# Original Entry by: Scott Meyer

###Block:A

Android		STARTFEATS:1		SIZE:M		MOVE:Walk,30		FACE:5		REACH:5		BONUS:STAT|DEX,INT|2		BONUS:STAT|CHA|-2		BONUS:SKILL|Perception|2|TYPE=Racial		VISION:Darkvision (60')|Low-Light		AUTO:LANG|Common		LANGBONUS:ALL		ABILITY:Special Ability|AUTOMATIC|Constructed ~ Android		ABILITY:Special Ability|AUTOMATIC|Emotionless ~ Android		ABILITY:Special Ability|AUTOMATIC|Nanite Surge ~ Android		LEGS:2		HANDS:2		RACETYPE:Humanoid		RACESUBTYPE:Android		SOURCEPAGE:p.3
Apostasy Wraith
		STARTFEATS:4
		SIZE:Medium
		MOVE:Fly (60')		ABILITY:Special Ability|AUTOMATIC|Maneuverability (Perfect)
		FACE:5
		REACH:5
		BONUS:COMBAT|AC|2|TYPE=Deflection
		BONUS:SKILL|Perception|11
		BONUS:VAR|EnergyDrainLevels|1
		BONUS:VAR|ChannelResistance|4
		BONUS:STAT|STR,CON|-10
		BONUS:STAT|DEX|8
		BONUS:STAT|CHA|3
		BONUS:SKILL|Perception|11
		VISION:Darkvision (60')
		AUTO:LANG|Common
		ABILITY:Special Ability|AUTOMATIC|Razmiri Aversion ~ Apostasy Wraith
		ABILITY:Special Ability|AUTOMATIC|Rend Faith ~ Apostasy Wraith
		ABILITY:Special Ability|AUTOMATIC|Sense Apostate ~ Apostasy Wraith
		ABILITY:Special Ability|AUTOMATIC|Energy Drain
		ABILITY:Special Ability|AUTOMATIC|Channel Resistance
		ABILITY:Special Ability|AUTOMATIC|Incorporeal
		LEGS:2
		HANDS:2
		NATURALATTACKS:Incorporeal Touch,Weapon.Natural.Melee.Bludgeoning.Finesseable,1,1d8
		BONUS:WEAPONPROF=Incorporeal Touch|TOHIT|10
		MONSTERCLASS:Undead
		RACETYPE:Undead
		CR:6
		ROLE:Skill
		SOURCEPAGE:p.4

###Block:B

Beetle (Scarab)
		STARTFEATS:1
		SIZE:Large
		MOVE:Walk (40')|Climb (20')|Fly (20')
		ABILITY:Special Ability|AUTOMATIC|Maneuverability (Average)
		FACE:10
		REACH:10
		BONUS:COMBAT|AC|10|TYPE=NaturalArmor
		BONUS:STAT|STR|13
		BONUS:STAT|DEX|2
		BONUS:STAT|CON|6
		BONUS:STAT|CHA|-10
		BONUS:VAR|CMD_Trip|8|TYPE=Racial
		ABILITY:Special Ability|AUTOMATIC|Gnaw ~ Beetle (Scarab)
		ABILITY:Special Ability|AUTOMATIC|Immunity to Death Effects
		ABILITY:Special Ability|AUTOMATIC|Immunity to Disease
		ABILITY:Special Ability|AUTOMATIC|Immunity to Mind-Affecting Effects
		ABILITY:Special Ability|AUTOMATIC|Immunity to Paralysis
		LEGS:6
		HANDS:0
		NATURALATTACKS:Bite,Weapon.Natural.Melee.Piercing.Finesseable,*1,1d8
		MONSTERCLASS:Vermin
		RACETYPE:Vermin
		CR:6
		SOURCEPAGE:p.5
Beetle (Stalk)
		STARTFEATS:1
		SIZE:
		MOVE:
		FACE:
		REACH:
		BONUS:COMBAT|AC|	|TYPE=NaturalArmor
		BONUS:STAT|STR|
		BONUS:STAT|DEX|
		BONUS:STAT|CON|
		BONUS:STAT|INT|
		BONUS:STAT|WIS|
		BONUS:STAT|CHA|
		AUTO:LANG|
		ABILITY:Special Ability|AUTOMATIC|
		LEGS:
		HANDS:
		NATURALATTACKS:
		MONSTERCLASS:Aberration	Animal	Construct	Dragon	Fey	Humanoid	Magical Beast	Monstrous Humanoid	Ooze	Outsider	Plant	Undead	Vermin
		RACETYPE:Aberration	Animal	Construct	Dragon	Fey	Humanoid	Magical Beast	Monstrous Humanoid	Ooze	Outsider	Plant	Undead	Vermin
		RACESUBTYPE:
		CR:
		SOURCEPAGE:p.
		SPELLS:
Blighted Fey Satyr
		STARTFEATS:1
		SIZE:
		MOVE:
		FACE:
		REACH:
		BONUS:COMBAT|AC|	|TYPE=NaturalArmor
		BONUS:STAT|STR|
		BONUS:STAT|DEX|
		BONUS:STAT|CON|
		BONUS:STAT|INT|
		BONUS:STAT|WIS|
		BONUS:STAT|CHA|
		AUTO:LANG|
		ABILITY:Special Ability|AUTOMATIC|
		LEGS:
		HANDS:
		NATURALATTACKS:
		MONSTERCLASS:Aberration	Animal	Construct	Dragon	Fey	Humanoid	Magical Beast	Monstrous Humanoid	Ooze	Outsider	Plant	Undead	Vermin
		RACETYPE:Aberration	Animal	Construct	Dragon	Fey	Humanoid	Magical Beast	Monstrous Humanoid	Ooze	Outsider	Plant	Undead	Vermin
		RACESUBTYPE:
		CR:
		SOURCEPAGE:p.
		SPELLS:

###Block:C

Cayhound
		STARTFEATS:1
		SIZE:
		MOVE:
		FACE:
		REACH:
		BONUS:COMBAT|AC|	|TYPE=NaturalArmor
		BONUS:STAT|STR|
		BONUS:STAT|DEX|
		BONUS:STAT|CON|
		BONUS:STAT|INT|
		BONUS:STAT|WIS|
		BONUS:STAT|CHA|
		AUTO:LANG|
		ABILITY:Special Ability|AUTOMATIC|
		LEGS:
		HANDS:
		NATURALATTACKS:
		MONSTERCLASS:Aberration	Animal	Construct	Dragon	Fey	Humanoid	Magical Beast	Monstrous Humanoid	Ooze	Outsider	Plant	Undead	Vermin
		RACETYPE:Aberration	Animal	Construct	Dragon	Fey	Humanoid	Magical Beast	Monstrous Humanoid	Ooze	Outsider	Plant	Undead	Vermin
		RACESUBTYPE:
		CR:
		ROLE:Combat
		SOURCEPAGE:p.
		SPELLS:
Ceru
		STARTFEATS:1
		SIZE:
		MOVE:
		FACE:
		REACH:
		BONUS:COMBAT|AC|	|TYPE=NaturalArmor
		BONUS:STAT|STR|
		BONUS:STAT|DEX|
		BONUS:STAT|CON|
		BONUS:STAT|INT|
		BONUS:STAT|WIS|
		BONUS:STAT|CHA|
		AUTO:LANG|
		ABILITY:Special Ability|AUTOMATIC|
		LEGS:
		HANDS:
		NATURALATTACKS:
		MONSTERCLASS:Aberration	Animal	Construct	Dragon	Fey	Humanoid	Magical Beast	Monstrous Humanoid	Ooze	Outsider	Plant	Undead	Vermin
		RACETYPE:Aberration	Animal	Construct	Dragon	Fey	Humanoid	Magical Beast	Monstrous Humanoid	Ooze	Outsider	Plant	Undead	Vermin
		RACESUBTYPE:
		CR:
		ROLE:Skill
		SOURCEPAGE:p.
		SPELLS:
Charnal Colossus
		STARTFEATS:1
		SIZE:
		MOVE:
		FACE:
		REACH:
		BONUS:COMBAT|AC|	|TYPE=NaturalArmor
		BONUS:STAT|STR|
		BONUS:STAT|DEX|
		BONUS:STAT|CON|
		BONUS:STAT|INT|
		BONUS:STAT|WIS|
		BONUS:STAT|CHA|
		AUTO:LANG|
		ABILITY:Special Ability|AUTOMATIC|
		LEGS:
		HANDS:
		NATURALATTACKS:
		MONSTERCLASS:Aberration	Animal	Construct	Dragon	Fey	Humanoid	Magical Beast	Monstrous Humanoid	Ooze	Outsider	Plant	Undead	Vermin
		RACETYPE:Aberration	Animal	Construct	Dragon	Fey	Humanoid	Magical Beast	Monstrous Humanoid	Ooze	Outsider	Plant	Undead	Vermin
		RACESUBTYPE:
		CR:
		ROLE:Combat
		SOURCEPAGE:p.
		SPELLS:

###Block:D

###Block:E

###Block:F

Fungus Queen
		STARTFEATS:1
		SIZE:
		MOVE:
		FACE:
		REACH:
		BONUS:COMBAT|AC|	|TYPE=NaturalArmor
		BONUS:STAT|STR|
		BONUS:STAT|DEX|
		BONUS:STAT|CON|
		BONUS:STAT|INT|
		BONUS:STAT|WIS|
		BONUS:STAT|CHA|
		AUTO:LANG|
		ABILITY:Special Ability|AUTOMATIC|
		LEGS:
		HANDS:
		NATURALATTACKS:
		MONSTERCLASS:Aberration	Animal	Construct	Dragon	Fey	Humanoid	Magical Beast	Monstrous Humanoid	Ooze	Outsider	Plant	Undead	Vermin
		RACETYPE:Aberration	Animal	Construct	Dragon	Fey	Humanoid	Magical Beast	Monstrous Humanoid	Ooze	Outsider	Plant	Undead	Vermin
		RACESUBTYPE:
		CR:
		ROLE:Special
		SOURCEPAGE:p.
		SPELLS:

###Block:G

Ghoran
		STARTFEATS:1
		SIZE:
		MOVE:
		FACE:
		REACH:
		BONUS:COMBAT|AC|	|TYPE=NaturalArmor
		BONUS:STAT|STR|
		BONUS:STAT|DEX|
		BONUS:STAT|CON|
		BONUS:STAT|INT|
		BONUS:STAT|WIS|
		BONUS:STAT|CHA|
		AUTO:LANG|
		ABILITY:Special Ability|AUTOMATIC|
		LEGS:
		HANDS:
		NATURALATTACKS:
		MONSTERCLASS:Aberration	Animal	Construct	Dragon	Fey	Humanoid	Magical Beast	Monstrous Humanoid	Ooze	Outsider	Plant	Undead	Vermin
		RACETYPE:Aberration	Animal	Construct	Dragon	Fey	Humanoid	Magical Beast	Monstrous Humanoid	Ooze	Outsider	Plant	Undead	Vermin
		RACESUBTYPE:
		CR:
		SOURCEPAGE:p.
		SPELLS:
Giant (Shadow)
		STARTFEATS:1
		SIZE:
		MOVE:
		FACE:
		REACH:
		BONUS:COMBAT|AC|	|TYPE=NaturalArmor
		BONUS:STAT|STR|
		BONUS:STAT|DEX|
		BONUS:STAT|CON|
		BONUS:STAT|INT|
		BONUS:STAT|WIS|
		BONUS:STAT|CHA|
		AUTO:LANG|
		ABILITY:Special Ability|AUTOMATIC|
		LEGS:
		HANDS:
		NATURALATTACKS:
		MONSTERCLASS:Aberration	Animal	Construct	Dragon	Fey	Humanoid	Magical Beast	Monstrous Humanoid	Ooze	Outsider	Plant	Undead	Vermin
		RACETYPE:Aberration	Animal	Construct	Dragon	Fey	Humanoid	Magical Beast	Monstrous Humanoid	Ooze	Outsider	Plant	Undead	Vermin
		RACESUBTYPE:
		CR:
		ROLE:Combat
		SOURCEPAGE:p.
		SPELLS:
Goblin (Monkey)
		STARTFEATS:1
		SIZE:
		MOVE:
		FACE:
		REACH:
		BONUS:COMBAT|AC|	|TYPE=NaturalArmor
		BONUS:STAT|STR|
		BONUS:STAT|DEX|
		BONUS:STAT|CON|
		BONUS:STAT|INT|
		BONUS:STAT|WIS|
		BONUS:STAT|CHA|
		AUTO:LANG|
		ABILITY:Special Ability|AUTOMATIC|
		LEGS:
		HANDS:
		NATURALATTACKS:
		MONSTERCLASS:Aberration	Animal	Construct	Dragon	Fey	Humanoid	Magical Beast	Monstrous Humanoid	Ooze	Outsider	Plant	Undead	Vermin
		RACETYPE:Aberration	Animal	Construct	Dragon	Fey	Humanoid	Magical Beast	Monstrous Humanoid	Ooze	Outsider	Plant	Undead	Vermin
		RACESUBTYPE:
		CR:
		SOURCEPAGE:p.
		SPELLS:
Golem (Marrowstone)
		STARTFEATS:1
		SIZE:
		MOVE:
		FACE:
		REACH:
		BONUS:COMBAT|AC|	|TYPE=NaturalArmor
		BONUS:STAT|STR|
		BONUS:STAT|DEX|
		BONUS:STAT|CON|
		BONUS:STAT|INT|
		BONUS:STAT|WIS|
		BONUS:STAT|CHA|
		AUTO:LANG|
		ABILITY:Special Ability|AUTOMATIC|
		LEGS:
		HANDS:
		NATURALATTACKS:
		MONSTERCLASS:Aberration	Animal	Construct	Dragon	Fey	Humanoid	Magical Beast	Monstrous Humanoid	Ooze	Outsider	Plant	Undead	Vermin
		RACETYPE:Aberration	Animal	Construct	Dragon	Fey	Humanoid	Magical Beast	Monstrous Humanoid	Ooze	Outsider	Plant	Undead	Vermin
		RACESUBTYPE:
		CR:
		ROLE:Combat
		SOURCEPAGE:p.
		SPELLS:
Golem (Noqual)
		STARTFEATS:1
		SIZE:
		MOVE:
		FACE:
		REACH:
		BONUS:COMBAT|AC|	|TYPE=NaturalArmor
		BONUS:STAT|STR|
		BONUS:STAT|DEX|
		BONUS:STAT|CON|
		BONUS:STAT|INT|
		BONUS:STAT|WIS|
		BONUS:STAT|CHA|
		AUTO:LANG|
		ABILITY:Special Ability|AUTOMATIC|
		LEGS:
		HANDS:
		NATURALATTACKS:
		MONSTERCLASS:Aberration	Animal	Construct	Dragon	Fey	Humanoid	Magical Beast	Monstrous Humanoid	Ooze	Outsider	Plant	Undead	Vermin
		RACETYPE:Aberration	Animal	Construct	Dragon	Fey	Humanoid	Magical Beast	Monstrous Humanoid	Ooze	Outsider	Plant	Undead	Vermin
		RACESUBTYPE:
		CR:
		ROLE:Combat
		SOURCEPAGE:p.
		SPELLS:
Golem (Quantium)
		STARTFEATS:1
		SIZE:
		MOVE:
		FACE:
		REACH:
		BONUS:COMBAT|AC|	|TYPE=NaturalArmor
		BONUS:STAT|STR|
		BONUS:STAT|DEX|
		BONUS:STAT|CON|
		BONUS:STAT|INT|
		BONUS:STAT|WIS|
		BONUS:STAT|CHA|
		AUTO:LANG|
		ABILITY:Special Ability|AUTOMATIC|
		LEGS:
		HANDS:
		NATURALATTACKS:
		MONSTERCLASS:Aberration	Animal	Construct	Dragon	Fey	Humanoid	Magical Beast	Monstrous Humanoid	Ooze	Outsider	Plant	Undead	Vermin
		RACETYPE:Aberration	Animal	Construct	Dragon	Fey	Humanoid	Magical Beast	Monstrous Humanoid	Ooze	Outsider	Plant	Undead	Vermin
		RACESUBTYPE:
		CR:
		ROLE:Combat
		SOURCEPAGE:p.
		SPELLS:

###Block:H

###Block:I

###Block:J

###Block:K

Kakuen-Taka
		STARTFEATS:1
		SIZE:
		MOVE:
		FACE:
		REACH:
		BONUS:COMBAT|AC|	|TYPE=NaturalArmor
		BONUS:STAT|STR|
		BONUS:STAT|DEX|
		BONUS:STAT|CON|
		BONUS:STAT|INT|
		BONUS:STAT|WIS|
		BONUS:STAT|CHA|
		AUTO:LANG|
		ABILITY:Special Ability|AUTOMATIC|
		LEGS:
		HANDS:
		NATURALATTACKS:
		MONSTERCLASS:Aberration	Animal	Construct	Dragon	Fey	Humanoid	Magical Beast	Monstrous Humanoid	Ooze	Outsider	Plant	Undead	Vermin
		RACETYPE:Aberration	Animal	Construct	Dragon	Fey	Humanoid	Magical Beast	Monstrous Humanoid	Ooze	Outsider	Plant	Undead	Vermin
		RACESUBTYPE:
		CR:
		ROLE:Combat
		SOURCEPAGE:p.
		SPELLS:
Khaei
		STARTFEATS:1
		SIZE:
		MOVE:
		FACE:
		REACH:
		BONUS:COMBAT|AC|	|TYPE=NaturalArmor
		BONUS:STAT|STR|
		BONUS:STAT|DEX|
		BONUS:STAT|CON|
		BONUS:STAT|INT|
		BONUS:STAT|WIS|
		BONUS:STAT|CHA|
		AUTO:LANG|
		ABILITY:Special Ability|AUTOMATIC|
		LEGS:
		HANDS:
		NATURALATTACKS:
		MONSTERCLASS:Aberration	Animal	Construct	Dragon	Fey	Humanoid	Magical Beast	Monstrous Humanoid	Ooze	Outsider	Plant	Undead	Vermin
		RACETYPE:Aberration	Animal	Construct	Dragon	Fey	Humanoid	Magical Beast	Monstrous Humanoid	Ooze	Outsider	Plant	Undead	Vermin
		RACESUBTYPE:
		CR:
		ROLE:Skill
		SOURCEPAGE:p.
		SPELLS:
Korir-Kokembe
		STARTFEATS:1
		SIZE:
		MOVE:
		FACE:
		REACH:
		BONUS:COMBAT|AC|	|TYPE=NaturalArmor
		BONUS:STAT|STR|
		BONUS:STAT|DEX|
		BONUS:STAT|CON|
		BONUS:STAT|INT|
		BONUS:STAT|WIS|
		BONUS:STAT|CHA|
		AUTO:LANG|
		ABILITY:Special Ability|AUTOMATIC|
		LEGS:
		HANDS:
		NATURALATTACKS:
		MONSTERCLASS:Aberration	Animal	Construct	Dragon	Fey	Humanoid	Magical Beast	Monstrous Humanoid	Ooze	Outsider	Plant	Undead	Vermin
		RACETYPE:Aberration	Animal	Construct	Dragon	Fey	Humanoid	Magical Beast	Monstrous Humanoid	Ooze	Outsider	Plant	Undead	Vermin
		RACESUBTYPE:
		CR:
		ROLE:Combat
		SOURCEPAGE:p.
		SPELLS:
Kyton (Termagant)
		STARTFEATS:1
		SIZE:
		MOVE:
		FACE:
		REACH:
		BONUS:COMBAT|AC|	|TYPE=NaturalArmor
		BONUS:STAT|STR|
		BONUS:STAT|DEX|
		BONUS:STAT|CON|
		BONUS:STAT|INT|
		BONUS:STAT|WIS|
		BONUS:STAT|CHA|
		AUTO:LANG|
		ABILITY:Special Ability|AUTOMATIC|
		LEGS:
		HANDS:
		NATURALATTACKS:
		MONSTERCLASS:Aberration	Animal	Construct	Dragon	Fey	Humanoid	Magical Beast	Monstrous Humanoid	Ooze	Outsider	Plant	Undead	Vermin
		RACETYPE:Aberration	Animal	Construct	Dragon	Fey	Humanoid	Magical Beast	Monstrous Humanoid	Ooze	Outsider	Plant	Undead	Vermin
		RACESUBTYPE:
		CR:
		ROLE:Special
		SOURCEPAGE:p.
		SPELLS:

###Block:L

Lashunta
		STARTFEATS:1
		SIZE:
		MOVE:
		FACE:
		REACH:
		BONUS:COMBAT|AC|	|TYPE=NaturalArmor
		BONUS:STAT|STR|
		BONUS:STAT|DEX|
		BONUS:STAT|CON|
		BONUS:STAT|INT|
		BONUS:STAT|WIS|
		BONUS:STAT|CHA|
		AUTO:LANG|
		ABILITY:Special Ability|AUTOMATIC|
		LEGS:
		HANDS:
		NATURALATTACKS:
		MONSTERCLASS:Aberration	Animal	Construct	Dragon	Fey	Humanoid	Magical Beast	Monstrous Humanoid	Ooze	Outsider	Plant	Undead	Vermin
		RACETYPE:Aberration	Animal	Construct	Dragon	Fey	Humanoid	Magical Beast	Monstrous Humanoid	Ooze	Outsider	Plant	Undead	Vermin
		RACESUBTYPE:
		CR:
		SOURCEPAGE:p.
		SPELLS:
Lorthact
		STARTFEATS:1
		SIZE:
		MOVE:
		FACE:
		REACH:
		BONUS:COMBAT|AC|	|TYPE=NaturalArmor
		BONUS:STAT|STR|
		BONUS:STAT|DEX|
		BONUS:STAT|CON|
		BONUS:STAT|INT|
		BONUS:STAT|WIS|
		BONUS:STAT|CHA|
		AUTO:LANG|
		ABILITY:Special Ability|AUTOMATIC|
		LEGS:
		HANDS:
		NATURALATTACKS:
		MONSTERCLASS:Aberration	Animal	Construct	Dragon	Fey	Humanoid	Magical Beast	Monstrous Humanoid	Ooze	Outsider	Plant	Undead	Vermin
		RACETYPE:Aberration	Animal	Construct	Dragon	Fey	Humanoid	Magical Beast	Monstrous Humanoid	Ooze	Outsider	Plant	Undead	Vermin
		RACESUBTYPE:
		CR:
		SOURCEPAGE:p.
		SPELLS:

###Block:M

Mana Wastes Mutant
		STARTFEATS:1
		SIZE:
		MOVE:
		FACE:
		REACH:
		BONUS:COMBAT|AC|	|TYPE=NaturalArmor
		BONUS:STAT|STR|
		BONUS:STAT|DEX|
		BONUS:STAT|CON|
		BONUS:STAT|INT|
		BONUS:STAT|WIS|
		BONUS:STAT|CHA|
		AUTO:LANG|
		ABILITY:Special Ability|AUTOMATIC|
		LEGS:
		HANDS:
		NATURALATTACKS:
		MONSTERCLASS:Aberration	Animal	Construct	Dragon	Fey	Humanoid	Magical Beast	Monstrous Humanoid	Ooze	Outsider	Plant	Undead	Vermin
		RACETYPE:Aberration	Animal	Construct	Dragon	Fey	Humanoid	Magical Beast	Monstrous Humanoid	Ooze	Outsider	Plant	Undead	Vermin
		RACESUBTYPE:
		CR:
		SOURCEPAGE:p.
		SPELLS:
Mantis (Deadly)
		STARTFEATS:1
		SIZE:
		MOVE:
		FACE:
		REACH:
		BONUS:COMBAT|AC|	|TYPE=NaturalArmor
		BONUS:STAT|STR|
		BONUS:STAT|DEX|
		BONUS:STAT|CON|
		BONUS:STAT|INT|
		BONUS:STAT|WIS|
		BONUS:STAT|CHA|
		AUTO:LANG|
		ABILITY:Special Ability|AUTOMATIC|
		LEGS:
		HANDS:
		NATURALATTACKS:
		MONSTERCLASS:Aberration	Animal	Construct	Dragon	Fey	Humanoid	Magical Beast	Monstrous Humanoid	Ooze	Outsider	Plant	Undead	Vermin
		RACETYPE:Aberration	Animal	Construct	Dragon	Fey	Humanoid	Magical Beast	Monstrous Humanoid	Ooze	Outsider	Plant	Undead	Vermin
		RACESUBTYPE:
		CR:
		SOURCEPAGE:p.
		SPELLS:
Mockingfey
		STARTFEATS:1
		SIZE:
		MOVE:
		FACE:
		REACH:
		BONUS:COMBAT|AC|	|TYPE=NaturalArmor
		BONUS:STAT|STR|
		BONUS:STAT|DEX|
		BONUS:STAT|CON|
		BONUS:STAT|INT|
		BONUS:STAT|WIS|
		BONUS:STAT|CHA|
		AUTO:LANG|
		ABILITY:Special Ability|AUTOMATIC|
		LEGS:
		HANDS:
		NATURALATTACKS:
		MONSTERCLASS:Aberration	Animal	Construct	Dragon	Fey	Humanoid	Magical Beast	Monstrous Humanoid	Ooze	Outsider	Plant	Undead	Vermin
		RACETYPE:Aberration	Animal	Construct	Dragon	Fey	Humanoid	Magical Beast	Monstrous Humanoid	Ooze	Outsider	Plant	Undead	Vermin
		RACESUBTYPE:
		CR:
		ROLE:Skill
		SOURCEPAGE:p.
		SPELLS:
Moxix
		STARTFEATS:1
		SIZE:
		MOVE:
		FACE:
		REACH:
		BONUS:COMBAT|AC|	|TYPE=NaturalArmor
		BONUS:STAT|STR|
		BONUS:STAT|DEX|
		BONUS:STAT|CON|
		BONUS:STAT|INT|
		BONUS:STAT|WIS|
		BONUS:STAT|CHA|
		AUTO:LANG|
		ABILITY:Special Ability|AUTOMATIC|
		LEGS:
		HANDS:
		NATURALATTACKS:
		MONSTERCLASS:Aberration	Animal	Construct	Dragon	Fey	Humanoid	Magical Beast	Monstrous Humanoid	Ooze	Outsider	Plant	Undead	Vermin
		RACETYPE:Aberration	Animal	Construct	Dragon	Fey	Humanoid	Magical Beast	Monstrous Humanoid	Ooze	Outsider	Plant	Undead	Vermin
		RACESUBTYPE:
		CR:
		SOURCEPAGE:p.
		SPELLS:
###Block:N
Nightripper
		STARTFEATS:1
		SIZE:
		MOVE:
		FACE:
		REACH:
		BONUS:COMBAT|AC|	|TYPE=NaturalArmor
		BONUS:STAT|STR|
		BONUS:STAT|DEX|
		BONUS:STAT|CON|
		BONUS:STAT|INT|
		BONUS:STAT|WIS|
		BONUS:STAT|CHA|
		AUTO:LANG|
		ABILITY:Special Ability|AUTOMATIC|
		LEGS:
		HANDS:
		NATURALATTACKS:
		MONSTERCLASS:Aberration	Animal	Construct	Dragon	Fey	Humanoid	Magical Beast	Monstrous Humanoid	Ooze	Outsider	Plant	Undead	Vermin
		RACETYPE:Aberration	Animal	Construct	Dragon	Fey	Humanoid	Magical Beast	Monstrous Humanoid	Ooze	Outsider	Plant	Undead	Vermin
		RACESUBTYPE:
		CR:
		SOURCEPAGE:p.
		SPELLS:

###Block:O
Oronci
		STARTFEATS:1
		SIZE:
		MOVE:
		FACE:
		REACH:
		BONUS:COMBAT|AC|	|TYPE=NaturalArmor
		BONUS:STAT|STR|
		BONUS:STAT|DEX|
		BONUS:STAT|CON|
		BONUS:STAT|INT|
		BONUS:STAT|WIS|
		BONUS:STAT|CHA|
		AUTO:LANG|
		ABILITY:Special Ability|AUTOMATIC|
		LEGS:
		HANDS:
		NATURALATTACKS:
		MONSTERCLASS:Aberration	Animal	Construct	Dragon	Fey	Humanoid	Magical Beast	Monstrous Humanoid	Ooze	Outsider	Plant	Undead	Vermin
		RACETYPE:Aberration	Animal	Construct	Dragon	Fey	Humanoid	Magical Beast	Monstrous Humanoid	Ooze	Outsider	Plant	Undead	Vermin
		RACESUBTYPE:
		CR:
		ROLE:Combat
		SOURCEPAGE:p.
		SPELLS:

###Block:P
Petrified Maiden
		STARTFEATS:1
		SIZE:
		MOVE:
		FACE:
		REACH:
		BONUS:COMBAT|AC|	|TYPE=NaturalArmor
		BONUS:STAT|STR|
		BONUS:STAT|DEX|
		BONUS:STAT|CON|
		BONUS:STAT|INT|
		BONUS:STAT|WIS|
		BONUS:STAT|CHA|
		AUTO:LANG|
		ABILITY:Special Ability|AUTOMATIC|
		LEGS:
		HANDS:
		NATURALATTACKS:
		MONSTERCLASS:Aberration	Animal	Construct	Dragon	Fey	Humanoid	Magical Beast	Monstrous Humanoid	Ooze	Outsider	Plant	Undead	Vermin
		RACETYPE:Aberration	Animal	Construct	Dragon	Fey	Humanoid	Magical Beast	Monstrous Humanoid	Ooze	Outsider	Plant	Undead	Vermin
		RACESUBTYPE:
		CR:
		ROLE:Combat
		SOURCEPAGE:p.
		SPELLS:
Psychopomp (Memitim)
		STARTFEATS:1
		SIZE:
		MOVE:
		FACE:
		REACH:
		BONUS:COMBAT|AC|	|TYPE=NaturalArmor
		BONUS:STAT|STR|
		BONUS:STAT|DEX|
		BONUS:STAT|CON|
		BONUS:STAT|INT|
		BONUS:STAT|WIS|
		BONUS:STAT|CHA|
		AUTO:LANG|
		ABILITY:Special Ability|AUTOMATIC|
		LEGS:
		HANDS:
		NATURALATTACKS:
		MONSTERCLASS:Aberration	Animal	Construct	Dragon	Fey	Humanoid	Magical Beast	Monstrous Humanoid	Ooze	Outsider	Plant	Undead	Vermin
		RACETYPE:Aberration	Animal	Construct	Dragon	Fey	Humanoid	Magical Beast	Monstrous Humanoid	Ooze	Outsider	Plant	Undead	Vermin
		RACESUBTYPE:
		CR:
		ROLE:Combat
		SOURCEPAGE:p.
		SPELLS:
Psychopomp (Shoki)
		STARTFEATS:1
		SIZE:
		MOVE:
		FACE:
		REACH:
		BONUS:COMBAT|AC|	|TYPE=NaturalArmor
		BONUS:STAT|STR|
		BONUS:STAT|DEX|
		BONUS:STAT|CON|
		BONUS:STAT|INT|
		BONUS:STAT|WIS|
		BONUS:STAT|CHA|
		AUTO:LANG|
		ABILITY:Special Ability|AUTOMATIC|
		LEGS:
		HANDS:
		NATURALATTACKS:
		MONSTERCLASS:Aberration	Animal	Construct	Dragon	Fey	Humanoid	Magical Beast	Monstrous Humanoid	Ooze	Outsider	Plant	Undead	Vermin
		RACETYPE:Aberration	Animal	Construct	Dragon	Fey	Humanoid	Magical Beast	Monstrous Humanoid	Ooze	Outsider	Plant	Undead	Vermin
		RACESUBTYPE:
		CR:
		ROLE:Special
		SOURCEPAGE:p.
		SPELLS:
Psychopomp (Viduus)
		STARTFEATS:1
		SIZE:
		MOVE:
		FACE:
		REACH:
		BONUS:COMBAT|AC|	|TYPE=NaturalArmor
		BONUS:STAT|STR|
		BONUS:STAT|DEX|
		BONUS:STAT|CON|
		BONUS:STAT|INT|
		BONUS:STAT|WIS|
		BONUS:STAT|CHA|
		AUTO:LANG|
		ABILITY:Special Ability|AUTOMATIC|
		LEGS:
		HANDS:
		NATURALATTACKS:
		MONSTERCLASS:Aberration	Animal	Construct	Dragon	Fey	Humanoid	Magical Beast	Monstrous Humanoid	Ooze	Outsider	Plant	Undead	Vermin
		RACETYPE:Aberration	Animal	Construct	Dragon	Fey	Humanoid	Magical Beast	Monstrous Humanoid	Ooze	Outsider	Plant	Undead	Vermin
		RACESUBTYPE:
		CR:
		ROLE:Special
		SOURCEPAGE:p.
		SPELLS:

###Block:Q

###Block:R
Robot (Annihilator)
		STARTFEATS:1
		SIZE:
		MOVE:
		FACE:
		REACH:
		BONUS:COMBAT|AC|	|TYPE=NaturalArmor
		BONUS:STAT|STR|
		BONUS:STAT|DEX|
		BONUS:STAT|CON|
		BONUS:STAT|INT|
		BONUS:STAT|WIS|
		BONUS:STAT|CHA|
		AUTO:LANG|
		ABILITY:Special Ability|AUTOMATIC|
		LEGS:
		HANDS:
		NATURALATTACKS:
		MONSTERCLASS:Aberration	Animal	Construct	Dragon	Fey	Humanoid	Magical Beast	Monstrous Humanoid	Ooze	Outsider	Plant	Undead	Vermin
		RACETYPE:Aberration	Animal	Construct	Dragon	Fey	Humanoid	Magical Beast	Monstrous Humanoid	Ooze	Outsider	Plant	Undead	Vermin
		RACESUBTYPE:
		CR:
		ROLE:Combat
		SOURCEPAGE:p.
		SPELLS:
Robot (Gearsman)
		STARTFEATS:1
		SIZE:
		MOVE:
		FACE:
		REACH:
		BONUS:COMBAT|AC|	|TYPE=NaturalArmor
		BONUS:STAT|STR|
		BONUS:STAT|DEX|
		BONUS:STAT|CON|
		BONUS:STAT|INT|
		BONUS:STAT|WIS|
		BONUS:STAT|CHA|
		AUTO:LANG|
		ABILITY:Special Ability|AUTOMATIC|
		LEGS:
		HANDS:
		NATURALATTACKS:
		MONSTERCLASS:Aberration	Animal	Construct	Dragon	Fey	Humanoid	Magical Beast	Monstrous Humanoid	Ooze	Outsider	Plant	Undead	Vermin
		RACETYPE:Aberration	Animal	Construct	Dragon	Fey	Humanoid	Magical Beast	Monstrous Humanoid	Ooze	Outsider	Plant	Undead	Vermin
		RACESUBTYPE:
		CR:
		ROLE:Combat
		SOURCEPAGE:p.
		SPELLS:
Robot (Myrmidon)
		STARTFEATS:1
		SIZE:
		MOVE:
		FACE:
		REACH:
		BONUS:COMBAT|AC|	|TYPE=NaturalArmor
		BONUS:STAT|STR|
		BONUS:STAT|DEX|
		BONUS:STAT|CON|
		BONUS:STAT|INT|
		BONUS:STAT|WIS|
		BONUS:STAT|CHA|
		AUTO:LANG|
		ABILITY:Special Ability|AUTOMATIC|
		LEGS:
		HANDS:
		NATURALATTACKS:
		MONSTERCLASS:Aberration	Animal	Construct	Dragon	Fey	Humanoid	Magical Beast	Monstrous Humanoid	Ooze	Outsider	Plant	Undead	Vermin
		RACETYPE:Aberration	Animal	Construct	Dragon	Fey	Humanoid	Magical Beast	Monstrous Humanoid	Ooze	Outsider	Plant	Undead	Vermin
		RACESUBTYPE:
		CR:
		ROLE:Combat
		SOURCEPAGE:p.
		SPELLS:

###Block:S
Spawn of Rovagug
		STARTFEATS:1
		SIZE:
		MOVE:
		FACE:
		REACH:
		BONUS:COMBAT|AC|	|TYPE=NaturalArmor
		BONUS:STAT|STR|
		BONUS:STAT|DEX|
		BONUS:STAT|CON|
		BONUS:STAT|INT|
		BONUS:STAT|WIS|
		BONUS:STAT|CHA|
		AUTO:LANG|
		ABILITY:Special Ability|AUTOMATIC|
		LEGS:
		HANDS:
		NATURALATTACKS:
		MONSTERCLASS:Aberration	Animal	Construct	Dragon	Fey	Humanoid	Magical Beast	Monstrous Humanoid	Ooze	Outsider	Plant	Undead	Vermin
		RACETYPE:Aberration	Animal	Construct	Dragon	Fey	Humanoid	Magical Beast	Monstrous Humanoid	Ooze	Outsider	Plant	Undead	Vermin
		RACESUBTYPE:
		CR:
		SOURCEPAGE:p.
		SPELLS:
Chemnosit The Monarch Worm
		STARTFEATS:1
		SIZE:
		MOVE:
		FACE:
		REACH:
		BONUS:COMBAT|AC|	|TYPE=NaturalArmor
		BONUS:STAT|STR|
		BONUS:STAT|DEX|
		BONUS:STAT|CON|
		BONUS:STAT|INT|
		BONUS:STAT|WIS|
		BONUS:STAT|CHA|
		VISION:
		AUTO:LANG|
		ABILITY:Special Ability|AUTOMATIC|
		LEGS:
		HANDS:
		NATURALATTACKS:
		MONSTERCLASS:Aberration	Animal	Construct	Dragon	Fey	Humanoid	Magical Beast	Monstrous Humanoid	Ooze	Outsider	Plant	Undead	Vermin
		RACETYPE:Aberration	Animal	Construct	Dragon	Fey	Humanoid	Magical Beast	Monstrous Humanoid	Ooze	Outsider	Plant	Undead	Vermin
		RACESUBTYPE:
		CR:
		ROLE:Combat.Cleric.Skill.Sorcerer.Special
		SOURCEPAGE:p.
		SPELLS:
Volnagur The End Singer
		STARTFEATS:1
		SIZE:
		MOVE:
		FACE:
		REACH:
		BONUS:COMBAT|AC|	|TYPE=NaturalArmor
		BONUS:STAT|STR|
		BONUS:STAT|DEX|
		BONUS:STAT|CON|
		BONUS:STAT|INT|
		BONUS:STAT|WIS|
		BONUS:STAT|CHA|
		VISION:
		AUTO:LANG|
		ABILITY:Special Ability|AUTOMATIC|
		LEGS:
		HANDS:
		NATURALATTACKS:
		MONSTERCLASS:Aberration	Animal	Construct	Dragon	Fey	Humanoid	Magical Beast	Monstrous Humanoid	Ooze	Outsider	Plant	Undead	Vermin
		RACETYPE:Aberration	Animal	Construct	Dragon	Fey	Humanoid	Magical Beast	Monstrous Humanoid	Ooze	Outsider	Plant	Undead	Vermin
		RACESUBTYPE:
		CR:
		ROLE:Combat.Cleric.Skill.Sorcerer.Special
		SOURCEPAGE:p.
		SPELLS:


Spellscar Fext
		STARTFEATS:1
		SIZE:
		MOVE:
		FACE:
		REACH:
		BONUS:COMBAT|AC|	|TYPE=NaturalArmor
		BONUS:STAT|STR|
		BONUS:STAT|DEX|
		BONUS:STAT|CON|
		BONUS:STAT|INT|
		BONUS:STAT|WIS|
		BONUS:STAT|CHA|
		AUTO:LANG|
		ABILITY:Special Ability|AUTOMATIC|
		LEGS:
		HANDS:
		NATURALATTACKS:
		MONSTERCLASS:Aberration	Animal	Construct	Dragon	Fey	Humanoid	Magical Beast	Monstrous Humanoid	Ooze	Outsider	Plant	Undead	Vermin
		RACETYPE:Aberration	Animal	Construct	Dragon	Fey	Humanoid	Magical Beast	Monstrous Humanoid	Ooze	Outsider	Plant	Undead	Vermin
		RACESUBTYPE:
		CR:
		ROLE:Combat
		SOURCEPAGE:p.
		SPELLS:
Star Monarch
		STARTFEATS:1
		SIZE:
		MOVE:
		FACE:
		REACH:
		BONUS:COMBAT|AC|	|TYPE=NaturalArmor
		BONUS:STAT|STR|
		BONUS:STAT|DEX|
		BONUS:STAT|CON|
		BONUS:STAT|INT|
		BONUS:STAT|WIS|
		BONUS:STAT|CHA|
		AUTO:LANG|
		ABILITY:Special Ability|AUTOMATIC|
		LEGS:
		HANDS:
		NATURALATTACKS:
		MONSTERCLASS:Aberration	Animal	Construct	Dragon	Fey	Humanoid	Magical Beast	Monstrous Humanoid	Ooze	Outsider	Plant	Undead	Vermin
		RACETYPE:Aberration	Animal	Construct	Dragon	Fey	Humanoid	Magical Beast	Monstrous Humanoid	Ooze	Outsider	Plant	Undead	Vermin
		RACESUBTYPE:
		CR:
		ROLE:Combat
		SOURCEPAGE:p.
		SPELLS:
Syrinx
		STARTFEATS:1
		SIZE:
		MOVE:
		FACE:
		REACH:
		BONUS:COMBAT|AC|	|TYPE=NaturalArmor
		BONUS:STAT|STR|
		BONUS:STAT|DEX|
		BONUS:STAT|CON|
		BONUS:STAT|INT|
		BONUS:STAT|WIS|
		BONUS:STAT|CHA|
		AUTO:LANG|
		ABILITY:Special Ability|AUTOMATIC|
		LEGS:
		HANDS:
		NATURALATTACKS:
		MONSTERCLASS:Aberration	Animal	Construct	Dragon	Fey	Humanoid	Magical Beast	Monstrous Humanoid	Ooze	Outsider	Plant	Undead	Vermin
		RACETYPE:Aberration	Animal	Construct	Dragon	Fey	Humanoid	Magical Beast	Monstrous Humanoid	Ooze	Outsider	Plant	Undead	Vermin
		RACESUBTYPE:
		CR:
		SOURCEPAGE:p.
		SPELLS:

###Block:T
Thin Man
		STARTFEATS:1
		SIZE:
		MOVE:
		FACE:
		REACH:
		BONUS:COMBAT|AC|	|TYPE=NaturalArmor
		BONUS:STAT|STR|
		BONUS:STAT|DEX|
		BONUS:STAT|CON|
		BONUS:STAT|INT|
		BONUS:STAT|WIS|
		BONUS:STAT|CHA|
		AUTO:LANG|
		ABILITY:Special Ability|AUTOMATIC|
		LEGS:
		HANDS:
		NATURALATTACKS:
		MONSTERCLASS:Aberration	Animal	Construct	Dragon	Fey	Humanoid	Magical Beast	Monstrous Humanoid	Ooze	Outsider	Plant	Undead	Vermin
		RACETYPE:Aberration	Animal	Construct	Dragon	Fey	Humanoid	Magical Beast	Monstrous Humanoid	Ooze	Outsider	Plant	Undead	Vermin
		RACESUBTYPE:
		CR:
		ROLE:Combat
		SOURCEPAGE:p.
		SPELLS:

###Block:U
Umbral Shepherd
		STARTFEATS:1
		SIZE:
		MOVE:
		FACE:
		REACH:
		BONUS:COMBAT|AC|	|TYPE=NaturalArmor
		BONUS:STAT|STR|
		BONUS:STAT|DEX|
		BONUS:STAT|CON|
		BONUS:STAT|INT|
		BONUS:STAT|WIS|
		BONUS:STAT|CHA|
		AUTO:LANG|
		ABILITY:Special Ability|AUTOMATIC|
		LEGS:
		HANDS:
		NATURALATTACKS:
		MONSTERCLASS:Aberration	Animal	Construct	Dragon	Fey	Humanoid	Magical Beast	Monstrous Humanoid	Ooze	Outsider	Plant	Undead	Vermin
		RACETYPE:Aberration	Animal	Construct	Dragon	Fey	Humanoid	Magical Beast	Monstrous Humanoid	Ooze	Outsider	Plant	Undead	Vermin
		RACESUBTYPE:
		CR:
		ROLE:Skill
		SOURCEPAGE:p.
		SPELLS:

###Block:V
Vampire (Vetala)
		STARTFEATS:1
		SIZE:
		MOVE:
		FACE:
		REACH:
		BONUS:COMBAT|AC|	|TYPE=NaturalArmor
		BONUS:STAT|STR|
		BONUS:STAT|DEX|
		BONUS:STAT|CON|
		BONUS:STAT|INT|
		BONUS:STAT|WIS|
		BONUS:STAT|CHA|
		AUTO:LANG|
		ABILITY:Special Ability|AUTOMATIC|
		LEGS:
		HANDS:
		NATURALATTACKS:
		MONSTERCLASS:Aberration	Animal	Construct	Dragon	Fey	Humanoid	Magical Beast	Monstrous Humanoid	Ooze	Outsider	Plant	Undead	Vermin
		RACETYPE:Aberration	Animal	Construct	Dragon	Fey	Humanoid	Magical Beast	Monstrous Humanoid	Ooze	Outsider	Plant	Undead	Vermin
		RACESUBTYPE:
		CR:
		SOURCEPAGE:p.
		SPELLS:
Veiled Master
		STARTFEATS:1
		SIZE:
		MOVE:
		FACE:
		REACH:
		BONUS:COMBAT|AC|	|TYPE=NaturalArmor
		BONUS:STAT|STR|
		BONUS:STAT|DEX|
		BONUS:STAT|CON|
		BONUS:STAT|INT|
		BONUS:STAT|WIS|
		BONUS:STAT|CHA|
		AUTO:LANG|
		ABILITY:Special Ability|AUTOMATIC|
		LEGS:
		HANDS:
		NATURALATTACKS:
		MONSTERCLASS:Aberration	Animal	Construct	Dragon	Fey	Humanoid	Magical Beast	Monstrous Humanoid	Ooze	Outsider	Plant	Undead	Vermin
		RACETYPE:Aberration	Animal	Construct	Dragon	Fey	Humanoid	Magical Beast	Monstrous Humanoid	Ooze	Outsider	Plant	Undead	Vermin
		RACESUBTYPE:
		CR:
		ROLE:Spell
		SOURCEPAGE:p.
		SPELLS:
Vespergaunt
		STARTFEATS:1
		SIZE:
		MOVE:
		FACE:
		REACH:
		BONUS:COMBAT|AC|	|TYPE=NaturalArmor
		BONUS:STAT|STR|
		BONUS:STAT|DEX|
		BONUS:STAT|CON|
		BONUS:STAT|INT|
		BONUS:STAT|WIS|
		BONUS:STAT|CHA|
		AUTO:LANG|
		ABILITY:Special Ability|AUTOMATIC|
		LEGS:
		HANDS:
		NATURALATTACKS:
		MONSTERCLASS:Aberration	Animal	Construct	Dragon	Fey	Humanoid	Magical Beast	Monstrous Humanoid	Ooze	Outsider	Plant	Undead	Vermin
		RACETYPE:Aberration	Animal	Construct	Dragon	Fey	Humanoid	Magical Beast	Monstrous Humanoid	Ooze	Outsider	Plant	Undead	Vermin
		RACESUBTYPE:
		CR:
		ROLE:Combat
		SOURCEPAGE:p.
		SPELLS:

###Block:W
Wraith (Water)
		STARTFEATS:1
		SIZE:
		MOVE:
		FACE:
		REACH:
		BONUS:COMBAT|AC|	|TYPE=NaturalArmor
		BONUS:STAT|STR|
		BONUS:STAT|DEX|
		BONUS:STAT|CON|
		BONUS:STAT|INT|
		BONUS:STAT|WIS|
		BONUS:STAT|CHA|
		AUTO:LANG|
		ABILITY:Special Ability|AUTOMATIC|
		LEGS:
		HANDS:
		NATURALATTACKS:
		MONSTERCLASS:Aberration	Animal	Construct	Dragon	Fey	Humanoid	Magical Beast	Monstrous Humanoid	Ooze	Outsider	Plant	Undead	Vermin
		RACETYPE:Aberration	Animal	Construct	Dragon	Fey	Humanoid	Magical Beast	Monstrous Humanoid	Ooze	Outsider	Plant	Undead	Vermin
		RACESUBTYPE:
		CR:
		ROLE:Combat
		SOURCEPAGE:p.
		SPELLS:
Whirlmaw
		STARTFEATS:1
		SIZE:
		MOVE:
		FACE:
		REACH:
		BONUS:COMBAT|AC|	|TYPE=NaturalArmor
		BONUS:STAT|STR|
		BONUS:STAT|DEX|
		BONUS:STAT|CON|
		BONUS:STAT|INT|
		BONUS:STAT|WIS|
		BONUS:STAT|CHA|
		AUTO:LANG|
		ABILITY:Special Ability|AUTOMATIC|
		LEGS:
		HANDS:
		NATURALATTACKS:
		MONSTERCLASS:Aberration	Animal	Construct	Dragon	Fey	Humanoid	Magical Beast	Monstrous Humanoid	Ooze	Outsider	Plant	Undead	Vermin
		RACETYPE:Aberration	Animal	Construct	Dragon	Fey	Humanoid	Magical Beast	Monstrous Humanoid	Ooze	Outsider	Plant	Undead	Vermin
		RACESUBTYPE:
		CR:
		ROLE:Combat
		SOURCEPAGE:p.
		SPELLS:
Woundwyrm
		STARTFEATS:1
		SIZE:
		MOVE:
		FACE:
		REACH:
		BONUS:COMBAT|AC|	|TYPE=NaturalArmor
		BONUS:STAT|STR|
		BONUS:STAT|DEX|
		BONUS:STAT|CON|
		BONUS:STAT|INT|
		BONUS:STAT|WIS|
		BONUS:STAT|CHA|
		AUTO:LANG|
		ABILITY:Special Ability|AUTOMATIC|
		LEGS:
		HANDS:
		NATURALATTACKS:
		MONSTERCLASS:Aberration	Animal	Construct	Dragon	Fey	Humanoid	Magical Beast	Monstrous Humanoid	Ooze	Outsider	Plant	Undead	Vermin
		RACETYPE:Aberration	Animal	Construct	Dragon	Fey	Humanoid	Magical Beast	Monstrous Humanoid	Ooze	Outsider	Plant	Undead	Vermin
		RACESUBTYPE:
		CR:
		ROLE:Combat
		SOURCEPAGE:p.
		SPELLS:

###Block:X

###Block:Y

###Block:Z

		STARTFEATS:1
		SIZE:
		MOVE:
		FACE:
		REACH:
		BONUS:COMBAT|AC|	|TYPE=NaturalArmor
		BONUS:STAT|STR|
		BONUS:STAT|DEX|
		BONUS:STAT|CON|
		BONUS:STAT|INT|
		BONUS:STAT|WIS|
		BONUS:STAT|CHA|
		AUTO:LANG|
		ABILITY:Special Ability|AUTOMATIC|
		LEGS:
		HANDS:
		NATURALATTACKS:
		MONSTERCLASS:Aberration	Animal	Construct	Dragon	Fey	Humanoid	Magical Beast	Monstrous Humanoid	Ooze	Outsider	Plant	Undead	Vermin
		RACETYPE:Aberration	Animal	Construct	Dragon	Fey	Humanoid	Magical Beast	Monstrous Humanoid	Ooze	Outsider	Plant	Undead	Vermin
		RACESUBTYPE:
		CR:
		ROLE:Combat.Cleric.Skill.Sorcerer.Special
		SOURCEPAGE:p.
		SPELLS:
