SOURCELONG:Seekers of Secrets	SOURCESHORT:SOS	SOURCEWEB:http://paizo.com/store/downloads/pathfinder/pathfinderChronicles/pathfinderRPG/v5748btpy8az2	SOURCEDATE:2009-10
# Original Entry by: Terry Milnes

###Block: General Feats
# Feat Name			Type			Required Text								Description																																																																Source Page
Boon Companion		TYPE:General	PREMULT:1,[PREVARGT:CompLevel,0],[PREVARGT:FMLevel,0]		DESC:The abilities of your animal companion or familiar are calculated as though your class were four levels higher, to a maximum bonus equal to your character level. If you have more than one animal companion or familiar, choose one to receive this benefit. If you lose or dismiss an animal companion or familiar, you may apply this feat to the replacement creature.				SOURCEPAGE:p.16	BONUS:VAR|CompLevel|min(TL-CompLevel,4)|PREVARGT:CompLevel,0	BONUS:VAR|FMLevel|min(TL-FMLevel,4)|PREVARGT:FMLevel,0
Dilettante			TYPE:General	PRESKILL:5,TYPE.Knowledge=2						DESC:You gain a +2 bonus on Knowledge checks if you have 1–5 ranks in that skill. This bonus does not stack with Skill Focus. You can make untrained Knowledge checks with DCs up to 15.																																			SOURCEPAGE:p.17	VFEAT:Dilettante ~ Arcana|Dilettante ~ Dungeoneering|Dilettante ~ Engineering|Dilettante ~ Geography|Dilettante ~ History|Dilettante ~ Local|Dilettante ~ Nature|Dilettante ~ Nobility|Dilettante ~ Planes|Dilettante ~ Religion
Friendly Switch		TYPE:General	PREATT:1									DESC:As part of your movement or as a 5-foot-step, you can move into the space occupied by an ally of your size or smaller, which displaces the ally into the space you just left. Your ally must be willing and able to move and able to occupy the space you were in. This movement does not provoke attacks of opportunity. This does not count toward your ally's movement on his next turn.	SOURCEPAGE:p.17

###Block: Dilettante implementation
Dilettante ~ Arcana		BONUS:SKILL|Knowledge (Arcana)|2|PRESKILL:1,Knowledge (Arcana)=1|PREVARLT:skillinfo("TOTALRANK","Knowledge (Arcana)"),6|!PREFEAT:1,Skill Focus (Knowledge (Arcana))
Dilettante ~ Dungeoneering	BONUS:SKILL|Knowledge (Dungeoneering)|2|PRESKILL:1,Knowledge (Dungeoneering)=1|PREVARLT:skillinfo("TOTALRANK","Knowledge (Dungeoneering)"),6|!PREFEAT:1,Skill Focus (Knowledge (Dungeoneering))
Dilettante ~ Engineering	BONUS:SKILL|Knowledge (Engineering)|2|PRESKILL:1,Knowledge (Engineering)=1|PREVARLT:skillinfo("TOTALRANK","Knowledge (Engineering)"),6|!PREFEAT:1,Skill Focus (Knowledge (Engineering))
Dilettante ~ Geography		BONUS:SKILL|Knowledge (Geography)|2|PRESKILL:1,Knowledge (Geography)=1|PREVARLT:skillinfo("TOTALRANK","Knowledge (Geography)"),6|!PREFEAT:1,Skill Focus (Knowledge (Geography))
Dilettante ~ History		BONUS:SKILL|Knowledge (History)|2|PRESKILL:1,Knowledge (History)=1|PREVARLT:skillinfo("TOTALRANK","Knowledge (History)"),6|!PREFEAT:1,Skill Focus (Knowledge (History))
Dilettante ~ Local		BONUS:SKILL|Knowledge (Local)|2|PRESKILL:1,Knowledge (Local)=1|PREVARLT:skillinfo("TOTALRANK","Knowledge (Local)"),6|!PREFEAT:1,Skill Focus (Knowledge (Local))
Dilettante ~ Nature		BONUS:SKILL|Knowledge (Nature)|2|PRESKILL:1,Knowledge (Nature)=1|PREVARLT:skillinfo("TOTALRANK","Knowledge (Nature)"),6|!PREFEAT:1,Skill Focus (Knowledge (Nature))
Dilettante ~ Nobility		BONUS:SKILL|Knowledge (Nobility)|2|PRESKILL:1,Knowledge (Nobility)=1|PREVARLT:skillinfo("TOTALRANK","Knowledge (Nobility)"),6|!PREFEAT:1,Skill Focus (Knowledge (Nobility))
Dilettante ~ Planes		BONUS:SKILL|Knowledge (Planes)|2|PRESKILL:1,Knowledge (Planes)=1|PREVARLT:skillinfo("TOTALRANK","Knowledge (Planes)"),6|!PREFEAT:1,Skill Focus (Knowledge (Planes))
Dilettante ~ Religion		BONUS:SKILL|Knowledge (Religion)|2|PRESKILL:1,Knowledge (Religion)=1|PREVARLT:skillinfo("TOTALRANK","Knowledge (Religion)"),6|!PREFEAT:1,Skill Focus (Knowledge (Religion))

#
# End
#
