# CVS $Revision: 10347 $ $Author: tir-gwaith $ -- Sun Aug 30 05:43:40 2009 -- reformated by prettylst.pl v1.39 (build 10232)
SOURCELONG:Bastion Press - Into the Black	SOURCESHORT:ittb	SOURCEDATE:2003-01
#Original Entry: Andrew (LegacyKing) Maitland

###TODO: Skill Ranks
###Block: Cave Hermit Kit ---------------------------------------------------------------------------------------------------------------------------------------------------------------------------------------------------------------------------------------------------------------------------------------------------------------
STARTPACK:Cave Hermit Default	TYPE:DefaultMonster.Humanoid	VISIBLE:QUALIFY	EQUIPBUY:0	PREMULT:1,[!PRERACE:1,%],[PRERACE:1,Cave Hermit]
RACE:Cave Hermit	!PRERACE:1,%
STAT:STR=10|DEX=10|CON=10|INT=10|WIS=10|CHA=10
##Abilities: Str 18, Dex 8, Con 16, Int 8, Wis 10, Cha 10
##Skills:11pts Appraise +8, Bluff +3, Diplomacy +3, Hide +5*, Search +2
SKILL:Appraise	RANK:7
SKILL:Bluff		RANK:3	FREE:YES
SKILL:Diplomacy	RANK:3	
SKILL:Hide		RANK:6	FREE:YES
SKILL:Search	RANK:3	FREE:YES
FEAT:Endurance
FEAT:Negotiator
FEAT:Skill Focus(Appraise)
ALIGN:CN


###Block: Cavern Giant ---------------------------------------------------------------------------------------------------------------------------------------------------------------------------------------------------------------------------------------------------------------------------------------------------------------
STARTPACK:Cavern Giant Default	TYPE:DefaultMonster.Humanoid	VISIBLE:QUALIFY	EQUIPBUY:0	PREMULT:1,[!PRERACE:1,%],[PRERACE:1,Cavern Giant]
RACE:Cavern Giant	!PRERACE:1,%
STAT:STR=10|DEX=10|CON=10|INT=10|WIS=10|CHA=10
##Abilities: Str 22, Dex 16, Con 18, Int 12, Wis 14, Cha 10
##Skills: 
#SKILL:Climb	RANK:	
#FREE:YES	Climb +8
#SKILL:Hide	RANK:	
#FREE:YES	Hide +5
#SKILL:Intimidate	RANK:	
#FREE:YES	Intimidate +3
#SKILL:Listen	RANK:	
#FREE:YES	Listen +5
#SKILL:Spot		RANK:	
#FREE:YES	Spot+6
FEAT:Improved Grapple
FEAT:Improved Unarmed Strike
FEAT:Weapon Focus(Unarmed Strike)
ALIGN:TN
GEAR:Stalactite	SIZE:PC	LOCATION:Primary Hand


###Block: Deviant Mimic ~ Arcarivore ---------------------------------------------------------------------------------------------------------------------------------------------------------------------------------------------------------------------------------------------------------------------------------------------------------------
STARTPACK:Deviant Mimic ~ Arcarivore Default	TYPE:DefaultMonster.Shapeshifter	VISIBLE:QUALIFY	EQUIPBUY:0	PREMULT:1,[!PRERACE:1,%],[PRERACE:1,Deviant Mimic (Arcarivore)]
RACE:Deviant Mimic (Arcarivore)	!PRERACE:1,%
STAT:STR=11|DEX=10|CON=11|INT=10|WIS=11|CHA=10
#ABILITIES: Str 11, Dex 18, Con 17, Int 10, Wis 13, Cha 10
#SKILL:	RANK:	
#FREE:YES	Climb +2
#SKILL:	RANK:	
#FREE:YES	, Disguise +10
#SKILL:	RANK:	
#FREE:YES	Hide +9
#SKILL:	RANK:	
#FREE:YES	, Jump +9
#SKILL:	RANK:	
#FREE:YES	, Listen +1
#SKILL:	RANK:	
#FREE:YES	, Move  Silently +8, 
#SKILL:	RANK:	
#FREE:YES	Tumble +9
FEAT:Acrobatic
FEAT:Weapon Finesse


###Block:Deviant Mimic ~ Parasitic ---------------------------------------------------------------------------------------------------------------------------------------------------------------------------------------------------------------------------------------------------------------------------------------------------------------
STARTPACK:Deviant Mimic ~ Parasitic Default	TYPE:DefaultMonster.Shapeshifter	VISIBLE:QUALIFY	EQUIPBUY:0	PREMULT:1,[!PRERACE:1,%],[PRERACE:1,Deviant Mimic (Parasitic)]
RACE:Deviant Mimic (Parasitic)	!PRERACE:1,%
STAT:STR=11|DEX=10|CON=11|INT=10|WIS=11|CHA=10
#ABILITIES: Str 11, Dex 18, Con 17, Int 10, Wis 13, Cha 10
#SKILL:	RANK:	
#FREE:YES	Climb +2
#SKILL:	RANK:	
#FREE:YES	, Disguise +10
#SKILL:	RANK:	
#FREE:YES	Hide +9
#SKILL:	RANK:	
#FREE:YES	, Jump +9
#SKILL:	RANK:	
#FREE:YES	, Listen +1
#SKILL:	RANK:	
#FREE:YES	, Move  Silently +8
#SKILL:	RANK:	
#FREE:YES	, Tumble +9
FEAT:Acrobatic
FEAT:Weapon Finesse


###Block:Deviant Mimic ~ Assuming ---------------------------------------------------------------------------------------------------------------------------------------------------------------------------------------------------------------------------------------------------------------------------------------------------------------
STARTPACK:Deviant Mimic ~ Assuming Default	TYPE:DefaultMonster.Shapeshifter	VISIBLE:QUALIFY	EQUIPBUY:0	PREMULT:1,[!PRERACE:1,%],[PRERACE:1,Deviant Mimic (Assuming)]
RACE:Deviant Mimic (Assuming)	!PRERACE:1,%
STAT:STR=11|DEX=11|CON=11|INT=10|WIS=11|CHA=10
#Str 13, Dex 15, Con 17, Int 10, Wis 13, Cha 10
##SKILL:	RANK:	
#FREE:YES	Climb +5
#SKILL:	RANK:	
#FREE:YES	, Disguise +10
#SKILL:	RANK:	
#FREE:YES	Hide +7
#SKILL:	RANK:	
#FREE:YES	, Listen +1
#SKILL:	RANK:	
#FREE:YES	, Move Silently +5
#SKILL:	RANK:	
#FREE:YES	, Swim +4
FEAT:Athletic
FEAT:Weapon Finesse


###Block:Mal'Orm (Cricket Men of the Deep) ---------------------------------------------------------------------------------------------------------------------------------------------------------------------------------------------------------------------------------------------------------------------------------------------------------------
STARTPACK:Mal'Orm Default	TYPE:DefaultMonster	VISIBLE:QUALIFY	EQUIPBUY:0	PREMULT:1,[!PRERACE:1,%],[PRERACE:1,Mal'Orm (Cricket Men of the Deep)]
RACE:Mal'Orm (Cricket Men of the Deep)	!PRERACE:1,%
STAT:STR=10|DEX=10|CON=10|INT=10|WIS=10|CHA=10
##Abilities: Str 14, Dex 14, Con 12, Int 14, Wis 16, Cha 14
##Skills: 
#SKILL:	RANK:	
#FREE:YES	Bluff +5
#SKILL:	RANK:	
#FREE:YES	, Diplomacy +5
#SKILL:	RANK:	
#FREE:YES	, Hide +8
#SKILL:	RANK:	
#FREE:YES	, Knowledge (nature) +7
#SKILL:	RANK:	
#FREE:YES	, Knowledge (Planes) +5
#SKILL:	RANK:	
#FREE:YES	, Listen +5
#SKILL:	RANK:	
#FREE:YES	, Move Silently +10
#SKILL:	RANK:	
#FREE:YES	, Survival +10
##Feats:
FEAT:Combat Casting
FEAT:Track
ALIGN:TN


###Block:Pallemon ---------------------------------------------------------------------------------------------------------------------------------------------------------------------------------------------------------------------------------------------------------------------------------------------------------------
STARTPACK:Pallemon Default	TYPE:DefaultMonster	VISIBLE:QUALIFY	EQUIPBUY:0	PREMULT:1,[!PRERACE:1,%],[PRERACE:1,Pallemon]
RACE:Pallemon	!PRERACE:1,%
STAT:STR=10|DEX=10|CON=11|INT=10|WIS=11|CHA=11
##Abilities: Str 10, Dex 18, Con 15, Int 24, Wis 21, Cha 19
##Skills: 
#SKILL:	RANK:	
#FREE:YES	Concentration +10
#SKILL:	RANK:	
#FREE:YES	, Craft (Alchemy) +12
#SKILL:	RANK:	
#FREE:YES	, Heal +8
#SKILL:	RANK:	
#FREE:YES	, Knowledge (arcana) +17
#SKILL:	RANK:	
#FREE:YES	, Knowledge (any) +16
#SKILL:	RANK:	
#FREE:YES	, Listen +10
#SKILL:	RANK:	
#FREE:YES	, Move Silently +8
#SKILL:	RANK:	
#FREE:YES	, Sense Motive +8
#SKILL:	RANK:	
#FREE:YES	, Spellcraft+15
#SKILL:	RANK:	
#FREE:YES	, Survival +8
#SKILL:	RANK:	
#FREE:YES	, Use Magic Device +6
##Feats:
FEAT:Dodge
FEAT:Improved Initiative
FEAT:Mobility
FEAT:Spring Attack
ALIGN:NE


###Block:Snailfolk ---------------------------------------------------------------------------------------------------------------------------------------------------------------------------------------------------------------------------------------------------------------------------------------------------------------
STARTPACK:Snailfolk Default	TYPE:DefaultMonster	VISIBLE:QUALIFY	EQUIPBUY:0	PREMULT:1,[!PRERACE:1,%],[PRERACE:1,Snailfolk]
RACE:Snailfolk	!PRERACE:1,%
STAT:STR=10|DEX=10|CON=10|INT=10|WIS=10|CHA=10
##Abilities: Str 13, Dex 6, Con 21, Int 11, Wis 13, Cha 10
##Skills: 
#SKILL:	RANK:	
#FREE:YES	Bluff +2*
#SKILL:	RANK:	
#FREE:YES	, Climb +3
#SKILL:	RANK:	
#FREE:YES	, Escape Artist +6*
#SKILL:	RANK:	
#FREE:YES	, Hide +1
#SKILL:	RANK:	
#FREE:YES	, Listen +2
#SKILL:	RANK:	
#FREE:YES	, Move Silently +1*
#SKILL:	RANK:	
#FREE:YES	, Open Lock +6*
#SKILL:	RANK:	
#FREE:YES	, Sleight of Hand +6*
##Feats: 
FEAT:Great Fortitude
#Attack: Light mace +2 melee (1d6+1)
GEAR:Mace (Light)	SIZE:PC	LOCATION:Primary Hand
ALIGN:TN


###Block:Xastrial ---------------------------------------------------------------------------------------------------------------------------------------------------------------------------------------------------------------------------------------------------------------------------------------------------------------
STARTPACK:Xastrial Default	TYPE:DefaultMonster	VISIBLE:QUALIFY	EQUIPBUY:0	PREMULT:1,[!PRERACE:1,%],[PRERACE:1,Xastrial]
RACE:Xastrial	!PRERACE:1,%
STAT:STR=10|DEX=10|CON=10|INT=11|WIS=11|CHA=10
##Abilities: Str 26, Dex 6, Con 22, Int 15, Wis 15, Cha 6
##Skills: 
#SKILL:	RANK:	
#FREE:YES	Appraise +18
#SKILL:	RANK:	
#FREE:YES	, Concentration +18
#SKILL:	RANK:	
#FREE:YES	, Craft (Alchemy)+18
#SKILL:	RANK:	
#FREE:YES	, Heal +18
#SKILL:	RANK:	
#FREE:YES	, Hide +28*
#SKILL:	RANK:	
#FREE:YES	, Knowledge (any three) +18
#SKILL:	RANK:	
#FREE:YES	, Knowledge (any three) +18
#SKILL:	RANK:	
#FREE:YES	, Knowledge (any three) +18
#SKILL:	RANK:	
#FREE:YES	, Sense Motive +18
#SKILL:	RANK:	
#FREE:YES	, Spellcraft +20
##Feats: 
FEAT:Cleave
FEAT:Great Cleave
FEAT:Improved Initiative
FEAT:Power Attack
FEAT:Toughness
ALIGN:LE


###Block:Crypt Guardian  ---------------------------------------------------------------------------------------------------------------------------------------------------------------------------------------------------------------------------------------------------------------------------------------------------------------
STARTPACK:Crypt Guardian Default	TYPE:DefaultMonster	VISIBLE:QUALIFY	EQUIPBUY:0	PREMULT:1,[!PRERACE:1,%],[PRERACE:1,Crypt Guardian]
RACE:Crypt Guardian	!PRERACE:1,%
STAT:STR=10|DEX=10|CON=10|INT=10|WIS=10|CHA=11
##Abilities: Str 22, Dex 10, Con —, Int —, Wis 12, Cha 1
ALIGN:TN


###Block:Hellscorn ---------------------------------------------------------------------------------------------------------------------------------------------------------------------------------------------------------------------------------------------------------------------------------------------------------------
STARTPACK:Hellscorn Default	TYPE:DefaultMonster	VISIBLE:QUALIFY	EQUIPBUY:0	PREMULT:1,[!PRERACE:1,%],[PRERACE:1,Hellscorn]
RACE:Hellscorn	!PRERACE:1,%
STAT:STR=10|DEX=11|CON=10|INT=11|WIS=11|CHA=10
##Abilities: Str —, Dex 15, Con —, Int 15, Wis 15, Cha 18
##Skills:
#SKILL:	RANK:	
#FREE:YES	Bluff +12
#SKILL:	RANK:	
#FREE:YES	, Concentration +3
#SKILL:	RANK:	
#FREE:YES	, Disguise +10
#SKILL:	RANK:	
#FREE:YES	, Escape Artist +8
#SKILL:	RANK:	
#FREE:YES	, Hide +10
#SKILL:	RANK:	
#FREE:YES	, Knowledge (any) +8
#SKILL:	RANK:	
#FREE:YES	, Listen +8, Search +9
#SKILL:	RANK:	
#FREE:YES	, Sense Motive +7
#SKILL:	RANK:	
#FREE:YES	, Spellcraft +4
#SKILL:	RANK:	
#FREE:YES	, Spot +10
##Feats:
FEAT:Blind Fight
FEAT:Dodge
FEAT:Improved Initiative
FEAT:Iron Will
ALIGN:CE


###Block:Leytru ---------------------------------------------------------------------------------------------------------------------------------------------------------------------------------------------------------------------------------------------------------------------------------------------------------------
STARTPACK:Leytru Default	TYPE:DefaultMonster	VISIBLE:QUALIFY	EQUIPBUY:0	PREMULT:1,[!PRERACE:1,%],[PRERACE:1,Leytru]
RACE:Leytru	!PRERACE:1,%
STAT:STR=10|DEX=11|CON=11|INT=10|WIS=11|CHA=10
##Abilities: Str 16, Dex 25, Con 15, Int 14, Wis 17, Cha 10
##Skills:
#SKILL:	RANK:	
#FREE:YES	Balance +15
#SKILL:	RANK:	
#FREE:YES	, Climb +17
#SKILL:	RANK:	
#FREE:YES	, Escape Artist +13
#SKILL:	RANK:	
#FREE:YES	, Hide +13*
#SKILL:	RANK:	
#FREE:YES	, Jump +11
#SKILL:	RANK:	
#FREE:YES	, Listen +9
#SKILL:	RANK:	
#FREE:YES	, Move Silently +13
#SKILL:	RANK:	
#FREE:YES	, Spot +9
#SKILL:	RANK:	
#FREE:YES	, Tumble +15
##Feats:
FEAT:Improved Initiative
FEAT:Lightning Reflexes
FEAT:Multiattack
FEAT:Weapon Finesse
ALIGN:NE


###Block:Silent Reaper ---------------------------------------------------------------------------------------------------------------------------------------------------------------------------------------------------------------------------------------------------------------------------------------------------------------
STARTPACK:Silent Reaper Default	TYPE:DefaultMonster	VISIBLE:QUALIFY	EQUIPBUY:0	PREMULT:1,[!PRERACE:1,%],[PRERACE:1,Silent Reaper]
RACE:Silent Reaper	!PRERACE:1,%
STAT:STR=10|DEX=11|CON=11|INT=11|WIS=10|CHA=10
##Abilities: Str 18, Dex 19, Con 15, Int 13, Wis 12, Cha 12
##Skills: 
#SKILL:	RANK:	
#FREE:YES	Hide +13
#SKILL:	RANK:	
#FREE:YES	, Move Silently +10
#SKILL:	RANK:	
#FREE:YES	, Search +7
#SKILL:	RANK:	
#FREE:YES	, Spot +5
#SKILL:	RANK:	
#FREE:YES	, Survival +7 (+9 follow tracks)
##Feats:
FEAT:Combat Reflexes
FEAT:Improved Initiative
FEAT:Stealthy
ALIGN:TN


###Block:Waking Dead ---------------------------------------------------------------------------------------------------------------------------------------------------------------------------------------------------------------------------------------------------------------------------------------------------------------
STARTPACK:Waking Dead Default	TYPE:DefaultMonster	VISIBLE:QUALIFY	EQUIPBUY:0	PREMULT:1,[!PRERACE:1,%],[PRERACE:1,Waking Dead]
RACE:Waking Dead	!PRERACE:1,%
STAT:STR=10|DEX=10|CON=10|INT=10|WIS=11|CHA=11
#Abilities: Str 18, Dex 14, Con —, Int 8, Wis 15, Cha 11
#Skills: 
#SKILL:	RANK:	
#FREE:YES	Hide +4
#SKILL:	RANK:	
#FREE:YES	, Intimidate +2
#SKILL:	RANK:	
#FREE:YES	, Listen +7
#SKILL:	RANK:	
#FREE:YES	, Move Silently+3
#SKILL:	RANK:	
#FREE:YES	, Spot +8
#Feats:
FEAT:Alertness
FEAT:Toughness
ALIGN:CE


###Block:Barangulaak  ---------------------------------------------------------------------------------------------------------------------------------------------------------------------------------------------------------------------------------------------------------------------------------------------------------------
STARTPACK:Barangulaak Default	TYPE:DefaultMonster	VISIBLE:QUALIFY	EQUIPBUY:0	PREMULT:1,[!PRERACE:1,%],[PRERACE:1,Barangulaak]
RACE:Barangulaak	!PRERACE:1,%
STAT:STR=11|DEX=10|CON=10|INT=10|WIS=11|CHA=11
#Abilities: Str 35, Dex 10, Con —, Int —, Wis 11, Cha 1
ALIGN:TN
GEAR:Pick (Heavy)	SIZE:PC	LOCATION:Primary Hand


###Block:Flosid ---------------------------------------------------------------------------------------------------------------------------------------------------------------------------------------------------------------------------------------------------------------------------------------------------------------
STARTPACK:Flosid Default	TYPE:DefaultMonster	VISIBLE:QUALIFY	EQUIPBUY:0	PREMULT:1,[!PRERACE:1,%],[PRERACE:1,Flosid]
RACE:Flosid	!PRERACE:1,%
ALIGN:TN
STAT:STR=10|DEX=11|CON=11|INT=10|WIS=11|CHA=11
#Abilities: Str 12, Dex 1, Con 21, Int —, Wis 1, Cha 1


###Block:Gremmin ---------------------------------------------------------------------------------------------------------------------------------------------------------------------------------------------------------------------------------------------------------------------------------------------------------------
STARTPACK:Gremmin Default	TYPE:DefaultMonster	VISIBLE:QUALIFY	EQUIPBUY:0	PREMULT:1,[!PRERACE:1,%],[PRERACE:1,Gremmin]
RACE:Gremmin
STAT:STR=10|DEX=10|CON=10|INT=11|WIS=11|CHA=11
##Abilities: Str 14, Dex 12, Con —, Int 13, Wis 15, Cha 15
##Skills: 
#SKILL:	RANK:	
#FREE:YES	Appraise +7
#SKILL:	RANK:	
#FREE:YES	, Climb +5
#SKILL:	RANK:	
#FREE:YES	, Craft (Alchemy) +3
#SKILL:	RANK:	
#FREE:YES	, Craft (gemcutting) +5
#SKILL:	RANK:	
#FREE:YES	, Hide +3
#SKILL:	RANK:	
#FREE:YES	, Knowledge (geology) +7
#SKILL:	RANK:	
#FREE:YES	, Profession (miner) +10
#SKILL:	RANK:	
#FREE:YES	, Search +6
#SKILL:	RANK:	
#FREE:YES	, Spot +7
#SKILL:	RANK:	
#FREE:YES	, Survival+9 (+11 following tracks)
##Feats:
FEAT:Toughness
FEAT:Weapon Focus(Pick (Heavy))
ALIGN:NE
GEAR:Pick (Heavy)	SIZE:PC	LOCATION:Primary Hand


###Block:Nokker ---------------------------------------------------------------------------------------------------------------------------------------------------------------------------------------------------------------------------------------------------------------------------------------------------------------
STARTPACK:Nokker Default	TYPE:DefaultMonster	VISIBLE:QUALIFY	EQUIPBUY:0	PREMULT:1,[!PRERACE:1,%],[PRERACE:1,Nokker]
RACE:Nokker	!PRERACE:1,%
STAT:STR=10|DEX=10|CON=10|INT=10|WIS=10|CHA=11
##Abilities: Str 10, Dex 16, Con 12, Int 14, Wis 12, Cha 15
##Skills: 
#SKILL:	RANK:	
#FREE:YES	Appraise +9
#SKILL:	RANK:	
#FREE:YES	, Balance +5
#SKILL:	RANK:	
#FREE:YES	, Craft (Alchemy) +4
#SKILL:	RANK:	
#FREE:YES	, Climb +2
#SKILL:	RANK:	
#FREE:YES	, Craft (gemcutting) +6
#SKILL:	RANK:	
#FREE:YES	, Escape Artist +8
#SKILL:	RANK:	
#FREE:YES	, Hide +10
#SKILL:	RANK:	
#FREE:YES	, Jump +2
#SKILL:	RANK:	
#FREE:YES	, Knowledge (geology) +6
#SKILL:	RANK:	
#FREE:YES	, Move Silently +8
#SKILL:	RANK:	
#FREE:YES	, Profession (miner) +7
##Feats:
FEAT:Dodge
FEAT:Mobility
ALIGN:CN


###Block:Orvender ---------------------------------------------------------------------------------------------------------------------------------------------------------------------------------------------------------------------------------------------------------------------------------------------------------------
STARTPACK:Orvender Default	TYPE:DefaultMonster	VISIBLE:QUALIFY	EQUIPBUY:0	PREMULT:1,[!PRERACE:1,%],[PRERACE:1,Orvender]
RACE:Orvender	!PRERACE:1,%
STAT:STR=11|DEX=10|CON=10|INT=10|WIS=10|CHA=11
##Abilities: Str 21, Dex 10, Con 18, Int 8, Wis 14, Cha 11
##Skills: 
#SKILL:	RANK:	
#FREE:YES	Appraise +2
#SKILL:	RANK:	
#FREE:YES	, Hide +8
#SKILL:	RANK:	
#FREE:YES	, Listen +6
#SKILL:	RANK:	
#FREE:YES	, Spot +6
##Feats:
FEAT:Combat Reflexes
FEAT:Power Attack
FEAT:Cleave
FEAT:Great Cleave
FEAT:Improved Overrun
ALIGN:TN


###Block:Barathelar ---------------------------------------------------------------------------------------------------------------------------------------------------------------------------------------------------------------------------------------------------------------------------------------------------------------
STARTPACK:Barathelar Default	TYPE:DefaultMonster	VISIBLE:QUALIFY	EQUIPBUY:0	PREMULT:1,[!PRERACE:1,%],[PRERACE:1,Barathelar]
RACE:Barathelar	!PRERACE:1,%
STAT:STR=10|DEX=10|CON=10|INT=10|WIS=10|CHA=11
##Abilities: Str 12, Dex 20, Con 14, Int 14, Wis 14, Cha 17
##Skills: 
#SKILL:	RANK:	
#FREE:YES	Balance +8*
#SKILL:	RANK:	
#FREE:YES	, Climb +7*
#SKILL:	RANK:	
#FREE:YES	, Disguise +9
#SKILL:	RANK:	
#FREE:YES	, Escape Artist+9
#SKILL:	RANK:	
#FREE:YES	, Hide +12*
#SKILL:	RANK:	
#FREE:YES	, Jump +8*
#SKILL:	RANK:	
#FREE:YES	, Listen +10*
#SKILL:	RANK:	
#FREE:YES	, Move Silently+21*
#SKILL:	RANK:	
#FREE:YES	, Spot +7
##Feats:
FEAT:Improved Initiative
FEAT:Dodge
FEAT:Weapon Finesse
ALIGN:LE


###Block:Ravvimen ---------------------------------------------------------------------------------------------------------------------------------------------------------------------------------------------------------------------------------------------------------------------------------------------------------------
STARTPACK:Ravvimen Default	TYPE:DefaultMonster	VISIBLE:QUALIFY	EQUIPBUY:0	PREMULT:1,[!PRERACE:1,%],[PRERACE:1,Ravvimen]
RACE:Ravvimen	!PRERACE:1,%
STAT:STR=11|DEX=10|CON=10|INT=10|WIS=10|CHA=10
##Abilities: Str 15, Dex 14, Con 14, Int 10, Wis 12, Cha 10
##Skills:
#SKILL:	RANK:	
#FREE:YES	Escape Artist +4
#SKILL:	RANK:1	
#FREE:YES	, Knowledge (any) +1
#SKILL:	RANK:	
#FREE:YES	, Listen +3
#SKILL:	RANK:	
#FREE:YES	, Move Silently +3
#SKILL:	RANK:	
#FREE:YES	, Search +2
#SKILL:	RANK:	
#FREE:YES	, Spot +3
#SKILL:	RANK:	
#FREE:YES	, Survival +3
##Feats:
FEAT:Two Weapon Fighting
ALIGN:CE
GEAR:Gaff		SIZE:PC	LOCATION:Primary Hand
GEAR:Gaff		SIZE:PC	LOCATION:Secondary Hand
GEAR:Leather	SIZE:PC	LOCATION:Equipped


###Block:Sarrenel ---------------------------------------------------------------------------------------------------------------------------------------------------------------------------------------------------------------------------------------------------------------------------------------------------------------
STARTPACK:Sarrenel Default	TYPE:DefaultMonster	VISIBLE:QUALIFY	EQUIPBUY:0	PREMULT:1,[!PRERACE:1,%],[PRERACE:1,Sarrenel]
RACE:Sarrenel	!PRERACE:1,%
STAT:STR=10|DEX=10|CON=10|INT=11|WIS=10|CHA=10
##Abilities: Str 12, Dex 16, Con 16, Int 5, Wis 8, Cha 6
##Skills:
#SKILL:	RANK:	
#FREE:YES	Escape Artist +5*
#SKILL:	RANK:	
#FREE:YES	, Hide +5*
#SKILL:	RANK:	
#FREE:YES	, Listen +1
#SKILL:	RANK:	
#FREE:YES	, Move Silently +7*
#SKILL:	RANK:	
#FREE:YES	, Spot +1
#SKILL:	RANK:	
#FREE:YES	, Swim +7
##Feats:
FEAT:Blind Fight
FEAT:Weapon Finesse
ALIGN:NE


###Block:Walking Disease ---------------------------------------------------------------------------------------------------------------------------------------------------------------------------------------------------------------------------------------------------------------------------------------------------------------
STARTPACK:Walking Disease Default	TYPE:DefaultMonster	VISIBLE:QUALIFY	EQUIPBUY:0	PREMULT:1,[!PRERACE:1,%],[PRERACE:1,Walking Disease]
RACE:Walking Disease	!PRERACE:1,%
STAT:STR=10|DEX=10|CON=10|INT=10|WIS=10|CHA=11
##Abilities: Str 18, Dex 12, Con —, Int 10, Wis 14, Cha 15
##Skills:
#SKILL:Hide			RANK:4
#
#FREE:YES	Hide +5 (STAT+1
SKILL:Intimidate		RANK:9	
#FREE:YES	, Intimidate +11  CHA
#SKILL:TYPE.Knowledge	RANK:5	
#FREE:YES	, Knowledge (any) +5 INT
#SKILL:Move Silently	RANK:5	
#FREE:YES	, Move Silently +6 DEX
#SKILL:Search		RANK:13	
#FREE:YES	, Search +13 INT
#SKILL:Spot			RANK:14	
#FREE:YES	, Spot +16 WIS
#SKILL:Survival		RANK:10	
#FREE:YES	, Survival +12 (+14 follow tracks) WIS
##Feats:
FEAT:Blind Fight
FEAT:Combat Reflexes
FEAT:Lightning Reflexes
FEAT:Power Attack
FEAT:Toughness
ALIGN:NE


###Block:Wurggis ---------------------------------------------------------------------------------------------------------------------------------------------------------------------------------------------------------------------------------------------------------------------------------------------------------------
STARTPACK:Wurggis Default	TYPE:DefaultMonster	VISIBLE:QUALIFY	EQUIPBUY:0	PREMULT:1,[!PRERACE:1,%],[PRERACE:1,Wurggis]
RACE:Wurggis	!PRERACE:1,%
STAT:STR=10|DEX=10|CON=10|INT=11|WIS=11|CHA=10
##Abilities: Str 12, Dex 12, Con 12, Int 5, Wis 5, Cha 6
ALIGN:TN

#EOF ---------------------------------------------------------------------------------------------------------------------------------------------------------------------------------------------------------------------------------------------------------------------------------------------------------------
