# CVS $Revision: 8900 $ $Author: eddyanthony $ -- Thu Apr 14 12:17:28 2011 -- reformated by prettylst.pl v1.39 (build 11455)
SOURCELONG:Stolen Land	SOURCESHORT:PF31	SOURCEWEB:http://paizo.com/pathfinder/adventurePath/kingmaker/v5748btpy8dhc	SOURCEDATE:2010-03
# Original Entry by: Stefan Radermacher

STARTPACK:NPC (Happs Bydon)	TYPE:NPC	VISIBLE:QUALIFY	EQUIPBUY:0	NAMEISPI:YES	PREMULT:1,[!PRERACE:1,%],[PRERACE:1,Human]	SOURCEPAGE:p.11
RACE:Human	!PRERACE:1,%
GENDER:Male
NAME:Happs Bydon
ALIGN:LE
CLASS:Ranger	LEVEL:1
STAT:STR=14|DEX=15|CON=13|INT=8|WIS=12|CHA=10
SKILL:Intimidate			RANK:1
SKILL:Knowledge (Nature)	RANK:1
SKILL:Perception			RANK:1
SKILL:Ride				RANK:1
SKILL:Stealth			RANK:1
SKILL:Survival			RANK:1
FEAT:Point-Blank Shot
FEAT:Toughness
ABILITY:CATEGORY=Ability Bonus|+2 Constitution
ABILITY:CATEGORY=Favored Class|Ranger
ABILITY:CATEGORY=Favored Class Bonus|Bonus Hit Point
ABILITY:CATEGORY=Favored Enemy|Favored Enemy (Humanoid (Elf))
GEAR:Leather						LOCATION:Armor
GEAR:Dagger							LOCATION:Primary Hand
GEAR:Longbow (Composite)				LOCATION:Carried		EQMOD:BOWSTR|+2
GEAR:Arrow					QTY:20	LOCATION:Equipped
GEAR:Rations (Trail/Per Day)		QTY:2		LOCATION:Equipped
GEAR:Stag Lord Amulet (Silver)			LOCATION:Equipped
GEAR:Coin (Gold Piece)			QTY:35	LOCATION:Equipped
GEAR:Alchemist's Fire (Flask)		QTY:2		LOCATION:Equipped


STARTPACK:NPC (Bandit)	TYPE:NPC	VISIBLE:QUALIFY	EQUIPBUY:0	PREMULT:1,[!PRERACE:1,%],[PRERACE:1,Human]	SOURCEPAGE:p.11
RACE:Human	!PRERACE:1,%
GENDER:Male
NAME:Bandit
ALIGN:NE
CLASS:Warrior	LEVEL:1
STAT:STR=11|DEX=13|CON=12|INT=10|WIS=9|CHA=8
SKILL:Intimidate	RANK:1
SKILL:Perception	RANK:1
SKILL:Stealth	RANK:1
FEAT:Improved Initiative
FEAT:Toughness
ABILITY:CATEGORY=Ability Bonus|+2 Strength
ABILITY:CATEGORY=Favored Class|Warrior
ABILITY:CATEGORY=Favored Class Bonus|Bonus Hit Point
GEAR:Leather					LOCATION:Armor
GEAR:Sword (Short)				LOCATION:Primary Hand
GEAR:Longbow					LOCATION:Carried
GEAR:Arrow				QTY:20	LOCATION:Equipped
GEAR:Rations (Trail/Per Day)	QTY:2		LOCATION:Equipped
GEAR:Coin (Gold Piece)		QTY:10	LOCATION:Equipped


STARTPACK:NPC (Kressle)	TYPE:NPC	VISIBLE:QUALIFY	EQUIPBUY:0	NAMEISPI:YES	PREMULT:1,[!PRERACE:1,%],[PRERACE:1,Human]	SOURCEPAGE:p.30
RACE:Human	!PRERACE:1,%
GENDER:Female
NAME:Kressle
ALIGN:LE
CLASS:Ranger	LEVEL:2
STAT:STR=14|DEX=13|CON=15|INT=10|WIS=12|CHA=8
SKILL:Climb				RANK:2
SKILL:Intimidate			RANK:2
SKILL:Knowledge (Geography)	RANK:2
SKILL:Knowledge (Nature)	RANK:2
SKILL:Perception			RANK:2
SKILL:Stealth			RANK:2
SKILL:Survival			RANK:2
FEAT:Dodge
FEAT:Weapon Focus (Handaxe)
ABILITY:CATEGORY=Ability Bonus|+2 Strength
ABILITY:CATEGORY=Favored Class|Ranger
ABILITY:CATEGORY=Favored Class Bonus|Bonus Hit Point
ABILITY:CATEGORY=Favored Class Bonus|Bonus Hit Point
ABILITY:CATEGORY=Favored Enemy|Favored Enemy (Humanoid (Human))
ABILITY:CATEGORY=Combat Style|Two-Weapon Combat
ABILITY:CATEGORY=Ranger Bonus Feat|Two-Weapon Fighting
GEAR:Studded Leather					LOCATION:Armor
GEAR:Handaxe						LOCATION:Primary Hand	EQMOD:MWORKW
GEAR:Handaxe						LOCATION:Secondary Hand	EQMOD:MWORKW
GEAR:Dagger					QTY:4		LOCATION:Carried
GEAR:Coin (Gold Piece)			QTY:85	LOCATION:Equipped
GEAR:Potion of Cure Light Wounds			LOCATION:Equipped


STARTPACK:NPC (Chief Sootscale)	TYPE:NPC	VISIBLE:QUALIFY	EQUIPBUY:0	NAMEISPI:YES	PREMULT:1,[!PRERACE:1,%],[PRERACE:1,Kobold]	SOURCEPAGE:p.39
RACE:Kobold	!PRERACE:1,%
GENDER:Male
NAME:Chief Sootscale
ALIGN:LE
CLASS:Rogue	LEVEL:3
STAT:STR=14|DEX=15|CON=12|INT=8|WIS=10|CHA=13
SKILL:Acrobatics		RANK:3
SKILL:Climb			RANK:2
SKILL:Disable Device	RANK:3
SKILL:Intimidate		RANK:3
SKILL:Linguistics		RANK:1
SKILL:Perception		RANK:3
SKILL:Stealth		RANK:3
SKILL:Swim			RANK:3
FEAT:Dodge
FEAT:Improved Initiative
ABILITY:CATEGORY=Favored Class|Rogue
ABILITY:CATEGORY=Favored Class Bonus|Bonus Hit Point
ABILITY:CATEGORY=Favored Class Bonus|Bonus Hit Point
ABILITY:CATEGORY=Favored Class Bonus|Bonus Hit Point
ABILITY:CATEGORY=Rogue Talent|Surprise Attack
GEAR:Club					SIZE:S	LOCATION:Primary Hand	EQMOD:MWORKW
GEAR:Amulet of Natural Armor +1			LOCATION:Neck


STARTPACK:NPC (Tartuk)	TYPE:NPC	VISIBLE:QUALIFY	EQUIPBUY:0	NAMEISPI:YES	PREMULT:1,[!PRERACE:1,%],[PRERACE:1,Kobold]	SOURCEPAGE:p.41
RACE:Kobold	!PRERACE:1,%
GENDER:Male
NAME:Tartuk
ALIGN:CE
CLASS:Sorcerer	LEVEL:5
STAT:STR=12|DEX=10|CON=13|INT=14|WIS=8|CHA=18
#SKILL:Acrobatics		RANK:3
#SKILL:Climb			RANK:2
#SKILL:Disable Device	RANK:3
#SKILL:Intimidate		RANK:3
#SKILL:Linguistics		RANK:1
#SKILL:Perception		RANK:3
#SKILL:Stealth		RANK:3
#SKILL:Swim			RANK:3
FEAT:Arcane Strike
FEAT:Improved Initiative
FEAT:Silent Spell
ABILITY:CATEGORY=Favored Class|Sorcerer
ABILITY:CATEGORY=Favored Class Bonus|Bonus Hit Point
ABILITY:CATEGORY=Favored Class Bonus|Bonus Hit Point
ABILITY:CATEGORY=Favored Class Bonus|Bonus Hit Point
ABILITY:CATEGORY=Favored Class Bonus|Bonus Hit Point
ABILITY:CATEGORY=Favored Class Bonus|Bonus Hit Point
ABILITY:CATEGORY=Sorcerer Bloodline|Arcane Bloodline
GEAR:Sickle				SIZE:S	LOCATION:Primary Hand	EQMOD:MWORKW|C_IRON
GEAR:Wand of Magic Missile			LOCATION:Equipped		EQMOD:SPL_CHRG|SPELLNAME[Magic Missile]SPELLLEVEL[1]CASTERLEVEL[3]CHARGES[28]
GEAR:Bracers of Armor +2			LOCATION:Wrist
GEAR:Tartuk's Journal				LOCATION:Equipped

#STARTPACK:NPC (Oleg Leveton)	TYPE:NPC	VISIBLE:QUALIFY	EQUIPBUY:0	NAMEISPI:YES	PREMULT:1,[!PRERACE:1,%],[PRERACE:1,Human]	SOURCEPAGE:p.41
#STARTPACK:NPC (Svetlana Leveton)	TYPE:NPC	VISIBLE:QUALIFY	EQUIPBUY:0	NAMEISPI:YES	PREMULT:1,[!PRERACE:1,%],[PRERACE:1,Human]	SOURCEPAGE:p.41
#STARTPACK:NPC (Kesten Garess)	TYPE:NPC	VISIBLE:QUALIFY	EQUIPBUY:0	NAMEISPI:YES	PREMULT:1,[!PRERACE:1,%],[PRERACE:1,Human]	SOURCEPAGE:p.41
#STARTPACK:NPC (Jhod Kaven)	TYPE:NPC	VISIBLE:QUALIFY	EQUIPBUY:0	NAMEISPI:YES	PREMULT:1,[!PRERACE:1,%],[PRERACE:1,Human]	SOURCEPAGE:p.41
#STARTPACK:NPC (Boken)	TYPE:NPC	VISIBLE:QUALIFY	EQUIPBUY:0	NAMEISPI:YES	PREMULT:1,[!PRERACE:1,%],[PRERACE:1,Human]	SOURCEPAGE:p.41
#STARTPACK:NPC (Tyg-Titter-Tut)	TYPE:NPC	VISIBLE:QUALIFY	EQUIPBUY:0	NAMEISPI:YES	PREMULT:1,[!PRERACE:1,%],[PRERACE:1,xxx]	SOURCEPAGE:p.41
#STARTPACK:NPC (Perlivash)	TYPE:NPC	VISIBLE:QUALIFY	EQUIPBUY:0	NAMEISPI:YES	PREMULT:1,[!PRERACE:1,%],[PRERACE:1,xxx]	SOURCEPAGE:p.41
#STARTPACK:NPC (Tustgutter)	TYPE:NPC	VISIBLE:QUALIFY	EQUIPBUY:0	NAMEISPI:YES	PREMULT:1,[!PRERACE:1,%],[PRERACE:1,Boar]	SOURCEPAGE:p.41
#STARTPACK:NPC (Davik Nettles)	TYPE:NPC	VISIBLE:QUALIFY	EQUIPBUY:0	NAMEISPI:YES	PREMULT:1,[!PRERACE:1,%],[PRERACE:1,xxx]	SOURCEPAGE:p.41
#STARTPACK:NPC (Grabbles)	TYPE:NPC	VISIBLE:QUALIFY	EQUIPBUY:0	NAMEISPI:YES	PREMULT:1,[!PRERACE:1,%],[PRERACE:1,Mite]	SOURCEPAGE:p.36
