SOURCELONG:Ocastia Campaign Setting - Book 2 - Player's Guide	SOURCESHORT:OCS_PG	
# ORIGINAL ENTRY BY: Andrew Maitland
# ORIGINAL ENTRY DATE: 2011-11-26

# Simple Weapons
Cestus	COST:5	DAMAGE:1d4	CRITRANGE:2	CRITMULT:x2	WT:.5	TYPE:Weapon.Bludgeoning.Unarmed							PROFICIENCY:WEAPON|Cestus	WIELD:Light	

# Light
Dagger (Serrated)	COST:3	DAMAGE:1d4	CRITRANGE:1	CRITMULT:x2	WT:1	TYPE:Weapon.Piercing.Dagger.MeleePiercing					PROFICIENCY:WEAPON|Dagger	WIELD:Light

# Martial Weapons
Razor Shield	COST:500	DAMAGE:1d8	CRITRANGE:1	CRITMULT:x2	WT:6	TYPE:Weapon.Piercing.Dagger.MeleeSlashing					PROFICIENCY:WEAPON|Razor Shield	WIELD:OneHanded
Wyrm Dagger		COST:8	DAMAGE:1d8	CRITRANGE:1	CRITMULT:x2	WT:3	TYPE:Weapon.Piercing.Slashing.MeleeSlashing.MeleePiercing.Blade	PROFICIENCY:WEAPON|Wyrm Dagger	WIELD:OneHanded

# Exotic Weapons
# Light
Bestial Cestus	COST:8305	
Ritiik Dagger	COST:10	DAMAGE:1d6	CRITRANGE:2	CRITMULT:x2	WT:4	TYPE:Weapon.Piercing	
# One Handed
Tiikiquaelh		COST:40	DAMAGE:1d10	CRITRANGE:2	CRITMULT:x2	WT:3	
Vap'n			COST:6	DAMAGE:1d10	CRITRANGE:1	CRITMULT:x2	WT:5	RANGE:35
# Two Handed
Katana		COST:2000	DAMAGE:1d12	CRITRANGE:3	CRITMULT:x2	WT:5	
Mancatcher		COST:30	DAMAGE:1d6	CRITRANGE:1	CRITMULT:x2	WT:12
Vapn			COST:8	DAMAGE:1d8	ALTDAMAGE:1d8	CRITRANGE:3	CRITMULT:x3	WT:10	TYPE:Weapon.Slashing	ALTTYPE:Weapon.Piercing

# Ranged Weapons
Boomerang (Metal)		COST:4	DAMAGE:1d4	CRITRANGE:1	CRITMULT:x2	RANGE:30	WT:4	TYPE:Weapon.Ranged.Thrown.Bludgeoning
Boomerang (Razor)		COST:10	DAMAGE:1d6	CRITRANGE:1	CRITMULT:x2	RANGE:30	WT:2	TYPE:Weapon.Ranged.Thrown.Bludgeoning
Boomerang (Wooden)	COST:2	DAMAGE:1d3	CRITRANGE:1	CRITMULT:x2	RANGE:30	WT:.1	TYPE:Weapon.Ranged.Thrown.Bludgeoning

