SOURCELONG:Ocastia Campaign Setting - Book 2 - Player's Guide	SOURCESHORT:OCS_PG	
# ORIGINAL ENTRY BY: Andrew Maitland
# ORIGINAL ENTRY DATE: 2011-11-26

Half-Dragon	KEY:Half-Dragon OCS	!PRERACE:1,RACESUBTYPE=HalfDragon	LEVELADJUSTMENT:1	BONUS:STAT|STR|RacialStatStr|TYPE=Racial	BONUS:STAT|DEX|RacialStatDex|TYPE=Racial	BONUS:STAT|CON|RacialStatCon|TYPE=Racial	BONUS:STAT|INT|RacialStatInt|TYPE=Racial	BONUS:STAT|WIS|RacialStatWis|TYPE=Racial	BONUS:STAT|CHA|RacialStatCha|TYPE=Racial		BONUS:ABILITYPOOL|Half-Dragon Parentage Choice|1	

#
Dragonic Claw Attack	TEMPLATE:CHOOSE:Claws ~ 1d3|Claws ~ 1d4|Claws ~ 1d6|Claws ~ 1d8
#
Claws ~ 1d3	PREVAREQ:ClawsSize,3	VISIBLE:NO	NATURALATTACKS:Claws,Weapon.Natural.Melee.Slashing,*2,1d3
Claws ~ 1d4	PREVAREQ:ClawsSize,4	VISIBLE:NO	NATURALATTACKS:Claws,Weapon.Natural.Melee.Slashing,*2,1d4
Claws ~ 1d6	PREVAREQ:ClawsSize,6	VISIBLE:NO	NATURALATTACKS:Claws,Weapon.Natural.Melee.Slashing,*2,1d6
Claws ~ 1d8	PREVAREQ:ClawsSize,8	VISIBLE:NO	NATURALATTACKS:Claws,Weapon.Natural.Melee.Slashing,*2,1d8


Run Feat Evalution	VISIBLE:NO	TEMPLATE:CHOOSE:Has Run Feat|Does Not Have Run Feat
#
Has Run Feat		PREFEAT:1,Run	VISIBLE:NO	BONUS:SKILL|Jump (Running Start)|8	
Does Not Have Run Feat	!PREFEAT:1,Run	VISIBLE:NO	AUTO:FEAT|Run

Bond With Nature Feat Evaluation	VISIBLE:NO	TEMPLATE:CHOOSE:Has Bond With Nature Feat|Does Not Have Bond With Nature Feat
#
Has Bond With Nature Feat		VISIBLE:NO	
Does Not Have Bond With Nature Feat	VISIBLE:NO	AUTO:FEAT|Bond with Nature


Racetype now Outsider	VISIBLE:NO	RACETYPE:Outsider

Run Evaluation Feral Raider	TEMPLATE:CHOOSE:Has Run Feat ~ Feral Raider|No Run Feat ~ Feral Raider
#
Has Run Feat ~ Feral Raider		BONUS:ABILITYPOOL|Feral Raider Run Substitution|1
No Run Feat ~ Feral Raider		AUTO:FEAT|Run

Select Knight of Manuzul Bonus	TEMPLATE:CHOOSE:Has Mounted Archery Feat|No Mounted Archery Feat

Has Mounted Archery Feat	PREFEAT:1,Mounted Archery	
No Mounted Archery Feat		!PREFEAT:1,Mounted Archery	AUTO:FEAT|Mounted Archery






