SOURCELONG:Ocastia Campaign Setting - Book 2 - Player's Guide	SOURCESHORT:OCS_PG	
# ORIGINAL ENTRY BY: Andrew Maitland
# ORIGINAL ENTRY DATE: 2011-11-26

Default	CATEGORY:Internal		DEFINE:RacialStatStr|0	DEFINE:RacialStatDex|0	DEFINE:RacialStatCon|0	DEFINE:RacialStatInt|0	DEFINE:RacialStatWis|0	DEFINE:RacialStatCha|0	

# Half-Dragon Parent Selection
Half-Black Adamantite	CATEGORY:Internal	TYPE:HalfDragonParent	BONUS:COMBAT|AC|5|TYPE=NaturalArmor	BONUS:VAR|RacialStatStr|6	BONUS:VAR|RacialStatDex|-4	BONUS:VAR|RacialStatCon|4	BONUS:VAR|RacialStatWis|-2											BONUS:ABILITYPOOL|Half-Black Adamantite Discretionary Powers|DraconicDiscretionaryAbilityCount	ABILITY:Special Ability|AUTOMATIC|Half-Dragon Claws|PREPCLEVEL:MIN=5	DEFINE:ClawsSize|8	ABILITY:Special Ability|AUTOMATIC|Half-Black Adamantite Breath Weapon|PREPCLEVEL:MIN=7	ABILITY:Internal|AUTOMATIC|Half-Dragon Progression Tracker
Half-Bronze			CATEGORY:Internal	TYPE:HalfDragonParent	BONUS:COMBAT|AC|4|TYPE=NaturalArmor	BONUS:VAR|RacialStatStr|2	BONUS:VAR|RacialStatCon|2	BONUS:VAR|RacialStatInt|-4	BONUS:VAR|RacialStatWis|2											BONUS:ABILITYPOOL|Half-Bronze Discretionary Powers|DraconicDiscretionaryAbilityCount		ABILITY:Special Ability|AUTOMATIC|Half-Dragon Claws|PREPCLEVEL:MIN=5	DEFINE:ClawsSize|4	ABILITY:Special Ability|AUTOMATIC|Half-Bronze Breath Weapon|PREPCLEVEL:MIN=7			ABILITY:Internal|AUTOMATIC|Half-Dragon Progression Tracker
Half-Gold			CATEGORY:Internal	TYPE:HalfDragonParent	BONUS:COMBAT|AC|4|TYPE=NaturalArmor	BONUS:VAR|RacialStatStr|6	BONUS:VAR|RacialStatDex|-4	BONUS:VAR|RacialStatCon|4	BONUS:VAR|RacialStatInt|-2	BONUS:VAR|RacialStatWis|-2						BONUS:ABILITYPOOL|Half-Gold Discretionary Powers|DraconicDiscretionaryAbilityCount			ABILITY:Special Ability|AUTOMATIC|Half-Dragon Claws|PREPCLEVEL:MIN=5	DEFINE:ClawsSize|6	ABILITY:Special Ability|AUTOMATIC|Half-Gold Breath Weapon|PREPCLEVEL:MIN=7			ABILITY:Internal|AUTOMATIC|Half-Dragon Progression Tracker
Half-Gold Adamantite	CATEGORY:Internal	TYPE:HalfDragonParent	BONUS:COMBAT|AC|5|TYPE=NaturalArmor	BONUS:VAR|RacialStatStr|2	BONUS:VAR|RacialStatDex|-4	BONUS:VAR|RacialStatCon|6	BONUS:VAR|RacialStatInt|2	BONUS:VAR|RacialStatWis|-4						BONUS:ABILITYPOOL|Half-Gold Adamantite Discretionary Powers|DraconicDiscretionaryAbilityCount	ABILITY:Special Ability|AUTOMATIC|Half-Dragon Claws|PREPCLEVEL:MIN=5	DEFINE:ClawsSize|6	ABILITY:Special Ability|AUTOMATIC|Half-Gold Adamantite Breath Weapon|PREPCLEVEL:MIN=7	ABILITY:Internal|AUTOMATIC|Half-Dragon Progression Tracker
Half-Red Adamantite	CATEGORY:Internal	TYPE:HalfDragonParent	BONUS:COMBAT|AC|5|TYPE=NaturalArmor	BONUS:VAR|RacialStatStr|4	BONUS:VAR|RacialStatCon|2	BONUS:VAR|RacialStatInt|-4	BONUS:VAR|RacialStatWis|-4	BONUS:VAR|RacialStatCha|4						BONUS:ABILITYPOOL|Half-Red Adamantite Discretionary Powers|DraconicDiscretionaryAbilityCount	ABILITY:Special Ability|AUTOMATIC|Half-Dragon Claws|PREPCLEVEL:MIN=5	DEFINE:ClawsSize|6	ABILITY:Special Ability|AUTOMATIC|Half-Red Adamantite Breath Weapon|PREPCLEVEL:MIN=7	ABILITY:Internal|AUTOMATIC|Half-Dragon Progression Tracker
Half-Royal Adamantite	CATEGORY:Internal	TYPE:HalfDragonParent	BONUS:COMBAT|AC|5|TYPE=NaturalArmor	BONUS:VAR|RacialStatStr|6	BONUS:VAR|RacialStatDex|-2	BONUS:VAR|RacialStatCon|-4	BONUS:VAR|RacialStatInt|2	BONUS:VAR|RacialStatWis|-4	BONUS:VAR|RacialStatCha|4	BONUS:ABILITYPOOL|Half-Royal Adamantite Discretionary Powers|DraconicDiscretionaryAbilityCount	ABILITY:Special Ability|AUTOMATIC|Half-Dragon Claws|PREPCLEVEL:MIN=5	DEFINE:ClawsSize|8	ABILITY:Special Ability|AUTOMATIC|Half-Royal Adamantite Breath Weapon|PREPCLEVEL:MIN=7	ABILITY:Internal|AUTOMATIC|Half-Dragon Progression Tracker
Half-Silver			CATEGORY:Internal	TYPE:HalfDragonParent	BONUS:COMBAT|AC|4|TYPE=NaturalArmor	BONUS:VAR|RacialStatStr|4	BONUS:VAR|RacialStatDex|-2	BONUS:VAR|RacialStatCon|2	BONUS:VAR|RacialStatInt|-2											BONUS:ABILITYPOOL|Half-Silver Discretionary Powers|DraconicDiscretionaryAbilityCount		ABILITY:Special Ability|AUTOMATIC|Half-Dragon Claws|PREPCLEVEL:MIN=5	DEFINE:ClawsSize|4	ABILITY:Special Ability|AUTOMATIC|Half-Silver Breath Weapon|PREPCLEVEL:MIN=7			ABILITY:Internal|AUTOMATIC|Half-Dragon Progression Tracker
Half-Silver Adamantite	CATEGORY:Internal	TYPE:HalfDragonParent	BONUS:COMBAT|AC|5|TYPE=NaturalArmor	BONUS:VAR|RacialStatStr|2	BONUS:VAR|RacialStatCon|4	BONUS:VAR|RacialStatInt|-2	BONUS:VAR|RacialStatWis|-2											BONUS:ABILITYPOOL|Half-Silver Adamantite Discretionary Powers|DraconicDiscretionaryAbilityCount	ABILITY:Special Ability|AUTOMATIC|Half-Dragon Claws|PREPCLEVEL:MIN=5	DEFINE:ClawsSize|6	ABILITY:Special Ability|AUTOMATIC|Half-Silver Adamantite Breath Weapon|PREPCLEVEL:MIN=7	ABILITY:Internal|AUTOMATIC|Half-Dragon Progression Tracker
Half-Yellow Adamantite	CATEGORY:Internal	TYPE:HalfDragonParent	BONUS:COMBAT|AC|5|TYPE=NaturalArmor	BONUS:VAR|RacialStatDex|4	BONUS:VAR|RacialStatCon|2	BONUS:VAR|RacialStatWis|-2	BONUS:VAR|RacialStatCha|-2											BONUS:ABILITYPOOL|Half-Yellow Discretionary Powers|DraconicDiscretionaryAbilityCount		ABILITY:Special Ability|AUTOMATIC|Half-Dragon Claws|PREPCLEVEL:MIN=5	DEFINE:ClawsSize|4	ABILITY:Special Ability|AUTOMATIC|Half-Yellow Adamantite Breath Weapon|PREPCLEVEL:MIN=7	ABILITY:Internal|AUTOMATIC|Half-Dragon Progression Tracker

# Trackers and Misc.
Half-Dragon Progression Tracker	CATEGORY:Internal						DEFINE:RemoveRacialTrait|0	DEFINE:DraconicDiscretionaryAbilityCount|0	BONUS:VAR|RemoveRacialTrait|TL/2|!PRERACE:1,RACESUBTYPE=Human	BONUS:VAR|DraconicDiscretionaryAbilityCount|RacialTraitRemoved		BONUS:VAR|DraconicDiscretionaryAbilityCount|TL/2|PRERACE:1,RACESUBTYPE=Human

Remove Racial Trait			CATEGORY:Special Ability	TYPE:RacialTrait	PREVARGTEQ:RemoveRacialTrait,1	BONUS:VAR|RemoveRacialTrait|-1	BONUS:VAR|RacialTraitRemoved|1

# Fixed Powers
Breath Weapon	KEY:Half-Black Adamantite Breath Weapon	CATEGORY:Special Ability	
Breath Weapon	KEY:Half-Bronze Breath Weapon			CATEGORY:Special Ability	
Breath Weapon	KEY:Half-Gold Breath Weapon			CATEGORY:Special Ability	
Breath Weapon	KEY:Half-Gold Adamantite Breath Weapon	CATEGORY:Special Ability	
Breath Weapon	KEY:Half-Red Adamantite Breath Weapon	CATEGORY:Special Ability	
Breath Weapon	KEY:Half-Royal Adamantite Breath Weapon	CATEGORY:Special Ability	
Breath Weapon	KEY:Half-Silver Breath Weapon			CATEGORY:Special Ability	
Breath Weapon	KEY:Half-Silver Adamantite Breath Weapon	CATEGORY:Special Ability	
Breath Weapon	KEY:Half-Yellow Adamantite Breath Weapon	CATEGORY:Special Ability	


# Discretionary Powers
# Half-Black Ad
Suggestion (1/day)													CATEGORY:Special Ability	TYPE:SpellLike.DraconicDiscretionary.HalfBlackAdDiscretionary
Flame Walk (1/day, as water walk, but flames)				KEY:Flame Walk ~ Half-Dragon	CATEGORY:Special Ability	TYPE:SpellLike.DraconicDiscretionary.HalfBlackAdDiscretionary
Antimagic Field (1/day)													CATEGORY:Special Ability	TYPE:SpellLike.DraconicDiscretionary.HalfBlackAdDiscretionary
Crystal Shard (augmented to half-dragon's level; 1/day)							CATEGORY:Special Ability	TYPE:PsiLike.DraconicDiscretionary.HalfBlackAdDiscretionary
Pass Without Trace (2/day)												CATEGORY:Special Ability	TYPE:SpellLike.DraconicDiscretionary.HalfBlackAdDiscretionary
Dimension Door (2/day)													CATEGORY:Special Ability	TYPE:SpellLike.DraconicDiscretionary.HalfBlackAdDiscretionary
Immune To Fire														CATEGORY:Special Ability	TYPE:Extraordinary.DraconicDiscretionary.HalfBlackAdDiscretionary
90-Foot Darkvision													CATEGORY:Special Ability	TYPE:Extraordinary.DraconicDiscretionary.HalfBlackAdDiscretionary

# Half-Bronze
Water Breathing (at will)	CATEGORY:Special Ability	TYPE:SpellLike.DraconicDiscretionary.HalfBronzeDiscretionary
Speak With Animals (at will)	CATEGORY:Special Ability	TYPE:SpellLike.DraconicDiscretionary.HalfBronzeDiscretionary
Create Food And Water (2/day)	CATEGORY:Special Ability	TYPE:SpellLike.DraconicDiscretionary.HalfBronzeDiscretionary
Detect Thoughts (1/day)		CATEGORY:Special Ability	TYPE:SpellLike.DraconicDiscretionary.HalfBronzeDiscretionary
Dragon Fear (2/day)		CATEGORY:Special Ability	TYPE:SpellLike.DraconicDiscretionary.HalfBronzeDiscretionary
Immune To Electricity		CATEGORY:Special Ability	TYPE:Extraordinary.DraconicDiscretionary.HalfBronzeDiscretionary
60-Foot Darkvision		CATEGORY:Special Ability	TYPE:Extraordinary.DraconicDiscretionary.HalfBronzeDiscretionary

# Half-Gold
CATEGORY=Special Ability|Water Breathing (at will).MOD						TYPE:HalfGoldDiscretionary
CATEGORY=Special Ability|Speak With Animals (at will).MOD						TYPE:HalfGoldDiscretionary
Bless (2/day)								CATEGORY:Special Ability	TYPE:SpellLike.DraconicDiscretionary.HalfGoldDiscretionary
Detect Lie (2/day)							CATEGORY:Special Ability	TYPE:SpellLike.DraconicDiscretionary.HalfGoldDiscretionary
Sleep (2/day)								CATEGORY:Special Ability	TYPE:SpellLike.DraconicDiscretionary.HalfGoldDiscretionary
CATEGORY=Special Ability|Dragon Fear (2/day).MOD							TYPE:HalfGoldDiscretionary
CATEGORY=Special Ability|Immune To Fire.MOD								TYPE:HalfGoldDiscretionary
CATEGORY=Special Ability|60-foot Darkvision.MOD								TYPE:HalfGoldDiscretionary

# Half-Gold Ad		
CATEGORY=Special Ability|Immune To Fire.MOD							TYPE:HalfGoldAdDiscretionary
Speak With Desert Animals (at will)				CATEGORY:Special Ability	TYPE:SpellLike.DraconicDiscretionary.HalfGoldAdDiscretionary
Create Water Or Destroy Water (1/day)			CATEGORY:Special Ability	TYPE:SpellLike.DraconicDiscretionary.HalfGoldAdDiscretionary
Control Temperature (2/day)					CATEGORY:Special Ability	TYPE:SpellLike.DraconicDiscretionary.HalfGoldAdDiscretionary
Control Winds (1/day)						CATEGORY:Special Ability	TYPE:SpellLike.DraconicDiscretionary.HalfGoldAdDiscretionary
CATEGORY=Special Ability|Suggestion (1/day).MOD							TYPE:HalfGoldAdDiscretionary
CATEGORY=Special Ability|Dragon Fear (2/day).MOD						TYPE:HalfGoldAdDiscretionary
CATEGORY=Special Ability|90-foot Darkvision.MOD							TYPE:HalfGoldAdDiscretionary

# Half-Red Ad
CATEGORY=Special Ability|Immune To Fire.MOD																		TYPE:HalfRedAdDiscretionary
Detect Gems (kind and number, 60' radius, 1/day, this is equivalent to a 2nd level spell)	KEY:Detect Gems ~ Half-Dragon	CATEGORY:Special Ability	TYPE:SpellLike.DraconicDiscretionary.HalfRedAdDiscretionary
Heat Metal (2/day)																	CATEGORY:Special Ability	TYPE:SpellLike.DraconicDiscretionary.HalfRedAdDiscretionary
Hallucinatory Terrain (1/day)																CATEGORY:Special Ability	TYPE:SpellLike.DraconicDiscretionary.HalfRedAdDiscretionary
Scorching Ray (1/day)																	CATEGORY:Special Ability	TYPE:SpellLike.DraconicDiscretionary.HalfRedAdDiscretionary
Pyrotechnics (2/day)																	CATEGORY:Special Ability	TYPE:SpellLike.DraconicDiscretionary.HalfRedAdDiscretionary
CATEGORY=Special Ability|Dragon Fear (2/day).MOD																	TYPE:HalfRedAdDiscretionary
CATEGORY=Special Ability|60-foot Darkvision.MOD																		TYPE:HalfRedAdDiscretionary

# Half-Royal Ad
Immune To Sonic							CATEGORY:Special Ability	TYPE:Extraordinary.DraconicDiscretionary.HalfRoyalAdDiscretionary
Water Breathing (at will)					CATEGORY:Special Ability	TYPE:SpellLike.DraconicDiscretionary.HalfRoyalAdDiscretionary
Antimagic Field (1/day)						CATEGORY:Special Ability	TYPE:SpellLike.DraconicDiscretionary.HalfRoyalAdDiscretionary
Mirror Image (1/day)						CATEGORY:Special Ability	TYPE:SpellLike.DraconicDiscretionary.HalfRoyalAdDiscretionary
CATEGORY=Special Ability|Flame Walk ~ Half-Dragon.MOD						TYPE:HalfRoyalAdDiscretionary
Passwall (2/day)							CATEGORY:Special Ability	TYPE:SpellLike.DraconicDiscretionary.HalfRoyalAdDiscretionary
CATEGORY=Special Ability|Dragon Fear (2/day).MOD						TYPE:HalfRoyalAdDiscretionary
CATEGORY=Special Ability|60-foot Darkvision.MOD.						TYPE:HalfRoyalAdDiscretionary

# Half-Silver
Feather Fall (1/day)						CATEGORY:Special Ability	TYPE:SpellLike.DraconicDiscretionary.HalfSilverDiscretionary
Wall Of Fog (1/day)						CATEGORY:Special Ability	TYPE:SpellLike.DraconicDiscretionary.HalfSilverDiscretionary
Cloud Walk (one hour per level/day)				CATEGORY:Special Ability	TYPE:SpellLike.DraconicDiscretionary.HalfSilverDiscretionary
CATEGORY=Special Ability|Control Winds (1/day).MOD						TYPE:HalfSilverDiscretionary
CATEGORY=Special Ability|Dragon Fear (2/day).MOD						TYPE:HalfSilverDiscretionary
Immune To Cold							CATEGORY:Special Ability	TYPE:Extraordinary.DraconicDiscretionary.HalfSilverDiscretionary
CATEGORY=Special Ability|60-foot Darkvision.MOD							TYPE:HalfSilverDiscretionary

# Half-Silver Ad
Immune To Non-Magical, Bladed Weapons				KEY:Immunity to Non-magical bladed weapons	CATEGORY:Special Ability	TYPE:Extraordinary.DraconicDiscretionary.HalfSilverAdDiscretionary
Darkness (2/day)																CATEGORY:Special Ability	TYPE:SpellLike.DraconicDiscretionary.HalfSilverAdDiscretionary
Fast Healing 1d4+1 hp (every ten rounds)				KEY:Fast Healing Ten Rounds ~ Half-Dragon		CATEGORY:Special Ability	TYPE:Extraordinary.DraconicDiscretionary.HalfSilverAdDiscretionary
Charm Reptiles (2/day, as charm animals, but reptiles)	KEY:Charm Reptiles ~ Half-Dragon			CATEGORY:Special Ability	TYPE:SpellLike.DraconicDiscretionary.HalfSilverAdDiscretionary
Curse Water (2/day)															CATEGORY:Special Ability	TYPE:SpellLike.DraconicDiscretionary.HalfSilverAdDiscretionary
CATEGORY=Special Ability|Dragon Fear (2/day).MOD										CATEGORY:Special Ability	TYPE:SpellLike.DraconicDiscretionary.HalfSilverAdDiscretionary
CATEGORY=Special Ability|60-foot Darkvision.MOD.										CATEGORY:Special Ability	TYPE:Extraordinary.DraconicDiscretionary.HalfSilverAdDiscretionary

# Half-Yellow Ad
Immune To Electricity						CATEGORY:Special Ability	TYPE:Extraordinary.DraconicDiscretionary.HalfYellowAdDiscretionary
Spider Climb (stone surfaces only; 1/day)			CATEGORY:Special Ability	TYPE:SpellLike.DraconicDiscretionary.HalfYellowAdDiscretionary
Ventriloquism (2/day)						CATEGORY:Special Ability	TYPE:SpellLike.DraconicDiscretionary.HalfYellowAdDiscretionary
Stone Shape (2/day)						CATEGORY:Special Ability	TYPE:SpellLike.DraconicDiscretionary.HalfYellowAdDiscretionary
Modify Memory (1/day)						CATEGORY:Special Ability	TYPE:SpellLike.DraconicDiscretionary.HalfYellowAdDiscretionary
CATEGORY=Special Ability|Dragon Fear (2/day).MOD	CATEGORY:Special Ability	TYPE:SpellLike.DraconicDiscretionary.HalfYellowAdDiscretionary
CATEGORY=Special Ability|60-foot Darkvision.MOD.	CATEGORY:Special Ability	TYPE:Extraordinary.DraconicDiscretionary.HalfYellowAdDiscretionary

#

# Dwarves
Darkvision		KEY:Darkvision		CATEGORY:Internal			TYPE:Internal	BONUS:VISION|Darkvision|DarkvisionRange	DEFINE:DarkvisionRange|0
#
Darkvision		KEY:Darkvision ~ 120	CATEGORY:Special Ability	TYPE:RacialTrait		BONUS:VAR|DarkvisionRange|120|TYPE=Base		ABILITY:Internal|AUTOMATIC|Darkvision
Darkvision		KEY:Darkvision ~ 60	CATEGORY:Special Ability	TYPE:RacialTrait		BONUS:VAR|DarkvisionRange|60|TYPE=Base		ABILITY:Internal|AUTOMATIC|Darkvision

# Foul Dwarf

Stonecunning	CATEGORY:Special Ability	TYPE:RacialTrait
Weapon Familiarity ~ Dwarven	CATEGORY:Special Ability	TYPE:RacialTrait
Spell Resistance	CATEGORY:Special Ability	TYPE:RacialTrait
Power Resistance	CATEGORY:Special Ability	TYPE:RacialTrait
Immune to Magical and Alchemical Poisons	CATEGORY:Special Ability	TYPE:RacialTrait
+2 Racial Bonus On Saving Throws Against Natural Poison	CATEGORY:Special Ability	TYPE:RacialTrait
+2 racial bonus on saving throws against spells and spell-like effects	CATEGORY:Special Ability	TYPE:RacialTrait
+1 racial bonus on attack rolls against elves orcs and goblinoids	CATEGORY:Special Ability	TYPE:RacialTrait
+4 dodge bonus to Armor Class against monsters of the giant type	CATEGORY:Special Ability	TYPE:RacialTrait
+2 racial bonus on Appraise checks that are related to stone or metal items	CATEGORY:Special Ability	TYPE:RacialTrait
+2 racial bonus on Craft checks that are related to stone or metal	CATEGORY:Special Ability	TYPE:RacialTrait
+4 racial bonus on Move Silently checks	CATEGORY:Special Ability	TYPE:RacialTrait

# Hammer Dwarf
Stonecunning	CATEGORY:Special Ability	TYPE:RacialTrait
Weapon Familiarity ~ Dwarven	CATEGORY:Special Ability	TYPE:RacialTrait
Stability	CATEGORY:Special Ability	TYPE:RacialTrait
+2 Racial Bonus On Saving Throws Against Poison	CATEGORY:Special Ability	TYPE:RacialTrait
+2 racial bonus on saving throws against spells and spell-like effects	CATEGORY:Special Ability	TYPE:RacialTrait
+1 racial bonus on attack rolls against orcs and goblinoids	CATEGORY:Special Ability	TYPE:RacialTrait
+4 dodge bonus to Armor Class against monsters of the giant type	CATEGORY:Special Ability	TYPE:RacialTrait
+2 racial bonus on Appraise checks that are related to stone or metal items	CATEGORY:Special Ability	TYPE:RacialTrait
+2 racial bonus on Craft checks that are related to stone or metal	CATEGORY:Special Ability	TYPE:RacialTrait
+2 racial bonus on Craft (Lapidary) checks that are related to stone or metal	CATEGORY:Special Ability	TYPE:RacialTrait

# Ice Dwarf

Low-Light Vision	CATEGORY:Special Ability	TYPE:RacialTrait
Icecunning	CATEGORY:Special Ability	TYPE:RacialTrait
Weapon Familiarity ~ Dwarven	CATEGORY:Special Ability	TYPE:RacialTrait
Stability ~ Ice Dwarf	CATEGORY:Special Ability	TYPE:RacialTrait
+2 Racial Bonus On Saving Throws Against Poison	CATEGORY:Special Ability	TYPE:RacialTrait
+2 racial bonus on saving throws against spells and spell-like effects	CATEGORY:Special Ability	TYPE:RacialTrait
+4 dodge bonus to Armor Class against monsters of the giant type	CATEGORY:Special Ability	TYPE:RacialTrait
+2 racial bonus on Appraise checks that are related to stone or metal items	CATEGORY:Special Ability	TYPE:RacialTrait
+2 racial bonus on Craft checks that are related to stone or metal	CATEGORY:Special Ability	TYPE:RacialTrait

# Iron Dwarf

Improved Stonecunning	CATEGORY:Special Ability	TYPE:RacialTrait
Weapon Familiarity ~ Dwarven	CATEGORY:Special Ability	TYPE:RacialTrait
Stability ~ Ice Dwarf	CATEGORY:Special Ability	TYPE:RacialTrait
+2 Racial Bonus On Saving Throws Against Poison	CATEGORY:Special Ability	TYPE:RacialTrait
+2 racial bonus on saving throws against spells and spell-like effects	CATEGORY:Special Ability	TYPE:RacialTrait
+1 racial bonus on attack rolls against orcs and goblinoids	CATEGORY:Special Ability	TYPE:RacialTrait
+4 dodge bonus to Armor Class against monsters of the giant type	CATEGORY:Special Ability	TYPE:RacialTrait
+2 racial bonus on Appraise checks that are related to stone or metal items	CATEGORY:Special Ability	TYPE:RacialTrait
+2 racial bonus on Craft checks that are related to stone or metal	CATEGORY:Special Ability	TYPE:RacialTrait

### Elves

# Cavern

Immune to Sleep Spells and Effects	CATEGORY:Special Ability	TYPE:RacialTrait
+2 racial saving throw bonus against enchantment spells and effects	CATEGORY:Special Ability	TYPE:RacialTrait
Low-Light Vision	CATEGORY:Special Ability	TYPE:RacialTrait
+2 racial bonus on Listen Search and Spot checks	CATEGORY:Special Ability	TYPE:RacialTrait


# Cavern Elf Weapon Prof Choices
Light Pick	KEY:Martial WP ~ Light Pick	TYPE:ElvenMartialProficiency.CavernElfWPChoice	!PREABILITY:1,CATEGORY=Special Ability,Martial WP ~ Heavy Pick	AUTO:FEAT|Martial Weapon Proficiency (Pick (Light))
Heavy Pick	KEY:Martial WP ~ Heavy Pick	TYPE:ElvenMartialProficiency.CavernElfWPChoice	!PREABILITY:1,CATEGORY=Special Ability,Martial WP ~ Light Pick	AUTO:FEAT|Martial Weapon Proficiency (Pick (Heavy))
Longbow	KEY:Martial WP ~ Longbow	TYPE:ElvenMartialProficiency.CavernElfWPChoice	!PREABILITY:1,CATEGORY=Special Ability,Martial WP ~ Shortbow	AUTO:FEAT|Martial Weapon Proficiency (Longbow)|Martial Weapon Proficiency (Longbow (Composite))
Shortbow	KEY:Martial WP ~ Shortbow	TYPE:ElvenMartialProficiency.CavernElfWPChoice	!PREABILITY:1,CATEGORY=Special Ability,Martial WP ~ Longbow		AUTO:FEAT|Martial Weapon Proficiency (Shortbow)|Martial Weapon Proficiency (Shortbow (Composite))


# Draconic Elf
Natural Attacks ~ Draconic Elf	CATEGORY:Special Ability	DEFINE:ClawsSize|3	TEMPLATE:Claws ~ 1d3	ABILITY:Special Ability|AUTOMATIC|Breath Weapon ~ Draconic Elf
Breath Weapon ~ Draconic Elf		CATEGORY:Special Ability	DESC:%1 time per day may breath Fire, Cone 10' Long, 10' Wide, deals 1d8+%2 fire damage; Reflex DC %3; usable once every 2d3 rounds|min(CON,1)|CON|DEXSCORE
Fast Healing ~ Draconic Elf		CATEGORY:Special Ability	DESC:%1|min(CON,1)


Immunity to magic sleep effects	CATEGORY:Special Ability	TYPE:RacialTrait
+4 racial saving throw bonus against enchantment spells or effects	CATEGORY:Special Ability	TYPE:RacialTrait
Low-Light Vision	CATEGORY:Special Ability	TYPE:RacialTrait
+2 racial bonus on Search checks	CATEGORY:Special Ability	TYPE:RacialTrait
+4 racial bonus on Listen and Spot checks	CATEGORY:Special Ability	TYPE:RacialTrait
Natural Attacks ~ Draconic Elf	CATEGORY:Special Ability	TYPE:RacialTrait
Fast Healing ~ Draconic Elf	CATEGORY:Special Ability	TYPE:RacialTrait

# feral

Immunity to magic sleep effects	CATEGORY:Special Ability	TYPE:RacialTrait
+2 racial saving throw bonus against enchantment spells or effects	CATEGORY:Special Ability	TYPE:RacialTrait
Low-Light Vision	CATEGORY:Special Ability	TYPE:RacialTrait
+2 racial bonus on Listen, Search, Spot and Survival checks	CATEGORY:Special Ability	TYPE:RacialTrait

# Forest

Immunity to magic sleep effects	CATEGORY:Special Ability	TYPE:RacialTrait
+2 racial saving throw bonus against enchantment spells or effects	CATEGORY:Special Ability	TYPE:RacialTrait
Low-Light Vision	CATEGORY:Special Ability	TYPE:RacialTrait
+2 racial bonus on Listen, Search, Spot and Survival checks	CATEGORY:Special Ability	TYPE:RacialTrait

# Oceanic

Immunity to magic sleep effects	CATEGORY:Special Ability	TYPE:RacialTrait
+2 racial saving throw bonus against enchantment spells or effects	CATEGORY:Special Ability	TYPE:RacialTrait
Low-Light Vision	CATEGORY:Special Ability	TYPE:RacialTrait
+2 racial bonus on Listen, Search, Spot and Survival checks	CATEGORY:Special Ability	TYPE:RacialTrait
Aquatic Resilience	CATEGORY:Special Ability	TYPE:RacialTrait
Extended Breath Oceanic Elf	CATEGORY:Special Ability	TYPE:RacialTrait

# Polar

Immunity to magic sleep effects	CATEGORY:Special Ability	TYPE:RacialTrait
+2 racial saving throw bonus against enchantment spells or effects	CATEGORY:Special Ability	TYPE:RacialTrait
Low-Light Vision	CATEGORY:Special Ability	TYPE:RacialTrait
+2 racial bonus on Listen Search, Spot and Survival checks	CATEGORY:Special Ability	TYPE:RacialTrait
+4 racial bonus to their Constitution to resist cold effects, both natural and magical.	CATEGORY:Special Ability	TYPE:RacialTrait

# Royal

Immunity to magic sleep effects	CATEGORY:Special Ability	TYPE:RacialTrait
+2 racial saving throw bonus against enchantment spells or effects	CATEGORY:Special Ability	TYPE:RacialTrait
Low-Light Vision	CATEGORY:Special Ability	TYPE:RacialTrait
+2 racial bonus on Bluff Diplomacy Listen Search Sense Motive and Spot checks	CATEGORY:Special Ability	TYPE:RacialTrait

# Sky

+4 racial saving throw bonus to magic sleep effects	CATEGORY:Special Ability	TYPE:RacialTrait
+2 racial saving throw bonus against enchantment spells or effects	CATEGORY:Special Ability	TYPE:RacialTrait
Low-Light Vision	CATEGORY:Special Ability	TYPE:RacialTrait
+2 racial bonus on Listen, Search, and Spot checks	CATEGORY:Special Ability	TYPE:RacialTrait

# Wraith

Darkvision	CATEGORY:Special Ability	TYPE:RacialTrait
Immunity to magic sleep effects	CATEGORY:Special Ability	TYPE:RacialTrait
+2 racial bonus on Intimidate Listen Search and Spot checks	CATEGORY:Special Ability	TYPE:RacialTrait
Darkvision ~ 120	CATEGORY:Special Ability	TYPE:RacialTrait
Light Sensitivity ~ Ex	CATEGORY:Special Ability	TYPE:RacialTrait

### Gnomes
# Cavern

Darkvision	CATEGORY:Special Ability	TYPE:RacialTrait
Weapon Familiarity ~ Gnome	CATEGORY:Special Ability	TYPE:RacialTrait
+2 racial bonus on saving throws against illusions	CATEGORY:Special Ability	TYPE:RacialTrait
+2 racial bonus on Listen checks	CATEGORY:Special Ability	TYPE:RacialTrait
+2 competence bonus on Craft (any) checks	CATEGORY:Special Ability	TYPE:RacialTrait
+2 racial bonus on Hide checks	CATEGORY:Special Ability	TYPE:RacialTrait
+2 racial bonus on all Improvised Trap Setting checks	CATEGORY:Special Ability	TYPE:RacialTrait
Spell-Like Abilities ~ Cavern Gnome	CATEGORY:Special Ability	TYPE:RacialTrait
Stoneworking ~ Cavern Gnome	CATEGORY:Special Ability	TYPE:RacialTrait
Spell Resistance and Power Resistance	CATEGORY:Special Ability	TYPE:RacialTrait

# Crag

Low-Light Vision	CATEGORY:Special Ability	TYPE:RacialTrait
Weapon Familiarity ~ Gnome	CATEGORY:Special Ability	TYPE:RacialTrait
+2 racial bonus on saving throws against illusions	CATEGORY:Special Ability	TYPE:RacialTrait
Add +1 to the Difficulty Class for all saving throws against illusion spells cast by gnomes	CATEGORY:Special Ability	TYPE:RacialTrait
+1 racial bonus on attack rolls against kobolds and goblinoids	CATEGORY:Special Ability	TYPE:RacialTrait
+4 dodge bonus to Armor Class against monsters of the giant type	CATEGORY:Special Ability	TYPE:RacialTrait
+2 racial bonus on Listen checks	CATEGORY:Special Ability	TYPE:RacialTrait
+2 racial bonus on Craft (alchemy) checks	CATEGORY:Special Ability	TYPE:RacialTrait
Spell-Like Abilities ~ Crag Gnome	CATEGORY:Special Ability	TYPE:RacialTrait

## Halfling
+1 racial bonus on all saving throws	CATEGORY:Special Ability	TYPE:RacialTrait
+2 morale bonus on saving throws against fear	CATEGORY:Special Ability	TYPE:RacialTrait
+1 racial bonus on attack rolls with thrown weapons and slings	CATEGORY:Special Ability	TYPE:RacialTrait

# Oceanic
+1 racial bonus on attack rolls with thrown daggers and throwing axes	CATEGORY:Special Ability	TYPE:RacialTrait
+2 racial bonus on Climb, Jump, Listen, and Move Silently checks	CATEGORY:Special Ability	TYPE:RacialTrait
Weapon Proficiency ~ Oceanic Halfling	CATEGORY:Special Ability	TYPE:RacialTrait

# Shaggyfoot
+2 racial bonus on Climb, Jump, and Move Silently checks	CATEGORY:Special Ability	TYPE:RacialTrait
+2 racial bonus on Listen checks	CATEGORY:Special Ability	TYPE:RacialTrait
+2 racial bonus to all Sleight of Hand checks	CATEGORY:Special Ability	TYPE:RacialTrait

# Tundra
+4 racial bonus on Climb, Jump, Move Silently and Survival checks	CATEGORY:Special Ability	TYPE:RacialTrait
+2 racial bonus on Listen checks	CATEGORY:Special Ability	TYPE:RacialTrait
Stability ~ Tundra Halfling	CATEGORY:Special Ability	TYPE:RacialTrait

# Urban
Martial Weapon Proficiency ~ Urban Halfling	CATEGORY:Special Ability	TYPE:RacialTrait
Armor Proficiency ~ Urban Halfling	CATEGORY:Special Ability	TYPE:RacialTrait
+2 racial bonus on Climb, Jump, Listen, and Move Silently checks	CATEGORY:Special Ability	TYPE:RacialTrait
+4 bonus skill points	CATEGORY:Special Ability	TYPE:SpecialQuality.BaseRaceTrait.UrbanHalflingTrait	BONUS:SKILLPOINTS|NUMBER|4

# Wild
+2 racial bonus on Climb, Jump, Listen, and Move Silently checks	CATEGORY:Special Ability	TYPE:RacialTrait
Specialized Foe ~ Wild Halfling	CATEGORY:Special Ability	TYPE:RacialTrait

### Gnoblin
Darkvision	CATEGORY:Special Ability	TYPE:RacialTrait
Goblin Blood	CATEGORY:Special Ability	TYPE:RacialTrait
Gnome Blood	CATEGORY:Special Ability	TYPE:RacialTrait
Spell resistance and power resistance	CATEGORY:Special Ability	TYPE:RacialTrait
Spell-Like Abilities ~ Gnoblin	CATEGORY:Special Ability	TYPE:RacialTrait
Stoneworking ~ Gnoblin	CATEGORY:Special Ability	TYPE:RacialTrait
Weapon Familiarity ~ Gnome	CATEGORY:Special Ability	TYPE:RacialTrait
+2 racial bonus on saving throws against illusions	CATEGORY:Special Ability	TYPE:RacialTrait
+1 competence bonus on Craft (any) checks	CATEGORY:Special Ability	TYPE:RacialTrait
Racial Skills ~ Gnoblin	CATEGORY:Special Ability	TYPE:RacialTrait

### Horok
Darkvision	CATEGORY:Special Ability	TYPE:RacialTrait
+1 natural armor	CATEGORY:Special Ability	TYPE:RacialTrait
Immune to Psionics	CATEGORY:Special Ability	TYPE:RacialTrait
+2 racial bonus to Spot skill checks	CATEGORY:Special Ability	TYPE:RacialTrait
+2 racial bonus to Intimidation skill checks	CATEGORY:Special Ability	TYPE:RacialTrait







