SOURCELONG:Ocastia Campaign Setting - Book 2 - Player's Guide	SOURCESHORT:OCS_PG	
# ORIGINAL ENTRY BY: Andrew Maitland
# ORIGINAL ENTRY DATE: 2011-11-26
	
#Dragon Lord Spell List:
#1st-Level: 
Acid Splash.MOD		CLASSES:Dragon Lord=1
Burning Hands.MOD		CLASSES:Dragon Lord=1
Cause Fear.MOD		CLASSES:Dragon Lord=1
Endure Elements.MOD		CLASSES:Dragon Lord=1
Feather Fall.MOD		CLASSES:Dragon Lord=1
Magic Missile.MOD		CLASSES:Dragon Lord=1
Magic Weapon.MOD		CLASSES:Dragon Lord=1
Ray Of Frost.MOD		CLASSES:Dragon Lord=1
Shocking Grasp.MOD		CLASSES:Dragon Lord=1
#2nd-Level: 
Acid Arrow.MOD		CLASSES:Dragon Lord=2
Bear's Endurance.MOD		CLASSES:Dragon Lord=2
Bull's Strength.MOD		CLASSES:Dragon Lord=2
Darkvision.MOD		CLASSES:Dragon Lord=2
Flaming Sphere.MOD		CLASSES:Dragon Lord=2
Pyrotechnics.MOD		CLASSES:Dragon Lord=2
Resist Energy.MOD		CLASSES:Dragon Lord=2
Scare.MOD		CLASSES:Dragon Lord=2
Spear Of Haunting.MOD		CLASSES:Dragon Lord=2
#3rd-Level: 
Flame Arrow.MOD		CLASSES:Dragon Lord=3
Fly.MOD		CLASSES:Dragon Lord=3
Keen Edge.MOD		CLASSES:Dragon Lord=3
Power Word Flame.MOD		CLASSES:Dragon Lord=3
Power Word Shock.MOD		CLASSES:Dragon Lord=3
Rage.MOD		CLASSES:Dragon Lord=3
#4th-Level: 
Confusion.MOD		CLASSES:Dragon Lord=4
Fear.MOD		CLASSES:Dragon Lord=4
Dragon Fist.MOD		CLASSES:Dragon Lord=4
Fire Shield.MOD		CLASSES:Dragon Lord=4
Fire Trap.MOD		CLASSES:Dragon Lord=4
Power Word Jump.MOD		CLASSES:Dragon Lord=4
Stoneskin.MOD		CLASSES:Dragon Lord=4


###Block: New Spells
Accuse	SOURCEPAGE:p.179
Enchantment (Compulsion) [Evil, Language-Dependent,
Mind-Affecting, Power]
Level: Brd 5, Elc 6, UtM 6, Wit 6
Components: V
Casting Time: 1 standard action
Range: 60 ft.
Area: One or more creatures in a 60 ft. radius
Duration: 1 day/level or until discharged
Saving Throw: Will negates
Spell Resistance: Yes

Acid Weapon	SOURCEPAGE:p.179
Transmutation [Acid]
Level: Sor/Wiz 2
Components: V, S, F
Casting Time: 1 standard action
Range: Close (25 ft. + 5 ft. /2 levels)
Target: One weapon or fifty projectiles, all of which
must be in contact with each other at the time of casting
Duration: 10 minutes/level
Saving Throw: Will negates (object)
Spell Resistance: Yes (object)

Acid Word	SOURCEPAGE:p.180
Transmutation [Power]
Level: Elc 8, UtM 8
Components: V
Casting Time: 1 standard action
Range: 30 feet
Area: A 30-foot radius circle bursting from the caster
Duration: Instantaneous; see text
Saving Throw: Fortitude half
Spell Resistance: Yes

Acrid Crop	SOURCEPAGE:p.180
Conjuration (Creation) [Acid]
Level: Drd 7, Sha 7
Components: V, S, M, DF
Casting Time: 1 standard action
Range: Close (25 ft. + 5 ft. /2 levels)
Area: 180 ft. radius
Duration: 1 year or 1 growing season
Saving Throw: None (object)
Spell Resistance: Yes (object)

Advocate	181
Enchantment [Power]
Level: Elc 2, Mur 2, UtM 2, Wit 2
Components: V
Casting Time: 1 standard action
Range: Touch
Target: Creature touched
Duration: 1 minute/level
Saving Throw: Will negates (harmless)
Spell Resistance: Yes (harmless)

Alfheim's Folly	181
Enchantment (Charm) [Mind-Affecting]
Level: Clr 5, HlT 5
Components: V, S
Casting Time: 1 round
Range: 100 ft.
Area: All allies and foes within a 100-ft.-radius burst
centered on you
Duration: Special (see text)
Saving Throw: Will negates
Spell Resistance: Yes

Alter Allegiance	182
Enchantment (Compulsion) [Mind-Affecting]
Level: Brd 6, Sor/Wiz 7, Wit 7
Components: V, S
Casting Time: 1 standard action
Range: Medium (100 ft. + 10 ft./level)
Target: 1 summoned creature
Duration: 1 round/level
Saving Throw: Special (see text)
Spell Resistance: Yes

Arcane Tap	182
Evocation
Level: Brd 6, Sor/Wiz 7
Components: V, S
Casting Time: 1 standard action
Range: Touch
Target: 1 arcane spellcaster
Duration: 2 days (see text)
Saving Throw: Will negates
Spell Resistance: Yes

Beast	182
Transmutation [Power]
Level: Blk 1, Brd 1, Elc 1, UtM 1, Wit 1
Components: V
Casting Time: 1 standard action
Range: 30 feet
Target: One creature
Duration: 1 round/level
Saving Throw: Fortitude negates
Spell Resistance: Yes

Beauty	183
Transmutation [Power]
Level: Brd 0, Elc 0, Mur 0, Pal 1, UtM 0, Wit 0
Components: V
Casting Time: 1 standard action
Range: Personal
Target: You
Duration: 1 round/level

Bolster	183
Enchantment (Compulsion) [Mind-Affecting, Power]
Level: Elc 5
Components: V
Casting Time: 1 standard action
Range: 40 feet
Area: All allies and foes within a 40-ft.-radius burst
centered on the caster
Duration: 1 round/level
Saving Throw: None
Spell Resistance: Yes

Chaotic Burst	183
Transmutation [Chaotic]
Level: Sor/Wiz 6
Components: V, S
Casting Time: 1 standard action
Range: 5 ft./2 levels
Area: 20 ft. radius
Duration: Instantaneous
Saving Throw: Fortitude negates
Spell Resistance: Yes

Clumsiness	184
Transmutation [Power]
Level: Elc 2, UtM 2, Wit 2
Components: V
Casting Time: 1 standard action
Range: 30 feet
Target: One creature
Duration: Permanent
Saving Throw: Fortitude negates
Spell Resistance: Yes

Compulsion/Power Word, Geas	184
Enchantment (Compulsion) [Language-Dependent,
Mind-Affecting, Power]
Level: Elc 9, UtM 9, Wit 9
Components: V
Casting Time: 1 standard action
Range: Close (25 ft. + 5 ft. /2 levels)
Target: One living creature
Duration: 1 day/level or until discharged (D)
Saving Throw: None
Spell Resistance: Yes

Construct	185
Enchantment [Power]
Level: Elc 3, UtM 3
Components: V
Casting Time: 1 standard action
Range: Touch
Target: Creature touched
Duration: 1 day/level
Saving Throw: Will negates (harmless)
Spell Resistance: Yes (harmless)

Create Bone Mage	185
Necromancy
Level: Sor/Wiz 7
Components: V, S, M, F, XP
Casting Time: 24 hours
Range: Touch
Target: One undead skeleton
Duration: Instantaneous
Saving Throw: None
Spell Resistance: No

Dark Prayer	185
Necromancy
Level: Clr 4
Components: V, S, DF
Casting Time: 1 standard action
Range: 30 ft.
Area: All undead within a 30-ft. radius burst centered
on you.
Duration: Concentration (see text)
Saving Throw: None
Spell Resistance: Yes

Decrepitude	186
Transmutation [Power]
Level: Blk 3, Elc 2, UtM 2, Wit 2
Components: V
Casting Time: 1 standard action
Range: 30 feet
Target: One creature
Duration: Permanent
Saving Throw: Fortitude negates
Spell Resistance: Yes

Dodge	186
Abjuration [Power]
Level: Elc 2, UtM 2
Components: V
Casting Time: 1 standard action
Range: Personal
Target: You
Duration: 1 minute/level

Dragon Fist	186
Evocation
Level: DrL 4, Sor/Wiz 4
Components: V, S, M
Casting Time: 1 round
Range: Medium (100 ft. + 10 ft./level)
Effect: One large draconic fist
Duration: 1 round/level
Saving Throw: Reflex negates
Spell Resistance: Yes

Dragonblade	187
Transmutation
Level: Sor/Wiz 7
Components: V, S, M
Casting Time: 5 minutes
Range: Touch
Target: 1 bladed weapon
Duration: Permanent
Saving Throw: None
Spell Resistance: Yes

Enhance, Mass	187
Level: Elc 8, UtM 8
Range: Close (25 ft. + 5 ft. /2 levels)
Targets: One creature/level, no two of which can be
more than 30 ft. apart
This spell functions like power word, enhance, except
that it affects multiple creatures.

Exhaust	187	
Enchantment (Compulsion) [Mind-Affecting, Power]
Level: Elc 5, UtM 5
Components: V
Casting Time: 1 standard action
Range: Close (25 ft. + 5 ft. /2 levels)
Area: 15 ft. radius burst
Duration: One round/level
Saving Throw: No
Spell Resistance: Yes

Fatigue	188
Enchantment (Compulsion) [Mind-Affecting, Power]
Level: Elc 4, UtM 4
Components: V
Casting Time: 1 standard action
Range: Close (25 ft. + 5 ft. /2 levels)
Area: 15 ft. radius burst
Duration: 1 round/level
Saving Throw: None
Spell Resistance: Yes

Flaming Blood	188
Necromancy
Level: Clr 7, Death 7, Sor/Wiz 7, Wit 6
Components: V, S
Casting time: 1 round
Range: Medium (100 ft. + 10 ft /caster level)
Target: 1 wounded creature (see text)
Duration: 1 round/2 caster levels (or see text)
Saving Throw: Fortitude (partial)
Spell Resistance: Yes
When the spell takes effect

Genius	189
Transmutation [Power]
Level: Elc 0, UtM 0, Wit 0
Components: V
Casting Time: 1 standard action
Range: Personal
Target: You
Duration: One round/level

Gesturing Hand	189
Necromancy
Level: Brd 3, Sor/Wiz 3
Components: V, S
Casting Time: 1 standard action
Range: 5 ft.
Effect: One gesturing hand
Duration: 10 min./level (D)
Saving Throw: None
Spell Resistance: No

Hound of Alfheim	189
Conjuration (Summoning) [Fire, Good, Lawful]
Level: Sor/Wiz 9
Components: V, S, M
Casting Time: 1 minute
Range: Close (25 ft. + 5 ft./2 levels)
Effect: One summoned creature
Duration: 24 hours
Saving Throw: None
Spell Resistance: No

Idiot	190
Transmutation [Power]
Level: Elc 1, Sor/Wiz 1, UtM 1, Wit 1
Components: V, S
Casting Time: 1 standard action
Range: 30 feet
Target: One creature
Duration: 1 round/level
Saving Throw: Fortitude negates
Spell Resistance: Yes

Inga's Devitalizing Missile	191
Necromancy [Force]
Level: Sor/Wiz 1
Components: V, S
Casting Time: 1 standard action
Range: Medium (100 ft. + 10 ft. /level)
Target: Up to 3 creatures, no two of which can be more
than 15 foot apart
Duration: Instantaneous plus one minute/level
Saving Throw: None/Fortitude negates
Spell Resistance: Yes

Know Magic	191
Divination [Power]
Level: Elc 9, Mur 6, Ocl 8, UtM 9
Components: V
Casting Time: 1 standard action
Range: Touch
Target: One magic item or one creature
Duration: Instantaneous
Saving Throw: None or Will negates; see text
Spell Resistance: No

Muscles	192
Transmutation [Power]
Level: Blk 1, Elc 0, Mur 1, Pal 1, Rgr 1, UtM 0, Wit 0
Components: V
Casting Time: 1 standard action
Range: Personal
Target: You
Duration: One round/level

Nature's Awareness	192
Divination
Level: BeL 1, Drd 2, Ocl 1, Rgr 1, Sha 2
Components: S
Casting Time: 1 standard action
Range: Personal
Target: You
Duration: 1 round/level

Nature's Wrath	192
Transmutation [Air, Electricity, Earth]
Level: Drd 6, Sha 6
Components: V, S, M
Casting Time: 1 standard action
Range: Close (25 ft. + 5 ft./ 2 levels)
Area: 10 ft. + 5 ft./ 2 levels-radius, special (see text)
Duration: (see text)
Saving Throw: Special (see text)
Spell Resistance: No

Pierce Veil	193
Abjuration [Power]
Level: Elc 2, Mur 2, UtM 2
Components: V
Casting Time: 1 standard action
Range: Personal
Target: You
Duration: 10 minutes/level

Poison Word	193
Necromancy [Power]
Level: Drd 7, Elc 8, Sha 7, UtM 8
Components: V
Casting Time: 1 standard action
Range: 30 feet
Area: A 30-ft. radius circle emanating from the caster
Duration: Instantaneous; see text
Saving Throw: Fortitude negates (see text)
Spell Resistance: Yes

Power Word, Analyze	194
Divination [Power]
Level: Brd 3, Clr 3, Elc 2, HlT 3, Mur 3, Sor/Wiz 3,
UtM 2
Components: V
Casting Time: 1 standard action
Range: Touch
Targets: One touched object
Duration: Instantaneous
Saving Throw: None
Spell Resistance: No

Power Word, Armor	194
Conjuration (Creation) [Force, Power]
Level: Mur 5, UtM 5
Components: V
Casting Time: 1 standard action
Range: Personal
Target: You
Duration: 1 hour/level

Power Word, Awaken	194
Transmutation [Power]
Level: Brd 2, Elc 3, UtM 3
Components: V
Casting Time: 1 standard action
Range: Close (25 ft. +5 ft. /2 levels)
Area: 30-ft. radius burst
Duration: Instantaneous
Saving Throw: None
Spell Resistance: No

Power Word, Backstab	195
Transmutation [Power]
Level: Asn 3, Blk 4, Mur 3, UtM 3
Components: V
Casting Time: 1 standard action
Range: Personal
Target: You
Duration: 1 round/4 levels

Power Word, Bastion	195
Abjuration [Death, Evil, Power]
Level: UtM 7
Components: V
Casting Time: 1 standard action
Range: Personal
Target: You
Duration: Until discharged or 10 minutes/level
Saving Throw: None or Fortitude half (see text)
Spell Resistance: No or Yes (see text)

Power Word, Burn	196
Conjuration (Teleportation) [Fire, Power]
Level: UtM 9
Components: V
Casting Time: 1 standard action
Range: Close (25 ft. + 5 ft. /2 levels)
Area: 10-ft. radius emanation
Duration: 10 rounds
Saving Throw: None (Object)/Fort. Negates
Spell Resistance: Yes

Power Word, Chill	196
Conjuration (Creation) [Cold, Power]
Level: UtM 7
Components: V
Casting Time: 1 standard action
Range: Medium (100 ft. + 10 ft. /level)
Area: 20-ft. radius burst
Duration: Instantaneous
Saving Throw: Fort. half
Spell Resistance: Yes

Power Word, Climb	197
Transmutation [Power]
Level: BeL 4, Drd 5, Elc 5, Mur 4, Rgr 4, UtM 5
Components: V
Casting Time: 1 standard action
Range: Touch
Target: Creature touched
Duration: 10 min./level
Saving Throw: Will negates (harmless)
Spell Resistance: Yes (harmless)

Power Word, Coma	197
Enchantment (Compulsion) [Mind-Affecting, Power]
Level: Brd 6, Elc 6, UtM 8, Wit 8
Components: V
Casting Time: 1 standard action
Range: Medium (100 ft.+10 ft. /level)
Area: Several living creatures in a 40-ft. radius burst
Duration: 1 minute per level
Saving Throw: Will negates
Spell Resistance: Yes

Power Word, Command	197
Conjuration (Creation) [Evil, Power]
Level: Elc 8, UtM 9
Components: V
Casting Time: 1 standard action
Range: Close (25 ft. + 5 ft. /2 levels)
Area: Several undead creatures in a 20 ft. radius burst
Duration: Instantaneous
Saving Throw: None
Spell Resistance: Yes

Power Word, Delay	198
Conjuration (Creation) [Power]
Level: Elc 3, Time 3, UtM 3
Components: V
Casting Time: 1 standard action
Range: Close (25 ft. + 5 ft. /2 levels)
Target: Several creatures in a 30-ft. radius burst
Duration: 2-3 rounds (see text)
Saving Throw: None
Spell Resistance: Yes

Power Word, Destroy	198
Conjuration (Creation) [Good, Power]
Level: Elc 8, Sun 9, UtM 9
Components: V
Casting Time: 1 standard action
Range: Close (25 ft. + 5 ft. /2 levels)
Area: Several undead creatures in a 20-ft. radius burst
Duration: Instantaneous
Saving Throw: None
Spell Resistance: Yes

Power Word, Detect	198
Divination [Power]
Level: Asn 1, Brd 1, Elc 1, Mur 1, Ocl 1, Rgr 1, UtM 1
Components: V
Casting Time: 1 standard action
Range: Personal
Target: You
Duration: 1 round or 1 minute; see text

Power Word, Disguise	199
Illusion (Shadow) [Power]
Level: Asn 2, Blk 2, Brd 3, Mur 2, UtM 3
Components: V
Casting Time: 1 standard action
Range: Close (25 ft. + 5 ft. /2 levels)
Targets: 1 creature/2 levels, maximum 10 creatures
Duration: 1 hour/level
Saving Throw: Will (harmless)
Spell Resistance: Yes (harmless)

Power Word, Dispel	199
Abjuration [Power]
Level: Elc 2, Mur 2, UtM 2
Components: V
Range: Medium (100 ft. + 10 ft. /level)
Target or Area: One spellcaster, creature, or object; or
20-ft. radius burst
Duration: Instantaneous
Saving Throw: None
Spell Resistance: No

Power Word, Dissolve	200
Conjuration (Creation) [Power]
Level: UtM 9
Components: V
Casting Time: 1 standard action
Range: Close (25 ft. + 5 ft. /2levels)
Target: One creature
Duration: Up to 10 rounds
Saving Throw: None
Spell Resistance: Yes

Power Word, Electrocute	201
Evocation [Power]
Level: UtM 5
Components: V
Casting Time: 1 standard action
Range: Close (25 ft. + 5 ft. /2 levels)
Area: Cone
Duration: Instantaneous
Saving Throw: Reflex half
Spell Resistance: Yes

Power Word, Enhance	201
Transmutation [Power]
Level: Elc 4, Mur 5, UtM 4
Components: V
Casting Time: 1 standard action
Range: Touch
Target: Creature touched
Duration: 1 min/level
Saving Throw: Will negates (harmless)
Spell Resistance: Yes

Power Word, Envision	201
Divination (Scrying) [Power]
Level: Brd 5, Elc 7, UtM 6
Components: V
Casting Time: 1 standard action
Range: See text
Effect: Magical sensor
Duration: 1 min./level (D)
Saving Throw: Will negates
Spell Resistance: Yes

Power Word, Erase	202
Transmutation [Power]
Level: Brd 3, UtM 2
Components: V
Casting Time: 1 standard action
Range: Close (25 ft. + 5 ft. /2 levels)
Target: One scroll or two pages
Duration: Instantaneous
Saving Throw: See text
Spell Resistance: No

Power Word, Flame	202
Evocation [Fire, Power]
Level: DrL 3, Elc 4, UtM 3
Components: V
Casting Time: 1 standard action
Range: Medium (100 ft. + 10 ft. /level)
Area: 10 ft. radius spread
Duration: Instantaneous
Saving Throw: Reflex half
Spell Resistance: Yes

Power Word, Grapple	203
Illusion (Shadow) [Power]
Level: Blk 3, Elc 3, Mur 4, Pal 3, Rgr 3, UtM 3
Components: V
Casting Time: 1 standard action
Range: Personal
Target: You
Duration: 1 round/level

Power Word, Hear	203
Divination [Power]
Level: Asn 1, Brd 0, Elc 0, Mur 0, Ran 1, UtM 0
Components: V
Casting Time: 1 standard action
Range: Personal
Target: You
Duration: 1 minute

Power Word, Hesitate	203
Conjuration (Creation) [Power]
Level: Brd 1, Elc 1, Time 1, UtM 1
Components: V
Casting Time: 1 standard action
Range: Close (25 ft. + 5 ft. /2 levels)
Target: Several creatures in a 20-ft. radius burst
Duration: One Round
Saving Throw: None
Spell Resistance: Yes

Power Word, Intimidate	204
Transmutation [Power]
Level: Brd 2, Elc 2, Mur 1, Out 1, UtM 1, Wit 2
Components: V
Casting Time: 1 standard action
Range: Close (25 ft. + 5 ft. /2 levels)
Target: 1 small or medium-sized creature
Duration: 1 minute/level
Saving Throw: Fort. negates (harmless)
Spell Resistance: Yes (harmless)

Power Word, Invoke	204
Universal [Power]
Level: Mur 6, UtM 7
Components: V, XP
Casting Time: 1 standard action
Range: See text
Target, Effect, or Area: See text
Duration: See text
Saving Throw: None, see text
Spell Resistance: Yes

Power Word, Jump	204
Transmutation [Power]
Level: DrL 4, Elc 3, Mur 3, Rgr 3, UtM 3
Components: V
Casting Time: 1 standard action
Range: Touch
Target: Creature touched
Duration: 1 minute/level (D)
Saving Throw: Will negates (harmless)
Spell Resistance: Yes (harmless)

Power Word, Lie	204
Enchantment [Power]
Level: Asn 1, Blk 1, Elc 0, Mur 0, Out 0, UtM 0
Components: V
Casting Time: 1 standard action
Range: Personal
Target: You
Duration: 1 minute/level or until discharged

Power Word, Listen	205
Divination [Power]
Level: Asn 4, Brd 3, Elc 4, Mur 4, Ocl 4, Ran 4, UtM 4
Components: V
Casting Time: 1 standard action
Range: Touch
Target: Creature touched
Duration: 1 minute/level (D)
Saving Throw: Will negates (harmless)
Spell Resistance: Yes (harmless)

Power Word, Open	205
Transmutation [Power]
Level: Mur 5, UtM 4
Components: V
Casting Time: 1 standard action
Range: Close (25 ft. + 5 ft. /2 levels)
Target: One door, box, or chest with an area of up to 10
sq. ft. /level
Duration: Instantaneous, see text
Saving Throw: None
Spell Resistance: No

Power Word, Password	205
Illusion (Figment) [Mind-Affecting, Power]
Level: Asn 1, Blk 1, Brd 2, Sor/Wiz 2, UtM 2, Wit 2
Components: V
Casting Time: 1 standard action
Range: Close (25 ft. + 5 ft. /2 levels)
Effect: Illusory sounds
Duration: Instantaneous
Saving Throw: Special
Spell Resistance: Yes

Power Word, Reach	206
Divination [Power]
Level: Asn 3, Elc 3, Mur 3, Ocl 3, Out 3, UtM 3
Components: V
Casting Time: 1 standard action
Range: Personal
Target: You
Duration: 1 round/2 levels

Power Word, Read	206
Divination [Power]
Level: Elc 1, Mur 1, UtM 1
Components: V
Casting Time: 1 standard action
Range: Personal
Target: You
Duration: 10 min. /level

Power Word, Ready	206
Evocation [Power]
Level: UtM 0
Components: V
Casting Time: 1 standard action
Range: Personal
Target: You
Duration: 1 minute/level or until discharged

Power Word, Rebuke	207
Conjuration (Creation) [Evil, Power]
Level: Elc 5, UtM 6
Components: V
Casting Time: 1 standard action
Range: Close (25 ft. + 5 ft. /2 levels)
Area: Several undead creatures in a 20 ft. radius burst
Duration: Instantaneous
Saving Throw: None
Spell Resistance: Yes

Power Word, See	207
Divination [Power]
Level: Asn 1, Elc 0, Mur 0, Ran 1, UtM 0
Components: V
Casting Time: 1 standard action
Range: Personal
Target: You
Duration: 1 minute

Power Word, Shield	207
Abjuration [Force, Power]
Level: Elc 6, Mur 6, UtM 6
Components: V
Casting Time: 1 standard action
Range: Personal
Target: You
Duration: 1 round/level

Power Word, Shock	208
Evocation [Power]
Level: DrL 3, UtM 3
Components: V
Casting Time: 1 standard action
Range: Medium (100 ft. + 10 ft. /level)
Area: 10-ft. radius spread
Duration: Instantaneous
Saving Throw: Reflex half
Spell Resistance: Yes

Power Word, Sing	208
Transmutation [Power]
Level: Brd 0, Mur 0, UtM 0, Wit 0
Components: V
Casting Time: 1 standard action
Range: Personal
Target: You
Duration: 1 minute/level or until discharged

Power Word, Slip	208
Conjuration (Creation) [Cold, Power, Water]
Level: UtM 5
Components: V
Casting Time: 1 standard action
Range: Close (25 ft. + 5 ft. /2 levels)
Effect: 30-ft. spread of icy cold water
Duration: 1 round/3 levels
Saving Throw: Reflex partial, see text
Spell Resistance: Yes

Power Word, Spot	209
Divination [Power]
Level: Asn 4, Drd 4, Elc 4, Mur 4, Ocl 4, Ran 4, UtM 4
Components: V
Casting Time: 1 standard action
Range: Touch
Target: Creature touched
Duration: 1 minute/level (D)
Saving Throw: Will negates (Harmless)
Spell Resistance: Yes (Harmless)

Power Word, Tire	209
Necromancy [Air, Power]
Level: Elc 3, Sha 4, Sor/Wiz 3, UtM 3
Components: V
Casting Time: 1 standard action
Range: Close (25 ft. + 5 ft. /2 levels)
Area: 20-ft. radius burst
Duration: 1 round/level
Saving Throw: Fortitude negates
Spell Resistance: Yes

Power Word, Transmogrify	210
Transmutation [Power]
Level: Drd 8, Elc 8, UtM 6
Components: V
Casting Time: 1 standard action
Range: Close (25 ft. + 5 ft. /2 levels)
Target: One creature
Duration: Permanent
Saving Throw: Fortitude negates, Will partial; see text
Spell Resistance: Yes

Power Word, Trip	210
Transmutation [Power]
Level: Brd 3, Mur 4, Out 3, UtM 3
Components: V
Casting Time: 1 swift action
Range: Touch
Effect: 1 trip attempt
Duration: Instantaneous
Saving Throw: Special (see text)
Spell Resistance: Yes

Power Word, Turn	211
Conjuration (Creation) [Good, Power]
Level: Elc 5, UtM 6
Components: V
Casting Time: 1 standard action
Range: Close (25 ft. + 5 ft. /2 levels)
Area: Several undead creatures in a 20-ft. radius burst
Duration: Instantaneous
Saving Throw: None
Spell Resistance: Yes

Power Word, Unbind	211
Abjuration [Power]
Level: Elc 5, Mur 4, UtM 5
Casting Time: 1 swift action
Except as noted above and below, this spell is exactly like power word, dispel.

Power Word, Undeath	211
Necromancy [Death, Evil, Power]
Level: Elc 9, UtM 9
Components: V
Casting Time: 1 standard action
Range: 30 feet
Target: One living humanoid creature
Duration: Instantaneous
Saving Throw: None
Spell Resistance: Yes

Power Word, Vassal	212
Enchantment (Compulsion) [Language-Dependent,
Mind-Affecting, Power]
Level: Elc 5, UtM 6, Wit 6
Components: V
Casting Time: 1 standard action
Range: 30 feet
Target: One humanoid creature
Duration: 1d6+1 rounds
Saving Throw: None
Spell Resistance: Yes

Reflection	212
Level: Clr 8, Magic 8, Sor/Wiz 8
Components: V, S, M
Except as noted above and below, this spell is exactly
like dispel magic. You

Reflexes	213
Transmutation [Power]
Level: Asn 1, Brd 0, Elc 0, Mur 0, UtM 0
Components: V
Casting Time: 1 standard action
Range: Personal
Target: You
Duration: One round/level

Ride the Lightning	213
Conjuration (Teleportation) [Electricity]
Level: Sor/Wiz 7
Components: V, S, M
Casting Time: 1 standard action
Range: Touch and medium (100 ft. + 10 ft. /level); or
touch and 50 ft + 5 ft. /level (see text)
Area: 5 ft. wide to medium range (100 ft. + 10 ft. /level);
or 10 ft. wide to 50 ft + 5 ft. /level
Target: The character and touched objects or other
touched willing creatures weighing up to 50 lb./level
(see text)
Duration: Instantaneous
Saving Throw: Reflex half and none (see text)
Spell Resistance: Yes

Scream of Fear	214
Illusion (Phantasm) [Death, Fear, Mind-Affecting, Power,
Sonic]
Level: Brd 5, Elc 5, UtM 5, Wit 6
Components: V
Casting Time: 1 standard action
Range: Medium (100 ft. + 10 ft. /level)
Target: One living creature
Duration: Instantaneous
Saving Throw: Will disbelief (if interacted with), then
Fortitude partial; see text
Spell Resistance: Yes

Shield of Frost	214
Transmutation [Cold]
Level: Clr 4, Drd 3, HlT 4, Rgr 3, Sor/Wiz 4
Components: V, S, DF
Casting Time: 1 standard action
Range: Touch
Target: Shield touched
Duration: 1 round/level
Saving Throw: Will negates (harmless, object)
Spell Resistance: No

Shock Zone	214
Abjuration [Electricity]
Level: Clr 3, HlT 3, Sor/Wiz 3
Components: V, S, M/DF
Casting Time: 1 standard action
Range: Medium (100 ft. + 10 ft. /level)
Area: 30 ft. radius emanation
Duration: Concentration + 1 round/level
Saving Throw: Fortitude half
Spell Resistance: Yes

Shout of Healing	215
Level: Elc 7
This spell functions like shout of healing, lesser, except
that it cures 2d8 points of damage +1 point per caster
level (maximum +30).

Shout of Healing, Greater	215
Level: Elc 8
This spell functions like shout of healing, lesser, except
that it cures 3d8 points of damage +1 point per caster
level (maximum +35).

Shout of Healing, Lesser	215
Conjuration (Healing) [Power, Sonic]
Level: Elc 6
Components: V
Range: Close (25 ft. + 5 ft. /2 levels)
Target: 1 creature/level, no two of which can be more
than 30 ft. apart
Duration: Instantaneous
Saving Throw: Will half (harmless) or Will half; see
text
Spell Resistance: Yes (harmless) and Yes; see text

Skeletonize	215
Necromancy [Evil, Power]
Level: Elc 4, UtM 5
Components: V
Casting Time: 1 standard action
Range: Touch
Target: One or more corpses touched
Duration: Instantaneous
Saving Throw: None
Spell Resistance: No

Spear of Haunting	216
Necromancy [Fear, Mind-Affecting]
Level: Clr 2, DrL 2, HlT 2, Sor/Wiz 2, Wit 2
Components: V, S, M
Casting Time: 1 standard action
Range: Medium (100 ft. + 10 ft./level)
Effect: 1 spear + 1 spear /3 levels
Duration: 1 round
Saving Throw: Will negates
Spell Resistance: No

Spell Harvest	216
Evocation
Level: Drd 7, Sha 7
Components: V, S, M, DF
Casting Time: 10 minutes
Range: Personal
Target: You
Duration: 1 day/level

Stamina	217
Transmutation [Power]
Level: Blk 1, Elc 0, Pal 1, Rgr 1, UtM 0, Wit 0
Components: V
Casting Time: 1 standard action
Range: Personal
Target: You
Duration: One round/level

Stone of Intervention	217
Abjuration [Earth]
Level: Sor/Wiz 2
Components: V, S, M
Casting Time: 1 standard action
Range: Touch
Target: Creature touched
Duration: 10 minutes/level or until discharged
Saving Throw: Will negates (harmless)
Spell Resistance: Yes (harmless)

Stop	217
Level: Brd 0, Clr 0, Drd 0, Elc 0, HlT 0, Mur 0, Sor/
Wiz 0, UtM 0
Except as noted above and below this spell is exactly
like power word, dispel.
The caster makes dispel checks at 1d20.

Weaken Will	218
Transmutation [Power]
Level: Blk 2, Elc 1, UtM 1, Wit 1
Components: V
Casting Time: 1 standard action
Range: 30 feet
Target: One creature
Duration: 1 round/level
Saving Throw: Fortitude negates
Spell Resistance: Yes

Weakling	218
Transmutation [Power]
Level: Blk 3, Elc 2, UtM 2, Wit 2
Components: V
Casting Time: 1 standard action
Range: 30 feet
Target: One creature
Duration: Permanent
Saving Throw: Fortitude negates
Spell Resistance: Yes

Whisper of Healing	218
Conjuration (Healing) [Power, Sonic]
Level: Elc 1, Mep 2, Pal 1, Rgr 1
Components: V
Casting Time: 1 swift action; see text
Range: 5 feet
Target: One creature
Duration: Instantaneous
Saving Throw: Will half (harmless); see text
Spell Resistance: Yes (harmless); see text

Whisper of Healing, Lesser	218
Level: Brd 0, Elc 0
This spell functions like whisper of healing, except that
it cures 1 point of damage.

Willpower	219
Transmutation [Power]
Level: Blk 1, Elc 0, Mur 1, Pal 1, Rgr 1, UtM 0, Wit 0
Components: V
Casting Time: 1 standard action
Range: Personal
Target: You
Duration: One round/level

Wings of the Draco	219
Transmutation
Level: Clr 6
Components: V, S, M, DF
Casting Time: 1 standard action
Range: Touch
Target: 1 creature
Duration: 1 round + 2 rounds/level
Saving Throw: Will negates (Harmless)
Spell Resistance: Yes (Harmless)

Withstand	219
Abjuration [Power]
Level: Elc 2, UtM 2
Components: V
Casting Time: 1 standard action
Range: Personal
Target: You
Duration: 1 minute/level

Word of Anger	219
Evocation [Power, Sonic]
Level: Elc 6, UtM 5
Components: V
Casting Time: 1 standard action
Range: Medium (100 ft. + 10 ft. /level)
Target: Up to ten creatures, no two of which can be
more than 30 ft. apart
Duration: Instantaneous
Saving Throw: None
Spell Resistance: Yes

Word of Averting	220
Abjuration [Power]
Level: Elc 1, Mur 1, Out 1, UtM 1
Except as noted above and below, this spell is exactly
like power word, dispel. The caster makes dispel checks
at 1d20 + half his caster level (maximum +5).

Word of Burden	220
Transmutation [Power]
Level: Elc 4, Rgr 2, UtM 4
Components: V
Casting Time: 1 standard action
Range: Close (25 ft. + 5 ft. /2 levels)
Target: One or more creatures in a 10-ft. radius
Duration: 1 round/level
Saving Throw: Fortitude negates
Spell Resistance: Yes

Word of Contemplation	220
Enchantment (Compulsion) [Language-Dependent,
Mind-Affecting, Power]
Level: Elc 1, Pal 2
Components: V
Casting Time: 1 standard action
Range: Close (25 ft. + 5 ft. /2 levels)
Target: One language-speaking creature
Duration: 1d2 minutes
Saving Throw: Will negates
Spell Resistance: Yes

Word of Dispelling	221
Level: Elc 4, Mur 3, UtM 4
Casting Time: 1 swift action
Except as noted above and below, this spell is exactly
like power word, dispel. The caster makes dispel checks
at 1d20 + his caster level (maximum +10).

Word of Dissention	221
Enchantment (Compulsion) [Mind-Affecting, Power]
Level: Brd 6, Elc 7, UtM 7, Wit 7
Components: V
Casting Time: 1 standard action
Range: Medium (100 ft. + 10 ft. /level)
Area: Creatures within a 20-ft. radius spread
Duration: 1 round/level
Saving Throw: Will negates
Spell Resistance: Yes

Word of Divinity	221
Evocation [Power]
Level: Elc 6
Components: V
Casting Time: 1 standard action
Range: Personal
Target: You
Duration: 1 round/level

Word of Fear	221
Necromancy [Fear, Mind-Affecting, Power]
Level: Elc 8, UtM 8
Components: V
Casting Time: 1 standard action
Range: 40 feet
Area: 30-ft. radius burst
Duration: 1 round/caster level
Saving Throw: Will partial
Spell Resistance: Yes

Word of Fury	222
Evocation [Power, Sonic, see text]
Level: Elc 9, UtM 9
This spell is exactly like word of anger except as noted
above and below. The caster shoots ten missiles that
each does 1d8 sonic damage. The arcane version of
this spell also has the [Force] descriptor and does an
additional 1d6 force damage/missile against incorporeal
creatures. The divine version of this spell has one of the
alignment components (lawful, good, chaotic, or evil)
of its caster as an additional descriptor (caster's choice)
and does an extra 1d6 damage/missile to creatures that
are normally harmed by that type of damage (axiomatic,
holy, anarchic, or unholy, respectively).

Word of Healing	222
Level: Elc 3, Mep 4, Pal 4, Rgr 4
This spell functions like word of healing, lesser, except
that it cures 2d8 points of damage +1 point per caster
level (maximum +15).

Word of Healing, Greater	222
Level: Elc 4
This spell functions like word of healing, lesser, except
that it cures 3d8 points of damage +1 point per caster
level (maximum +20).

Word of Healing, Lesser	222
Conjuration (Healing) [Power, Sonic]
Level: Elc 2, Mep 3, Pal 2, Rgr 3
Components: V
Casting Time: 1 standard action
Range: 10 feet
Target: One Creature
Duration: Instantaneous
Saving Throw: Will half (harmless); see text
Spell Resistance: Yes (harmless); see text

Word of Insanity	223
Enchantment (Compulsion) [Mind-Affecting, Power]
Level: Elc 9, Wit 9
Components: V
Casting Time: 1 standard action
Range: Medium (100 ft. + 10 ft. /level)
Target: One or more living creatures in a 15-ft. radius
Duration: Instantaneous
Saving Throw: Will negates
Spell Resistance: Yes

Word of Ire	223
Evocation [Power, Sonic]
Level: Elc 1, UtM 1
Components: V
Casting Time: 1 standard action
Range: Medium (100 ft. + 10 ft. /level)
Targets: One creature
Duration: Instantaneous
Saving Throw: None
Spell Resistance: Yes

Word of Metamorphosis	224
Transmutation [Power]
Level: Drd 7, Elc 7, Sha 7, UtM 5
Components: V
Casting Time: 1 standard action
Range: Touch
Target: Willing living creature touched
Duration: 1 min. /level (D)
Saving Throw: None
Spell Resistance: No

Word of Pain	224
Necromancy [Evil, Power]
Level: Elc 6, UtM 6
Components: V
Casting Time: 1 standard action
Range: Close (25 ft. + 5 ft. /2 levels)
Area: 30-ft. radius burst
Duration: Instantaneous and see text
Saving Throw: Fortitude partial
Spell Resistance: Yes

Word of Reflection	225
Level: Elc 9, Mur 6, UtM 9
Components: V
Except as noted above and below, this spell is exactly
like dispel magic. The caster makes dispel checks at
1d20 + his caster level (maximum +25)

Word of Remedy	225
Conjuration (Healing) [Power]
Level: Clr 4, Drd 4, Elc 4, HlT 4, Mep 4, Pal 4, Rgr 4
Components: V
Casting Time: 1 standard action
Range: Touch
Target: Creature touched
Duration: Instantaneous
Saving Throw: Fortitude negates (Harmless)
Spell Resistance: Yes (Harmless)

Word of Rest	225
Transmutation [Power]
Level: Elc 4, Mep 4, Rgr 4, UtM 4
Components: V
Casting Time: 1 standard action
Range: Touch
Target: One fatigued or exhausted creature/4 caster levels
Duration: Instantaneous
Saving Throw: Fortitude (harmless)
Spell Resistance: Yes (harmless)

Word of Restoration	226
Conjuration (Healing) [Power]
Level: Elc 5
This spell functions like word of restoration, lesser,
except that it also dispels negative levels and restores
one experience level

Word of Restoration, Greater	226
Conjuration (Healing) [Power]
Level: Elc 9
Components: V, XP
This spell functions like word of restoration, lesser,
except that it dispels all negative levels afflicting

Word of Restoration, Lesser	226
Conjuration (Healing) [Power]
Level: Elc 3
Components: V
Casting Time: 1 standard action
Range: Touch
Target: Creature touched
Duration: Instantaneous
Saving Throw: Will negates (harmless)
Spell Resistance: Yes (harmless)

Word of Silence	227
Illusion (Glamer) [Power]
Level: Brd 4, Elc 3, UtM 3
Components: V
Casting Time: 1 standard action
Range: Long (400 ft. + 40 ft. /level)
Area: 20-ft. radius emanation centered on a creature,
object, or point in space
Duration: 1 min./level (D)
Saving Throw: Will negates; see text or none (object)
Spell Resistance: Yes; see text or no (object)

Word of Submission	227
Enchantment [Compulsion, Power]
Level: Charm 9, Elc 9, Wit 9
Components: V
Casting Time: 1 standard action
Range: Close (25 ft. + 5 ft. /2 levels)
Target: 1 creature with 150 hp or less
Duration: 1d4 rounds + 1 round/6 levels
Saving Throw: None
Spell Resistance: Yes

Word of Undoing	227
Level: Brd 6, Elc 7, Mur 5, UtM 7
Casting Time: 1 immediate action
Except as noted above and below, this spell is exactly
like power word, dispel. The caster makes dispel checks
at 1d20 + his caster level (maximum +20).

Wrath of Alfheim	228
Evocation [Acid, Electricity, Fire, Good, Lawful, Sonic]
Level: Clr 9, HlT 5
Components: V, S, DF, XP
Casting Time: 1 standard action
Range: Special (see text)
Area: Special (see text)
Duration: Special (see text)
Saving Throw: Reflex half
Spell Resistance: No

Zombify	228
Necromancy [Evil, Power]
Level: Elc 5, UtM 6
Components: V
Casting Time: 1 standard action
Range: Touch
Target: One or more corpses touched
Duration: Instantaneous
Saving Throw: None
Spell Resistance: No




