# SOURCELONG:Ocastia Campaign Setting - Book 2 - Player's Guide	SOURCESHORT:OCS_PG	
# ORIGINAL ENTRY BY: Andrew Maitland
# ORIGINAL ENTRY DATE: 2011-11-26

ABILITYCATEGORY:Half-Dragon Parentage Choice			VISIBLE:QUALIFY	CATEGORY:Internal	TYPE:HalfDragonParent	EDITABLE:YES	EDITPOOL:YES	DISPLAYLOCATION:Racial Abilities
# Discretionary Powers Pools ---
ABILITYCATEGORY:Half-Black Adamantite Discretionary Powers	CATEGORY:Special Ability	TYPE:HalfBlackAdDiscretionary		EDITABLE:YES	EDITPOOL:YES	VISIBLE:QUALIFY		DISPLAYLOCATION:Racial Abilities
ABILITYCATEGORY:Half-Bronze Discretionary Powers		CATEGORY:Special Ability	TYPE:HalfBronzeDiscretionary		EDITABLE:YES	EDITPOOL:YES	VISIBLE:QUALIFY		DISPLAYLOCATION:Racial Abilities
ABILITYCATEGORY:Half-Gold Discretionary Powers			CATEGORY:Special Ability	TYPE:HalfGoldDiscretionary		EDITABLE:YES	EDITPOOL:YES	VISIBLE:QUALIFY		DISPLAYLOCATION:Racial Abilities
ABILITYCATEGORY:Half-Gold Adamantite Discretionary Powers	CATEGORY:Special Ability	TYPE:HalfGoldAdDiscretionary		EDITABLE:YES	EDITPOOL:YES	VISIBLE:QUALIFY		DISPLAYLOCATION:Racial Abilities
ABILITYCATEGORY:Half-Red Adamantite Discretionary Powers	CATEGORY:Special Ability	TYPE:HalfRedAdDiscretionary		EDITABLE:YES	EDITPOOL:YES	VISIBLE:QUALIFY		DISPLAYLOCATION:Racial Abilities
ABILITYCATEGORY:Half-Royal Adamantite Discretionary Powers	CATEGORY:Special Ability	TYPE:HalfRoyalAdDiscretionary		EDITABLE:YES	EDITPOOL:YES	VISIBLE:QUALIFY		DISPLAYLOCATION:Racial Abilities
ABILITYCATEGORY:Half-Silver Discretionary Powers		CATEGORY:Special Ability	TYPE:HalfSilverDiscretionary		EDITABLE:YES	EDITPOOL:YES	VISIBLE:QUALIFY		DISPLAYLOCATION:Racial Abilities
ABILITYCATEGORY:Half-Silver Adamantite Discretionary Powers	CATEGORY:Special Ability	TYPE:HalfSilverAdDiscretionary	EDITABLE:YES	EDITPOOL:YES	VISIBLE:QUALIFY		DISPLAYLOCATION:Racial Abilities
ABILITYCATEGORY:Half-Yellow Discretionary Powers		CATEGORY:Special Ability	TYPE:HalfYellowAdDiscretionary	EDITABLE:YES	EDITPOOL:YES	VISIBLE:QUALIFY		DISPLAYLOCATION:Racial Abilities

# Cavern Elf MWP Choices
ABILITYCATEGORY:Cavern Elf Martial Proficiency			CATEGORY:Special Ability	TYPE:CavernElfWPChoice			EDITABLE:YES	EDITPOOL:YES	VISIBLE:QUALIFY		DISPLAYLOCATION:Racial Abilities		




# Implementing Racial Traits to Support the discretionary Power

# Half-Dragon Base Races mentioned
ABILITYCATEGORY:Dwarf Racial Trait		VISIBLE:QUALIFY	EDITABLE:YES	EDITPOOL:NO	FRACTIONALPOOL:NO	CATEGORY:Special Ability	TYPE:DwarfRacialTrait		ABILITYLIST:Grant Default Racial Abilities|Remove Racial Trait	PLURAL:Dwarf Racial Traits	DISPLAYLOCATION:Racial Abilities
ABILITYCATEGORY:Elf Racial Trait		VISIBLE:QUALIFY	EDITABLE:YES	EDITPOOL:NO	FRACTIONALPOOL:NO	CATEGORY:Special Ability	TYPE:ElfRacialTrait		ABILITYLIST:Grant Default Racial Abilities|Remove Racial Trait	PLURAL:Elf Racial Traits	DISPLAYLOCATION:Racial Abilities
ABILITYCATEGORY:Gnome Racial Trait		VISIBLE:QUALIFY	EDITABLE:YES	EDITPOOL:NO	FRACTIONALPOOL:NO	CATEGORY:Special Ability	TYPE:GnomeRacialTrait		ABILITYLIST:Grant Default Racial Abilities|Remove Racial Trait	PLURAL:Gnome Racial Traits	DISPLAYLOCATION:Racial Abilities
ABILITYCATEGORY:Halfling Racial Trait	VISIBLE:QUALIFY	EDITABLE:YES	EDITPOOL:NO	FRACTIONALPOOL:NO	CATEGORY:Special Ability	TYPE:HalflingRacialTrait	ABILITYLIST:Grant Default Racial Abilities|Remove Racial Trait	PLURAL:Halfling Racial Traits	DISPLAYLOCATION:Racial Abilities
ABILITYCATEGORY:Half-Elf Racial Trait	VISIBLE:QUALIFY	EDITABLE:YES	EDITPOOL:NO	FRACTIONALPOOL:NO	CATEGORY:Special Ability	TYPE:HalfElfRacialTrait		ABILITYLIST:Grant Default Racial Abilities|Remove Racial Trait	PLURAL:Half-Elf Racial Traits	DISPLAYLOCATION:Racial Abilities
ABILITYCATEGORY:Human Racial Trait		VISIBLE:QUALIFY	EDITABLE:YES	EDITPOOL:NO	FRACTIONALPOOL:NO	CATEGORY:Special Ability	TYPE:HumanRacialTrait		ABILITYLIST:Grant Default Racial Abilities|Remove Racial Trait	PLURAL:Human Racial Traits	DISPLAYLOCATION:Racial Abilities
ABILITYCATEGORY:Magir Racial Trait		VISIBLE:QUALIFY	EDITABLE:YES	EDITPOOL:NO	FRACTIONALPOOL:NO	CATEGORY:Special Ability	TYPE:MagirRacialTrait		ABILITYLIST:Grant Default Racial Abilities|Remove Racial Trait	PLURAL:Magir Racial Traits	DISPLAYLOCATION:Racial Abilities

# Dwarves
ABILITYCATEGORY:Foul Dwarf Racial Trait	VISIBLE:QUALIFY	EDITABLE:YES	EDITPOOL:NO	FRACTIONALPOOL:NO	CATEGORY:Special Ability	TYPE:FoulDwarfRacialTrait	ABILITYLIST:Grant Default Racial Abilities|Remove Racial Trait	PLURAL:Foul Dwarf Racial Traits	DISPLAYLOCATION:Racial Abilities
ABILITYCATEGORY:Hammer Dwarf Racial Trait	VISIBLE:QUALIFY	EDITABLE:YES	EDITPOOL:NO	FRACTIONALPOOL:NO	CATEGORY:Special Ability	TYPE:HammerDwarfRacialTrait	ABILITYLIST:Grant Default Racial Abilities|Remove Racial Trait	PLURAL:Hammer Dwarf Racial Traits	DISPLAYLOCATION:Racial Abilities
ABILITYCATEGORY:Ice Dwarf Racial Trait	VISIBLE:QUALIFY	EDITABLE:YES	EDITPOOL:NO	FRACTIONALPOOL:NO	CATEGORY:Special Ability	TYPE:IceDwarfRacialTrait	ABILITYLIST:Grant Default Racial Abilities|Remove Racial Trait	PLURAL:Ice Dwarf Racial Traits	DISPLAYLOCATION:Racial Abilities
ABILITYCATEGORY:Iron Dwarf Racial Trait	VISIBLE:QUALIFY	EDITABLE:YES	EDITPOOL:NO	FRACTIONALPOOL:NO	CATEGORY:Special Ability	TYPE:IronDwarfRacialTrait	ABILITYLIST:Grant Default Racial Abilities|Remove Racial Trait	PLURAL:Iron Dwarf Racial Traits	DISPLAYLOCATION:Racial Abilities

# Elves
ABILITYCATEGORY:Cavern Elf Racial Trait	VISIBLE:QUALIFY	EDITABLE:YES	EDITPOOL:NO	FRACTIONALPOOL:NO	CATEGORY:Special Ability	TYPE:CavernElfRacialTrait	ABILITYLIST:Grant Default Racial Abilities|Remove Racial Trait	PLURAL:Cavern Elf Racial Traits	DISPLAYLOCATION:Racial Abilities
ABILITYCATEGORY:Draconic Elf Racial Trait	VISIBLE:QUALIFY	EDITABLE:YES	EDITPOOL:NO	FRACTIONALPOOL:NO	CATEGORY:Special Ability	TYPE:DraconicElfRacialTrait	ABILITYLIST:Grant Default Racial Abilities|Remove Racial Trait	PLURAL:Draconic Elf Racial Traits	DISPLAYLOCATION:Racial Abilities
ABILITYCATEGORY:Feral Elf Racial Trait	VISIBLE:QUALIFY	EDITABLE:YES	EDITPOOL:NO	FRACTIONALPOOL:NO	CATEGORY:Special Ability	TYPE:FeralElfRacialTrait	ABILITYLIST:Grant Default Racial Abilities|Remove Racial Trait	PLURAL:Feral Elf Racial Traits	DISPLAYLOCATION:Racial Abilities
ABILITYCATEGORY:Forest Elf Racial Trait	VISIBLE:QUALIFY	EDITABLE:YES	EDITPOOL:NO	FRACTIONALPOOL:NO	CATEGORY:Special Ability	TYPE:ForestElfRacialTrait	ABILITYLIST:Grant Default Racial Abilities|Remove Racial Trait	PLURAL:Forest Elf Racial Traits	DISPLAYLOCATION:Racial Abilities
ABILITYCATEGORY:Oceanic Elf Racial Trait	VISIBLE:QUALIFY	EDITABLE:YES	EDITPOOL:NO	FRACTIONALPOOL:NO	CATEGORY:Special Ability	TYPE:OceanicElfRacialTrait	ABILITYLIST:Grant Default Racial Abilities|Remove Racial Trait	PLURAL:Oceanic Elf Racial Traits	DISPLAYLOCATION:Racial Abilities
ABILITYCATEGORY:Polar Elf Racial Trait	VISIBLE:QUALIFY	EDITABLE:YES	EDITPOOL:NO	FRACTIONALPOOL:NO	CATEGORY:Special Ability	TYPE:PolarElfRacialTrait	ABILITYLIST:Grant Default Racial Abilities|Remove Racial Trait	PLURAL:Polar Elf Racial Traits	DISPLAYLOCATION:Racial Abilities
ABILITYCATEGORY:Royal Elf Racial Trait	VISIBLE:QUALIFY	EDITABLE:YES	EDITPOOL:NO	FRACTIONALPOOL:NO	CATEGORY:Special Ability	TYPE:RoyalElfRacialTrait	ABILITYLIST:Grant Default Racial Abilities|Remove Racial Trait	PLURAL:Royal Elf Racial Traits	DISPLAYLOCATION:Racial Abilities
ABILITYCATEGORY:Sky Elf Racial Trait	VISIBLE:QUALIFY	EDITABLE:YES	EDITPOOL:NO	FRACTIONALPOOL:NO	CATEGORY:Special Ability	TYPE:SkyElfRacialTrait		ABILITYLIST:Grant Default Racial Abilities|Remove Racial Trait	PLURAL:Sky Elf Racial Traits		DISPLAYLOCATION:Racial Abilities
ABILITYCATEGORY:Wraith Elf Racial Trait	VISIBLE:QUALIFY	EDITABLE:YES	EDITPOOL:NO	FRACTIONALPOOL:NO	CATEGORY:Special Ability	TYPE:WraithElfRacialTrait	ABILITYLIST:Grant Default Racial Abilities|Remove Racial Trait	PLURAL:Wraith Elf Racial Traits	DISPLAYLOCATION:Racial Abilities

# Gnomes
#ABILITYCATEGORY:x Racial Trait	VISIBLE:QUALIFY	EDITABLE:YES	EDITPOOL:NO	FRACTIONALPOOL:NO	CATEGORY:Special Ability	TYPE:RacialTrait	ABILITYLIST:Grant Default Racial Abilities|Remove Racial Trait	PLURAL:Dwarf Racial Traits	DISPLAYLOCATION:Racial Abilities




###Block: Class Support

# ~ Arcane Juggler
ABILITYCATEGORY:Improved Arcane Juggle		VISIBLE:QUALIFY	EDITABLE:YES	EDITPOOL:NO	FRACTIONALPOOL:NO	CATEGORY:Special Ability	DISPLAYLOCATION:Class Abilities	TYPE:ArcaneJugglerImprovedArcaneJuggle

# ~ Beast Lord
ABILITYCATEGORY:Animal Bonding			VISIBLE:QUALIFY	EDITABLE:YES	EDITPOOL:NO	FRACTIONALPOOL:NO	CATEGORY:FEAT	DISPLAYLOCATION:Feats	ABILITYLIST:Animal Bonding
ABILITYCATEGORY:Beast Lord Wild Shape Choice	VISIBLE:QUALIFY	EDITABLE:YES	EDITPOOL:NO	FRACTIONALPOOL:NO	CATEGORY:Special Ability	DISPLAYLOCATION:Class Abilities	ABILITYLIST:Wild Shape ~ Beast Lord Display
# ~ Cerberus Agent

ABILITYCATEGORY:Cerberus Agent Bonus Feat		VISIBLE:QUALIFY	EDITABLE:YES	EDITPOOL:NO	FRACTIONALPOOL:NO	CATEGORY:FEAT	DISPLAYLOCATION:Feats	ABILITYLIST:Combat Expertise|Dodge|Improved Critical|Improved Feint|Improved Initiative|Negotiator|Persuasive|Stealthy|Track

# Multiple Classes
ABILITYCATEGORY:Zenith Fighting Style		VISIBLE:QUALIFY	EDITABLE:YES	EDITPOOL:NO	FRACTIONALPOOL:NO	CATEGORY:FEAT	DISPLAYLOCATION:Feats	ABILITYLIST:Blind-Fight|Cleave|Combat Reflexes|Dodge|Great Cleave|Improved Disarm|Improved Sunder|Mobility|Power Attack|Spring Attack|Whirlwind Attack

# ~ Dragon Rider
ABILITYCATEGORY:Dragon Rider Bonus Feat		VISIBLE:QUALIFY	EDITABLE:YES	EDITPOOL:NO	FRACTIONALPOOL:NO	CATEGORY:FEAT	DISPLAYLOCATION:Feats	ABILITYLIST:Improved Precise Shot|Manyshot|Precise Shot|Rapid Reload|Rapid Shot|Weapon Focus (TYPE=Ranged.PC)

ABILITYCATEGORY:Feral Raider Run Substitution	VISIBLE:QUALIFY	EDITABLE:YES	EDITPOOL:NO	FRACTIONALPOOL:NO	CATEGORY:FEAT	DISPLAYLOCATION:Feats	ABILITYLIST:Agile|Athletic

# ~ Holy Terror
ABILITYCATEGORY:Holy Terror Bonus Feat		VISIBLE:QUALIFY	EDITABLE:YES	EDITPOOL:NO	FRACTIONALPOOL:NO	CATEGORY:FEAT	DISPLAYLOCATION:Feats	ABILITYLIST:Empower Spell|Enlarge Spell|Extend Spell|Heighten Spell|Maximize Spell|Quicken Spell|Silent Spell|Still Spell

# ~ Knight of Manunzul
ABILITYCATEGORY:Knight of Manunzul Bonus Feat

# ~ Mastermind
ABILITYCATEGORY:Mastermind High Psionia

# ~ Mystic Teacher
ABILITYCATEGORY:Mystic Teacher Gained Knowledge
ABILITYCATEGORY:Navitus Flemen

#  ~ Observer Bonus
ABILITYCATEGORY:Observer Bonus Feat

# ~ Watchman 
ABILITYCATEGORY:Undead Insight



