SOURCELONG:Ocastia Campaign Setting - Book 2 - Player's Guide	SOURCESHORT:OCS_PG	
# ORIGINAL ENTRY BY: Andrew Maitland
# ORIGINAL ENTRY DATE: 2011-11-26



# Arcane Juggler

Arcane Juggle
Deflect Arrows
Performer
Improved Arcane Juggle
Juggling Step
Rapid Load
Arcane Door
Juggling Throw
Juggling Throw +1
Juggling Throw +2
Juggling Throw +3
Juggling Throw +4
Juggling Tumble

#TODO: Set up Improved Arcane Juggle Pool
Around the World (Su):
Enduring Juggle (Su):
Plane Arc (Su):
Plato-arc (Su):
Titanic Juggle (Su):
Ensnare (Su):
Improved Snare (Su):
