SOURCELONG:Ocastia Campaign Setting - Book 2 - Player's Guide	SOURCESHORT:OCS_PG	
# ORIGINAL ENTRY BY: Andrew Maitland
# ORIGINAL ENTRY DATE: 2011-11-26

#Dragon Lord Spell List:
#1st-	CLASSES:
Acid Splash.MOD			CLASSES:Dragon Lord=1
Burning Hands.MOD			CLASSES:Dragon Lord=1
Cause Fear.MOD			CLASSES:Dragon Lord=1
Endure Elements.MOD			CLASSES:Dragon Lord=1
Feather Fall.MOD			CLASSES:Dragon Lord=1
Magic Missile.MOD			CLASSES:Dragon Lord=1
Magic Weapon.MOD			CLASSES:Dragon Lord=1
Ray Of Frost.MOD			CLASSES:Dragon Lord=1
Shocking Grasp.MOD			CLASSES:Dragon Lord=1
#2nd-	CLASSES:
Acid Arrow.MOD			CLASSES:Dragon Lord=2
Bear's Endurance.MOD			CLASSES:Dragon Lord=2
Bull's Strength.MOD			CLASSES:Dragon Lord=2
Darkvision.MOD			CLASSES:Dragon Lord=2
Flaming Sphere.MOD			CLASSES:Dragon Lord=2
Pyrotechnics.MOD			CLASSES:Dragon Lord=2
Resist Energy.MOD			CLASSES:Dragon Lord=2
Scare.MOD			CLASSES:Dragon Lord=2
Spear Of Haunting.MOD			CLASSES:Dragon Lord=2
#3rd-	CLASSES:
Flame Arrow.MOD			CLASSES:Dragon Lord=3
Fly.MOD			CLASSES:Dragon Lord=3
Keen Edge.MOD			CLASSES:Dragon Lord=3
Power Word Flame.MOD			CLASSES:Dragon Lord=3
Power Word Shock.MOD			CLASSES:Dragon Lord=3
Rage.MOD			CLASSES:Dragon Lord=3
#4th-	CLASSES:
Confusion.MOD			CLASSES:Dragon Lord=4
Fear.MOD			CLASSES:Dragon Lord=4
Dragon Fist.MOD			CLASSES:Dragon Lord=4
Fire Shield.MOD			CLASSES:Dragon Lord=4
Fire Trap.MOD			CLASSES:Dragon Lord=4
Power Word Jump.MOD			CLASSES:Dragon Lord=4
Stoneskin.MOD			CLASSES:Dragon Lord=4

###Block:
Detect Evil.COPY=Detect Evil (60' radius)


#1st Level: Battlescars (granite pebble), cure minor wounds (small feather), detect poison (viper tongue), goodberry (any small berry), inflict minor wounds (small pine sliver)
#2nd Level: Blindness/deafness (pinch of sand), cure light wounds (drop of alcohol), delay poison (1 in. square piece of burlap), inflict light wounds (small copper sliver), remove blindness/deafness (handful of water), whisper of healing (miniature papyrus megaphone)
#3rd Level: Cure moderate wounds (? bar of soap), contagion (rat tail), inflict moderate wounds (small iron sliver), lesser word of healing (miniature parchment megaphone), nature's health (pinecone), remove disease (pinch of any healing herb)
#4th Level: Cure serious wounds (pinch of salt), inflict serious wounds (small steel sliver), lesser restoration (thin, 1 in. crystal rod), neutralize poison (pinch of sulfur), poison (viper fang), word of healing (miniature paper megaphone), word of remedy (aloe vera leaf), word of rest (drop of sweat)