SOURCELONG:Ocastia Campaign Setting - Book 2 - Player's Guide	SOURCESHORT:OCS_PG	
# ORIGINAL ENTRY BY: Andrew Maitland
# ORIGINAL ENTRY DATE: 2011-11-26

###Block: Prestige Classes

# Arcane Juggler

# Beast Lord

# Cerberus Agent

# Cord

# Dark Mystic

# Dark Path

# Dragon Rider

# Dragon Slayer

# Feral Raider

# Goblin Protector

# Holy Terror

# Horok Guardian

# Hundite Dragon

# Keeper

# Knight of Manunzul

# Living Compass

# Mastermind

# Metaphysician

# Monolith Sentinel

# Mystic Teacher

# Observer

# Permissionist

# Scarlet Rose

# Shakasan

# Troubadour

# Watchman

# Wereranger

# Wyrm Master