# CVS $Revision: $ $Author: $ -- Mon Aug  2 13:17:14 2004 -- reformated by prettylst.pl v1.32 (build 375)
SOURCELONG:Mongoose Publishing - Collector's Series - Quintessential Dwarf|SOURCESHORT:QuintDwarf|SOURCEWEB:http://mongoosepublishing.com
# Original Entry by: Brian Lubkeman

# Feat Name				Type				Req. Att.	Required Check Base		Required Feat																		Required Race	Required Skill			Special Ability				Define			Description													Stackable?	Multiple?	Bonus to skill					Damage Reduction	Source Page
Ancestral Enemy			TYPE:Dwarf										PREABILITY:1,CATEGORY=FEAT,Goblin Slayer																	PRERACE:Dwarf						SA:+2 to damage orcs/goblinoids	DEFINE:AttOrcGoblin|3	DESC:Your abilities battling goblinoids is superior to that of normal dwarfs.		STACK:YES	MULT:NO											SOURCEPAGE:p.38
Armoured Mage			TYPE:Dwarf										PREABILITY:1,CATEGORY=FEAT,Empower Spell,Enlarge Spell,Extend Spell,Heighten Spell,Maximize Spell,Quicken Spell,Silent Spell,Still Spell	PRERACE:Dwarf																DESC:Your affinity for metal allows you reduced spell failure while wearing armor.	STACK:NO	MULT:NO											SOURCEPAGE:p.38
Caustic Wit				TYPE:General.Dwarf																												PRERACE:Dwarf																DESC:You always have an insult at the ready.							STACK:NO	MULT:NO											SOURCEPAGE:p.38
Contact Shot			TYPE:General.Dwarf								PREABILITY:1,CATEGORY=FEAT,Point Blank Shot																PRERACE:Dwarf																DESC:You can use a crossbow or firearm in close combat and receive a bonus.		STACK:NO	MULT:NO											SOURCEPAGE:p.38
Crouched Combat			TYPE:Dwarf			PREATT:3																										PRERACE:Dwarf																DESC:You are able to fight from a kneeling or crouched position without penalty.	STACK:NO	MULT:NO											SOURCEPAGE:p.38
Giant Wrangler			TYPE:Dwarf																														PRERACE:Dwarf																DESC:Giants have a more difficult time hurting you.						STACK:NO	MULT:NO											SOURCEPAGE:p.38
Goblin Slayer			TYPE:General.Dwarf								PREABILITY:1,CATEGORY=FEAT,Rat Hacker																	PRERACE:Dwarf																DESC:You inflict extra damage on creatures smaller than you.				STACK:NO	MULT:NO											SOURCEPAGE:p.39
Instinctive Mining		TYPE:Dwarf																														PRERACE:Dwarf																DESC:Your mining talents are legendary.								STACK:NO	MULT:NO	BONUS:SKILL|Profession (Mining)|2					SOURCEPAGE:p.39
Iron Bones				TYPE:Dwarf										PREABILITY:1,CATEGORY=FEAT,Stone Bones																	PRERACE:Dwarf																DESC:You are more resistant to physical damage.							STACK:NO	MULT:NO								DR:4			SOURCEPAGE:p.39
Magical Null			TYPE:Dwarf																														PRERACE:Dwarf																DESC:You are more resistant to magical spells.							STACK:NO	MULT:NO											SOURCEPAGE:p.39
Natural Smith (Armour)		TYPE:Dwarf																														PRERACE:Dwarf																DESC:You produce high-quality armor with greater ease.					STACK:NO	MULT:NO	BONUS:SKILL|Craft (Armoursmithing)|2				SOURCEPAGE:p.39
Natural Smith (weapons)		TYPE:Dwarf																														PRERACE:Dwarf																DESC:You produce high-quality weapons with greater ease.					STACK:NO	MULT:NO	BONUS:SKILL|Craft (Weaponsmithing)|2				SOURCEPAGE:p.39
Pixie Butcher			TYPE:General.Dwarf								PREABILITY:1,CATEGORY=FEAT,Goblin Slayer																	PRERACE:Dwarf																DESC:You inflict yet more damage on creatures smaller than you.				STACK:NO	MULT:NO											SOURCEPAGE:p.39
Poison Immunity			TYPE:General.Dwarf			PRECHECKBASE:1,Fortitude=5	PREABILITY:1,CATEGORY=FEAT,Poison Resistance																PRERACE:Dwarf																DESC:You are nearly immune to poisons that cause a particular type of damage.		STACK:NO	MULT:NO											SOURCEPAGE:p.40
Poison Resistance			TYPE:General.Dwarf			PRECHECKBASE:1,Fortitude=3																					PRERACE:Dwarf																DESC:You are resistant to poisons that cause a particular type of damage.		STACK:NO	MULT:YES											SOURCEPAGE:p.40
Rat Hacker				TYPE:General.Dwarf	PREATT:5																										PRERACE:Dwarf																DESC:You are skilled at fighting creatures smaller than yourself.				STACK:NO	MULT:NO											SOURCEPAGE:p.40
Rune Magic				TYPE:Metamagic.Dwarf																												PRERACE:Dwarf																DESC:You are able to inscribe magical runes.							STACK:NO	MULT:NO											SOURCEPAGE:p.40
Rune Magic (Grafted Runes)	TYPE:Metamagic.Dwarf								PREABILITY:1,CATEGORY=FEAT,Rune Magic																	PRERACE:Dwarf	PRESKILL:1,Spellcraft=10											DESC:You are able to graft magical runes.								STACK:NO	MULT:NO											SOURCEPAGE:p.40
Rune Magic (Specific Rune)	TYPE:Metamagic.Dwarf								PREABILITY:1,CATEGORY=FEAT,Rune Magic																	PRERACE:Dwarf	PRESKILL:1,Spellcraft=10											DESC:You can inscribe a rune such that anyone can unleash its power.			STACK:NO	MULT:NO											SOURCEPAGE:p.40
Sprite Fender			TYPE:General.Dwarf								PREABILITY:1,CATEGORY=FEAT,Goblin Slayer																	PRERACE:Dwarf																DESC:You are skilled at avoiding attacks from creatures smaller than yourself.	STACK:NO	MULT:NO											SOURCEPAGE:p.40
Stone Bones				TYPE:Dwarf										PREABILITY:1,CATEGORY=FEAT,Toughness																	PRERACE:Dwarf																DESC:You are resistant to physical damage.							STACK:NO	MULT:NO											SOURCEPAGE:p.40
