# CVS $Revision: $ $Author: $ -- Mon Aug  2 13:17:14 2004 -- reformated by prettylst.pl v1.32 (build 375)
SOURCELONG:Mongoose Publishing - Collector's Series - Quintessential Dwarf|SOURCESHORT:QuintDwarf|SOURCEWEB:http://mongoosepublishing.com
# Original Entry by: Brian Lubkeman

# Weapon Name			Type			Nb Hands	Size
Armour Blades			TYPE:Martial			SIZE:S
Bolt Driver				TYPE:Martial			SIZE:M
Crossbow (Axe-bladed, Bow)	TYPE:Simple		HANDS:2	SIZE:M
Crossbow (Axe-bladed, Axe)	TYPE:Martial	HANDS:2	SIZE:M
Rock Crusher			TYPE:Exotic				SIZE:L
#Runecannon (Defender)		TYPE:Exotic	SIZE:L	HANDS:2
#Runecannon (Long)		TYPE:Exotic	SIZE:M	HANDS:2
#Runecannon (Offhand)		TYPE:Exotic	SIZE:S
#Runecannon (Short)		TYPE:Exotic	SIZE:S
#Runecannon (Stationary)	TYPE:Exotic	SIZE:L	HANDS:2
Runecannon				TYPE:Exotic
Shield Hook				TYPE:Martial			SIZE:L
Socket Haft (Spear)		TYPE:Simple		HANDS:2	SIZE:M
Socket Haft (Battleaxe)		TYPE:Martial			SIZE:M
Socket Haft (Warhammer)		TYPE:Martial			SIZE:M
Springspear				TYPE:Martial			SIZE:M
