# CVS $Revision: $ $Author: $ -- Mon Aug  2 13:17:14 2004 -- reformated by prettylst.pl v1.32 (build 375)
SOURCELONG:Mongoose Publishing - Collector's Series - Quintessential Dwarf|SOURCESHORT:QuintDwarf|SOURCEWEB:http://mongoosepublishing.com
# Original Entry by: Brian Lubkeman

# Equipment Name		Type						Cost		Weight	Source Page		Required Proficiency			Critical Hit Multiplier		Critical Hit Range	Damage		Range		Reach		Size
#--- SIMPLE RANGED ----------------------------------------------------------------
# Equipment Name			Output Name						Required Proficiency			Type								Cost		Weight	Critical Hit Multiplier	Critical Hit Range	Damage		Range		Reach		Size		Source Page
Crossbow (Axe bladed bow)	OUTPUTNAME:Crossbow, Axe-bladed (bow)	PROFICIENCY:Crossbow, Axe-bladed	TYPE:Weapon.Simple.Ranged.Standard.Piercing	COST:150	WT:15		CRITMULT:x2			CRITRANGE:2			DAMAGE:1d10		RANGE:100			SIZE:M	SOURCEPAGE:p.45
Socket Haft (spear)									PROFICIENCY:Socket Haft			TYPE:Weapon.Simple.Ranged.Standard.Piercing	COST:125	WT:13		CRITMULT:x3			CRITRANGE:1			DAMAGE:1d6		RANGE:10			SIZE:M	SOURCEPAGE:p.45

#--- MARTIAL MELEE ----------------------------------------------------------------
Armour Blades																TYPE:Weapon.Martial.Melee.Standard.Slashing	COST:100	WT:10		CRITMULT:x3			CRITRANGE:2			DAMAGE:1d6						SIZE:S	SOURCEPAGE:p.45
Crossbow (Axe bladed axe)	OUTPUTNAME:Crossbow, Axe-bladed (axe)							TYPE:Weapon.Martial.Melee.Standard.Slashing					CRITMULT:x3			CRITRANGE:1			DAMAGE:1d6						SIZE:M	SOURCEPAGE:p.45
Shield Hook																	TYPE:Weapon.Martial.Melee.Standard			COST:25	WT:10		CRITMULT:x2			CRITRANGE:1			DAMAGE:1d2				REACH:10	SIZE:L	SOURCEPAGE:p.45
Socket Haft (battleaxe)									PROFICIENCY:Socket Haft			TYPE:Weapon.Martial.Melee.Standard.Slashing					CRITMULT:x3			CRITRANGE:1			DAMAGE:1d8						SIZE:M	SOURCEPAGE:p.45
Socket Haft (warhammer)									PROFICIENCY:Socket Haft			TYPE:Weapon.Martial.Melee.Standard.Bludgeoning					CRITMULT:x3			CRITRANGE:1			DAMAGE:1d8						SIZE:M	SOURCEPAGE:p.45
Springspear																	TYPE:Weapon.Martial.Melee.Standard.Piercing	COST:100	WT:20		CRITMULT:x4			CRITRANGE:1			DAMAGE:2d6						SIZE:M	SOURCEPAGE:p.45

#--- MARTIAL RANGED ---------------------------------------------------------------
Bolt Driver											PROFICIENCY:Crossbow, Axe-bladed	TYPE:Weapon.Martial.Ranged.Standard.Piercing	COST:50	WT:10		CRITMULT:x3			CRITRANGE:3			DAMAGE:2d10		RANGE:10			SIZE:M	SOURCEPAGE:p.45

#--- EXOTIC MELEE -----------------------------------------------------------------
Rock Crusher																TYPE:Weapon.Exotic.Melee.Standard.Bludgeoning	COST:50	WT:40		CRITMULT:x2			CRITRANGE:2			DAMAGE:3d4						SIZE:L	SOURCEPAGE:p.45

#--- EXOTIC RANGED ----------------------------------------------------------------
Runecannon (Defender)									PROFICIENCY:Runecannon			TYPE:Weapon.Exotic.Ranged.Standard			COST:2000	WT:30										DAMAGE:x2-x4					SIZE:L	SOURCEPAGE:p.45
Runecannon (Long)										PROFICIENCY:Runecannon			TYPE:Weapon.Exotic.Ranged.Standard			COST:1000	WT:7													RANGE:+50%			SIZE:M	SOURCEPAGE:p.45
Runecannon (Offhand)									PROFICIENCY:Runecannon			TYPE:Weapon.Exotic.Ranged.Standard			COST:500	WT:3													RANGE:-50%			SIZE:S	SOURCEPAGE:p.45
Runecannon (Short)									PROFICIENCY:Runecannon			TYPE:Weapon.Exotic.Ranged.Standard			COST:500	WT:5																	SIZE:S	SOURCEPAGE:p.45
Runecannon (Stationary)									PROFICIENCY:Runecannon			TYPE:Weapon.Exotic.Ranged.Standard			COST:5000	WT:100												RANGE:+200%			SIZE:L	SOURCEPAGE:p.45
