# CVS $Revision: $ $Author: $ -- Mon Aug  2 13:17:14 2004 -- reformated by prettylst.pl v1.32 (build 375)
SOURCELONG:Mongoose Publishing - Collector's Series - Quintessential Dwarf|SOURCESHORT:QuintDwarf|SOURCEWEB:http://mongoosepublishing.com
# Original Entry by: Brian Lubkeman

###Block: EQUIPMENT ---------------------------------------------------------------------------------
# Equipment Name	Type							Contains		Cost		Weight	Source Page
Cannon Harness	TYPE:Goods.General.Resizable						COST:50	WT:25		SOURCEPAGE:p.49
Cannoneer's Kit	TYPE:Goods.Tools								COST:100	WT:5		SOURCEPAGE:p.49
Climbing Harness	TYPE:Goods.General.Resizable						COST:50	WT:15		SOURCEPAGE:p.49
Dwarven Firebox	TYPE:Goods.General							COST:100	WT:30		SOURCEPAGE:p.49
Fungal Rations	TYPE:Goods.Food								COST:50	WT:5		SOURCEPAGE:p.49
Gas Finder		TYPE:Goods.General							COST:200	WT:2		SOURCEPAGE:p.49
Miner's Pack	TYPE:Goods.Container.General.Resizable	CONTAINS:200	COST:150	WT:15		SOURCEPAGE:p.49
Pull Cart		TYPE:Goods.Transportation.Mount.Container	CONTAINS:1000	COST:100	WT:100	SOURCEPAGE:p.49
Pulveriser		TYPE:Goods.General							COST:200	WT:25		SOURCEPAGE:p.49
Sifting Pan		TYPE:Goods.General							COST:20	WT:2		SOURCEPAGE:p.49
Slide Grease	TYPE:Goods.General							COST:25	WT:.5		SOURCEPAGE:p.49
Trap Springer	TYPE:Goods.General.Thief						COST:1000	WT:100	SOURCEPAGE:p.49
Wheel Bore		TYPE:Goods.General							COST:500	WT:75		SOURCEPAGE:p.49

###Block: HERBAL ALE INGREDIENTS --------------------------------------------------------------------
# Equipment Name					Type				Cost		Weight	Source Page
Base Ale Ingredients (for 5 gallons)	TYPE:Goods.Ingredient	COST:.3	WT:30		SOURCEPAGE:p.27
Boneslug Slime					TYPE:Goods.Ingredient	COST:100	WT:1		SOURCEPAGE:p.29
Eyegleam Juice					TYPE:Goods.Ingredient	COST:130	WT:1		SOURCEPAGE:p.29
Greasevine Extract				TYPE:Goods.Ingredient	COST:100	WT:1		SOURCEPAGE:p.29
Irongill Mushroom					TYPE:Goods.Ingredient	COST:100	WT:1		SOURCEPAGE:p.29
Perkseed Powder					TYPE:Goods.Ingredient	COST:150	WT:1		SOURCEPAGE:p.29
Stoneweed Blossom					TYPE:Goods.Ingredient	COST:125	WT:1		SOURCEPAGE:p.29
Thickblood Gum					TYPE:Goods.Ingredient	COST:75	WT:1		SOURCEPAGE:p.29
