# CVS $Revision: $ $Author: $ -- Mon Aug  2 13:17:14 2004 -- reformated by prettylst.pl v1.32 (build 375)
SOURCELONG:Mongoose Publishing - Collector's Series - Quintessential Dwarf|SOURCESHORT:QuintDwarf|SOURCEWEB:http://mongoosepublishing.com
# Original Entry by: Brian Lubkeman

#--- CANNONEER ------------------------------------------------------------------------------------------------------------------------

# Class Name	Hit Dice	Type			Abbreviation	Max Level	Source Page		Save checks bonus												Combat bonus
CLASS:Cannoneer	HD:8		TYPE:PC.Prestige	ABB:Can		MAXLEVEL:5	SOURCEPAGE:p.13	BONUS:SAVE|BASE.Willpower|CL/2+2	BONUS:SAVE|BASE.Fortitude,BASE.Reflex|CL/3	BONUS:COMBAT|BASEAB|CL*3/4
# Class Name	Required Feat															Required Skill
CLASS:Cannoneer	PREABILITY:5,CATEGORY=FEAT,Exotic Weapon Proficiency (Runecannon),Point Blank Shot,Precise Shot,Quick Draw,Rapid Shot	PRESKILL:2,Craft (Runecannon),Craft (Runecannon Ammunition)=10
# Class Name	Skill Pts/Lvl	Class Skill
CLASS:Cannoneer	STARTSKILLPTS:2	CSKILL:Alchemy|Climb|TYPE.Craft|Intimidate|Jump|TYPE.Profession|Spot
1	SA:Snap Shot	FEATAUTO:Simple Weapon Proficiency|Armor Proficiency (Light)|Armor Proficiency (Medium)|Armor Proficiency (Heavy)|Shield Proficiency
2	SA:Stock Smash
3	SA:Swift Load
4	SA:Over Load
5	SA:Scattershot

#--- CLAN WISDOM ----------------------------------------------------------------------------------------------------------------------

# Class Name	Hit Dice	Type			Abbreviation	Max Level	Source Page		Save checks bonus												Combat bonus
CLASS:Clan Wisdom	HD:8		TYPE:PC.Prestige	ABB:CWs		MAXLEVEL:5	SOURCEPAGE:p.15	BONUS:SAVE|BASE.Willpower|CL/2+2	BONUS:SAVE|BASE.Fortitude,BASE.Reflex|CL/3	BONUS:COMBAT|BASEAB|CL*3/4
# Class Name	Req. Special Ability		Required Skill									Req. Known Spell
CLASS:Clan Wisdom	PRESA:1,Bardic knowledge	PRESKILL:3,Decipher Script,Knowledge (Dwarf Culture),Perform=8	PRESPELL:1,Speak with Dead
# Class Name	Skill Pts/Lvl	Class Skill
CLASS:Clan Wisdom	STARTSKILLPTS:4	CSKILL:Concentration|Decipher Script|Diplomacy|Gather Information|TYPE.Knowledge|Perform|Scry|Speak Language|Spellcraft
1	ADD:SPELLCASTER(ANY)	SA:Dwarven Lore		FEATAUTO:Simple Weapon Proficiency|Armor Proficiency (Light)|Armor Proficiency (Medium)|Armor Proficiency (Heavy)
2	ADD:SPELLCASTER(ANY)	SA:Sonorous Guidance
3	ADD:SPELLCASTER(ANY)	SA:Words of Wisdom
4	ADD:SPELLCASTER(ANY)	SA:Ancestral Chant
5	ADD:SPELLCASTER(ANY)	SA:Divine Harmony

#--- DEEPING DRUID --------------------------------------------------------------------------------------------------------------------

# Class Name		Hit Dice	Type			Abbreviation	Max Level	Source Page		Save checks bonus												Combat bonus
CLASS:Deeping Druid	HD:6		TYPE:PC.Prestige	ABB:DDr		MAXLEVEL:5	SOURCEPAGE:p.17	BONUS:SAVE|BASE.Fortitude,BASE.Willpower|CL/2+2	BONUS:SAVE|BASE.Reflex|CL/3	BONUS:COMBAT|BASEAB|CL*3/4
# Class Name		Req. Special Ability				Required Skill
CLASS:Deeping Druid	PRESA:2,Summon Familiar,Animal Companion	PRESKILL:4,Animal Empathy,Knowledge (Nature),Spellcraft,Wilderness Lore=7
# Class Name		Skill Pts/Lvl	Class Skill
CLASS:Deeping Druid	STARTSKILLPTS:2	CSKILL:Animal Empathy|Concentration|Handle Animal|Heal|Intuit Direction|Knowledge (Arcana)|Knowledge (Nature)|Scry|Spellcraft|Swim|Wilderness Lore
1	SA:Stone Walk
2	SA:Companion Fusion
3	SA:Assault of Earth
4	SA:Underlands Defence	BONUS:COMBAT|AC|3|TYPE=NaturalArmor.REPLACE
5	SA:Magmic Embrace

#--- DEGENERATE STALKER -----------------------------------------------------------------------------------------------------------------------

# Class Name			Hit Dice	Type			Abbreviation	Max Level	Source Page		Save checks bonus												Combat bonus
CLASS:Degenerate Stalker	HD:12		TYPE:PC.Prestige	ABB:DSt		MAXLEVEL:5	SOURCEPAGE:p.19	BONUS:SAVE|BASE.Fortitude,BASE.Reflex|CL/2+2	BONUS:SAVE|BASE.Willpower|CL/3	BONUS:COMBAT|BASEAB|CL
# Class Name			Req. Att.	Var. Min. Value
CLASS:Degenerate Stalker	PREATT:10	PREVARGTEQ:Sneak Attack,1,Rage,3
# Class Name			Skill Pts/Lvl	Class Skill
CLASS:Degenerate Stalker	STARTSKILLPTS:4	CSKILL:Balance|Climb|Escape Artist|Hide|Intimidate|Intuit Direction|Jump|Listen|Move Silently|Search|Spot|Swim|Tumble|Wilderness Lore
1	SA:Bloodthirsty Ambush
2	SA:Sneaking Sunder
3	SA:Berserk Ambush
4	SA:Weakness Rage
5	SA:Furious Ambush

#--- FOEHAMMER ------------------------------------------------------------------------------------------------------------------------

# Class Name	Hit Dice	Type			Abbreviation	Max Level	Source Page		Save checks bonus												Combat bonus
CLASS:Foehammer	HD:10		TYPE:PC.Prestige	ABB:Foe		MAXLEVEL:5	SOURCEPAGE:p.21	BONUS:SAVE|BASE.Fortitude,BASE.Reflex|CL/2+2	BONUS:SAVE|BASE.Willpower|CL/3	BONUS:COMBAT|BASEAB|CL	BONUS:COMBAT|UBAB|(CL*3/4)+1
# Class Name	Req. Att.	Required Feat			Req. Special Ability	Required Skill
CLASS:Foehammer	PREATT:10	PREABILITY:1,CATEGORY=FEAT,Favored Enemy I	PRESA:1,Still Mind	PRESKILL:1,Concentration=8
# Class Name	Skill Pts/Lvl	Class Skill
CLASS:Foehammer	STARTSKILLPTS:4	CSKILL:Balance|Climb|Concentration|TYPE.Craft|Escape Artist|Hide|Jump|Knowledge (Arcana)|Listen|Move Silently|TYPE.Profession|Search|Spot|Swim|Tumble|Wilderness Lore
1	SA:Flurry of Hatred
2	SA:Hammer Hands
3	SA:Knowledgeable Defense
4	SA:Devastating Strike
5	SA:Foekiller

#--- FORGE MAGE -----------------------------------------------------------------------------------------------------------------------

# Class Name	Hit Dice	Type			Abbreviation	Max Level	Source Page		Define									Save checks bonus												Combat bonus
CLASS:Forge Mage	HD:6		TYPE:PC.Prestige	ABB:FMg		MAXLEVEL:5	SOURCEPAGE:p.22	DEFINE:FMgCrafterLevel|(CL=Wizard+CL=Sorcerer+CL=Bard+CL)	BONUS:SAVE|BASE.Willpower|CL/2+2	BONUS:SAVE|BASE.Fortitude,BASE.Reflex|CL/3	BONUS:COMBAT|BASEAB|CL*3/4
# Class Name	Required Feat								Required Skill
CLASS:Forge Mage	PREABILITY:2,CATEGORY=FEAT,Craft Magic Arms and Armor,Weapon Specialization	PRESKILL:1,Alchemy=10	PRESKILL:2,Craft (Armorsmithing),Craft (Weaponsmithing)=11
# Class Name	Skill Pts/Lvl	Class Skill
CLASS:Forge Mage	STARTSKILLPTS:4	CSKILL:Concentration|TYPE.Craft|TYPE.Knowledge|TYPE.Profession|Scry|Spellcraft
1	SA:Metallurgical Expertise	SA:Crafter Level %|FMgCrafterLevel	FEATAUTO:Simple Weapon Proficiency|Armor Proficiency (Light)|Armor Proficiency (Medium)|Armor Proficiency (Heavy)
2	SA:Exquisite Articulation
3	SA:Master Weaponsmith
4	SA:Signature Ability
5	SA:Forge Mastery

#--- SHOCK TROOPER --------------------------------------------------------------------------------------------------------------------

# Class Name		Hit Dice	Type			Abbreviation	Max Level	Source Page		Save checks bonus												Combat bonus
CLASS:Shock Trooper	HD:10		TYPE:PC.Prestige	ABB:ShT		MAXLEVEL:5	SOURCEPAGE:p.24	BONUS:SAVE|BASE.Fortitude,BASE.Reflex|CL/2+2	BONUS:SAVE|BASE.Willpower|CL/3	BONUS:COMBAT|BASEAB|CL
# Class Name		Req. Att.	Required Feat								Required Skill
CLASS:Shock Trooper	PREATT:9	PREABILITY:3,CATEGORY=FEAT,Ambidexterity,Two-Weapon Fighting,Weapon Finesse	PRESKILL:1,Balance=5
# Class Name		Skill Pts/Lvl	Class Skill
CLASS:Shock Trooper	STARTSKILLPTS:4	CSKILL:Balance|Climb|TYPE.Craft|Escape Artist|Jump|TYPE.Profession|Scry|Spellcraft|Tumble
1	SA:Armoured Adroitness	FEATAUTO:Simple Weapon Proficiency|Martial Weapon Proficiency|Armor Proficiency (Light)|Armor Proficiency (Medium)|Armor Proficiency (Heavy)
2	SA:Knees and Elbows
3	SA:Wyrm Grip
4	SA:Leverage
5	SA:Chain Grapple

#--- TUNNEL RIDER -----------------------------------------------------------------------------------------------------------------------------------------------------------------------------------------------------------------------------------------------------------------------------

# Class Name		Hit Dice	Type			Abbreviation	Max Level	Source Page		Save checks bonus												Combat bonus
CLASS:Tunnel Rider	HD:8		TYPE:PC.Prestige	ABB:Tnl		MAXLEVEL:5	SOURCEPAGE:p.25	BONUS:SAVE|BASE.Fortitude|CL/2+2	BONUS:SAVE|BASE.Reflex,BASE.Willpower|CL/3	BONUS:COMBAT|BASEAB|CL
# Class Name		Required Feat								Required Skill
CLASS:Tunnel Rider	PREABILITY:3,CATEGORY=FEAT,Mounted Combat,Ride-By Attack,Spirited Charge	PRESKILL:1,Concentration=15	PRESKILL:2,Handle Animal,Ride=18
# Class Name		Skill Pts/Lvl	Class Skill
CLASS:Tunnel Rider	STARTSKILLPTS:2	CSKILL:Balance|Climb|Concentration|TYPE.Craft|Handle Animal|Heal|TYPE.Profession|Ride
1	SA:Assisting Mount
2	SA:Riding Assault
3	SA:Stone Saddle
4	SA:Mounted Concentration
5	SA:Mounted Knockdown
