# CVS $Revision$ $Author$ -- Tue Nov 10 15:28:33 2009 -- reformated by prettylst.pl v1.39 (build 10232)
SOURCELONG:Pathfinder Roleplaying Game Bestiary	SOURCESHORT:PFB	SOURCEWEB:http://paizo.com/store/byCompany/p/paizoPublishingLLC/pathfinder/pathfinderRPG/v5748btpy85k5	SOURCEDATE:2009-10

###Block: Dragon Age Category templates
# Template Name				Challenge Rating	Size		Visible	Template																					Combat bonus					Stat bonus													Add Levels
Dragon Age Category (Wyrmling)						VISIBLE:YES	TEMPLATE:CHOOSE:Dragon (Tiny)|Dragon (Small)|Dragon (Medium)|Dragon (Large)|Dragon (Huge)|Dragon (Gargantuan)|Dragon (Colossal)
Dragon Age Category (Very Young)	CR:2			SIZE:+1	VISIBLE:YES	TEMPLATE:CHOOSE:Dragon (Tiny)|Dragon (Small)|Dragon (Medium)|Dragon (Large)|Dragon (Huge)|Dragon (Gargantuan)|Dragon (Colossal)	BONUS:COMBAT|AC|3|TYPE=NaturalArmor		BONUS:STAT|STR|4	BONUS:STAT|DEX|-2	BONUS:STAT|CON|2	BONUS:STAT|INT,WIS,CHA|2	ADDLEVEL:Dragon|2
Dragon Age Category (Young)		CR:4			SIZE:+2	VISIBLE:YES	TEMPLATE:CHOOSE:Dragon (Tiny)|Dragon (Small)|Dragon (Medium)|Dragon (Large)|Dragon (Huge)|Dragon (Gargantuan)|Dragon (Colossal)	BONUS:COMBAT|AC|6|TYPE=NaturalArmor		BONUS:STAT|STR|8	BONUS:STAT|DEX|-2	BONUS:STAT|CON|4	BONUS:STAT|INT,WIS,CHA|2	ADDLEVEL:Dragon|4
Dragon Age Category (Juvenile)	CR:5			SIZE:+2	VISIBLE:YES	TEMPLATE:CHOOSE:Dragon (Tiny)|Dragon (Small)|Dragon (Medium)|Dragon (Large)|Dragon (Huge)|Dragon (Gargantuan)|Dragon (Colossal)	BONUS:COMBAT|AC|9|TYPE=NaturalArmor		BONUS:STAT|STR|10	BONUS:STAT|DEX|-2	BONUS:STAT|CON|6	BONUS:STAT|INT,WIS,CHA|4	ADDLEVEL:Dragon|6
Dragon Age Category (Young Adult)	CR:7			SIZE:+3	VISIBLE:YES	TEMPLATE:CHOOSE:Dragon (Tiny)|Dragon (Small)|Dragon (Medium)|Dragon (Large)|Dragon (Huge)|Dragon (Gargantuan)|Dragon (Colossal)	BONUS:COMBAT|AC|12|TYPE=NaturalArmor	BONUS:STAT|STR|12	BONUS:STAT|DEX|-4	BONUS:STAT|CON|6	BONUS:STAT|INT,WIS,CHA|4	ADDLEVEL:Dragon|8
Dragon Age Category (Adult)		CR:8			SIZE:+3	VISIBLE:YES	TEMPLATE:CHOOSE:Dragon (Tiny)|Dragon (Small)|Dragon (Medium)|Dragon (Large)|Dragon (Huge)|Dragon (Gargantuan)|Dragon (Colossal)	BONUS:COMBAT|AC|15|TYPE=NaturalArmor	BONUS:STAT|STR|14	BONUS:STAT|DEX|-4	BONUS:STAT|CON|8	BONUS:STAT|INT,WIS,CHA|6	ADDLEVEL:Dragon|10
Dragon Age Category (Mature Adult)	CR:9			SIZE:+3	VISIBLE:YES	TEMPLATE:CHOOSE:Dragon (Tiny)|Dragon (Small)|Dragon (Medium)|Dragon (Large)|Dragon (Huge)|Dragon (Gargantuan)|Dragon (Colossal)	BONUS:COMBAT|AC|18|TYPE=NaturalArmor	BONUS:STAT|STR|16	BONUS:STAT|DEX|-4	BONUS:STAT|CON|8	BONUS:STAT|INT,WIS,CHA|6	ADDLEVEL:Dragon|12
Dragon Age Category (Old)		CR:11			SIZE:+4	VISIBLE:YES	TEMPLATE:CHOOSE:Dragon (Tiny)|Dragon (Small)|Dragon (Medium)|Dragon (Large)|Dragon (Huge)|Dragon (Gargantuan)|Dragon (Colossal)	BONUS:COMBAT|AC|21|TYPE=NaturalArmor	BONUS:STAT|STR|18	BONUS:STAT|DEX|-6	BONUS:STAT|CON|10	BONUS:STAT|INT,WIS,CHA|8	ADDLEVEL:Dragon|14
Dragon Age Category (Very Old)	CR:12			SIZE:+4	VISIBLE:YES	TEMPLATE:CHOOSE:Dragon (Tiny)|Dragon (Small)|Dragon (Medium)|Dragon (Large)|Dragon (Huge)|Dragon (Gargantuan)|Dragon (Colossal)	BONUS:COMBAT|AC|24|TYPE=NaturalArmor	BONUS:STAT|STR|20	BONUS:STAT|DEX|-6	BONUS:STAT|CON|10	BONUS:STAT|INT,WIS,CHA|8	ADDLEVEL:Dragon|16
Dragon Age Category (Ancient)		CR:13			SIZE:+4	VISIBLE:YES	TEMPLATE:CHOOSE:Dragon (Tiny)|Dragon (Small)|Dragon (Medium)|Dragon (Large)|Dragon (Huge)|Dragon (Gargantuan)|Dragon (Colossal)	BONUS:COMBAT|AC|27|TYPE=NaturalArmor	BONUS:STAT|STR|22	BONUS:STAT|DEX|-6	BONUS:STAT|CON|12	BONUS:STAT|INT,WIS,CHA|10	ADDLEVEL:Dragon|18
Dragon Age Category (Wyrm)		CR:14			SIZE:+4	VISIBLE:YES	TEMPLATE:CHOOSE:Dragon (Tiny)|Dragon (Small)|Dragon (Medium)|Dragon (Large)|Dragon (Huge)|Dragon (Gargantuan)|Dragon (Colossal)	BONUS:COMBAT|AC|30|TYPE=NaturalArmor	BONUS:STAT|STR|24	BONUS:STAT|DEX|-8	BONUS:STAT|CON|12	BONUS:STAT|INT,WIS,CHA|10	ADDLEVEL:Dragon|20
Dragon Age Category (Great Wyrm)	CR:16			SIZE:+5	VISIBLE:YES	TEMPLATE:CHOOSE:Dragon (Tiny)|Dragon (Small)|Dragon (Medium)|Dragon (Large)|Dragon (Huge)|Dragon (Gargantuan)|Dragon (Colossal)	BONUS:COMBAT|AC|33|TYPE=NaturalArmor	BONUS:STAT|STR|26	BONUS:STAT|DEX|-8	BONUS:STAT|CON|14	BONUS:STAT|INT,WIS,CHA|12	ADDLEVEL:Dragon|22

###Block: Dragon Size templates
# Template Name		Visible	Required Size	Modify VAR													Ability									Move			Natural Attacks
Dragon (Tiny)		VISIBLE:NO	PRESIZEEQ:T		BONUS:VAR|BreathLine|30	BONUS:VAR|BreathCone|15	BONUS:VAR|Maneuverability|3		ABILITY:Special Ability|AUTOMATIC|Flight Maneuverability	MOVE:Fly,100	NATURALATTACKS:Bite,Weapon.Natural.Melee.Finesseable.Bludgeoning.Piercing.Slashing,*1,1d4	NATURALATTACKS:Claw,Weapon.Natural.Melee.Finesseable.Piercing.Slashing,*2,1d3
Dragon (Small)		VISIBLE:NO	PRESIZEEQ:S		BONUS:VAR|BreathLine|40	BONUS:VAR|BreathCone|20	BONUS:VAR|Maneuverability|3		ABILITY:Special Ability|AUTOMATIC|Flight Maneuverability	MOVE:Fly,150	NATURALATTACKS:Bite,Weapon.Natural.Melee.Finesseable.Bludgeoning.Piercing.Slashing,*1,1d6	NATURALATTACKS:Claw,Weapon.Natural.Melee.Finesseable.Piercing.Slashing,*2,1d4
Dragon (Medium)		VISIBLE:NO	PRESIZEEQ:M		BONUS:VAR|BreathLine|60	BONUS:VAR|BreathCone|30	BONUS:VAR|Maneuverability|3		ABILITY:Special Ability|AUTOMATIC|Flight Maneuverability	MOVE:Fly,150	NATURALATTACKS:Bite,Weapon.Natural.Melee.Finesseable.Bludgeoning.Piercing.Slashing,*1,1d8	NATURALATTACKS:Claw,Weapon.Natural.Melee.Finesseable.Piercing.Slashing,*2,1d6	NATURALATTACKS:Wings,Weapon.Natural.Melee.Finesseable.Bludgeoning.Piercing.Slashing,*2,1d4
Dragon (Large)		VISIBLE:NO	PRESIZEEQ:L		BONUS:VAR|BreathLine|80	BONUS:VAR|BreathCone|40	BONUS:VAR|Maneuverability|2		ABILITY:Special Ability|AUTOMATIC|Flight Maneuverability	MOVE:Fly,200	NATURALATTACKS:Bite,Weapon.Natural.Melee.Finesseable.Bludgeoning.Piercing.Slashing,*1,2d6	NATURALATTACKS:Claw,Weapon.Natural.Melee.Finesseable.Piercing.Slashing,*2,1d8	NATURALATTACKS:Wings,Weapon.Natural.Melee.Finesseable.Bludgeoning.Piercing.Slashing,*2,1d6	NATURALATTACKS:Tail Slap,Weapon.Natural.Melee.Finesseable.Bludgeoning.Piercing.Slashing,*1,1d8
Dragon (Huge)		VISIBLE:NO	PRESIZEEQ:H		BONUS:VAR|BreathLine|100	BONUS:VAR|BreathCone|50	BONUS:VAR|Maneuverability|2	ABILITY:Special Ability|AUTOMATIC|Flight Maneuverability	MOVE:Fly,200	NATURALATTACKS:Bite,Weapon.Natural.Melee.Finesseable.Bludgeoning.Piercing.Slashing,*1,2d8	NATURALATTACKS:Claw,Weapon.Natural.Melee.Finesseable.Piercing.Slashing,*2,2d6	NATURALATTACKS:Wings,Weapon.Natural.Melee.Finesseable.Bludgeoning.Piercing.Slashing,*2,2d8	NATURALATTACKS:Tail Slap,Weapon.Natural.Melee.Finesseable.Bludgeoning.Piercing.Slashing,*1,2d6	NATURALATTACKS:Crush,Weapon.Natural.Melee.Finesseable.Bludgeoning.Piercing.Slashing,*1,2d8
Dragon (Gargantuan)	VISIBLE:NO	PRESIZEEQ:G		BONUS:VAR|BreathLine|120	BONUS:VAR|BreathCone|60	BONUS:VAR|Maneuverability|1	ABILITY:Special Ability|AUTOMATIC|Flight Maneuverability	MOVE:Fly,250	NATURALATTACKS:Bite,Weapon.Natural.Melee.Finesseable.Bludgeoning.Piercing.Slashing,*1,4d6	NATURALATTACKS:Claw,Weapon.Natural.Melee.Finesseable.Piercing.Slashing,*2,2d8	NATURALATTACKS:Wings,Weapon.Natural.Melee.Finesseable.Bludgeoning.Piercing.Slashing,*2,2d6	NATURALATTACKS:Tail Slap,Weapon.Natural.Melee.Finesseable.Bludgeoning.Piercing.Slashing,*1,2d8	NATURALATTACKS:Crush,Weapon.Natural.Melee.Finesseable.Bludgeoning.Piercing.Slashing,*1,4d6	NATURALATTACKS:Tail Sweep,Weapon.Natural.Melee.Finesseable.Bludgeoning.Piercing.Slashing,*1,2d6
Dragon (Colossal)		VISIBLE:NO	PRESIZEEQ:C		BONUS:VAR|BreathLine|140	BONUS:VAR|BreathCone|70	BONUS:VAR|Maneuverability|1	ABILITY:Special Ability|AUTOMATIC|Flight Maneuverability	MOVE:Fly,250	NATURALATTACKS:Bite,Weapon.Natural.Melee.Finesseable.Bludgeoning.Piercing.Slashing,*1,4d8	NATURALATTACKS:Claw,Weapon.Natural.Melee.Finesseable.Piercing.Slashing,*2,4d6	NATURALATTACKS:Wings,Weapon.Natural.Melee.Finesseable.Bludgeoning.Piercing.Slashing,*2,2d8	NATURALATTACKS:Tail Slap,Weapon.Natural.Melee.Finesseable.Bludgeoning.Piercing.Slashing,*1,4d6	NATURALATTACKS:Crush,Weapon.Natural.Melee.Finesseable.Bludgeoning.Piercing.Slashing,*1,4d8	NATURALATTACKS:Tail Sweep,Weapon.Natural.Melee.Finesseable.Bludgeoning.Piercing.Slashing,*1,2d8

#
# End
#