# CVS $Revision$ $Author$ -- Tue Nov 10 15:28:33 2009 -- reformated by prettylst.pl v1.39 (build 10232)
SOURCELONG:Pathfinder Roleplaying Game Bestiary	SOURCESHORT:PFB	SOURCEWEB:http://paizo.com/store/byCompany/p/paizoPublishingLLC/pathfinder/pathfinderRPG/v5748btpy85k5	SOURCEDATE:2009-10

###Block: Builder templates
# Template Name			Visible	Required Size	Natural Attacks
Bite ~ Claw (Fine)		VISIBLE:NO	PRESIZEEQ:F		NATURALATTACKS:Bite,Weapon.Natural.Melee.Finesseable.Bludgeoning.Piercing.Slashing,*1,1
Bite ~ Claw (Diminutive)	VISIBLE:NO	PRESIZEEQ:D		NATURALATTACKS:Claw,Weapon.Natural.Melee.Finesseable.Piercing.Slashing,*2,1	NATURALATTACKS:Bite,Weapon.Natural.Melee.Finesseable.Bludgeoning.Piercing.Slashing,*1,1d2
Bite ~ Claw (Tiny)		VISIBLE:NO	PRESIZEEQ:T		NATURALATTACKS:Claw,Weapon.Natural.Melee.Finesseable.Piercing.Slashing,*2,1d2	NATURALATTACKS:Bite,Weapon.Natural.Melee.Finesseable.Bludgeoning.Piercing.Slashing,*1,1d3
Bite ~ Claw (Small)		VISIBLE:NO	PRESIZEEQ:S		NATURALATTACKS:Claw,Weapon.Natural.Melee.Finesseable.Piercing.Slashing,*2,1d3	NATURALATTACKS:Bite,Weapon.Natural.Melee.Finesseable.Bludgeoning.Piercing.Slashing,*1,1d4
Bite ~ Claw (Medium)		VISIBLE:NO	PRESIZEEQ:M		NATURALATTACKS:Claw,Weapon.Natural.Melee.Finesseable.Piercing.Slashing,*2,1d4	NATURALATTACKS:Bite,Weapon.Natural.Melee.Finesseable.Bludgeoning.Piercing.Slashing,*1,1d6
Bite ~ Claw (Large)		VISIBLE:NO	PRESIZEEQ:L		NATURALATTACKS:Claw,Weapon.Natural.Melee.Finesseable.Piercing.Slashing,*2,1d6	NATURALATTACKS:Bite,Weapon.Natural.Melee.Finesseable.Bludgeoning.Piercing.Slashing,*1,1d8
Bite ~ Claw (Huge)		VISIBLE:NO	PRESIZEEQ:H		NATURALATTACKS:Claw,Weapon.Natural.Melee.Finesseable.Piercing.Slashing,*2,1d8	NATURALATTACKS:Bite,Weapon.Natural.Melee.Finesseable.Bludgeoning.Piercing.Slashing,*1,2d6
Bite ~ Claw (Gargantuan)	VISIBLE:NO	PRESIZEEQ:G		NATURALATTACKS:Claw,Weapon.Natural.Melee.Finesseable.Piercing.Slashing,*2,2d6	NATURALATTACKS:Bite,Weapon.Natural.Melee.Finesseable.Bludgeoning.Piercing.Slashing,*1,3d6
Bite ~ Claw (Colossal)		VISIBLE:NO	PRESIZEEQ:C		NATURALATTACKS:Claw,Weapon.Natural.Melee.Finesseable.Piercing.Slashing,*2,2d8	NATURALATTACKS:Bite,Weapon.Natural.Melee.Finesseable.Bludgeoning.Piercing.Slashing,*1,4d6

###Block: Skeleton Templates
# Template Name			Hit Dice Size	Challenge Rating	Damage Reduction			Level Adjustment	Template																										Source Page				Define										Required AL		Required Race																									Required Stat	Save checks bonus											Combat bonus																																															Misc bonus																																							Bonus to skill												Stat bonus														Modify VAR																								Ability																																						Feat													Move		Main Race Type	Race Subtype
#Skeleton
#Skeleton (Bloody)
#Skeleton (Burning)
#Skeleton (Champion)

#
# End
#