# CVS $Revision$ $Author$ -- Sun Jan 10 15:42:14 2010 -- reformated by prettylst.pl v1.39 (build 10232)
SOURCELONG:Pathfinder Roleplaying Game Bestiary	SOURCESHORT:PFB	SOURCEWEB:http://paizo.com/store/byCompany/p/paizoPublishingLLC/pathfinder/pathfinderRPG/v5748btpy85k5	SOURCEDATE:2009-10


STARTPACK:Dark Creeper Default	TYPE:DefaultMonster.Humanoid	VISIBLE:QUALIFY	EQUIPBUY:0	PREMULT:1,[PRERACE:1,Dark Creeper],[!PRERACE:1,%]	SOURCEPAGE:p.53
ALIGN:CN
RACE:Dark Creeper	!PRERACE:1,%
NAME:Dark Creeper
SKILL:Climb			RANK:1
SKILL:Sleight of Hand	RANK:1
SKILL:Stealth		RANK:1
FEAT:Skill Focus (Sleight of Hand)
FEAT:Weapon Finesse
STAT:STR=11|DEX=11|CON=10|INT=11|WIS=10|CHA=10
GEAR:Rag Armor (Dark Creeper)				LOCATION:Equipped
GEAR:Dagger					SIZE:S	LOCATION:Primary Hand
GEAR:Poison (Black Smear)	QTY:3			LOCATION:Carried


STARTPACK:Dark Stalker Default	TYPE:DefaultMonster.Humanoid	VISIBLE:QUALIFY	EQUIPBUY:0	PREMULT:1,[PRERACE:1,Dark Stalker],[!PRERACE:1,%]	SOURCEPAGE:p.54
ALIGN:CN
RACE:Dark Stalker	!PRERACE:1,%
NAME:Dark Stalker
SKILL:Climb			RANK:1
SKILL:Perception		RANK:4
SKILL:Sleight of Hand	RANK:1
FEAT:Double Slice
FEAT:Two-Weapon Fighting
FEAT:Weapon Finesse
STAT:STR=10|DEX=10|CON=10|INT=11|WIS=11|CHA=11
GEAR:Leather				LOCATION:Equipped
GEAR:Sword (Short)			LOCATION:Primary Hand
GEAR:Sword (Short)			LOCATION:Secondary Hand
GEAR:Poison (Black Smear)	QTY:6	LOCATION:Carried


STARTPACK:Darkmantle Default	TYPE:DefaultMonster.Magical Beast	VISIBLE:QUALIFY	EQUIPBUY:0	PREMULT:1,[PRERACE:1,Darkmantle],[!PRERACE:1,%]	SOURCEPAGE:p.55
ALIGN:TN
RACE:Darkmantle	!PRERACE:1,%
NAME:Darkmantle
SKILL:Fly		RANK:1
SKILL:Stealth	RANK:1
FEAT:Improved Initiative
STAT:STR=17|DEX=7|CON=10|INT=10|WIS=11|CHA=10


STARTPACK:Demon (Babau) Default	TYPE:DefaultMonster.Outsider	VISIBLE:QUALIFY	EQUIPBUY:0	PREMULT:1,[PRERACE:1,Demon (Babau)],[!PRERACE:1,%]	SOURCEPAGE:p.57
ALIGN:CE
RACE:Demon (Babau)	!PRERACE:1,%
NAME:Babau
SKILL:Acrobatics
SKILL:Climb
SKILL:Disable Device	RANK:1
SKILL:Escape Artist	RANK:1
SKILL:Perception		RANK:1
SKILL:Sense Motive	RANK:1
SKILL:Sleight of Hand	RANK:1
SKILL:Stealth		RANK:1
FEAT:Combat Reflexes
FEAT:Improved Initiative
FEAT:Iron Will
FEAT:Skill Focus (Stealth)
STAT:STR=11|DEX=11|CON=10|INT=10|WIS=11|CHA=10
GEAR:Longspear	LOCATION:Both Hands


STARTPACK:Demon (Balor) Default	TYPE:DefaultMonster.Outsider	VISIBLE:QUALIFY	EQUIPBUY:0	PREMULT:1,[PRERACE:1,Demon (Balor)],[!PRERACE:1,%]	SOURCEPAGE:p.58
ALIGN:CE
RACE:Demon (Balor)	!PRERACE:1,%
NAME:Balor
SKILL:Acrobatics			RANK:20
SKILL:Bluff				RANK:20
SKILL:Diplomacy			RANK:20
SKILL:Fly				RANK:20
SKILL:Intimidate			RANK:20
SKILL:Knowledge (History)	RANK:20
SKILL:Knowledge (Nobility)	RANK:20
SKILL:Knowledge (Planes)	RANK:20
SKILL:Knowledge (Religion)	RANK:20
SKILL:Perception			RANK:20
SKILL:Sense Motive		RANK:20
SKILL:Stealth			RANK:20
SKILL:Use Magic Device		RANK:20
FEAT:Cleave
FEAT:Combat Reflexes
FEAT:Greater Two-Weapon Fighting
FEAT:Improved Initiative
FEAT:Improved Two-Weapon Fighting
FEAT:Iron Will
FEAT:Power Attack
FEAT:Quicken Spell-Like Ability (Telekinesis)
FEAT:Two-Weapon Fighting
FEAT:Weapon Focus (Longsword)
STAT:STR=11|DEX=11|CON=10|INT=10|WIS=10|CHA=11
GEAR:Longsword	SIZE:L	LOCATION:Primary Hand	EQMOD:PLUS1W.VORPAL.UNHOLY
GEAR:Whip		SIZE:L	LOCATION:Secondary Hand	EQMOD:PLUS1W.VORPAL.FLAME


STARTPACK:Demon (Dretch) Default	TYPE:DefaultMonster.Outsider	VISIBLE:QUALIFY	EQUIPBUY:0	PREMULT:1,[PRERACE:1,Demon (Dretch)],[!PRERACE:1,%]	SOURCEPAGE:p.60
ALIGN:CE
RACE:Demon (Dretch)	!PRERACE:1,%
NAME:Dretch
SKILL:Escape Artist	RANK:2
SKILL:Perception		RANK:2
SKILL:Stealth		RANK:2
FEAT:Toughness
STAT:STR=10|DEX=10|CON=10|INT=11|WIS=11|CHA=11


STARTPACK:Demon (Glabrezu) Default	TYPE:DefaultMonster.Outsider	VISIBLE:QUALIFY	EQUIPBUY:0	PREMULT:1,[PRERACE:1,Demon (Glabrezu)],[!PRERACE:1,%]	SOURCEPAGE:p.61
ALIGN:CE
RACE:Demon (Glabrezu)	!PRERACE:1,%
NAME:Glabrezu
SKILL:Bluff				RANK:12
SKILL:Diplomacy			RANK:10
SKILL:Intimidate			RANK:10
SKILL:Knowledge (History)	RANK:12
SKILL:Knowledge (Local)		RANK:12
SKILL:Perception			RANK:12
SKILL:Sense Motive		RANK:12
SKILL:Stealth			RANK:12
SKILL:Use Magic Device		RANK:12
FEAT:Cleave
FEAT:Great Cleave
FEAT:Improved Critical (Pincer)
FEAT:Persuasive
FEAT:Power Attack
FEAT:Vital Strike
STAT:STR=11|DEX=11|CON=11|INT=10|WIS=10|CHA=10


STARTPACK:Demon (Hezrou) Default	TYPE:DefaultMonster.Outsider	VISIBLE:QUALIFY	EQUIPBUY:0	PREMULT:1,[PRERACE:1,Demon (Hezrou)],[!PRERACE:1,%]	SOURCEPAGE:p.62
ALIGN:CE
RACE:Demon (Hezrou)	!PRERACE:1,%
NAME:Hezrou
SKILL:Climb				RANK:10
SKILL:Escape Artist		RANK:10
SKILL:Intimidate			RANK:10
SKILL:Knowledge (Arcana)	RANK:10
SKILL:Perception			RANK:10
SKILL:Spellcraft			RANK:10
SKILL:Stealth			RANK:10
SKILL:Swim				RANK:10
FEAT:Blind-Fight
FEAT:Cleave
FEAT:Great Cleave
FEAT:Improved Initiative
FEAT:Power Attack
STAT:STR=11|DEX=11|CON=11|INT=10|WIS=10|CHA=10


STARTPACK:Dinosaur (Tyrannosaurus) Default	TYPE:DefaultMonster.Animal	VISIBLE:QUALIFY	EQUIPBUY:0	PREMULT:1,[!PRERACE:1,%],[PRERACE:1,Dinosaur (Tyrannosaurus)]	SOURCEPAGE:p.86
RACE:Dinosaur (Tyrannosaurus)	!PRERACE:1,%
NAME:Tyrannosaurus
ALIGN:TN
STAT:STR=10|DEX=11|CON=11|INT=10|WIS=11|CHA=10
SKILL:Perception	RANK:18
FEAT:Bleeding Critical
FEAT:Critical Focus
FEAT:Diehard
FEAT:Endurance
FEAT:Improved Critical (Bite)
FEAT:Improved Initiative
FEAT:Iron Will
FEAT:Run
FEAT:Skill Focus (Perception)


STARTPACK:Dog Default	TYPE:DefaultMonster.Animal	VISIBLE:QUALIFY	EQUIPBUY:0	PREMULT:1,[!PRERACE:1,%],[PRERACE:1,Dog]	SOURCEPAGE:p.87
RACE:Dog	!PRERACE:1,%
NAME:Dog
ALIGN:TN
STAT:STR=11|DEX=11|CON=11|INT=10|WIS=10|CHA=10
SKILL:Perception	RANK:1
FEAT:Skill Focus (Perception)


STARTPACK:Dog (Riding) Default	TYPE:DefaultMonster.Animal	VISIBLE:QUALIFY	EQUIPBUY:0	PREMULT:1,[!PRERACE:1,%],[PRERACE:1,Dog (Riding)]	SOURCEPAGE:p.87
RACE:Dog (Riding)	!PRERACE:1,%
NAME:Riding Dog
ALIGN:TN
STAT:STR=10|DEX=10|CON=11|INT=10|WIS=11|CHA=10
SKILL:Acrobatics	RANK:1
SKILL:Perception	RANK:1
FEAT:Skill Focus (Perception)


STARTPACK:Dolphin Default	TYPE:DefaultMonster.Animal	VISIBLE:QUALIFY	EQUIPBUY:0	PREMULT:1,[!PRERACE:1,%],[PRERACE:1,Dolphin]	SOURCEPAGE:p.88
RACE:Dolphin	!PRERACE:1,%
NAME:Dolphin
ALIGN:TN
STAT:STR=10|DEX=11|CON=11|INT=10|WIS=11|CHA=10
SKILL:Perception	RANK:1
SKILL:Swim		RANK:1
FEAT:Weapon Finesse


STARTPACK:Dragon Turtle Default	TYPE:DefaultMonster.Animal	VISIBLE:QUALIFY	EQUIPBUY:0	PREMULT:1,[!PRERACE:1,%],[PRERACE:1,Dragon Turtle]	SOURCEPAGE:p.112
RACE:Dragon Turtle	!PRERACE:1,%
NAME:Dragon Turtle
ALIGN:TN
STAT:STR=11|DEX=10|CON=11|INT=10|WIS=11|CHA=10
SKILL:Diplomacy		RANK:12
SKILL:Intimidate		RANK:12
SKILL:Perception		RANK:12
SKILL:Sense Motive	RANK:12
SKILL:Stealth		RANK:12
SKILL:Survival		RANK:12
SKILL:Swim			RANK:12
FEAT:Awesome Blow
FEAT:Blind-Fight
FEAT:Cleave
FEAT:Improved Bull Rush
FEAT:Improved Initiative
FEAT:Power Attack


STARTPACK:Eagle Default	TYPE:DefaultMonster.Animal	VISIBLE:QUALIFY	EQUIPBUY:0	PREMULT:1,[!PRERACE:1,%],[PRERACE:1,Eagle]	SOURCEPAGE:p.118
RACE:Eagle	!PRERACE:1,%
NAME:Eagle
ALIGN:TN
STAT:STR=10|DEX=11|CON=10|INT=10|WIS=11|CHA=11
SKILL:Fly	RANK:1
FEAT:Weapon Finesse


STARTPACK:Elemental (Air/Small) Default	TYPE:DefaultMonster.Outsider	VISIBLE:QUALIFY	EQUIPBUY:0	PREMULT:1,[!PRERACE:1,%],[PRERACE:1,Elemental (Air/Small)]	SOURCEPAGE:p.120
RACE:Elemental (Air/Small)	!PRERACE:1,%
NAME:Air Elemental, Small
ALIGN:TN
STAT:STR=10|DEX=11|CON=10|INT=10|WIS=11|CHA=11
SKILL:Acrobatics			RANK:1
SKILL:Escape Artist		RANK:1
SKILL:Fly				RANK:1
SKILL:Knowledge (Planes)	RANK:1
SKILL:Perception			RANK:1
SKILL:Stealth			RANK:1
FEAT:Flyby Attack


STARTPACK:Elemental (Earth/Small) Default	TYPE:DefaultMonster.Outsider	VISIBLE:QUALIFY	EQUIPBUY:0	PREMULT:1,[!PRERACE:1,%],[PRERACE:1,Elemental (Earth/Small)]	SOURCEPAGE:p.122
RACE:Elemental (Earth/Small)	!PRERACE:1,%
NAME:Earth Elemental, Small
ALIGN:TN
SKILL:Appraise				RANK:1
SKILL:Climb					RANK:1
SKILL:Knowledge (Dungeoneering)	RANK:1
SKILL:Knowledge (Planes)		RANK:1
SKILL:Perception				RANK:1
SKILL:Stealth				RANK:1
FEAT:Power Attack
STAT:STR=10|DEX=10|CON=11|INT=10|WIS=11|CHA=11


STARTPACK:Elemental (Fire/Small) Default	TYPE:DefaultMonster.Outsider	VISIBLE:QUALIFY	EQUIPBUY:0	PREMULT:1,[!PRERACE:1,%],[PRERACE:1,Elemental (Fire/Small)]	SOURCEPAGE:p.124
RACE:Elemental (Fire/Small)	!PRERACE:1,%
NAME:Small Fire Elemental
ALIGN:TN
STAT:STR=10|DEX=11|CON=10|INT=10|WIS=11|CHA=11
SKILL:Acrobatics			RANK:1
SKILL:Climb				RANK:1
SKILL:Escape Artist		RANK:1
SKILL:Intimidate			RANK:1
SKILL:Knowledge (Planes)	RANK:1
SKILL:Perception			RANK:1
FEAT:Dodge


STARTPACK:Elemental (Fire/Medium) Default	TYPE:DefaultMonster.Outsider	VISIBLE:QUALIFY	EQUIPBUY:0	PREMULT:1,[!PRERACE:1,%],[PRERACE:1,Elemental (Fire/Medium)]	SOURCEPAGE:p.124
RACE:Elemental (Fire/Medium)	!PRERACE:1,%
NAME:Medium Fire Elemental
ALIGN:TN
STAT:STR=10|DEX=11|CON=10|INT=10|WIS=11|CHA=11
SKILL:Acrobatics			RANK:2
SKILL:Climb				RANK:1
SKILL:Escape Artist		RANK:2
SKILL:Intimidate			RANK:2
SKILL:Knowledge (Planes)	RANK:1
SKILL:Perception			RANK:4
FEAT:Dodge
FEAT:Mobility


STARTPACK:Elemental (Fire/Large) Default	TYPE:DefaultMonster.Outsider	VISIBLE:QUALIFY	EQUIPBUY:0	PREMULT:1,[!PRERACE:1,%],[PRERACE:1,Elemental (Fire/Large)]	SOURCEPAGE:p.124
RACE:Elemental (Fire/Large)	!PRERACE:1,%
NAME:Large Fire Elemental
ALIGN:TN
STAT:STR=10|DEX=11|CON=10|INT=10|WIS=11|CHA=11
SKILL:Acrobatics			RANK:6
SKILL:Climb				RANK:4
SKILL:Escape Artist		RANK:4
SKILL:Intimidate			RANK:6
SKILL:Knowledge (Planes)	RANK:4
SKILL:Perception			RANK:8
FEAT:Dodge
FEAT:Iron Will
FEAT:Mobility
FEAT:Spring Attack


STARTPACK:Elemental (Fire/Huge) Default	TYPE:DefaultMonster.Outsider	VISIBLE:QUALIFY	EQUIPBUY:0	PREMULT:1,[!PRERACE:1,%],[PRERACE:1,Elemental (Fire/Huge)]	SOURCEPAGE:p.124
RACE:Elemental (Fire/Huge)	!PRERACE:1,%
NAME:Huge Fire Elemental
ALIGN:TN
STAT:STR=10|DEX=11|CON=10|INT=10|WIS=11|CHA=11
SKILL:Acrobatics			RANK:6
SKILL:Climb				RANK:6
SKILL:Escape Artist		RANK:6
SKILL:Intimidate			RANK:6
SKILL:Knowledge (Planes)	RANK:6
SKILL:Perception			RANK:10
FEAT:Combat Reflexes
FEAT:Dodge
FEAT:Iron Will
FEAT:Mobility
FEAT:Spring Attack


STARTPACK:Elemental (Fire/Greater) Default	TYPE:DefaultMonster.Outsider	VISIBLE:QUALIFY	EQUIPBUY:0	PREMULT:1,[!PRERACE:1,%],[PRERACE:1,Elemental (Fire/Greater)]	SOURCEPAGE:p.124
RACE:Elemental (Fire/Greater)	!PRERACE:1,%
NAME:Greater Fire Elemental
ALIGN:TN
STAT:STR=10|DEX=11|CON=10|INT=10|WIS=11|CHA=11
SKILL:Acrobatics			RANK:12
SKILL:Climb				RANK:10
SKILL:Escape Artist		RANK:10
SKILL:Intimidate			RANK:12
SKILL:Knowledge (Planes)	RANK:8
SKILL:Perception			RANK:13
FEAT:Blind-Fight
FEAT:Combat Reflexes
FEAT:Dodge
FEAT:Iron Will
FEAT:Mobility
FEAT:Spring Attack
FEAT:Wind Stance


STARTPACK:Elemental (Fire/Elder) Default	TYPE:DefaultMonster.Outsider	VISIBLE:QUALIFY	EQUIPBUY:0	PREMULT:1,[!PRERACE:1,%],[PRERACE:1,Elemental (Fire/Elder)]	SOURCEPAGE:p.124
RACE:Elemental (Fire/Elder)	!PRERACE:1,%
NAME:Elder Fire Elemental
ALIGN:TN
STAT:STR=10|DEX=11|CON=10|INT=10|WIS=11|CHA=11
SKILL:Acrobatics			RANK:16
SKILL:Climb				RANK:16
SKILL:Escape Artist		RANK:16
SKILL:Intimidate			RANK:16
SKILL:Knowledge (Planes)	RANK:16
SKILL:Perception			RANK:16
FEAT:Blind-Fight
FEAT:Combat Reflexes
FEAT:Dodge
FEAT:Iron Will
FEAT:Lightning Stance
FEAT:Mobility
FEAT:Spring Attack
FEAT:Wind Stance


STARTPACK:Elemental (Water/Small) Default	TYPE:DefaultMonster.Outsider	VISIBLE:QUALIFY	EQUIPBUY:0	PREMULT:1,[!PRERACE:1,%],[PRERACE:1,Elemental (Water/Small)]	SOURCEPAGE:p.126
RACE:Elemental (Water/Small)	!PRERACE:1,%
NAME:Small Water Elemental
ALIGN:TN
STAT:STR=10|DEX=10|CON=11|INT=10|WIS=11|CHA=11
SKILL:Acrobatics			RANK:1
SKILL:Escape Artist		RANK:1
SKILL:Knowledge (Planes)	RANK:1
SKILL:Perception			RANK:1
SKILL:Stealth			RANK:1
SKILL:Swim				RANK:1
FEAT:Power Attack


STARTPACK:Frog (Poison) Default	TYPE:DefaultMonster.Animal	VISIBLE:QUALIFY	EQUIPBUY:0	PREMULT:1,[!PRERACE:1,%],[PRERACE:1,Frog (Poison)]	SOURCEPAGE:p.135
STAT:STR=10|DEX=10|CON=11|INT=10|WIS=11|CHA=10
RACE:Frog (Poison)	!PRERACE:1,%
NAME:Poison Frog
ALIGN:TN
SKILL:Perception	RANK:1
FEAT:Weapon Finesse

#
# End
#
