# CVS $Revision$ $Author$ -- Mon Nov 30 13:01:49 2009 -- reformated by prettylst.pl v1.39 (build 10232)
SOURCELONG:Pathfinder Roleplaying Game Bestiary	SOURCESHORT:PFB	SOURCEWEB:http://paizo.com/store/byCompany/p/paizoPublishingLLC/pathfinder/pathfinderRPG/v5748btpy85k5	SOURCEDATE:2009-10

###Block: Aasimar abilities
# Ability Name	Unique Key			Category of Ability		Type						Description																			Source Page
Skilled		KEY:Skilled ~ Aasimar	CATEGORY:Special Ability	TYPE:SpecialQuality.Extraordinary	DESC:Aasimars gain a +2 racial bonus on Diplomacy and Perception checks.BONUS:SKILL|Diplomacy,Perception|2|TYPE=Racial	SOURCEPAGE:p.7

###Block: Drow abilities
# Ability Name		Unique Key				Category of Ability		Type						Description																	Automatically Gained Weapon Prof.				Bonus to skill
Drow Immunities		KEY:Drow Immunities ~ Drow	CATEGORY:Special Ability	TYPE:SpecialQuality.Extraordinary	DESC:Drow are immune to magic sleep effects and get a +2 racial bonus to saves against enchantment spells.
Keen Senses			KEY:Keen Senses ~ Drow		CATEGORY:Special Ability	TYPE:SpecialQuality.Extraordinary	DESC:Drow receive a +2 racial bonus on Perception checks.																		BONUS:SKILL|Perception|2|TYPE=Racial
Poison Use			KEY:Poison Use ~ Drow		CATEGORY:Special Ability	TYPE:SpecialQuality.Extraordinary	DESC:Drow are skilled in the use of poison and never risk accidentally poisoning themselves.
Weapon Familiarity	KEY:Weapon Familiarity ~ Drow	CATEGORY:Special Ability	TYPE:SpecialQuality.Extraordinary	DESC:Drow are proficient with the hand crossbow, rapier, and short sword.						AUTO:WEAPONPROF|Crossbow (Hand)|Rapier|Sword (Short)

###Block: Goblin abilities
# Ability Name	Unique Key			Category of Ability		Type						Description										Bonus to skill					Source Page
Skilled		KEY:Skilled ~ Goblin	CATEGORY:Special Ability	TYPE:SpecialQuality.Extraordinary	DESC:Goblins gain a +4 racial bonus on Ride and Stealth checks.	BONUS:SKILL|Ride,Stealth|4|TYPE=Racial	SOURCEPAGE:p.18

###Block: Tengu abilities
# Ability Name	Unique Key				Category of Ability		Type						Description																								Automatically Gained Weapon Prof.	Bonus to skill						Source Page
Gifted Linguist	KEY:Gifted Linguist ~ Tengu	CATEGORY:Special Ability	TYPE:SpecialQuality.Extraordinary	DESC:Tengus gain a +4 racial bonus on Linguistics checks, and learn 2 languages each time they gain a rank in Linguistics rather than 1 language.							BONUS:SKILL|Linguistics|4|TYPE=Racial		SOURCEPAGE:p.24
#need a way to make languages work for Tengu: maybe BONUS:LANGUAGES|NUMBER|skillinfo("RANK","Linguistics")
Sneaky		KEY:Sneaky ~ Tengu		CATEGORY:Special Ability	TYPE:SpecialQuality.Extraordinary	DESC:Tengus gain a +2 racial bonus on Perception and Stealth.																					BONUS:SKILL|Perception,Stealth|2|TYPE=Racial	SOURCEPAGE:p.24
Swordtrained	KEY:Swordtrained ~ Tengu	CATEGORY:Special Ability	TYPE:SpecialQuality.Extraordinary	DESC:Tengus are trined from birth in swordplay,, and as a result are automatically proficient with sword-like weapons.						AUTO:WEAPONPROF|TYPE.Sword										SOURCEPAGE:p.24

###Block: Tiefling abilities
# Ability Name		Unique Key					Category of Ability		Type						Visible	Description																									Ability																Bonus to skill					Modify VAR													Source Page
Skilled			KEY:Skilled ~ Tiefling			CATEGORY:Special Ability	TYPE:SpecialQuality.Extraordinary			DESC:Tieflings have a +2 racial bonus on Bluff and Stealth checks.																																BONUS:SKILL|Bluff,Stealth|2|TYPE=Racial															SOURCEPAGE:p.25
Fiendish Resistance	KEY:Fiendish Resistance ~ Tiefling	CATEGORY:Special Ability	TYPE:SpecialQuality.Extraordinary	VISIBLE:NO																											ABILITY:Special Ability|AUTOMATIC|Resistance to Cold|Resistance to Electricity|Resistance to Fire								BONUS:VAR|ColdResistanceBonus,ElectricityResistanceBonus,FireResistanceBonus|5	SOURCEPAGE:p.25
Fiendish Sorcery		KEY:Fiendish Sorcery ~ Tiefling	CATEGORY:Special Ability	TYPE:SpecialQuality.Extraordinary			DESC:Tiefling sorcerers with the Abyssal or Infernal bloodline treat their Charisma score as 2 points higher for all sorcerer class abilities.	DESC:p.25

#
# End
#
