# CVS $Revision$ $Author$ -- Fri Dec 11 21:12:44 2009 -- reformated by prettylst.pl v1.39 (build 10232)
SOURCELONG:Pathfinder Roleplaying Game Bestiary	SOURCESHORT:PFB	SOURCEWEB:http://paizo.com/store/byCompany/p/paizoPublishingLLC/pathfinder/pathfinderRPG/v5748btpy85k5	SOURCEDATE:2009-10

# Class Name	Output Name			Hit Dice	Type			Max Level		Source Page		Ability														Save checks bonus											Combat bonus
CLASS:Angel		OUTPUTNAME:Outsider	HD:10		TYPE:Monster	MAXLEVEL:NOLIMIT	SOURCEPAGE:p.309	ABILITY:Special Ability|AUTOMATIC|Outsider Traits	ABILITY:FEAT|AUTOMATIC|CMB Output	BONUS:CHECKS|BASE.Fortitude,BASE.Will|CL/2+2	BONUS:CHECKS|BASE.Reflex|CL/3	BONUS:COMBAT|BAB|CL|TYPE=Base.REPLACE
# Class Name	Reg. Race Type
CLASS:Angel		PRERACETYPE:Outsider
# Class Name	Skill Pts/Lvl	Add INT to Skill Points?	Class Skill
CLASS:Angel		STARTSKILLPTS:6	MODTOSKILLS:YES			CSKILL:Bluff|TYPE.Craft|Knowledge (Planes)|Perception|Sense Motive|Stealth
###Block:Proficiencies
1	BONUS:PCLEVEL|Cleric|AngelCasterLevel	DEFINE:AngelCasterLevel|0	ADD:SPELLCASTER|1|Cleric	ABILITY:Special Ability|AUTOMATIC|All Automatic Proficiencies|All Martial Weapon Proficiencies	AUTO:FEAT|Simple Weapon Proficiency|Martial Weapon Proficiency

# Class Name	Output Name			Hit Dice	Type			Max Level		Source Page		Ability														Save checks bonus											Combat bonus
CLASS:Archon	OUTPUTNAME:Outsider	HD:10		TYPE:Monster	MAXLEVEL:NOLIMIT	SOURCEPAGE:p.309	ABILITY:Special Ability|AUTOMATIC|Outsider Traits	ABILITY:FEAT|AUTOMATIC|CMB Output	BONUS:CHECKS|BASE.Fortitude,BASE.Will|CL/2+2	BONUS:CHECKS|BASE.Reflex|CL/3	BONUS:COMBAT|BAB|CL|TYPE=Base.REPLACE
# Class Name	Reg. Race Type
CLASS:Archon	PRERACETYPE:Outsider
# Class Name	Skill Pts/Lvl	Add INT to Skill Points?	Class Skill
CLASS:Archon	STARTSKILLPTS:6	MODTOSKILLS:YES			CSKILL:Bluff|TYPE.Craft|Knowledge (Planes)|Perception|Sense Motive|Stealth
###Block:Proficiencies
1	BONUS:PCLEVEL|Cleric|ArchonCasterLevel	DEFINE:ArchonCasterLevel|0	ADD:SPELLCASTER|1|Cleric	ABILITY:Special Ability|AUTOMATIC|All Automatic Proficiencies|All Martial Weapon Proficiencies	AUTO:FEAT|Simple Weapon Proficiency|Martial Weapon Proficiency

# Class Name	Hit Dice	Type			Max Level		Source Page		Ability					Save checks bonus											Combat bonus
CLASS:Dark Naga	HD:8		TYPE:Monster	MAXLEVEL:NOLIMIT	SOURCEPAGE:p.211	ABILITY:FEAT|AUTOMATIC|CMB Output	BONUS:CHECKS|BASE.Will|CL/2+2	BONUS:CHECKS|BASE.Fortitude,BASE.Reflex|CL/3	BONUS:COMBAT|BAB|CL*3/4|TYPE=Base.REPLACE
# Class Name	Required Race		Reg. Race Type
CLASS:Dark Naga	PRERACE:1,Naga (Dark)	PRERACETYPE:Aberration
# Class Name	Skill Pts/Lvl	Add INT to Skill Points?	Class Skill
CLASS:Dark Naga	STARTSKILLPTS:4	MODTOSKILLS:YES			CSKILL:Acrobatics|Climb|Escape Artist|Fly|Intimidate|TYPE.Knowledge|Perception|Spellcraft|Stealth|Survival|Swim
1						ADD:SPELLCASTER|1|Sorcerer
3	BONUS:PCLEVEL|Sorcerer|1
4	BONUS:PCLEVEL|Sorcerer|1
5	BONUS:PCLEVEL|Sorcerer|1
7	BONUS:PCLEVEL|Sorcerer|1
8	BONUS:PCLEVEL|Sorcerer|1
9	BONUS:PCLEVEL|Sorcerer|1

# Class Name		Hit Dice	Type			Max Level		Source Page		Ability					Save checks bonus											Combat bonus
CLASS:Guardian Naga	HD:8		TYPE:Monster	MAXLEVEL:NOLIMIT	SOURCEPAGE:p.213	ABILITY:FEAT|AUTOMATIC|CMB Output	BONUS:CHECKS|BASE.Will|CL/2+2	BONUS:CHECKS|BASE.Fortitude,BASE.Reflex|CL/3	BONUS:COMBAT|BAB|CL*3/4|TYPE=Base.REPLACE
# Class Name		Required Race			Reg. Race Type
CLASS:Guardian Naga	PRERACE:1,Naga (Guardian)	PRERACETYPE:Aberration
# Class Name		Skill Pts/Lvl	Add INT to Skill Points?	Class Skill
CLASS:Guardian Naga	STARTSKILLPTS:4	MODTOSKILLS:YES			CSKILL:Acrobatics|Climb|Escape Artist|Fly|Intimidate|TYPE.Knowledge|Perception|Spellcraft|Stealth|Survival|Swim
1						ADD:SPELLCASTER|1|Sorcerer
2	BONUS:PCLEVEL|Sorcerer|1
3	BONUS:PCLEVEL|Sorcerer|1
5	BONUS:PCLEVEL|Sorcerer|1
6	BONUS:PCLEVEL|Sorcerer|1
7	BONUS:PCLEVEL|Sorcerer|1
9	BONUS:PCLEVEL|Sorcerer|1
10	BONUS:PCLEVEL|Sorcerer|1
11	BONUS:PCLEVEL|Sorcerer|1

# Class Name	Hit Dice	Type			Max Level		Source Page		Ability					Save checks bonus											Combat bonus
CLASS:Spirit Naga	HD:8		TYPE:Monster	MAXLEVEL:NOLIMIT	SOURCEPAGE:p.215	ABILITY:FEAT|AUTOMATIC|CMB Output	BONUS:CHECKS|BASE.Will|CL/2+2	BONUS:CHECKS|BASE.Fortitude,BASE.Reflex|CL/3	BONUS:COMBAT|BAB|CL*3/4|TYPE=Base.REPLACE
# Class Name	Required Race		Reg. Race Type
CLASS:Spirit Naga	PRERACE:1,Naga (Spirit)	PRERACETYPE:Aberration
# Class Name	Skill Pts/Lvl	Add INT to Skill Points?	Class Skill
CLASS:Spirit Naga	STARTSKILLPTS:4	MODTOSKILLS:YES			CSKILL:Acrobatics|Climb|Escape Artist|Fly|Intimidate|TYPE.Knowledge|Perception|Spellcraft|Stealth|Survival|Swim
1						ADD:SPELLCASTER|1|Sorcerer
3	BONUS:PCLEVEL|Sorcerer|1
4	BONUS:PCLEVEL|Sorcerer|1
5	BONUS:PCLEVEL|Sorcerer|1
7	BONUS:PCLEVEL|Sorcerer|1
8	BONUS:PCLEVEL|Sorcerer|1
9	BONUS:PCLEVEL|Sorcerer|1

# Class Name	Hit Dice	Type			Max Level		Source Page		Ability					Save checks bonus											Combat bonus
CLASS:Nymph		HD:6		TYPE:Monster	MAXLEVEL:NOLIMIT	SOURCEPAGE:p.217	ABILITY:FEAT|AUTOMATIC|CMB Output	BONUS:CHECKS|BASE.Reflex,BASE.Will|CL/2+2	BONUS:CHECKS|BASE.Fortitude|CL/3	BONUS:COMBAT|BAB|CL/2|TYPE=Base.REPLACE
# Class Name	Reg. Race Type
CLASS:Nymph		PRERACETYPE:Fey
# Class Name	Skill Pts/Lvl	Add INT to Skill Points?	Class Skill
CLASS:Nymph		STARTSKILLPTS:6	MODTOSKILLS:YES			CSKILL:Acrobatics|Bluff|Climb|TYPE.Craft|Diplomacy|Disguise|Escape Artist|Fly|Knowledge (Geography)|Knowledge (Local)|Knowledge (Nature)|Perception|TYPE.Perform|Sense Motive|Sleight of Hand|Stealth|Swim|Use Magic Device
1					ADD:SPELLCASTER|1|Druid
2	BONUS:PCLEVEL|Druid|1
2	BONUS:PCLEVEL|Druid|1
3	BONUS:PCLEVEL|Druid|1
4	BONUS:PCLEVEL|Druid|1
5	BONUS:PCLEVEL|Druid|1
6	BONUS:PCLEVEL|Druid|1

# Class Name	Hit Dice	Type			Max Level		Source Page		Ability																		Save checks bonus											Combat bonus
CLASS:Rakshasa	HD:10		TYPE:Monster	MAXLEVEL:NOLIMIT	SOURCEPAGE:p.231	ABILITY:Special Ability|AUTOMATIC|Outsider Traits|PREVAREQ:NoTypeTraits,0	ABILITY:FEAT|AUTOMATIC|CMB Output	BONUS:CHECKS|BASE.Reflex,BASE.Will|CL/2+2	BONUS:CHECKS|BASE.Fortitude|CL/3	BONUS:COMBAT|BAB|CL|TYPE=Base.REPLACE
# Class Name	Reg. Race Type
CLASS:Rakshasa	PRERACETYPE:Outsider
# Class Name	Skill Pts/Lvl	Add INT to Skill Points?	Class Skill
CLASS:Rakshasa	STARTSKILLPTS:6	MODTOSKILLS:YES			CSKILL:Bluff|TYPE.Craft|Diplomacy|Disguise|Knowledge (Planes)|Perception|TYPE.Perform|Sense Motive|Stealth
###Block:Proficiencies
1	ABILITY:Special Ability|AUTOMATIC|All Automatic Proficiencies|All Martial Weapon Proficiencies	AUTO:FEAT|Simple Weapon Proficiency|Martial Weapon Proficiency
###Block:Spellcaster Progression
1						ADD:SPELLCASTER|1|Sorcerer
2	BONUS:PCLEVEL|Sorcerer|1
3	BONUS:PCLEVEL|Sorcerer|1
4	BONUS:PCLEVEL|Sorcerer|1
5	BONUS:PCLEVEL|Sorcerer|1
6	BONUS:PCLEVEL|Sorcerer|1
7	BONUS:PCLEVEL|Sorcerer|1


#
# End
#
