# CVS $Revision: $ $Author: $ -- Fri Apr  1 08:57:13 2005 -- reformated by prettylst.pl v1.34 (build 455)
SOURCELONG:d20Talislanta|SOURCESHORT:d20Tal|SOURCEWEB:http://www.talislanta.com
# Orginal Entry By: Loyal

# Arimite Knifefighter

# Class Name			Hit Dice	Type			Abbreviation	Max Level	Source Page		Save checks bonus												Combat bonus
CLASS:Arimite Knifefighter	HD:8		TYPE:PC.Prestige	ABB:Knf		MAXLEVEL:10	SOURCEPAGE:122	BONUS:CHECKS|BASE.Reflex,BASE.Willpower|CL/2+2	BONUS:CHECKS|BASE.Fortitude|CL/3	BONUS:COMBAT|BAB|CL|TYPE=Base.REPLACE
# Class Name			Required Feat				Required Race	Required Skill
CLASS:Arimite Knifefighter	PREFEAT:1,Weapon Focus (Dagger)	PRERACE:Arimite	PRESKILL:5,Balance,Intimidate,Jump,Sleight of Hand,Tumble=4
# Class Name			Skill Pts/Lvl	Class Skill
CLASS:Arimite Knifefighter	STARTSKILLPTS:4	CSKILL:Climb|TYPE.Craft|Hide|Jump|Knowledge (Geography)|Listen|Move Silently|Spot|Swim
1	SA:Weapon Spcialization (Dagger)
2	SA:Precise Strike + %|PreciseStrike	BONUS:VAR|PreciseStrike|2	DEFINE:PreciseStrike|0
3	SA:Throat Slit (Ex)
4	SA:Greater Weapon Focus			BONUS:VAR|PreciseStrike|1
5	SA:Lightning Dodge
6							BONUS:VAR|PreciseStrike|1
7	SA:Improved Throat Slit (Ex)
8							BONUS:VAR|PreciseStrike|1
9	SA:Greater Weapon Specialization
10							BONUS:VAR|PreciseStrike|1

# Beastmaster
# Gao Sea Rogue
# Revenant

# Rogue Magician

# Class Name		Hit Dice	Type			Abbreviation	Max Level	Source Page		Save checks bonus												Combat bonus
CLASS:Rogue Magician	HD:6		TYPE:PC.Prestige	ABB:RgM		MAXLEVEL:10	SOURCEPAGE:128	BONUS:CHECKS|BASE.Fortitude|CL/3	BONUS:CHECKS|BASE.Reflex,BASE.Willpower|CL/2+2	BONUS:COMBAT|BAB|CL/2|TYPE=Base.REPLACE
# Class Name		Required Feat			Required Skill													Var. Min. Value
CLASS:Rogue Magician	PREFEAT:1,TYPE=Magic Order	PRESKILL:2,Disable Device,Escape Artist=6	PRESKILL:2,Decipher Script,Knowledge (Arcana)=4	PREVARGTEQ:SneakAttack,2
# Class Name		Skill Pts/Lvl	Class Skill
CLASS:Rogue Magician	STARTSKILLPTS:4	CSKILL:Appraise|Balance|Bluff|Climb|Concentration|TYPE.Craft|Decipher Script|Diplomacy|Disable Device|Disguise|Escape Artist|Gather Information|Hide|Jump|TYPE.Knowledge|Listen|TYPE.Mode|Move Silently|Open Lock|TYPE.Profession|Sense Motive|Search|Sleight of Hand|Speak Language|Spellcraft|Spot|Swim|Tumble|Use Rope
1	SA:Ranged Ledgerdemain %/day (Su)|RangedLedgermain	BONUS:VAR|RangedLedgermain|((CL=Rogue Magician)+3)/4	DEFINE:RangedLedgermain|0
1	SA:Magic Bonus +% (Ex)|MagicBonus				BONUS:VAR|MagicBonus|1						DEFINE:MagicBonus|0
2										BONUS:VAR|SneakAttack|(CL=Rogue Magician)/2							FEATAUTO:Sneak Attack
3	SA:Impromptu Sneak Attack %/day (Su)|ImpromptuSneak	BONUS:VAR|ImpromptuSneak|((CL=Rogue Magician)+1)/4	DEFINE:ImpromptuSneak|0
3										BONUS:VAR|MagicBonus|1
6										BONUS:VAR|MagicBonus|1
9										BONUS:VAR|MagicBonus|1

# Swordsmage

# Class Name	Hit Dice	Type			Abbreviation	Max Level	Source Page		Save checks bonus												Combat bonus
CLASS:Swordsmage	HD:8		TYPE:PC.Prestige	ABB:Smg		MAXLEVEL:10	SOURCEPAGE:129	BONUS:CHECKS|BASE.Fortitude|CL/3	BONUS:CHECKS|BASE.Reflex,BASE.Willpower|CL/2+2	BONUS:COMBAT|BAB|CL*3/4|TYPE=Base.REPLACE
# Class Name	Req. Att.	Required Feat				Required Race	Required Skill
CLASS:Swordsmage	PREATT:3	PREFEAT:1,TYPE=Elemental,Wizardry	PRERACE:Cymrilian	PRESKILL:1,Spellcraft=4	PRESKILL:1,Wizardry Mode (Defend),Pyromantic Mode (Defend),Aeromantic Mode (Defend),Aquamantic Mode (Defend),Geomantic Mode (Defend)=4	PRESKILL:1,Wizardry Mode (Attack),Pyromantic Mode (Attack),Aeromantic Mode (Attack),Aquamantic Mode (Attack),Geomantic Mode (Attack)=6
# Class Name	Skill Pts/Lvl	Class Skill
CLASS:Swordsmage	STARTSKILLPTS:2	CSKILL:Balance|Climb|Concentration|Drive/Pilot|Jump|Knowledge (Arcana)|TYPE.Mode|Navigate|Ride|Spellcraft|Swim
1																								AUTO:WEAPONPROF|TYPE.Martial	FEATAUTO:Armor Proficiency (Light)|Armor Proficiency (Medium)	FEATAUTO:Shield Proficiency	FEATAUTO:Simple Weapon Proficiency|Martial Weapon Proficiency
1																		ADD:FEAT(Armored Spellcasting)
2	SA:Magic Bonus +% (Ex)|MagicBonus	BONUS:VAR|MagicBonus|(CL=Swordsmage)/2	DEFINE:MagicBonus|0
3																		ADD:FEAT(Alertness,Artillerist,Combat Casting,Dodge,Leadership,Mobility,Operate Conveyance,Spring Attack,Exotic Weapon  Proficiency,Improved Disarm,Improved Trip,Whirlwind Attack)
5																		ADD:FEAT(Alertness,Artillerist,Combat Casting,Dodge,Leadership,Mobility,Operate Conveyance,Spring Attack,Exotic Weapon  Proficiency,Improved Disarm,Improved Trip,Whirlwind Attack)
7																		ADD:FEAT(Alertness,Artillerist,Combat Casting,Dodge,Leadership,Mobility,Operate Conveyance,Spring Attack,Exotic Weapon  Proficiency,Improved Disarm,Improved Trip,Whirlwind Attack)
9																		ADD:FEAT(Alertness,Artillerist,Combat Casting,Dodge,Leadership,Mobility,Operate Conveyance,Spring Attack,Exotic Weapon  Proficiency,Improved Disarm,Improved Trip,Whirlwind Attack)