#  Sat May 18 14:56:38 2019 -- reformated by PCGen PrettyLST v6.08.00

Brenneri	SORTKEY:A_PlayableRace	STARTFEATS:1	SIZE:M	MOVE:Walk,30,Swim,20				LANGBONUS:TYPE=Spoken	BONUS:STAT|CHA,CON|2		BONUS:STAT|INT|-2		AUTO:LANG|Common	ABILITY:Race|AUTOMATIC|Brenneri		RACETYPE:Humanoid	RACESUBTYPE:Brenneri	TYPE:Humanoid			SOURCEPAGE:p.9		KIT:1|Playable Race Defaults	FACT:BaseSize|M
Cephalume	SORTKEY:A_PlayableRace	STARTFEATS:1	SIZE:M	MOVE:Walk,10,Swim,30				LANGBONUS:TYPE=Spoken	BONUS:STAT|STR,WIS|2		BONUS:STAT|CON|-2		AUTO:LANG|Common	ABILITY:Race|AUTOMATIC|Cephalume	RACETYPE:Humanoid	RACESUBTYPE:Plantlike	TYPE:Abberation			SOURCEPAGE:p.11		KIT:1|Playable Race Defaults	FACT:BaseSize|M
Dessamar	SORTKEY:A_PlayableRace	STARTFEATS:1	SIZE:M	MOVE:Walk,20						LANGBONUS:TYPE=Spoken	BONUS:STAT|WIS|2									AUTO:LANG|Common	ABILITY:Race|AUTOMATIC|Dessamar		RACETYPE:Humanoid	RACESUBTYPE:Dessamar	TYPE:Humanoid			SOURCEPAGE:p.15		KIT:1|Playable Race Defaults	FACT:BaseSize|M
Dirindi		SORTKEY:A_PlayableRace	STARTFEATS:1	SIZE:M	MOVE:Walk,30						LANGBONUS:TYPE=Spoken	BONUS:STAT|DEX,CHA|2		BONUS:STAT|WIS|-2		AUTO:LANG|Common	ABILITY:Race|AUTOMATIC|Dirindi		RACETYPE:Humanoid	RACESUBTYPE:Dirindi		TYPE:Humanoid			SOURCEPAGE:p.21		KIT:1|Playable Race Defaults	FACT:BaseSize|M
Dromada		SORTKEY:A_PlayableRace	STARTFEATS:1	SIZE:M	MOVE:Walk,40						LANGBONUS:TYPE=Spoken	BONUS:STAT|DEX,WIS|2		BONUS:STAT|CHA|-2		AUTO:LANG|Common	ABILITY:Race|AUTOMATIC|Dromada		RACETYPE:Humanoid							TYPE:Magical Beast		SOURCEPAGE:p.29		KIT:1|Playable Race Defaults	FACT:BaseSize|M
Espraksa	SORTKEY:A_PlayableRace	STARTFEATS:1	SIZE:M	MOVE:Walk,30,Fly,30					LANGBONUS:TYPE=Spoken	BONUS:STAT|WIS,CHA|2		BONUS:STAT|CON|-2		AUTO:LANG|Common	ABILITY:Race|AUTOMATIC|Espraksa		RACETYPE:Humanoid	RACESUBTYPE:Espraksa	TYPE:Humanoid			SOURCEPAGE:p.33		KIT:1|Playable Race Defaults	FACT:BaseSize|M
Hanakan		SORTKEY:A_PlayableRace	STARTFEATS:1	SIZE:S	MOVE:Walk,40,Climb,20				LANGBONUS:TYPE=Spoken	BONUS:STAT|CON,CHA|2		BONUS:STAT|INT|-2		AUTO:LANG|Common	ABILITY:Race|AUTOMATIC|Hanakan		RACETYPE:Humanoid							TYPE:Magical Beast		SOURCEPAGE:p.49		KIT:1|Playable Race Defaults	FACT:BaseSize|S
Hortus		SORTKEY:A_PlayableRace	STARTFEATS:1	SIZE:M	MOVE:Walk,30						LANGBONUS:TYPE=Spoken	BONUS:STAT|STR,CON|2		BONUS:STAT|CHA|-2		AUTO:LANG|Common	ABILITY:Race|AUTOMATIC|Hortus		RACETYPE:Humanoid							TYPE:Plant				SOURCEPAGE:p.51		KIT:1|Playable Race Defaults	FACT:BaseSize|M
Ijtikri		SORTKEY:A_PlayableRace	STARTFEATS:1	SIZE:M	MOVE:Walk,30,Swim,30,Crawl,15		LANGBONUS:TYPE=Spoken	BONUS:STAT|CON,WIS|2		BONUS:STAT|INT|-2		AUTO:LANG|Common	ABILITY:Race|AUTOMATIC|Ijtikri		RACETYPE:Humanoid							TYPE:Aberration			SOURCEPAGE:p.55		KIT:1|Playable Race Defaults	FACT:BaseSize|M
Izalguun	SORTKEY:A_PlayableRace	STARTFEATS:1	SIZE:L	MOVE:Walk,20,Quadrupedal Walk,40	LANGBONUS:TYPE=Spoken	BONUS:STAT|STR,INT|2		BONUS:STAT|DEX|-2		AUTO:LANG|Common	ABILITY:Race|AUTOMATIC|Izalguun		RACETYPE:Humanoid							TYPE:Monstrous Humanoid	SOURCEPAGE:p.59		KIT:1|Playable Race Defaults	FACT:BaseSize|L
Morlamaw	SORTKEY:A_PlayableRace	STARTFEATS:1	SIZE:L	MOVE:Walk,20,Swim,40				LANGBONUS:TYPE=Spoken	BONUS:STAT|CON,CHA|2		BONUS:STAT|WIS|-2		AUTO:LANG|Common	ABILITY:Race|AUTOMATIC|Morlamaw		RACETYPE:Humanoid	RACESUBTYPE:Aquatic		TYPE:Monstrous Humanoid	SOURCEPAGE:p.73		KIT:1|Playable Race Defaults	FACT:BaseSize|L
Raxilite	SORTKEY:A_PlayableRace	STARTFEATS:1	SIZE:T	MOVE:Walk,30						LANGBONUS:TYPE=Spoken	BONUS:STAT|CHA,DEX,INT|2	BONUS:STAT|STR|-4		AUTO:LANG|Common	ABILITY:Race|AUTOMATIC|Raxilite		RACETYPE:Humanoid							TYPE:Plant				SOURCEPAGE:p.83		KIT:1|Playable Race Defaults	FACT:BaseSize|T
Sazaron		SORTKEY:A_PlayableRace	STARTFEATS:1	SIZE:L	MOVE:Walk,30						LANGBONUS:TYPE=Spoken	BONUS:STAT|INT,WIS|2		BONUS:STAT|Dex|-2		AUTO:LANG|Common	ABILITY:Race|AUTOMATIC|Sazaron		RACETYPE:Humanoid							TYPE:Monstrous Humanoid	SOURCEPAGE:p.91		KIT:1|Playable Race Defaults	FACT:BaseSize|L
Shakalta	SORTKEY:A_PlayableRace	STARTFEATS:1	SIZE:M	MOVE:Walk,30						LANGBONUS:TYPE=Spoken	BONUS:STAT|WIS,CHA|2		BONUS:STAT|INT|-2		AUTO:LANG|Common	ABILITY:Race|AUTOMATIC|Shakalta		RACETYPE:Humanoid	RACESUBTYPE:Shakalta	TYPE:Humanoid			SOURCEPAGE:p.93		KIT:1|Playable Race Defaults	FACT:BaseSize|M
Shatori		SORTKEY:A_PlayableRace	STARTFEATS:1	SIZE:M	MOVE:Walk,30						LANGBONUS:TYPE=Spoken	BONUS:STAT|INT,WIS|2		BONUS:STAT|CON|-2		AUTO:LANG|Common	ABILITY:Race|AUTOMATIC|Shatori		RACETYPE:Humanoid	RACESUBTYPE:Shatori		TYPE:Humanoid			SOURCEPAGE:p.95		KIT:1|Playable Race Defaults	FACT:BaseSize|M
Shimreen	SORTKEY:A_PlayableRace	STARTFEATS:1	SIZE:M	MOVE:Walk,30						LANGBONUS:TYPE=Spoken	BONUS:STAT|DEX,INT|2		BONUS:STAT|WIS|-2		AUTO:LANG|Common	ABILITY:Race|AUTOMATIC|Shimreen		RACETYPE:Humanoid	RACESUBTYPE:Shimreen	TYPE:Humanoid			SOURCEPAGE:p.97		KIT:1|Playable Race Defaults	FACT:BaseSize|M
#TODO: Can you have more than 1 type? They are supposed to be Monstrous Humanoids and Vermin
Spathinae	SORTKEY:A_PlayableRace	STARTFEATS:1	SIZE:M	MOVE:Walk,30,Fly,20					LANGBONUS:TYPE=Spoken	BONUS:STAT|DEX,WIS|2		BONUS:STAT|CON|-2		AUTO:LANG|Common	ABILITY:Race|AUTOMATIC|Spathinae	RACETYPE:Humanoid	TYPE:Monstrous Humanoid	TYPE:Vermin				SOURCEPAGE:p.101	KIT:1|Playable Race Defaults	FACT:BaseSize|M
Telia		SORTKEY:A_PlayableRace	STARTFEATS:1	SIZE:M	MOVE:Walk,25,Swim,20				LANGBONUS:TYPE=Spoken	BONUS:STAT|CON,WIS|2		BONUS:STAT|DEX|-2		AUTO:LANG|Common	ABILITY:Race|AUTOMATIC|Telia		RACETYPE:Humanoid	TYPE:Monstrous Humanoid							SOURCEPAGE:p.113	KIT:1|Playable Race Defaults	FACT:BaseSize|M
Varculak	SORTKEY:A_PlayableRace	STARTFEATS:1	SIZE:M	MOVE:Walk,30						LANGBONUS:TYPE=Spoken	BONUS:STAT|CON,CHA|2		BONUS:STAT|WIS|-2		AUTO:LANG|Common	ABILITY:Race|AUTOMATIC|Varculak		RACETYPE:Humanoid							TYPE:Undead				SOURCEPAGE:p.127	KIT:1|Playable Race Defaults	FACT:BaseSize|S
