#!!TODO: Dirindi: Add bonus languages based on INT modifier
#!!TODO: Hortus and Sazaron damage resistance stacks with 1 other source of DR. how do to this?
#!!TODO: Izalguun have 2 different "modes", with different land movement and reach. Is there a way to incorporate this?
#!!TODO: how to increase reach? ex: Morlamaws, Izalguuns list unarmed weapons as a reach of 5'
#!!TODO: Shakaltas get a bonus skill synergy feat. how to give this?

# Race Selection - granted by the race, grants default racial traits, and prompts for a theme as a playable race
# Ability Name		Category of Ability			Ability
Brenneri		CATEGORY:Race	ABILITY:Internal|AUTOMATIC|Playable Race Selected|Brenneri Race Selection ~ Default
Cephalume		CATEGORY:Race	ABILITY:Internal|AUTOMATIC|Playable Race Selected|Cephalume Race Selection ~ Default
Dessamar		CATEGORY:Race	ABILITY:Internal|AUTOMATIC|Playable Race Selected|Dessamar Race Selection ~ Default
Dirindi			CATEGORY:Race	ABILITY:Internal|AUTOMATIC|Playable Race Selected|Dirindi Race Selection ~ Default
Dromada			CATEGORY:Race	ABILITY:Internal|AUTOMATIC|Playable Race Selected|Dromada Race Selection ~ Default
Espraksa		CATEGORY:Race	ABILITY:Internal|AUTOMATIC|Playable Race Selected|Espraksa Race Selection ~ Default
Hanakan			CATEGORY:Race	ABILITY:Internal|AUTOMATIC|Playable Race Selected|Hanakan Race Selection ~ Default
Hortus			CATEGORY:Race	ABILITY:Internal|AUTOMATIC|Playable Race Selected|Hortus Race Selection ~ Default
Ijtikri			CATEGORY:Race	ABILITY:Internal|AUTOMATIC|Playable Race Selected|Ijtikri Race Selection ~ Default
Izalguun		CATEGORY:Race	ABILITY:Internal|AUTOMATIC|Playable Race Selected|Izalguun Race Selection ~ Default
Morlamaw		CATEGORY:Race	ABILITY:Internal|AUTOMATIC|Playable Race Selected|Morlamaw Race Selection ~ Default
Raxilite		CATEGORY:Race	ABILITY:Internal|AUTOMATIC|Playable Race Selected|Raxilite Race Selection ~ Default
Sazaron			CATEGORY:Race	ABILITY:Internal|AUTOMATIC|Playable Race Selected|Sazaron Race Selection ~ Default
Shakalta		CATEGORY:Race	ABILITY:Internal|AUTOMATIC|Playable Race Selected|Shakalta Race Selection ~ Default
Shatori			CATEGORY:Race	ABILITY:Internal|AUTOMATIC|Playable Race Selected|Shatori Race Selection ~ Default
Shimreen		CATEGORY:Race	ABILITY:Internal|AUTOMATIC|Playable Race Selected|Shimreen Race Selection ~ Default
Spathinae		CATEGORY:Race	ABILITY:Internal|AUTOMATIC|Playable Race Selected|Spathinae Race Selection ~ Default
Telia			CATEGORY:Race	ABILITY:Internal|AUTOMATIC|Playable Race Selected|Telia Race Selection ~ Default
Varculak		CATEGORY:Race	ABILITY:Internal|AUTOMATIC|Playable Race Selected|Varculak Race Selection ~ Default

# Racial Traits Listed

Brenneri Race Selection ~ Default	CATEGORY:Internal	TYPE:BrenneriRaceSelection	ABILITY:Brenneri Racial Trait|AUTOMATIC|Brenneri Default ~ SIZE AND TYPE	ABILITY:Brenneri Racial Trait|AUTOMATIC|Brenneri Default ~ DARKVISION			ABILITY:Brenneri Racial Trait|AUTOMATIC|Brenneri Default ~ ASTUTE			ABILITY:Brenneri Racial Trait|AUTOMATIC|Brenneri Default ~ FAVORED OBJECT		ABILITY:Brenneri Racial Trait|AUTOMATIC|Brenneri Default ~ HOLD BREATH			ABILITY:Brenneri Racial Trait|AUTOMATIC|Brenneri Default ~ SWIMMER			BONUS:VAR|RaceHP|4
Cephalume Race Selection ~ Default	CATEGORY:Internal	TYPE:CephalumeRaceSelection	ABILITY:Cephalume Racial Trait|AUTOMATIC|Cephalume Default ~ SIZE AND TYPE	ABILITY:Cephalume Racial Trait|AUTOMATIC|Cephalume Default ~ BEGUILING GLOW		ABILITY:Cephalume Racial Trait|AUTOMATIC|Cephalume Default ~ BIOLUMINESCENCE		ABILITY:Cephalume Racial Trait|AUTOMATIC|Cephalume Default ~ COLD RESISTANCE		ABILITY:Cephalume Racial Trait|AUTOMATIC|Cephalume Default ~ DARKVISION			ABILITY:Cephalume Racial Trait|AUTOMATIC|Cephalume Default ~ DEPTH INURED		ABILITY:Cephalume Racial Trait|AUTOMATIC|Cephalume Default ~ PLANTLIKE		ABILITY:Cephalume Racial Trait|AUTOMATIC|Cephalume Default ~ SYMBIOTE ADAPTION		BONUS:VAR|RaceHP|4
Dessamar Race Selection ~ Default	CATEGORY:Internal	TYPE:DessamarRaceSelection	ABILITY:Dessamar Racial Trait|AUTOMATIC|Dessamar Default ~ SIZE AND TYPE	ABILITY:Dessamar Racial Trait|AUTOMATIC|Dessamar Default ~ DESSAMAR MAGIC		ABILITY:Dessamar Racial Trait|AUTOMATIC|Dessamar Default ~ DESSAMAR SENSES		ABILITY:Dessamar Racial Trait|AUTOMATIC|Dessamar Default ~ TWINKLE			BONUS:VAR|RaceHP|3
Dirindi Race Selection ~ Default	CATEGORY:Internal	TYPE:DirindiRaceSelection	ABILITY:Dirindi Racial Trait|AUTOMATIC|Dirindi Default ~ SIZE AND TYPE		ABILITY:Dirindi Racial Trait|AUTOMATIC|Dirindi Default ~ CONVIVAL			ABILITY:Dirindi Racial Trait|AUTOMATIC|Dirindi Default ~ DIRINDI SENSES			ABILITY:Dirindi Racial Trait|AUTOMATIC|Dirindi Default ~ ELECTRICAL AFFINITY		BONUS:VAR|RaceHP|4
Dromada Race Selection ~ Default	CATEGORY:Internal	TYPE:DromadaRaceSelection	ABILITY:Dromada Racial Trait|AUTOMATIC|Dromada Default ~ SIZE AND TYPE		ABILITY:Dromada Racial Trait|AUTOMATIC|Dromada Default ~ ALERT THE HERD			ABILITY:Dromada Racial Trait|AUTOMATIC|Dromada Default ~ BOLT				ABILITY:Dromada Racial Trait|AUTOMATIC|Dromada Default ~ DROMADA SENSES			ABILITY:Dromada Racial Trait|AUTOMATIC|Dromada Default ~ SAVORY				ABILITY:Dromada Racial Trait|AUTOMATIC|Dromada Default ~ SWIFT				BONUS:VAR|RaceHP|2
Espraksa Race Selection ~ Default	CATEGORY:Internal	TYPE:EspraksaRaceSelection	ABILITY:Espraksa Racial Trait|AUTOMATIC|Espraksa Default ~ SIZE AND TYPE	ABILITY:Espraksa Racial Trait|AUTOMATIC|Espraksa Default ~ COLD INURED			ABILITY:Espraksa Racial Trait|AUTOMATIC|Espraksa Default ~ EMPATHIC			ABILITY:Espraksa Racial Trait|AUTOMATIC|Espraksa Default ~ MULTICULTURAL		ABILITY:Espraksa Racial Trait|AUTOMATIC|Espraksa Default ~ NATURAL WEAPONS		ABILITY:Espraksa Racial Trait|AUTOMATIC|Espraksa Default ~ SNATCH			BONUS:VAR|RaceHP|4
Hanakan Race Selection ~ Default	CATEGORY:Internal	TYPE:HanakanRaceSelection	ABILITY:Hanakan Racial Trait|AUTOMATIC|Hanakan Default ~ SIZE AND TYPE		ABILITY:Hanakan Racial Trait|AUTOMATIC|Hanakan Default ~ ATMOSPHERIC ADAPTATION		ABILITY:Hanakan Racial Trait|AUTOMATIC|Hanakan Default ~ HANAKAN MAGIC			ABILITY:Hanakan Racial Trait|AUTOMATIC|Hanakan Default ~ HANAKAN SENSES			ABILITY:Hanakan Racial Trait|AUTOMATIC|Hanakan Default ~ STUDIED			BONUS:VAR|RaceHP|2
Hortus Race Selection ~ Default		CATEGORY:Internal	TYPE:HortusRaceSelection	ABILITY:Hortus Racial Trait|AUTOMATIC|Hortus Default ~ SIZE AND TYPE		ABILITY:Hortus Racial Trait|AUTOMATIC|Hortus Default ~ AMOSPHERIC ALTERATION		ABILITY:Hortus Racial Trait|AUTOMATIC|Hortus Default ~ HORTUS SENSES			ABILITY:Hortus Racial Trait|AUTOMATIC|Hortus Default ~ LIMITED PLANT BENEFITS		ABILITY:Hortus Racial Trait|AUTOMATIC|Hortus Default ~ SLIGHTLY POISONOUS		ABILITY:Hortus Racial Trait|AUTOMATIC|Hortus Default ~ SPONGY FORM			BONUS:VAR|RaceHP|6
Ijtikri Race Selection ~ Default	CATEGORY:Internal	TYPE:IjtikriRaceSelection	ABILITY:Ijtikri Racial Trait|AUTOMATIC|Ijtikri Default ~ SIZE AND TYPE		ABILITY:Ijtikri Racial Trait|AUTOMATIC|Ijtikri Default ~ DARKVISION			ABILITY:Ijtikri Racial Trait|AUTOMATIC|Ijtikri Default ~ HARDENED MANTLE		ABILITY:Ijtikri Racial Trait|AUTOMATIC|Ijtikri Default ~ IJTIKRI MOVEMENT		ABILITY:Ijtikri Racial Trait|AUTOMATIC|Ijtikri Default ~ MINERAL SIGNATURE		BONUS:VAR|RaceHP|6
Izalguun Race Selection ~ Default	CATEGORY:Internal	TYPE:IzalguunRaceSelection	ABILITY:Izalguun Racial Trait|AUTOMATIC|Izalguun Default ~ SIZE AND TYPE	ABILITY:Izalguun Racial Trait|AUTOMATIC|Izalguun Default ~ DARKVISION			ABILITY:Izalguun Racial Trait|AUTOMATIC|Izalguun Default ~ POSTURE			ABILITY:Izalguun Racial Trait|AUTOMATIC|Izalguun Default ~ TECH SAVVY			BONUS:VAR|RaceHP|6
Morlamaw Race Selection ~ Default	CATEGORY:Internal	TYPE:MorlamawRaceSelection	ABILITY:Morlamaw Racial Trait|AUTOMATIC|Morlamaw Default ~ SIZE AND TYPE	ABILITY:Morlamaw Racial Trait|AUTOMATIC|Morlamaw Default ~ AMPHIBIOUS			ABILITY:Morlamaw Racial Trait|AUTOMATIC|Morlamaw Default ~ COLD RESISTANCE		ABILITY:Morlamaw Racial Trait|AUTOMATIC|Morlamaw Default ~ DARKVISION			ABILITY:Morlamaw Racial Trait|AUTOMATIC|Morlamaw Default ~ MORLAMAW MOVEMENT		ABILITY:Morlamaw Racial Trait|AUTOMATIC|Morlamaw Default ~ NATURAL WEAPONS		BONUS:VAR|RaceHP|4
Raxilite Race Selection ~ Default	CATEGORY:Internal	TYPE:RaxiliteRaceSelection	ABILITY:Raxilite Racial Trait|AUTOMATIC|Raxilite Default ~ SIZE AND TYPE	ABILITY:Raxilite Racial Trait|AUTOMATIC|Raxilite Default ~ LOW-LIGHT VISION		ABILITY:Raxilite Racial Trait|AUTOMATIC|Raxilite Default ~ FLOWERING OR SEEDING		ABILITY:Raxilite Racial Trait|AUTOMATIC|Raxilite Default ~ LFAN				ABILITY:Raxilite Racial Trait|AUTOMATIC|Raxilite Default ~ LFAN SYMBIOSIS		ABILITY:Raxilite Racial Trait|AUTOMATIC|Raxilite Default ~ LIMITED PLANT BENEFITS	BONUS:VAR|RaceHP|2
Sazaron Race Selection ~ Default	CATEGORY:Internal	TYPE:SazaronRaceSelection	ABILITY:Sazaron Racial Trait|AUTOMATIC|Sazaron Default ~ SIZE AND TYPE		ABILITY:Sazaron Racial Trait|AUTOMATIC|Sazaron Default ~ DARKVISION			ABILITY:Sazaron Racial Trait|AUTOMATIC|Sazaron Default ~ IMPEL TRUTH			ABILITY:Sazaron Racial Trait|AUTOMATIC|Sazaron Default ~ INSULATED SKIN			ABILITY:Sazaron Racial Trait|AUTOMATIC|Sazaron Default ~ LIMITED TELEPATHY		ABILITY:Sazaron Racial Trait|AUTOMATIC|Sazaron Default ~ NATURAL WEAPONS		ABILITY:Sazaron Racial Trait|AUTOMATIC|Sazaron Default ~ SCHOLARLY		BONUS:VAR|RaceHP|6
Shakalta Race Selection ~ Default	CATEGORY:Internal	TYPE:ShakaltaRaceSelection	ABILITY:Shakalta Racial Trait|AUTOMATIC|Shakalta Default ~ SIZE AND TYPE	ABILITY:Shakalta Racial Trait|AUTOMATIC|Shakalta Default ~ AURA OF LIGHT		ABILITY:Shakalta Racial Trait|AUTOMATIC|Shakalta Default ~ BONDED SOULS			ABILITY:Shakalta Racial Trait|AUTOMATIC|Shakalta Default ~ DUAL-CLASSED			ABILITY:Shakalta Racial Trait|AUTOMATIC|Shakalta Default ~ ENERGY BODY			ABILITY:Shakalta Racial Trait|AUTOMATIC|Shakalta Default ~ SHAKALTA TELEPATHY		ABILITY:Shakalta Racial Trait|AUTOMATIC|Shakalta Default ~ PSYCHIC SHUNT	ABILITY:Shakalta Racial Trait|AUTOMATIC|Shakalta Default ~ SHAKALTA MAGIC		ABILITY:Shakalta Racial Trait|AUTOMATIC|Shakalta Default ~ SKILL SYNERGY		ABILITY:Shakalta Racial Trait|AUTOMATIC|Shakalta Default ~ STAR SUSTENANCE		BONUS:VAR|RaceHP|6
Shatori Race Selection ~ Default	CATEGORY:Internal	TYPE:ShatoriRaceSelection	ABILITY:Shatori Racial Trait|AUTOMATIC|Shatori Default ~ SIZE AND TYPE		ABILITY:Shatori Racial Trait|AUTOMATIC|Shatori Default ~ BONEYARD CONDITIONING		ABILITY:Shatori Racial Trait|AUTOMATIC|Shatori Default ~ PSYCHOMETRY			ABILITY:Shatori Racial Trait|AUTOMATIC|Shatori Default ~ SHARED STILLNESS		ABILITY:Shatori Racial Trait|AUTOMATIC|Shatori Default ~ SHATORI MAGIC			BONUS:VAR|RaceHP|4
Shimreen Race Selection ~ Default	CATEGORY:Internal	TYPE:ShimreenRaceSelection	ABILITY:Shimreen Racial Trait|AUTOMATIC|Shimreen Default ~ SIZE AND TYPE	ABILITY:Shimreen Racial Trait|AUTOMATIC|Shimreen Default ~ AMPLIFY			ABILITY:Shimreen Racial Trait|AUTOMATIC|Shimreen Default ~ ELECTRICITY RESISTANCE	ABILITY:Shimreen Racial Trait|AUTOMATIC|Shimreen Default ~ RADIANT			ABILITY:Shimreen Racial Trait|AUTOMATIC|Shimreen Default ~ SHIFT LIMB			BONUS:VAR|RaceHP|4
Spathinae Race Selection ~ Default	CATEGORY:Internal	TYPE:SpathinaeRaceSelection	ABILITY:Spathinae Racial Trait|AUTOMATIC|Spathinae Default ~ SIZE AND TYPE	ABILITY:Spathinae Racial Trait|AUTOMATIC|Spathinae Default ~ SHAPABLE			ABILITY:Spathinae Racial Trait|AUTOMATIC|Spathinae Default ~ SPATHINAE DEFENSES		ABILITY:Spathinae Racial Trait|AUTOMATIC|Spathinae Default ~ SPATHINAE MOVEMENT		ABILITY:Spathinae Racial Trait|AUTOMATIC|Spathinae Default ~ SPATHINAE SENSES		ABILITY:Spathinae Racial Trait|AUTOMATIC|Spathinae Default ~ SWARM FLEXIBILITY		ABILITY:Spathinae Racial Trait|AUTOMATIC|Spathinae Default ~ VERMINLIKE		BONUS:VAR|RaceHP|3
Telia Race Selection ~ Default		CATEGORY:Internal	TYPE:TeliaRaceSelection		ABILITY:Telia Racial Trait|AUTOMATIC|Telia Default ~ SIZE AND TYPE		ABILITY:Telia Racial Trait|AUTOMATIC|Telia Default ~ DARKVISION				ABILITY:Telia Racial Trait|AUTOMATIC|Telia Default ~ ERUDITE				ABILITY:Telia Racial Trait|AUTOMATIC|Telia Default ~ FLASHBACK				ABILITY:Telia Racial Trait|AUTOMATIC|Telia Default ~ RETRACT				ABILITY:Telia Racial Trait|AUTOMATIC|Telia Default ~ TELIA MOVEMENT			BONUS:VAR|RaceHP|6
Varculak Race Selection ~ Default	CATEGORY:Internal	TYPE:VarculakRaceSelection	ABILITY:Varculak Racial Trait|AUTOMATIC|Varculak Default ~ SIZE AND TYPE	ABILITY:Varculak Racial Trait|AUTOMATIC|Varculak Default ~ DARKVISION			ABILITY:Varculak Racial Trait|AUTOMATIC|Varculak Default ~ DEATHLESS VITALITY		ABILITY:Varculak Racial Trait|AUTOMATIC|Varculak Default ~ DEATHLESS WEAKNESS		ABILITY:Varculak Racial Trait|AUTOMATIC|Varculak Default ~ GRAVE TOUCH			ABILITY:Varculak Racial Trait|AUTOMATIC|Varculak Default ~ SILVER SUSCEPTIBILITY	ABILITY:Varculak Racial Trait|AUTOMATIC|Varculak Default ~ TORPOR		ABILITY:Varculak Racial Trait|AUTOMATIC|Varculak Default ~ UNNERVING VISAGE		BONUS:VAR|RaceHP|3



# Racial Traits Defined

##Brenneri
SIZE AND TYPE	KEY:Brenneri Default ~ SIZE AND TYPE	SORTKEY:b1	CATEGORY:Racial Trait	TYPE:Racial Trait.Brenneri Racial Trait											DESC:Brenneris are Medium humanoids with the brenneri subtype.		SOURCEPAGE:p.9
DARKVISION		KEY:Brenneri Default ~ DARKVISION		SORTKEY:b2	CATEGORY:Racial Trait	TYPE:Racial Trait.Brenneri Racial Trait	BONUS:VAR|DarkvisionRange|60|TYPE=Base	DESC:Brenneris have darkvision with a range of 60 feet.	SOURCEPAGE:p.9
ASTUTE			KEY:Brenneri Default ~ ASTUTE			SORTKEY:b3	CATEGORY:Racial Trait	TYPE:Racial Trait.Brenneri Racial Trait											DESC:Brenneris gain a +2 racial bonus to Diplomacy and Sense Motive Checks	BONUS:SKILL|Diplomacy,Sense Motive|2|TYPE=Racial	SOURCEPAGE:p.9
FAVORED OBJECT	KEY:Brenneri Default ~ FAVORED OBJECT	SORTKEY:b4	CATEGORY:Racial Trait	TYPE:Racial Trait.Brenneri Racial Trait											DESC:A brenneri can designate any object they own of negligible bulk as a favored object. Once per day, when a brenneri spends a Resolve Point and takes a 10 minute rest to regain Stamina Points, they can focus on a favored object during the rest and recover Hit Points equal to half their level (minimum 1).	SOURCEPAGE:p.9
HOLD BREATH		KEY:Brenneri Default ~ HOLD BREATH		SORTKEY:b5	CATEGORY:Racial Trait	TYPE:Racial Trait.Brenneri Racial Trait											DESC:Brenneris can hold their breath for 10 minutes, and taking actions does not reduce this duration.	SOURCEPAGE:p.9
SWIMMER			KEY:Brenneri Default ~ SWIMMER			SORTKEY:b6	CATEGORY:Racial Trait	TYPE:Racial Trait.Brenneri Racial Trait											DESC:Brenneris have a swim speed of 20 feet.	SOURCEPAGE:p.9


#Cephalume
SIZE AND TYPE		KEY:Cephalume Default ~ SIZE AND TYPE		SORTKEY:c1	CATEGORY:Racial Trait	TYPE:Racial Trait.Cephalume Racial Trait														DESC:Cephalumes are Medium aberrations with the plantlike subtype.																																																																																																						SOURCEPAGE:p.11
BEGUILING GLOW		KEY:Cephalume Default ~ BEGUILING GLOW		SORTKEY:c2	CATEGORY:Racial Trait	TYPE:Racial Trait.Cephalume Racial Trait														DESC:Once per 10-minute rest, as a standard action (as long as their bioluminescence isn't suppressed), a cephalume can create flickering patterns in the light emanating from their skin. Each sighted creature within 20 feet must succeed at a DC 10 + char level + WIS Will saving throw or be fascinated for as long as the cephalume continues this presentation (a standard action each round). Creature that understand Lumos are unaffected. This is a sense-dependent effect.	SOURCEPAGE:p.11
BIOLUMINESCENCE		KEY:Cephalume Default ~ BIOLUMINESCENCE		SORTKEY:c3	CATEGORY:Racial Trait	TYPE:Racial Trait.Cephalume Racial Trait														DESC:A cephalume increases the light level by one step out to a radius of 20 feet. A cephalume can suppress or reactivate this light as a move action, and they receive a +4 racial bonus to Stealth checks when their light is suppressed. A cephalume also uses this light to communicate with others.																																												SOURCEPAGE:p.11
COLD RESISTANCE		KEY:Cephalume Default ~ COLD RESISTANCE		SORTKEY:c4	CATEGORY:Racial Trait	TYPE:Racial Trait.Cephalume Racial Trait	BONUS:VAR|ColdResistanceBonus|5|TYPE=Resistance		DESC:Cephalumes have resistance 5 to cold.																																																																																																												SOURCEPAGE:p.11
DARKVISION			KEY:Cephalume Default ~ DARKVISION			SORTKEY:c5	CATEGORY:Racial Trait	TYPE:Racial Trait.Cephalume Racial Trait	BONUS:VAR|DarkvisionRange|60|TYPE=Base				DESC:Cephalumes have darkvision with a range of 60 ft.																																																																																																									SOURCEPAGE:p.11
DEPTH INURED		KEY:Cephalume Default ~ DEPTH INURED		SORTKEY:c6	CATEGORY:Racial Trait	TYPE:Racial Trait.Cephalume Racial Trait														DESC:A cephalume is immune to the dangers of extreme depths (Starfinder Core Rulebook 366).																																																																																																SOURCEPAGE:p.11
PLANTLIKE			KEY:Cephalume Default ~ PLANTLIKE			SORTKEY:c7	CATEGORY:Racial Trait	TYPE:Racial Trait.Cephalume Racial Trait														DESC:For effects targeting creatures by type, plantlike creatures count as both their type and plants (whichever type allows an ability to affect them for abilities that affect only one type, and whichever is worse for abilities that affect both types). They also receive a +2 racial bonus to saving throws against mind-affecting effects, paralysis, poison, polymorph, sleep, and stunning, unless the effect specifies that it works against plants.							SOURCEPAGE:p.11
SYMBIOTE ADAPTION	KEY:Cephalume Default ~ SYMBIOTE ADAPTION	SORTKEY:c8	CATEGORY:Racial Trait	TYPE:Racial Trait.Cephalume Racial Trait	BONUS:ABILITYPOOL|Cephalume Symbiote Selection|1	DESC:Cephalumes are Medium aberrations with the plantlike subtype.																																																																																																						SOURCEPAGE:p.11

# Cephalume Symbiote Selection
Airjet Krikik			KEY:Cephalume Symbiote Selection ~ Airjet Krikik		SORTKEY:c8a	CATEGORY:Racial Trait	TYPE:Racial Trait.Cephalume Symbiote Selection	TEMPLATE:Airjet Krikik													DESC:An air bladder in the krikik increases the cephalume's land and swim speeds by 10 feet. Once per day as a swift action, the cephalume can double their movement speed for that round.
Electrostatic Kirkik	KEY:Cephalume Symbiote Selection ~ Electrostatic Kirkik	SORTKEY:c8a	CATEGORY:Racial Trait	TYPE:Racial Trait.Cephalume Symbiote Selection	TEMPLATE:Electrostatic Kirkik											DESC:The krikik is covered in thin, electrically charged spines that allow the cephalume to cause any weapon they wield to deal half its damage as electricity damage, becoming lethal and non-archaic if it is not already. If the weapon already deals two damage types, this effect replaces one with electricity. In addition, this allows the cephalume to grant any weapon they wield the staggered critical hit effect. If the weapon has any other critical hit effects, the cephalume chooses only one to apply on a critical hit.
Sharprock Krikik		KEY:Cephalume Symbiote Selection ~ Sharprock Krikik		SORTKEY:c8a	CATEGORY:Racial Trait	TYPE:Racial Trait.Cephalume Symbiote Selection	TEMPLATE:Sharprock Krikik		BONUS:COMBAT|AC|1|TYPE=Racial			DESC:Sharprock Krikik: The krikik's hard crust grants the cephalume a +1 racial bonus to AC.
Siltsight Krikik		KEY:Cephalume Symbiote Selection ~ Siltsight Krikik		SORTKEY:c8a	CATEGORY:Racial Trait	TYPE:Racial Trait.Cephalume Symbiote Selection	TEMPLATE:Siltsight Krikik		BONUS:VAR|DarkvisionRange|120|TYPE=Base	DESC:Siltsight Krikik: The krikik has heat-sensitive eyes that allow the cephalume to double the range of their darkvision and to see through non-magical fog, mist, and clouds without penalty, ignoring any cover or concealment bonuses from those effects.
Tentacle Krikik		    KEY:Cephalume Symbiote Selection ~ Tentacle Krikik		SORTKEY:c8a	CATEGORY:Racial Trait	TYPE:Racial Trait.Cephalume Symbiote Selection	TEMPLATE:Tentacle Krikik												DESC:Tentacle Krikik: The krikik has a prehensile tentacle that increases the cephalume's natural reach by 5 feet.


##Dessamar
SIZE AND TYPE	KEY:Dessamar Default ~ SIZE AND TYPE	SORTKEY:d1	CATEGORY:Racial Trait	TYPE:Racial Trait.Dessamar Racial Trait	BONUS:ABILITYPOOL|Dessamar Subrace Selection|1								DESC:Dessamars are Small or Medium humanoids with the dessamar subtype.																																																					SOURCEPAGE:p.15
DESSAMAR MAGIC	KEY:Dessamar Default ~ DESSAMAR MAGIC	SORTKEY:d2	CATEGORY:Racial Trait	TYPE:Racial Trait.Dessamar Racial Trait																				DESC:Dessamar Magic: Dessamars have the spell-like abilities below, with a caster level equal to the dessamar's level. 1/day--charm person, At will--detect magic, telepathic message																									SOURCEPAGE:p.15
DESSAMAR SENSES	KEY:Dessamar Default ~ DESSAMAR SENSES	SORTKEY:d3	CATEGORY:Racial Trait	TYPE:Racial Trait.Dessamar Racial Trait	BONUS:VAR|Blindsense|30|TYPE=Base	BONUS:VAR|HasLowLightVision|1|TYPE=Base	DESC:Dessamars have blindsense with a range of 60 feet.																																																									SOURCEPAGE:p.15
TWINKLE			KEY:Dessamar Default ~ TWINKLE			SORTKEY:d4	CATEGORY:Racial Trait	TYPE:Racial Trait.Dessamar Racial Trait																				DESC:Once per day as a move action, a dessamar can teleport 40 feet. The dessamar can't bring other creatures along, and if a solid body occupies the arrival point, the ability fails without expending its daily use. This ability otherwise functions as the dimension door spell.	SOURCEPAGE:p.15

# Dessamar Subrace Selection
Imago	KEY:Dessamar Subrace ~ Imago	SORTKEY:d1a	CATEGORY:Racial Trait	TYPE:Dessamar Subrace Selection	TEMPLATE:Imago	BONUS:STAT|STR|-2|TYPE=Racial	BONUS:STAT|CHA|2|TYPE=Racial
Instar	KEY:Dessamar Subrace ~ Instar	SORTKEY:d1a	CATEGORY:Racial Trait	TYPE:Dessamar Subrace Selection	TEMPLATE:Instar	BONUS:STAT|DEX|-2|TYPE=Racial	BONUS:STAT|CON|2|TYPE=Racial

# Dessamar Imago Abilities
IMAGO MOVEMENT	KEY:Imago ~ IMAGO MOVEMENT	SORTKEY:d4a	CATEGORY:Racial Trait	TYPE:Racial Trait.Dessamar Imago Racial Trait	BONUS:VAR|WALK|20	BONUS:VAR|FLY|20	DESC:Imagos have a land speed of 20 feet and an extraordinary fly speed of 20 feet with average maneuverability.																																																																																																														SOURCEPAGE:p.15
DREAM SKILL		KEY:Imago ~ DREAM SKILL		SORTKEY:d4b	CATEGORY:Racial Trait	TYPE:Racial Trait.Dessamar Imago Racial Trait											DESC:Each time an imago rests for 8 hours, they can choose one skill to gain a +1 racial bonus, losing any previous bonus from this ability.																																																																																																							SOURCEPAGE:p.15
FRAGILE LIMBS	KEY:Imago ~ FRAGILE LIMBS	SORTKEY:d4c	CATEGORY:Racial Trait	TYPE:Racial Trait.Dessamar Imago Racial Trait											DESC:An imago's four arms, two legs, and six wings are fragile. The imago takes a -2 penalty to saves against severe wound and wound critical hit effects against these limbs. Extra arms don't allow an imago to make more attacks than normal, and an imago can hold objects of only light or negligible bulk in one hand, allowing it to hold up to four such objects at the ready. An imago treats one-handed objects of greater than light bulk as two-handed. Two-handed objects of 2 bulk require three hands, and objects of 3 bulk or more require four hands.	SOURCEPAGE:p.15

# Dessamar Instar Abilities
INSTAR MOVEMENT	KEY:Instar ~ INSTAR MOVEMENT	SORTKEY:d4a	CATEGORY:Racial Trait	TYPE:Racial Trait.Dessamar Instar Racial Trait	BONUS:VAR|WALK|30	BONUS:VAR|CLIMB|30	DESC:Instars have a land speed of 30 feet and a climb speed of 30 feet.	SOURCEPAGE:p.15
DREAM DUST		KEY:Instar ~ DREAM DUST			SORTKEY:d4b	CATEGORY:Racial Trait	TYPE:Racial Trait.Dessamar Instar Racial Trait	DESC:When an adjacent creature damages an instar, as a reaction the instar can puff out dream dust. The attacker must succeed at a Fortitude save (DC = 10 + 1/2 the instar's character level + their Con modifier) or be dazzled for 1 round and take a -2 penalty to Will saving throws for 1 minute. An instar can use this ability again after taking a 10-minute rest to recover Stamina Points.	SOURCEPAGE:p.15
POOR VISION		KEY:Instar ~ POOR VISION		SORTKEY:d4c	CATEGORY:Racial Trait	TYPE:Racial Trait.Dessamar Instar Racial Trait	DESC:An instar takes a -2 penalty on sight-based Perception checks, and anything farther than 60 feet away has concealment from the instar.	SOURCEPAGE:p.15

##Dirindi
SIZE AND TYPE			KEY:Dirindi Default ~ SIZE AND TYPE			SORTKEY:d1	CATEGORY:Racial Trait	TYPE:Racial Trait.Dirindi Racial Trait																				DESC:Dirindi are Medium humanoids with the dirindi subtype.																																																														SOURCEPAGE:p.21
CONVIVAL				KEY:Dirindi Default ~ CONVIVAL				SORTKEY:d2	CATEGORY:Racial Trait	TYPE:Racial Trait.Dirindi Racial Trait																				DESC:Dirindis know a number of bonus languages equal to twice their Intelligence bonus, half of which must be chosen from either the prevalent languages on page 41 of the Starfinder Core Rulebook or the racial languages their allies speak. They also gain a +2 racial bonus to Diplomacy checks.			SOURCEPAGE:p.21
DIRINDI SENSES			KEY:Dirindi Default ~ DIRINDI SENSES		SORTKEY:d3	CATEGORY:Racial Trait	TYPE:Racial Trait.Dirindi Racial Trait	BONUS:VAR|Blindsense|60|TYPE=Base	BONUS:SKILL|Diplomacy|2|TYPE=Racial		DESC:Dirindi have blindsense (Electricity) with a range of 60 feet. They gain a +2 racial bonus to Diplomacy checks.																																															SOURCEPAGE:p.21
ELECTRICAL AFFINITY		KEY:Dirindi Default ~ ELECTRICAL AFFINITY	SORTKEY:d4	CATEGORY:Racial Trait	TYPE:Racial Trait.Dirindi Racial Trait	BONUS:VAR|ElectricityResistanceBonus|5|TYPE=Resistance						DESC:Dirindis have resistance 5 to electricity, and they gain the following spell-like abilities. The caster level for these effects is equal to the dirindi's level. 1/day--jolting surge | At will--energy ray (electricity only)																				SOURCEPAGE:p.21

##Dromada
SIZE AND TYPE			KEY:Dromada Default ~ SIZE AND TYPE			SORTKEY:d1	CATEGORY:Racial Trait	TYPE:Racial Trait.Dromada Racial Trait																				DESC:Dromada are Medium magical beasts.																																																									SOURCEPAGE:p.29
ALERT THE HERD			KEY:Dromada Default ~ ALERT THE HERD		SORTKEY:d2	CATEGORY:Racial Trait	TYPE:Racial Trait.Dromada Racial Trait																				DESC:Once per day at the beginning of a combat in which it isn't surprised, a dromada can emit a deep moan that alerts its herd to nearby danger, granting allies within 50 feet who can hear it a +4 morale bonus to their initiative checks for that combat.			SOURCEPAGE:p.21
BOLT					KEY:Dromada Default ~ BOLT					SORTKEY:d3	CATEGORY:Racial Trait	TYPE:Racial Trait.Dromada Racial Trait																				DESC:When a dromada takes the run full action, they can move up to five times their speed, change direction once during the movement, and cross difficult terrain (though such terrain requires extra movement as normal).												SOURCEPAGE:p.21
DROMADA SENSES			KEY:Dromada Default ~ DROMADA SENSES		SORTKEY:d4	CATEGORY:Racial Trait	TYPE:Racial Trait.Dromada Racial Trait	BONUS:VAR|Darkvision|60|TYPE=Base	BONUS:VAR|HasLowLightVision|1|TYPE=Base	DESC:Dromadas have darkvision with a range of 60 feet and low-light vision																																																SOURCEPAGE:p.21
SAVORY					KEY:Dromada Default ~ SAVORY				SORTKEY:d5	CATEGORY:Racial Trait	TYPE:Racial Trait.Dromada Racial Trait																				DESC:A dromada hit by a creature's bite attack takes a -2 penalty to AC against further bite attacks from the same creature. This effect lasts 1 week and applies only once per creature.																				SOURCEPAGE:p.21
SWIFT					KEY:Dromada Default ~ SWIFT					SORTKEY:d6	CATEGORY:Racial Trait	TYPE:Racial Trait.Dromada Racial Trait																				DESC:Dromadas have a land speed of 40 feet.																																																								SOURCEPAGE:p.21

##Espraksa
SIZE AND TYPE			KEY:Espraksa Default ~ SIZE AND TYPE		SORTKEY:e1	CATEGORY:Racial Trait	TYPE:Racial Trait.Espraksa Racial Trait																DESC:Espraksas are Medium humanoids with the espraksa subtype																																																SOURCEPAGE:p.33
COLD INURED				KEY:Espraksa Default ~ COLD INURED			SORTKEY:e2	CATEGORY:Racial Trait	TYPE:Racial Trait.Espraksa Racial Trait																DESC:An espraksa treats severe cold as cold and extreme cold as severe cold (SCR p400)																																										SOURCEPAGE:p.32
EMPATHIC				KEY:Espraksa Default ~ EMPATHIC				SORTKEY:e3	CATEGORY:Racial Trait	TYPE:Racial Trait.Espraksa Racial Trait		BONUS:SKILL|Diplomacy,Sense Motive|2|TYPE=Racial		DESC:Espraksas gain a +2 racial bonus to Diplomacy and Sense Motive checks. They take a -2 penalty to saving throws against mind-affecting effects, but the DC of any mind-affecting effect they create is increased by 1.						SOURCEPAGE:p.33
MULTICULTURAL			KEY:Espraksa Default ~ MULTICULTURAL		SORTKEY:e4	CATEGORY:Racial Trait	TYPE:Racial Trait.Espraksa Racial Trait																DESC:Espraksas learn an additional language for every even-numbered rank gained in the Culture skill.																																						SOURCEPAGE:p.33
NATURAL WEAPONS			KEY:Espraksa Default ~ NATURAL WEAPONS		SORTKEY:e5	CATEGORY:Racial Trait	TYPE:Racial Trait.Espraksa Racial Trait		BONUS:WEAPONPROF=Unarmed|DAMAGE|TL+floor(TL/2)			DESC:Espraksas have natural talons (P). (See AA3-p.152)																																																							SOURCEPAGE:p.32
SNATCH					KEY:Espraksa Default ~ SNATCH				SORTKEY:e6	CATEGORY:Racial Trait	TYPE:Racial Trait.Espraksa Racial Trait																DESC:This functions as the grab universal creature rule, except the espraksa must hit with two talon attacks during the same turn to grab. Only one talon must hit the target's KAC + 4 (or + 13) to trigger the free grab (or pin), but both must hit.		SOURCEPAGE:p.32

##Hanakan
SIZE AND TYPE			KEY:Hanakan Default ~ SIZE AND TYPE				SORTKEY:h1	CATEGORY:Racial Trait	TYPE:Racial Trait.Hanakan Racial Trait																						DESC:Hanakans are Small magical beasts																																						SOURCEPAGE:p.49
ATMOSPHERIC ADAPTATION	KEY:Hanakan Default ~ ATMOSPHERIC ADAPTATION	SORTKEY:h2	CATEGORY:Racial Trait	TYPE:Racial Trait.Hanakan Racial Trait																						DESC:Hanakans' exposure to a variety of atmospheres has made them immune to inhaled poisons and acclimated to thin and thick atmospheres (Starfinder Core Rulebook 396-297).				SOURCEPAGE:p.48
HANAKAN MAGIC			KEY:Hanakan Default ~ HANAKAN MAGIC				SORTKEY:h3	CATEGORY:Racial Trait	TYPE:Racial Trait.Hanakan Racial Trait																						DESC:Hanakans gain the following spell-like abilities. The caster level for these effects is equal to the hanakan's character level. 1/day--wisp ally | At will--detect magic, token spell	SOURCEPAGE:p.49
HANAKAN SENSES			KEY:Hanakan Default ~ HANAKAN SENSES			SORTKEY:h4	CATEGORY:Racial Trait	TYPE:Racial Trait.Hanakan Racial Trait		BONUS:VAR|HasLowLightVision|1|TYPE=Base	BONUS:VAR|DarkvisionRange|60|TYPE=Base	DESC:Hanakans have darkvision with a range of 60 feet and low-light vision																													SOURCEPAGE:p.49
STUDIED					KEY:Hanakan Default ~ STUDIED					SORTKEY:h6	CATEGORY:Racial Trait	TYPE:Racial Trait.Hanakan Racial Trait		BONUS:SKILL|Medicine,Mysticism|2|TYPE=Racial									DESC:Hanakans gain a +2 racial bonus to Medicine and Mysticism checks.																														SOURCEPAGE:p.49

##Hortus
SIZE AND TYPE			KEY:Hortus Default ~ SIZE AND TYPE			SORTKEY:h1	CATEGORY:Racial Trait	TYPE:Racial Trait.Hortus Racial Trait												DESC:Hortuses are Medium plants																																																																																																																																																																								SOURCEPAGE:p.51
AMOSPHERIC ALTERATION	KEY:Hortus Default ~ AMOSPHERIC ALTERATION	SORTKEY:h2	CATEGORY:Racial Trait	TYPE:Racial Trait.Hortus Racial Trait												DESC:Atmospheric Alteration (Ex) As a move action while in atmosphere, a hortus can spend 1 Resolve Point to release a mix of spores into the air. When it uses this ability, the hortus chooses a type of saving throw (Fortitude, Reflex, or Will) and whether to enhance or penalize that save. If it enhances, creatures within 20 feet gain a +2 enhancement bonus to saving throws of the chosen type for 1d4 rounds; if it penalizes, creatures within 20 feet take a -1 penalty to saving throws of the chosen type for 1d4 rounds. A creature can attempt a Fortitude save before the bonus or penalty is applied to ignore this effect (DC 10 + 1/2 the hortus's level + CON). This is an inhaled poison effect.	SOURCEPAGE:p.51
HORTUS SENSES			KEY:Hortus Default ~ HORTUS SENSES			SORTKEY:h3	CATEGORY:Racial Trait	TYPE:Racial Trait.Hortus Racial Trait	BONUS:VAR|HasLowLightVision|1|TYPE=Racial	DESC:Hortuses have low-light vision																																																																																																																																																																							SOURCEPAGE:p.51
LIMITED PLANT BENEFITS	KEY:Hortus Default ~ LIMITED PLANT BENEFITS	SORTKEY:h4	CATEGORY:Racial Trait	TYPE:Racial Trait.Hortus Racial Trait												DESC:Despite being plant creatures, hortuses don't gain the standard immunities associated with creatures of the plant type. Instead, they gain a +2 racial bonus to saving throws against mind-affecting effects, paralysis, poison, polymorph, sleep, and stunning effects, unless the effect specifies that it is effective against plants.																																																																																												SOURCEPAGE:p.50
SLIGHTLY POISONOUS		KEY:Hortus Default ~ SLIGHTLY POISONOUS		SORTKEY:h5	CATEGORY:Racial Trait	TYPE:Racial Trait.Hortus Racial Trait												DESC:A creature that hits a hortus with a bite attack must succeed at a Fortitude save or become sickened for 1d4 rounds (DC 10 + 1/2 the hortus's level + CON).																																																																																																																																							SOURCEPAGE:p.51
SPONGY FORM				KEY:Hortus Default ~ SPONGY FORM			SORTKEY:h6	CATEGORY:Racial Trait	TYPE:Racial Trait.Hortus Racial Trait	DR:5/slashing											DESC:A hortus has damage reduction 5/slashing; this stacks with one other source of damage reduction.	SOURCEPAGE:p.51

##Ijtikri
SIZE AND TYPE			KEY:Ijtikri Default ~ SIZE AND TYPE			SORTKEY:i1	CATEGORY:Racial Trait	TYPE:Racial Trait.Ijtikri Racial Trait																	DESC:Ijtikri are Medium aberrations																																																														SOURCEPAGE:p.55
DARKVISION				KEY:Ijtikri Default ~ DARKVISION			SORTKEY:i2	CATEGORY:Racial Trait	TYPE:Racial Trait.Ijtikri Racial Trait		BONUS:VAR|DarkvisionRange|60|TYPE=Base						DESC:Ijtikris have darkvision with a range of 60 feet.																																																									SOURCEPAGE:p.55
HARDENED MANTLE			KEY:Ijtikri Default ~ HARDENED MANTLE		SORTKEY:i3	CATEGORY:Racial Trait	TYPE:Racial Trait.Ijtikri Racial Trait																	DESC:Ijtikris have a +4 racial bonus on saving throws against critical hit effects. In addition, they reduce the damage they take from a critical hit by an amount equal to their character level or CR + their Constitution bonus to a minimum of 1 unless reduced by other means.		SOURCEPAGE:p.55
IJTIKRI MOVEMENT		KEY:Ijtikri Default ~ IJTIKRI MOVEMENT		SORTKEY:i4	CATEGORY:Racial Trait	TYPE:Racial Trait.Ijtikri Racial Trait		AUTO:FEAT|Kip Up											DESC:An ijtikri has a swim speed of 30 feet, and when crawling, an ijtikri can move at half their land speed. An ijtikri gains Kip Up as a bonus feat without meeting that feat's prerequisites.																						SOURCEPAGE:p.55
MINERAL SIGNATURE		KEY:Ijtikri Default ~ MINERAL SIGNATURE		SORTKEY:i5	CATEGORY:Racial Trait	TYPE:Racial Trait.Ijtikri Racial Trait		BONUS:ABILITYPOOL|Ijtikri Mineral Signature Selection|1		DESC:Ijtikri traits vary based on where the individual developed, granting a +2 racial bonus to a skill, as well as a spell-like ability usable once per day. Caster level equals the ijtikri's level or CR.																			SOURCEPAGE:p.55

# Ijtikri Mineral Signature Selection
Indigo		KEY:Ijtikri Mineral Signature Selection ~ Indigo	SORTKEY:i5a	CATEGORY:Racial Trait	TYPE:Racial Trait.Ijtikri Mineral Signature Selection	TEMPLATE:Indigo Ijtikri		BONUS:SKILL|Stealth|2|TYPE=Racial	DESC:Indigo Ijtikri gain +2 racial bonus to Stealth, as well as a a spell-like ability of "keen senses" usable once per day. Caster level equals the ijtikri's level or CR
Crimson		KEY:Ijtikri Mineral Signature Selection ~ Crimson	SORTKEY:i5a	CATEGORY:Racial Trait	TYPE:Racial Trait.Ijtikri Mineral Signature Selection	TEMPLATE:Crimson Ijtikri	BONUS:SKILL|Diplomacy|2|TYPE=Racial	DESC:Crimson Ijtikri gain +2 racial bonus to Diplomacy, as well as a a spell-like ability of "share language" usable once per day. Caster level equals the ijtikri's level or CR
Gray		KEY:Ijtikri Mineral Signature Selection ~ Gray		SORTKEY:i5a	CATEGORY:Racial Trait	TYPE:Racial Trait.Ijtikri Mineral Signature Selection	TEMPLATE:Gray Ijtikri		BONUS:SKILL|Survival|2|TYPE=Racial	DESC:Gray Ijtikri gain +2 racial bonus to Survival, as well as a a spell-like ability of "wisp ally" usable once per day. Caster level equals the ijtikri's level or CR


##Izalguun
SIZE AND TYPE			KEY:Izalguun Default ~ SIZE AND TYPE		SORTKEY:i1	CATEGORY:Racial Trait	TYPE:Racial Trait.Izalguun Racial Trait																DESC:Izalguuns are Large monstrous humanoids with a space of 10 feet. Their reach depends on their posture.																																																																			SOURCEPAGE:p.59
DARKVISION				KEY:Izalguun Default ~ DARKVISION			SORTKEY:i2	CATEGORY:Racial Trait	TYPE:Racial Trait.Izalguun Racial Trait		BONUS:VAR|DarkvisionRange|60|TYPE=Base					DESC:Izalguuns have darkvision with a range of 60 feet.																																																																																SOURCEPAGE:p.59
POSTURE					KEY:Izalguun Default ~ POSTURE				SORTKEY:i3	CATEGORY:Racial Trait	TYPE:Racial Trait.Izalguun Racial Trait																DESC:Izalguuns can walk on two limbs or four. As a move action, an izalguun can switch between a bipedal and a quadrupedal posture. When in its quadrupedal posture, an izalguun has a land speed of 40 feet and a reach of 5 feet. While in its bipedal posture, an izalguun has a land speed of 20 feet, a reach of 10 feet, and the multiarmed (4) universal creature rule.		SOURCEPAGE:p.58
TECH SAVVY				KEY:Izalguun Default ~ TECH SAVVY			SORTKEY:i4	CATEGORY:Racial Trait	TYPE:Racial Trait.Izalguun Racial Trait		BONUS:SKILL|Computers,Engineering|2|TYPE=Racial			DESC:Izalguuns gain a +2 racial bonus to Computers and Engineering checks.																																																																											SOURCEPAGE:p.59

##Morlamaw
SIZE AND TYPE			KEY:Morlamaw Default ~ SIZE AND TYPE			SORTKEY:m1	CATEGORY:Racial Trait	TYPE:Racial Trait.Morlamaw Racial Trait															DESC:Morlamaws are Large monstrous humanoids with the aquatic subtype. They have a space and reach of 10 feet.									SOURCEPAGE:p.73
AMPHIBIOUS				KEY:Morlamaw Default ~ AMPHIBIOUS				SORTKEY:m2	CATEGORY:Racial Trait	TYPE:Racial Trait.Morlamaw Racial Trait															DESC:Morlamaws have both the amphibious and water breathing universal creature rules, allowing them to breathe both water and air normally.		SOURCEPAGE:p.73
COLD RESISTANCE			KEY:Morlamaw Default ~ COLD RESISTANCE			SORTKEY:m3	CATEGORY:Racial Trait	TYPE:Racial Trait.Morlamaw Racial Trait		BONUS:VAR|ColdResistanceBonus|5|TYPE=Resistance		DESC:Morlamaws are accustomed to swimming in frigid and icy waters; they have cold resistance 5.												SOURCEPAGE:p.73
DARKVISION				KEY:Morlamaw Default ~ DARKVISION				SORTKEY:m4	CATEGORY:Racial Trait	TYPE:Racial Trait.Morlamaw Racial Trait		BONUS:VAR|DarkvisionRange|60|TYPE=Base				DESC:Morlamaws have darkvision with a range of 60 feet.																							SOURCEPAGE:p.73
MORLAMAW MOVEMENT		KEY:Morlamaw Default ~ MORLAMAW MOVEMENT		SORTKEY:m6	CATEGORY:Racial Trait	TYPE:Racial Trait.Morlamaw Racial Trait															DESC:Morlamaws have a land speed of 20 feet and a swim speed of 40 feet.																		SOURCEPAGE:p.73
NATURAL WEAPONS			KEY:Morlamaw Default ~ NATURAL WEAPONS			SORTKEY:m5	CATEGORY:Racial Trait	TYPE:Racial Trait.Morlamaw Racial Trait		BONUS:WEAPONPROF=Unarmed|DAMAGE|TL+floor(TL/2)		DESC:Morlamaws have natural weapons (P). See [AA3-p152]																							SOURCEPAGE:p.73,p.152


##Raxilite
SIZE AND TYPE			KEY:Raxilite Default ~ SIZE AND TYPE			SORTKEY:r1	CATEGORY:Racial Trait	TYPE:Racial Trait.Raxilite Racial Trait												DESC:Raxilites are Tiny Plants.																																																																																																						SOURCEPAGE:p.83
LOW-LIGHT VISION		KEY:Raxilite Default ~ LOW-LIGHT VISION			SORTKEY:r2	CATEGORY:Racial Trait	TYPE:Racial Trait.Raxilite Racial Trait	BONUS:VAR|HasLowLightVision|1|TYPE=Base		DESC:Raxilites have low-light vision.																																																																																																				SOURCEPAGE:p.83
FLOWERING OR SEEDING	KEY:Raxilite Default ~ FLOWERING OR SEEDING		SORTKEY:r3	CATEGORY:Racial Trait	TYPE:Racial Trait.Raxilite Racial Trait												DESC:Flowering raxilites gain a +2 racial bonus to Bluff and Diplomacy checks. Seeding raxilites gain a +2 racial bonus to Acrobatics checks and can attempt a DC 15 Acrobatics check to negate falling damage when in an atmosphere. A raxilite can change from flowering to seeding (or vice versa) with 1 week of rest.																															SOURCEPAGE:p.83
LFAN					KEY:Raxilite Default ~ LFAN						SORTKEY:r4	CATEGORY:Racial Trait	TYPE:Racial Trait.Raxilite Racial Trait												DESC:An LFAN, or Lifting Floret Activation Network, is a biotech augmentation that looks like a cluster of artificial, prehensile "vines" attached to a raxilite's brain system (the raxilite can add one other brain augmentation to the LFAN). The LFAN is as dexterous and strong as a human hand, and the vines can extend and retract, allowing a raxilite to use one-handed items as if they were a Medium creature with a reach of 5 feet.	SOURCEPAGE:p.82
LFAN SYMBIOSIS			KEY:Raxilite Default ~ LFAN SYMBIOSIS			SORTKEY:r5	CATEGORY:Racial Trait	TYPE:Racial Trait.Raxilite Racial Trait												DESC:When two or more raxilites share the same 5-foot space, they can use their LFANs together, allowing them to handle larger objects. Up to four raxilites can work together in this way, each acting as one hand.																																																								SOURCEPAGE:p.82
LIMITED PLANT BENEFITS	KEY:Raxilite Default ~ LIMITED PLANT BENEFITS	SORTKEY:r6	CATEGORY:Racial Trait	TYPE:Racial Trait.Raxilite Racial Trait												DESC:Raxilites lack the immunities of most plants. Instead, they gain a +2 racial bonus to saving throws against mind-affecting effects, paralysis, poison, polymorph, sleep, and stunning effects, unless the effect specifies that it is effective against plants.																																												SOURCEPAGE:p.82


#Sazaron
SIZE AND TYPE			KEY:Sazaron Default ~ SIZE AND TYPE			SORTKEY:s1	CATEGORY:Racial Trait	TYPE:Racial Trait.Sazaron Racial Trait											DESC:Sazarons are Large monstrous humanoids.														SOURCEPAGE:p.91
DARKVISION				KEY:Sazaron Default ~ DARKVISION		SORTKEY:s2	CATEGORY:Racial Trait	TYPE:Racial Trait.Sazaron Racial Trait		BONUS:VAR|DarkvisionRange|60|TYPE=Base					DESC:Sazarons have darkvision with a range of 60 feet.													SOURCEPAGE:p.91
IMPEL TRUTH				KEY:Sazaron Default ~ IMPEL TRUTH		SORTKEY:s3	CATEGORY:Racial Trait	TYPE:Racial Trait.Sazaron Racial Trait											DESC:Sazarons gain the following spell-like ability. The caster level for this effect is equal to the sazaron's level. 1/day: zone of truth.		SOURCEPAGE:p.91
INSULATED SKIN			KEY:Sazaron Default ~ INSULATED SKIN			SORTKEY:s4	CATEGORY:Racial Trait	TYPE:Racial Trait.Sazaron Racial Trait		BONUS:VAR|ElectricityResistanceBonus|5|TYPE=Resistance			DESC:Sazarons have resistance 5 to electricity that stacks with one other source of electricity resistance.						SOURCEPAGE:p.91
LIMITED TELEPATHY		KEY:Sazaron Default ~ LIMITED TELEPATHY			SORTKEY:s5	CATEGORY:Racial Trait	TYPE:Racial Trait.Sazaron Racial Trait											DESC:Sazarons have limited telepathy with a range of 30 feet.												SOURCEPAGE:p.91
NATURAL WEAPONS			KEY:Sazaron Default ~ NATURAL WEAPONS			SORTKEY:s6	CATEGORY:Racial Trait	TYPE:Racial Trait.Sazaron Racial Trait		BONUS:WEAPONPROF=Unarmed|DAMAGE|TL+floor(TL/2)				DESC:Sazarons have natural weapons (B). See [AA3-p152]													SOURCEPAGE:p.91,p.152
SCHOLARLY				KEY:Sazaron Default ~ SCHOLARLY			SORTKEY:s7	CATEGORY:Racial Trait	TYPE:Racial Trait.Sazaron Racial Trait		BONUS:SKILL|Culture,Life Science,Physical Science|2|TYPE=Racial		DESC:Sazarons gain a +2 racial bonus to Culture, Life Science, and Physical Science checks.								SOURCEPAGE:p.91


##Shakalta
SIZE AND TYPE			KEY:Shakalta Default ~ SIZE AND TYPE			SORTKEY:s1	CATEGORY:Racial Trait	TYPE:Racial Trait.Shakalta Racial Trait															DESC:Shakaltas are Medium humanoids with the shakalta subtype																																																																																																		SOURCEPAGE:p.93
AURA OF LIGHT			KEY:Shakalta Default ~ AURA OF LIGHT			SORTKEY:s2	CATEGORY:Racial Trait	TYPE:Racial Trait.Shakalta Racial Trait															DESC:The light level increases by one step within 10 feet of a shakalta. If the shakalta's body is mostly covered, such as by opaque armor, this light diminishes to a 5-foot radius. Complete covering can douse the light.																																																																														SOURCEPAGE:p.92
BONDED SOULS			KEY:Shakalta Default ~ BONDED SOULS			SORTKEY:s3	CATEGORY:Racial Trait	TYPE:Racial Trait.Shakalta Racial Trait															DESC:Two souls bond to form an adult shakalta. Each soul has its own awareness, identity, and personality, but each can communicate with the other and access the other's thoughts and memories. When these souls bond, they create one shared permanent physical body out of coherent energy. Each day, after the shakalta rests to regain daily-use abilities, one soul takes active control of the body, which might change slightly in appearance to match the active personality. The other soul is still present but becomes mostly inactive, able to communicate only with the active soul. The inactive soul is also beyond the reach of other outside communication and mind-affecting effects. If a shakalta dies, both souls leave the shared body, but the bonded pair counts as one soul for raise dead and similar life-restoring effects.		SOURCEPAGE:p.92
DUAL-CLASSED			KEY:Shakalta Default ~ DUAL-CLASSED			SORTKEY:s4	CATEGORY:Racial Trait	TYPE:Racial Trait.Shakalta Racial Trait															DESC:A shakalta must multiclass into two classes (Starfinder Core Rulebook 26-27), one for each soul. The shakalta must alternate between the two classes whenever they gain a new level. A shakalta can never have more than one level of difference between these two classes. A shakalta who uses a mnemonic editor must still follow these restrictions.																																																														SOURCEPAGE:p.93
ENERGY BODY				KEY:Shakalta Default ~ ENERGY BODY		SORTKEY:s6	CATEGORY:Racial Trait	TYPE:Racial Trait.Shakalta Racial Trait															DESC:As beings of coherent energy, shakaltas are immune to disease and poison. Shakaltas don't need to breathe, and they are immune to the normal environmental effects of being in a vacuum, including cosmic rays.																																																																															SOURCEPAGE:p.93
SHAKALTA TELEPATHY		KEY:Shakalta Default ~ SHAKALTA TELEPATHY		SORTKEY:s5	CATEGORY:Racial Trait	TYPE:Racial Trait.Shakalta Racial Trait															DESC:Shakaltas have limited telepathy with a range of 30 feet. However, they are receptive to other shakaltas' telepathy, extending the range at which they can communicate with each other in this way to 90 feet.																																																																															SOURCEPAGE:p.93
PSYCHIC SHUNT			KEY:Shakalta Default ~ PSYCHIC SHUNT			SORTKEY:s4	CATEGORY:Racial Trait	TYPE:Racial Trait.Shakalta Racial Trait															DESC:Once per day, as a reaction when a shakalta fails a saving throw against a mind-affecting effect, the active soul can divert the effect to the inactive soul. The active soul is unaffected by the effect, but for the duration of that effect, the shakalta has the off-target condition and takes a -2 penalty to skill checks. While a mind-affecting effect is diverted to the inactive soul, spells can be cast to end the effect as if the whole shakalta were affected by it. If the souls switch active states while either is affected by a mind-affecting effect, the shakalta gains a new saving throw against those effects.																												SOURCEPAGE:p.93
SHAKALTA MAGIC			KEY:Shakalta Default ~ SHAKALTA MAGIC			SORTKEY:s4	CATEGORY:Racial Trait	TYPE:Racial Trait.Shakalta Racial Trait															DESC:A shakalta can cast dancing lights and energy ray (electricity or fire only) at will.																																																																																														SOURCEPAGE:p.93
SKILL SYNERGY			KEY:Shakalta Default ~ SKILL SYNERGY			SORTKEY:s4	CATEGORY:Racial Trait	TYPE:Racial Trait.Shakalta Racial Trait															DESC:Shakaltas gain Skill Synergy as a bonus feat.																																																																																																			SOURCEPAGE:p.93
STAR SUSTENANCE			KEY:Shakalta Default ~ STAR SUSTENANCE			SORTKEY:s4	CATEGORY:Racial Trait	TYPE:Racial Trait.Shakalta Racial Trait															DESC:Shakaltas gain sustenance from the light of stars, and they don't need water, although they can eat and drink if they wish. A shakalta can go without such light, which starship and space station lights can duplicate, for 1 day plus a number of hours equal to their Constitution score, after which they must attempt Constitution checks as if going without water (Core Rulebook 404).																																																									SOURCEPAGE:p.92


##Shatori
SIZE AND TYPE			KEY:Shatori Default ~ SIZE AND TYPE			SORTKEY:s1	CATEGORY:Racial Trait	TYPE:Racial Trait.Shatori Racial Trait			DESC:Shatoris are Medium humanoids with the shatori subtype.																																										SOURCEPAGE:p.95
BONEYARD CONDITIONING		KEY:Shatori Default ~ BONEYARD CONDITIONING		SORTKEY:s2	CATEGORY:Racial Trait	TYPE:Racial Trait.Shatori Racial Trait			DESC:Shatoris have a +2 racial bonus to saving throws against death effects, disease, fear effects, and poison.																																				SOURCEPAGE:p.95
PSYCHOMETRY			KEY:Shatori Default ~ PSYCHOMETRY			SORTKEY:s3	CATEGORY:Racial Trait	TYPE:Racial Trait.Shatori Racial Trait			DESC:By taking a standard action to touch a creature or object, a shatori gains a +4 racial bonus to their next check to identify the creature, their next check to recall knowledge about the creature or the object, or their next Sense Motive check against the creature. To touch an unwilling creature, the shatori must succeed at a melee attack roll against that creature's EAC.		SOURCEPAGE:p.94
SHARED STILLNESS		KEY:Shatori Default ~ SHARED STILLNESS			SORTKEY:s4	CATEGORY:Racial Trait	TYPE:Racial Trait.Shatori Racial Trait			DESC:Allies within 10 feet of a shatori gain a +1 morale bonus to saving throws against fear effects.																																					SOURCEPAGE:p.94
SHATORI MAGIC			KEY:Shatori Default ~ SHATORI MAGIC			SORTKEY:s6	CATEGORY:Racial Trait	TYPE:Racial Trait.Shatori Racial Trait			DESC:Shatoris gain the following spell-like abilities. The caster level for these effects equals the shatori's level. At will: detect magic, grave words, stabilize																													SOURCEPAGE:p.95


##Shimreen
SIZE AND TYPE			KEY:Shimreen Default ~ SIZE AND TYPE			SORTKEY:s1	CATEGORY:Racial Trait	TYPE:Racial Trait.Shimreen Racial Trait										DESC:Shimreens are Medium humanoids with the shimreen subtype.																																																																												SOURCEPAGE:p.97
AMPLIFY				KEY:Shimreen Default ~ AMPLIFY				SORTKEY:s2	CATEGORY:Racial Trait	TYPE:Racial Trait.Shimreen Racial Trait										DESC:Whenever a shimreen takes energy damage, they can voluntarily take an additional 1d4 damage of the same type by amplifying the energy within their crystalline form. The next time the shimreen hits with a melee attack, they release this energy, dealing an additional amount of damage equal to the extra damage the shimreen took (and of the same type). The shimreen can't take additional damage in this way again until they release the energy they're storing. If unused, this stored energy dissipates after 10 minutes. The amount of extra damage the shimreen takes (and deals) increases to 2d4 at 8th level (or CR 8) and 3d4 at 16th level (or CR 16).		SOURCEPAGE:p.96
ELECTRICITY RESISTANCE		KEY:Shimreen Default ~ ELECTRICITY RESISTANCE		SORTKEY:s3	CATEGORY:Racial Trait	TYPE:Racial Trait.Shimreen Racial Trait		BONUS:VAR|ElectricityResistanceBonus|5|TYPE=Resistance		DESC:Shimreens have resistance 5 to electricity, thanks to their crystalline structure.																																																																									SOURCEPAGE:p.97
RADIANT				KEY:Shimreen Default ~ RADIANT				SORTKEY:s4	CATEGORY:Racial Trait	TYPE:Racial Trait.Shimreen Racial Trait		BONUS:WEAPONPROF=Unarmed|DAMAGE|TL+floor(TL/2)			DESC:A shimreen constantly emits dim, normal, or bright light in a 5-foot radius and is immune to the dazzled condition. A shimreen can adjust their current level of light as a move action, but they can't extinguish it.																																																								SOURCEPAGE:p.96
SHIFT LIMB			KEY:Shimreen Default ~ SHIFT LIMB			SORTKEY:s6	CATEGORY:Racial Trait	TYPE:Racial Trait.Shimreen Racial Trait										DESC:As a swift action, a shimreen can transform one of their hands into a natural weapon (see page 152) that deals piercing damage. While transformed, this hand can't be used to hold or use anything. The shimreen can reverse the transformation as a swift action.																																																			SOURCEPAGE:p.96


##Spathinae
SIZE AND TYPE			KEY:Spathinae Default ~ SIZE AND TYPE			SORTKEY:s1	CATEGORY:Racial Trait	TYPE:Racial Trait.Spathinae Racial Trait														DESC:Spathinae colonies are Medium monstrous humanoids.																																																																																												SOURCEPAGE:p.101
SHAPABLE			KEY:Spathinae Default ~ SHAPABLE			SORTKEY:s2	CATEGORY:Racial Trait	TYPE:Racial Trait.Spathinae Racial Trait														DESC:Given 1 minute, a spathinae colony can alter their shape. The colony can form and control up to four limbs. If the spathinae colony loses a limb, they can use this ability to "regrow" the limb. At least two of these limbs must be used for locomotion, or the colony's land speed is reduced by 10 feet. If the colony has multiple limbs that operate like arms and hands, they can hold more objects at the ready, but they can't make additional attacks. A spathinae colony can alter their shape to use armor and gear normally designed for almost any Small or Medium creature. However, a spathinae colony wearing armor not adjusted for them (Starfinder Core Rulebook 196) or powered armor can use neither their swarm flexibility ability nor the colony's natural fly speed.		SOURCEPAGE:p.100
SPATHINAE DEFENSES		KEY:Spathinae Default ~ SPATHINAE DEFENSES		SORTKEY:s3	CATEGORY:Racial Trait	TYPE:Racial Trait.Spathinae Racial Trait														DESC:A spathinae colony has a +2 racial bonus to saving throws against bleed, critical hit effects, paralysis, sleep, and stunning. An effect that states it has a greater effect on swarms works on a spathinae colony as if they were a swarm. However, the swarm defenses universal creature rule does not apply to spathinae colonies.																																																									SOURCEPAGE:p.100
SPATHINAE MOVEMENT		KEY:Spathinae Default ~ SPATHINAE MOVEMENT		SORTKEY:s4	CATEGORY:Racial Trait	TYPE:Racial Trait.Spathinae Racial Trait														DESC:A spathinae colony has a land speed of 30 feet and an extraordinary fly speed of 20 feet with average maneuverability.																																																																																			SOURCEPAGE:p.101
SPATHINAE SENSES		KEY:Spathinae Default ~ SPATHINAE SENSES		SORTKEY:s6	CATEGORY:Racial Trait	TYPE:Racial Trait.Spathinae Racial Trait		BONUS:VAR|Blindsense|30|TYPE=Base		BONUS:VAR|DarkvisionRange|60|TYPE=Base		DESC:A spathinae colony has blindsense (vibration) with a range of 30 feet and darkvision with a range of 60 feet.																																																																																				SOURCEPAGE:p.101
SWARM FLEXIBILITY		KEY:Spathinae Default ~ SWARM FLEXIBILITY		SORTKEY:s5	CATEGORY:Racial Trait	TYPE:Racial Trait.Spathinae Racial Trait														DESC:A spathinae colony has compression (see page 150) and gains a +4 racial bonus to KAC against bull rush, grapple, reposition, and trip combat maneuvers. In addition, the colony can always take 10 on the escape and tumble tasks of the Acrobatics skill and gains a +4 racial bonus to Acrobatics checks for those tasks.																																																										SOURCEPAGE:p.100,150
VERMINLIKE			KEY:Spathinae Default ~ VERMINLIKE			SORTKEY:s5	CATEGORY:Racial Trait	TYPE:Racial Trait.Spathinae Racial Trait														DESC:For effects targeting creatures by type, a spathinae colony counts as both monstrous humanoid and vermin (whichever type allows an ability to affect them for abilities that affect only one type, and whichever is worse for abilities that affect both types). The spathinae also gains a +2 racial bonus to saving throws against mind-affecting effects.																																																						SOURCEPAGE:p.100


##Telia
SIZE AND TYPE			KEY:Telia Default ~ SIZE AND TYPE		SORTKEY:t1	CATEGORY:Racial Trait	TYPE:Racial Trait.Telia Racial Trait									DESC:Telias are Medium monstrous humanoids.																							SOURCEPAGE:p.113
DARKVISION			KEY:Telia Default ~ DARKVISION			SORTKEY:t4	CATEGORY:Racial Trait	TYPE:Racial Trait.Telia Racial Trait		BONUS:VAR|DarkvisionRange|60|TYPE=Base			DESC:Telias have darkvision with a range of 60 feet.																						SOURCEPAGE:p.113
ERUDITE				KEY:Telia Default ~ ERUDITE			SORTKEY:t2	CATEGORY:Racial Trait	TYPE:Racial Trait.Telia Racial Trait		BONUS:SKILL|Culture,Engineering|2|TYPE=Racial		DESC:Telias gain a +2 racial bonus to Culture and Engineering checks.																				SOURCEPAGE:p.113
FLASHBACK			KEY:Telia Default ~ FLASHBACK			SORTKEY:t3	CATEGORY:Racial Trait	TYPE:Racial Trait.Telia Racial Trait									DESC:Once per day, a telia can reroll a failed Intelligence-based skill check.																			SOURCEPAGE:p.112
RETRACT				KEY:Telia Default ~ RETRACT			SORTKEY:t5	CATEGORY:Racial Trait	TYPE:Racial Trait.Telia Racial Trait		BONUS:WEAPONPROF=Unarmed|DAMAGE|TL+floor(TL/2)		DESC:A telia that takes the total defense action gains a +6 bonus to their Armor Class instead of the usual +4 bonus, and they also gain the unflankable universal creature rule until the start of their next turn.		SOURCEPAGE:p.112
TELIA MOVEMENT			KEY:Telia Default ~ TELIA MOVEMENT		SORTKEY:t6	CATEGORY:Racial Trait	TYPE:Racial Trait.Telia Racial Trait									DESC:Telias have a land speed of 25 feet and a swim speed of 20 feet.																				SOURCEPAGE:p.113



##Varculak
SIZE AND TYPE			KEY:Varculak Default ~ SIZE AND TYPE			SORTKEY:v1	CATEGORY:Racial Trait	TYPE:Racial Trait.Varculak Racial Trait								DESC:Varculaks are Small or Medium undead, depending on the species they once belonged to. Varculaks have a Constitution score, lack the unliving trait, and don't gain undead immunities.																																										SOURCEPAGE:p.127
DARKVISION			KEY:Varculak Default ~ DARKVISION			SORTKEY:v4	CATEGORY:Racial Trait	TYPE:Racial Trait.Varculak Racial Trait		BONUS:VAR|DarkvisionRange|60|TYPE=Base		DESC:Varculaks have darkvision with a range of 60 feet.																																																											SOURCEPAGE:p.127
DEATHLESS VITALITY		KEY:Varculak Default ~ DEATHLESS VITALITY		SORTKEY:v2	CATEGORY:Racial Trait	TYPE:Racial Trait.Varculak Racial Trait								DESC:Varculaks are immune to disease, and they neither breathe nor suffer the normal environmental effects of being in a vacuum. They gain a +2 racial bonus to saving throws against ability damage, ability drain, bleed, death effects, energy drain, exhaustion, fatigue, negative levels, paralysis, poison, sleep, and stunning. In addition, effects that heal the living heal varculaks. A varculak needs to eat and drink.													SOURCEPAGE:p.126
DEATHLESS WEAKNESS		KEY:Varculak Default ~ DEATHLESS WEAKNESS		SORTKEY:v3	CATEGORY:Racial Trait	TYPE:Racial Trait.Varculak Racial Trait								DESC:A varculak can be raised from the dead and always returns as a varculak. When dying, a varculak must spend 1 additional Resolve Point (maximum 4) to stabilize and stay in the fight (Core Rulebook 23). Further, while at 0 Hit Points, a varculak subjected to an effect that restores Hit Points regains only half as many as the effect normally restores (minimum 1).																				SOURCEPAGE:p.126
GRAVE TOUCH			KEY:Varculak Default ~ GRAVE TOUCH			SORTKEY:v6	CATEGORY:Racial Trait	TYPE:Racial Trait.Varculak Racial Trait								DESC:A varculak imparts the leech critical hit effect (Starfinder Armory 31) to any melee weapon it wields, but the saving throw DC is 10 + the varculak's level + its Strength modifier, and the duration of the effect is 1d4 rounds. In addition, when a creature fails its save against this leech critical hit effect, the varculak regains a number of Hit Points equal to half its CR or level (minimum 0). If the weapon already has a critical hit effect, the varculak must choose which to apply on a critical hit.		SOURCEPAGE:p.126
SILVER SUSCEPTIBILITY		KEY:Varculak Default ~ SILVER SUSCEPTIBILITY		SORTKEY:v5	CATEGORY:Racial Trait	TYPE:Racial Trait.Varculak Racial Trait								DESC:Kinetic attacks with silver weapons bypass any DR a varculak has. If a varculak takes a critical hit from such an attack, the varculak must succeed at a Fortitude saving throw against the weapon's critical hit DC or be staggered for 1 round.																																			SOURCEPAGE:p.126
TORPOR				KEY:Varculak Default ~ TORPOR				SORTKEY:v2	CATEGORY:Racial Trait	TYPE:Racial Trait.Varculak Racial Trait								DESC:A varculak needs rest like a living humanoid but sleeps very heavily. When asleep, varculaks are hard to rouse, taking a -15 penalty to Perception checks. It takes a full action to awaken a varculak who is asleep, although these creatures awaken normally if wounded.																																SOURCEPAGE:p.126
UNNERVING VISAGE		KEY:Varculak Default ~ UNNERVING VISAGE			SORTKEY:v2	CATEGORY:Racial Trait	TYPE:Racial Trait.Varculak Racial Trait								DESC:Select one Small or Medium humanoid species to apply this trait to. The varculak was formerly of that species. Living members of the varculak's former species find these undead disturbing. The varculak gains a +2 racial bonus to Intimidate checks made against members of that species but takes a -2 penalty to Bluff and Diplomacy checks made against them.																				SOURCEPAGE:p.126


