# CVS $Revision: $ $Author: $ -- Thu Dec  7 14:47:26 2006 -- reformated by prettylst.pl v1.35 (build 1495)
SOURCELONG:Complendium of Legendary Classes	SOURCESHORT:CLgC

# Class Name	Type			Abbreviation	Max Level	Source Page		Save checks bonus											Combat bonus
CLASS:Brawler	TYPE:PC.Legendary	ABB:Bwr		MAXLEVEL:5	SOURCEPAGE:p.2	BONUS:CHECKS|BASE.Fortitude,BASE.Reflex|CL/2+2	BONUS:CHECKS|BASE.Will|CL/3	BONUS:COMBAT|BAB|CL
# Class Name	Restricted AL		Req. Att.	Required Feat								Required Stat	Required Text
CLASS:Brawler	!PREALIGN:LG,NG,CG	PREATT:12	PREFEAT:3,Improved Trip,Superior Unarmed Strike,Toughness	PRESTAT:1,CON=17	PRETEXT:Any one other feat determined by the DM
# Class Name	Skill Pts/Lvl	Class Skill
CLASS:Brawler	STARTSKILLPTS:2	CSKILL:Balance|Climb|TYPE.Craft|Gather Information|Heal|Jump|Intimidate|Knowledge (Local)|Swim|Tumble

# Class Name		Type			Abbreviation	Max Level	Source Page		Save checks bonus											Combat bonus
CLASS:Cursed Champion	TYPE:PC.Legendary	ABB:Cch		MAXLEVEL:5	SOURCEPAGE:p.6	BONUS:CHECKS|BASE.Fortitude,BASE.Will|CL/2+2	BONUS:CHECKS|BASE.Reflex|CL/3	BONUS:COMBAT|BAB|CL
# Class Name		Required AL		Req. Att.	Required Feat				Required Skill				Required Stat		Required Text
CLASS:Cursed Champion	PREALIGN:LG,NG,CG	PREATT:12	PREFEAT:2,Great Cleave,Iron Will	PRESKILL:1,Knowledge (Religion)=4	PRESTAT:2,WIS=13,CHA=15	PRETEXT:Any one feat of the DM's choice
# Class Name		Skill Pts/Lvl	Class Skill
CLASS:Cursed Champion	STARTSKILLPTS:2	CSKILL:Climb|TYPE.Craft|Diplomacy|Handle Animal|Intimidate|Jump|Knowledge (Religion)|Ride|Swim
###Block:Proficiencies
1	FEATAUTO:Simple Weapon Proficiency|Martial Weapon Proficiency|All Automatic Proficiencies|All Martial Weapon Proficiencies
1	FEATAUTO:Armor Proficiency (Light)|Armor Proficiency (Medium)|Armor Proficiency (Heavy)
1	FEATAUTO:Shield Proficiency

# Class Name		Type			Abbreviation	Max Level	Source Page		Save checks bonus											Combat bonus
CLASS:Divine Weapon	TYPE:PC.Legendary	ABB:Diw		MAXLEVEL:5	SOURCEPAGE:p.9	BONUS:CHECKS|BASE.Fortitude|CL/2+2	BONUS:CHECKS|BASE.Reflex,BASE.Will|CL/3	BONUS:COMBAT|BAB|CL
# Class Name		Required Feat													Required Skill				Required Stat				Required Text
CLASS:Divine Weapon	PREFEAT:5,Improved Critical,Leadership,Weapon Focus,Weapon Specialization,TYPE.TurnUndead	PRESKILL:1,Knowledge (Religion)=15	PRESTAT:3,STR=15,WIS=15,CHA=15	PRETEXT:Any one feat of the DM's choice
# Class Name		Skill Pts/Lvl	Class Skill
CLASS:Divine Weapon	STARTSKILLPTS:2	CSKILL:Climb|TYPE.Craft|Diplomacy|Handle Animal|Heal|Jump|Knowledge (Religion)|Ride|Spellcraft|Swim
###Block:Proficiencies
1	FEATAUTO:Simple Weapon Proficiency|Martial Weapon Proficiency|All Automatic Proficiencies|All Martial Weapon Proficiencies
1	FEATAUTO:Armor Proficiency (Light)|Armor Proficiency (Medium)|Armor Proficiency (Heavy)
###Block:Spellcasting
1	ADD:SPELLCASTER(DIVINE)
3	ADD:SPELLCASTER(DIVINE)
5	ADD:SPELLCASTER(DIVINE)
###Block:Turning
1	BONUS:VAR|TurnLevelBase,TurnDamagePlusBase|CL|TYPE=Level.REPLACE

# Class Name			Type			Abbreviation	Max Level	Source Page		Save checks bonus											Combat bonus
CLASS:Dwarven Forgemaster	TYPE:PC.Legendary	ABB:Dfm		MAXLEVEL:5	SOURCEPAGE:p.15	BONUS:CHECKS|BASE.Fortitude|CL/2+2	BONUS:CHECKS|BASE.Reflex,BASE.Will|CL/3	BONUS:COMBAT|BAB|CL
# Class Name			Required AL			Req. Att.	Required Feat								Required Race	Required Stat	Required Text
CLASS:Dwarven Forgemaster	PREALIGN:LG,NG,LN,TN	PREATT:12	PREFEAT:4,Endurance,Sunder,Toughness,Weapon Specialization	PRERACE:1,Dwarf	PRESTAT:1,CON=17	PRETEXT:Any other feat of the DM's choice
# Class Name			Skill Pts/Lvl	Class Skill
CLASS:Dwarven Forgemaster	STARTSKILLPTS:2	CSKILL:Climb|TYPE.Craft|Jump|TYPE.Profession
###Block:Proficiencies
1	FEATAUTO:Simple Weapon Proficiency|Martial Weapon Proficiency|All Automatic Proficiencies|All Martial Weapon Proficiencies
1	FEATAUTO:Armor Proficiency (Light)|Armor Proficiency (Medium)|Armor Proficiency (Heavy)
1	FEATAUTO:Shield Proficiency

# Class Name		Type			Abbreviation	Max Level	Source Page		Save checks bonus											Combat bonus
CLASS:Dwarven Stalwart	TYPE:PC.Legendary	ABB:Dst		MAXLEVEL:5	SOURCEPAGE:p.19	BONUS:CHECKS|BASE.Fortitude,BASE.Will|CL/2+	BONUS:CHECKS|BASE.Reflex|CL/3	BONUS:COMBAT|BAB|CL
# Class Name		Req. Att.	Required Feat											Required Race	Required Skill			Required Text
CLASS:Dwarven Stalwart	PREATT:12	PREFEAT:4,Great Cleave,Improved Critical,Weapon Focus,Weapon Specialization	PRERACE:1,Dwarf	PRESKILL:1,Sense Motive=3	PRETEXT:Any one feat of the DM's choice
# Class Name		Skill Pts/Lvl	Class Skill
CLASS:Dwarven Stalwart	STARTSKILLPTS:2	CSKILL:TYPE.Craft|Intimidate|Listen|Sense Motive|Spot
###Block:Proficiencies
1	FEATAUTO:Simple Weapon Proficiency|Martial Weapon Proficiency|All Automatic Proficiencies|All Martial Weapon Proficiencies
1	FEATAUTO:Armor Proficiency (Light)|Armor Proficiency (Medium)|Armor Proficiency (Heavy)
1	FEATAUTO:Shield Proficiency

# Class Name			Type			Abbreviation	Max Level	Source Page		Save checks bonus											Combat bonus
CLASS:Guardian of the Green	TYPE:PC.Legendary	ABB:Gtg		MAXLEVEL:5	SOURCEPAGE:p.21	BONUS:CHECKS|BASE.Fortitude,BASE.Will|CL/2+2	BONUS:CHECKS|BASE.Reflex|CL/3	BONUS:COMBAT|BAB|CL
# Class Name			Restricted AL		Req. Att.	Required Check Base	Required Feat				Required Race		Required Skill												Req. Casting Type					Required Stat	Required Text
CLASS:Guardian of the Green	!PREALIGN:LE,NE,CE	PREATT:11	PRECHECKBASE:1,Will=6	PREFEAT:2,Leadership,Master Tracker	PRERACE:1,Elf,Half-Elf	PRESKILL:2,Diplomacy,Sense Motive=5	PRESKILL:2,Knowledge (Nature),Wilderness Lore=8	PRESPELLCAST:2,TYPE=Arcane,TYPE=Divine	PRESTAT:1,CHA=15	PRETEXT:Any one combat feat, any additional feat of the DM's choice
# Class Name			Skill Pts/Lvl	Class Skill
CLASS:Guardian of the Green	STARTSKILLPTS:4	CSKILL:Animal Empathy|Climb|Concentration|TYPE.Craft|Diplomacy|Handle Animal|Heal|Hide|Intuit Direction|Jump|Knowledge (Nature)|Knowledge (Nobility and Royalty)|Knowledge (Local)|Listen|Move Silently|TYPE.Profession|Ride|Search|Sense Motive|Spot|Swim|Use Rope|Wilderness Lore
###Block:Proficiencies
1	FEATAUTO:Simple Weapon Proficiency|Martial Weapon Proficiency|All Automatic Proficiencies|All Martial Weapon Proficiencies
1	FEATAUTO:Armor Proficiency (Light)|Armor Proficiency (Medium)|Armor Proficiency (Heavy)
1	FEATAUTO:Shield Proficiency

# Class Name		Type			Abbreviation	Max Level	Source Page		Save checks bonus											Combat bonus
CLASS:High Artificer	TYPE:PC.Legendary	ABB:Hia		MAXLEVEL:5	SOURCEPAGE:p.26	BONUS:CHECKS|BASE.Fortitude,BASE.Reflex|CL/3	BONUS:CHECKS|BASE.Will|CL/2+2	BONUS:COMBAT|BAB|CL/2
# Class Name		Required Feat			Multiple Requirements								Required Skill
CLASS:High Artificer	PREFEAT:5,TYPE.ItemCreation	PREMULT:1,[PRESPELLTYPE:Arcane,1,6],[PRESPELLTYPE:Divine,1,6]	PRESKILL:2,TYPE.Craft=15
# Class Name		Skill Pts/Lvl	Class Skill
CLASS:High Artificer	STARTSKILLPTS:2	CSKILL:Alchemy|Concentration|TYPE.Craft|TYPE.Knowledge|Scry|Spellcraft

# Class Name		Type			Abbreviation	Max Level	Source Page		Save checks bonus											Combat bonus
CLASS:Horde Warchief	TYPE:PC.Legendary	ABB:Hwc		MAXLEVEL:5	SOURCEPAGE:p.27	BONUS:CHECKS|BASE.Fortitude|CL/2+2	BONUS:CHECKS|BASE.Reflex,BASE.Will|CL/3	BONUS:COMBAT|BAB|CL
# Class Name		Req. Att.	Required Feat										Required Race				Required Skill		Required Stat	Required Text
CLASS:Horde Warchief	PREATT:12	PREFEAT:6,Great Cleave,Weapon Focus,Toughness,Endurance,Leadership,Rage	PRERACE:1,RACESUBTYPE=Goblinoid,Orc	PRESKILL:1,Intimidate=6	PRESTAT:1,CHA=13	PRETEXT:Any one feat of the DM's choice
# Class Name		Skill Pts/Lvl	Class Skill
CLASS:Horde Warchief	STARTSKILLPTS:2	CSKILL:Climb|Handle Animal|Intimidate|Jump|Listen|Wilderness Lore
###Block:Proficiencies
1	FEATAUTO:Simple Weapon Proficiency|Martial Weapon Proficiency|All Automatic Proficiencies|All Martial Weapon Proficiencies
1	FEATAUTO:Armor Proficiency (Light)|Armor Proficiency (Medium)|Armor Proficiency (Heavy)
1	FEATAUTO:Shield Proficiency

# Class Name	Type			Abbreviation	Max Level	Source Page		Save checks bonus											Combat bonus
CLASS:Juxaspect	TYPE:PC.Legendary	ABB:Jux		MAXLEVEL:5	SOURCEPAGE:p.29	BONUS:CHECKS|BASE.Fortitude,BASE.Reflex|CL/2+2	BONUS:CHECKS|BASE.Will|CL/3	BONUS:COMBAT|BAB|CL
# Class Name	Required Lvl
CLASS:Juxaspect	PRELEVEL:12
# Class Name	Class Skill
CLASS:Juxaspect	CSKILL:Gather Information|Intuit Direction|Knowledge (The Planes)|Scry

# Class Name		Type			Abbreviation	Max Level	Source Page		Save checks bonus											Combat bonus
CLASS:Kings Warden	TYPE:PC.Legendary	ABB:Kiw		MAXLEVEL:5	SOURCEPAGE:p.33	BONUS:CHECKS|BASE.Fortitude|CL/2+2	BONUS:CHECKS|BASE.Reflex,BASE.Will|CL/3	BONUS:COMBAT|BAB|CL
# Class Name		Required AL			Required Feat								Required Skill																		Required Text
CLASS:Kings Warden	PREALIGN:LG,NG,LN,TN	PREFEAT:4,Endurance,Leadership,Master Tracker,Weapon Focus	PRESKILL:1,Knowledge (Local)=3	PRESKILL:3,Hide,Knowledge (Nature),Move Silently=7	PRESKILL:1,Wilderness Lore=15	PRETEXT:Any one feat of the DM's choice
# Class Name		Skill Pts/Lvl	Class Skill
CLASS:Kings Warden	STARTSKILLPTS:4	CSKILL:Animal Empathy|Balance|Climb|Escape Artist|Gather Information|Handle Animal|Heal|Hide|Intuit Direction|Jump|Knowledge (Local)|Knowledge (Nature)|Listen|Move Silently|Ride|Search|Spot|Swim|Use Rope|Wilderness Lore
###Block:Proficiencies
1	FEATAUTO:Simple Weapon Proficiency|Martial Weapon Proficiency|All Automatic Proficiencies|All Martial Weapon Proficiencies
1	FEATAUTO:Armor Proficiency (Light)|Armor Proficiency (Medium)|Armor Proficiency (Heavy)
1	FEATAUTO:Shield Proficiency

# Class Name		Type			Abbreviation	Max Level	Source Page		Save checks bonus											Combat bonus
CLASS:Maitre dEscrime	TYPE:PC.Legendary	ABB:Mde		MAXLEVEL:5	SOURCEPAGE:p.37	BONUS:CHECKS|BASE.Fortitude,BASE.Reflex|CL/2+2	BONUS:CHECKS|BASE.Will|CL/3	BONUS:COMBAT|BAB|CL
# Class Name		Req. Att.	Required Feat																			Required Skill										Required Stat	Required Text
CLASS:Maitre dEscrime	PREATT:12	PREFEAT:6,Improved Initiative,Quick Draw,Riposte,Weapon Finesse(Rapier),Weapon Focus(Rapier),Weapon Specialization(Rapier)	PRESKILL:1,Craft (Weaponsmithing)=10	PRESKILL:2,Jump,Tumble=5	PRESTAT:1,DEX=17	PRETEXT:Any one feat of the DM's choice
# Class Name		Skill Pts/Lvl	Class Skill
CLASS:Maitre dEscrime	STARTSKILLPTS:4	CSKILL:Balance|Climb|Gather Information|Jump|Listen|Ride|Spot|Swim|Tumble
###Block:Proficiencies
1	FEATAUTO:Simple Weapon Proficiency|Martial Weapon Proficiency|All Automatic Proficiencies|All Martial Weapon Proficiencies
1	FEATAUTO:Armor Proficiency (Light)|Armor Proficiency (Medium)|Armor Proficiency (Heavy)
1	FEATAUTO:Shield Proficiency

# Class Name	Type			Abbreviation	Max Level	Source Page		Save checks bonus											Combat bonus
CLASS:Nimrod	TYPE:PC.Legendary	ABB:Nim		MAXLEVEL:5	SOURCEPAGE:p.44	BONUS:CHECKS|BASE.Fortitude,BASE.Will|CL/2+2	BONUS:CHECKS|BASE.Reflex|CL/3	BONUS:COMBAT|BAB|CL
# Class Name	Required AL			Required Feat														Required Skill																				Required Stat				Required Text
CLASS:Nimrod	PREALIGN:LN,TN,NG,CN	PREFEAT:1,Alertness,Hunters Wisdom	PREFEAT:4,Endurance,Precise Shot,Track,Favored Enemy II	PRESKILL:5,Hide,Intuit Direction,Listen,Move Silently,Spot=5	PRESKILL:1,Knowledge (Nature)=10	PRESKILL:1,Wilderness Lore=15	PRESTAT:3,DEX=15,CON=13,WIS=15	PRETEXT:Any one feat of the DM's choice
# Class Name	Skill Pts/Lvl	Class Skill
CLASS:Nimrod	STARTSKILLPTS:4	CSKILL:Animal Empathy|Climb|Concentration|TYPE.Craft|Handle Animal|Heal|Hide|Intuit Direction|Jump|Knowledge (Nature)|Listen|Move Silently|TYPE.Profession|Ride|Search|Spot|Swim|Use Rope|Wilderness Lore

# Class Name	Type			Abbreviation	Max Level	Source Page		Save checks bonus											Combat bonus
CLASS:Prophet	TYPE:PC.Legendary	ABB:Ppt		MAXLEVEL:5	SOURCEPAGE:p.47	BONUS:CHECKS|BASE.Fortitude,BASE.Reflex|CL/3	BONUS:CHECKS|BASE.Will|CL/2+2	BONUS:COMBAT|BAB|CL/2
# Class Name	Required Feat				Required Skill				Req. Spell Type		Required Stat	Required Text
CLASS:Prophet	PREFEAT:2,Iron Will,Leadership	PRESKILL:1,Knowledge (Religion)=15	PRESPELLTYPE:Divine,1,7	PRESTAT:1,WIS=17	PRETEXT:Any one feat of hte DM's choice
# Class Name	Skill Pts/Lvl	Class Skill
CLASS:Prophet	STARTSKILLPTS:2	CSKILL:Bluff|Concentration|Diplomacy|Disguise|Intimidate|Heal|TYPE.Knowledge|Read Lips|Listen|Scry|Sense Motive|Spellcraft
###Block:Spellcasting
1	ADD:SPELLCASTER(ANY)
2	ADD:SPELLCASTER(ANY)
3	ADD:SPELLCASTER(ANY)
4	ADD:SPELLCASTER(ANY)
5	ADD:SPELLCASTER(ANY)

# Class Name				Type			Abbreviation	Max Level	Source Page		Save checks bonus											Combat bonus
CLASS:Requiem of the Death Moon	TYPE:PC.Legendary	ABB:Rdm		MAXLEVEL:5	SOURCEPAGE:p.50	BONUS:CHECKS|BASE.Fortitude,BASE.Reflex|CL/3	BONUS:CHECKS|BASE.Will|CL/2+2	BONUS:COMBAT|BAB|CL*3/4
# Class Name				Required AL			Required Feat			Required Skill														Required Stat	Required Text
CLASS:Requiem of the Death Moon	PREALIGN:NG,CG,TN,CN	PREFEAT:2,Endurance,Iron Will	PRESKILL:1,Intimidate=4	PRESKILL:2,Knowledge (Religion),Sense Motive=7	PRESKILL:1,Perform	PRESTAT:1,CHA=17	PRETEXT:Any feat of the DM's choice
# Class Name				Skill Pts/Lvl	Class Skill
CLASS:Requiem of the Death Moon	STARTSKILLPTS:6	CSKILL:Bluff|Concentration|TYPE.Craft|Diplomacy|Disguise|Escape Artist|Gather Information|Hide|Intimidate|Intuit Direction|Knowledge (Religion)|Listen|Move Silently|Perform|TYPE.Profession|Sense Motive|Spellcraft
###Block:Spellcasting
1	ADD:SPELLCASTER(ANY)
2	ADD:SPELLCASTER(ANY)
3	ADD:SPELLCASTER(ANY)
4	ADD:SPELLCASTER(ANY)
5	ADD:SPELLCASTER(ANY)

# Class Name	Type			Abbreviation	Max Level	Source Page		Save checks bonus												Combat bonus
CLASS:Storm		TYPE:PC.Legendary	ABB:Stm		MAXLEVEL:5	SOURCEPAGE:p.52	BONUS:CHECKS|BASE.Fortitude,BASE.Will|CL/3	BONUS:CHECKS|BASE.Reflex|CL/2+2	BONUS:COMBAT|BAB|CL
# Class Name	Req. Att.	Required Check Base	Required Feat						Multiple Requirements											Required Skill
CLASS:Storm		PREATT:11	PRECHECKBASE:1,Reflex=4	PREFEAT:2,Lightning Reflexes,Whirlwind Attack	PREMULT:1,[PREEQUIP:1,Flurry of Blows],[PREFEAT:1,Rage],[PREFEAT:1,Stunning Attack]	PRESKILL:2,Intimidate,Wilderness Lore=5	PRESKILL:1,Jump=10
# Class Name	Skill Pts/Lvl	Class Skill
CLASS:Storm		STARTSKILLPTS:4	CSKILL:Balance|Climb|TYPE.Craft|Intimidate|Intuit Direction|Jump|Swim|Tumble|Wilderness Lore

# Class Name				Type			Abbreviation	Max Level	Source Page		Save checks bonus											Combat bonus
CLASS:Warrior of the Broken Wake	TYPE:PC.Legendary	ABB:Wbw		MAXLEVEL:5	SOURCEPAGE:p.55	BONUS:CHECKS|BASE.Fortitude,BASE.Will|CL/2+2	BONUS:CHECKS|BASE.Reflex|CL/3	BONUS:COMBAT|BAB|CL
# Class Name				Req. Att.	Required Feat						Required Stat	Required Text
CLASS:Warrior of the Broken Wake	PREATT:12	PREFEAT:3,Great Cleave,Sunder,Weapon Focus	PRESTAT:1,STR=17	PRETEXT:Any one feat of the DM's choice
# Class Name				Skill Pts/Lvl	Class Skill
CLASS:Warrior of the Broken Wake	STARTSKILLPTS:2	CSKILL:Climb|TYPE.Craft|Intimidate|Jump|Ride|Swim
###Block:Proficiencies
1	FEATAUTO:Simple Weapon Proficiency|Martial Weapon Proficiency|All Automatic Proficiencies|All Martial Weapon Proficiencies
1	FEATAUTO:Armor Proficiency (Light)|Armor Proficiency (Medium)|Armor Proficiency (Heavy)

# Class Name		Type			Abbreviation	Max Level	Source Page		Save checks bonus												Combat bonus
CLASS:Wilderness Walker	TYPE:PC.Legendary	ABB:Wwa		MAXLEVEL:5	SOURCEPAGE:p.59	BONUS:CHECKS|BASE.Fortitude,BASE.Will|CL/3	BONUS:CHECKS|BASE.Reflex|CL/2+2	BONUS:COMBAT|BAB|CL*3/4
# Class Name		Required Feat								Required Skill												Req. Spell Type		Required Stat	Required Text
CLASS:Wilderness Walker	PREFEAT:4,Alertness,Hunters Wisdom,Master Tracker,Track	PRESKILL:2,Intuit Direction,Knowledge (Nature)=10	PRESKILL:1,Wilderness Lore=15	PRESPELLTYPE:Divine,1,3	PRESTAT:1,WIS=15	PRETEXT:Any one feat of the DM's choice
# Class Name		Skill Pts/Lvl	Class Skill
CLASS:Wilderness Walker	STARTSKILLPTS:4	CSKILL:Animal Empathy|TYPE.Craft|Handle Animal|Heal|Hide|Intuit Direction|Knowledge (Nature)|Listen|Move Silently|Search|Spot|Swim|Use Rope|Wilderness Lore
###Block:Proficiencies
1	FEATAUTO:Simple Weapon Proficiency|Martial Weapon Proficiency|All Automatic Proficiencies|All Martial Weapon Proficiencies
1	FEATAUTO:Armor Proficiency (Light)

# Class Name	Type			Abbreviation	Max Level	Source Page		Save checks bonus												Combat bonus
CLASS:Wodeslinger	TYPE:PC.Legendary	ABB:Wos		MAXLEVEL:5	SOURCEPAGE:p.61	BONUS:CHECKS|BASE.Fortitude,BASE.Will|CL/3	BONUS:CHECKS|BASE.Reflex|CL/2+2	BONUS:COMBAT|BAB|CL*3/4
# Class Name	Required AL			Required Feat															Required Race		Required Skill									Req. Spell Type		Required Text
CLASS:Wodeslinger	PREALIGN:NG,LN,TN,CN	PREFEAT:5,Craft Wondrous Item,Far Shot,Precise Shot,Weapon Focus(Sling),Weapon Specialization(Sling)	PRERACE:1,Halfling	PRESKILL:1,Knowledge (Nature)=8	PRESKILL:1,Wilderness Lore=6	PRESPELLTYPE:1,Druid=3	PRETEXT:Any one feat of the DM's choice
# Class Name	Skill Pts/Lvl	Class Skill
CLASS:Wodeslinger	STARTSKILLPTS:4	CSKILL:Concentration|Bluff|Climb|Diplomacy|Hide|Intuit Direction|Knowledge (Nature)|Listen|Move Silently|TYPE.Profession|Ride|Search|Spot|Spellcraft|Swim|Wilderness Lore
