# CVS $Revision: $ $Author: $ -- Thu Dec  7 15:50:33 2006 -- reformated by prettylst.pl v1.35 (build 1495)
SOURCELONG:Complendium of Legendary Classes	SOURCESHORT:CLgC

###Block:armor
# Equipment Name				Required Proficiency	Type						Cost		Weight	AC Penalty Check	Modifier									Maximum DEX Bonus	Source Page		% of Spell Failure	Spell Res.		Damage Reduction	Save checks bonus						Combat bonus
Armor of the Hammer Saint						TYPE:Armor.Heavy.Suit.Standard	COST:1500	WT:50		ACCHECK:-6		EQMOD:STEEL.MITHRAL_ARMR_HVY.PLUS5A.FRT_MOD.SPELL_RES_17	MAXDEX:1		SOURCEPAGE:p.13	SPELLFAILURE:35					DR:5/+1										BONUS:COMBAT|AC|8|TYPE=Armor.REPLACE
Braddocks Hide																																		SOURCEPAGE:p.36
Mithral Shirt of Whispering Leaves																															SOURCEPAGE:p.25
Shield of the Hammer Saint		PROFICIENCY:Shield	TYPE:Shield.Heavy.Standard		COST:20	WT:15		ACCHECK:-2		EQMOD:STEEL.MITHRAL_SHLD.PLUS5S								SOURCEPAGE:p.13	SPELLFAILURE:15		SR:25|PREALIGN:LG				BONUS:SAVE|ALL|4|TYPE=Resistance|PREALIGN:LG	BONUS:COMBAT|AC|2|TYPE=Armor.REPLACE	BONUS:COMBAT|AC|4|TYPE=Deflection|PREALIGN:LG
Thingars Armor																																		SOURCEPAGE:p.18

###Block:weapon
# Equipment Name	Required Proficiency	Type									Cost		Weight	Critical Hit Multiplier	Critical Hit Range	Damage	Modifier									Size		Source Page
Fluekrusis																																									SOURCEPAGE:p.17
Hammer of Justice	PROFICIENCY:Warhammer	TYPE:Weapon.Martial.Melee.Standard.Bludgeoning.Hammer	COST:12	WT:8		CRITMULT:x3			CRITRANGE:1			DAMAGE:1d8	EQMOD:STEEL.ADAMANT_WEAP.PLUS5W.GHOST_M.THROW.RETRN.EN_CRIT	SIZE:M	SOURCEPAGE:p.13
Longshot																																									SOURCEPAGE:p.36
Tothurkrym																																									SOURCEPAGE:p.25
Winters Spike																																								SOURCEPAGE:p.41

###Block:wondrous
# Equipment Name		Source Page
Forest Cloak		SOURCEPAGE:p.25
Girdle of the Pech	SOURCEPAGE:p.25
Grave Mantle		SOURCEPAGE:p.58
Macarns Torc		SOURCEPAGE:p.18
Melidias Dancing Cowl	SOURCEPAGE:p.14
Mithral Circlet		SOURCEPAGE:p.25
