
# 228
Abadar's Truthtelling
	SOURCEPAGE:p.228
	SOURCESHORT:ISGds
	SOURCELONG:Inner Sea Gods
	SCHOOL:Enchantment
	SUBSCHOOL:Compulsion
	DESCRIPTOR:Mind-Affecting
	CLASSES:Cleric,Inquisitor,Paladin=1
	CASTTIME:1 standard action
	COMPS:V, S, DF
	DURATION:SEE ZONE OF TRUTH FOR REST
	RANGE:touch
	TARGETAREA:creature touched
	ITEM:POTION
	SAVEINFO:SEE ZONE OF TRUTH FOR REST
	SPELLRES:SEE ZONE OF TRUTH FOR REST
	DESC:This spell functions identically to the spell zone of truth, except as noted above. The target mementarily takes on the semblance of a being of perfect order, like an archon or inevitable, so that all who can see the target know it is affected by the spell. This divine guise flickers over the target for only an instant and does not allow it to pass as a member of a different race.
Abstemiousness
	SOURCEPAGE:p.228
	SOURCESHORT:ISGds
	SOURCELONG:Inner Sea Gods
	SCHOOL:transmutation
	CLASSES:Bard,Cleric,Druid,Witch=1
	CASTTIME:1 standard action
	COMPS:V
	RANGE:touch
	TARGETAREA:a handful of berries, grains, nuts or rice
	DURATION:1 hour
	ITEM:POTION
	SAVEINFO:Fortitude negates (harmless)
	SPELLRES:Yes (harmless)
	DESC:Need descriptions
Aspect of the Nightingale
	SOURCEPAGE:p.228
	SOURCESHORT:ISGds
	SOURCELONG:Inner Sea Gods
	SCHOOL:transmutation
	SUBSCHOOL:polymorph
	CLASSES:bard,cleric,druid,inquisitor,paladin,ranger=1
	CASTTIME:1 standard action
	COMPS:V, S, DF
	RANGE:personal
	TARGETAREA:you
	DURATION:(CASTERLEVEL) minutes
	ITEM:POTION
	DESC:x
# 229
Baphomet's Blessing
	SOURCEPAGE:p.229
	SOURCESHORT:ISGds
	SOURCELONG:Inner Sea Gods
	SCHOOL:transmutation
	SUBSCHOOL:polymorph
	CLASSES:cleric,druid,sorcerer,wizard,summoner,witch=4
	CASTTIME:1 standard action
	COMPS:V, M,/DF
	RANGE:touch
	TARGETAREA:one living creature
	DURATION:(CASTERLEVEL) rounds
	SAVEINFO:Fortitude negates
	SPELLRES:yes
	DESC:x
Beacon of Luck
	SOURCEPAGE:p.229
	SOURCESHORT:ISGds
	SOURCELONG:Inner Sea Gods
	SCHOOL:divination
	SUBSCHOOL:
	DESCRIPTOR:
	CLASSES:x,x=|x=
	DOMAINS:x,x=|x=
	CASTTIME:
	COMPS:
	RANGE:
	TARGETAREA:
	DURATION:
	ITEM:POTION
	SAVEINFO:
	SPELLRES:
	DESC:
Blade Snare
	SOURCEPAGE:p.
	SOURCESHORT:ISGds
	SOURCELONG:Inner Sea Gods
	SCHOOL:
	SUBSCHOOL:
	DESCRIPTOR:
	CLASSES:x,x=|x=
	DOMAINS:x,x=|x=
	CASTTIME:
	COMPS:
	RANGE:
	TARGETAREA:
	DURATION:
	ITEM:POTION
	SAVEINFO:
	SPELLRES:
	DESC:
Blessing of the Watch
	SOURCEPAGE:p.
	SOURCESHORT:ISGds
	SOURCELONG:Inner Sea Gods
	SCHOOL:
	SUBSCHOOL:
	DESCRIPTOR:
	CLASSES:x,x=|x=
	DOMAINS:x,x=|x=
	CASTTIME:
	COMPS:
	RANGE:
	TARGETAREA:
	DURATION:
	ITEM:POTION
	SAVEINFO:
	SPELLRES:
	DESC:
Brittle Portal
	SOURCEPAGE:p.
	SOURCESHORT:ISGds
	SOURCELONG:Inner Sea Gods
	SCHOOL:
	SUBSCHOOL:
	DESCRIPTOR:
	CLASSES:x,x=|x=
	DOMAINS:x,x=|x=
	CASTTIME:
	COMPS:
	RANGE:
	TARGETAREA:
	DURATION:
	ITEM:POTION
	SAVEINFO:
	SPELLRES:
	DESC:
Burst of Glory
	SOURCEPAGE:p.
	SOURCESHORT:ISGds
	SOURCELONG:Inner Sea Gods
	SCHOOL:
	SUBSCHOOL:
	DESCRIPTOR:
	CLASSES:x,x=|x=
	DOMAINS:x,x=|x=
	CASTTIME:
	COMPS:
	RANGE:
	TARGETAREA:
	DURATION:
	ITEM:POTION
	SAVEINFO:
	SPELLRES:
	DESC:
Caustic Blood
	SOURCEPAGE:p.
	SOURCESHORT:ISGds
	SOURCELONG:Inner Sea Gods
	SCHOOL:
	SUBSCHOOL:
	DESCRIPTOR:
	CLASSES:x,x=|x=
	DOMAINS:x,x=|x=
	CASTTIME:
	COMPS:
	RANGE:
	TARGETAREA:
	DURATION:
	ITEM:POTION
	SAVEINFO:
	SPELLRES:
	DESC:
Channel the Gift
	SOURCEPAGE:p.
	SOURCESHORT:ISGds
	SOURCELONG:Inner Sea Gods
	SCHOOL:
	SUBSCHOOL:
	DESCRIPTOR:
	CLASSES:x,x=|x=
	DOMAINS:x,x=|x=
	CASTTIME:
	COMPS:
	RANGE:
	TARGETAREA:
	DURATION:
	ITEM:POTION
	SAVEINFO:
	SPELLRES:
	DESC:
Channel Vigor
	SOURCEPAGE:p.
	SOURCESHORT:ISGds
	SOURCELONG:Inner Sea Gods
	SCHOOL:
	SUBSCHOOL:
	DESCRIPTOR:
	CLASSES:x,x=|x=
	DOMAINS:x,x=|x=
	CASTTIME:
	COMPS:
	RANGE:
	TARGETAREA:
	DURATION:
	ITEM:POTION
	SAVEINFO:
	SPELLRES:
	DESC:
Deadeye's Arrow
	SOURCEPAGE:p.
	SOURCESHORT:ISGds
	SOURCELONG:Inner Sea Gods
	SCHOOL:
	SUBSCHOOL:
	DESCRIPTOR:
	CLASSES:x,x=|x=
	DOMAINS:x,x=|x=
	CASTTIME:
	COMPS:
	RANGE:
	TARGETAREA:
	DURATION:
	ITEM:POTION
	SAVEINFO:
	SPELLRES:
	DESC:
Defending Bone
	SOURCEPAGE:p.
	SOURCESHORT:ISGds
	SOURCELONG:Inner Sea Gods
	SCHOOL:
	SUBSCHOOL:
	DESCRIPTOR:
	CLASSES:x,x=|x=
	DOMAINS:x,x=|x=
	CASTTIME:
	COMPS:
	RANGE:
	TARGETAREA:
	DURATION:
	ITEM:POTION
	SAVEINFO:
	SPELLRES:
	DESC:
Dream Feast
	SOURCEPAGE:p.
	SOURCESHORT:ISGds
	SOURCELONG:Inner Sea Gods
	SCHOOL:
	SUBSCHOOL:
	DESCRIPTOR:
	CLASSES:x,x=|x=
	DOMAINS:x,x=|x=
	CASTTIME:
	COMPS:
	RANGE:
	TARGETAREA:
	DURATION:
	ITEM:POTION
	SAVEINFO:
	SPELLRES:
	DESC:
Early Judgment
	SOURCEPAGE:p.
	SOURCESHORT:ISGds
	SOURCELONG:Inner Sea Gods
	SCHOOL:
	SUBSCHOOL:
	DESCRIPTOR:
	CLASSES:x,x=|x=
	DOMAINS:x,x=|x=
	CASTTIME:
	COMPS:
	RANGE:
	TARGETAREA:
	DURATION:
	ITEM:POTION
	SAVEINFO:
	SPELLRES:
	DESC:
Enhance Water
	SOURCEPAGE:p.
	SOURCESHORT:ISGds
	SOURCELONG:Inner Sea Gods
	SCHOOL:
	SUBSCHOOL:
	DESCRIPTOR:
	CLASSES:x,x=|x=
	DOMAINS:x,x=|x=
	CASTTIME:
	COMPS:
	RANGE:
	TARGETAREA:
	DURATION:
	ITEM:POTION
	SAVEINFO:
	SPELLRES:
	DESC:
Face of the Devourer
	SOURCEPAGE:p.
	SOURCESHORT:ISGds
	SOURCELONG:Inner Sea Gods
	SCHOOL:
	SUBSCHOOL:
	DESCRIPTOR:
	CLASSES:x,x=|x=
	DOMAINS:x,x=|x=
	CASTTIME:
	COMPS:
	RANGE:
	TARGETAREA:
	DURATION:
	ITEM:POTION
	SAVEINFO:
	SPELLRES:
	DESC:
Fairness
	SOURCEPAGE:p.
	SOURCESHORT:ISGds
	SOURCELONG:Inner Sea Gods
	SCHOOL:
	SUBSCHOOL:
	DESCRIPTOR:
	CLASSES:x,x=|x=
	DOMAINS:x,x=|x=
	CASTTIME:
	COMPS:
	RANGE:
	TARGETAREA:
	DURATION:
	ITEM:POTION
	SAVEINFO:
	SPELLRES:
	DESC:
Fallback Strategy
	SOURCEPAGE:p.
	SOURCESHORT:ISGds
	SOURCELONG:Inner Sea Gods
	SCHOOL:
	SUBSCHOOL:
	DESCRIPTOR:
	CLASSES:x,x=|x=
	DOMAINS:x,x=|x=
	CASTTIME:
	COMPS:
	RANGE:
	TARGETAREA:
	DURATION:
	ITEM:POTION
	SAVEINFO:
	SPELLRES:
	DESC:
False Alibi
	SOURCEPAGE:p.
	SOURCESHORT:ISGds
	SOURCELONG:Inner Sea Gods
	SCHOOL:
	SUBSCHOOL:
	DESCRIPTOR:
	CLASSES:x,x=|x=
	DOMAINS:x,x=|x=
	CASTTIME:
	COMPS:
	RANGE:
	TARGETAREA:
	DURATION:
	ITEM:POTION
	SAVEINFO:
	SPELLRES:
	DESC:
Firebelly
	SOURCEPAGE:p.
	SOURCESHORT:ISGds
	SOURCELONG:Inner Sea Gods
	SCHOOL:
	SUBSCHOOL:
	DESCRIPTOR:
	CLASSES:x,x=|x=
	DOMAINS:x,x=|x=
	CASTTIME:
	COMPS:
	RANGE:
	TARGETAREA:
	DURATION:
	ITEM:POTION
	SAVEINFO:
	SPELLRES:
	DESC:
Fractions of Heal and Harm
	SOURCEPAGE:p.
	SOURCESHORT:ISGds
	SOURCELONG:Inner Sea Gods
	SCHOOL:
	SUBSCHOOL:
	DESCRIPTOR:
	CLASSES:x,x=|x=
	DOMAINS:x,x=|x=
	CASTTIME:
	COMPS:
	RANGE:
	TARGETAREA:
	DURATION:
	ITEM:POTION
	SAVEINFO:
	SPELLRES:
	DESC:
Freedom's Toast
	SOURCEPAGE:p.
	SOURCESHORT:ISGds
	SOURCELONG:Inner Sea Gods
	SCHOOL:
	SUBSCHOOL:
	DESCRIPTOR:
	CLASSES:x,x=|x=
	DOMAINS:x,x=|x=
	CASTTIME:
	COMPS:
	RANGE:
	TARGETAREA:
	DURATION:
	ITEM:POTION
	SAVEINFO:
	SPELLRES:
	DESC:
Ghoul Hunger
	SOURCEPAGE:p.
	SOURCESHORT:ISGds
	SOURCELONG:Inner Sea Gods
	SCHOOL:
	SUBSCHOOL:
	DESCRIPTOR:
	CLASSES:x,x=|x=
	DOMAINS:x,x=|x=
	CASTTIME:
	COMPS:
	RANGE:
	TARGETAREA:
	DURATION:
	ITEM:POTION
	SAVEINFO:
	SPELLRES:
	DESC:
Gozreh's Trident
	SOURCEPAGE:p.
	SOURCESHORT:ISGds
	SOURCELONG:Inner Sea Gods
	SCHOOL:
	SUBSCHOOL:
	DESCRIPTOR:
	CLASSES:x,x=|x=
	DOMAINS:x,x=|x=
	CASTTIME:
	COMPS:
	RANGE:
	TARGETAREA:
	DURATION:
	ITEM:POTION
	SAVEINFO:
	SPELLRES:
	DESC:
Hairline Fractures
	SOURCEPAGE:p.
	SOURCESHORT:ISGds
	SOURCELONG:Inner Sea Gods
	SCHOOL:
	SUBSCHOOL:
	DESCRIPTOR:
	CLASSES:x,x=|x=
	DOMAINS:x,x=|x=
	CASTTIME:
	COMPS:
	RANGE:
	TARGETAREA:
	DURATION:
	ITEM:POTION
	SAVEINFO:
	SPELLRES:
	DESC:
Hammer of Mending
	SOURCEPAGE:p.
	SOURCESHORT:ISGds
	SOURCELONG:Inner Sea Gods
	SCHOOL:
	SUBSCHOOL:
	DESCRIPTOR:
	CLASSES:x,x=|x=
	DOMAINS:x,x=|x=
	CASTTIME:
	COMPS:
	RANGE:
	TARGETAREA:
	DURATION:
	ITEM:POTION
	SAVEINFO:
	SPELLRES:
	DESC:
Haze of Dreams
	SOURCEPAGE:p.
	SOURCESHORT:ISGds
	SOURCELONG:Inner Sea Gods
	SCHOOL:
	SUBSCHOOL:
	DESCRIPTOR:
	CLASSES:x,x=|x=
	DOMAINS:x,x=|x=
	CASTTIME:
	COMPS:
	RANGE:
	TARGETAREA:
	DURATION:
	ITEM:POTION
	SAVEINFO:
	SPELLRES:
	DESC:
Hunter's Blessing
	SOURCEPAGE:p.
	SOURCESHORT:ISGds
	SOURCELONG:Inner Sea Gods
	SCHOOL:
	SUBSCHOOL:
	DESCRIPTOR:
	CLASSES:x,x=|x=
	DOMAINS:x,x=|x=
	CASTTIME:
	COMPS:
	RANGE:
	TARGETAREA:
	DURATION:
	ITEM:POTION
	SAVEINFO:
	SPELLRES:
	DESC:
Ice Armor
	SOURCEPAGE:p.
	SOURCESHORT:ISGds
	SOURCELONG:Inner Sea Gods
	SCHOOL:
	SUBSCHOOL:
	DESCRIPTOR:
	CLASSES:x,x=|x=
	DOMAINS:x,x=|x=
	CASTTIME:
	COMPS:
	RANGE:
	TARGETAREA:
	DURATION:
	ITEM:POTION
	SAVEINFO:
	SPELLRES:
	DESC:
Inheritor's Smite
	SOURCEPAGE:p.
	SOURCESHORT:ISGds
	SOURCELONG:Inner Sea Gods
	SCHOOL:
	SUBSCHOOL:
	DESCRIPTOR:
	CLASSES:x,x=|x=
	DOMAINS:x,x=|x=
	CASTTIME:
	COMPS:
	RANGE:
	TARGETAREA:
	DURATION:
	ITEM:POTION
	SAVEINFO:
	SPELLRES:
	DESC:
Light Prison
	SOURCEPAGE:p.
	SOURCESHORT:ISGds
	SOURCELONG:Inner Sea Gods
	SCHOOL:
	SUBSCHOOL:
	DESCRIPTOR:
	CLASSES:x,x=|x=
	DOMAINS:x,x=|x=
	CASTTIME:
	COMPS:
	RANGE:
	TARGETAREA:
	DURATION:
	ITEM:POTION
	SAVEINFO:
	SPELLRES:
	DESC:
Lighten Object
	SOURCEPAGE:p.
	SOURCESHORT:ISGds
	SOURCELONG:Inner Sea Gods
	SCHOOL:
	SUBSCHOOL:
	DESCRIPTOR:
	CLASSES:x,x=|x=
	DOMAINS:x,x=|x=
	CASTTIME:
	COMPS:
	RANGE:
	TARGETAREA:
	DURATION:
	ITEM:POTION
	SAVEINFO:
	SPELLRES:
	DESC:
Lighten Object (Mass)
	SOURCEPAGE:p.
	SOURCESHORT:ISGds
	SOURCELONG:Inner Sea Gods
	SCHOOL:
	SUBSCHOOL:
	DESCRIPTOR:
	CLASSES:x,x=|x=
	DOMAINS:x,x=|x=
	CASTTIME:
	COMPS:
	RANGE:
	TARGETAREA:
	DURATION:
	ITEM:POTION
	SAVEINFO:
	SPELLRES:
	DESC:
Lose the Trail
	SOURCEPAGE:p.
	SOURCESHORT:ISGds
	SOURCELONG:Inner Sea Gods
	SCHOOL:
	SUBSCHOOL:
	DESCRIPTOR:
	CLASSES:x,x=|x=
	DOMAINS:x,x=|x=
	CASTTIME:
	COMPS:
	RANGE:
	TARGETAREA:
	DURATION:
	ITEM:POTION
	SAVEINFO:
	SPELLRES:
	DESC:
Maddening Oubliette
	SOURCEPAGE:p.
	SOURCESHORT:ISGds
	SOURCELONG:Inner Sea Gods
	SCHOOL:
	SUBSCHOOL:
	DESCRIPTOR:
	CLASSES:x,x=|x=
	DOMAINS:x,x=|x=
	CASTTIME:
	COMPS:
	RANGE:
	TARGETAREA:
	DURATION:
	ITEM:POTION
	SAVEINFO:
	SPELLRES:
	DESC:
Monstrous Extremities
	SOURCEPAGE:p.
	SOURCESHORT:ISGds
	SOURCELONG:Inner Sea Gods
	SCHOOL:
	SUBSCHOOL:
	DESCRIPTOR:
	CLASSES:x,x=|x=
	DOMAINS:x,x=|x=
	CASTTIME:
	COMPS:
	RANGE:
	TARGETAREA:
	DURATION:
	ITEM:POTION
	SAVEINFO:
	SPELLRES:
	DESC:
Night of Blades
	SOURCEPAGE:p.
	SOURCESHORT:ISGds
	SOURCELONG:Inner Sea Gods
	SCHOOL:
	SUBSCHOOL:
	DESCRIPTOR:
	CLASSES:x,x=|x=
	DOMAINS:x,x=|x=
	CASTTIME:
	COMPS:
	RANGE:
	TARGETAREA:
	DURATION:
	ITEM:POTION
	SAVEINFO:
	SPELLRES:
	DESC:
Pick Your Poison
	SOURCEPAGE:p.
	SOURCESHORT:ISGds
	SOURCELONG:Inner Sea Gods
	SCHOOL:
	SUBSCHOOL:
	DESCRIPTOR:
	CLASSES:x,x=|x=
	DOMAINS:x,x=|x=
	CASTTIME:
	COMPS:
	RANGE:
	TARGETAREA:
	DURATION:
	ITEM:POTION
	SAVEINFO:
	SPELLRES:
	DESC:
Plague Bearer
	SOURCEPAGE:p.
	SOURCESHORT:ISGds
	SOURCELONG:Inner Sea Gods
	SCHOOL:
	SUBSCHOOL:
	DESCRIPTOR:
	CLASSES:x,x=|x=
	DOMAINS:x,x=|x=
	CASTTIME:
	COMPS:
	RANGE:
	TARGETAREA:
	DURATION:
	ITEM:POTION
	SAVEINFO:
	SPELLRES:
	DESC:
Poisoned Egg
	SOURCEPAGE:p.
	SOURCESHORT:ISGds
	SOURCELONG:Inner Sea Gods
	SCHOOL:
	SUBSCHOOL:
	DESCRIPTOR:
	CLASSES:x,x=|x=
	DOMAINS:x,x=|x=
	CASTTIME:
	COMPS:
	RANGE:
	TARGETAREA:
	DURATION:
	ITEM:POTION
	SAVEINFO:
	SPELLRES:
	DESC:
Read Weather
	SOURCEPAGE:p.
	SOURCESHORT:ISGds
	SOURCELONG:Inner Sea Gods
	SCHOOL:
	SUBSCHOOL:
	DESCRIPTOR:
	CLASSES:x,x=|x=
	DOMAINS:x,x=|x=
	CASTTIME:
	COMPS:
	RANGE:
	TARGETAREA:
	DURATION:
	ITEM:POTION
	SAVEINFO:
	SPELLRES:
	DESC:
Replenish Ki
	SOURCEPAGE:p.
	SOURCESHORT:ISGds
	SOURCELONG:Inner Sea Gods
	SCHOOL:
	SUBSCHOOL:
	DESCRIPTOR:
	CLASSES:x,x=|x=
	DOMAINS:x,x=|x=
	CASTTIME:
	COMPS:
	RANGE:
	TARGETAREA:
	DURATION:
	ITEM:POTION
	SAVEINFO:
	SPELLRES:
	DESC:
Rovagug's Fury
	SOURCEPAGE:p.
	SOURCESHORT:ISGds
	SOURCELONG:Inner Sea Gods
	SCHOOL:
	SUBSCHOOL:
	DESCRIPTOR:
	CLASSES:x,x=|x=
	DOMAINS:x,x=|x=
	CASTTIME:
	COMPS:
	RANGE:
	TARGETAREA:
	DURATION:
	ITEM:POTION
	SAVEINFO:
	SPELLRES:
	DESC:
Sadomasochism
	SOURCEPAGE:p.
	SOURCESHORT:ISGds
	SOURCELONG:Inner Sea Gods
	SCHOOL:
	SUBSCHOOL:
	DESCRIPTOR:
	CLASSES:x,x=|x=
	DOMAINS:x,x=|x=
	CASTTIME:
	COMPS:
	RANGE:
	TARGETAREA:
	DURATION:
	ITEM:POTION
	SAVEINFO:
	SPELLRES:
	DESC:
Secret Speech
	SOURCEPAGE:p.
	SOURCESHORT:ISGds
	SOURCELONG:Inner Sea Gods
	SCHOOL:
	SUBSCHOOL:
	DESCRIPTOR:
	CLASSES:x,x=|x=
	DOMAINS:x,x=|x=
	CASTTIME:
	COMPS:
	RANGE:
	TARGETAREA:
	DURATION:
	ITEM:POTION
	SAVEINFO:
	SPELLRES:
	DESC:
Seducer's Eyes
	SOURCEPAGE:p.
	SOURCESHORT:ISGds
	SOURCELONG:Inner Sea Gods
	SCHOOL:
	SUBSCHOOL:
	DESCRIPTOR:
	CLASSES:x,x=|x=
	DOMAINS:x,x=|x=
	CASTTIME:
	COMPS:
	RANGE:
	TARGETAREA:
	DURATION:
	ITEM:POTION
	SAVEINFO:
	SPELLRES:
	DESC:
Shared Sacrifice
	SOURCEPAGE:p.
	SOURCESHORT:ISGds
	SOURCELONG:Inner Sea Gods
	SCHOOL:
	SUBSCHOOL:
	DESCRIPTOR:
	CLASSES:x,x=|x=
	DOMAINS:x,x=|x=
	CASTTIME:
	COMPS:
	RANGE:
	TARGETAREA:
	DURATION:
	ITEM:POTION
	SAVEINFO:
	SPELLRES:
	DESC:
Shield of the Dawnflower (Greater)
	SOURCEPAGE:p.
	SOURCESHORT:ISGds
	SOURCELONG:Inner Sea Gods
	SCHOOL:
	SUBSCHOOL:
	DESCRIPTOR:
	CLASSES:x,x=|x=
	DOMAINS:x,x=|x=
	CASTTIME:
	COMPS:
	RANGE:
	TARGETAREA:
	DURATION:
	ITEM:POTION
	SAVEINFO:
	SPELLRES:
	DESC:
Sky Swim
	SOURCEPAGE:p.
	SOURCESHORT:ISGds
	SOURCELONG:Inner Sea Gods
	SCHOOL:
	SUBSCHOOL:
	DESCRIPTOR:
	CLASSES:x,x=|x=
	DOMAINS:x,x=|x=
	CASTTIME:
	COMPS:
	RANGE:
	TARGETAREA:
	DURATION:
	ITEM:POTION
	SAVEINFO:
	SPELLRES:
	DESC:
Smite Abomination
	SOURCEPAGE:p.
	SOURCESHORT:ISGds
	SOURCELONG:Inner Sea Gods
	SCHOOL:
	SUBSCHOOL:
	DESCRIPTOR:
	CLASSES:x,x=|x=
	DOMAINS:x,x=|x=
	CASTTIME:
	COMPS:
	RANGE:
	TARGETAREA:
	DURATION:
	ITEM:POTION
	SAVEINFO:
	SPELLRES:
	DESC:
Spawn Calling
	SOURCEPAGE:p.
	SOURCESHORT:ISGds
	SOURCELONG:Inner Sea Gods
	SCHOOL:
	SUBSCHOOL:
	DESCRIPTOR:
	CLASSES:x,x=|x=
	DOMAINS:x,x=|x=
	CASTTIME:
	COMPS:
	RANGE:
	TARGETAREA:
	DURATION:
	ITEM:POTION
	SAVEINFO:
	SPELLRES:
	DESC:
Spell Gauge
	SOURCEPAGE:p.
	SOURCESHORT:ISGds
	SOURCELONG:Inner Sea Gods
	SCHOOL:
	SUBSCHOOL:
	DESCRIPTOR:
	CLASSES:x,x=|x=
	DOMAINS:x,x=|x=
	CASTTIME:
	COMPS:
	RANGE:
	TARGETAREA:
	DURATION:
	ITEM:POTION
	SAVEINFO:
	SPELLRES:
	DESC:
Spell scourge
	SOURCEPAGE:p.
	SOURCESHORT:ISGds
	SOURCELONG:Inner Sea Gods
	SCHOOL:
	SUBSCHOOL:
	DESCRIPTOR:
	CLASSES:x,x=|x=
	DOMAINS:x,x=|x=
	CASTTIME:
	COMPS:
	RANGE:
	TARGETAREA:
	DURATION:
	ITEM:POTION
	SAVEINFO:
	SPELLRES:
	DESC:
Symbol of Debauchery
	SOURCEPAGE:p.
	SOURCESHORT:ISGds
	SOURCELONG:Inner Sea Gods
	SCHOOL:
	SUBSCHOOL:
	DESCRIPTOR:
	CLASSES:x,x=|x=
	DOMAINS:x,x=|x=
	CASTTIME:
	COMPS:
	RANGE:
	TARGETAREA:
	DURATION:
	ITEM:POTION
	SAVEINFO:
	SPELLRES:
	DESC:
Symbol of Dispelling
	SOURCEPAGE:p.
	SOURCESHORT:ISGds
	SOURCELONG:Inner Sea Gods
	SCHOOL:
	SUBSCHOOL:
	DESCRIPTOR:
	CLASSES:x,x=|x=
	DOMAINS:x,x=|x=
	CASTTIME:
	COMPS:
	RANGE:
	TARGETAREA:
	DURATION:
	ITEM:POTION
	SAVEINFO:
	SPELLRES:
	DESC:
Trap Inner Beauty
	SOURCEPAGE:p.
	SOURCESHORT:ISGds
	SOURCELONG:Inner Sea Gods
	SCHOOL:
	SUBSCHOOL:
	DESCRIPTOR:
	CLASSES:x,x=|x=
	DOMAINS:x,x=|x=
	CASTTIME:
	COMPS:
	RANGE:
	TARGETAREA:
	DURATION:
	ITEM:POTION
	SAVEINFO:
	SPELLRES:
	DESC:
Touch of Bloodletting
	SOURCEPAGE:p.
	SOURCESHORT:ISGds
	SOURCELONG:Inner Sea Gods
	SCHOOL:
	SUBSCHOOL:
	DESCRIPTOR:
	CLASSES:x,x=|x=
	DOMAINS:x,x=|x=
	CASTTIME:
	COMPS:
	RANGE:
	TARGETAREA:
	DURATION:
	ITEM:POTION
	SAVEINFO:
	SPELLRES:
	DESC:
Tracking Mark
	SOURCEPAGE:p.
	SOURCESHORT:ISGds
	SOURCELONG:Inner Sea Gods
	SCHOOL:
	SUBSCHOOL:
	DESCRIPTOR:
	CLASSES:x,x=|x=
	DOMAINS:x,x=|x=
	CASTTIME:
	COMPS:
	RANGE:
	TARGETAREA:
	DURATION:
	ITEM:POTION
	SAVEINFO:
	SPELLRES:
	DESC:
Transplant Visage
	SOURCEPAGE:p.
	SOURCESHORT:ISGds
	SOURCELONG:Inner Sea Gods
	SCHOOL:
	SUBSCHOOL:
	DESCRIPTOR:
	CLASSES:x,x=|x=
	DOMAINS:x,x=|x=
	CASTTIME:
	COMPS:
	RANGE:
	TARGETAREA:
	DURATION:
	ITEM:POTION
	SAVEINFO:
	SPELLRES:
	DESC:
Unwelcome Halo
	SOURCEPAGE:p.
	SOURCESHORT:ISGds
	SOURCELONG:Inner Sea Gods
	SCHOOL:
	SUBSCHOOL:
	DESCRIPTOR:
	CLASSES:x,x=|x=
	DOMAINS:x,x=|x=
	CASTTIME:
	COMPS:
	RANGE:
	TARGETAREA:
	DURATION:
	ITEM:POTION
	SAVEINFO:
	SPELLRES:
	DESC:
Vengeful Stinger
	SOURCEPAGE:p.
	SOURCESHORT:ISGds
	SOURCELONG:Inner Sea Gods
	SCHOOL:
	SUBSCHOOL:
	DESCRIPTOR:
	CLASSES:x,x=|x=
	DOMAINS:x,x=|x=
	CASTTIME:
	COMPS:
	RANGE:
	TARGETAREA:
	DURATION:
	ITEM:POTION
	SAVEINFO:
	SPELLRES:
	DESC:
Vexing Miscalculation
	SOURCEPAGE:p.
	SOURCESHORT:ISGds
	SOURCELONG:Inner Sea Gods
	SCHOOL:
	SUBSCHOOL:
	DESCRIPTOR:
	CLASSES:x,x=|x=
	DOMAINS:x,x=|x=
	CASTTIME:
	COMPS:
	RANGE:
	TARGETAREA:
	DURATION:
	ITEM:POTION
	SAVEINFO:
	SPELLRES:
	DESC:
Weapons Against Evil
	SOURCEPAGE:p.
	SOURCESHORT:ISGds
	SOURCELONG:Inner Sea Gods
	SCHOOL:
	SUBSCHOOL:
	DESCRIPTOR:
	CLASSES:x,x=|x=
	DOMAINS:x,x=|x=
	CASTTIME:
	COMPS:
	RANGE:
	TARGETAREA:
	DURATION:
	ITEM:POTION
	SAVEINFO:
	SPELLRES:
	DESC:
