# CVS $Revision: $ $Author: $ -- Mon Jul 15 23:34:13 2013 -- reformated by prettylst.pl v1.50 (build 20400)
SOURCELONG:Goblins of Golarion	SOURCESHORT:GblnoG	SOURCEWEB:http://paizo.com/products/btpy8mfk?Pathfinder-Player-Companion-Goblins-of-Golarion	SOURCEDATE:2011-07
#ORIGINAL ENTRY: Eric C. Smith (maredudd AT blackroot DOT org)
#ORIGINAL ENTRY DATE: 2013/07/14

###Block: Favored Class Bonuses
# Ability Name	Category of Ability		Type				Visible		Stackable?	Multiple?	Choose														Bonus to HP			Bonus to skill rank
# Goblin Alchemist
Bonus Fire Resistance
CATEGORY:Special Ability
TYPE:FavoredClassBonus.FavoredClassAlchemist
PRERACE:1,Goblin%
PRECLASS:1,Alchemist=1
VISIBLE:DISPLAY
STACK:YES
MULT:YES
CHOOSE:NOCHOICE
DESC:+1 fire resistance.
SOURCEPAGE:pg.31
# Goblin Bard
Bonus Performance Round
CATEGORY:Special Ability
TYPE:FavoredClassBonus.FavoredClassBard
PRERACE:1,Goblin%
PRECLASS:1,Bard=1
PREABILITY:1,CATEGORY=Special Ability,Bardic Performance
VISIBLE:DISPLAY
STACK:YES
MULT:YES
CHOOSE:NOCHOICE
DESC:Add 1 to the goblin's number of bardic performance rounds per day.
SOURCEPAGE:pg.31

Cavalier: Add +2 hit points to the cavalier’s mount
companion. If the goblin ever replaces his mount, the
new mount gains these bonus hit points.

Druid: Add +2 hit points to the druid’s animal
companion. If the goblin ever replaces her animal
companion, the new animal companion gains these
bonus hit points.

Gunslinger: Add +1 to critical hit confirmation rolls
made with firearms.

Oracle: Add +1 on concentration checks made when
casting spells with the fire descriptor.

Ranger: Gain a +1 bonus to damage inflicted on dogs
(and dog-like creatures), horses (and horse-like creatures)
and on creature types the same as your highest favored
enemy bonus.

Rogue: Add +1 skill rank—this skill rank must be spent
on Ride or Stealth.

Sorcerer: Add one spell known from the sorcerer spell
list. This spell must be at least one level below the highest
spell level the sorcerer can cast, and must have the fire
descriptor.

Witch: Add 1 skill rank to the witch’s familiar. If the
goblin ever replaces her familiar, the new familiar gains
these bonus skill ranks.