# CVS $Revision: $ $Author: $ -- Wed Aug 10 23:25:54 2011 -- reformated by prettylst.pl v1.39 (build 15052)
SOURCELONG:Book of Drakes	SOURCESHORT:BoD	SOURCEWEB:http://www.koboldquarterly.com/k/front-page9778.php	SOURCEDATE:2011-06
# Original Entry by: Eric C. Smith


####Block: Drake Weapons
# Equipment Name	Required Weapon Proficiency	Type										Cost		Weight	Critical Hit Multiplier	Critical Hit Range	Damage	Modifier	Wield Category	Size		Source Page		Weapon prof. bonus
Claw Caps		PROFICIENCY:WEAPON|Claw Caps	TYPE:Weapon.Light.Melee.Standard.Drake.Bludgeoning.Slashing	COST:2	WT:0.25	CRITMULT:x2			CRITRANGE:1			DAMAGE:1d3	EQMOD:STEEL	WIELD:Light		SIZE:M	SOURCEPAGE:27	BONUS:WEAPONPROF=Claw|DAMAGESIZE|1
Tail Razor		PROFICIENCY:WEAPON|Tail Razor	TYPE:Weapon.Light.Melee.Standard.Drake.Slashing
Tail Spike		PROFICIENCY:WEAPON|Tail Spike	TYPE:Weapon.Light.Melee.Standard.Drake.Piercing
Wing Blade		PROFICIENCY:WEAPON|Wing Blade	TYPE:Weapon.Light.Melee.Standard.Drake.Slashing

###Block: Drake Barding
#------Light---------
# Equipment Name				Required Armor Proficiency		Type									Cost		Weight	AC Penalty Check	Modifier		Maximum DEX Bonus	Source Page		% of Spell Failure	Combat bonus
Drake Barding (Padded)			PROFICIENCY:ARMOR|Barding (Light)	TYPE:Armor.Light.Standard.Nonmetal.Barding.Mount	COST:30	WT:10		ACCHECK:0		EQMOD:CLOTH		MAXDEX:8		SOURCEPAGE:p.27	SPELLFAILURE:5		BONUS:COMBAT|AC|1|TYPE=Armor
Drake Barding (Leather)			PROFICIENCY:ARMOR|Barding (Light)	TYPE:Armor.Light.Standard.Nonmetal.Barding.Mount	COST:60	WT:15		ACCHECK:0		EQMOD:LEATHER	MAXDEX:6		SOURCEPAGE:p.27	SPELLFAILURE:10		BONUS:COMBAT|AC|2|TYPE=Armor
Drake Barding (Studded Leather)	PROFICIENCY:ARMOR|Barding (Light)	TYPE:Armor.Light.Standard.Barding.Mount			COST:150	WT:20		ACCHECK:-1		EQMOD:STEEL		MAXDEX:5		SOURCEPAGE:p.27	SPELLFAILURE:15		BONUS:COMBAT|AC|3|TYPE=Armor
Drake Barding (Chain Shirt)		PROFICIENCY:ARMOR|Barding (Light)	TYPE:Armor.Light.Standard.Barding.Mount			COST:600	WT:25		ACCHECK:-2		EQMOD:STEEL		MAXDEX:4		SOURCEPAGE:p.27	SPELLFAILURE:20		BONUS:COMBAT|AC|4|TYPE=Armor
#------Medium--------
Drake Barding (Hide)			PROFICIENCY:ARMOR|Barding (Medium)	TYPE:Armor.Medium.Standard.Nonmetal.Barding.Mount	COST:90	WT:25		ACCHECK:-3					MAXDEX:4		SOURCEPAGE:p.27	SPELLFAILURE:20		BONUS:COMBAT|AC|4|TYPE=Armor
Drake Barding (Scale Mail)		PROFICIENCY:ARMOR|Barding (Medium)	TYPE:Armor.Medium.Standard.Barding.Mount			COST:300	WT:30		ACCHECK:-4		EQMOD:STEEL		MAXDEX:3		SOURCEPAGE:p.27	SPELLFAILURE:25		BONUS:COMBAT|AC|5|TYPE=Armor
Drake Barding (Chainmail)		PROFICIENCY:ARMOR|Barding (Medium)	TYPE:Armor.Medium.Standard.Barding.Mount			COST:900	WT:40		ACCHECK:-5		EQMOD:STEEL		MAXDEX:2		SOURCEPAGE:p.27	SPELLFAILURE:30		BONUS:COMBAT|AC|6|TYPE=Armor
Drake Barding (Breastplate)		PROFICIENCY:ARMOR|Barding (Medium)	TYPE:Armor.Medium.Standard.Barding.Mount			COST:1200	WT:30		ACCHECK:-4		EQMOD:STEEL		MAXDEX:3		SOURCEPAGE:p.27	SPELLFAILURE:25		BONUS:COMBAT|AC|6|TYPE=Armor
#------Heavy---------
Drake Barding (Splint Mail)		PROFICIENCY:ARMOR|Barding (Heavy)	TYPE:Armor.Heavy.Standard.Barding.Mount			COST:1200	WT:45		ACCHECK:-7		EQMOD:STEEL		MAXDEX:0		SOURCEPAGE:p.27	SPELLFAILURE:40		BONUS:COMBAT|AC|7|TYPE=Armor
Drake Barding (Banded Mail)		PROFICIENCY:ARMOR|Barding (Heavy)	TYPE:Armor.Heavy.Standard.Barding.Mount			COST:1500	WT:35		ACCHECK:-6		EQMOD:STEEL		MAXDEX:1		SOURCEPAGE:p.27	SPELLFAILURE:35		BONUS:COMBAT|AC|7|TYPE=Armor
Drake Barding (Half-Plate)		PROFICIENCY:ARMOR|Barding (Heavy)	TYPE:Armor.Heavy.Standard.Barding.Mount			COST:3600	WT:50		ACCHECK:-7		EQMOD:STEEL		MAXDEX:0		SOURCEPAGE:p.27	SPELLFAILURE:40		BONUS:COMBAT|AC|8|TYPE=Armor
Drake Barding (Full Plate)		PROFICIENCY:ARMOR|Barding (Heavy)	TYPE:Armor.Heavy.Standard.Barding.Mount			COST:9000	WT:50		ACCHECK:-6		EQMOD:STEEL		MAXDEX:1		SOURCEPAGE:p.27	SPELLFAILURE:35		BONUS:COMBAT|AC|9|TYPE=Armor


###Block: Adventuring Gear
# Equipment Name		Type				Cost		Weight	Source Page
Companion's Howdah	TYPE:Goods.General	COST:5	WT:3		SOURCEPAGE:pg.27
Wing Binds			TYPE:Goods.General	COST:25	WT:4		SOURCEPAGE:pg.27
