#
SOURCELONG:Andoran Spirit of Liberty	SOURCESHORT:ASoL	SOURCEWEB:http://paizo.com/products/btpy8qif?Pathfinder-Companion-Andoran-Spirit-of-Liberty	SOURCEDATE:2009-11
# Original Entry by: Ben Mullen

###Block: Steel Falcon

# Class Name		Hit Dice	Type			Abbreviation	Max Level	Source Page		Save checks bonus												Combat bonus
CLASS:Steel Falcon	HD:10		TYPE:PC.Prestige	ABB:SF		MAXLEVEL:5	SOURCEPAGE:p.22	BONUS:CHECKS|BASE.Fortitude|(CL+1)/2	BONUS:CHECKS|BASE.Reflex,BASE.Will|(CL+1)/3	BONUS:COMBAT|BAB|CL
# Class Name		Restricted AL		Required Skill
CLASS:Steel Falcon	PREALIGN:LG,NG,CG	PRESKILL:4,Diplomacy=5,Knowledge (History)=2,Knowledge (Local)=2,Sense Motive=5		PREFEAT:1,Iron Will
# Class Name		Skill Pts/Lvl	Class Skill
CLASS:Steel Falcon	STARTSKILLPTS:4	CSKILL:Bluff|Diplomacy|Intimidate|Knowledge (History)|Knowledge (Local)|Knowledge (Nobility)|Linguistics|Perception|Sense Motive|Stealth|Survival|Swim
###Block:Proficiencies
#none

###Block: Normal Level Progression
1	BONUS:VAR|EnemyofSlaversBonus|2		ABILITY:Special Ability|AUTOMATIC|Heart of Freedom ~ Steel Falcon|Enemy of Slavers ~ Steel Falcon|Sailor and Survivalist ~ Steel Falcon
2										ABILITY:Special Ability|AUTOMATIC|Heroic Speech ~ Steel Falcon|Luck of the Eagle ~ Steel Falcon|Superior Aid ~ Steel Falcon	
#3
#4
5	BONUS:VAR:EnemyofSlaversBonus|4

#
# End
#
