
Elfin Racial Trait Default	CATEGORY:Internal


# Legend of High Fantasy
Racial Skills ~ Xin																																		CATEGORY:Internal																																																																																																																																																																																																																																						BONUS:SKILL|Cooking (Xin),Diplomacy,Listen|2|TYPE=Racial
CATEGORY=Internal|Racial Skills ~ Xin.MOD																																																																																																																																																																																																																																																																							BONUS:SKILL|Persuasion,Perception|2|TYPE=Racial
CATEGORY=Internal|Elfin Racial Trait Default.MOD	ABILITY:Elfin Racial Trait|AUTOMATIC|Elfin Racial Modifiers
CATEGORY=Internal|Elfin Racial Trait Default.MOD	ABILITY:Elfin Racial Trait|AUTOMATIC|Elfin Skill Bonus
CATEGORY=Internal|Elfin Racial Trait Default.MOD	ABILITY:Elfin Racial Trait|AUTOMATIC|Immunity to Sleep and Charm Spells
CATEGORY=Internal|Elfin Racial Trait Default.MOD	ABILITY:Elfin Racial Trait|AUTOMATIC|Invigorating Retreat
CATEGORY=Internal|Elfin Racial Trait Default.MOD	ABILITY:Elfin Racial Trait|AUTOMATIC|Ethnos Feat ~ Elfin


#General Elfin Racial Modifiers
#+2 Dexterity, -2 Constitution
#+2 Racial bonus to Listen and Spot
#Immunity to Sleep and Charm spells
#Invigorating Retreat (as above)
#One bonus feat from their ethnos feat list.

###Block: General Elfin Racial Modifiers
Elfin Racial Modifiers			CATEGORY:Special Ability	SOURCEPAGE:p.8	TYPE:ElfinRacialTrait.SpecialQuality	BONUS:VAR|RacialStatDEX|2	BONUS:VAR|RacialStatCON|-2
Elfin Skill Bonus				CATEGORY:Special Ability	SOURCEPAGE:p.8	TYPE:ElfinRacialTrait.SpecialQuality	BONUS:SKILL|Listen,Spot|2|TYPE=Racial
Immunity to Sleep and Charm Spells	CATEGORY:Special Ability	SOURCEPAGE:p.8	TYPE:ElfinRacialTrait.SpecialQuality
Invigorating Retreat			CATEGORY:Special Ability	SOURCEPAGE:p.8	TYPE:ElfinRacialTrait.SpecialQuality
Ethnos Feat ~ Elfin			CATEGORY:Special Ability	SOURCEPAGE:p.8	TYPE:ElfinRacialTrait.SpecialQuality	BONUS:ABILITYPOOL|Elfin Ethnos Feat|1

###Block: Elf (Sullari)


Skill Focus ~ Knowledge	CATEGORY:Special Ability	CHOOSE:SKILL|TYPE=Knowledge	MULT:YES	AUTO:FEAT|Skill Focus (%LIST)



