# CVS $Revision: 2$ $Author: Axxroy$ -- Thr Mar 2 15:37 2017 -- reformated by PCGen PrettyLST v6.06.00
SOURCELONG:Beyond the Void	SOURCESHORT:BTV		SOURCEWEB:http://www.makeyourgamelegendary.com/	SOURCEDATE:2013

# Class Feature Blank
#	KEY:xxx ~
#	CATEGORY:Special Ability
#	TYPE:xxx Class Feature.SpecialQuality
#	SOURCEPAGE:p.
#	DESC:

# Race or Racial Trait Blank
#	KEY:xxx ~
#	CATEGORY:Special Ability
#	TYPE:xxx Race Trait.Race Trait.SpecialQuality
#	SOURCEPAGE:p.
#	DESC:

###Block: Archetypes
#Alienist			KEY:Summoner Archetype ~ Alienist		CATEGORY:Archetype	TYPE:Archetype.SummonerArchetype.SummonerShieldAlly.SummonerGreaterShieldAlly.SummonerLifeBond		PRECLASS:1,Summoner=1	PREMULT:1,[PREABILITY:1,CATEGORY=Archetype,Summoner Archetype ~ Alienist],[!PREABILITY:1,CATEGORY=Archetype,TYPE.SummonerEidolon,TYPE.SummonerShieldAlly,TYPE.SummonerGreaterShieldAlly,TYPE.SummonerLifeBond]	DESC:Where other summoners tap into the boundless power of the planes to draw forth their minions and to form their eidolon, an alienist stretches forth his power through impossible angles into the endless reaches of space and the far, twisted corners of reality.		ABILITY:Special Ability|AUTOMATIC|Alienist ~ Eidolon	ABILITY:Special Ability|AUTOMATIC|Alienist ~ Life Link	ABILITY:FEAT|VIRTUAL|Summon Star-Spawn	ABILITY:Special Ability|AUTOMATIC|Alienist ~ Eldritch Lore|PRECLASS:1,Summoner=4	ABILITY:Special Ability|Alienist ~ Alien Explorer|PRECLASS:1,Summoner=12	ABILITY:Special Ability|Alienist ~ Terrible Witness|PRECLASS:1,Summoner=14	ABILITY:Special Ability|Alienist ~ Star Gate|PRECLASS:1,Summoner=19	SOURCEPAGE:p.5	ASPECT:Archetype Base Class|Summoner
#Bathynaut
#Iridic Mage

###Block: Alienist
# Ability Name					Unique Key					Category of Ability		Type										Required Ability							Required Class		Multiple Requirements															Var. Min. Value			Define			Description																																																																																																																																															Stackable?	Multiple?	Choose		Bonus Ability Pool				Modify VAR										Allow Follower		Allowed Companions			Cost		Source Page
#Eidolon							KEY:Alienist ~ Eidolon		CATEGORY:Special Ability	TYPE:SummonerClassFeatures.SpecialQuality.Eidolon	DESC:An Alienist's Eidolon is an outsider with the mythos subtype, and it always takes the form of an alien creature. The eidolon may be built using aboleth or thing from beyond eidolon models, or its design may be unique, but its appearance is alway unnatural, and it must have at least 1 tentacle evolution.	SOURCEPAGE:p.5

###Block: Bathynaut

###Block: Iridic Mage
