# CVS $Revision: $ $Author: $ -- Sat Oct  7 13:22:36 2006 -- reformated by prettylst.pl v1.35 (build 565)
# CVS
SOURCELONG:Fantasy Flight Games - Path of Faith	SOURCESHORT:Faith	SOURCEWEB:http://www.fantasyflightgames.com/dd36.html
# Original Entry by: Ratheof Blithwyn


#
# Prestige classes
#

# Class Name		Hit Dice	Type			Abbreviation	Max Level	Source Page		Save checks bonus											Combat bonus
CLASS:Child of the Wood	HD:8		TYPE:PC.Prestige	ABB:Cow		MAXLEVEL:10	SOURCEPAGE:p.5	BONUS:SAVE|BASE.Fortitude,BASE.Will|CL/2+2	BONUS:SAVE|BASE.Reflex|CL/3	BONUS:COMBAT|BASEAB|CL*3/4|TYPE=Base.REPLACE
# Class Name		Required AL			Required Feat			Required Race					Req. Special Ability	Required Skill														Required Stat	Required Text
CLASS:Child of the Wood	PREALIGN:LN,NG,TN,NE,CN	PREABILITY:2,CATEGORY=FEAT,Alertness,Track	PRERACE:1,Human,Elf,Half-Elf,Halfling,Gnome	PRESA:1,Wildshape		PRESKILL:1,Animal Empathy=4	PRESKILL:1,Knowledge (Nature)=8	PRESKILL:1,Wilderness Lore=6	PRESTAT:1,CHA=14	PRETEXT:A character must have befriended a dryad and be given the title of friend of the forest.
# Class Name		Skill Pts/Lvl	Class Skill
CLASS:Child of the Wood	STARTSKILLPTS:4	CSKILL:Animal Empathy|Concentration|Climb|Handle Animal|Heal|Hide|Intuit Direction|Knowledge (Nature)|Listen|Swim|Spellcraft|Spot|Wilderness Lore
1	ADD:SPELLCASTER(Divine)	SA:Claws	SA:Fey Beauty														AUTO:WEAPONPROF|Quarterstaff|Club|Sling|Whip|Net
2	ADD:SPELLCASTER(Divine)	SA:Lifespeak
3	ADD:SPELLCASTER(Divine)	SA:Wildshape (plant)	SA:Spring's Touch	SPELLS:Innate|TIMES=1|Plant Growth
4	ADD:SPELLCASTER(Divine)	SA:Control Plants					SPELLS:Innate|TIMES=1|Control Plants
5	ADD:SPELLCASTER(Divine)	SA:Path of Roots
6	ADD:SPELLCASTER(Divine)	SA:Improved Claws	SA:Spirit Guide
7	ADD:SPELLCASTER(Divine)	SA:Oakskin
8	ADD:SPELLCASTER(Divine)	SA:Blood of Life
9	ADD:SPELLCASTER(Divine)	SA:Tree Meld
10	ADD:SPELLCASTER(Divine)	SA:Force of Nature	SA:Fey Perfection								TEMPLATE:Fey Perfection
# add CHA18 at level 10,

# Class Name			Hit Dice	Type			Abbreviation	Max Level	Source Page		Save checks bonus											Combat bonus
CLASS:Daughter of Storms	HD:8		TYPE:PC.Prestige	ABB:Dos		MAXLEVEL:10	SOURCEPAGE:p.10	BONUS:SAVE|BASE.Fortitude,BASE.Will|CL/2+2	BONUS:SAVE|BASE.Reflex|CL/3	BONUS:COMBAT|BASEAB|CL*3/4|TYPE=Base.REPLACE
# Class Name			Required Feat			Required Gender	Required Skill												Req. Spell Type		Required Text
CLASS:Daughter of Storms	PREABILITY:1,CATEGORY=FEAT,Great Fortitude	PREGENDER:F		PRESKILL:2,Intuit Direction,Knowledge (Nature)=5	PRESKILL:1,Wilderness Lore=10	PRESPELLTYPE:Divine,1,4	PRETEXT:As an act of faith, the prospective daughter of storms must be struck with a bolt of lightning and survive.
# Class Name			Skill Pts/Lvl	Class Skill
CLASS:Daughter of Storms	STARTSKILLPTS:4	CSKILL:Animal Empathy|Concentration|TYPE.Craft|Diplomacy|Handle Animal|Heal|Intuit Direction|Knowledge (Nature)|TYPE.Profession|Scry|Spellcraft|Swim|Wilderness Lore
1	ADD:SPELLCASTER(Divine)				SA:Trial by Storm		BONUS:SAVE|Fortitude|1|TYPE=Sacred												AUTO:WEAPONPROF|Club|Dagger|Dart|Halfspear|Longspear|Quarterstaff|Scimitar|Sickle|Shortspear|Sling
2	ADD:SPELLCASTER(Divine)				SA:Child of the Wild								BONUS:SKILL|Intuit Direction,Wilderness Lore|2|TYPE=Circumstance
3	ADD:SPELLCASTER(Divine)				SA:Embracing the Storm
4	ADD:SPELLCASTER(Divine)				SA:Wrath of Storms
5	ADD:SPELLCASTER(Divine)				SA:Spark of Power
6	ADD:SPELLCASTER(Divine)				SA:Freedom of Casting
7	ADD:SPELLCASTER(Divine)				SA:Summon Storm
8	ADD:SPELLCASTER(Divine)				SA:Bond of Nature
9	ADD:SPELLCASTER(Divine)				SA:Queen of Storms
10	ADD:SPELLCASTER(Divine)	SR:15	DR:10/+2	SA:Goddess of Storms
# It is unclear if "+1 level of existing class" allows for Arcane spellcasting but since this is basically a druid prestige class I went with Divine
# Is it possible to do anything more with "Freedom of Casting"?


# Class Name	Hit Dice	Type			Abbreviation	Max Level	Source Page		Save checks bonus											Combat bonus
CLASS:Dervish	HD:10		TYPE:PC.Prestige	ABB:Der		MAXLEVEL:10	SOURCEPAGE:p.14	BONUS:SAVE|BASE.Fortitude,BASE.Reflex|CL/2+2	BONUS:SAVE|BASE.Will|CL/3	BONUS:COMBAT|BASEAB|CL|TYPE=Base.REPLACE
# Class Name	Required AL		Req. Att.	Required Feat					Multiple Requirements							Required Skill
CLASS:Dervish	PREALIGN:Deity	PREATT:6	PREABILITY:3,CATEGORY=FEAT,Dodge,Expertise,Weapon Focus	PREMULT:1,[PREVARGT:SmiteGood,1],[PREVARGT:SmiteEvil,1]	PRESKILL:1,Knowledge (Religion)=6	PRESKILL:1,Tumble=3
# Class Name	Skill Pts/Lvl	Class Skill
CLASS:Dervish	STARTSKILLPTS:2	CSKILL:Balance|Climb|TYPE.Craft|Jump|Knowledge (Religion)|TYPE.Profession|Tumble
1	SA:Perfect Piety	SA:Zealous Strike +%d6|ZealousStrike	BONUS:VAR|ZealousStrike|(CL+3)/4												DEFINE:ZealousStrike|0							AUTO:WEAPONPROF|TYPE.Simple|TYPE.Martial	FEATAUTO:Armor Proficiency (Light)|Simple Weapon Proficiency
2											BONUS:VAR|UncannyDodge|1																														FEATAUTO:Uncanny Dodge
3	SA:Shield of Faith													BONUS:COMBAT|AC|WISMAX0|PREVAREQ:COUNT[EQTYPE.ARMOR.EQUIPPED],0
4	SA:Gracious Movement %/day|WIS
6											BONUS:VAR|UncannyDodge|1
7																																ADD:VFEAT(Weapon Specialization)1
10	SA:Whirlwind Attack %/day|WIS
# Weapon Focus should be in Deity's favored weapon


# Class Name	Hit Dice	Type			Abbreviation	Max Level	Source Page		Save checks bonus											Combat bonus
CLASS:Exorcist	HD:8		TYPE:PC.Prestige	ABB:Exo		MAXLEVEL:10	SOURCEPAGE:p.18	BONUS:SAVE|BASE.Will|CL/2+2	BONUS:SAVE|BASE.Fortitude,BASE.Reflex|CL/3	BONUS:COMBAT|BASEAB|CL*3/4|TYPE=Base.REPLACE
# Class Name	Required Feat				Required Language	Required Skill				Req. Spell Type
CLASS:Exorcist	PREABILITY:2,CATEGORY=FEAT,Extra Turning,Iron Will	PRELANG:1,Abyssal	PRESKILL:1,Knowledge (Undead)=3	PRESPELLTYPE:Divine,1,3
# Class Name	Skill Pts/Lvl	Class Skill
CLASS:Exorcist	STARTSKILLPTS:2	CSKILL:Concentration|Diplomacy|Gather Information|Heal|Intimidate|Knowledge (The Planes)|Knowledge (Religion)|Knowledge (Undead)|TYPE.Profession|Scry|Sense Motive|Spellcraft
1	ADD:SPELLCASTER(Divine)	SA:Detect Undead	SA:Ghostblade (+%d4)|Ghostblade	BONUS:VAR|Ghostblade|(CL+2)/3	DEFINE:Ghostblade|0	SPELLS:Innate|TIMES=1|Detect Undead	AUTO:WEAPONPROF|TYPE.Simple	FEATAUTO:Armor Proficiency (Light)|Armor Proficiency (Medium)|Armor Proficiency (Heavy)|Shield Proficiency|Simple Weapon Proficiency
2	ADD:SPELLCASTER(Divine)	SA:Deathspeak	SA:Fearless
3	ADD:SPELLCASTER(Divine)
4	ADD:SPELLCASTER(Divine)	SA:Mistwalk
5	ADD:SPELLCASTER(Divine)	SA:Control Possession
6	ADD:SPELLCASTER(Divine)
7	ADD:SPELLCASTER(Divine)	SA:Ethereal Sight
8	ADD:SPELLCASTER(Divine)	SA:Spirit Grip
9	ADD:SPELLCASTER(Divine)
10	ADD:SPELLCASTER(Divine)	SA:Banishment	SA:Expel


# Class Name		Hit Dice	Type			Abbreviation	Max Level	Source Page		Save checks bonus											Combat bonus
CLASS:Faith Guardian	HD:8		TYPE:PC.Prestige	ABB:Fgu		MAXLEVEL:10	SOURCEPAGE:p.22	BONUS:SAVE|BASE.Fortitude,BASE.Will|CL/2+2	BONUS:SAVE|BASE.Reflex|CL/3	BONUS:COMBAT|BASEAB|CL*3/4|TYPE=Base.REPLACE
# Class Name		Required Feat			Required Skill														Req. Spell Type
CLASS:Faith Guardian	PREABILITY:1,CATEGORY=FEAT,Skill Focus(Heal)	PRESKILL:1,Alchemy=3	PRESKILL:2,Concentration,Profession (Herbalist)=4	PRESKILL:1,Heal=8	PRESPELLTYPE:Divine,1,1
# Class Name		Skill Pts/Lvl	Class Skill
CLASS:Faith Guardian	STARTSKILLPTS:2	CSKILL:Alchemy|Concentration|Heal|Knowledge (Religion)|TYPE.Profession|Spellcraft|Wilderness Lore
1					SA:Shield Other									SPELLS:Innate|TIMES=1|Shield Other		AUTO:WEAPONPROF|TYPE.Simple	FEATAUTO:Armor Proficiency (Light)|Armor Proficiency (Medium)|Armor Proficiency (Heavy)|Shield Proficiency|Simple Weapon Proficiency
2	ADD:SPELLCASTER(Divine)	SA:Field of Peace
3					SA:Hands of the Healer	BONUS:SKILL|Heal|2|TYPE=Circumstance
4	ADD:SPELLCASTER(Divine)	SA:Restore Mind									SPELLS:Innate|TIMES=1|Break Enchantment
5					SA:Elemental Sphere
6	ADD:SPELLCASTER(Divine)	SA:Sacred Ground
7	ADD:SPELLCASTER(Divine)	SA:Eyes of the Healer
8	ADD:SPELLCASTER(Divine)	SA:Fear of Redemption
9	ADD:SPELLCASTER(Divine)	SA:Divine Resilience
10	ADD:SPELLCASTER(Divine)	SA:Soul of the Healer
# Field of Peace is level 2 as described but level 6 in table. Sacred Ground 6<->2. Table looks to be wrong here.
# Spells every 2 levels does not rhyme with the table. Going with the table for now. Couldn't find an errata for this book.


# Class Name		Hit Dice	Type			Abbreviation	Max Level	Source Page		Save checks bonus											Combat bonus
CLASS:Hound Master	HD:8		TYPE:PC.Prestige	ABB:Hma		MAXLEVEL:10	SOURCEPAGE:p.25	BONUS:SAVE|BASE.Fortitude,BASE.Will|CL/2+2	BONUS:SAVE|BASE.Reflex|CL/3	BONUS:COMBAT|BASEAB|CL*3/4|TYPE=Base.REPLACE
# Class Name		Required Feat	Required Skill											Req. Known Spell			Required Text
CLASS:Hound Master	PREABILITY:1,CATEGORY=FEAT,Track	PRESKILL:1,Animal Empathy=5	PRESKILL:2,Handle Animal,Wilderness Lore=10	PRESPELL:1,Animal Friendship	PRETEXT:To become a hound master the character must track and tame one of the following: riding dog, wolf, blink dog, dire wolf, hell hound, or howler.
# Class Name		Skill Pts/Lvl	Class Skill
CLASS:Hound Master	STARTSKILLPTS:4	CSKILL:Animal Empathy|Concentration|TYPE.Craft|Diplomacy|Handle Animal|Heal|Intimidate|Intuit Direction|Knowledge (Nature)|TYPE.Profession|Scry|Spellcraft|Swim|Wilderness Lore
1	ADD:SPELLCASTER(Divine)	SA:Beast Tamer +%|BeastTamer	BONUS:VAR|BeastTamer|(CL+3)/3	DEFINE:BeastTamer|0							AUTO:WEAPONPROF|Club|Dagger|Dart|Halfspear|Longspear|Quarterstaff|Scimitar|Sickle|Shortspear|Sling	FEATAUTO:Armor Proficiency (Light)|Armor Proficiency (Medium)|Shield Proficiency
2	ADD:SPELLCASTER(Divine)	SA:Improved Animal Friendship
3	ADD:SPELLCASTER(Divine)
4	ADD:SPELLCASTER(Divine)															ADD:FEAT(TYPE=HoundMasterTechnique)
5	ADD:SPELLCASTER(Divine)	SA:Bond of Life
6	ADD:SPELLCASTER(Divine)
7	ADD:SPELLCASTER(Divine)	SA:Scent
8	ADD:SPELLCASTER(Divine)															ADD:FEAT(TYPE=HoundMasterTechnique)
9	ADD:SPELLCASTER(Divine)
10	ADD:SPELLCASTER(Divine)	SA:Hound Master												ADD:FEAT(TYPE=HoundMasterTechnique)


# Class Name	Hit Dice	Type			Abbreviation	Max Level	Source Page		Save checks bonus											Combat bonus
CLASS:Inquisitor	HD:8		TYPE:PC.Prestige	ABB:Inq		MAXLEVEL:10	SOURCEPAGE:p.28	BONUS:SAVE|BASE.Fortitude,BASE.Will|CL/2+2	BONUS:SAVE|BASE.Reflex|CL/3	BONUS:COMBAT|BASEAB|CL*3/4|TYPE=Base.REPLACE
# Class Name	Required AL		Required Feat		Required Skill												Req. Spell Type		Required Text
CLASS:Inquisitor	PREALIGN:LG,LN,LE	PREABILITY:1,CATEGORY=FEAT,Alertness	PRESKILL:1,Knowledge (Religion)=8	PRESKILL:2,Gather Information,Sense Motive=3	PRESPELLTYPE:Divine,1,1	PRETEXT:Must be granted inquisitorial authority by a religious leader with the legal ability to grant such authority.
# Class Name	Skill Pts/Lvl	Class Skill
CLASS:Inquisitor	STARTSKILLPTS:4	CSKILL:Bluff|Concentration|Diplomacy|Gather Information|Innuendo|Intimidate|Knowledge (Arcana)|Knowledge (Religion)|Search|Sense Motive|Spot
1	ADD:SPELLCASTER(Divine)	SA:Ecclesiastical Sanction	SA:Investigation																AUTO:WEAPONPROF|TYPE.Simple	FEATAUTO:Armor Proficiency (Light)|Simple Weapon Proficiency
2	ADD:SPELLCASTER(Divine)	SA:Discern Lies %/day|DiscernLies			BONUS:VAR|DiscernLies|CL/2	DEFINE:DiscernLies|0	SPELLS:Innate|TIMES=1|Discern Lies
3	ADD:SPELLCASTER(Divine)	SA:Conviction	SA:Rend the Veil
4	ADD:SPELLCASTER(Divine)
5	ADD:SPELLCASTER(Divine)	SA:Zone of Truth %/day|ZoneofTruth								DEFINE:ZoneofTruth|1
6	ADD:SPELLCASTER(Divine)
7	ADD:SPELLCASTER(Divine)									BONUS:VAR|ZoneofTruth|1
8	ADD:SPELLCASTER(Divine)
9	ADD:SPELLCASTER(Divine)	SA:Compel Confession
10	ADD:SPELLCASTER(Divine)


# Class Name				Hit Dice	Type			Abbreviation	Max Level	Source Page		Save checks bonus											Combat bonus
CLASS:Keeper of the Black Flame	HD:8		TYPE:PC.Prestige	ABB:Kbf		MAXLEVEL:10	SOURCEPAGE:p.32	BONUS:SAVE|BASE.Fortitude,BASE.Will|CL/2+2	BONUS:SAVE|BASE.Reflex|CL/3	BONUS:COMBAT|BASEAB|CL*3/4|TYPE=Base.REPLACE
# Class Name				Required AL		Required Skill									Req. Spell Type		Required Text
CLASS:Keeper of the Black Flame	PREALIGN:LE,NE,CE	PRESKILL:1,Knowledge (Religion)=10	PRESKILL:2,Bluff,Innuendo=3	PRESPELLTYPE:Divine,1,4	PRETEXT:A character must gain knowledge of and worship the ancient dark god of destruction.
# Class Name				Skill Pts/Lvl	Class Skill
CLASS:Keeper of the Black Flame	STARTSKILLPTS:2	CSKILL:Bluff|Concentration|TYPE.Craft|Diplomacy|Gather Information|Heal|Innuendo|Intimidate|Knowledge (Arcana)|Knowledge (Religion)|Listen|Scry|Sense Motive|Speak Language|Spellcraft|Spot
1	ADD:SPELLCASTER(ANY)			SA:Agent of the Black Flame																					SPELLS:Innate|TIMES=1|Detect Good	AUTO:WEAPONPROF|TYPE.Simple	FEATAUTO:Armor Proficiency (Light)|Armor Proficiency (Medium)|Armor Proficiency (Heavy)|Shield Proficiency|Simple Weapon Proficiency
2	ADD:SPELLCASTER(ANY)			SA:Blessing of the Dark God +%|BlessingDarkGod	BONUS:VAR|BlessingDarkGod|CL/2	BONUS:SAVE|ALL|BlessingDarkGod	DEFINE:BlessingDarkGod|0
3	ADD:SPELLCASTER(ANY)			SA:Protector of the Black Flame
4	ADD:SPELLCASTER(ANY)
5	ADD:SPELLCASTER(ANY)			SA:Touched by the Black Flame
6	ADD:SPELLCASTER(ANY)			SA:Vessel of the Black Flame
7	ADD:SPELLCASTER(ANY)			SA:Caressed by the Black Flame
8	ADD:SPELLCASTER(ANY)
9	ADD:SPELLCASTER(ANY)			SA:Sentinel of the Black Flame
10	ADD:SPELLCASTER(ANY)	DR:20/+2	SA:Keeper of the Black Flame
#zz fire resistance 5 at level 5 and 10 at level 7


# Class Name			Hit Dice	Type			Abbreviation	Max Level	Source Page		Save checks bonus											Combat bonus
CLASS:Priest of the Djinn	HD:8		TYPE:PC.Prestige	ABB:Dji		MAXLEVEL:10	SOURCEPAGE:p.35	BONUS:SAVE|BASE.Will|CL/2+2	BONUS:SAVE|BASE.Fortitude,BASE.Reflex|CL/3	BONUS:COMBAT|BASEAB|CL*3/4|TYPE=Base.REPLACE
# Class Name			Required Language	Required Skill				Required Text
CLASS:Priest of the Djinn	PRELANG:1,Auran	PRESKILL:1,Knowledge (Religion)=8	PRETEXT:The character must have purchased the ability to cast at least 2nd-level divine spells using a cult's temporary Power Index	PRETEXT:The character must be able to channel divine power.
# Class Name			Skill Pts/Lvl	Class Skill
CLASS:Priest of the Djinn	STARTSKILLPTS:2	CSKILL:Alchemy|Concentration|TYPE.Craft|Diplomacy|Heal|TYPE.Knowledge|TYPE.Profession|Scry|Spellcraft
1	SA:Reduced Spellcasting Cost
2	SA:Enhanced Spell List (Air)
3	SA:Elemental Companion
4	SA:Lightning Touch
5	SA:Breath of the Djinn
6	SA:Enhanced Elemental Companion
7	SA:Enhanced Spell List (Electricity)
8	SA:Augmented Elemental Companion
9	SA:Soul of the Djinn
10	SA:Heart of the Djinn
#zzzzzzzzz very special spellcasting, yet to be implemented


# Class Name	Hit Dice	Type			Abbreviation	Max Level	Source Page		Save checks bonus											Combat bonus
CLASS:Sin Eater	HD:8		TYPE:PC.Prestige	ABB:Sin		MAXLEVEL:10	SOURCEPAGE:p.39	BONUS:SAVE|BASE.Fortitude,BASE.Will|CL/2+2	BONUS:SAVE|BASE.Reflex|CL/3	BONUS:COMBAT|BASEAB|CL|TYPE=Base.REPLACE
# Class Name	Required AL			Required Feat	Required Skill									Req. Spell Type		Required Text
CLASS:Sin Eater	PREALIGN:LG,LE,CG,CE	PREABILITY:1,CATEGORY=FEAT,Track	PRESKILL:1,Knowledge (Religion)=8	PRESKILL:1,Wilderness Lore=3	PRESPELLTYPE:Divine,1,1	PRETEXT:The character must be able to cast divine spells and have at least one domain ability useable each day.
# Class Name	Skill Pts/Lvl	Class Skill
CLASS:Sin Eater	STARTSKILLPTS:2	CSKILL:Concentration|TYPE.Craft|Diplomacy|Heal|Knowledge (Arcana)|Knowledge (Religion)|TYPE.Profession|Scry|Spellcraft
1	ADD:SPELLCASTER(Divine)	SA:Locate Sinner	AUTO:WEAPONPROF|TYPE.Simple	FEATAUTO:Armor Proficiency (Light)|Armor Proficiency (Medium)|Armor Proficiency (Heavy)|Shield Proficiency|Simple Weapon Proficiency
2	ADD:SPELLCASTER(Divine)	SA:Call Sin
3	ADD:SPELLCASTER(Divine)	SA:Consume Sin
4	ADD:SPELLCASTER(Divine)	SA:Crushing Faith
5	ADD:SPELLCASTER(Divine)	SA:Will of Faith
6	ADD:SPELLCASTER(Divine)	SA:Rejuvenation
7	ADD:SPELLCASTER(Divine)	SA:Devour Sin
8	ADD:SPELLCASTER(Divine)	SA:Aura of Faith
9	ADD:SPELLCASTER(Divine)	SA:Absorb Sin
10	ADD:SPELLCASTER(Divine)	SA:Expunge Sin
# I seriously doubt that the "Bane, " belongs to this class. There is _no_ description of it. Maybe copy paste from below?


# Class Name	Hit Dice	Type			Abbreviation	Max Level	Source Page		Save checks bonus											Combat bonus
CLASS:Succedaneum	HD:8		TYPE:PC.Prestige	ABB:Suc		MAXLEVEL:10	SOURCEPAGE:p.43	BONUS:SAVE|BASE.Fortitude,BASE.Will|CL/2+2	BONUS:SAVE|BASE.Reflex|CL/3	BONUS:COMBAT|BASEAB|CL*3/4|TYPE=Base.REPLACE
# Class Name	Required Feat				Required Skill				Required Text
CLASS:Succedaneum	PREABILITY:2,CATEGORY=FEAT,Extra Turning,Toughness	PRESKILL:1,Knowledge (Religion)=8	PRETEXT:The character must be able to cast channel divine power.
# Class Name	Skill Pts/Lvl	Class Skill
CLASS:Succedaneum	STARTSKILLPTS:2	CSKILL:Concentration|TYPE.Craft|Diplomacy|Heal|Knowledge (Arcana)|Knowledge (Religion)|TYPE.Profession|Scry|Spellcraft
1	ADD:SPELLCASTER(Divine)	SA:Divine Endurance	AUTO:WEAPONPROF|TYPE.Simple	FEATAUTO:Armor Proficiency (Light)|Armor Proficiency (Medium)|Armor Proficiency (Heavy)|Shield Proficiency|Simple Weapon Proficiency
2	ADD:SPELLCASTER(Divine)	SA:Bane Vanquish
3	ADD:SPELLCASTER(Divine)	SA:Blood Sacrifice
4	ADD:SPELLCASTER(Divine)	SA:Bane Vanquish
5	ADD:SPELLCASTER(Divine)	SA:Divine Boon
6	ADD:SPELLCASTER(Divine)	SA:Bane Vanquish
7	ADD:SPELLCASTER(Divine)	SA:Divine Intercession
8	ADD:SPELLCASTER(Divine)	SA:Poison Purge
9	ADD:SPELLCASTER(Divine)	SA:Bane Vanquish
10	ADD:SPELLCASTER(Divine)	SA:Cleanse Magic



# Class Name		Hit Dice	Type			Abbreviation	Max Level	Source Page		Save checks bonus											Combat bonus
CLASS:True Crusader	HD:10		TYPE:PC.Prestige	ABB:Trc		MAXLEVEL:10	SOURCEPAGE:p.46	BONUS:SAVE|BASE.Fortitude|CL/2+2	BONUS:SAVE|BASE.Reflex,BASE.Will|CL/3	BONUS:COMBAT|BASEAB|CL|TYPE=Base.REPLACE
# Class Name		Required AL	Req. Att.	Req. Spell Type		Required Stat	Required Text
CLASS:True Crusader	PREALIGN:LG	PREATT:5	PRESPELLTYPE:Divine,1,1	PRESTAT:1,WIS=14	PRETEXT:The character must be given a holy quest by a deity.
# Class Name		Skill Pts/Lvl	Class Skill
CLASS:True Crusader	STARTSKILLPTS:2	CSKILL:Concentration|Climb|Diplomacy|Heal|Intuit Direction|Jump|Knowledge (Religion)|Listen|TYPE.Profession|Scry|Search|Sense Motive|Swim|Spellcraft
1	ADD:SPELLCASTER(Divine)	SA:Loyalty	SA:Divine Strength %/day|DivineStrength	BONUS:VAR|DivineStrength|(CL+1)/2	DEFINE:DivineStrength|0	AUTO:WEAPONPROF|TYPE.Simple|TYPE.Martial	FEATAUTO:Armor Proficiency (Light)|Armor Proficiency (Medium)|Armor Proficiency (Heavy)|Shield Proficiency|Simple Weapon Proficiency
2	ADD:SPELLCASTER(Divine)	SA:Sworn Enemy
3	ADD:SPELLCASTER(Divine)
4	ADD:SPELLCASTER(Divine)	SA:Devoted Warrior
5	ADD:SPELLCASTER(Divine)
6	ADD:SPELLCASTER(Divine)	SA:Holy Shield
7	ADD:SPELLCASTER(Divine)
8	ADD:SPELLCASTER(Divine)	SA:Heroes From Beyond
9	ADD:SPELLCASTER(Divine)
10	ADD:SPELLCASTER(Divine)	SA:Aura of Strength

# Class Name	Hit Dice	Type			Abbreviation	Max Level	Source Page		Save checks bonus											Combat bonus
CLASS:Valore	HD:8		TYPE:PC.Prestige	ABB:Val		MAXLEVEL:10	SOURCEPAGE:p.50	BONUS:SAVE|BASE.Will|CL/2+2	BONUS:SAVE|BASE.Fortitude,BASE.Reflex|CL/3	BONUS:COMBAT|BASEAB|CL|TYPE=Base.REPLACE
# Class Name	Required AL		Req. Att.	Required Skill												Req. Spell Type		Required Text																	Req. Weapond Prof.
CLASS:Valore	PREALIGN:LG,LN	PREATT:7	PRESKILL:1,Craft (Weaponsmithing)=4	PRESKILL:2,Diplomacy,Knowledge (Religion)=5	PRESPELLTYPE:Divine,1,2	PRETEXT:A character must be invited by an existing member of the organization, and then craft a masterwork sword.	PREWEAPONPROF:1,Shortsword,Longsword,Rapier,Scimitar,Greatsword
# Class Name	Skill Pts/Lvl	Class Skill
CLASS:Valore	STARTSKILLPTS:2	CSKILL:Concentration|TYPE.Craft|Diplomacy|Gather Information|Heal|Intimidate|Knowledge (Religion)|Knowledge (Nobility and Royalty)|Listen|Ride|Scry|Sense Motive|Speak Language|Spellcraft|Spot|Tumble
1							SA:Diplomatic Relations +%|DiplomaticRelations																			BONUS:SKILL|Diplomacy,Gather Information,Sense Motive|DiplomaticRelations|TYPE=Competence	DEFINE:DiplomaticRelations|2
2	ADD:SPELLCASTER(Divine)			SA:Martial Insight															BONUS:COMBAT|INITIATIVE|WISMAX0|TYPE=Insight
3							SA:Bond of the Blade +%|BondBlade			BONUS:VAR|BondBlade|(CL+3)/3																													DEFINE:BondBlade|0
4	ADD:SPELLCASTER(Divine)			SA:Focused Strike %/day|FocusedStrike		BONUS:VAR|FocusedStrike|CL/4																													DEFINE:FocusedStrike|0
5															BONUS:VAR|DiplomaticRelations|2
6	ADD:SPELLCASTER(Divine)
7							SA:Mind of Mental Focus
8	ADD:SPELLCASTER(Divine)
10	ADD:SPELLCASTER(Divine)	DR:20/+1	SA:Valore Knight						BONUS:VAR|DiplomaticRelations|2	BONUS:VAR|BondBlade|1																													ADD:FEAT(TYPE=ValorKnightAbilityScoreBonus)	ADD:FEAT(TYPE=ValorKnightSkillBonus)



#
# end
#
