# CVS $Revision: $ $Author: $ -- Sat Oct  7 13:26:27 2006 -- reformated by prettylst.pl v1.35 (build 565)
# CVS
SOURCELONG:Fantasy Flight Games - Path of Faith	SOURCESHORT:Faith	SOURCEWEB:http://www.fantasyflightgames.com/dd36.html
# Original Entry by: Ratheof Blithwyn
# Built Upon by: David R Saulnier


# Feat Name					Type			Required Class			Multiple Requirements								Req. Special Ability	Required Spell School		Required Sub-school				Req. Spell Type		Description																							Source Page
Concentrate Spell				TYPE:Metamagic																					PRESPELLSCHOOL:Evocation,1,1												DESC:You can cause your spells to penetrate energy resistance by concentrating and strengthening them.							SOURCEPAGE:p.23
Energy Familiar				TYPE:General	PRECLASS:1,SPELLCASTER=12												PRESA:1,Summon Familiar						PRESPELLSCHOOLSUB:Energy Construct,3,1					DESC:Your familiar is now composed of force energy, and is immune to most forms of harm.										SOURCEPAGE:p.23
Enhanced Resistance			TYPE:General																																					DESC:One of your energy resistances is now more powerful.															SOURCEPAGE:p.23
#Evocation Library				TYPE:General		PREMULT:1,[PRESUBCLASS:1,Evoker],[PRECLASS:Devoted Evoker=1]	DESC:You have access to all spells from a certain discipline of evocation and can add them to your spellbook once you're high enough level.	MULT:YES	STACK:NO		CHOOSE:FEATADD|TYPE=EvocationLibrary	SOURCEPAGE:p.23
Evocation Library Acid			TYPE:General						PREMULT:1,[PRESUBCLASS:1,Evoker],[PRECLASS:1,Devoted Evoker=1]																					DESC:You have access to all spells from a certain discipline of evocation and can add them to your spellbook once you're high enough level.	SOURCEPAGE:p.23
Evocation Library Cold			TYPE:General						PREMULT:1,[PRESUBCLASS:1,Evoker],[PRECLASS:1,Devoted Evoker=1]																					DESC:You have access to all spells from a certain discipline of evocation and can add them to your spellbook once you're high enough level.	SOURCEPAGE:p.23
Evocation Library Energy Construct	TYPE:General						PREMULT:1,[PRESUBCLASS:1,Evoker],[PRECLASS:1,Devoted Evoker=1]																					DESC:You have access to all spells from a certain discipline of evocation and can add them to your spellbook once you're high enough level.	SOURCEPAGE:p.23
Evocation Library Electricity		TYPE:General						PREMULT:1,[PRESUBCLASS:1,Evoker],[PRECLASS:1,Devoted Evoker=1]																					DESC:You have access to all spells from a certain discipline of evocation and can add them to your spellbook once you're high enough level.	SOURCEPAGE:p.23
Evocation Library Fire			TYPE:General						PREMULT:1,[PRESUBCLASS:1,Evoker],[PRECLASS:1,Devoted Evoker=1]																					DESC:You have access to all spells from a certain discipline of evocation and can add them to your spellbook once you're high enough level.	SOURCEPAGE:p.23
Evocation Library Force			TYPE:General						PREMULT:1,[PRESUBCLASS:1,Evoker],[PRECLASS:1,Devoted Evoker=1]																					DESC:You have access to all spells from a certain discipline of evocation and can add them to your spellbook once you're high enough level.	SOURCEPAGE:p.23
Evocation Library Light			TYPE:General						PREMULT:1,[PRESUBCLASS:1,Evoker],[PRECLASS:1,Devoted Evoker=1]																					DESC:You have access to all spells from a certain discipline of evocation and can add them to your spellbook once you're high enough level.	SOURCEPAGE:p.23
Evocation Library Sound			TYPE:General						PREMULT:1,[PRESUBCLASS:1,Evoker],[PRECLASS:1,Devoted Evoker=1]																					DESC:You have access to all spells from a certain discipline of evocation and can add them to your spellbook once you're high enough level.	SOURCEPAGE:p.23
Opposed Spell				TYPE:General																																	PRESPELLTYPE:Arcane,1,1	DESC:You can cast a spell from a school of magic normally not available to you.											SOURCEPAGE:p.23
#
# Above being used as Reference
#
Deeper Understanding                TYPE:AVATAR       PRECLASS:1,Avatar             DESC:The avatar gains a +1 legendary bonus to his Wisdom per power level.                                                                                                                     COST:1      DESCISPI:NO   MULT:NO     STACK:YES   VISIBLE:YES SOURCEPAGE:p.56   BONUS:STAT|WIS|CL=Avatar
Divine Shield (Su)                  TYPE:AVATAR       PRECLASS:1,Avatar             DESC:As a supernatural ability, the avatar gains a +1 legendary bonus to AC per power level.                                                                                                  COST:1      DESCISPI:NO   MULT:NO     STACK:YES   VISIBLE:YES SOURCEPAGE:p.56   BONUS:AC|CL=Avatar
Hands of Power                      TYPE:AVATAR       PRECLASS:1,Avatar             DESC:The Avatar gains access to one additional domain per power level.                                                                                                                        COST:1      DESCISPI:NO   MULT:NO     STACK:YES   VISIBLE:YES SOURCEPAGE:p.56   BONUS:DOMAIN|NUMBER|1|CL=Avatar
Divine Invulnerability (Ex)         TYPE:AVATAR       PRECLASS:1,Avatar             DESC:The avatar gains immunity to one of the following sources per power level: acid, cold, death, electricity, fire, petrification, and poison.                                              COST:1      DESCISPI:NO   MULT:NO     STACK:YES   VISIBLE:YES SOURCEPAGE:p.56   
Barrier of Strength (Su)            TYPE:AVATAR       PRECLASS:1,Avatar             DESC:As a free action, once per day per power level, an avatar can surround herself in a protective aura that acts like a "globe of invulnerability" spell cast by a 20th-level sorcerer.     COST:1      DESCISPI:NO   MULT:NO     STACK:YES   VISIBLE:YES SOURCEPAGE:p.56   
Divine Sight(Su)                    TYPE:AVATAR       PRECLASS:1,Avatar             DESC:The avatar gains a +4 bonus to all Sense Motive and Spot checks, and he can cast "true seeing" once per day per power level.                                                             COST:1      DESCISPI:NO   MULT:NO     STACK:YES   VISIBLE:YES SOURCEPAGE:p.56   Bonus:SKILL|Sense Motive,Spot|4|CL=Avatar







