#Original Entry by pokemonpasta
SOURCELONG:Heroes of Golarion		SOURCESHORT:HEOG

# ==========
# Archetypes
# ==========

###Block: Archetypes
Holomog Demolitionist			KEY:Investigator Archetype ~ Holomog Demolitionist			CATEGORY:Archetype								TYPE:Archetype.InvestigatorArchetype									SOURCEPAGE:p.18				DESC:Holomog is an ancient nation built on even more ancient ruins. Its renowned civil engineers develop skills that allow them to take full advantage of their environments.																																																																																																																																																					PRECLASS:1,Investigator=1				PREMULT:1,[PREABILITY:1,CATEGORY=Archetype,Investigator Archetype ~ Holomog Demolitionist],[!PREFACT:1,ABILITIES,Investigator_Archetype_PoisonLore=True,Investigator_Archetype_PoisonResistance=True,Investigator_Archetype_Talent3=True,Investigator_Archetype_Talent9=True]															ABILITY:Investigator Class Feature|AUTOMATIC|Holomog Demolitionist ~ Structural Knowledge|PRECLASS:1,Investigator=2	ABILITY:Investigator Class Feature|AUTOMATIC|Holomog Demolitionist ~ Structural Insight|PRECLASS:1,Investigator=2	ABILITY:Investigator Class Feature|AUTOMATIC|Holomog Demolitionist ~ Ricochet|PRECLASS:1,Investigator=3	ABILITY:Investigator Class Feature|AUTOMATIC|Holomog Demolitionist ~ Battlefield Preparation|PRECLASS:1,Investigator=16																																																																																									FACT:Investigator_Archetype_PoisonLore|True	FACT:Investigator_Archetype_PoisonResistance|True	FACT:Investigator_Archetype_Talent3|True	FACT:Investigator_Archetype_Talent9|True	FACT:Investigator_CF_PoisonLore|True	FACT:Investigator_CF_PoisonResistance|True	FACT:Investigator_CF_Talent3|True	FACT:Investigator_CF_Talent9|True
Holy Beast						KEY:Shifter Archetype ~ Holy Beast							CATEGORY:Archetype								TYPE:Archetype.ShifterArchetype											SOURCEPAGE:p.12				DESC:Thousands of gods are venerated in Vudra, and devoted followers might have personal relationships with their chosen deities. Holy beast shifters pledge to hunt down their deity’s enemies to earn that deity’s blessing. These shifters tend to take on the aspect of their deity’s sacred animal, and many of them seek to destroy rakshasas.																																																																																																											PRECLASS:1,Shifter=1					PREMULT:1,[PREABILITY:1,CATEGORY=Archetype,Shifter Archetype ~ Holy Beast],[!PREFACT:1,ABILITIES,Shifter_Archetype_WildEmpathy=True,Shifter_Archetype_Track=True,Shifter_Archetype_WoodlandStride=True,Shifter_Archetype_TracklessStep=True]																							ABILITY:Shifter Class Feature|AUTOMATIC|Holy Beast ~ Beast's Blessing	ABILITY:Shifter Class Feature|AUTOMATIC|Holy Beast ~ Blessed Claws	ABILITY:Shifter Class Feature|AUTOMATIC|Holy Beast ~ Divine Fury																																																																																																																																																							FACT:Shifter_Archetype_WildEmpathy|True	FACT:Shifter_Archetype_Track|True	FACT:Shifter_Archetype_WoodlandStride|True	FACT:Shifter_Archetype_TracklessStep|True	FACT:Shifter_CF_WildEmpathy|True	FACT:Shifter_CF_Track|True	FACT:Shifter_CF_WoodlandStride|True	FACT:Shifter_CF_TracklessStep|True
Plague Eater					KEY:Spiritualist Archetype ~ Plague Eater					CATEGORY:Archetype								TYPE:Archetype.SpiritualistArchetype									SOURCEPAGE:p.12				DESC:Iobaria has been ravaged by plague for centuries, and many of its dead do not rest. These ghosts often flock around specialized spiritualists called plague eaters. Such a spiritualist bears the weight of many souls within her consciousness, spirits that remember the devastation of disease and seek to protect their host from infections, cleanse others of plague, and use disease itself as a weapon.																																																																																											PRECLASS:1,Spiritualist=1				PREMULT:1,[PREABILITY:1,CATEGORY=Archetype,Spiritualist Archetype ~ Plague Eater],[!PREFACT:1,ABILITIES,Spiritualist_Archetype_DetectUndead=True,Spiritualist_Archetype_CalmSpirit=True,Spiritualist_Archetype_SeeInvisibility=True,Spiritualist_Archetype_FusedConsciousness=True,Spiritualist_Archetype_CallSpirit=True]				ABILITY:Spiritualist Class Feature|AUTOMATIC|Plague Eater ~ Plague Ward	ABILITY:Spiritualist Class Feature|AUTOMATIC|Plague Eater ~ Spiritual Inoculation|PRECLASS:1,Spiritualist=4	ABILITY:Spiritualist Class Feature|AUTOMATIC|Plague Eater ~ Remove Sickness|PRECLASS:1,Spiritualist=5	ABILITY:Spiritualist Class Feature|AUTOMATIC|Plague Eater ~ Disfiguring Touch|PRECLASS:1,Spiritualist=7	ABILITY:Spiritualist Class Feature|AUTOMATIC|Plague Eater ~ Remove Disease|PRECLASS:1,Spiritualist=9	ABILITY:Spiritualist Class Feature|AUTOMATIC|Plague Eater ~ Fused Well-Being|PRECLASS:1,Spiritualist=10	ABILITY:Spiritualist Class Feature|AUTOMATIC|Plague Eater ~ Greater Spiritual Inoculation	ABILITY:Spiritualist Class Feature|AUTOMATIC|Plague Eater ~ Withdraw Affliction|PRECLASS:1,Spiritualist=16				FACT:Spiritualist_Archetype_DetectUndead|True	FACT:Spiritualist_Archetype_CalmSpirit|True	FACT:Spiritualist_Archetype_SeeInvisibility|True	FACT:Spiritualist_Archetype_FusedConsciousness|True	FACT:Spiritualist_Archetype_CallSpirit|True		FACT:Spiritualist_CF_DetectUndead|True	FACT:Spiritualist_CF_CalmSpirit|True	FACT:Spiritualist_CF_SeeInvisibility|True	FACT:Spiritualist_CF_FusedConsciousness|True	FACT:Spiritualist_CF_CallSpirit|True
Priest of the Fallen			KEY:Spiritualist Archetype ~ Priest of the Fallen			CATEGORY:Archetype								TYPE:Archetype.SpiritualistArchetype									SOURCEPAGE:p.17				DESC:Countless hero-gods have risen and fallen through Iblydos’s long  history, leaving behind mighty spirits. Those attuned to these fallen hero-gods can become conduits for their restless souls and agents acting out their divine will. The result is a priest of the fallen, a spiritualist who channels her land’s legends and provides a vessel for mighty heroes to perform heroic acts once more.																																																																																														PRECLASS:1,Spiritualist=1				PREMULT:1,[PREABILITY:1,CATEGORY=Archetype,Spiritualist Archetype ~ Priest of the Fallen],[!PREFACT:1,ABILITIES,Spiritualist_Archetype_BondedManifestation=True,Spiritualist_Archetype_PhantomRecall=True,Spiritualist_Archetype_DualBond=True]																							ABILITY:Spiritualist Class Feature|AUTOMATIC|Priest of the Fallen ~ Mythmaker	ABILITY:Spiritualist Class Feature|AUTOMATIC|Priest of the Fallen ~ Channel Energy|PRECLASS:1,Spiritualist=3	ABILITY:Spiritualist Class Feature|AUTOMATIC|Priest of the Fallen ~ Phantom Call|PRECLASS:1,Spiritualist=6	ABILITY:Spiritualist Class Feature|AUTOMATIC|Priest of the Fallen ~ Masterful Faith|PRECLASS:1,Spiritualist=17	ABILITY:Spiritualist Class Feature|AUTOMATIC|Priest of the Fallen ~ True Legend|PRECLASS:1,Spiritualist=20																																																																									FACT:Spiritualist_Archetype_BondedManifestation|True	FACT:Spiritualist_Archetype_PhantomRecall|True	FACT:Spiritualist_Archetype_DualBond|True	FACT:Spiritualist_CF_BondedManifestation|True	FACT:Spiritualist_CF_PhantomRecall|True	FACT:Spiritualist_CF_DualBond|True
Speaker of the Palatine Eye		KEY:Bard Archetype ~ Speaker of the Palatine Eye			CATEGORY:Archetype								TYPE:Archetype.BardArchetype											SOURCEPAGE:p.8				DESC:Working from the shadows of Ustalav’s high society, the Esoteric Order of the Palatine Eye is a mystical cult built around the quest for immortality. Founded by a count who claimed  to  have been enlightened by angels, the Order follows a strict hierarchy, and membership is open only to the elite. The more money a member provides the Order, the more secrets he learns to aid his path toward angelic ascension. More information on the Esoteric Order of the Palatine Eye can be found in Pathfinder Adventure Path 44: Trial of the Beast. &nl; A speaker of the Palatine Eye influences others using his occult knowledge rather than the boisterous enthusiasm of most bards. He must be a worshipper of Pharasma, but he may worship additional deities as well.			PRECLASS:1,Bard=1						PREMULT:1,[PREABILITY:1,CATEGORY=Archetype,Bard Archetype ~ Speaker of the Palatine Eye],[!PREFACT:1,ABILITIES,Bard_Archetype_CounterSong=True,Bard_Archetype_JackOfAllTrades=True]																																						ABILITY:Bard Class Feature|AUTOMATIC|Speaker of the Palatine Eye ~ Angelic Grace	ABILITY:Bard Class Feature|AUTOMATIC|Speaker of the Palatine Eye ~ Spells	ABILITY:Bard Class Feature|AUTOMATIC|Speaker of the Palatine Eye ~ Corpse Speaker	ABILITY:Bard Class Feature|AUTOMATIC|Speaker of the Palatine Eye ~ Keen Ritualist|PRECLASS:1,Bard=10																																																																																																																				FACT:Bard_Archetype_CounterSong|True	FACT:Bard_Archetype_JackOfAllTrades|True	FACT:Bard_CF_CounterSong|True	FACT:Bard_CF_JackOfAllTrades|True
Spirit Eater					KEY:Medium Archetype ~ Spirit Eater							CATEGORY:Archetype								TYPE:Archetype.MediumArchetype											SOURCEPAGE:p.24				DESC:Shenmen is a ghost-haunted nation trapped in the shadow of  the Gossamer Mountains and held beneath the yoke of jorogumo witches. The mediums of Shenmen face brazen yokai that hunger for the living, and these mediums have learned to devour them instead. Guardians of their communities, spirit eaters absorb the dead to channel their power and serve as a line of defense against all manner of incorporeal yokai.																																																																																									PRECLASS:1,Medium=1						PREMULT:1,[PREABILITY:1,CATEGORY=Archetype,Medium Archetype ~ Spirit Eater],[!PREFACT:1,ABILITIES,Medium_Archetype_HauntChanneler=True,Medium_Archetype_LocationChannel=True,Medium_Archetype_ConnectionChannel=True]																													ABILITY:Medium Class Feature|AUTOMATIC|Spirit Eater ~ Ectoplasmic Strikes|PRECLASS:1,Medium=3	ABILITY:Medium Class Feature|AUTOMATIC|Spirit Eater ~ Consume Spirit|PRECLASS:1,Medium=7																																																																																																																																																												FACT:Medium_Archetype_HauntChanneler|True	FACT:Medium_Archetype_LocationChannel|True	FACT:Medium_Archetype_ConnectionChannel|True	FACT:Medium_CF_HauntChanneler|True	FACT:Medium_CF_LocationChannel|True	FACT:Medium_CF_ConnectionChannel|True


###Block: Holomog Demolitionist Abilities
Structural Knowledge			KEY:Holomog Demolitionist ~ Structural Knowledge			CATEGORY:Investigator Class Feature				TYPE:Investigator Class Feature.SpecialQuality.Extraordinary			SOURCEPAGE:p.18				DESC:At 2nd level, a Holomog demolitionist gains Improved Sunder as a bonus feat, even if he does not meet the prerequisites.	DESC:This replaces poison lore.|!PREABILITY:1,CATEGORY=Archetype,Investigator Archetype ~ Holomog Demolitionist			ABILITY:FEAT|AUTOMATIC|Improved Sunder
Structural Insight				KEY:Holomog Demolitionist ~ Structural Insight				CATEGORY:Investigator Class Feature				TYPE:Investigator Class Feature.SpecialQuality.Extraordinary			SOURCEPAGE:p.18				DESC:
Richochet						KEY:Holomog Demolitionist ~ Ricochet						CATEGORY:Investigator Class Feature
CATEGORY=Special Ability,Investigator ~ Studied Strike.MOD
Battlefield Preparation			KEY:Holomog Demolitionist ~ Battlefield Preparation			CATEGORY:Investigator Class Feature

###Block: Holy Beast Abilities
Beast's Blessing
Blessed Claws
Divine Fury

###Block: Plague Eater Abilities
Plague Ward
Spiritual Inoculation
Remove Sickness
Disfiguring Touch
Remove Disease
Fused Well-Being
Greater Spiritual Inoculation
Withdraw Affliction

###Block: Priest of the Fallen Abilities
Mythmaker
Channel Energy
Phantom Call
Fused Consciousness
Materful Faith
Tru Legend

###Block: Speaker of the Palatine Eye Abilities
Angelic Grace
Spells
Corpse Speaker
Keen Ritualist

###Block: Spirit Eater Abilities
Ectoplasmic Strikes
Consume Spirit
