#Original Entry by pokemonpasta
SOURCELONG:Heroes of Golarion		SOURCESHORT:HEOG

###Block: Wyrwood Alternate Racial Traits
Experimental Body			KEY:Wyrwood ~ Experimental Body		CATEGORY:Special Ability		TYPE:RacialTraits.Wyrwood Racial Trait.SpecialQuality									PREMULT:1,[PREABILITY:1,CATEGORY=Special Ability,Wyrwood ~ Experimental Body],[!PREFACT:1,ABILITIES,Wyrwood_ReplaceDarkvision=true,Wyrwood_ReplaceLowLightVision=true]						DESC:Some wyrwoods have been built from rare materials in an effort to imbue them with special properties. Choose one of the following abilities.					BONUS:ABILITYPOOL|Wyrwood Experimental Body|1				COST:0			SOURCEPAGE:p.6				FACT:Wyrwood_ReplaceDarkvision|true			FACT:Wyrwood_ReplaceLowLightVision|true
Living Machine			KEY:Wyrwood ~ Living Machine			CATEGORY:Special Ability		TYPE:RacialTraits.Wyrwood Racial Trait.SpecialQuality.Special Quality						PREMULT:1,[PREABILITY:1,CATEGORY=Special Ability,Wyrwood ~ Living Machine],[!PREFACT:1,ABILITIES,Wyrwood_ReplaceType=True]													DESC:Through generations of refining the techniques of creation, many young wyrwoods have become closer to organic beings than constructs. These wyrwoods are constructs with the living machine subtype. They gain a Constitution score and can be targeted by spells and effects that target living creatures or constructs, as well as those that require a Fortitude save. They are no longer immune to ability damage, ability drain, energy drain, exhaustion, or fatigue. Wyrwoods with this trait require sleep, but they do not need to breathe or eat. They are not destroyed when reduced to 0 hit points, instead becoming unconscious and stable. They are destroyed when reduced to a negative number of hit points equal to their Constitution score. They can be raised or resurrected when destroyed.	DESC:This alters the wyrwood's creature type.|!PREABILITY:1,CATEGORY=Special Ability,Wyrwood ~ Living Machine	COST:0		SOURCEPAGE:p.6		FACT:Wyrwood_ReplaceType|True

###Block: Wyrwood Experimental Body
Blessed				KEY:Experimental Body ~ Blessed		CATEGORY:Internal				TYPE:RacialTraits.Wyrwood Racial Trait.WyrwoodExperimentalBody
CATEGORY=Special Ability|Wyrwood ~ Experimental Body.MOD					DESC:&nl; Blessed: These wyrwoods contain divine relics. Wyrwoods with this trait can use divine favor once per day as a spell-like ability with a caster level equal to their Hit Dice.|PREMULT:1,[PREABILITY:1,CATEGORY=Internal,Experimental Body ~ Blessed],[!PREABILITY:1,CATEGORY=Special Ability,Wyrwood ~ Experimental Body]																			SPELLS:Innate|CASTERLEVEL=TL|Divine Favor|PREABILITY:1,CATEGORY=Internal,Experimental Body ~ Blessed
Enchanted				KEY:Experimental Body ~ Enchanted		CATEGORY:Internal				TYPE:RacialTraits.Wyrwood Racial Trait.WyrwoodExperimentalBody
CATEGORY=Special Ability|Wyrwood ~ Experimental Body.MOD					DESC:&nl; Enchanted: Crafted from the remnants of broken staves, wands and other items, these wyrwoods have a natural attunement to the arcane. Wyrwoods with this trait treat their Intelligence score as 2 higher for the purpose of determining bonus spells or extracts per day.|PREMULT:1,[PREABILITY:1,CATEGORY=Internal,Experimental Body ~ Enchanted],[!PREABILITY:1,CATEGORY=Special Ability,Wyrwood ~ Experimental Body]
Fey-Touched				KEY:Experimental Body ~ Fey-Touched		CATEGORY:Internal				TYPE:RacialTraits.Wyrwood Racial Trait.WyrwoodExperimentalBody
CATEGORY=Special Ability|Wyrwood ~ Experimental Body.MOD					DESC:&nl; Fey-Touched: These wyrwoods have components that create a powerful link to the First World. Wyrwoods with this trait can use charm animal once per day as a spell-like ability with a caster level equal to their Hit Dice.|PREMULT:1,[PREABILITY:1,CATEGORY=Internal,Experimental Body ~ Fey-Touched],[!PREABILITY:1,CATEGORY=Special Ability,Wyrwood ~ Experimental Body]											SPELLS:Innate|CASTERLEVEL=TL|Charm Animal|PREABILITY:1,CATEGORY=Internal,Experimental Body ~ Fey-Touched
Scorched				KEY:Experimental Body ~ Scorched		CATEGORY:Internal				TYPE:RacialTraits.Wyrwood Racial Trait.WyrwoodExperimentalBody
CATEGORY=Special Ability|Wyrwood ~ Experimental Body.MOD					DESC:&nl; Scorched: These wyrwoods are built from the ruins of cities and structures destroyed by conflict. Once per day, after a successful melee attack against an enemy, wyrwoods with this trait can deal an additional %1 points of damage equal as a free action.|WIS|PREMULT:1,[PREABILITY:1,CATEGORY=Internal,Experimental Body ~ Scorched],[!PREABILITY:1,CATEGORY=Special Ability,Wyrwood ~ Experimental Body]
CATEGORY=Special Ability ~ Experimental Body.MOD						DESC:&nl; This replaces darkvision and low-light vision.|!PREABILITY:1,CATEGORY=Special Ability,Wyrwood ~ Experimental Body

###Block: Wyrwood Favored Class Options
#Alchemist
Bonus Reduction to Mutagen Ability Score Penalty					KEY:Favored Class Bonus ~ Alchemist ~ Wyrwood			CATEGORY:Special Ability		TYPE:SpecialQuality.FavoredClassBonus.FavoredClassAlchemist				VISIBLE:YES			PRECLASS:1,Alchemist=1			PRERACE:1,Wyrwood				DESC:Reduce the mental ability score penalty of the alchemist’s mutagens by 1/5 (minimum 0).			DEFINE:BonusAlchemistReductionWyrwood|0			BONUS:VAR|MutagenStatPenalty|min(2,BonusAlchemistReductionWyrwood/5)			BONUS:VAR|BonusAlchemistReductionWyrwood|1		STACK:YES	MULT:YES	CHOOSE:NOCHOICE			SOURCEPAGE:p.6
#Arcanist
Bonus Level for Spell Resistance Exploit							KEY:Favored Class Bonus ~ Arcanist ~ Wyrwood			CATEGORY:Special Ability		TYPE:SpecialQuality.FavoredClassBonus.FavoredClassArcanist				VISIBLE:YES			PRECLASS:1,Arcanist=1			PRERACE:1,Wyrwood				DESC:Add 1/4 to the arcanist’s level for the spell resistance exploit.							DEFINE:BonusArcanistSRExploitWyrwood|0			BONUS:VAR|SpellDisruptionBonus|BonusArcanistSRExploitWyrwood/4				BONUS:VAR|BonusArcanistSRExploitWyrwood|1			STACK:YES	MULT:YES	CHOOSE:NOCHOICE			SOURCEPAGE:p.6
#Cleric
Bonus Caster Level (Law Domain, Subdomain and lawful descriptor)			KEY:Favored Class Bonus ~ Cleric ~ Wyrwood			CATEGORY:Special Ability		TYPE:SpecialQuality.FavoredClassBonus.FavoredClassCleric				VISIBLE:YES			PRECLASS:1,Cleric=1			PRERACE:1,Wyrwood				DESC:Add 1/4 to the cleric’s caster level when casting spells or using abilities from the Law domain or one of its subdomains, or when casting spells with the lawful descriptor.																					STACK:YES	MULT:YES	CHOOSE:NOCHOICE			SOURCEPAGE:p.6
#Magus
Bonus Arcane Pool Enhancement Duration)							KEY:Favored Class Bonus ~ Magus ~ Wyrwood				CATEGORY:Special Ability		TYPE:SpecialQuality.FavoredClassBonus.FavoredClassMagus				VISIBLE:YES			PRECLASS:1,Magus=1			PRERACE:1,Wyrwood				DESC:Add 2 rounds to the duration of the magus’ arcane pool enhancements.																																						STACK:YES	MULT:YES	CHOOSE:NOCHOICE			SOURCEPAGE:p.6
#Oracle
Bonus Evocation School Spell									KEY:Favored Class Bonus ~ Oracle ~ Wyrwood			CATEGORY:Special Ability		TYPE:SpecialQuality.FavoredClassBonus.FavoredClassOracle				VISIBLE:YES			PRECLASS:1,Oracle=1			PRERACE:1,Wyrwood				DESC:[Not Implemented] Add one spell known from the wizard’s evocation school spell list. This spell must be at least 1 level below the highest-level spell the oracle can cast. That spell is treated as 1 level higher unless it is also on the oracle spell list.							STACK:YES	MULT:YES	CHOOSE:NOCHOICE			SOURCEPAGE:p.6
#Paladin
Bonus Spell per day										KEY:Favored Class Bonus ~ Paladin ~ Wyrwood			CATEGORY:Special Ability		TYPE:SpecialQuality.FavoredClassBonus.FavoredClassPaladin				VISIBLE:YES			PRECLASS:1,Paladin=1			PRERACE:1,Wyrwood				DESC:The paladin gains 1/4 of a bonus spell per day of the highest-level spell that the paladin can cast.	DEFINE:BonusPaladinSpellPerDayWyrwood|0			BONUS:SPELLCAST|CLASS=Paladin;LEVEL=min(4,ceil((Caster_Level_Paladin/3)-1))|BonusPaladinSpellPerDayWyrwood/4		BONUS:VAR|BonusPaladinSpellPerDayWyrwood|1		STACK:YES	MULT:YES	CHOOSE:NOCHOICE			SOURCEPAGE:p.6
#Psychic
Bonus Phrenic Amplification									KEY:Favored Class Bonus ~ Psychic ~ Wyrwood			CATEGORY:Special Ability		TYPE:SpecialQuality.FavoredClassBonus.FavoredClassPsychic				VISIBLE:YES			PRECLASS:1,Psychic=1			PRERACE:1,Wyrwood				DESC:The psychic gains 1/6 of a phrenic amplification.									DEFINE:BonusPsychicPAmpWyrwood|0				BONUS:ABILITYPOOL|Phrenic Amplification|BonusPsychicPAmpWyrwood/6				BONUS:VAR|BonusPsychicPAmpWyrwood|1				STACK:YES	MULT:YES	CHOOSE:NOCHOICE			SOURCEPAGE:p.6
#Rogue
Bonus Rogue Talent										KEY:Favored Class Bonus ~ Rogue ~ Wyrwood				CATEGORY:Special Ability		TYPE:SpecialQuality.FavoredClassBonus.FavoredClassRogue				VISIBLE:YES			PRECLASS:1,Rogue=1			PRERACE:1,Wyrwood				DESC:The rogue gains 1/6 of a rogue talent.											DEFINE:BonusRogueTalentWyrwood|0				BONUS:ABILITYPOOL|Rogue Talent|BonusRogueTalentWyrwood/6					BONUS:VAR|BonusRogueTalentWyrwood|1				STACK:YES	MULT:YES	CHOOSE:NOCHOICE			SOURCEPAGE:p.6
#Slayer
Bonus Slayer Talent										KEY:Favored Class Bonus ~ Slayer ~ Wyrwood			CATEGORY:Special Ability		TYPE:SpecialQuality.FavoredClassBonus.FavoredClassSlayer				VISIBLE:YES			PRECLASS:1,Slayer=1			PRERACE:1,Wyrwood				DESC:The slayer gains 1/6 of a slayer talent.											DEFINE:BonusSlayerTalentWyrwood|0				BONUS:ABILITYPOOL|Slayer Talent|BonusSlayerTalentWyrwood/6					BONUS:VAR|BonusSlayerTalentWyrwood|1			STACK:YES	MULT:YES	CHOOSE:NOCHOICE			SOURCEPAGE:p.6
#Wizard
Bonus Feat (Item creation, metamagic or spell mastery)				KEY:Favored Class Bonus ~ Wizard ~ Wyrwood			CATEGORY:Special Ability		TYPE:SpecialQuality.FavoredClassBonus.FavoredClassWizard				VISIBLE:YES			PRECLASS:1,Wizard=1			PRERACE:1,Wyrwood				DESC:The wizard gains 1/6 of a bonus item creation, metamagic, or spell mastery feat.				DEFINE:BonusWizardFeatWyrwood|0				BONUS:ABILITYPOOL|Wyrwood Wizard Bonus Feat|BonusWizardFeatWyrwood/6			BONUS:VAR|BonusWizardFeatWyrwood|1				STACK:YES	MULT:YES	CHOOSE:NOCHOICE			SOURCEPAGE:p.6
