# CVS $Revision: $ $Author: $ -- Wed Aug 10 23:25:54 2011 -- reformated by prettylst.pl v1.39 (build 15052)
SOURCELONG:Book of Drakes	SOURCESHORT:BoD	SOURCEWEB:http://www.koboldquarterly.com/k/front-page9778.php	SOURCEDATE:2011-06
# Original Entry by: Eric C. Smith

## ----------------------------------------------------------------------------------------------------------------------------------
## Block: Drake Setup
## ----------------------------------------------------------------------------------------------------------------------------------

## Drake Build Base Abilities
# Ability Name				Unique Key					Category of Ability			Type				Ability																																																																Modify VAR															Source Page			Aspects
Base Drake Setup										CATEGORY:Internal			TYPE:Internal		DEFINE:DrakeSpecialAbilityDC|10+HD/2+CON	ABILITY:Internal|AUTOMATIC|Drake Build ~ Internal	ABILITY:Internal|AUTOMATIC|Drake Setup ~ Tiny|Tiny Base Drake Natural Weapons|PRESIZEEQ:T		ABILITY:Internal|AUTOMATIC|Drake Setup ~ Small|Small Base Drake Natural Weapons|PRESIZEEQ:S		ABILITY:Internal|AUTOMATIC|Drake Setup ~ Medium|Medium Base Drake Natural Weapons|PRESIZEEQ:M		ABILITY:Internal|AUTOMATIC|Drake Setup ~ Large|Large Base Drake Natural Weapons|PRESIZEEQ:L
Drake Setup (Tiny)			KEY:Drake Setup ~ Tiny		CATEGORY:Internal			TYPE:Internal		ABILITY:Internal|AUTOMATIC|Drake Flight (Tiny)|!PREABILITY:1,CATEGORY=Special Ability,TYPE.DrakeFlight		BONUS:VAR|BreathWeaponCone|15	BONUS:VAR|BreathWeaponLine|30	BONUS:VAR|BreathWeaponDice|2	BONUS:VAR|BreathWeaponDamageDie|6	BONUS:VAR|BreathWeaponRechargeRateDie|4
Drake Setup (Small)			KEY:Drake Setup ~ Small		CATEGORY:Internal			TYPE:Internal		ABILITY:Internal|AUTOMATIC|Drake Flight (Small)|!PREABILITY:1,CATEGORY=Special Ability,TYPE.DrakeFlight		BONUS:VAR|BreathWeaponCone|20	BONUS:VAR|BreathWeaponLine|40	BONUS:VAR|BreathWeaponDice|3	BONUS:VAR|BreathWeaponDamageDie|6	BONUS:VAR|BreathWeaponRechargeRateDie|4
Drake Setup (Medium)		KEY:Drake Setup ~ Medium	CATEGORY:Internal			TYPE:Internal		ABILITY:Internal|AUTOMATIC|Drake Flight (Medium)|!PREABILITY:1,CATEGORY=Special Ability,TYPE.DrakeFlight		BONUS:VAR|BreathWeaponCone|30	BONUS:VAR|BreathWeaponLine|60	BONUS:VAR|BreathWeaponDice|5	BONUS:VAR|BreathWeaponDamageDie|6	BONUS:VAR|BreathWeaponRechargeRateDie|4
Drake Setup (Large)			KEY:Drake Setup ~ Large		CATEGORY:Internal			TYPE:Internal		ABILITY:Internal|AUTOMATIC|Drake Flight (Large)|!PREABILITY:1,CATEGORY=Special Ability,TYPE.DrakeFlight		BONUS:VAR|BreathWeaponCone|40	BONUS:VAR|BreathWeaponLine|80	BONUS:VAR|BreathWeaponDice|8	BONUS:VAR|BreathWeaponDamageDie|6	BONUS:VAR|BreathWeaponRechargeRateDie|4

## Drake Build Base Abilities
# Ability Name	Unique Key			Unique Key						Category of Ability			Type															Serves As					Define																																									Description																																																																	Modify VAR															Source Page			Aspects
Companion Drake Setup														CATEGORY:Internal	TYPE:Internal		ABILITY:Internal|AUTOMATIC|Companion Drake Build ~ Internal		ABILITY:Internal|AUTOMATIC|Companion Drake Setup ~ Tiny|Tiny Base Drake Natural Weapons|PRESIZEEQ:T		ABILITY:Internal|AUTOMATIC|Companion Drake Setup ~ Small|Small Base Drake Natural Weapons|PRESIZEEQ:S		ABILITY:Internal|AUTOMATIC|Companion Drake Setup ~ Medium|Medium Base Drake Natural Weapons|PRESIZEEQ:M		ABILITY:Internal|AUTOMATIC|Companion Drake Setup ~ Large|Large Base Drake Natural Weapons|PRESIZEEQ:L
Companion Drake Setup (Tiny)		KEY:Companion Drake Setup ~ Tiny		CATEGORY:Internal	TYPE:Internal		ABILITY:Internal|AUTOMATIC|Drake Flight (Tiny)		BONUS:VAR|BreathWeaponCone|15	BONUS:VAR|BreathWeaponLine|30	BONUS:VAR|BreathWeaponDice|2	BONUS:VAR|BreathWeaponDamageDie|6	BONUS:VAR|BreathWeaponRechargeRateDie|4
Companion Drake Setup (Small)		KEY:Companion Drake Setup ~ Small		CATEGORY:Internal	TYPE:Internal		ABILITY:Internal|AUTOMATIC|Drake Flight (Small)		BONUS:VAR|BreathWeaponCone|20	BONUS:VAR|BreathWeaponLine|40	BONUS:VAR|BreathWeaponDice|3	BONUS:VAR|BreathWeaponDamageDie|6	BONUS:VAR|BreathWeaponRechargeRateDie|4
Companion Drake Setup (Medium)		KEY:Companion Drake Setup ~ Medium		CATEGORY:Internal	TYPE:Internal		ABILITY:Internal|AUTOMATIC|Drake Flight (Medium)		BONUS:VAR|BreathWeaponCone|30	BONUS:VAR|BreathWeaponLine|60	BONUS:VAR|BreathWeaponDice|5	BONUS:VAR|BreathWeaponDamageDie|6	BONUS:VAR|BreathWeaponRechargeRateDie|4
Companion Drake Setup (Large)		KEY:Companion Drake Setup ~ Large		CATEGORY:Internal	TYPE:Internal		ABILITY:Internal|AUTOMATIC|Drake Flight (Large)		BONUS:VAR|BreathWeaponCone|40	BONUS:VAR|BreathWeaponLine|80	BONUS:VAR|BreathWeaponDice|8	BONUS:VAR|BreathWeaponDamageDie|6	BONUS:VAR|BreathWeaponRechargeRateDie|4

## Drake Build Base Flight
# Ability Name	Unique Key					Category of Ability		Type				Prerequisite													Define		Visibility			Movement		Modify VAR							Source Page					Description																							Aspects
#Drake Flight								CATEGORY:Internal		TYPE:Internal																					VISIBLE:DISPLAY		ABILITY:Internal|AUTOMATIC|Drake Flight (Tiny)|PRESIZEEQ:T		ABILITY:Internal|AUTOMATIC|Drake Flight (Small)|PRESIZEEQ:S		ABILITY:Internal|AUTOMATIC|Drake Flight (Medium)|PRESIZEEQ:M		ABILITY:Internal|AUTOMATIC|Drake Flight (Large)|PRESIZEEQ:L
Drake Flight (Tiny)							CATEGORY:Internal		TYPE:Internal		!PREABILITY:1,CATEGORY=Special Ability,TYPE.DrakeFlight					VISIBLE:DISPLAY		MOVE:Fly,80		BONUS:VAR|Maneuverability|4			SOURCEPAGE:pg.49
Drake Flight (Small)						CATEGORY:Internal		TYPE:Internal		!PREABILITY:1,CATEGORY=Special Ability,TYPE.DrakeFlight					VISIBLE:DISPLAY		MOVE:Fly,100	BONUS:VAR|Maneuverability|3			SOURCEPAGE:pg.49
Drake Flight (Medium)						CATEGORY:Internal		TYPE:Internal		!PREABILITY:1,CATEGORY=Special Ability,TYPE.DrakeFlight					VISIBLE:DISPLAY		MOVE:Fly,100	BONUS:VAR|Maneuverability|3			SOURCEPAGE:pg.49
Drake Flight (Large)						CATEGORY:Internal		TYPE:Internal		!PREABILITY:1,CATEGORY=Special Ability,TYPE.DrakeFlight					VISIBLE:DISPLAY		MOVE:Fly,150	BONUS:VAR|Maneuverability|2			SOURCEPAGE:pg.49

## Drake Build Natural Weapons
# Ability Name	Unique Key		Key						Category of Ability		Type															Serves As					Define																																									Description																																																																	Modify VAR															Source Page			Aspects
Tiny Base Drake Natural Weapons							CATEGORY:Internal		TYPE:Internal			NATURALATTACKS:Bite,Weapon.Natural.Melee.Finesseable.Bludgeoning.Piercing.Slashing,*1,1d3		NATURALATTACKS:Claw,Weapon.Natural.Melee.Finesseable.Bludgeoning.Slashing,*2,1d2
Small Base Drake Natural Weapons						CATEGORY:Internal		TYPE:Internal			NATURALATTACKS:Bite,Weapon.Natural.Melee.Finesseable.Bludgeoning.Piercing.Slashing,*1,1d6		NATURALATTACKS:Claw,Weapon.Natural.Melee.Finesseable.Bludgeoning.Slashing,*2,1d4		BONUS:WEAPONPROF=Bite|DAMAGESIZE|-1|PREVAREQ:DrakeSize,1		BONUS:WEAPONPROF=Claw|DAMAGESIZE|-1|PREVAREQ:DrakeSize,1
Medium Base Drake Natural Weapons						CATEGORY:Internal		TYPE:Internal			NATURALATTACKS:Bite,Weapon.Natural.Melee.Finesseable.Bludgeoning.Piercing.Slashing,*1,1d6		NATURALATTACKS:Claw,Weapon.Natural.Melee.Finesseable.Bludgeoning.Slashing,*2,1d4		NATURALATTACKS:Wing,Weapon.Natural.Melee.Finesseable.Bludgeoning,*2,1d4		BONUS:WEAPONPROF=Wing|DAMAGE|-(STR/2)	BONUS:WEAPONPROF=Wing|TOHIT|-5	BONUS:WEAPONPROF=Wing|TOHIT|3|PREFEAT:1,Multiattack
Large Base Drake Natural Weapons						CATEGORY:Internal		TYPE:Internal			NATURALATTACKS:Bite,Weapon.Natural.Melee.Finesseable.Bludgeoning.Piercing.Slashing,*1,1d10		NATURALATTACKS:Claw,Weapon.Natural.Melee.Finesseable.Bludgeoning.Slashing,*2,1d6		NATURALATTACKS:Wing,Weapon.Natural.Melee.Finesseable.Bludgeoning,*2,1d6		NATURALATTACKS:Tail Slap,Weapon.Natural.Melee.Finesseable.Bludgeoning,*1,1d8		BONUS:WEAPONPROF=Wing|DAMAGE|-(STR/2)	BONUS:WEAPONPROF=Wing|TOHIT|-5	BONUS:WEAPONPROF=Wing|TOHIT|3|PREFEAT:1,Multiattack		BONUS:WEAPONPROF=Tail Slap|DAMAGE|-(STR/2)	BONUS:WEAPONPROF=Tail Slap|TOHIT|-5	BONUS:WEAPONPROF=Tail Slap|TOHIT|3|PREFEAT:1,Multiattack

## Drake Build Breath Weapons
# Ability Name	Unique Key		Key											Category of Ability			Type															Serves As					Define																																									Description																																																																	Modify VAR															Source Page			Aspects
Breath Weapon (Line/Acid)		KEY:Drake Breath Weapon ~ Line of Acid		CATEGORY:Special Ability	TYPE:SpecialAttack.Supernatural.DrakeBreath	VISIBLE:YES					DEFINE:BreathWeaponLine|0	DEFINE:BreathWeaponDice|0	DEFINE:BreathWeaponDamageDie|0	DEFINE:BreathWeaponRechargeRateDie|0	DEFINE:BreathWeaponDC|10+(HD/2)+CON		DESC:%1' Line of Acid %2d%3 acid, DC %4, usable every 1d%5 rounds. Breath weapons allow a Reflex save for half damage. You are immune to your own breath weapon.|BreathWeaponLine|BreathWeaponDice|BreathWeaponDamageDie|BreathWeaponDC|BreathWeaponRechargeRateDie|PREVARGT:BreathWeaponRechargeRateDie,1		DESC:%1' Line of Acid %2d%3 acid, DC %4, usable every round. Breath weapons allow a Reflex save for half damage. You are immune to your own breath weapon.|BreathWeaponLine|BreathWeaponDice|BreathWeaponDamageDie|BreathWeaponDC|PREVAREQ:BreathWeaponRechargeRateDie,1			BONUS:VAR|BreathWeaponDC|2|PREFEAT:1,Ability Focus (Breath Weapon)	SOURCEPAGE:p.298	ASPECT:Ability Benefit|(%1' Line of Acid %2d%3 acid, DC %4, usable 1d%5)|BreathWeaponLine|BreathWeaponDice|BreathWeaponDamageDie|BreathWeaponDC|BreathWeaponRechargeRateDie
Breath Weapon (Cone/Cold)		KEY:Drake Breath Weapon ~ Cone of Cold		CATEGORY:Special Ability	TYPE:SpecialAttack.Supernatural.DrakeBreath	VISIBLE:YES					DEFINE:BreathWeaponCone|0	DEFINE:BreathWeaponDice|0	DEFINE:BreathWeaponDamageDie|0	DEFINE:BreathWeaponRechargeRateDie|0	DEFINE:BreathWeaponDC|10+(HD/2)+CON		DESC:%1' Cone of Cold %2d%3 cold, DC %4, usable every 1d%5 rounds. Breath weapons allow a Reflex save for half damage. You are immune to your own breath weapon.|BreathWeaponCone|BreathWeaponDice|BreathWeaponDamageDie|BreathWeaponDC|BreathWeaponRechargeRateDie|PREVARGT:BreathWeaponRechargeRateDie,1		DESC:%1' Cone of Cold %2d%3 cold, DC %4, usable every round. Breath weapons allow a Reflex save for half damage. You are immune to your own breath weapon.|BreathWeaponCone|BreathWeaponDice|BreathWeaponDamageDie|BreathWeaponDC|PREVAREQ:BreathWeaponRechargeRateDie,1			BONUS:VAR|BreathWeaponDC|2|PREFEAT:1,Ability Focus (Breath Weapon)	SOURCEPAGE:p.298	ASPECT:Ability Benefit|(%1' Cone of Cold %2d%3 cold, DC %4, usable 1d%5)|BreathWeaponCone|BreathWeaponDice|BreathWeaponDamageDie|BreathWeaponDC|BreathWeaponRechargeRateDie
Breath Weapon (Cone/Fire)		KEY:Drake Breath Weapon ~ Cone of Fire		CATEGORY:Special Ability	TYPE:SpecialAttack.Supernatural.DrakeBreath	VISIBLE:YES					DEFINE:BreathWeaponCone|0	DEFINE:BreathWeaponDice|0	DEFINE:BreathWeaponDamageDie|0	DEFINE:BreathWeaponRechargeRateDie|0	DEFINE:BreathWeaponDC|10+(HD/2)+CON		DESC:%1' Cone of Fire %2d%3 Fire, DC %4, usable every 1d%5 rounds. Breath weapons allow a Reflex save for half damage. You are immune to your own breath weapon.|BreathWeaponCone|BreathWeaponDice|BreathWeaponDamageDie|BreathWeaponDC|BreathWeaponRechargeRateDie|PREVARGT:BreathWeaponRechargeRateDie,1		DESC:%1' Cone of Fire %2d%3 Fire, DC %4, usable every round. Breath weapons allow a Reflex save for half damage. You are immune to your own breath weapon.|BreathWeaponCone|BreathWeaponDice|BreathWeaponDamageDie|BreathWeaponDC|PREVAREQ:BreathWeaponRechargeRateDie,1			BONUS:VAR|BreathWeaponDC|2|PREFEAT:1,Ability Focus (Breath Weapon)	SOURCEPAGE:p.298	ASPECT:Ability Benefit|(%1' Cone of Fire %2d%3 Fire, DC %4, usable 1d%5)|BreathWeaponCone|BreathWeaponDice|BreathWeaponDamageDie|BreathWeaponDC|BreathWeaponRechargeRateDie
Breath Weapon (Line/Fire)		KEY:Drake Breath Weapon ~ Line of Fire		CATEGORY:Special Ability	TYPE:SpecialAttack.Supernatural.DrakeBreath	VISIBLE:YES					DEFINE:BreathWeaponLine|0	DEFINE:BreathWeaponDice|0	DEFINE:BreathWeaponDamageDie|0	DEFINE:BreathWeaponRechargeRateDie|0	DEFINE:BreathWeaponDC|10+(HD/2)+CON		DESC:%1' Line of Fire %2d%3 fire, DC %4, usable every 1d%5 rounds. Breath weapons allow a Reflex save for half damage. You are immune to your own breath weapon.|BreathWeaponLine|BreathWeaponDice|BreathWeaponDamageDie|BreathWeaponDC|BreathWeaponRechargeRateDie|PREVARGT:BreathWeaponRechargeRateDie,1		DESC:%1' Line of Fire %2d%3 fire, DC %4, usable every round. Breath weapons allow a Reflex save for half damage. You are immune to your own breath weapon.|BreathWeaponLine|BreathWeaponDice|BreathWeaponDamageDie|BreathWeaponDC|PREVAREQ:BreathWeaponRechargeRateDie,1			BONUS:VAR|BreathWeaponDC|2|PREFEAT:1,Ability Focus (Breath Weapon)	SOURCEPAGE:p.298	ASPECT:Ability Benefit|(%1' Line of Fire %2d%3 fire, DC %4, usable 1d%5)|BreathWeaponLine|BreathWeaponDice|BreathWeaponDamageDie|BreathWeaponDC|BreathWeaponRechargeRateDie
Breath Weapon (Line/Lightning)	KEY:Drake Breath Weapon ~ Line of Lightning	CATEGORY:Special Ability	TYPE:SpecialAttack.Supernatural.DrakeBreath	VISIBLE:YES					DEFINE:BreathWeaponLine|0	DEFINE:BreathWeaponDice|0	DEFINE:BreathWeaponDamageDie|0	DEFINE:BreathWeaponRechargeRateDie|0	DEFINE:BreathWeaponDC|10+(HD/2)+CON		DESC:%1' Line of Lightning %2d%3 electricity, DC %4, usable every 1d%5 rounds. Breath weapons allow a Reflex save for half damage. You are immune to your own breath weapon.|BreathWeaponLine|BreathWeaponDice|BreathWeaponDamageDie|BreathWeaponDC|BreathWeaponRechargeRateDie|PREVARGT:BreathWeaponRechargeRateDie,1		DESC:%1' Line of Lightning %2d%3 electricity, DC %4, usable every round. Breath weapons allow a Reflex save for half damage. You are immune to your own breath weapon.|BreathWeaponLine|BreathWeaponDice|BreathWeaponDamageDie|BreathWeaponDC|PREVAREQ:BreathWeaponRechargeRateDie,1	BONUS:VAR|BreathWeaponDC|2|PREFEAT:1,Ability Focus (Breath Weapon)	SOURCEPAGE:p.298	ASPECT:Ability Benefit|(%1' Line of Lightning %2d%3 electricity, DC %4, usable 1d%5)|BreathWeaponLine|BreathWeaponDice|BreathWeaponDamageDie|BreathWeaponDC|BreathWeaponRechargeRateDie
# Set Damage Dice with BONUS:VAR|BreathWeaponDice|x
# Set Die size with BONUS:VAR|BreathWeaponDamageDie|x
# Set Duration with BONUS:VAR|BreathWeaponDuration|x
# Set Range with BONUS:VAR|BreathWeaponCone|x or BONUS:VAR|BreathWeaponLine|x or BONUS:VAR|BreathWeaponSpray|x
# Set Recharge Rate with BONUS:VAR|BreathWeaponRechargeRateDie|x

## ----------------------------------------------------------------------------------------------------------------------------------
## Block: Drake Build
## ----------------------------------------------------------------------------------------------------------------------------------

## Drake Build, General
# Ability Name					Unique Key							Output Name						Category of Ability		Type										Visible	Multiple Requirements				Define																														Description																																								Multiple?	Choose											Automatically Gained Weapon Prof.	Ability																																																																								Bonus to skill		Modify VAR																					Weapon prof. bonus								Class Skill	Source Page		Aspects																							Description of the Benefits																																																																																																																																																																																																																																																																																																																																																																																																																																																	Temporary effect description
Drake Build		KEY:Drake Build ~ Internal	CATEGORY:Internal	TYPE:Internal	VISIBLE:NO	BONUS:MISC|CR|HD-2|PREVAREQ:DrakeSize,1	BONUS:MISC|CR|HD-3|PREVAREQ:DrakeSize,2	BONUS:MISC|CR|HD-4|PREVAREQ:DrakeSize,3	BONUS:MISC|CR|HD-5|PREVAREQ:DrakeSize,4	BONUS:MISC|CR|-1|PREHD:MIN=10	BONUS:MISC|CR|-1|PREHD:MIN=15	ABILITY:Special Ability|AUTOMATIC|Flight Maneuverability|Immunity to Magical Sleep|Immunity to Paralysis			BONUS:ABILITYPOOL|Drake Breath|1
CATEGORY=Internal|Drake Build ~ Internal.MOD	DEFINE:DrakeBuildIncreaseNaturaBitelAttackTimes|0
CATEGORY=Internal|Drake Build ~ Internal.MOD	DEFINE:DrakeBuildIncreaseNaturaClawlAttackTimes|0
CATEGORY=Internal|Drake Build ~ Internal.MOD	DEFINE:DrakeBuildIncreaseNaturaWinglAttackTimes|0
CATEGORY=Internal|Drake Build ~ Internal.MOD	DEFINE:DrakeBuildIncreaseNaturaTailSlaplAttackTimes|0
CATEGORY=Internal|Drake Build ~ Internal.MOD	DEFINE:DrakeBuildIncreaseNaturaTentaclelAttackTimes|0
CATEGORY=Internal|Drake Build ~ Internal.MOD	DEFINE:DrakeBuildIncreaseNaturaSlamlAttackTimes|0
CATEGORY=Internal|Drake Build ~ Internal.MOD	DEFINE:DrakeBuildIncreaseNaturaStinglAttackTimes|0
CATEGORY=Internal|Drake Build ~ Internal.MOD	DEFINE:DrakeBuildIncreaseBreathWeaponDamageDieTimes|0
CATEGORY=Internal|Drake Build ~ Internal.MOD	DEFINE:DrakeBuildDecreaseBreathWeaponDamageDieTimes|0
CATEGORY=Internal|Drake Build ~ Internal.MOD	DEFINE:DrakeBuildBleedDamageTimes|0

## ----------------------------------------------------------------------------------------------------------------------------------
## Block: Companion Drake Build
## ----------------------------------------------------------------------------------------------------------------------------------

## Drake Build, Companion
# Ability Name					Unique Key								Category of Ability		Type			Visible		Abilities																																Multiple?	Choose											Automatically Gained Weapon Prof.	Ability																																																																								Bonus to skill		Modify VAR																					Weapon prof. bonus								Class Skill	Source Page		Aspects																							Description of the Benefits																																																																																																																																																																																																																																																																																																																																																																																																																																																	Temporary effect description
Companion Drake Build			KEY:Companion Drake Build ~ Internal	CATEGORY:Internal		TYPE:Internal	VISIBLE:NO	ABILITY:Special Ability|AUTOMATIC|Flight Maneuverability|Immunity to Magical Sleep|Immunity to Paralysis
CATEGORY=Internal|Companion Drake Build ~ Internal.MOD	DEFINE:DrakeBuildIncreaseNaturaBitelAttackTimes|0
CATEGORY=Internal|Companion Drake Build ~ Internal.MOD	DEFINE:DrakeBuildIncreaseNaturaClawlAttackTimes|0
CATEGORY=Internal|Companion Drake Build ~ Internal.MOD	DEFINE:DrakeBuildIncreaseNaturaWinglAttackTimes|0
CATEGORY=Internal|Companion Drake Build ~ Internal.MOD	DEFINE:DrakeBuildIncreaseNaturaTailSlaplAttackTimes|0
CATEGORY=Internal|Companion Drake Build ~ Internal.MOD	DEFINE:DrakeBuildIncreaseNaturaTentaclelAttackTimes|0
CATEGORY=Internal|Companion Drake Build ~ Internal.MOD	DEFINE:DrakeBuildIncreaseNaturaSlamlAttackTimes|0
CATEGORY=Internal|Companion Drake Build ~ Internal.MOD	DEFINE:DrakeBuildIncreaseNaturaStinglAttackTimes|0
CATEGORY=Internal|Companion Drake Build ~ Internal.MOD	DEFINE:DrakeBuildIncreaseBreathWeaponDamageDieTimes|0
CATEGORY=Internal|Companion Drake Build ~ Internal.MOD	DEFINE:DrakeBuildDecreaseBreathWeaponDamageDieTimes|0
CATEGORY=Internal|Companion Drake Build ~ Internal.MOD	DEFINE:DrakeBuildBleedDamageTimes|0

## ----------------------------------------------------------------------------------------------------------------------------------
## Block: Base Mechanical Features
## ----------------------------------------------------------------------------------------------------------------------------------

## Drake Build Ability Score Modifications
# Ability Name					Unique Key							Output Name						Category of Ability		Type										Visible	Multiple Requirements				Define																														Description																																								Multiple?	Choose											Automatically Gained Weapon Prof.	Ability																																																																								Bonus to skill		Modify VAR																					Weapon prof. bonus								Class Skill	Source Page		Aspects																							Description of the Benefits																																																																																																																																																																																																																																																																																																																																																																																																																																																	Temporary effect description
Increase Ability Score I			KEY:Increase Ability I ~ Drake Build Feature		CATEGORY:Special Ability		TYPE:DrakeStatMod	VISIBLE:DISPLAY	STACK:YES	MULT:YES	CHOOSE:STAT		BONUS:STAT|%LIST|1	COST:5		SOURCEPAGE:pg.51	DESC:Increase the selected ability score by +1.
Increase Ability Score II			KEY:Increase Ability II ~ Drake Build Feature		CATEGORY:Special Ability		TYPE:DrakeStatMod	VISIBLE:DISPLAY	STACK:YES	MULT:YES	CHOOSE:STAT		BONUS:STAT|%LIST|2	COST:7		SOURCEPAGE:pg.51	DESC:Increase the selected ability score by +2.
Decrease Ability Score I			KEY:Decrease Ability I ~ Drake Build Feature		CATEGORY:Special Ability		TYPE:DrakeStatMod	VISIBLE:DISPLAY	STACK:YES	MULT:YES	CHOOSE:STAT		BONUS:STAT|%LIST|-1	COST:-5		SOURCEPAGE:pg.51	DESC:Decrease the selected ability score by -1.
Decrease Ability Score II			KEY:Decrease Ability II ~ Drake Build Feature		CATEGORY:Special Ability		TYPE:DrakeStatMod	VISIBLE:DISPLAY	STACK:YES	MULT:YES	CHOOSE:STAT		BONUS:STAT|%LIST|-2	COST:-7		SOURCEPAGE:pg.51	DESC:Decrease the selected ability score by -2.

## Drake Build Natural Armor and Attack Modifications
# Ability Name				Unique Key							Output Name		Category of Ability				Type										Visible	Multiple Requirements				Define																														Description																																								Multiple?	Choose											Automatically Gained Weapon Prof.	Ability																																																																								Bonus to skill		Modify VAR																					Weapon prof. bonus								Class Skill	Source Page		Aspects																							Description of the Benefits																																																																																																																																																																																																																																																																																																																																																																																																																																																	Temporary effect description
Increase Natural Armor		KEY:Increase Natural Armor ~ Drake Build Feature	CATEGORY:Special Ability		TYPE:DrakeNaturalArmorMod	VISIBLE:DISPLAY	STACK:YES	MULT:YES	CHOOSE:NOCHOICE								BONUS:COMBAT|AC|1|TYPE=NaturalArmor.STACK	COST:1		SOURCEPAGE:pg.51	DESC:Increase natural armor score by +1.
Increase Natural Attack (Bite)		KEY:Increase Natural Attack Bite ~ Drake Build Feature	CATEGORY:Special Ability		TYPE:DrakeNaturalAttackMod	VISIBLE:DISPLAY	PREWEAPONPROF:1,Bite	PREVARLT:DrakeBuildIncreaseNaturalBiteAttackTimes,2		BONUS:WEAPONPROF=Bite|DAMAGESIZE|1	BONUS:VAR|DrakeBuildIncreaseNaturalBiteAttackTimes|1		COST:3		SOURCEPAGE:pg.51	DESC:Increase the natural bite attack damage by 1 size step.
Increase Natural Attack (Claw)		KEY:Increase Natural Attack Claw ~ Drake Build Feature	CATEGORY:Special Ability		TYPE:DrakeNaturalAttackMod	VISIBLE:DISPLAY	PREWEAPONPROF:1,Claw	PREVARLT:DrakeBuildIncreaseNaturalClawAttackTimes,2		BONUS:WEAPONPROF=Claw|DAMAGESIZE|1	BONUS:VAR|DrakeBuildIncreaseNaturalClawAttackTimes|1		COST:3		SOURCEPAGE:pg.51	DESC:Increase the natural claw attack damage by 1 size step.
Increase Natural Attack (Wing)		KEY:Increase Natural Attack Wing ~ Drake Build Feature	CATEGORY:Special Ability		TYPE:DrakeNaturalAttackMod	VISIBLE:DISPLAY	PREWEAPONPROF:1,Wing	PREVARLT:DrakeBuildIncreaseNaturalWingAttackTimes,2		BONUS:WEAPONPROF=Wing|DAMAGESIZE|1	BONUS:VAR|DrakeBuildIncreaseNaturalWingAttackTimes|1		COST:3		SOURCEPAGE:pg.51	DESC:Increase the natural wing attack damage by 1 size step.
Increase Natural Attack (Tail Slap)		KEY:Increase Natural Attack Tail Slap ~ Drake Build Feature	CATEGORY:Special Ability		TYPE:DrakeNaturalAttackMod	VISIBLE:DISPLAY	PREWEAPONPROF:1,Tail Slap	PREVARLT:DrakeBuildIncreaseNaturalTailSlapAttackTimes,2		BONUS:WEAPONPROF=Tail Slap|DAMAGESIZE|1	BONUS:VAR|DrakeBuildIncreaseNaturalTailSlapAttackTimes|1		COST:3		SOURCEPAGE:pg.51	DESC:Increase the natural tail slap attack damage by 1 size step.
Increase Natural Attack (Tentacle)		KEY:Increase Natural Attack Tentacle ~ Drake Build Feature	CATEGORY:Special Ability		TYPE:DrakeNaturalAttackMod	VISIBLE:DISPLAY	PREWEAPONPROF:1,Tentacle	PREVARLT:DrakeBuildIncreaseNaturalTentacleAttackTimes,2		BONUS:WEAPONPROF=Tentacle|DAMAGESIZE|1	BONUS:VAR|DrakeBuildIncreaseNaturalTentacleAttackTimes|1		COST:3		SOURCEPAGE:pg.51	DESC:Increase the natural tentacle attack damage by 1 size step.
Increase Natural Attack (Slam)		KEY:Increase Natural Attack Slam ~ Drake Build Feature	CATEGORY:Special Ability		TYPE:DrakeNaturalAttackMod	VISIBLE:DISPLAY	PREWEAPONPROF:1,Slam	PREVARLT:DrakeBuildIncreaseNaturalSlamAttackTimes,2		BONUS:WEAPONPROF=Slam|DAMAGESIZE|1	BONUS:VAR|DrakeBuildIncreaseNaturalSlamAttackTimes|1		COST:3		SOURCEPAGE:pg.51	DESC:Increase the natural slam attack damage by 1 size step.
Increase Natural Attack (Sting)		KEY:Increase Natural Attack Sting ~ Drake Build Feature	CATEGORY:Special Ability		TYPE:DrakeNaturalAttackMod	VISIBLE:DISPLAY	PREWEAPONPROF:1,Sting	PREVARLT:DrakeBuildIncreaseNaturalStingAttackTimes,2		BONUS:WEAPONPROF=Sting|DAMAGESIZE|1	BONUS:VAR|DrakeBuildIncreaseNaturalStingAttackTimes|1		COST:3		SOURCEPAGE:pg.51	DESC:Increase the natural sting attack damage by 1 size step.

## Drake Build Breath Weapon Mods
# Ability Name	Unique Key						Category of Ability		Type								Serves As							Define																					Description																																								Modify VAR											Source Page		Aspects
Add Breath Weapon Damage Dice					KEY:Add Breath Weapon Damage Dice ~ Drake Build Feature			CATEGORY:Special Ability	TYPE:DrakeBreathWeaponMods	VISIBLE:DISPLAY		STACK:YES	MULT:YES	CHOOSE:NOCHOICE		BONUS:VAR|BreathWeaponDice|1	COST:5		SOURCEPAGE:pg.52	DESC:Increase the number of damage dice for the breath weapon by +1 die.
Increase Breath Weapon Damage Die				KEY:Increase Breath Weapon Damage Die ~ Drake Build Feature		CATEGORY:Special Ability	TYPE:DrakeBreathWeaponMods	VISIBLE:DISPLAY		MULT:NO		BONUS:VAR|BreatWeaponDamageDie|2	COST:6		SOURCEPAGE:pg.52	DESC:Increase the size of the breath weapon's damage die by +1 step.
Decrease Breath Weapon Damage Die				KEY:Decrease Breath Weapon Damage Die ~ Drake Build Feature		CATEGORY:Special Ability	TYPE:DrakeBreathWeaponMods	VISIBLE:DISPLAY		MULT:NO		BONUS:VAR|BreathWeaponDamageDie|-2	COST:-3		SOURCEPAGE:pg.52	DESC:Decrease the size of the breath weapon's damage die by -1 step.
Increase Breath Weapon Recharge Rate			KEY:Increase Breath Weapon Recharge Rate ~ Drake Build Feature		CATEGORY:Special Ability	TYPE:DrakeBreathWeaponMods	VISIBLE:DISPLAY	PREVARGT:BreathWeaponRechargeRateDie,1	STACK:YES	MULT:YES	CHOOSE:NOCHOICE		BONUS:VAR|BreathWeaponRechargeRateDie|-1	COST:5		SOURCEPAGE:pg.52	DESC:Increase the selected ability score by +1

## Drake Build Movement
# Ability Name	Unique Key													Category of Ability				Type																Prerequisite													Define		Visibility			Movement		Modify VAR				Cost		Source Page					Description																							Aspects
No Fly Speed						KEY:No Fly Speed ~ Drake Build Feature	CATEGORY:Special Ability		TYPE:DrakeMovement.DrakeFlight																				VISIBLE:DISPLAY												COST:-5		SOURCEPAGE:pg.52
#No Wing Attack
#Nightborn
#Climb
#Swim
#Burrow

## Drake Build Improved Movement
# Ability Name	Unique Key						Category of Ability		Type								Serves As							Define																					Description																																								Modify VAR											Source Page		Aspects
Increase Base Movement (5)			KEY:Increase Base Move V ~ Drake Build Feature	CATEGORY:Special Ability	TYPE:DrakeMovementMod	VISIBLE:DISPLAY		BONUS:MOVEADD|TYPE.Walk|5		COST:5		SOURCEPAGE:pg.52
Increase Base Movement (10)			KEY:Increase Base Move X ~ Drake Build Feature	CATEGORY:Special Ability	TYPE:DrakeMovementMod	VISIBLE:DISPLAY		BONUS:MOVEADD|TYPE.Walk|10		COST:7		SOURCEPAGE:pg.52
Increase Base Movement (15)			KEY:Increase Base Move XIV ~ Drake Build Feature	CATEGORY:Special Ability	TYPE:DrakeMovementMod	VISIBLE:DISPLAY		BONUS:MOVEADD|TYPE.Walk|15		COST:9		SOURCEPAGE:pg.52
Increase Base Movement (20)			KEY:Increase Base Move XX ~ Drake Build Feature	CATEGORY:Special Ability	TYPE:DrakeMovementMod	VISIBLE:DISPLAY		BONUS:MOVEADD|TYPE.Walk|20		COST:12		SOURCEPAGE:pg.52
Increase Fly Movement (5)			KEY:Increase Fly Move V ~ Drake Build Feature	CATEGORY:Special Ability	TYPE:DrakeMovementMod	VISIBLE:DISPLAY		BONUS:MOVEADD|TYPE.Fly|5		COST:5		SOURCEPAGE:pg.52
Increase Fly Movement (10)			KEY:Increase Fly Move X ~ Drake Build Feature	CATEGORY:Special Ability	TYPE:DrakeMovementMod	VISIBLE:DISPLAY		BONUS:MOVEADD|TYPE.Fly|10		COST:7		SOURCEPAGE:pg.52
Increase Fly Movement (15)			KEY:Increase Fly Move XIV ~ Drake Build Feature	CATEGORY:Special Ability	TYPE:DrakeMovementMod	VISIBLE:DISPLAY		BONUS:MOVEADD|TYPE.Fly|15		COST:9		SOURCEPAGE:pg.52
Increase Fly Movement (20)			KEY:Increase Fly Move XX ~ Drake Build Feature	CATEGORY:Special Ability	TYPE:DrakeMovementMod	VISIBLE:DISPLAY		BONUS:MOVEADD|TYPE.Fly|20		COST:12		SOURCEPAGE:pg.52
Increase Climb Movement (5)			KEY:Increase Climb Move V ~ Drake Build Feature	CATEGORY:Special Ability	TYPE:DrakeMovementMod	VISIBLE:DISPLAY		BONUS:MOVEADD|TYPE.Climb|5		COST:5		SOURCEPAGE:pg.52
Increase Climb Movement (10)			KEY:Increase Climb Move X ~ Drake Build Feature	CATEGORY:Special Ability	TYPE:DrakeMovementMod	VISIBLE:DISPLAY		BONUS:MOVEADD|TYPE.Climb|10		COST:7		SOURCEPAGE:pg.52
Increase Climb Movement (15)			KEY:Increase Climb Move XIV ~ Drake Build Feature	CATEGORY:Special Ability	TYPE:DrakeMovementMod	VISIBLE:DISPLAY		BONUS:MOVEADD|TYPE.Climb|15		COST:9		SOURCEPAGE:pg.52
Increase Climb Movement (20)			KEY:Increase Climb Move XX ~ Drake Build Feature	CATEGORY:Special Ability	TYPE:DrakeMovementMod	VISIBLE:DISPLAY		BONUS:MOVEADD|TYPE.Climb|20		COST:12		SOURCEPAGE:pg.52
Increase Swim Movement (5)			KEY:Increase Swim Move V ~ Drake Build Feature	CATEGORY:Special Ability	TYPE:DrakeMovementMod	VISIBLE:DISPLAY		BONUS:MOVEADD|TYPE.Swim|5		COST:5		SOURCEPAGE:pg.52
Increase Swim Movement (10)			KEY:Increase Swim Move X ~ Drake Build Feature	CATEGORY:Special Ability	TYPE:DrakeMovementMod	VISIBLE:DISPLAY		BONUS:MOVEADD|TYPE.Swim|10		COST:7		SOURCEPAGE:pg.52
Increase Swim Movement (15)			KEY:Increase Swim Move XIV ~ Drake Build Feature	CATEGORY:Special Ability	TYPE:DrakeMovementMod	VISIBLE:DISPLAY		BONUS:MOVEADD|TYPE.Swim|15		COST:9		SOURCEPAGE:pg.52
Increase Swim Movement (20)			KEY:Increase Swim Move XX ~ Drake Build Feature	CATEGORY:Special Ability	TYPE:DrakeMovementMod	VISIBLE:DISPLAY		BONUS:MOVEADD|TYPE.Swim|20		COST:12		SOURCEPAGE:pg.52
Increase Burrow Movement (5)			KEY:Increase Burrow Move V ~ Drake Build Feature	CATEGORY:Special Ability	TYPE:DrakeMovementMod	VISIBLE:DISPLAY		BONUS:MOVEADD|TYPE.Burrow|5		COST:5		SOURCEPAGE:pg.52
Increase Burrow Movement (10)			KEY:Increase Burrow Move X ~ Drake Build Feature	CATEGORY:Special Ability	TYPE:DrakeMovementMod	VISIBLE:DISPLAY		BONUS:MOVEADD|TYPE.Burrow|10		COST:7		SOURCEPAGE:pg.52
Increase Burrow Movement (15)			KEY:Increase Burrow Move XIV ~ Drake Build Feature	CATEGORY:Special Ability	TYPE:DrakeMovementMod	VISIBLE:DISPLAY		BONUS:MOVEADD|TYPE.Burrow|15		COST:9		SOURCEPAGE:pg.52
Increase Burrow Movement (20)			KEY:Increase Burrow Move XX ~ Drake Build Feature	CATEGORY:Special Ability	TYPE:DrakeMovementMod	VISIBLE:DISPLAY		BONUS:MOVEADD|TYPE.Burrow|20		COST:12		SOURCEPAGE:pg.52

## Drake Build Spell-Like Abilities
# Ability Name	Unique Key				Key													Category of Ability			Type								Serves As							Define																					Description																																								Modify VAR											Source Page		Aspects
Spell-like Ability (1/day, 1st lvl Spell)				KEY:Spell-like Ability I/I ~ Drake Build Feature		CATEGORY:Special Ability	TYPE:SpelllikeAbility.Spelllike	VISIBLE:DISPLAY 		DEFINE:SLA_CL|HD	STACK:NO	MULT:YES	CHOOSE:SPELLS|ANY[LEVELMIN=1;LEVELMAX=1]	COST:2		SOURCEPAGE:pg.52	DESC:You cast %1 per the spell of the same name 1/day and casterlevel %2.|%CHOICE|SLA_CL

## Drake Build Spell-Like Abilities
# Ability Name				Unique Key										Category of Ability			Type								Serves As							Define																					Description																																								Modify VAR											Source Page		Aspects
Increase Size				KEY:Increase Size ~ Drake Build Feature			CATEGORY:Special Ability	TYPE:DrakeSizeMod		PREMULT:1,[PRESIZEEQ:S],[PRESIZEEQ:M]		BONUS:SIZEMOD|NUMBER|1
Bonus Feature Points		KEY:Bonus Feature Points ~ Drake Build Feature	CATEGORY:Special Ability	TYPE:DrakeSizeMod		PREMULT:1,[PRESIZEEQ:S],[PRESIZEEQ:M]		BONUS:ABILITYPOOL|Drake Build Feature|10

## ----------------------------------------------------------------------------------------------------------------------------------
## Block: Advanced Mechanical Features
## ----------------------------------------------------------------------------------------------------------------------------------

## Block: Modified Universal Monster Abilities
# Ability Name	Unique Key						Category of Ability		Type								Serves As							Define																					Description																																								Modify VAR											Source Page		Aspects
Amphibious		KEY:Amphibious ~ Drake Build Feature		CATEGORY:Special Ability	TYPE:SpecialQuality.Extraordinary.AdvancedMechanicalFeature	SERVESAS:ABILITY=Special Ability|Amphibious		TEMPLATE:Aquatic	DESC:You have the aquatic subtype, but you can survive indefinitely on land.				COST:3			SOURCEPAGE:pg.52

Air Breather	KEY:Air Breather ~ Drake Build Feature	CATEGORY:Special Ability	TYPE:SpecialQuality.AdvancedMechanicalFeature	PRERACE:1,RACESUBTYPE=Aquatic															DESC:Drakes with the aquatic subtype can choose this Drake Build Feature in order to breathe air as well.		COST:2		SOURCEPAGE:pg.52

Bleed			KEY:Bleed ~ Drake Build Feature			CATEGORY:Special Ability	TYPE:SpecialAttack.Extraordinary.AdvancedMechanicalFeature	DEFINE:DrakeBleedDamage|0	BONUS:VAR|DrakeBuildBleedDamageTimes|1	STACK:YES	MULT:YES	CHOOSE:NOCHOICE		DESC:Your claw and bite attacks causes wounds that continue to bleed.		COST:4		SOURCEPAGE:pg.52	BENEFIT:Your claw and bite attacks causes wounds that continue to bleed. The affected creature suffers %1 damage each round at the start of its turn. A successful DC 15 Heal skill check or any magical healing that restores hit points ends this effect.|DrakeBleedDamage		ASPECT:Ability Benefit|%1 damage/round|DrakeBleedDamage
# COMMENT: The BoD version of bleed isn't formated the same as the Bestiary's. Bleed 3 (BoD) versus Bleed 2d6 (B)
# To set the Bleed value us BONUS:VAR|DrakeBleedDamage|x

Blindsense		KEY:Blindsense ~ Drake Build Feature		CATEGORY:Special Ability	TYPE:SpecialQuality.Extraordinary.AdvancedMechanicalFeature	VISION:Blindsense (60')		DESC:Using nonvisual senses, such as acute smell or hearing, you notice things you cannot see.		COST:4		SOURCEPAGE:pg.52	BENEFIT:Using nonvisual senses, such as acute smell or hearing, you notice things you cannot see. The drake with line of effect to a creature or object within range of its blindsense ability usually need not make Perception checks to pinpoint that creature or object. Any opponent the drake cannot see still has total concealment against the drake, and it still has the normal miss chance when attacking foes that have concealment. Visibility still affects the movement of a drake with blindsense. A drake with blindsense is still denied its Dexterity bonus to Armor Class against attacks from creatures it cannot see.

Blindsight		KEY:Blindsight ~ Drake Build Feature		CATEGORY:Special Ability	TYPE:SpecialQuality.Extraordinary.AdvancedMechanicalFeature	VISION:Blindsight (100')	DESC:Using nonvisual senses, such as sensitivity to vibrations, keen smell, acute hearing, or echolocation, you maneuver and fight as well as a sighted creature.	COST:7	SOURCEPAGE:pg.53	BENEFIT:Using nonvisual senses, such as sensitivity to vibrations, keen smell, acute hearing, or echolocation, a drake with blindsight maneuvers and fights as well as a sighted creature. The creature ignores invisibility, darkness, and most kinds of concealment, though the drake must have line of effect to a creature or object to discern that creature or object. The drake usually does not need to make Perception checks to notice creatures within range of its blindsight ability. Blindsight is continuous.

Deal Ability Damage (STR/Su)		KEY:Deal Ability Damage STR (Su) ~ Drake Build Feature		CATEGORY:Special Ability	TYPE:SpecialAttack.Supernatural.AdvancedMechanicalFeature		MULT:YES	STACK:NO	CHOOSE:WEAPONPROFICIENCY|PC[TYPE=Natural]	COST:5	DESC:You deal 1d4 Strength damage with a successful attack with the selected natural weapon(s).		SOURCEPAGE:pg.53	BENEFIT:You deal 1d4 Strength damage with a successful attack with the selected natural weapon(s). This penalty persists for 1d10 rounds. Creatures struck may make a Fortitude save (DC %2) for half damage.|DrakeSpecialAbilityDC
Deal Ability Damage (STR/Ex)		KEY:Deal Ability Damage STR (Su) ~ Drake Build Feature		CATEGORY:Special Ability	TYPE:SpecialAttack.Extraordinary.AdvancedMechanicalFeature		MULT:YES	STACK:NO	CHOOSE:WEAPONPROFICIENCY|PC[TYPE=Natural]	COST:5	DESC:You deal 1d4 Strength damage with a successful attack with the selected natural weapon(s).		SOURCEPAGE:pg.53	BENEFIT:You deal 1d4 Strength damage with a successful attack with the selected natural weapon(s). This penalty persists for 1d10 rounds. Creatures struck may make a Fortitude save (DC %2) for half damage.|DrakeSpecialAbilityDC

Strength 5 pts
Dexterity 5 pts
Constitution 7 pts
Intelligence 4 pts
Wisdom 5 pts
Charisma 4 pts

Constrict							KEY:Constrict ~ Drake Build Feature		CATEGORY:Special Ability	TYPE:SpecialAttack.Extraordinary.Advanced MechanicalFeatures	SERVESAS:ABILITY=Special Ability|Constrict	COST:5	DESC:You can crush an opponent, dealing bludgeoning damage, when you make a successful grapple check.	SOURCEPAGE:pg.53	 BENEFIT:You can crush an opponent, dealing bludgeoning damage, when you make a successful grapple check (in addition to any other effects caused by a successful check, including additional damage). The damage dealt by a constrict attack equals the drake’s bite damage.

Damage Reduction
(Ex or Su)
A drake with this special ability ignores damage as described on page
561 of the Pathfinder RPG Core Rulebook. When choosing vulnerability
from a weapon type, choose bludgeoning, piercing or slashing. When
choosing a material vulnerability, choose from adamantine, cold iron,
or silver. Alignment-based vulnerabilities should be reserved for special
cases that fit thematically for the drake. When choosing alignment
vulnerability, decide between chaotic, evil, good, and lawful. The
feature point costs for each value and type are listed below.
DR/5
Weapon Type 4 pts
Material 4 pts
Magic 4 pts
Alignment 7 pts
DR/10
Weapon Type 6 pts
Material 6 pts
Magic 6 pts
Alignment 12 pts
DR/15
Weapon Type 12 pts
Material 12 pts
Magic 12 pts
Alignment 20 pts
Disease (Ex or Su) 4 pts
A drake with this ability causes disease to those it damages with either
its bite or claws, selected when this ability is chosen. Choose between
bubonic plague, demon fever, devil chills, filth fever, leprosy, or red
ache. The Fortitude DC for this disease equals 10 + 1/2 of the drake’s
racial Hit Dice + the drake’s Con modifier.
Energy Drain (Su) 10 pts
A drake with this ability saps a living opponent’s vital energy with a
claw or bite attack. Each successful energy drain bestows one negative
level, two in the case of a critical hit, and the drake gains 5 temporary
hit points for each level drained. These temporary hit points last for a
maximum of one hour. Negative levels not removed with a spell, such
as restoration, after 24 hours become permanent unless the affected
creature makes a Fortitude save (DC 10 + 1/2 of the drake’s racial Hit
Dice + the drake’s Charisma modifier) for each negative level.
