# CVS $Revision: $ $Author: $ -- Wed Aug 10 23:25:54 2011 -- reformated by prettylst.pl v1.39 (build 15052)
SOURCELONG:Book of Drakes	SOURCESHORT:BoD	SOURCEWEB:http://www.koboldquarterly.com/k/front-page9778.php	SOURCEDATE:2011-06
# Original Entry by: Eric C. Smith

## ------------------------------------------------------------------------------------------------------------------------------------------------------------
## BLOCK: Kits for Specific Drake
## ------------------------------------------------------------------------------------------------------------------------------------------------------------

STARTPACK:Alehouse Drake Default	TYPE:DefaultMonster.Drake	VISIBLE:QUALIFY	EQUIPBUY:0	PREMULT:1,[PRERACE:1,Alehouse Drake],[!PRERACE:1,%]	SOURCEPAGE:p.28
ALIGN:CN
RACE:Drake (Alehouse)	!PRERACE:1,%
NAME:Alehouse Drake
SKILL:Bluff			RANK:3
SKILL:Diplomacy		RANK:2
SKILL:Fly			RANK:1
SKILL:Knowledge (Local)	RANK:3
SKILL:Perception		RANK:4
SKILL:Sense Motive	RANK:4
SKILL:Sleight of Hand	RANK:4
SKILL:Stealth		RANK:3
#FEAT:Ability Focus (Discombobulating Touch ~ Alehouse Drake)
FEAT:Stealthy
STAT:STR=11|DEX=10|CON=11|INT=11|WIS=10|CHA=10

STARTPACK:Ash Drake Default	TYPE:DefaultMonster.Drake	VISIBLE:QUALIFY	EQUIPBUY:0	PREMULT:1,[PRERACE:1,Ash Drake],[!PRERACE:1,%]	SOURCEPAGE:p.30
ALIGN:NE
RACE:Drake (Ash)	!PRERACE:1,%
NAME:Ash Drake
SKILL:Climb				RANK:3
SKILL:Fly				RANK:2
SKILL:Intimidate			RANK:5
SKILL:Knowledge (Arcana)	RANK:2
SKILL:Knowledge (Local)		RANK:2
SKILL:Perception			RANK:6
SKILL:Sense Motive		RANK:2
SKILL:Stealth			RANK:6
SKILL:Survival			RANK:2
FEAT:Dodge
FEAT:Flyby Attack
FEAT:Weapon Focus (Bite)
STAT:STR=10|DEX=11|CON=10|INT=11|WIS=11|CHA=10

STARTPACK:Candle Drake Default	TYPE:DefaultMonster.Drake	VISIBLE:QUALIFY	EQUIPBUY:0	PREMULT:1,[PRERACE:1,Candle Drake],[!PRERACE:1,%]	SOURCEPAGE:p.31
ALIGN:LN
RACE:Drake (Candle)	!PRERACE:1,%
NAME:Candle Drake
SKILL:Appraise		RANK:2
SKILL:Diplomacy		RANK:2
SKILL:Fly			RANK:2
SKILL:Linguistics		RANK:2	SELECTION:Elven,Ignan
SKILL:Perception		RANK:2
SKILL:Sense Motive	RANK:2
SKILL:Spellcraft		RANK:2
SKILL:Stealth		RANK:2
SKILL:Use Magic Device	RANK:2
FEAT:Magical Aptitude
STAT:STR=11|DEX=10|CON=11|INT=10|WIS=11|CHA=10

STARTPACK:Crag Drake Default	TYPE:DefaultMonster.Drake	VISIBLE:QUALIFY	EQUIPBUY:0	PREMULT:1,[PRERACE:1,Crag Drake],[!PRERACE:1,%]	SOURCEPAGE:p.32
ALIGN:NE
RACE:Drake (Crag)	!PRERACE:1,%
NAME:Crag Drake
SKILL:Acrobatics		RANK:10
SKILL:Climb			RANK:10
SKILL:Escape Artist	RANK:10
SKILL:Intimidate		RANK:10
SKILL:Perception		RANK:10
SKILL:Sense Motive	RANK:10
SKILL:Stealth		RANK:10
#FEAT:Ability Focus (Breath Weapon ~ Crag Drake)
FEAT:Improved Critical (Bite)
FEAT:Improved Initiative
FEAT:Power Attack
FEAT:Weapon Focus (Bite)
STAT:STR=11|DEX=10|CON=11|INT=11|WIS=10|CHA=10

STARTPACK:Crimson Drake Default	TYPE:DefaultMonster.Drake	VISIBLE:QUALIFY	EQUIPBUY:0	PREMULT:1,[PRERACE:1,Crimson Drake],[!PRERACE:1,%]	SOURCEPAGE:p.33
ALIGN:CE
RACE:Drake (Crimson)	!PRERACE:1,%
NAME:Crimson Drake
SKILL:Bluff		RANK:4
SKILL:Fly		RANK:4
SKILL:Intimidate	RANK:4
SKILL:Perception	RANK:2
SKILL:Stealth	RANK:4
SKILL:Survival	RANK:2
#FEAT:Ability Focus (Breath Weapon)
FEAT:Weapon Finesse
STAT:STR=10|DEX=10|CON=10|INT=10|WIS=11|CHA=10

STARTPACK:Deep Drake Default	TYPE:DefaultMonster.Drake	VISIBLE:QUALIFY	EQUIPBUY:0	PREMULT:1,[PRERACE:1,Deep Drake],[!PRERACE:1,%]	SOURCEPAGE:p.34
ALIGN:CE
RACE:Drake (Deep)	!PRERACE:1,%
NAME:Deep Drake
SKILL:Bluff				RANK:10
SKILL:Fly				RANK:9
SKILL:Intimidate			RANK:10
SKILL:Knowledge (Arcana)	RANK:1
SKILL:Knowledge (Geography)	RANK:2
SKILL:Knowledge (Nature)	RANK:1
SKILL:Linguistics			RANK:1	SELECTION:Aklo
SKILL:Perception			RANK:10
SKILL:Sense Motive		RANK:6
SKILL:Stealth			RANK:10
SKILL:Survival			RANK:6
FEAT:Dodge
FEAT:Improved Critical (Sting)
FEAT:Mobility
FEAT:Power Attack
FEAT:Spring Attack
FEAT:Weapon Focus (Sting)
STAT:STR=11|DEX=10|CON=11|INT=11|WIS=10|CHA=10

STARTPACK:Dream Drake Default	TYPE:DefaultMonster.Drake	VISIBLE:QUALIFY	EQUIPBUY:0	PREMULT:1,[PRERACE:1,Dream Drake],[!PRERACE:1,%]	SOURCEPAGE:p.35
ALIGN:CN
RACE:Drake (Dream)	!PRERACE:1,%
NAME:Dream Drake
SKILL:Bluff				RANK:5
SKILL:Diplomacy			RANK:9
SKILL:Fly				RANK:2
SKILL:Intimidate			RANK:5
SKILL:Knowledge (Arcana)	RANK:7
SKILL:Knowledge (Nature)	RANK:6
SKILL:Knowledge (Planes)	RANK:7
SKILL:Perception			RANK:9
SKILL:Sense Motive		RANK:9
SKILL:Spellcraft			RANK:4
SKILL:Stealth			RANK:9
FEAT:Dodge
FEAT:Mobility
FEAT:Persuasive
#FEAT:Ability Focus (Breath Weapon)
FEAT:Weapon Focus (Bite)
STAT:STR=10|DEX=11|CON=11|INT=10|WIS=11|CHA=10

STARTPACK:Gear Drake Default	TYPE:DefaultMonster.Drake	VISIBLE:QUALIFY	EQUIPBUY:0	PREMULT:1,[PRERACE:1,Gear Drake],[!PRERACE:1,%]	SOURCEPAGE:p.36
ALIGN:LN
RACE:Drake (Gear)	!PRERACE:1,%
NAME:Gear Drake
SKILL:Appraise			RANK:2
SKILL:TYPE=Craft			RANK:5	COUNT:2
SKILL:Disable Device		RANK:6
SKILL:Knowledge (Engineering)	RANK:5
SKILL:Perception			RANK:6
SKILL:Sense Motive		RANK:2
SKILL:Spellcraft			RANK:4
SKILL:Stealth			RANK:4
SKILL:Use Magic Device		RANK:3
FEAT:Improved Initiative
FEAT:Power Attack
FEAT:Improved Sunder
STAT:STR=10|DEX=11|CON=11|INT=10|WIS=10|CHA=11

STARTPACK:Glass Drake Default	TYPE:DefaultMonster.Drake	VISIBLE:QUALIFY	EQUIPBUY:0	PREMULT:1,[PRERACE:1,Glass Drake],[!PRERACE:1,%]	SOURCEPAGE:p.37
ALIGN:LE
RACE:Drake (Glass)	!PRERACE:1,%
NAME:Glass Drake
SKILL:Bluff				RANK:5
SKILL:Diplomacy			RANK:5
SKILL:Escape Artist		RANK:6
SKILL:Fly				RANK:2
SKILL:Knowledge (Arcana)	RANK:4
SKILL:Perception			RANK:6
SKILL:Sense Motive		RANK:4
SKILL:Spellcraft			RANK:4
SKILL:Stealth			RANK:6
FEAT:Alertness
FEAT:Dodge
FEAT:Flyby Attack
FEAT:Weapon Focus (Bite)
STAT:STR=11|DEX=11|CON=10|INT=11|WIS=10|CHA=10

STARTPACK:Mist Drake Default	TYPE:DefaultMonster.Drake	VISIBLE:QUALIFY	EQUIPBUY:0	PREMULT:1,[PRERACE:1,Mist Drake],[!PRERACE:1,%]	SOURCEPAGE:p.38
ALIGN:NE
RACE:Drake (Mist)	!PRERACE:1,%
NAME:Mist Drake
SKILL:Bluff				RANK:5
SKILL:Diplomacy			RANK:4
SKILL:Escape Artist		RANK:9
SKILL:Intimidate			RANK:5
SKILL:Knowledge (Nature)	RANK:3
SKILL:Knowledge (Planes)	RANK:3
SKILL:Perception			RANK:11
SKILL:Sense Motive		RANK:5
SKILL:Spellcraft			RANK:3
SKILL:Stealth			RANK:11
SKILL:Use Magic Device		RANK:7
#FEAT:Ability Focus (breath weapon)
FEAT:Combat Reflexes
FEAT:Dodge
FEAT:Multiattack
FEAT:Power Attack
FEAT:Weapon Focus (Bite)
STAT:STR=11|DEX=10|CON=10|INT=11|WIS=10|CHA=11

STARTPACK:Moon Drake Default	TYPE:DefaultMonster.Drake	VISIBLE:QUALIFY	EQUIPBUY:0	PREMULT:1,[PRERACE:1,Moon Drake],[!PRERACE:1,%]	SOURCEPAGE:p.39
ALIGN:TN
RACE:Drake (Moon)	!PRERACE:1,%
NAME:Moon Drake
SKILL:Diplomacy			RANK:13
SKILL:Fly				RANK:5
SKILL:Knowledge (Arcana)	RANK:10
SKILL:Knowledge (Geography)	RANK:10
SKILL:Knowledge (Planes)	RANK:10
SKILL:Perception			RANK:13
SKILL:Sense Motive		RANK:13
SKILL:Spellcraft			RANK:13
SKILL:Stealth			RANK:13
SKILL:Survival			RANK:4
FEAT:Alertness
FEAT:Blind-Fight
FEAT:Dodge
FEAT:Flyby Attack
FEAT:Improved Initiative
FEAT:Power Attack
#FEAT:Quicken Spell-Like Ability ~ Ability (Freedom of Movement)
STAT:STR=10|DEX=11|CON=11|INT=11|WIS=10|CHA=11

STARTPACK:Pact Drake Default	TYPE:DefaultMonster.Drake	VISIBLE:QUALIFY	EQUIPBUY:0	PREMULT:1,[PRERACE:1,Pact Drake],[!PRERACE:1,%]	SOURCEPAGE:p.40
ALIGN:LN
RACE:Drake (Pact)	!PRERACE:1,%
NAME:Pact Drake
SKILL:Diplomacy			RANK:12
SKILL:Knowledge (Arcana)	RANK:4
SKILL:Knowledge (Engineering)	RANK:4
SKILL:Knowledge (Geography)	RANK:4
SKILL:Knowledge (History)	RANK:6
SKILL:Knowledge (Local)		RANK:6
SKILL:Knowledge (Nature)	RANK:2
SKILL:Knowledge (Nobility)	RANK:6
SKILL:Knowledge (Planes)	RANK:2
SKILL:Knowledge (Religion)	RANK:4
SKILL:Linguistics			RANK:4
SKILL:Perception			RANK:12
SKILL:Perform (Oratory)		RANK:6
SKILL:Sense Motive		RANK:10
SKILL:Spellcraft			RANK:9
SKILL:Stealth			RANK:8
SKILL:Use Magic Device		RANK:9
#FEAT:Ability Focus (Breath Weapon)
FEAT:Alertness
FEAT:Dodge
FEAT:Improved Initiative
#FEAT:Quicken Spell-Like Ability ~ Ability (Dimension Door)
FEAT:Skill Focus (Sense Motive)
STAT:STR=11|DEX=10|CON=11|INT=11|WIS=10|CHA=10

STARTPACK:Paper Drake Default	TYPE:DefaultMonster.Drake	VISIBLE:QUALIFY	EQUIPBUY:0	PREMULT:1,[PRERACE:1,Paper Drake],[!PRERACE:1,%]	SOURCEPAGE:p.41
ALIGN:TN
RACE:Drake (Paper)	!PRERACE:1,%
NAME:Paper Drake
SKILL:Acrobatics			RANK:2
SKILL:Bluff				RANK:2
SKILL:Diplomacy			RANK:2
SKILL:Escape Artist		RANK:4
SKILL:Knowledge (Arcana)	RANK:2
SKILL:Knowledge (Engineering)	RANK:1
SKILL:Knowledge (History)	RANK:2
SKILL:Knowledge (Planes)	RANK:1
SKILL:Knowledge (Religion)	RANK:1
SKILL:Linguistics			RANK:2	SELECTION:Dwarven,Elven
SKILL:Perception			RANK:4
SKILL:Sense Motive		RANK:1
SKILL:Stealth			RANK:4
FEAT:Improved Initiative
FEAT:Power Attack
#LANGBONUS:Auran|Celestial|Sylvan
STAT:STR=11|DEX=11|CON=10|INT=10|WIS=10|CHA=11

STARTPACK:Plumed Drake Default	TYPE:DefaultMonster.Drake	VISIBLE:QUALIFY	EQUIPBUY:0	PREMULT:1,[PRERACE:1,Plumed Drake],[!PRERACE:1,%]	SOURCEPAGE:p.42
ALIGN:NG
RACE:Drake (Plumed)	!PRERACE:1,%
NAME:Plumed Drake
SKILL:Diplomacy			RANK:14
SKILL:Fly				RANK:5
SKILL:Heal				RANK:5
SKILL:Knowledge (arcana)	RANK:10
SKILL:Knowledge (geography)	RANK:10
SKILL:Knowledge (nature)	RANK:10
SKILL:Perception			RANK:14
SKILL:Sense Motive		RANK:14
SKILL:Spellcraft			RANK:10
SKILL:Survival			RANK:10
SKILL:Use Magic Device		RANK:10
FEAT:Dodge
FEAT:Flyby Attack
FEAT:Hover
FEAT:Improved Critical (bite)
FEAT:Improved Initiative
FEAT:Multiattack
FEAT:Power Attack
LANGBONUS:Celestial
STAT:STR=10|DEX=11|CON=11|INT=11|WIS=10|CHA=10


STARTPACK:Prismatic Drake Default	TYPE:DefaultMonster.Drake	VISIBLE:QUALIFY	EQUIPBUY:0	PREMULT:1,[PRERACE:1,Prismatic Drake],[!PRERACE:1,%]	SOURCEPAGE:p.43
ALIGN:CG
RACE:Drake (Prismatic)	!PRERACE:1,%
NAME:Prismatic Drake
SKILL:Bluff					RANK:12
SKILL:Diplomacy				RANK:12
SKILL:Knowledge (Arcana)		RANK:14
SKILL:Knowledge (Dungeoneering)	RANK:10
SKILL:Knowledge (Planes)		RANK:14
SKILL:Perception				RANK:17
SKILL:Sense Motive			RANK:15
SKILL:Spellcraft				RANK:15
SKILL:Stealth				RANK:15
SKILL:Survival				RANK:12
SKILL:Use Magic Device			RANK:17
FEAT:Alertness
FEAT:Dodge
FEAT:Improved Initiative
FEAT:Mobility
FEAT:Multiattack
FEAT:Power Attack
FEAT:Spring Attack
FEAT:Weapon Finesse
FEAT:Weapon Focus (Bite)
STAT:STR=11|DEX=11|CON=10|INT=10|WIS=11|CHA=10
LANGBONUS:Auran|Celestial|Sylvan

STARTPACK:River Drake Default	TYPE:DefaultMonster.Drake	VISIBLE:QUALIFY	EQUIPBUY:0	PREMULT:1,[PRERACE:1,River Drake],[!PRERACE:1,%]	SOURCEPAGE:p.44
ALIGN:TN
RACE:Drake (River)	!PRERACE:1,%
NAME:River Drake
SKILL:Appraise			RANK:5
SKILL:Bluff				RANK:9
SKILL:Climb				RANK:9
SKILL:Diplomacy			RANK:9
SKILL:Knowledge (geography)	RANK:7
SKILL:Knowledge (nature)	RANK:7
SKILL:Perception			RANK:9
SKILL:Sense Motive		RANK:6
SKILL:Stealth			RANK:9
SKILL:Swim				RANK:2
FEAT:Blind-Fight
FEAT:Combat Reflexes
FEAT:Improved Initiative
FEAT:Power Attack
FEAT:Stealthy
LANGBONUS:Sylvan
STAT:STR=11|DEX=10|CON=11|INT=10|WIS=10|CHA=11

STARTPACK:Sewer Drake Default	TYPE:DefaultMonster.Drake	VISIBLE:QUALIFY	EQUIPBUY:0	PREMULT:1,[PRERACE:1,Sewer Drake],[!PRERACE:1,%]	SOURCEPAGE:p.45
ALIGN:CE
RACE:Drake (Sewer)	!PRERACE:1,%
NAME:Sewer Drake
SKILL:Bluff					RANK:5
SKILL:Climb					RANK:1
SKILL:Escape Artist			RANK:7
SKILL:Knowledge (Dungeoneering)	RANK:3
SKILL:Knowledge (Local)			RANK:3
SKILL:Perception				RANK:7
SKILL:Sense Motive			RANK:3
SKILL:Stealth				RANK:7
SKILL:Survival				RANK:5
SKILL:Swim					RANK:1
FEAT:Multiattack
FEAT:Power Attack
FEAT:Stealthy
FEAT:Weapon Focus (bite)
STAT:STR=10|DEX=11|CON=11|INT=10|WIS=10|CHA=11

STARTPACK:Song Drake Default	TYPE:DefaultMonster.Drake	VISIBLE:QUALIFY	EQUIPBUY:0	PREMULT:1,[PRERACE:1,Song Drake],[!PRERACE:1,%]	SOURCEPAGE:p.46
ALIGN:CN
RACE:Drake (Song)	!PRERACE:1,%
NAME:Song Drake
SKILL:Diplomacy		RANK:5
SKILL:Knowledge (Local)	RANK:5
SKILL:Perception		RANK:5
SKILL:Perform (Oratory)	RANK:5
SKILL:Perform (Sing)	RANK:5
SKILL:Sense Motive	RANK:5
SKILL:Stealth		RANK:5
SKILL:Use Magic Device	RANK:5
#FEAT:Ability Focus (Breath Weapon)
FEAT:Dodge
FEAT:Flyby Attack
STAT:STR=10|DEX=10|CON=11|INT=10|WIS=11|CHA=11

STARTPACK:Steam Drake Default	TYPE:DefaultMonster.Drake	VISIBLE:QUALIFY	EQUIPBUY:0	PREMULT:1,[PRERACE:1,Steam Drake],[!PRERACE:1,%]	SOURCEPAGE:p.47
ALIGN:LN
RACE:Drake (Steam)	!PRERACE:1,%
NAME:Steam Drake
SKILL:Disable Device			RANK:11
SKILL:Escape Artist			RANK:11
SKILL:Intimidate				RANK:5
SKILL:Knowledge (Engineering)		RANK:11
SKILL:Perception				RANK:11
SKILL:Perform (Wind Instruments)	RANK:3
SKILL:Sense Motive			RANK:3
SKILL:Stealth				RANK:11
#FEAT:Ability Focus (Breath Weapon)
FEAT:Alertness
FEAT:Dodge
FEAT:Flyby Attack
FEAT:Power Attack
FEAT:Weapon Finesse
STAT:STR=11|DEX=10|CON=11|INT=10|WIS=10|CHA=11

STARTPACK:Tor Drake Default	TYPE:DefaultMonster.Drake	VISIBLE:QUALIFY	EQUIPBUY:0	PREMULT:1,[PRERACE:1,Tor Drake],[!PRERACE:1,%]	SOURCEPAGE:p.48
ALIGN:TN
RACE:Drake (Tor)	!PRERACE:1,%
NAME:Tor Drake
SKILL:Diplomacy			RANK:6
SKILL:Intimidate			RANK:15
SKILL:Knowledge (History)	RANK:13
SKILL:Knowledge (Religion)	RANK:13
SKILL:Perception			RANK:15
SKILL:Sense Motive		RANK:15
SKILL:Stealth			RANK:10
SKILL:Survival			RANK:3
FEAT:Alertness
FEAT:Great Fortitude
FEAT:Improved Critical (Bite)
FEAT:Multiattack
FEAT:Power Attack
FEAT:Weapon Focus (Bite)
FEAT:Improved Channel
FEAT:Channel Smite
STAT:STR=11|DEX=10|CON=10|INT=11|WIS=11|CHA=10

## ------------------------------------------------------------------------------------------------------------------------------------------------------------
## BLOCK: Kits for Base Drake
## ------------------------------------------------------------------------------------------------------------------------------------------------------------

STARTPACK:Base Drake (Tiny) Default	TYPE:DefaultMonster.Drake	VISIBLE:QUALIFY	EQUIPBUY:0	PREMULT:1,[PRERACE:1,Drake (Base/Tiny)],[!PRERACE:1,%]	SOURCEPAGE:p.50
ALIGN:TN
RACE:Drake (Base/Tiny)	!PRERACE:1,%
NAME:Tiny Drake
SKILL:Bluff		RANK:1
SKILL:Diplomacy		RANK:1
SKILL:Fly		RANK:1
SKILL:Knowledge (Arcana)		RANK:1
SKILL:Knowledge (Nature)		RANK:1
SKILL:Perception		RANK:2
SKILL:Sense Motive		RANK:2
SKILL:Stealth		RANK:2
SKILL:Survival		RANK:1
FEAT:Weapon Finesse
STAT:STR=11|DEX=11|CON=10|INT=10|WIS=11|CHA=11

STARTPACK:Base Drake (Small) Default	TYPE:DefaultMonster.Drake	VISIBLE:QUALIFY	EQUIPBUY:0	PREMULT:1,[PRERACE:1,Drake (Base/Small)],[!PRERACE:1,%]	SOURCEPAGE:p.50
ALIGN:TN
RACE:Drake (Base/Small)	!PRERACE:1,%
NAME:Small Drake
SKILL:Bluff		RANK:3
SKILL:Diplomacy		RANK:3
SKILL:Fly		RANK:1
SKILL:Knowledge (Arcana)		RANK:1
SKILL:Knowledge (Nature)		RANK:1
SKILL:Perception		RANK:3
SKILL:Sense Motive		RANK:3
SKILL:Stealth		RANK:3
FEAT:Alertness
FEAT:Dodge
STAT:STR=11|DEX=10|CON=11|INT=11|WIS=10|CHA=10

STARTPACK:Base Drake (Medium) Default	TYPE:DefaultMonster.Drake	VISIBLE:QUALIFY	EQUIPBUY:0	PREMULT:1,[PRERACE:1,Drake (Base/Medium)],[!PRERACE:1,%]	SOURCEPAGE:p.51
ALIGN:TN
RACE:Drake (Base/Medium)	!PRERACE:1,%
NAME:Medium Drake
SKILL:Bluff		RANK:2
SKILL:Diplomacy		RANK:4
SKILL:Escape Artist		RANK:1
SKILL:Fly		RANK:1
SKILL:Knowledge (Arcana)		RANK:2
SKILL:Knowledge (Nature)		RANK:2
SKILL:Perception		RANK:4
SKILL:Sense Motive		RANK:4
SKILL:Stealth		RANK:4
FEAT:Alertness
FEAT:Dodge
STAT:STR=10|DEX=11|CON=10|INT=11|WIS=10|CHA=11

STARTPACK:Base Drake (Large) Default	TYPE:DefaultMonster.Drake	VISIBLE:QUALIFY	EQUIPBUY:0	PREMULT:1,[PRERACE:1,Drake (Base/Large)],[!PRERACE:1,%]	SOURCEPAGE:p.51
ALIGN:TN
RACE:Drake (Base/Large)	!PRERACE:1,%
NAME:Large Drake
SKILL:Bluff		RANK:3
SKILL:Diplomacy		RANK:5
SKILL:Fly		RANK:1
SKILL:Knowledge (Arcana)		RANK:2
SKILL:Knowledge (Nature)		RANK:2
SKILL:Perception		RANK:5
SKILL:Sense Motive		RANK:5
SKILL:Stealth		RANK:5
SKILL:Survival		RANK:2
FEAT:Alertness
FEAT:Dodge
FEAT:Power Attack
STAT:STR=11|DEX=10|CON=10|INT=11|WIS=10|CHA=11


## ------------------------------------------------------------------------------------------------------------------------------------------------------------
## BLOCK: Kits for Companion Drake
## ------------------------------------------------------------------------------------------------------------------------------------------------------------

STARTPACK:Companion ~ Tiny Drake	TYPE:DefaultMonster.Drake	VISIBLE:QUALIFY	EQUIPBUY:0	PREMULT:1,[PRERACE:1,Companion (Drake (Tiny))],[!PRERACE:1,%]	SOURCEPAGE:p.50
ALIGN:TN
RACE:Companion (Drake (Tiny))	!PRERACE:1,%
NAME:Tiny Drake
SKILL:Bluff		RANK:1
SKILL:Diplomacy		RANK:1
SKILL:Fly		RANK:1
SKILL:Knowledge (Arcana)		RANK:1
SKILL:Knowledge (Nature)		RANK:1
SKILL:Perception		RANK:2
SKILL:Sense Motive		RANK:2
SKILL:Stealth		RANK:2
SKILL:Survival		RANK:1
FEAT:Weapon Finesse
STAT:STR=11|DEX=11|CON=10|INT=10|WIS=11|CHA=11

STARTPACK:Companion ~ Small Drake	TYPE:DefaultMonster.Drake	VISIBLE:QUALIFY	EQUIPBUY:0	PREMULT:1,[PRERACE:1,Companion (Drake (Small))],[!PRERACE:1,%]	SOURCEPAGE:p.50
ALIGN:TN
RACE:Companion (Drake (Small))	!PRERACE:1,%
NAME:Small Drake
SKILL:Bluff		RANK:3
SKILL:Diplomacy		RANK:3
SKILL:Fly		RANK:1
SKILL:Knowledge (Arcana)		RANK:1
SKILL:Knowledge (Nature)		RANK:1
SKILL:Perception		RANK:3
SKILL:Sense Motive		RANK:3
SKILL:Stealth		RANK:3
FEAT:Alertness
FEAT:Dodge
STAT:STR=11|DEX=10|CON=11|INT=11|WIS=10|CHA=10

STARTPACK:Companion ~ Medium Drake	TYPE:DefaultMonster.Drake	VISIBLE:QUALIFY	EQUIPBUY:0	PREMULT:1,[PRERACE:1,Companion (Drake (Medium))],[!PRERACE:1,%]	SOURCEPAGE:p.51
ALIGN:TN
RACE:Companion (Drake (Medium))	!PRERACE:1,%
NAME:Medium Drake
SKILL:Bluff		RANK:2
SKILL:Diplomacy		RANK:4
SKILL:Escape Artist		RANK:1
SKILL:Fly		RANK:1
SKILL:Knowledge (Arcana)		RANK:2
SKILL:Knowledge (Nature)		RANK:2
SKILL:Perception		RANK:4
SKILL:Sense Motive		RANK:4
SKILL:Stealth		RANK:4
FEAT:Alertness
FEAT:Dodge
STAT:STR=10|DEX=11|CON=10|INT=11|WIS=10|CHA=11

STARTPACK:Companion ~ Large Drake	TYPE:DefaultMonster.Drake	VISIBLE:QUALIFY	EQUIPBUY:0	PREMULT:1,[PRERACE:1,Companion (Drake (Large))],[!PRERACE:1,%]	SOURCEPAGE:p.51
ALIGN:TN
RACE:Companion (Drake (Large))	!PRERACE:1,%
NAME:Large Drake
SKILL:Bluff		RANK:3
SKILL:Diplomacy		RANK:5
SKILL:Fly		RANK:1
SKILL:Knowledge (Arcana)		RANK:2
SKILL:Knowledge (Nature)		RANK:2
SKILL:Perception		RANK:5
SKILL:Sense Motive		RANK:5
SKILL:Stealth		RANK:5
SKILL:Survival		RANK:2
FEAT:Alertness
FEAT:Dodge
FEAT:Power Attack
STAT:STR=11|DEX=10|CON=10|INT=11|WIS=10|CHA=11


## ------------------------------------------------------------------------------------------------------------------------------------------------------------
## BLOCK: Kits for Test Character
## ------------------------------------------------------------------------------------------------------------------------------------------------------------

STARTPACK:BoD Test Halfling	TYPE:DefaultMonster.Drake	VISIBLE:QUALIFY	EQUIPBUY:0	PREMULT:1,[PRERACE:1,Halfling],[!PRERACE:1,%]	SOURCEPAGE:p.28
ALIGN:NG
RACE:Halfling	!PRERACE:1,%
NAME:BoD Test Halfling
STAT:STR=15|DEX=15|CON=15|INT=15|WIS=15|CHA=15

##
## EOF
##