SOURCELONG:Book of Drakes	SOURCESHORT:BoD	SOURCEWEB:http://www.koboldquarterly.com/k/front-page9778.php	SOURCEDATE:2011-06
# Original Entry by: Eric C. Smith

###Block:Drake Companion
# Class of the Master	Type				Hit Dice	Bonus CR				Ability																Define					Bonus to Ability Pool					Modify VAR							Main Race Type
FOLLOWER:DrakeLevel=1	TYPE:Drake Companion								ABILITY:Special Ability|AUTOMATIC|Young Drake							DEFINE:MasterLevel|0	BONUS:ABILITYPOOL|Drake Feature|3		BONUS:VAR|MasterLevel|1				RACETYPE:Dragon
FOLLOWER:DrakeLevel=2	TYPE:Drake Companion								ABILITY:Special Ability|AUTOMATIC|Grown Drake													BONUS:ABILITYPOOL|Drake Feature|2		BONUS:VAR|MasterLevel|1
FOLLOWER:DrakeLevel=3	TYPE:Drake Companion	HD:1	BONUS:MISC|CR|1																										BONUS:ABILITYPOOL|Drake Feature|5		BONUS:VAR|MasterLevel|1
FOLLOWER:DrakeLevel=4	TYPE:Drake Companion																																										BONUS:VAR|MasterLevel|1
FOLLOWER:DrakeLevel=5	TYPE:Drake Companion	HD:1	BONUS:MISC|CR|1																										BONUS:ABILITYPOOL|Drake Feature|5		BONUS:VAR|MasterLevel|1
FOLLOWER:DrakeLevel=6	TYPE:Drake Companion																																										BONUS:VAR|MasterLevel|1
FOLLOWER:DrakeLevel=7	TYPE:Drake Companion	HD:1	BONUS:MISC|CR|2																										BONUS:ABILITYPOOL|Drake Feature|10		BONUS:VAR|MasterLevel|1
FOLLOWER:DrakeLevel=8	TYPE:Drake Companion																																										BONUS:VAR|MasterLevel|1
FOLLOWER:DrakeLevel=9	TYPE:Drake Companion	HD:1	BONUS:MISC|CR|2																										BONUS:ABILITYPOOL|Drake Feature|10		BONUS:VAR|MasterLevel|1
FOLLOWER:DrakeLevel=10	TYPE:Drake Companion																																										BONUS:VAR|MasterLevel|1
FOLLOWER:DrakeLevel=11	TYPE:Drake Companion	HD:1	BONUS:MISC|CR|2																										BONUS:ABILITYPOOL|Drake Feature|10		BONUS:VAR|MasterLevel|1
FOLLOWER:DrakeLevel=12	TYPE:Drake Companion																																										BONUS:VAR|MasterLevel|1
FOLLOWER:DrakeLevel=13	TYPE:Drake Companion	HD:1	BONUS:MISC|CR|2																										BONUS:ABILITYPOOL|Drake Feature|10		BONUS:VAR|MasterLevel|1
FOLLOWER:DrakeLevel=14	TYPE:Drake Companion																																										BONUS:VAR|MasterLevel|1
FOLLOWER:DrakeLevel=15	TYPE:Drake Companion	HD:1	BONUS:MISC|CR|2																										BONUS:ABILITYPOOL|Drake Feature|10		BONUS:VAR|MasterLevel|1
FOLLOWER:DrakeLevel=16	TYPE:Drake Companion																																										BONUS:VAR|MasterLevel|1
FOLLOWER:DrakeLevel=17	TYPE:Drake Companion	HD:1																														BONUS:ABILITYPOOL|Drake Feature|10		BONUS:VAR|MasterLevel|1
FOLLOWER:DrakeLevel=18	TYPE:Drake Companion																																										BONUS:VAR|MasterLevel|1
FOLLOWER:DrakeLevel=19	TYPE:Drake Companion	HD:1	BONUS:MISC|CR|2																										BONUS:ABILITYPOOL|Drake Feature|10		BONUS:VAR|MasterLevel|1
FOLLOWER:DrakeLevel=20	TYPE:Drake Companion																																										BONUS:VAR|MasterLevel|1
