#Original Entry by pokemonpasta
#Original Entry date: 5.2.21
SOURCELONG:Advanced Feats: Visions of the Oracle		SOURCESHORT:VOTO

Armed Touch Casting					CATEGORY:FEAT			TYPE:General				PREMULT:3,[PREABILITY:1,CATEGORY=FEAT,Combat Casting],[PRESKILL:1,Spellcraft=9],[PREATT:6]				DESC:You deliver touch spells using a melee weapon.																																										SOURCEPAGE:p.3			BENEFIT:When casting a spell with a range of touch, you may deliver the spell using a melee weapon or unarmed attack as a free action during the same turn. Though there is only one attack roll, the spell does not share the weapon’s critical range or multiplier. Instead, the spell uses the standard profile (critical range 20, ×2 damage). If both spell and weapon threaten a critical, roll each confirmation separately.
Battlecaster						CATEGORY:FEAT			TYPE:General				PREMULT:2,[PREABILITY:1,CATEGORY=FEAT,Combat Casting],[PREATT:6]										DESC:You can cast a spell as part of a full attack.																																										SOURCEPAGE:p.3			BENEFIT:As a full attack action, after making your first attack, you may cast a spell with a casting time of a standard action or less instead of taking any additional attacks. If the spell results in an attack roll, that roll suffers a -5 penalty to hit.
Charmed								CATEGORY:FEAT			TYPE:General																														DESC:You may boost a single dice roll.																																													SOURCEPAGE:p.5			BENEFIT:You may add a +5 bonus to any single die roll after it is made (1/day).
Conditional Curse					CATEGORY:FEAT			TYPE:General				PREABILITY:1,CATEGORY=Special Ability,Oracle's Curse													DESC:Your curse hinders you only about half of the time.			BONUS:ABILITYPOOL|Conditional Curse Pair Selection|1																								SOURCEPAGE:p.5			BENEFIT:When you take the Conditional Curse feat, choose one of the following pairs of conditions: night and day, inside and outside. Then choose one of the two conditions in the pair. When that condition is true, you suffer from your curse, when the other is in effect, you do not suffer from the curse. You retain the benefits from your curse at all times.
Divine Resistance					CATEGORY:FEAT			TYPE:General																														DESC:You are more resistant to divine magic.																																											SOURCEPAGE:p.5			BENEFIT:You get a +4 bonus on all saving throws to resist divine spells and spell-like abilities of creatures with divine caster levels.																																																																																																								ASPECT:SaveBonus|+4 bonus on saving throws vs. divine spells and spell-like abilities.
Elemental Boost						CATEGORY:FEAT			TYPE:General				PREABILITY:1,CATEGORY=FEAT,Spell Focus (Evocation)														DESC:Spells of your chosen element are infused with extra power.	STACK:NO	MULT:YES	CHOOSE:STRING|Acid|Cold|Electricity|Fire|Force|Light|Negative|Other|Positive|Sonic											SOURCEPAGE:p.6			BENEFIT:Choose one of the energy descriptors (acid, cold, electricity, fire, force, light, negative, positive, or sonic). When casting spells or using supernatural abilities with your chosen descriptor, you inflict +1 damage/die rolled. With the GM’s agreement, you can choose a descriptor not in this list. Elemental Boost may be taken multiple times, each time choosing a different energy descriptor. The damage bonus can only be applied 1/dice of damage even if the damage is of multiple energy types for which you have Elemental Boost.				ASPECT:CombatBonus|When casting spells or using supernatural abilities of the %1 descriptor, you inflict +1 damage/die rolled.|%LIST
Extra Use							CATEGORY:FEAT			TYPE:General																														DESC:You can use any class ability an extra 1/day																																										SOURCEPAGE:p.6			BENEFIT:1/day, you may use one of your class abilities without that use counting towards its daily limit of uses.
Magic Sense							CATEGORY:FEAT			TYPE:General																														DESC:You can sense magic energies and identify spells you save against.																																					SOURCEPAGE:p.6			BENEFIT:You can sense the presence of enchanted items or spell effects within 30 ft., identifying which items or areas are magical. In addition, whenever you succeed at a saving throw against a spell, spell-like ability, or supernatural ability, you know what would have happened had you failed your save. This is considered an extraordinary ability. This ability to sense enchanted items or spell effects does not allow you to bypass or reduce the effects of blindness or concealment in combat.
Mystic Retribution					CATEGORY:FEAT			TYPE:General																														DESC:You can zap enemies who interrupt your spellcasting, using residual magic.																																			SOURCEPAGE:p.7			BENEFIT:If your spellcasting is interrupted by a melee attack and your spell is lost, you may make a touch attack (considered armed) as an attack of opportunity against the attacker. This attack deals 1d6 hp force damage/level of the spell lost.
Potent Ability						CATEGORY:FEAT			TYPE:General																														DESC:You add a +1 bonus to the DC of your supernatural and spell-like abilities.			BONUS:DC|ALLSPELLS|1																										SOURCEPAGE:p.7			BENEFIT:Add a +1 bonus to the DC to save against all of your spell-like and supernatural abilities.
Potent Divination					CATEGORY:FEAT			TYPE:General				PRETEXT:Ability to cast a detection spell																DESC:Your detection spells are faster and stronger than normal.																																							SOURCEPAGE:p.7			BENEFIT:When you cast a detection spell (any spell beginning with the word detect), you learn in 1 round what you would normally learn in 3 rounds, the range extends to 120 ft., and the area extends 180 degrees in the direction you are facing.
Preserve Scroll						CATEGORY:FEAT			TYPE:General				PREMULT:2,[PREABILITY:1,CATEGORY=FEAT,Scroll Mastery],[PRESKILL:1,Spellcraft=9]							DESC:You can cast a spell from a scroll without expending it; the writing of the activated spell does not disappear																										SOURCEPAGE:p.8			BENEFIT:When activating a scroll, you may choose to lose two prepared spells or spell slots of the same level to preserve the scroll, so it may be used again in the future. If the spell normally requires material components with a listed cost, you must also provide and use those components to preserve the scroll.
Prophetic Dreamer					CATEGORY:FEAT			TYPE:General				PRETEXT:GM's permission																					DESC:Your dreams sometimes echo the future.																																												SOURCEPAGE:p.8			BENEFIT:Once per session after resting, your GM should inform you of a dream you have had that portends an event that may be in your future. Ideally, this dream could warn you of a possible danger or guide you to a good decision. The dream need not come true but should be a possible or likely moment in your future. These dreams could be symbolic, literal, or a combination of both.
Quick Healing						CATEGORY:FEAT			TYPE:General
Savage Critical						CATEGORY:FEAT			TYPE:General
Scroll Mastery						CATEGORY:FEAT			TYPE:General
Scroll Metamagic					CATEGORY:FEAT			TYPE:General
Somati Weapon						CATEGORY:FEAT			TYPE:General
Spell Retention						CATEGORY:FEAT			TYPE:General
Strange Revelation					CATEGORY:FEAT			TYPE:General
Tactical Spellcasting				CATEGORY:FEAT			TYPE:General
Touch Spell Control					CATEGORY:FEAT			TYPE:General
Two Wand Technique					CATEGORY:FEAT			TYPE:General
Wand Casting						CATEGORY:FEAT			TYPE:General

#Metamagic and Metamagic related
Concentration Spell					CATEGORY:FEAT			TYPE:Metamagic
Dormant Spell						CATEGORY:FEAT			TYPE:Metamagic
Meta Spell							CATEGORY:FEAT			TYPE:General
Penetrating Spell					CATEGORY:FEAT			TYPE:Metamagic
Spiritual Armanents Spell			CATEGORY:FEAT			TYPE:Metamagic
Transfer Spell						CATEGORY:FEAT			TYPE:Metamagic
