
# COMMENT: Broken down for easier review
# COMMENT: EidolonDefault - Set to "1" to disable the APG default Eidolon
# COMMENT: Pool_UnchainedEidolonType - Set to "1" to select the "Subtype" which determines allowed base forms
# COMMENT: EidolonBiped set to "1" allows selecting the Biped form from the selection, this is set to 1 even if the only form will be granted anyways for less confusion
# COMMENT: EidolonQuadruped set to "1" allows selecting the Quadruped form from the selection, this is set to 1 even if the only form will be granted anyways for less confusion
# COMMENT: EidolonSerpentine set to "1" allows selecting the Serpentine form from the selection, this is set to 1 even if the only form will be granted anyways for less confusion
# COMMENT: EidMaxAttacks determines the maximum attacks an Eidolon may have
# COMMENT: EidUsedAttacks determines how many available attacks has been used
# COMMENT: UnchainedEidolonLVL is used by BOTH Master and Eidolon. Eidolon uses it to advance the progression per subtype.
# COMMENT: Pool_UnchainedEidolonEvolution tracks Evolution Points gained from Progression

###Block: Definitions
FOLLOWER:UnchainedEidolonLVL=1	TYPE:Unchained Eidolon	DEFINE:Pool_UnchainedEidolonType|0	
FOLLOWER:UnchainedEidolonLVL=1	TYPE:Unchained Eidolon	DEFINE:EidolonDefault|0
FOLLOWER:UnchainedEidolonLVL=1	TYPE:Unchained Eidolon	DEFINE:EidolonBiped|0
FOLLOWER:UnchainedEidolonLVL=1	TYPE:Unchained Eidolon	DEFINE:EidolonQuadruped|0
FOLLOWER:UnchainedEidolonLVL=1	TYPE:Unchained Eidolon	DEFINE:EidolonSerpentine|0
FOLLOWER:UnchainedEidolonLVL=1	TYPE:Unchained Eidolon	DEFINE:EidMaxAttacks|0
FOLLOWER:UnchainedEidolonLVL=1	TYPE:Unchained Eidolon	DEFINE:EidUsedAttacks|0
FOLLOWER:UnchainedEidolonLVL=1	TYPE:Unchained Eidolon	DEFINE:UnchainedEidolonLVL|0
FOLLOWER:UnchainedEidolonLVL=1	TYPE:Unchained Eidolon	DEFINE:Pool_EidolonSkill|0
FOLLOWER:UnchainedEidolonLVL=1	TYPE:Unchained Eidolon	DEFINE:GrantedDRByEidolonSubtype|0	DEFINE:Pool_UnchainedEidolonEvolution|0
###Block: Definitions Bonused
FOLLOWER:UnchainedEidolonLVL=1	TYPE:Unchained Eidolon	BONUS:VAR|Pool_UnchainedEidolonType|1
FOLLOWER:UnchainedEidolonLVL=1	TYPE:Unchained Eidolon	BONUS:VAR|EidolonDefault|1
FOLLOWER:UnchainedEidolonLVL=1	TYPE:Unchained Eidolon	BONUS:VAR|Pool_EidolonSkill|4
FOLLOWER:UnchainedEidolonLVL=1	TYPE:Unchained Eidolon	BONUS:VAR|UnchainedEidolonLVL|mastervar("UnchainedEidolonLVL")	
###Block: Feature Progression
FOLLOWER:UnchainedEidolonLVL=1	TYPE:Unchained Eidolon	ABILITY:Special Ability|AUTOMATIC|Unchained Eidolon Companion ~ Darkvision			
FOLLOWER:UnchainedEidolonLVL=1	TYPE:Unchained Eidolon	ABILITY:Special Ability|AUTOMATIC|Unchained Eidolon Companion ~ Link				
FOLLOWER:UnchainedEidolonLVL=1	TYPE:Unchained Eidolon	ABILITY:Special Ability|AUTOMATIC|Unchained Eidolon Companion ~ Share Spells			
FOLLOWER:UnchainedEidolonLVL=2	TYPE:Unchained Eidolon	ABILITY:Special Ability|AUTOMATIC|Unchained Eidolon Companion ~ Evasion				
FOLLOWER:UnchainedEidolonLVL=5	TYPE:Unchained Eidolon	ABILITY:Special Ability|AUTOMATIC|Unchained Eidolon Companion ~ Ability Score Increase	
FOLLOWER:UnchainedEidolonLVL=6	TYPE:Unchained Eidolon	ABILITY:Special Ability|AUTOMATIC|Unchained Eidolon Companion ~ Devotion			
FOLLOWER:UnchainedEidolonLVL=9	TYPE:Unchained Eidolon	ABILITY:Special Ability|AUTOMATIC|Unchained Eidolon Companion ~ Multiattack			
FOLLOWER:UnchainedEidolonLVL=14	TYPE:Unchained Eidolon	ABILITY:Special Ability|AUTOMATIC|Unchained Eidolon Companion ~ Improved Evasion		
###Block: HD Progression
FOLLOWER:UnchainedEidolonLVL=2	TYPE:Unchained Eidolon	HD:1
FOLLOWER:UnchainedEidolonLVL=3	TYPE:Unchained Eidolon	HD:1
FOLLOWER:UnchainedEidolonLVL=5	TYPE:Unchained Eidolon	HD:1
FOLLOWER:UnchainedEidolonLVL=6	TYPE:Unchained Eidolon	HD:1
FOLLOWER:UnchainedEidolonLVL=7	TYPE:Unchained Eidolon	HD:1
FOLLOWER:UnchainedEidolonLVL=9	TYPE:Unchained Eidolon	HD:1
FOLLOWER:UnchainedEidolonLVL=10	TYPE:Unchained Eidolon	HD:1
FOLLOWER:UnchainedEidolonLVL=11	TYPE:Unchained Eidolon	HD:1
FOLLOWER:UnchainedEidolonLVL=13	TYPE:Unchained Eidolon	HD:1
FOLLOWER:UnchainedEidolonLVL=14	TYPE:Unchained Eidolon	HD:1
FOLLOWER:UnchainedEidolonLVL=15	TYPE:Unchained Eidolon	HD:1
FOLLOWER:UnchainedEidolonLVL=17	TYPE:Unchained Eidolon	HD:1
FOLLOWER:UnchainedEidolonLVL=18	TYPE:Unchained Eidolon	HD:1
FOLLOWER:UnchainedEidolonLVL=19	TYPE:Unchained Eidolon	HD:1
###Block: AC Progression
FOLLOWER:UnchainedEidolonLVL=2	TYPE:Unchained Eidolon	BONUS:VAR|AC_Natural_Armor|2|TYPE=Base.STACK
FOLLOWER:UnchainedEidolonLVL=5	TYPE:Unchained Eidolon	BONUS:VAR|AC_Natural_Armor|2|TYPE=Base.STACK
FOLLOWER:UnchainedEidolonLVL=7	TYPE:Unchained Eidolon	BONUS:VAR|AC_Natural_Armor|2|TYPE=Base.STACK
FOLLOWER:UnchainedEidolonLVL=10	TYPE:Unchained Eidolon	BONUS:VAR|AC_Natural_Armor|2|TYPE=Base.STACK
FOLLOWER:UnchainedEidolonLVL=12	TYPE:Unchained Eidolon	BONUS:VAR|AC_Natural_Armor|2|TYPE=Base.STACK
FOLLOWER:UnchainedEidolonLVL=15	TYPE:Unchained Eidolon	BONUS:VAR|AC_Natural_Armor|2|TYPE=Base.STACK
FOLLOWER:UnchainedEidolonLVL=17	TYPE:Unchained Eidolon	BONUS:VAR|AC_Natural_Armor|2|TYPE=Base.STACK
FOLLOWER:UnchainedEidolonLVL=20	TYPE:Unchained Eidolon	BONUS:VAR|AC_Natural_Armor|2|TYPE=Base.STACK
###Block: Evolution Pool
FOLLOWER:UnchainedEidolonLVL=1	TYPE:Unchained Eidolon	BONUS:VAR|Pool_UnchainedEidolonEvolution|1
FOLLOWER:UnchainedEidolonLVL=2	TYPE:Unchained Eidolon	BONUS:VAR|Pool_UnchainedEidolonEvolution|1
FOLLOWER:UnchainedEidolonLVL=3	TYPE:Unchained Eidolon	BONUS:VAR|Pool_UnchainedEidolonEvolution|1
FOLLOWER:UnchainedEidolonLVL=5	TYPE:Unchained Eidolon	BONUS:VAR|Pool_UnchainedEidolonEvolution|1
FOLLOWER:UnchainedEidolonLVL=6	TYPE:Unchained Eidolon	BONUS:VAR|Pool_UnchainedEidolonEvolution|1
FOLLOWER:UnchainedEidolonLVL=7	TYPE:Unchained Eidolon	BONUS:VAR|Pool_UnchainedEidolonEvolution|1
FOLLOWER:UnchainedEidolonLVL=9	TYPE:Unchained Eidolon	BONUS:VAR|Pool_UnchainedEidolonEvolution|1
FOLLOWER:UnchainedEidolonLVL=10	TYPE:Unchained Eidolon	BONUS:VAR|Pool_UnchainedEidolonEvolution|1
FOLLOWER:UnchainedEidolonLVL=11	TYPE:Unchained Eidolon	BONUS:VAR|Pool_UnchainedEidolonEvolution|1
FOLLOWER:UnchainedEidolonLVL=13	TYPE:Unchained Eidolon	BONUS:VAR|Pool_UnchainedEidolonEvolution|1
FOLLOWER:UnchainedEidolonLVL=14	TYPE:Unchained Eidolon	BONUS:VAR|Pool_UnchainedEidolonEvolution|1
FOLLOWER:UnchainedEidolonLVL=15	TYPE:Unchained Eidolon	BONUS:VAR|Pool_UnchainedEidolonEvolution|1
FOLLOWER:UnchainedEidolonLVL=17	TYPE:Unchained Eidolon	BONUS:VAR|Pool_UnchainedEidolonEvolution|1
FOLLOWER:UnchainedEidolonLVL=18	TYPE:Unchained Eidolon	BONUS:VAR|Pool_UnchainedEidolonEvolution|1
FOLLOWER:UnchainedEidolonLVL=19	TYPE:Unchained Eidolon	BONUS:VAR|Pool_UnchainedEidolonEvolution|1
###Block: Ability Score Increase
FOLLOWER:UnchainedEidolonLVL=5	TYPE:Unchained Eidolon	BONUS:VAR|Pool_CompanionStatIncrease|1
FOLLOWER:UnchainedEidolonLVL=10	TYPE:Unchained Eidolon	BONUS:VAR|Pool_CompanionStatIncrease|1
FOLLOWER:UnchainedEidolonLVL=15	TYPE:Unchained Eidolon	BONUS:VAR|Pool_CompanionStatIncrease|1
###Block: Str and Dex Progrssion
FOLLOWER:UnchainedEidolonLVL=2	TYPE:Unchained Eidolon	BONUS:STAT|STR|1	BONUS:STAT|DEX|1
FOLLOWER:UnchainedEidolonLVL=5	TYPE:Unchained Eidolon	BONUS:STAT|STR|1	BONUS:STAT|DEX|1
FOLLOWER:UnchainedEidolonLVL=7	TYPE:Unchained Eidolon	BONUS:STAT|STR|1	BONUS:STAT|DEX|1
FOLLOWER:UnchainedEidolonLVL=10	TYPE:Unchained Eidolon	BONUS:STAT|STR|1	BONUS:STAT|DEX|1
FOLLOWER:UnchainedEidolonLVL=12	TYPE:Unchained Eidolon	BONUS:STAT|STR|1	BONUS:STAT|DEX|1
FOLLOWER:UnchainedEidolonLVL=15	TYPE:Unchained Eidolon	BONUS:STAT|STR|1	BONUS:STAT|DEX|1
FOLLOWER:UnchainedEidolonLVL=17	TYPE:Unchained Eidolon	BONUS:STAT|STR|1	BONUS:STAT|DEX|1
FOLLOWER:UnchainedEidolonLVL=20	TYPE:Unchained Eidolon	BONUS:STAT|STR|1	BONUS:STAT|DEX|1
###Block: Maximun Attacks
FOLLOWER:UnchainedEidolonLVL=1	TYPE:Unchained Eidolon	BONUS:VAR|EidMaxAttacks|3
FOLLOWER:UnchainedEidolonLVL=4	TYPE:Unchained Eidolon	BONUS:VAR|EidMaxAttacks|1
FOLLOWER:UnchainedEidolonLVL=9	TYPE:Unchained Eidolon	BONUS:VAR|EidMaxAttacks|1
FOLLOWER:UnchainedEidolonLVL=14	TYPE:Unchained Eidolon	BONUS:VAR|EidMaxAttacks|1
FOLLOWER:UnchainedEidolonLVL=19	TYPE:Unchained Eidolon	BONUS:VAR|EidMaxAttacks|1
